# CMD: CUDA_VISIBLE_DEVICES=2 PYTHONPATH=/home/bong/analog_stress_test/analog-training SEED=3 python NeurIPS-2025/S2-mnist-CNN.py --CUDA 0 --SETTING Analog SGD --RPU EcRam
[2026-05-22 08:44:27,332] Epoch 0 - Training loss: --------   Test Accuracy: 0.1209
[2026-05-22 08:45:26,956] Epoch 1 - Training loss: 0.239128   Test Accuracy: 0.9643
[2026-05-22 08:46:37,890] Epoch 2 - Training loss: 0.147852   Test Accuracy: 0.9199
[2026-05-22 08:47:45,398] Epoch 3 - Training loss: 0.135363   Test Accuracy: 0.9689
[2026-05-22 08:48:48,900] Epoch 4 - Training loss: 0.130053   Test Accuracy: 0.9685
[2026-05-22 08:49:51,639] Epoch 5 - Training loss: 0.122677   Test Accuracy: 0.9542
[2026-05-22 08:50:53,462] Epoch 6 - Training loss: 0.124526   Test Accuracy: 0.9707
[2026-05-22 08:51:54,606] Epoch 7 - Training loss: 0.121501   Test Accuracy: 0.9578
[2026-05-22 08:52:57,745] Epoch 8 - Training loss: 0.123890   Test Accuracy: 0.9719
[2026-05-22 08:54:06,086] Epoch 9 - Training loss: 0.119646   Test Accuracy: 0.9583
[2026-05-22 08:55:09,239] Epoch 10 - Training loss: 0.120364   Test Accuracy: 0.9625
[2026-05-22 08:56:21,403] Epoch 11 - Training loss: 0.116706   Test Accuracy: 0.9687
[2026-05-22 08:57:25,664] Epoch 12 - Training loss: 0.119382   Test Accuracy: 0.9632
[2026-05-22 08:58:40,605] Epoch 13 - Training loss: 0.118432   Test Accuracy: 0.9728
[2026-05-22 08:59:48,470] Epoch 14 - Training loss: 0.117933   Test Accuracy: 0.9709
[2026-05-22 09:01:06,467] Epoch 15 - Training loss: 0.114974   Test Accuracy: 0.9759
[2026-05-22 09:02:05,894] Epoch 16 - Training loss: 0.115755   Test Accuracy: 0.9480
[2026-05-22 09:03:00,534] Epoch 17 - Training loss: 0.118696   Test Accuracy: 0.9651
[2026-05-22 09:03:57,294] Epoch 18 - Training loss: 0.118098   Test Accuracy: 0.9695
[2026-05-22 09:05:03,926] Epoch 19 - Training loss: 0.112805   Test Accuracy: 0.9702
[2026-05-22 09:06:08,815] Epoch 20 - Training loss: 0.112083   Test Accuracy: 0.9689
[2026-05-22 09:07:12,454] Epoch 21 - Training loss: 0.114849   Test Accuracy: 0.9510
[2026-05-22 09:08:13,712] Epoch 22 - Training loss: 0.115449   Test Accuracy: 0.9683
[2026-05-22 09:09:18,040] Epoch 23 - Training loss: 0.118431   Test Accuracy: 0.9645
[2026-05-22 09:10:18,848] Epoch 24 - Training loss: 0.115389   Test Accuracy: 0.9676
[2026-05-22 09:11:28,085] Epoch 25 - Training loss: 0.114902   Test Accuracy: 0.9741
[2026-05-22 09:12:29,002] Epoch 26 - Training loss: 0.112347   Test Accuracy: 0.9707
[2026-05-22 09:13:24,563] Epoch 27 - Training loss: 0.115846   Test Accuracy: 0.9651
[2026-05-22 09:14:25,663] Epoch 28 - Training loss: 0.111106   Test Accuracy: 0.9638
[2026-05-22 09:15:27,372] Epoch 29 - Training loss: 0.111935   Test Accuracy: 0.9595
[2026-05-22 09:16:29,981] Epoch 30 - Training loss: 0.113932   Test Accuracy: 0.9642
aihwkit path:  /home/bong/analog_stress_test/aihwkit-fork/src/aihwkit/__init__.py
NeurIPS-2025/S2-mnist-CNN.py --CUDA 0 --SETTING Analog SGD --RPU EcRam
Using Device:  cuda:0
Logging to file: runs/MNIST-CNN/EcRam/Analog SGD-tau=1/events.out.tfevents.1779407061.user.178446.0

Training Time (s) = 1926.3283619880676
