# CMD: CUDA_VISIBLE_DEVICES=2 PYTHONPATH=/home/bong/analog_stress_test/analog-training SEED=1 python NeurIPS-2025/S2-mnist-CNN.py --CUDA 0 --SETTING Analog SGD --RPU EcRam
[2026-05-22 08:11:46,137] Epoch 0 - Training loss: --------   Test Accuracy: 0.1192
[2026-05-22 08:12:59,543] Epoch 1 - Training loss: 0.250154   Test Accuracy: 0.9590
[2026-05-22 08:14:09,622] Epoch 2 - Training loss: 0.145268   Test Accuracy: 0.9664
[2026-05-22 08:15:25,553] Epoch 3 - Training loss: 0.134719   Test Accuracy: 0.9659
[2026-05-22 08:16:25,342] Epoch 4 - Training loss: 0.129666   Test Accuracy: 0.9566
[2026-05-22 08:17:27,480] Epoch 5 - Training loss: 0.124671   Test Accuracy: 0.9645
[2026-05-22 08:18:32,937] Epoch 6 - Training loss: 0.122261   Test Accuracy: 0.9697
[2026-05-22 08:19:36,214] Epoch 7 - Training loss: 0.119560   Test Accuracy: 0.9724
[2026-05-22 08:20:40,269] Epoch 8 - Training loss: 0.118255   Test Accuracy: 0.9578
[2026-05-22 08:21:42,189] Epoch 9 - Training loss: 0.120415   Test Accuracy: 0.9692
[2026-05-22 08:22:47,061] Epoch 10 - Training loss: 0.117075   Test Accuracy: 0.9689
[2026-05-22 08:24:01,275] Epoch 11 - Training loss: 0.117407   Test Accuracy: 0.9619
[2026-05-22 08:25:02,454] Epoch 12 - Training loss: 0.115698   Test Accuracy: 0.9720
[2026-05-22 08:26:01,915] Epoch 13 - Training loss: 0.116347   Test Accuracy: 0.9568
[2026-05-22 08:27:03,291] Epoch 14 - Training loss: 0.119404   Test Accuracy: 0.9673
[2026-05-22 08:28:15,278] Epoch 15 - Training loss: 0.117297   Test Accuracy: 0.9670
[2026-05-22 08:29:22,960] Epoch 16 - Training loss: 0.116074   Test Accuracy: 0.9674
[2026-05-22 08:30:28,335] Epoch 17 - Training loss: 0.110391   Test Accuracy: 0.9681
[2026-05-22 08:31:43,254] Epoch 18 - Training loss: 0.112835   Test Accuracy: 0.9721
[2026-05-22 08:32:45,946] Epoch 19 - Training loss: 0.116454   Test Accuracy: 0.9643
[2026-05-22 08:33:51,972] Epoch 20 - Training loss: 0.116770   Test Accuracy: 0.9627
[2026-05-22 08:34:55,576] Epoch 21 - Training loss: 0.114525   Test Accuracy: 0.9645
[2026-05-22 08:35:57,359] Epoch 22 - Training loss: 0.114200   Test Accuracy: 0.9623
[2026-05-22 08:37:00,094] Epoch 23 - Training loss: 0.115326   Test Accuracy: 0.9728
[2026-05-22 08:38:05,387] Epoch 24 - Training loss: 0.115727   Test Accuracy: 0.9630
[2026-05-22 08:39:12,090] Epoch 25 - Training loss: 0.111639   Test Accuracy: 0.9349
[2026-05-22 08:40:13,023] Epoch 26 - Training loss: 0.114182   Test Accuracy: 0.9696
[2026-05-22 08:41:24,661] Epoch 27 - Training loss: 0.113527   Test Accuracy: 0.9744
[2026-05-22 08:42:33,785] Epoch 28 - Training loss: 0.110815   Test Accuracy: 0.9743
[2026-05-22 08:43:27,686] Epoch 29 - Training loss: 0.111505   Test Accuracy: 0.9721
[2026-05-22 08:44:17,152] Epoch 30 - Training loss: 0.112399   Test Accuracy: 0.9687
aihwkit path:  /home/bong/analog_stress_test/aihwkit-fork/src/aihwkit/__init__.py
NeurIPS-2025/S2-mnist-CNN.py --CUDA 0 --SETTING Analog SGD --RPU EcRam
Using Device:  cuda:0
Logging to file: runs/MNIST-CNN/EcRam/Analog SGD-tau=1/events.out.tfevents.1779405099.user.177460.0

Training Time (s) = 1955.3568048477173
