# CMD: CUDA_VISIBLE_DEVICES=2 PYTHONPATH=/home/bong/analog_stress_test/analog-training SEED=1 python NeurIPS-2025/S2-mnist-CNN.py --CUDA 0 --SETTING Analog SGD --RPU EcRamMO
[2026-05-22 08:47:42,168] Epoch 0 - Training loss: --------   Test Accuracy: 0.1187
[2026-05-22 08:48:51,156] Epoch 1 - Training loss: 0.288458   Test Accuracy: 0.9540
[2026-05-22 08:49:55,596] Epoch 2 - Training loss: 0.196961   Test Accuracy: 0.9409
[2026-05-22 08:51:08,173] Epoch 3 - Training loss: 0.193565   Test Accuracy: 0.9485
[2026-05-22 08:52:19,905] Epoch 4 - Training loss: 0.188397   Test Accuracy: 0.9462
[2026-05-22 08:53:27,429] Epoch 5 - Training loss: 0.184229   Test Accuracy: 0.9451
[2026-05-22 08:54:30,791] Epoch 6 - Training loss: 0.183330   Test Accuracy: 0.9362
[2026-05-22 08:55:44,464] Epoch 7 - Training loss: 0.185770   Test Accuracy: 0.9498
[2026-05-22 08:56:40,973] Epoch 8 - Training loss: 0.181060   Test Accuracy: 0.9633
[2026-05-22 08:57:41,680] Epoch 9 - Training loss: 0.182270   Test Accuracy: 0.9536
[2026-05-22 08:58:45,109] Epoch 10 - Training loss: 0.178242   Test Accuracy: 0.9599
[2026-05-22 08:59:46,867] Epoch 11 - Training loss: 0.179659   Test Accuracy: 0.9546
[2026-05-22 09:00:49,685] Epoch 12 - Training loss: 0.177329   Test Accuracy: 0.9690
[2026-05-22 09:01:46,246] Epoch 13 - Training loss: 0.183254   Test Accuracy: 0.9355
[2026-05-22 09:02:46,038] Epoch 14 - Training loss: 0.185960   Test Accuracy: 0.9426
[2026-05-22 09:03:44,888] Epoch 15 - Training loss: 0.180878   Test Accuracy: 0.9608
[2026-05-22 09:04:42,753] Epoch 16 - Training loss: 0.177779   Test Accuracy: 0.9369
[2026-05-22 09:05:40,810] Epoch 17 - Training loss: 0.178951   Test Accuracy: 0.9400
[2026-05-22 09:06:46,266] Epoch 18 - Training loss: 0.177094   Test Accuracy: 0.9398
[2026-05-22 09:07:52,658] Epoch 19 - Training loss: 0.177556   Test Accuracy: 0.9598
[2026-05-22 09:08:58,400] Epoch 20 - Training loss: 0.178202   Test Accuracy: 0.9510
[2026-05-22 09:10:07,399] Epoch 21 - Training loss: 0.177755   Test Accuracy: 0.9265
[2026-05-22 09:11:13,260] Epoch 22 - Training loss: 0.184006   Test Accuracy: 0.9531
[2026-05-22 09:12:22,938] Epoch 23 - Training loss: 0.182164   Test Accuracy: 0.9540
[2026-05-22 09:13:28,302] Epoch 24 - Training loss: 0.182215   Test Accuracy: 0.9522
[2026-05-22 09:14:39,105] Epoch 25 - Training loss: 0.184382   Test Accuracy: 0.9442
[2026-05-22 09:15:51,917] Epoch 26 - Training loss: 0.183503   Test Accuracy: 0.9338
[2026-05-22 09:16:53,550] Epoch 27 - Training loss: 0.183814   Test Accuracy: 0.9620
[2026-05-22 09:18:01,999] Epoch 28 - Training loss: 0.178181   Test Accuracy: 0.9443
[2026-05-22 09:19:07,176] Epoch 29 - Training loss: 0.180014   Test Accuracy: 0.9463
[2026-05-22 09:20:12,398] Epoch 30 - Training loss: 0.182065   Test Accuracy: 0.9618
aihwkit path:  /home/bong/analog_stress_test/aihwkit-fork/src/aihwkit/__init__.py
NeurIPS-2025/S2-mnist-CNN.py --CUDA 0 --SETTING Analog SGD --RPU EcRamMO
Using Device:  cuda:0
Logging to file: runs/MNIST-CNN/EcRamMO/Analog SGD-tau=1/events.out.tfevents.1779407256.user.178680.0

Training Time (s) = 1954.139063835144
