# CMD: CUDA_VISIBLE_DEVICES=3 PYTHONPATH=/home/bong/analog_stress_test/analog-training SEED=3 python NeurIPS-2025/S2-mnist-FCN.py --CUDA 0 --SETTING TT-v1 --RPU EcRam
[2026-05-25 12:07:03,503] Epoch 0 - Training loss: --------   Test Accuracy: 0.0953
[2026-05-25 12:07:55,063] Epoch 1 - Training loss: 2.301737   Test Accuracy: 0.1210
[2026-05-25 12:08:48,195] Epoch 2 - Training loss: 1.160169   Test Accuracy: 0.9018
[2026-05-25 12:09:41,639] Epoch 3 - Training loss: 0.264873   Test Accuracy: 0.9374
[2026-05-25 12:10:33,554] Epoch 4 - Training loss: 0.171076   Test Accuracy: 0.9503
[2026-05-25 12:11:25,227] Epoch 5 - Training loss: 0.126416   Test Accuracy: 0.9625
[2026-05-25 12:12:17,477] Epoch 6 - Training loss: 0.099206   Test Accuracy: 0.9649
[2026-05-25 12:13:11,493] Epoch 7 - Training loss: 0.080748   Test Accuracy: 0.9673
[2026-05-25 12:14:03,928] Epoch 8 - Training loss: 0.068233   Test Accuracy: 0.9696
[2026-05-25 12:14:51,148] Epoch 9 - Training loss: 0.058203   Test Accuracy: 0.9688
[2026-05-25 12:15:39,059] Epoch 10 - Training loss: 0.049851   Test Accuracy: 0.9706
[2026-05-25 12:16:33,537] Epoch 11 - Training loss: 0.043573   Test Accuracy: 0.9706
[2026-05-25 12:17:25,893] Epoch 12 - Training loss: 0.036563   Test Accuracy: 0.9711
[2026-05-25 12:18:19,526] Epoch 13 - Training loss: 0.034181   Test Accuracy: 0.9713
[2026-05-25 12:19:18,593] Epoch 14 - Training loss: 0.032044   Test Accuracy: 0.9687
[2026-05-25 12:20:14,018] Epoch 15 - Training loss: 0.025472   Test Accuracy: 0.9726
[2026-05-25 12:21:08,674] Epoch 16 - Training loss: 0.021321   Test Accuracy: 0.9727
[2026-05-25 12:22:06,469] Epoch 17 - Training loss: 0.020249   Test Accuracy: 0.9729
[2026-05-25 12:23:04,582] Epoch 18 - Training loss: 0.017345   Test Accuracy: 0.9731
[2026-05-25 12:24:02,998] Epoch 19 - Training loss: 0.016188   Test Accuracy: 0.9731
[2026-05-25 12:25:01,891] Epoch 20 - Training loss: 0.013516   Test Accuracy: 0.9727
[2026-05-25 12:25:58,304] Epoch 21 - Training loss: 0.012713   Test Accuracy: 0.9740
[2026-05-25 12:26:58,386] Epoch 22 - Training loss: 0.013194   Test Accuracy: 0.9719
[2026-05-25 12:27:53,607] Epoch 23 - Training loss: 0.011030   Test Accuracy: 0.9727
[2026-05-25 12:28:49,668] Epoch 24 - Training loss: 0.010822   Test Accuracy: 0.9717
[2026-05-25 12:29:48,067] Epoch 25 - Training loss: 0.009124   Test Accuracy: 0.9720
[2026-05-25 12:30:41,430] Epoch 26 - Training loss: 0.008588   Test Accuracy: 0.9731
[2026-05-25 12:31:33,801] Epoch 27 - Training loss: 0.008681   Test Accuracy: 0.9740
[2026-05-25 12:32:26,322] Epoch 28 - Training loss: 0.008065   Test Accuracy: 0.9729
[2026-05-25 12:33:22,910] Epoch 29 - Training loss: 0.007354   Test Accuracy: 0.9712
[2026-05-25 12:34:19,983] Epoch 30 - Training loss: 0.006709   Test Accuracy: 0.9706
aihwkit path:  /home/bong/analog_stress_test/aihwkit-fork/src/aihwkit/__init__.py
NeurIPS-2025/S2-mnist-FCN.py --CUDA 0 --SETTING TT-v1 --RPU EcRam
Using Device:  cuda:0
Logging to file: runs/MNIST-FCN/EcRam/TT-v1-tau=1/events.out.tfevents.1779678418.user.588502.0

Training Time (s) = 1639.7615008354187
