# CMD: CUDA_VISIBLE_DEVICES=3 PYTHONPATH=/home/bong/analog_stress_test/analog-training SEED=2 python NeurIPS-2025/S2-mnist-FCN.py --CUDA 0 --SETTING TT-v1 --RPU EcRam
[2026-05-25 12:03:15,207] Epoch 0 - Training loss: --------   Test Accuracy: 0.1009
[2026-05-25 12:04:06,439] Epoch 1 - Training loss: 2.263272   Test Accuracy: 0.5783
[2026-05-25 12:05:01,294] Epoch 2 - Training loss: 0.457959   Test Accuracy: 0.9226
[2026-05-25 12:05:53,256] Epoch 3 - Training loss: 0.213263   Test Accuracy: 0.9468
[2026-05-25 12:06:48,562] Epoch 4 - Training loss: 0.150328   Test Accuracy: 0.9566
[2026-05-25 12:07:38,748] Epoch 5 - Training loss: 0.110608   Test Accuracy: 0.9621
[2026-05-25 12:08:26,493] Epoch 6 - Training loss: 0.087214   Test Accuracy: 0.9664
[2026-05-25 12:09:20,893] Epoch 7 - Training loss: 0.072577   Test Accuracy: 0.9678
[2026-05-25 12:10:13,239] Epoch 8 - Training loss: 0.063447   Test Accuracy: 0.9668
[2026-05-25 12:11:06,291] Epoch 9 - Training loss: 0.055503   Test Accuracy: 0.9700
[2026-05-25 12:11:58,809] Epoch 10 - Training loss: 0.046445   Test Accuracy: 0.9699
[2026-05-25 12:12:54,040] Epoch 11 - Training loss: 0.042981   Test Accuracy: 0.9687
[2026-05-25 12:13:46,154] Epoch 12 - Training loss: 0.036281   Test Accuracy: 0.9707
[2026-05-25 12:14:39,439] Epoch 13 - Training loss: 0.033227   Test Accuracy: 0.9699
[2026-05-25 12:15:36,817] Epoch 14 - Training loss: 0.029863   Test Accuracy: 0.9726
[2026-05-25 12:16:33,534] Epoch 15 - Training loss: 0.026584   Test Accuracy: 0.9706
[2026-05-25 12:17:25,918] Epoch 16 - Training loss: 0.021943   Test Accuracy: 0.9716
[2026-05-25 12:18:19,417] Epoch 17 - Training loss: 0.019941   Test Accuracy: 0.9704
[2026-05-25 12:19:14,745] Epoch 18 - Training loss: 0.017961   Test Accuracy: 0.9713
[2026-05-25 12:20:09,596] Epoch 19 - Training loss: 0.016821   Test Accuracy: 0.9720
[2026-05-25 12:21:04,122] Epoch 20 - Training loss: 0.014404   Test Accuracy: 0.9727
[2026-05-25 12:21:59,859] Epoch 21 - Training loss: 0.013186   Test Accuracy: 0.9739
[2026-05-25 12:22:56,713] Epoch 22 - Training loss: 0.012621   Test Accuracy: 0.9725
[2026-05-25 12:23:53,196] Epoch 23 - Training loss: 0.011357   Test Accuracy: 0.9734
[2026-05-25 12:24:46,082] Epoch 24 - Training loss: 0.010250   Test Accuracy: 0.9737
[2026-05-25 12:25:39,384] Epoch 25 - Training loss: 0.008950   Test Accuracy: 0.9739
[2026-05-25 12:26:36,746] Epoch 26 - Training loss: 0.008592   Test Accuracy: 0.9742
[2026-05-25 12:27:32,321] Epoch 27 - Training loss: 0.007998   Test Accuracy: 0.9720
[2026-05-25 12:28:31,510] Epoch 28 - Training loss: 0.007280   Test Accuracy: 0.9716
[2026-05-25 12:29:30,245] Epoch 29 - Training loss: 0.006502   Test Accuracy: 0.9733
[2026-05-25 12:30:27,427] Epoch 30 - Training loss: 0.006027   Test Accuracy: 0.9755
aihwkit path:  /home/bong/analog_stress_test/aihwkit-fork/src/aihwkit/__init__.py
NeurIPS-2025/S2-mnist-FCN.py --CUDA 0 --SETTING TT-v1 --RPU EcRam
Using Device:  cuda:0
Logging to file: runs/MNIST-FCN/EcRam/TT-v1-tau=1/events.out.tfevents.1779678190.user.587544.0

Training Time (s) = 1635.3330399990082
