# CMD: CUDA_VISIBLE_DEVICES=3 PYTHONPATH=/home/bong/analog_stress_test/analog-training SEED=1 python NeurIPS-2025/S2-mnist-FCN.py --CUDA 0 --SETTING TT-v1 --RPU EcRamMO
[2026-05-25 12:30:37,195] Epoch 0 - Training loss: --------   Test Accuracy: 0.1017
[2026-05-25 12:31:34,984] Epoch 1 - Training loss: 2.294509   Test Accuracy: 0.3081
[2026-05-25 12:32:28,865] Epoch 2 - Training loss: 0.659077   Test Accuracy: 0.9144
[2026-05-25 12:33:15,542] Epoch 3 - Training loss: 0.241426   Test Accuracy: 0.9372
[2026-05-25 12:34:02,508] Epoch 4 - Training loss: 0.159642   Test Accuracy: 0.9546
[2026-05-25 12:34:51,167] Epoch 5 - Training loss: 0.119941   Test Accuracy: 0.9603
[2026-05-25 12:35:44,775] Epoch 6 - Training loss: 0.101123   Test Accuracy: 0.9544
[2026-05-25 12:36:36,383] Epoch 7 - Training loss: 0.161018   Test Accuracy: 0.9198
[2026-05-25 12:37:27,791] Epoch 8 - Training loss: 0.294405   Test Accuracy: 0.8799
[2026-05-25 12:38:20,633] Epoch 9 - Training loss: 0.428167   Test Accuracy: 0.8387
[2026-05-25 12:39:14,225] Epoch 10 - Training loss: 0.561927   Test Accuracy: 0.7981
[2026-05-25 12:40:09,794] Epoch 11 - Training loss: 0.673314   Test Accuracy: 0.7681
[2026-05-25 12:41:06,624] Epoch 12 - Training loss: 0.760801   Test Accuracy: 0.7304
[2026-05-25 12:41:59,842] Epoch 13 - Training loss: 0.832801   Test Accuracy: 0.7037
[2026-05-25 12:42:55,402] Epoch 14 - Training loss: 0.891250   Test Accuracy: 0.6894
[2026-05-25 12:43:51,352] Epoch 15 - Training loss: 0.944092   Test Accuracy: 0.6649
[2026-05-25 12:44:48,262] Epoch 16 - Training loss: 0.977699   Test Accuracy: 0.6577
[2026-05-25 12:45:46,009] Epoch 17 - Training loss: 0.990017   Test Accuracy: 0.6521
[2026-05-25 12:46:43,229] Epoch 18 - Training loss: 0.999363   Test Accuracy: 0.6413
[2026-05-25 12:47:39,512] Epoch 19 - Training loss: 1.016347   Test Accuracy: 0.6381
[2026-05-25 12:48:35,979] Epoch 20 - Training loss: 1.022715   Test Accuracy: 0.6346
[2026-05-25 12:49:38,525] Epoch 21 - Training loss: 1.030438   Test Accuracy: 0.6398
[2026-05-25 12:50:37,435] Epoch 22 - Training loss: 1.037322   Test Accuracy: 0.6282
[2026-05-25 12:51:34,191] Epoch 23 - Training loss: 1.048535   Test Accuracy: 0.6351
[2026-05-25 12:52:31,712] Epoch 24 - Training loss: 1.050458   Test Accuracy: 0.6301
[2026-05-25 12:53:29,797] Epoch 25 - Training loss: 1.056876   Test Accuracy: 0.6224
[2026-05-25 12:54:30,034] Epoch 26 - Training loss: 1.060424   Test Accuracy: 0.6192
[2026-05-25 12:55:34,597] Epoch 27 - Training loss: 1.071294   Test Accuracy: 0.6191
[2026-05-25 12:56:35,642] Epoch 28 - Training loss: 1.073273   Test Accuracy: 0.6240
[2026-05-25 12:57:35,469] Epoch 29 - Training loss: 1.077790   Test Accuracy: 0.6132
[2026-05-25 12:58:26,409] Epoch 30 - Training loss: 1.082139   Test Accuracy: 0.6160
aihwkit path:  /home/bong/analog_stress_test/aihwkit-fork/src/aihwkit/__init__.py
NeurIPS-2025/S2-mnist-FCN.py --CUDA 0 --SETTING TT-v1 --RPU EcRamMO
Using Device:  cuda:0
Logging to file: runs/MNIST-FCN/EcRamMO/TT-v1-tau=1/events.out.tfevents.1779679831.user.590448.0

Training Time (s) = 1672.5406363010406
