# CMD: CUDA_VISIBLE_DEVICES=3 PYTHONPATH=/home/bong/analog_stress_test/analog-training SEED=2 python NeurIPS-2025/S2-mnist-FCN.py --CUDA 0 --SETTING TT-v1 --RPU HfO2
[2026-05-25 11:10:32,262] Epoch 0 - Training loss: --------   Test Accuracy: 0.1057
[2026-05-25 11:11:23,222] Epoch 1 - Training loss: 2.253507   Test Accuracy: 0.3100
[2026-05-25 11:12:22,097] Epoch 2 - Training loss: 1.834261   Test Accuracy: 0.5278
[2026-05-25 11:13:10,883] Epoch 3 - Training loss: 1.443811   Test Accuracy: 0.5832
[2026-05-25 11:14:05,253] Epoch 4 - Training loss: 1.383444   Test Accuracy: 0.6053
[2026-05-25 11:15:01,675] Epoch 5 - Training loss: 1.361917   Test Accuracy: 0.5559
[2026-05-25 11:16:00,787] Epoch 6 - Training loss: 1.439783   Test Accuracy: 0.5734
[2026-05-25 11:16:58,006] Epoch 7 - Training loss: 1.246604   Test Accuracy: 0.6625
[2026-05-25 11:17:56,544] Epoch 8 - Training loss: 1.287620   Test Accuracy: 0.5723
[2026-05-25 11:18:52,605] Epoch 9 - Training loss: 1.191343   Test Accuracy: 0.5390
[2026-05-25 11:19:49,608] Epoch 10 - Training loss: 1.313400   Test Accuracy: 0.6149
[2026-05-25 11:20:44,588] Epoch 11 - Training loss: 1.300603   Test Accuracy: 0.6025
[2026-05-25 11:21:42,142] Epoch 12 - Training loss: 1.264885   Test Accuracy: 0.6388
[2026-05-25 11:22:38,497] Epoch 13 - Training loss: 1.220486   Test Accuracy: 0.5976
[2026-05-25 11:23:36,122] Epoch 14 - Training loss: 1.266748   Test Accuracy: 0.6156
[2026-05-25 11:24:33,398] Epoch 15 - Training loss: 1.254440   Test Accuracy: 0.5950
[2026-05-25 11:25:29,787] Epoch 16 - Training loss: 1.294345   Test Accuracy: 0.6190
[2026-05-25 11:26:29,961] Epoch 17 - Training loss: 1.299428   Test Accuracy: 0.6021
[2026-05-25 11:27:30,239] Epoch 18 - Training loss: 1.321629   Test Accuracy: 0.5943
[2026-05-25 11:28:26,649] Epoch 19 - Training loss: 1.354450   Test Accuracy: 0.5814
[2026-05-25 11:29:24,963] Epoch 20 - Training loss: 1.286671   Test Accuracy: 0.5772
[2026-05-25 11:30:23,048] Epoch 21 - Training loss: 1.296225   Test Accuracy: 0.5579
[2026-05-25 11:31:23,817] Epoch 22 - Training loss: 1.257700   Test Accuracy: 0.5548
[2026-05-25 11:32:21,468] Epoch 23 - Training loss: 1.232078   Test Accuracy: 0.6344
[2026-05-25 11:33:19,894] Epoch 24 - Training loss: 1.260063   Test Accuracy: 0.5496
[2026-05-25 11:34:17,916] Epoch 25 - Training loss: 1.259022   Test Accuracy: 0.6005
[2026-05-25 11:35:13,978] Epoch 26 - Training loss: 1.193374   Test Accuracy: 0.5471
[2026-05-25 11:36:13,451] Epoch 27 - Training loss: 1.196270   Test Accuracy: 0.6510
[2026-05-25 11:37:11,834] Epoch 28 - Training loss: 1.156816   Test Accuracy: 0.6122
[2026-05-25 11:38:11,305] Epoch 29 - Training loss: 1.124693   Test Accuracy: 0.6341
[2026-05-25 11:39:09,898] Epoch 30 - Training loss: 1.184528   Test Accuracy: 0.6220
aihwkit path:  /home/bong/analog_stress_test/aihwkit-fork/src/aihwkit/__init__.py
NeurIPS-2025/S2-mnist-FCN.py --CUDA 0 --SETTING TT-v1 --RPU HfO2
Using Device:  cuda:0
Logging to file: runs/MNIST-FCN/HfO2/TT-v1-tau=1/events.out.tfevents.1779675026.user.582505.0

Training Time (s) = 1720.835764169693
