# CMD: CUDA_VISIBLE_DEVICES=3 PYTHONPATH=/home/bong/analog_stress_test/analog-training SEED=3 python NeurIPS-2025/S2-mnist-FCN.py --CUDA 0 --SETTING TT-v1 --RPU OM
[2026-05-25 13:30:29,203] Epoch 0 - Training loss: --------   Test Accuracy: 0.1093
[2026-05-25 13:31:22,521] Epoch 1 - Training loss: 1.940260   Test Accuracy: 0.6071
[2026-05-25 13:32:14,708] Epoch 2 - Training loss: 1.024450   Test Accuracy: 0.6748
[2026-05-25 13:33:10,330] Epoch 3 - Training loss: 0.884715   Test Accuracy: 0.7432
[2026-05-25 13:34:03,640] Epoch 4 - Training loss: 0.799632   Test Accuracy: 0.7728
[2026-05-25 13:34:57,965] Epoch 5 - Training loss: 0.716684   Test Accuracy: 0.7254
[2026-05-25 13:35:57,759] Epoch 6 - Training loss: 0.726380   Test Accuracy: 0.7759
[2026-05-25 13:36:54,005] Epoch 7 - Training loss: 0.648430   Test Accuracy: 0.7926
[2026-05-25 13:37:49,791] Epoch 8 - Training loss: 0.616912   Test Accuracy: 0.8020
[2026-05-25 13:38:44,359] Epoch 9 - Training loss: 0.594412   Test Accuracy: 0.8244
[2026-05-25 13:39:37,298] Epoch 10 - Training loss: 0.587829   Test Accuracy: 0.8240
[2026-05-25 13:40:35,453] Epoch 11 - Training loss: 0.581845   Test Accuracy: 0.8089
[2026-05-25 13:41:30,844] Epoch 12 - Training loss: 0.557996   Test Accuracy: 0.8393
[2026-05-25 13:42:24,484] Epoch 13 - Training loss: 0.540862   Test Accuracy: 0.8276
[2026-05-25 13:43:18,275] Epoch 14 - Training loss: 0.527843   Test Accuracy: 0.8489
[2026-05-25 13:44:12,052] Epoch 15 - Training loss: 0.522188   Test Accuracy: 0.8457
[2026-05-25 13:45:08,080] Epoch 16 - Training loss: 0.503722   Test Accuracy: 0.8455
[2026-05-25 13:46:03,232] Epoch 17 - Training loss: 0.494367   Test Accuracy: 0.8581
[2026-05-25 13:47:03,472] Epoch 18 - Training loss: 0.498220   Test Accuracy: 0.8398
[2026-05-25 13:48:04,161] Epoch 19 - Training loss: 0.495474   Test Accuracy: 0.8676
[2026-05-25 13:49:04,174] Epoch 20 - Training loss: 0.491019   Test Accuracy: 0.8627
[2026-05-25 13:50:00,209] Epoch 21 - Training loss: 0.480154   Test Accuracy: 0.8607
[2026-05-25 13:50:55,465] Epoch 22 - Training loss: 0.482835   Test Accuracy: 0.8530
[2026-05-25 13:51:52,648] Epoch 23 - Training loss: 0.468296   Test Accuracy: 0.8647
[2026-05-25 13:52:49,670] Epoch 24 - Training loss: 0.477059   Test Accuracy: 0.8473
[2026-05-25 13:53:42,760] Epoch 25 - Training loss: 0.488046   Test Accuracy: 0.8654
[2026-05-25 13:54:34,885] Epoch 26 - Training loss: 0.471069   Test Accuracy: 0.8484
[2026-05-25 13:55:23,063] Epoch 27 - Training loss: 0.470648   Test Accuracy: 0.8667
[2026-05-25 13:56:18,231] Epoch 28 - Training loss: 0.478720   Test Accuracy: 0.8661
[2026-05-25 13:57:10,689] Epoch 29 - Training loss: 0.456279   Test Accuracy: 0.8756
[2026-05-25 13:58:10,597] Epoch 30 - Training loss: 0.458034   Test Accuracy: 0.8593
aihwkit path:  /home/bong/analog_stress_test/aihwkit-fork/src/aihwkit/__init__.py
NeurIPS-2025/S2-mnist-FCN.py --CUDA 0 --SETTING TT-v1 --RPU OM
Using Device:  cuda:0
Logging to file: runs/MNIST-FCN/OM/TT-v1-tau=1/events.out.tfevents.1779683423.user.596787.0

Training Time (s) = 1665.0078163146973
