# CMD: CUDA_VISIBLE_DEVICES=3 PYTHONPATH=/home/bong/analog_stress_test/analog-training SEED=2 python NeurIPS-2025/S2-mnist-FCN.py --CUDA 0 --SETTING TT-v1 --RPU OM
[2026-05-25 13:25:44,714] Epoch 0 - Training loss: --------   Test Accuracy: 0.1008
[2026-05-25 13:26:36,634] Epoch 1 - Training loss: 2.005871   Test Accuracy: 0.6096
[2026-05-25 13:27:29,872] Epoch 2 - Training loss: 0.987092   Test Accuracy: 0.7466
[2026-05-25 13:28:26,533] Epoch 3 - Training loss: 0.799771   Test Accuracy: 0.7465
[2026-05-25 13:29:21,735] Epoch 4 - Training loss: 0.721270   Test Accuracy: 0.7899
[2026-05-25 13:30:14,577] Epoch 5 - Training loss: 0.633100   Test Accuracy: 0.8317
[2026-05-25 13:31:02,385] Epoch 6 - Training loss: 0.615199   Test Accuracy: 0.8076
[2026-05-25 13:31:52,406] Epoch 7 - Training loss: 0.593580   Test Accuracy: 0.8258
[2026-05-25 13:32:47,344] Epoch 8 - Training loss: 0.609350   Test Accuracy: 0.8256
[2026-05-25 13:33:45,378] Epoch 9 - Training loss: 0.594310   Test Accuracy: 0.8296
[2026-05-25 13:34:40,627] Epoch 10 - Training loss: 0.559234   Test Accuracy: 0.7601
[2026-05-25 13:35:37,409] Epoch 11 - Training loss: 0.523894   Test Accuracy: 0.8332
[2026-05-25 13:36:34,039] Epoch 12 - Training loss: 0.521682   Test Accuracy: 0.8081
[2026-05-25 13:37:30,263] Epoch 13 - Training loss: 0.506171   Test Accuracy: 0.8660
[2026-05-25 13:38:23,790] Epoch 14 - Training loss: 0.489583   Test Accuracy: 0.8549
[2026-05-25 13:39:18,263] Epoch 15 - Training loss: 0.479570   Test Accuracy: 0.8444
[2026-05-25 13:40:13,782] Epoch 16 - Training loss: 0.493971   Test Accuracy: 0.8366
[2026-05-25 13:41:10,742] Epoch 17 - Training loss: 0.481395   Test Accuracy: 0.8409
[2026-05-25 13:42:09,569] Epoch 18 - Training loss: 0.491060   Test Accuracy: 0.8522
[2026-05-25 13:43:04,882] Epoch 19 - Training loss: 0.461756   Test Accuracy: 0.8651
[2026-05-25 13:44:00,111] Epoch 20 - Training loss: 0.468591   Test Accuracy: 0.8550
[2026-05-25 13:44:56,466] Epoch 21 - Training loss: 0.476684   Test Accuracy: 0.8566
[2026-05-25 13:45:53,155] Epoch 22 - Training loss: 0.466358   Test Accuracy: 0.8477
[2026-05-25 13:46:52,235] Epoch 23 - Training loss: 0.457807   Test Accuracy: 0.8602
[2026-05-25 13:47:48,288] Epoch 24 - Training loss: 0.477119   Test Accuracy: 0.8444
[2026-05-25 13:48:46,732] Epoch 25 - Training loss: 0.482356   Test Accuracy: 0.8598
[2026-05-25 13:49:43,142] Epoch 26 - Training loss: 0.450608   Test Accuracy: 0.8716
[2026-05-25 13:50:41,541] Epoch 27 - Training loss: 0.460699   Test Accuracy: 0.7824
[2026-05-25 13:51:40,516] Epoch 28 - Training loss: 0.452791   Test Accuracy: 0.8591
[2026-05-25 13:52:38,153] Epoch 29 - Training loss: 0.469004   Test Accuracy: 0.8713
[2026-05-25 13:53:34,410] Epoch 30 - Training loss: 0.452452   Test Accuracy: 0.8538
aihwkit path:  /home/bong/analog_stress_test/aihwkit-fork/src/aihwkit/__init__.py
NeurIPS-2025/S2-mnist-FCN.py --CUDA 0 --SETTING TT-v1 --RPU OM
Using Device:  cuda:0
Logging to file: runs/MNIST-FCN/OM/TT-v1-tau=1/events.out.tfevents.1779683139.user.596338.0

Training Time (s) = 1673.0203518867493
