# CMD: CUDA_VISIBLE_DEVICES=2 PYTHONPATH=/home/bong/analog_stress_test/analog-training SEED=1 python NeurIPS-2025/S2-mnist-CNN.py --CUDA 0 --SETTING Analog SGD --RPU Pow --tau 0.7 --res-gamma 4.0 --res-state 140
[2026-05-25 03:01:02,357] Epoch 0 - Training loss: --------   Test Accuracy: 0.1203
[2026-05-25 03:02:09,477] Epoch 1 - Training loss: 1.903372   Test Accuracy: 0.4791
[2026-05-25 03:03:10,543] Epoch 2 - Training loss: 1.927823   Test Accuracy: 0.4496
[2026-05-25 03:04:19,597] Epoch 3 - Training loss: 1.924185   Test Accuracy: 0.4509
[2026-05-25 03:05:28,837] Epoch 4 - Training loss: 1.876350   Test Accuracy: 0.2343
[2026-05-25 03:06:36,475] Epoch 5 - Training loss: 1.844273   Test Accuracy: 0.3813
[2026-05-25 03:07:48,343] Epoch 6 - Training loss: 1.853603   Test Accuracy: 0.1715
[2026-05-25 03:08:59,937] Epoch 7 - Training loss: 1.860050   Test Accuracy: 0.4685
[2026-05-25 03:10:22,289] Epoch 8 - Training loss: 1.819312   Test Accuracy: 0.3574
[2026-05-25 03:11:50,589] Epoch 9 - Training loss: 1.800949   Test Accuracy: 0.1353
[2026-05-25 03:13:10,632] Epoch 10 - Training loss: 1.793343   Test Accuracy: 0.5180
[2026-05-25 03:14:35,635] Epoch 11 - Training loss: 1.800182   Test Accuracy: 0.4909
[2026-05-25 03:15:56,067] Epoch 12 - Training loss: 1.816264   Test Accuracy: 0.4807
[2026-05-25 03:17:17,986] Epoch 13 - Training loss: 1.788105   Test Accuracy: 0.5314
[2026-05-25 03:18:32,532] Epoch 14 - Training loss: 1.788475   Test Accuracy: 0.4669
[2026-05-25 03:19:50,355] Epoch 15 - Training loss: 1.786911   Test Accuracy: 0.4805
[2026-05-25 03:21:05,673] Epoch 16 - Training loss: 1.783562   Test Accuracy: 0.1231
[2026-05-25 03:22:18,226] Epoch 17 - Training loss: 1.782145   Test Accuracy: 0.5686
[2026-05-25 03:23:32,200] Epoch 18 - Training loss: 1.780255   Test Accuracy: 0.2947
[2026-05-25 03:24:47,950] Epoch 19 - Training loss: 1.784774   Test Accuracy: 0.1295
[2026-05-25 03:26:03,441] Epoch 20 - Training loss: 1.767165   Test Accuracy: 0.3159
[2026-05-25 03:27:23,732] Epoch 21 - Training loss: 1.773443   Test Accuracy: 0.5083
[2026-05-25 03:28:41,506] Epoch 22 - Training loss: 1.795539   Test Accuracy: 0.5037
[2026-05-25 03:29:57,341] Epoch 23 - Training loss: 1.790141   Test Accuracy: 0.4936
[2026-05-25 03:31:16,705] Epoch 24 - Training loss: 1.775731   Test Accuracy: 0.4939
[2026-05-25 03:32:33,028] Epoch 25 - Training loss: 1.775671   Test Accuracy: 0.3808
[2026-05-25 03:33:56,918] Epoch 26 - Training loss: 1.790283   Test Accuracy: 0.5017
[2026-05-25 03:35:18,618] Epoch 27 - Training loss: 1.769368   Test Accuracy: 0.3784
[2026-05-25 03:36:36,853] Epoch 28 - Training loss: 1.762780   Test Accuracy: 0.4624
[2026-05-25 03:37:53,120] Epoch 29 - Training loss: 1.770037   Test Accuracy: 0.2656
[2026-05-25 03:39:05,554] Epoch 30 - Training loss: 1.760911   Test Accuracy: 0.3984
aihwkit path:  /home/bong/analog_stress_test/aihwkit-fork/src/aihwkit/__init__.py
NeurIPS-2025/S2-mnist-CNN.py --CUDA 0 --SETTING Analog SGD --RPU Pow --tau 0.7 --res-gamma 4.0 --res-state 140
Using Device:  cuda:0
Logging to file: runs/MNIST-CNN/Pow-gamma=4.0-state=140/Analog SGD-tau=0.7/events.out.tfevents.1779645656.user.532318.0

Training Time (s) = 2286.9284048080444
