# CMD: CUDA_VISIBLE_DEVICES=2 PYTHONPATH=/home/bong/analog_stress_test/analog-training SEED=2 python NeurIPS-2025/S2-mnist-CNN.py --CUDA 0 --SETTING Analog SGD --RPU Pow --tau 0.7 --res-gamma 2.0 --res-state 140
[2026-05-25 02:29:32,594] Epoch 0 - Training loss: --------   Test Accuracy: 0.1288
[2026-05-25 02:30:32,906] Epoch 1 - Training loss: 1.119525   Test Accuracy: 0.6280
[2026-05-25 02:31:36,245] Epoch 2 - Training loss: 1.057560   Test Accuracy: 0.6074
[2026-05-25 02:32:33,260] Epoch 3 - Training loss: 1.048517   Test Accuracy: 0.6869
[2026-05-25 02:33:42,851] Epoch 4 - Training loss: 1.038980   Test Accuracy: 0.5622
[2026-05-25 02:34:38,984] Epoch 5 - Training loss: 1.044184   Test Accuracy: 0.7004
[2026-05-25 02:35:46,707] Epoch 6 - Training loss: 1.038429   Test Accuracy: 0.7523
[2026-05-25 02:36:47,924] Epoch 7 - Training loss: 1.045795   Test Accuracy: 0.7531
[2026-05-25 02:37:38,819] Epoch 8 - Training loss: 1.039416   Test Accuracy: 0.6990
[2026-05-25 02:38:39,607] Epoch 9 - Training loss: 1.043168   Test Accuracy: 0.5824
[2026-05-25 02:39:44,015] Epoch 10 - Training loss: 1.042462   Test Accuracy: 0.5848
[2026-05-25 02:40:57,188] Epoch 11 - Training loss: 1.033723   Test Accuracy: 0.6716
[2026-05-25 02:42:01,925] Epoch 12 - Training loss: 1.037303   Test Accuracy: 0.6486
[2026-05-25 02:43:07,167] Epoch 13 - Training loss: 1.041136   Test Accuracy: 0.5655
[2026-05-25 02:44:05,480] Epoch 14 - Training loss: 1.043417   Test Accuracy: 0.6060
[2026-05-25 02:45:06,025] Epoch 15 - Training loss: 1.031541   Test Accuracy: 0.5063
[2026-05-25 02:46:10,210] Epoch 16 - Training loss: 1.043687   Test Accuracy: 0.6887
[2026-05-25 02:47:13,268] Epoch 17 - Training loss: 1.030780   Test Accuracy: 0.7806
[2026-05-25 02:48:19,321] Epoch 18 - Training loss: 1.044758   Test Accuracy: 0.7337
[2026-05-25 02:49:24,367] Epoch 19 - Training loss: 1.043522   Test Accuracy: 0.7720
[2026-05-25 02:50:33,480] Epoch 20 - Training loss: 1.039851   Test Accuracy: 0.7229
[2026-05-25 02:51:34,147] Epoch 21 - Training loss: 1.039758   Test Accuracy: 0.6185
[2026-05-25 02:52:41,627] Epoch 22 - Training loss: 1.050791   Test Accuracy: 0.6260
[2026-05-25 02:53:47,787] Epoch 23 - Training loss: 1.050457   Test Accuracy: 0.6922
[2026-05-25 02:54:41,159] Epoch 24 - Training loss: 1.047190   Test Accuracy: 0.4351
[2026-05-25 02:55:29,619] Epoch 25 - Training loss: 1.051621   Test Accuracy: 0.7121
[2026-05-25 02:56:29,021] Epoch 26 - Training loss: 1.058361   Test Accuracy: 0.6095
[2026-05-25 02:57:29,181] Epoch 27 - Training loss: 1.053389   Test Accuracy: 0.5522
[2026-05-25 02:58:40,335] Epoch 28 - Training loss: 1.046244   Test Accuracy: 0.6507
[2026-05-25 02:59:49,430] Epoch 29 - Training loss: 1.048616   Test Accuracy: 0.6117
[2026-05-25 03:00:52,903] Epoch 30 - Training loss: 1.051273   Test Accuracy: 0.7514
aihwkit path:  /home/bong/analog_stress_test/aihwkit-fork/src/aihwkit/__init__.py
NeurIPS-2025/S2-mnist-CNN.py --CUDA 0 --SETTING Analog SGD --RPU Pow --tau 0.7 --res-gamma 2.0 --res-state 140
Using Device:  cuda:0
Logging to file: runs/MNIST-CNN/Pow-gamma=2.0-state=140/Analog SGD-tau=0.7/events.out.tfevents.1779643766.user.529193.0

Training Time (s) = 1883.9990515708923
