# CMD: CUDA_VISIBLE_DEVICES=2 PYTHONPATH=/home/bong/analog_stress_test/analog-training SEED=2 python NeurIPS-2025/S2-mnist-CNN.py --CUDA 0 --SETTING Analog SGD --RPU Pow --tau 0.7 --res-gamma 0.5 --res-state 140
[2026-05-25 00:52:42,624] Epoch 0 - Training loss: --------   Test Accuracy: 0.1317
[2026-05-25 00:53:54,223] Epoch 1 - Training loss: 0.456142   Test Accuracy: 0.8742
[2026-05-25 00:54:56,249] Epoch 2 - Training loss: 0.368159   Test Accuracy: 0.9101
[2026-05-25 00:55:50,911] Epoch 3 - Training loss: 0.357868   Test Accuracy: 0.9097
[2026-05-25 00:56:53,862] Epoch 4 - Training loss: 0.356626   Test Accuracy: 0.9014
[2026-05-25 00:57:59,038] Epoch 5 - Training loss: 0.360956   Test Accuracy: 0.8787
[2026-05-25 00:59:04,776] Epoch 6 - Training loss: 0.352478   Test Accuracy: 0.9245
[2026-05-25 01:00:07,516] Epoch 7 - Training loss: 0.354823   Test Accuracy: 0.9292
[2026-05-25 01:01:10,696] Epoch 8 - Training loss: 0.361840   Test Accuracy: 0.9173
[2026-05-25 01:02:23,262] Epoch 9 - Training loss: 0.359875   Test Accuracy: 0.9103
[2026-05-25 01:03:26,074] Epoch 10 - Training loss: 0.360221   Test Accuracy: 0.8519
[2026-05-25 01:04:35,455] Epoch 11 - Training loss: 0.357682   Test Accuracy: 0.9244
[2026-05-25 01:05:40,037] Epoch 12 - Training loss: 0.363351   Test Accuracy: 0.8174
[2026-05-25 01:06:39,522] Epoch 13 - Training loss: 0.362498   Test Accuracy: 0.9263
[2026-05-25 01:07:51,837] Epoch 14 - Training loss: 0.361797   Test Accuracy: 0.9031
[2026-05-25 01:08:55,056] Epoch 15 - Training loss: 0.361278   Test Accuracy: 0.8899
[2026-05-25 01:10:01,019] Epoch 16 - Training loss: 0.362797   Test Accuracy: 0.9194
[2026-05-25 01:11:00,036] Epoch 17 - Training loss: 0.358116   Test Accuracy: 0.8573
[2026-05-25 01:12:02,563] Epoch 18 - Training loss: 0.354805   Test Accuracy: 0.9158
[2026-05-25 01:13:03,883] Epoch 19 - Training loss: 0.349037   Test Accuracy: 0.9096
[2026-05-25 01:14:12,530] Epoch 20 - Training loss: 0.368908   Test Accuracy: 0.8821
[2026-05-25 01:15:03,760] Epoch 21 - Training loss: 0.370374   Test Accuracy: 0.8729
[2026-05-25 01:16:00,207] Epoch 22 - Training loss: 0.359241   Test Accuracy: 0.8811
[2026-05-25 01:17:05,554] Epoch 23 - Training loss: 0.355534   Test Accuracy: 0.8936
[2026-05-25 01:18:09,394] Epoch 24 - Training loss: 0.349545   Test Accuracy: 0.9083
[2026-05-25 01:19:10,778] Epoch 25 - Training loss: 0.356848   Test Accuracy: 0.9157
[2026-05-25 01:20:14,385] Epoch 26 - Training loss: 0.351133   Test Accuracy: 0.9211
[2026-05-25 01:21:22,531] Epoch 27 - Training loss: 0.347055   Test Accuracy: 0.9100
[2026-05-25 01:22:22,812] Epoch 28 - Training loss: 0.355939   Test Accuracy: 0.8841
[2026-05-25 01:23:32,247] Epoch 29 - Training loss: 0.351624   Test Accuracy: 0.9179
[2026-05-25 01:24:35,763] Epoch 30 - Training loss: 0.344439   Test Accuracy: 0.9135
aihwkit path:  /home/bong/analog_stress_test/aihwkit-fork/src/aihwkit/__init__.py
NeurIPS-2025/S2-mnist-CNN.py --CUDA 0 --SETTING Analog SGD --RPU Pow --tau 0.7 --res-gamma 0.5 --res-state 140
Using Device:  cuda:0
Logging to file: runs/MNIST-CNN/Pow-gamma=0.5-state=140/Analog SGD-tau=0.7/events.out.tfevents.1779637956.user.519417.0

Training Time (s) = 1916.847713470459
