# CMD: CUDA_VISIBLE_DEVICES=2 PYTHONPATH=/home/bong/analog_stress_test/analog-training SEED=1 python NeurIPS-2025/S2-mnist-CNN.py --CUDA 0 --SETTING Analog SGD --RPU Pow --tau 0.7 --res-gamma 0.1 --res-state 140
[2026-05-24 23:45:35,087] Epoch 0 - Training loss: --------   Test Accuracy: 0.1151
[2026-05-24 23:46:44,441] Epoch 1 - Training loss: 0.340714   Test Accuracy: 0.9362
[2026-05-24 23:48:02,082] Epoch 2 - Training loss: 0.206166   Test Accuracy: 0.9065
[2026-05-24 23:49:15,980] Epoch 3 - Training loss: 0.191297   Test Accuracy: 0.9577
[2026-05-24 23:50:26,069] Epoch 4 - Training loss: 0.207117   Test Accuracy: 0.9049
[2026-05-24 23:51:35,759] Epoch 5 - Training loss: 0.246205   Test Accuracy: 0.9565
[2026-05-24 23:52:41,971] Epoch 6 - Training loss: 0.206538   Test Accuracy: 0.8790
[2026-05-24 23:53:48,385] Epoch 7 - Training loss: 0.359917   Test Accuracy: 0.8964
[2026-05-24 23:54:57,906] Epoch 8 - Training loss: 0.252850   Test Accuracy: 0.9414
[2026-05-24 23:56:05,185] Epoch 9 - Training loss: 0.317579   Test Accuracy: 0.9159
[2026-05-24 23:57:16,162] Epoch 10 - Training loss: 0.247132   Test Accuracy: 0.9020
[2026-05-24 23:58:24,616] Epoch 11 - Training loss: 0.321763   Test Accuracy: 0.9467
[2026-05-24 23:59:29,404] Epoch 12 - Training loss: 0.191001   Test Accuracy: 0.9237
[2026-05-25 00:00:33,659] Epoch 13 - Training loss: 0.418487   Test Accuracy: 0.8281
[2026-05-25 00:01:49,499] Epoch 14 - Training loss: 0.427850   Test Accuracy: 0.9013
[2026-05-25 00:02:53,579] Epoch 15 - Training loss: 0.611698   Test Accuracy: 0.7032
[2026-05-25 00:03:53,074] Epoch 16 - Training loss: 0.543492   Test Accuracy: 0.5576
[2026-05-25 00:04:51,589] Epoch 17 - Training loss: 0.874681   Test Accuracy: 0.8097
[2026-05-25 00:06:05,432] Epoch 18 - Training loss: 0.844982   Test Accuracy: 0.6551
[2026-05-25 00:07:11,785] Epoch 19 - Training loss: 0.903004   Test Accuracy: 0.8139
[2026-05-25 00:08:14,109] Epoch 20 - Training loss: 0.825680   Test Accuracy: 0.8550
[2026-05-25 00:09:20,475] Epoch 21 - Training loss: 1.501978   Test Accuracy: 0.4959
[2026-05-25 00:10:31,560] Epoch 22 - Training loss: 1.103022   Test Accuracy: 0.7604
[2026-05-25 00:11:39,053] Epoch 23 - Training loss: 0.806130   Test Accuracy: 0.8172
[2026-05-25 00:12:47,442] Epoch 24 - Training loss: 0.783886   Test Accuracy: 0.7298
[2026-05-25 00:13:54,164] Epoch 25 - Training loss: 1.016574   Test Accuracy: 0.7887
[2026-05-25 00:15:02,336] Epoch 26 - Training loss: 0.831982   Test Accuracy: 0.7950
[2026-05-25 00:16:16,476] Epoch 27 - Training loss: 0.794977   Test Accuracy: 0.7412
[2026-05-25 00:17:27,482] Epoch 28 - Training loss: 0.809815   Test Accuracy: 0.8433
[2026-05-25 00:18:37,965] Epoch 29 - Training loss: 1.190440   Test Accuracy: 0.7550
[2026-05-25 00:19:48,995] Epoch 30 - Training loss: 1.006252   Test Accuracy: 0.8056
aihwkit path:  /home/bong/analog_stress_test/aihwkit-fork/src/aihwkit/__init__.py
NeurIPS-2025/S2-mnist-CNN.py --CUDA 0 --SETTING Analog SGD --RPU Pow --tau 0.7 --res-gamma 0.1 --res-state 140
Using Device:  cuda:0
Logging to file: runs/MNIST-CNN/Pow-gamma=0.1-state=140/Analog SGD-tau=0.7/events.out.tfevents.1779633928.user.513005.0

Training Time (s) = 2058.4387743473053
