# CMD: CUDA_VISIBLE_DEVICES=2 PYTHONPATH=/home/bong/analog_stress_test/analog-training SEED=1 python NeurIPS-2025/S2-mnist-CNN.py --CUDA 0 --SETTING Analog SGD --RPU Pow --tau 0.7 --res-gamma 0.5 --res-state 140
[2026-05-25 00:24:37,056] Epoch 0 - Training loss: --------   Test Accuracy: 0.1184
[2026-05-25 00:25:40,933] Epoch 1 - Training loss: 0.467065   Test Accuracy: 0.9045
[2026-05-25 00:26:52,426] Epoch 2 - Training loss: 0.375994   Test Accuracy: 0.8852
[2026-05-25 00:27:56,271] Epoch 3 - Training loss: 0.361887   Test Accuracy: 0.9075
[2026-05-25 00:29:04,132] Epoch 4 - Training loss: 0.363872   Test Accuracy: 0.9229
[2026-05-25 00:30:11,179] Epoch 5 - Training loss: 0.351072   Test Accuracy: 0.8746
[2026-05-25 00:31:15,098] Epoch 6 - Training loss: 0.363814   Test Accuracy: 0.8029
[2026-05-25 00:32:30,706] Epoch 7 - Training loss: 0.353430   Test Accuracy: 0.9061
[2026-05-25 00:33:31,032] Epoch 8 - Training loss: 0.369406   Test Accuracy: 0.9198
[2026-05-25 00:34:34,534] Epoch 9 - Training loss: 0.347335   Test Accuracy: 0.9212
[2026-05-25 00:35:33,486] Epoch 10 - Training loss: 0.354222   Test Accuracy: 0.9158
[2026-05-25 00:36:37,657] Epoch 11 - Training loss: 0.355452   Test Accuracy: 0.8525
[2026-05-25 00:37:37,649] Epoch 12 - Training loss: 0.349806   Test Accuracy: 0.9148
[2026-05-25 00:38:44,066] Epoch 13 - Training loss: 0.349594   Test Accuracy: 0.8962
[2026-05-25 00:39:46,953] Epoch 14 - Training loss: 0.359529   Test Accuracy: 0.9054
[2026-05-25 00:40:48,617] Epoch 15 - Training loss: 0.351859   Test Accuracy: 0.8897
[2026-05-25 00:41:54,607] Epoch 16 - Training loss: 0.356539   Test Accuracy: 0.8239
[2026-05-25 00:43:04,609] Epoch 17 - Training loss: 0.349501   Test Accuracy: 0.9049
[2026-05-25 00:44:00,594] Epoch 18 - Training loss: 0.350443   Test Accuracy: 0.8984
[2026-05-25 00:44:53,158] Epoch 19 - Training loss: 0.361629   Test Accuracy: 0.8825
[2026-05-25 00:45:55,849] Epoch 20 - Training loss: 0.360262   Test Accuracy: 0.9019
[2026-05-25 00:46:55,676] Epoch 21 - Training loss: 0.352009   Test Accuracy: 0.8960
[2026-05-25 00:47:57,659] Epoch 22 - Training loss: 0.343878   Test Accuracy: 0.8800
[2026-05-25 00:48:59,434] Epoch 23 - Training loss: 0.353385   Test Accuracy: 0.9079
[2026-05-25 00:49:59,766] Epoch 24 - Training loss: 0.355809   Test Accuracy: 0.8915
[2026-05-25 00:51:02,368] Epoch 25 - Training loss: 0.345669   Test Accuracy: 0.8983
[2026-05-25 00:52:03,174] Epoch 26 - Training loss: 0.354984   Test Accuracy: 0.9329
[2026-05-25 00:53:00,728] Epoch 27 - Training loss: 0.356739   Test Accuracy: 0.9104
[2026-05-25 00:54:04,032] Epoch 28 - Training loss: 0.364772   Test Accuracy: 0.8579
[2026-05-25 00:55:08,822] Epoch 29 - Training loss: 0.359113   Test Accuracy: 0.9046
[2026-05-25 00:56:11,821] Epoch 30 - Training loss: 0.360310   Test Accuracy: 0.8986
aihwkit path:  /home/bong/analog_stress_test/aihwkit-fork/src/aihwkit/__init__.py
NeurIPS-2025/S2-mnist-CNN.py --CUDA 0 --SETTING Analog SGD --RPU Pow --tau 0.7 --res-gamma 0.5 --res-state 140
Using Device:  cuda:0
Logging to file: runs/MNIST-CNN/Pow-gamma=0.5-state=140/Analog SGD-tau=0.7/events.out.tfevents.1779636271.user.516961.0

Training Time (s) = 1898.6847925186157
