# CMD: CUDA_VISIBLE_DEVICES=2 PYTHONPATH=/home/bong/analog_stress_test/analog-training SEED=2 python NeurIPS-2025/S2-mnist-CNN.py --CUDA 0 --SETTING Analog SGD --RPU Pow --tau 0.7 --res-gamma 1.0 --res-state 140
[2026-05-25 01:28:45,144] Epoch 0 - Training loss: --------   Test Accuracy: 0.1316
[2026-05-25 01:29:49,795] Epoch 1 - Training loss: 0.667631   Test Accuracy: 0.7875
[2026-05-25 01:30:58,151] Epoch 2 - Training loss: 0.604347   Test Accuracy: 0.7182
[2026-05-25 01:31:58,456] Epoch 3 - Training loss: 0.594383   Test Accuracy: 0.8725
[2026-05-25 01:33:00,554] Epoch 4 - Training loss: 0.589688   Test Accuracy: 0.8345
[2026-05-25 01:34:12,418] Epoch 5 - Training loss: 0.591772   Test Accuracy: 0.8519
[2026-05-25 01:35:25,912] Epoch 6 - Training loss: 0.598272   Test Accuracy: 0.8614
[2026-05-25 01:36:28,202] Epoch 7 - Training loss: 0.604718   Test Accuracy: 0.8553
[2026-05-25 01:37:29,166] Epoch 8 - Training loss: 0.609057   Test Accuracy: 0.8704
[2026-05-25 01:38:33,792] Epoch 9 - Training loss: 0.600049   Test Accuracy: 0.7787
[2026-05-25 01:39:34,656] Epoch 10 - Training loss: 0.605539   Test Accuracy: 0.8474
[2026-05-25 01:40:46,502] Epoch 11 - Training loss: 0.608989   Test Accuracy: 0.8458
[2026-05-25 01:41:55,291] Epoch 12 - Training loss: 0.603619   Test Accuracy: 0.7197
[2026-05-25 01:43:01,433] Epoch 13 - Training loss: 0.608501   Test Accuracy: 0.8394
[2026-05-25 01:44:08,415] Epoch 14 - Training loss: 0.605195   Test Accuracy: 0.8467
[2026-05-25 01:45:16,969] Epoch 15 - Training loss: 0.605717   Test Accuracy: 0.8543
[2026-05-25 01:46:23,151] Epoch 16 - Training loss: 0.612510   Test Accuracy: 0.8940
[2026-05-25 01:47:26,046] Epoch 17 - Training loss: 0.596965   Test Accuracy: 0.8360
[2026-05-25 01:48:31,859] Epoch 18 - Training loss: 0.603401   Test Accuracy: 0.8432
[2026-05-25 01:49:37,897] Epoch 19 - Training loss: 0.606563   Test Accuracy: 0.8668
[2026-05-25 01:50:43,929] Epoch 20 - Training loss: 0.610806   Test Accuracy: 0.8325
[2026-05-25 01:51:45,091] Epoch 21 - Training loss: 0.609439   Test Accuracy: 0.6924
[2026-05-25 01:52:52,518] Epoch 22 - Training loss: 0.614627   Test Accuracy: 0.8077
[2026-05-25 01:54:08,029] Epoch 23 - Training loss: 0.612588   Test Accuracy: 0.7961
[2026-05-25 01:55:16,057] Epoch 24 - Training loss: 0.628745   Test Accuracy: 0.7620
[2026-05-25 01:56:20,287] Epoch 25 - Training loss: 0.622767   Test Accuracy: 0.7431
[2026-05-25 01:57:22,867] Epoch 26 - Training loss: 0.613815   Test Accuracy: 0.7796
[2026-05-25 01:58:37,846] Epoch 27 - Training loss: 0.597071   Test Accuracy: 0.8367
[2026-05-25 01:59:41,365] Epoch 28 - Training loss: 0.604853   Test Accuracy: 0.6586
[2026-05-25 02:00:44,323] Epoch 29 - Training loss: 0.611250   Test Accuracy: 0.8616
[2026-05-25 02:01:53,332] Epoch 30 - Training loss: 0.613312   Test Accuracy: 0.8810
aihwkit path:  /home/bong/analog_stress_test/aihwkit-fork/src/aihwkit/__init__.py
NeurIPS-2025/S2-mnist-CNN.py --CUDA 0 --SETTING Analog SGD --RPU Pow --tau 0.7 --res-gamma 1.0 --res-state 140
Using Device:  cuda:0
Logging to file: runs/MNIST-CNN/Pow-gamma=1.0-state=140/Analog SGD-tau=0.7/events.out.tfevents.1779640119.user.523225.0

Training Time (s) = 1992.0857965946198
