# CMD: CUDA_VISIBLE_DEVICES=2 PYTHONPATH=/home/bong/analog_stress_test/analog-training SEED=3 python NeurIPS-2025/S2-mnist-CNN.py --CUDA 0 --SETTING Analog SGD --RPU Pow --tau 0.7 --res-gamma 0.1 --res-state 140
[2026-05-25 00:19:58,715] Epoch 0 - Training loss: --------   Test Accuracy: 0.1276
[2026-05-25 00:21:05,536] Epoch 1 - Training loss: 0.279091   Test Accuracy: 0.9516
[2026-05-25 00:22:15,115] Epoch 2 - Training loss: 0.223657   Test Accuracy: 0.8922
[2026-05-25 00:23:17,841] Epoch 3 - Training loss: 0.281674   Test Accuracy: 0.9470
[2026-05-25 00:24:27,440] Epoch 4 - Training loss: 0.202364   Test Accuracy: 0.9622
[2026-05-25 00:25:33,462] Epoch 5 - Training loss: 0.712816   Test Accuracy: 0.8384
[2026-05-25 00:26:40,565] Epoch 6 - Training loss: 0.591035   Test Accuracy: 0.7689
[2026-05-25 00:27:45,230] Epoch 7 - Training loss: 0.803223   Test Accuracy: 0.8463
[2026-05-25 00:28:53,649] Epoch 8 - Training loss: 0.883303   Test Accuracy: 0.7995
[2026-05-25 00:30:10,428] Epoch 9 - Training loss: 0.721197   Test Accuracy: 0.8000
[2026-05-25 00:31:17,007] Epoch 10 - Training loss: 0.753109   Test Accuracy: 0.8422
[2026-05-25 00:32:12,924] Epoch 11 - Training loss: 0.744658   Test Accuracy: 0.7246
[2026-05-25 00:33:17,965] Epoch 12 - Training loss: 0.742368   Test Accuracy: 0.7312
[2026-05-25 00:34:22,083] Epoch 13 - Training loss: 0.724127   Test Accuracy: 0.8371
[2026-05-25 00:35:30,146] Epoch 14 - Training loss: 0.926819   Test Accuracy: 0.8511
[2026-05-25 00:36:35,479] Epoch 15 - Training loss: 0.702597   Test Accuracy: 0.6908
[2026-05-25 00:37:43,287] Epoch 16 - Training loss: 0.645546   Test Accuracy: 0.9152
[2026-05-25 00:38:47,873] Epoch 17 - Training loss: 0.566684   Test Accuracy: 0.8513
[2026-05-25 00:39:50,235] Epoch 18 - Training loss: 0.480619   Test Accuracy: 0.8256
[2026-05-25 00:40:54,521] Epoch 19 - Training loss: 0.517606   Test Accuracy: 0.6099
[2026-05-25 00:42:02,727] Epoch 20 - Training loss: 0.801505   Test Accuracy: 0.6675
[2026-05-25 00:43:00,518] Epoch 21 - Training loss: 0.733051   Test Accuracy: 0.7347
[2026-05-25 00:43:54,251] Epoch 22 - Training loss: 0.835367   Test Accuracy: 0.7072
[2026-05-25 00:44:46,757] Epoch 23 - Training loss: 0.714506   Test Accuracy: 0.8219
[2026-05-25 00:45:45,389] Epoch 24 - Training loss: 0.939131   Test Accuracy: 0.4819
[2026-05-25 00:46:53,877] Epoch 25 - Training loss: 1.066621   Test Accuracy: 0.6720
[2026-05-25 00:48:01,326] Epoch 26 - Training loss: 0.680932   Test Accuracy: 0.8681
[2026-05-25 00:49:08,878] Epoch 27 - Training loss: 0.619943   Test Accuracy: 0.7525
[2026-05-25 00:50:20,130] Epoch 28 - Training loss: 0.464657   Test Accuracy: 0.8907
[2026-05-25 00:51:28,247] Epoch 29 - Training loss: 0.430624   Test Accuracy: 0.9153
[2026-05-25 00:52:33,019] Epoch 30 - Training loss: 0.602438   Test Accuracy: 0.8498
aihwkit path:  /home/bong/analog_stress_test/aihwkit-fork/src/aihwkit/__init__.py
NeurIPS-2025/S2-mnist-CNN.py --CUDA 0 --SETTING Analog SGD --RPU Pow --tau 0.7 --res-gamma 0.1 --res-state 140
Using Device:  cuda:0
Logging to file: runs/MNIST-CNN/Pow-gamma=0.1-state=140/Analog SGD-tau=0.7/events.out.tfevents.1779635992.user.516290.0

Training Time (s) = 1958.229659795761
