# CMD: CUDA_VISIBLE_DEVICES=3 PYTHONPATH=/home/bong/analog_stress_test/analog-training SEED=2 python NeurIPS-2025/S2-mnist-FCN.py --CUDA 0 --SETTING TT-v2 --RPU Pow --tau 0.7 --res-gamma 0.5 --res-state 14000
[2026-05-24 05:52:19,754] Epoch 0 - Training loss: --------   Test Accuracy: 0.1009
[2026-05-24 05:53:21,882] Epoch 1 - Training loss: 2.302349   Test Accuracy: 0.1135
[2026-05-24 05:54:22,376] Epoch 2 - Training loss: 2.300940   Test Accuracy: 0.1276
[2026-05-24 05:55:23,867] Epoch 3 - Training loss: 2.292652   Test Accuracy: 0.1703
[2026-05-24 05:56:20,361] Epoch 4 - Training loss: 2.165846   Test Accuracy: 0.3899
[2026-05-24 05:57:15,274] Epoch 5 - Training loss: 1.628375   Test Accuracy: 0.5692
[2026-05-24 05:58:15,503] Epoch 6 - Training loss: 1.209618   Test Accuracy: 0.6523
[2026-05-24 05:59:16,348] Epoch 7 - Training loss: 1.004813   Test Accuracy: 0.7066
[2026-05-24 06:00:17,673] Epoch 8 - Training loss: 0.881331   Test Accuracy: 0.7391
[2026-05-24 06:01:19,096] Epoch 9 - Training loss: 0.796765   Test Accuracy: 0.7607
[2026-05-24 06:02:20,066] Epoch 10 - Training loss: 0.734736   Test Accuracy: 0.7808
[2026-05-24 06:03:22,082] Epoch 11 - Training loss: 0.685514   Test Accuracy: 0.7959
[2026-05-24 06:04:24,215] Epoch 12 - Training loss: 0.649814   Test Accuracy: 0.8086
[2026-05-24 06:05:22,867] Epoch 13 - Training loss: 0.619196   Test Accuracy: 0.8146
[2026-05-24 06:06:15,843] Epoch 14 - Training loss: 0.595853   Test Accuracy: 0.8185
[2026-05-24 06:07:11,190] Epoch 15 - Training loss: 0.577180   Test Accuracy: 0.8256
[2026-05-24 06:08:04,859] Epoch 16 - Training loss: 0.562276   Test Accuracy: 0.8307
[2026-05-24 06:08:59,078] Epoch 17 - Training loss: 0.554319   Test Accuracy: 0.8328
[2026-05-24 06:09:56,625] Epoch 18 - Training loss: 0.546294   Test Accuracy: 0.8363
[2026-05-24 06:10:56,685] Epoch 19 - Training loss: 0.536812   Test Accuracy: 0.8389
[2026-05-24 06:11:59,418] Epoch 20 - Training loss: 0.530771   Test Accuracy: 0.8402
[2026-05-24 06:13:00,866] Epoch 21 - Training loss: 0.522730   Test Accuracy: 0.8462
[2026-05-24 06:14:01,907] Epoch 22 - Training loss: 0.515242   Test Accuracy: 0.8448
[2026-05-24 06:15:02,731] Epoch 23 - Training loss: 0.512071   Test Accuracy: 0.8502
[2026-05-24 06:16:03,328] Epoch 24 - Training loss: 0.505894   Test Accuracy: 0.8498
[2026-05-24 06:17:04,220] Epoch 25 - Training loss: 0.501779   Test Accuracy: 0.8503
[2026-05-24 06:18:06,683] Epoch 26 - Training loss: 0.496162   Test Accuracy: 0.8520
[2026-05-24 06:19:07,760] Epoch 27 - Training loss: 0.492965   Test Accuracy: 0.8523
[2026-05-24 06:20:10,430] Epoch 28 - Training loss: 0.487432   Test Accuracy: 0.8550
[2026-05-24 06:21:12,246] Epoch 29 - Training loss: 0.483752   Test Accuracy: 0.8545
[2026-05-24 06:22:09,939] Epoch 30 - Training loss: 0.479528   Test Accuracy: 0.8570
aihwkit path:  /home/bong/analog_stress_test/aihwkit-fork/src/aihwkit/__init__.py
NeurIPS-2025/S2-mnist-FCN.py --CUDA 0 --SETTING TT-v2 --RPU Pow --tau 0.7 --res-gamma 0.5 --res-state 14000
Using Device:  cuda:0
Logging to file: runs/MNIST-FCN/Pow-gamma=0.5-state=14000/TT-v2-tau=0.7/events.out.tfevents.1779569534.user.416372.0

Training Time (s) = 1793.5099720954895
