# CMD: CUDA_VISIBLE_DEVICES=3 PYTHONPATH=/home/bong/analog_stress_test/analog-training SEED=2 python NeurIPS-2025/S2-mnist-FCN.py --CUDA 0 --SETTING TT-v2 --RPU Pow --tau 0.7 --res-gamma 0.5 --res-state 140
[2026-05-24 08:25:29,263] Epoch 0 - Training loss: --------   Test Accuracy: 0.1009
[2026-05-24 08:26:25,240] Epoch 1 - Training loss: 2.302359   Test Accuracy: 0.1135
[2026-05-24 08:27:25,254] Epoch 2 - Training loss: 2.271296   Test Accuracy: 0.4661
[2026-05-24 08:28:23,083] Epoch 3 - Training loss: 0.965762   Test Accuracy: 0.8291
[2026-05-24 08:29:22,996] Epoch 4 - Training loss: 0.459984   Test Accuracy: 0.8851
[2026-05-24 08:30:23,483] Epoch 5 - Training loss: 0.360888   Test Accuracy: 0.9058
[2026-05-24 08:31:25,284] Epoch 6 - Training loss: 0.310779   Test Accuracy: 0.9141
[2026-05-24 08:32:24,898] Epoch 7 - Training loss: 0.276513   Test Accuracy: 0.9220
[2026-05-24 08:33:27,280] Epoch 8 - Training loss: 0.250411   Test Accuracy: 0.9286
[2026-05-24 08:34:28,724] Epoch 9 - Training loss: 0.228195   Test Accuracy: 0.9340
[2026-05-24 08:35:30,215] Epoch 10 - Training loss: 0.210120   Test Accuracy: 0.9401
[2026-05-24 08:36:30,145] Epoch 11 - Training loss: 0.196937   Test Accuracy: 0.9411
[2026-05-24 08:37:30,982] Epoch 12 - Training loss: 0.183799   Test Accuracy: 0.9437
[2026-05-24 08:38:34,688] Epoch 13 - Training loss: 0.169533   Test Accuracy: 0.9481
[2026-05-24 08:39:34,834] Epoch 14 - Training loss: 0.158644   Test Accuracy: 0.9508
[2026-05-24 08:40:36,561] Epoch 15 - Training loss: 0.148513   Test Accuracy: 0.9536
[2026-05-24 08:41:35,468] Epoch 16 - Training loss: 0.140732   Test Accuracy: 0.9535
[2026-05-24 08:42:38,034] Epoch 17 - Training loss: 0.136227   Test Accuracy: 0.9538
[2026-05-24 08:43:38,066] Epoch 18 - Training loss: 0.133462   Test Accuracy: 0.9536
[2026-05-24 08:44:38,088] Epoch 19 - Training loss: 0.128058   Test Accuracy: 0.9572
[2026-05-24 08:45:39,829] Epoch 20 - Training loss: 0.123858   Test Accuracy: 0.9566
[2026-05-24 08:46:40,836] Epoch 21 - Training loss: 0.121060   Test Accuracy: 0.9560
[2026-05-24 08:47:41,649] Epoch 22 - Training loss: 0.117382   Test Accuracy: 0.9577
[2026-05-24 08:48:43,061] Epoch 23 - Training loss: 0.114951   Test Accuracy: 0.9582
[2026-05-24 08:49:43,798] Epoch 24 - Training loss: 0.109817   Test Accuracy: 0.9595
[2026-05-24 08:50:46,130] Epoch 25 - Training loss: 0.106763   Test Accuracy: 0.9577
[2026-05-24 08:51:47,712] Epoch 26 - Training loss: 0.106803   Test Accuracy: 0.9581
[2026-05-24 08:52:50,548] Epoch 27 - Training loss: 0.104715   Test Accuracy: 0.9603
[2026-05-24 08:53:53,270] Epoch 28 - Training loss: 0.105246   Test Accuracy: 0.9617
[2026-05-24 08:54:55,452] Epoch 29 - Training loss: 0.103393   Test Accuracy: 0.9583
[2026-05-24 08:55:57,405] Epoch 30 - Training loss: 0.101698   Test Accuracy: 0.9603
aihwkit path:  /home/bong/analog_stress_test/aihwkit-fork/src/aihwkit/__init__.py
NeurIPS-2025/S2-mnist-FCN.py --CUDA 0 --SETTING TT-v2 --RPU Pow --tau 0.7 --res-gamma 0.5 --res-state 140
Using Device:  cuda:0
Logging to file: runs/MNIST-FCN/Pow-gamma=0.5-state=140/TT-v2-tau=0.7/events.out.tfevents.1779578723.user.429634.0

Training Time (s) = 1831.9247794151306
