# CMD: CUDA_VISIBLE_DEVICES=3 PYTHONPATH=/home/bong/analog_stress_test/analog-training SEED=3 python NeurIPS-2025/S2-mnist-FCN.py --CUDA 0 --SETTING TT-v2 --RPU Pow --tau 0.7 --res-gamma 0.5 --res-state 280
[2026-05-24 07:54:35,215] Epoch 0 - Training loss: --------   Test Accuracy: 0.0922
[2026-05-24 07:55:32,549] Epoch 1 - Training loss: 2.302882   Test Accuracy: 0.1135
[2026-05-24 07:56:33,308] Epoch 2 - Training loss: 2.301029   Test Accuracy: 0.1135
[2026-05-24 07:57:33,461] Epoch 3 - Training loss: 1.848596   Test Accuracy: 0.7539
[2026-05-24 07:58:34,904] Epoch 4 - Training loss: 0.597089   Test Accuracy: 0.8637
[2026-05-24 07:59:38,666] Epoch 5 - Training loss: 0.419300   Test Accuracy: 0.8948
[2026-05-24 08:00:39,417] Epoch 6 - Training loss: 0.352026   Test Accuracy: 0.9056
[2026-05-24 08:01:39,524] Epoch 7 - Training loss: 0.315012   Test Accuracy: 0.9137
[2026-05-24 08:02:40,700] Epoch 8 - Training loss: 0.287998   Test Accuracy: 0.9204
[2026-05-24 08:03:43,680] Epoch 9 - Training loss: 0.267004   Test Accuracy: 0.9235
[2026-05-24 08:04:42,063] Epoch 10 - Training loss: 0.249852   Test Accuracy: 0.9259
[2026-05-24 08:05:42,070] Epoch 11 - Training loss: 0.235137   Test Accuracy: 0.9300
[2026-05-24 08:06:43,635] Epoch 12 - Training loss: 0.223130   Test Accuracy: 0.9353
[2026-05-24 08:07:45,839] Epoch 13 - Training loss: 0.212318   Test Accuracy: 0.9365
[2026-05-24 08:08:46,265] Epoch 14 - Training loss: 0.203514   Test Accuracy: 0.9379
[2026-05-24 08:09:47,872] Epoch 15 - Training loss: 0.193582   Test Accuracy: 0.9410
[2026-05-24 08:10:49,146] Epoch 16 - Training loss: 0.185616   Test Accuracy: 0.9417
[2026-05-24 08:11:50,934] Epoch 17 - Training loss: 0.183033   Test Accuracy: 0.9425
[2026-05-24 08:12:53,371] Epoch 18 - Training loss: 0.179472   Test Accuracy: 0.9445
[2026-05-24 08:13:55,878] Epoch 19 - Training loss: 0.175863   Test Accuracy: 0.9436
[2026-05-24 08:14:59,351] Epoch 20 - Training loss: 0.172272   Test Accuracy: 0.9457
[2026-05-24 08:16:02,014] Epoch 21 - Training loss: 0.168811   Test Accuracy: 0.9457
[2026-05-24 08:17:02,943] Epoch 22 - Training loss: 0.166091   Test Accuracy: 0.9467
[2026-05-24 08:18:03,995] Epoch 23 - Training loss: 0.163119   Test Accuracy: 0.9466
[2026-05-24 08:19:05,413] Epoch 24 - Training loss: 0.160397   Test Accuracy: 0.9482
[2026-05-24 08:20:07,383] Epoch 25 - Training loss: 0.157708   Test Accuracy: 0.9479
[2026-05-24 08:21:10,723] Epoch 26 - Training loss: 0.155506   Test Accuracy: 0.9485
[2026-05-24 08:22:12,347] Epoch 27 - Training loss: 0.152937   Test Accuracy: 0.9483
[2026-05-24 08:23:12,978] Epoch 28 - Training loss: 0.150838   Test Accuracy: 0.9503
[2026-05-24 08:24:14,402] Epoch 29 - Training loss: 0.148573   Test Accuracy: 0.9499
[2026-05-24 08:25:18,356] Epoch 30 - Training loss: 0.147185   Test Accuracy: 0.9500
aihwkit path:  /home/bong/analog_stress_test/aihwkit-fork/src/aihwkit/__init__.py
NeurIPS-2025/S2-mnist-FCN.py --CUDA 0 --SETTING TT-v2 --RPU Pow --tau 0.7 --res-gamma 0.5 --res-state 280
Using Device:  cuda:0
Logging to file: runs/MNIST-FCN/Pow-gamma=0.5-state=280/TT-v2-tau=0.7/events.out.tfevents.1779576869.user.426903.0

Training Time (s) = 1846.6583325862885
