# CMD: CUDA_VISIBLE_DEVICES=3 PYTHONPATH=/home/bong/analog_stress_test/analog-training SEED=1 python NeurIPS-2025/S2-mnist-FCN.py --CUDA 0 --SETTING TT-v2 --RPU Pow --tau 0.7 --res-gamma 0.5 --res-state 14000
[2026-05-24 05:51:23,605] Epoch 0 - Training loss: --------   Test Accuracy: 0.1028
[2026-05-24 05:52:22,119] Epoch 1 - Training loss: 2.302587   Test Accuracy: 0.0981
[2026-05-24 05:53:22,800] Epoch 2 - Training loss: 2.301995   Test Accuracy: 0.1135
[2026-05-24 05:54:23,267] Epoch 3 - Training loss: 2.300373   Test Accuracy: 0.1135
[2026-05-24 05:55:24,566] Epoch 4 - Training loss: 2.288321   Test Accuracy: 0.1992
[2026-05-24 05:56:26,918] Epoch 5 - Training loss: 2.125424   Test Accuracy: 0.4276
[2026-05-24 05:57:28,093] Epoch 6 - Training loss: 1.614330   Test Accuracy: 0.5624
[2026-05-24 05:58:28,027] Epoch 7 - Training loss: 1.265883   Test Accuracy: 0.6427
[2026-05-24 05:59:29,464] Epoch 8 - Training loss: 1.067651   Test Accuracy: 0.6933
[2026-05-24 06:00:30,498] Epoch 9 - Training loss: 0.939094   Test Accuracy: 0.7312
[2026-05-24 06:01:32,035] Epoch 10 - Training loss: 0.849277   Test Accuracy: 0.7566
[2026-05-24 06:02:33,180] Epoch 11 - Training loss: 0.781753   Test Accuracy: 0.7732
[2026-05-24 06:03:34,842] Epoch 12 - Training loss: 0.734197   Test Accuracy: 0.7905
[2026-05-24 06:04:35,362] Epoch 13 - Training loss: 0.688941   Test Accuracy: 0.8027
[2026-05-24 06:05:36,762] Epoch 14 - Training loss: 0.653733   Test Accuracy: 0.8111
[2026-05-24 06:06:40,782] Epoch 15 - Training loss: 0.624730   Test Accuracy: 0.8226
[2026-05-24 06:07:43,143] Epoch 16 - Training loss: 0.604165   Test Accuracy: 0.8226
[2026-05-24 06:08:45,325] Epoch 17 - Training loss: 0.585556   Test Accuracy: 0.8293
[2026-05-24 06:09:48,170] Epoch 18 - Training loss: 0.574490   Test Accuracy: 0.8338
[2026-05-24 06:10:48,859] Epoch 19 - Training loss: 0.561767   Test Accuracy: 0.8338
[2026-05-24 06:11:51,033] Epoch 20 - Training loss: 0.551303   Test Accuracy: 0.8364
[2026-05-24 06:12:51,454] Epoch 21 - Training loss: 0.542282   Test Accuracy: 0.8415
[2026-05-24 06:13:52,293] Epoch 22 - Training loss: 0.532607   Test Accuracy: 0.8428
[2026-05-24 06:14:54,592] Epoch 23 - Training loss: 0.526073   Test Accuracy: 0.8455
[2026-05-24 06:15:55,690] Epoch 24 - Training loss: 0.519318   Test Accuracy: 0.8478
[2026-05-24 06:16:57,622] Epoch 25 - Training loss: 0.511456   Test Accuracy: 0.8491
[2026-05-24 06:17:58,797] Epoch 26 - Training loss: 0.503763   Test Accuracy: 0.8523
[2026-05-24 06:18:59,503] Epoch 27 - Training loss: 0.499802   Test Accuracy: 0.8514
[2026-05-24 06:20:02,216] Epoch 28 - Training loss: 0.494170   Test Accuracy: 0.8575
[2026-05-24 06:20:59,970] Epoch 29 - Training loss: 0.488624   Test Accuracy: 0.8584
[2026-05-24 06:22:02,631] Epoch 30 - Training loss: 0.483271   Test Accuracy: 0.8582
aihwkit path:  /home/bong/analog_stress_test/aihwkit-fork/src/aihwkit/__init__.py
NeurIPS-2025/S2-mnist-FCN.py --CUDA 0 --SETTING TT-v2 --RPU Pow --tau 0.7 --res-gamma 0.5 --res-state 14000
Using Device:  cuda:0
Logging to file: runs/MNIST-FCN/Pow-gamma=0.5-state=14000/TT-v2-tau=0.7/events.out.tfevents.1779569477.user.416100.0

Training Time (s) = 1842.5412030220032
