# CMD: CUDA_VISIBLE_DEVICES=3 PYTHONPATH=/home/bong/analog_stress_test/analog-training SEED=3 python NeurIPS-2025/S2-mnist-FCN.py --CUDA 0 --SETTING TT-v2 --RPU Pow --tau 0.7 --res-gamma 0.5 --res-state 140
[2026-05-24 08:26:03,047] Epoch 0 - Training loss: --------   Test Accuracy: 0.0931
[2026-05-24 08:27:05,007] Epoch 1 - Training loss: 2.302939   Test Accuracy: 0.1135
[2026-05-24 08:28:06,207] Epoch 2 - Training loss: 2.301937   Test Accuracy: 0.1135
[2026-05-24 08:29:05,942] Epoch 3 - Training loss: 2.143884   Test Accuracy: 0.6897
[2026-05-24 08:30:08,272] Epoch 4 - Training loss: 0.701372   Test Accuracy: 0.8537
[2026-05-24 08:31:09,962] Epoch 5 - Training loss: 0.431542   Test Accuracy: 0.8932
[2026-05-24 08:32:10,231] Epoch 6 - Training loss: 0.348551   Test Accuracy: 0.9053
[2026-05-24 08:33:10,698] Epoch 7 - Training loss: 0.303042   Test Accuracy: 0.9168
[2026-05-24 08:34:11,184] Epoch 8 - Training loss: 0.270092   Test Accuracy: 0.9248
[2026-05-24 08:35:11,862] Epoch 9 - Training loss: 0.245039   Test Accuracy: 0.9269
[2026-05-24 08:36:12,195] Epoch 10 - Training loss: 0.224415   Test Accuracy: 0.9336
[2026-05-24 08:37:15,353] Epoch 11 - Training loss: 0.206235   Test Accuracy: 0.9386
[2026-05-24 08:38:16,547] Epoch 12 - Training loss: 0.190653   Test Accuracy: 0.9404
[2026-05-24 08:39:16,862] Epoch 13 - Training loss: 0.177571   Test Accuracy: 0.9442
[2026-05-24 08:40:18,608] Epoch 14 - Training loss: 0.165904   Test Accuracy: 0.9478
[2026-05-24 08:41:23,620] Epoch 15 - Training loss: 0.154416   Test Accuracy: 0.9496
[2026-05-24 08:42:25,561] Epoch 16 - Training loss: 0.145330   Test Accuracy: 0.9502
[2026-05-24 08:43:28,453] Epoch 17 - Training loss: 0.141382   Test Accuracy: 0.9508
[2026-05-24 08:44:31,356] Epoch 18 - Training loss: 0.137286   Test Accuracy: 0.9531
[2026-05-24 08:45:34,221] Epoch 19 - Training loss: 0.132109   Test Accuracy: 0.9540
[2026-05-24 08:46:34,931] Epoch 20 - Training loss: 0.128893   Test Accuracy: 0.9541
[2026-05-24 08:47:35,561] Epoch 21 - Training loss: 0.125033   Test Accuracy: 0.9559
[2026-05-24 08:48:36,583] Epoch 22 - Training loss: 0.120226   Test Accuracy: 0.9559
[2026-05-24 08:49:37,762] Epoch 23 - Training loss: 0.116861   Test Accuracy: 0.9578
[2026-05-24 08:50:39,527] Epoch 24 - Training loss: 0.113425   Test Accuracy: 0.9561
[2026-05-24 08:51:40,372] Epoch 25 - Training loss: 0.109722   Test Accuracy: 0.9592
[2026-05-24 08:52:40,249] Epoch 26 - Training loss: 0.106701   Test Accuracy: 0.9559
[2026-05-24 08:53:42,673] Epoch 27 - Training loss: 0.103397   Test Accuracy: 0.9568
[2026-05-24 08:54:44,755] Epoch 28 - Training loss: 0.101200   Test Accuracy: 0.9575
[2026-05-24 08:55:47,188] Epoch 29 - Training loss: 0.098539   Test Accuracy: 0.9593
[2026-05-24 08:56:44,902] Epoch 30 - Training loss: 0.096258   Test Accuracy: 0.9586
aihwkit path:  /home/bong/analog_stress_test/aihwkit-fork/src/aihwkit/__init__.py
NeurIPS-2025/S2-mnist-FCN.py --CUDA 0 --SETTING TT-v2 --RPU Pow --tau 0.7 --res-gamma 0.5 --res-state 140
Using Device:  cuda:0
Logging to file: runs/MNIST-FCN/Pow-gamma=0.5-state=140/TT-v2-tau=0.7/events.out.tfevents.1779578757.user.429876.0

Training Time (s) = 1845.3869655132294
