# CMD: CUDA_VISIBLE_DEVICES=3 PYTHONPATH=/home/bong/analog_stress_test/analog-training SEED=3 python NeurIPS-2025/S2-mnist-FCN.py --CUDA 0 --SETTING TT-v2 --RPU Pow --tau 0.7 --res-gamma 0.5 --res-state 14000
[2026-05-24 06:22:12,972] Epoch 0 - Training loss: --------   Test Accuracy: 0.0946
[2026-05-24 06:23:12,780] Epoch 1 - Training loss: 2.302914   Test Accuracy: 0.1135
[2026-05-24 06:24:14,957] Epoch 2 - Training loss: 2.302583   Test Accuracy: 0.1135
[2026-05-24 06:25:19,246] Epoch 3 - Training loss: 2.302091   Test Accuracy: 0.1135
[2026-05-24 06:26:30,782] Epoch 4 - Training loss: 2.300974   Test Accuracy: 0.1012
[2026-05-24 06:27:35,885] Epoch 5 - Training loss: 2.295735   Test Accuracy: 0.1664
[2026-05-24 06:28:36,332] Epoch 6 - Training loss: 2.223488   Test Accuracy: 0.3649
[2026-05-24 06:29:35,062] Epoch 7 - Training loss: 1.741591   Test Accuracy: 0.5314
[2026-05-24 06:30:34,824] Epoch 8 - Training loss: 1.294052   Test Accuracy: 0.6329
[2026-05-24 06:31:37,624] Epoch 9 - Training loss: 1.053590   Test Accuracy: 0.6886
[2026-05-24 06:32:38,399] Epoch 10 - Training loss: 0.906997   Test Accuracy: 0.7325
[2026-05-24 06:33:40,622] Epoch 11 - Training loss: 0.811331   Test Accuracy: 0.7672
[2026-05-24 06:34:41,425] Epoch 12 - Training loss: 0.745614   Test Accuracy: 0.7826
[2026-05-24 06:35:41,412] Epoch 13 - Training loss: 0.703343   Test Accuracy: 0.7923
[2026-05-24 06:36:40,843] Epoch 14 - Training loss: 0.670094   Test Accuracy: 0.8018
[2026-05-24 06:37:41,192] Epoch 15 - Training loss: 0.643023   Test Accuracy: 0.8088
[2026-05-24 06:38:40,897] Epoch 16 - Training loss: 0.626563   Test Accuracy: 0.8122
[2026-05-24 06:39:40,067] Epoch 17 - Training loss: 0.612361   Test Accuracy: 0.8182
[2026-05-24 06:40:40,657] Epoch 18 - Training loss: 0.600983   Test Accuracy: 0.8225
[2026-05-24 06:41:41,065] Epoch 19 - Training loss: 0.590436   Test Accuracy: 0.8253
[2026-05-24 06:42:43,727] Epoch 20 - Training loss: 0.581731   Test Accuracy: 0.8314
[2026-05-24 06:43:44,668] Epoch 21 - Training loss: 0.572673   Test Accuracy: 0.8334
[2026-05-24 06:44:45,393] Epoch 22 - Training loss: 0.565195   Test Accuracy: 0.8321
[2026-05-24 06:45:47,439] Epoch 23 - Training loss: 0.558331   Test Accuracy: 0.8352
[2026-05-24 06:46:50,965] Epoch 24 - Training loss: 0.552385   Test Accuracy: 0.8366
[2026-05-24 06:47:57,564] Epoch 25 - Training loss: 0.547041   Test Accuracy: 0.8393
[2026-05-24 06:49:00,099] Epoch 26 - Training loss: 0.540133   Test Accuracy: 0.8394
[2026-05-24 06:50:01,176] Epoch 27 - Training loss: 0.534897   Test Accuracy: 0.8397
[2026-05-24 06:51:03,459] Epoch 28 - Training loss: 0.531460   Test Accuracy: 0.8435
[2026-05-24 06:52:02,972] Epoch 29 - Training loss: 0.525017   Test Accuracy: 0.8465
[2026-05-24 06:53:03,149] Epoch 30 - Training loss: 0.520282   Test Accuracy: 0.8480
aihwkit path:  /home/bong/analog_stress_test/aihwkit-fork/src/aihwkit/__init__.py
NeurIPS-2025/S2-mnist-FCN.py --CUDA 0 --SETTING TT-v2 --RPU Pow --tau 0.7 --res-gamma 0.5 --res-state 14000
Using Device:  cuda:0
Logging to file: runs/MNIST-FCN/Pow-gamma=0.5-state=14000/TT-v2-tau=0.7/events.out.tfevents.1779571327.user.418353.0

Training Time (s) = 1853.0980117321014
