# CMD: CUDA_VISIBLE_DEVICES=3 PYTHONPATH=/home/bong/analog_stress_test/analog-training SEED=2 python NeurIPS-2025/S2-mnist-FCN.py --CUDA 0 --SETTING TT-v2 --RPU Pow --tau 0.7 --res-gamma 0.5 --res-state 14
[2026-05-24 09:57:38,861] Epoch 0 - Training loss: --------   Test Accuracy: 0.1009
[2026-05-24 09:58:37,020] Epoch 1 - Training loss: 2.302521   Test Accuracy: 0.1135
[2026-05-24 09:59:38,090] Epoch 2 - Training loss: 2.302160   Test Accuracy: 0.1158
[2026-05-24 10:00:38,482] Epoch 3 - Training loss: 2.300501   Test Accuracy: 0.1141
[2026-05-24 10:01:38,899] Epoch 4 - Training loss: 1.909337   Test Accuracy: 0.6720
[2026-05-24 10:02:40,904] Epoch 5 - Training loss: 0.812575   Test Accuracy: 0.7999
[2026-05-24 10:03:42,153] Epoch 6 - Training loss: 0.547994   Test Accuracy: 0.8579
[2026-05-24 10:04:40,317] Epoch 7 - Training loss: 0.436228   Test Accuracy: 0.8812
[2026-05-24 10:05:41,899] Epoch 8 - Training loss: 0.380479   Test Accuracy: 0.8956
[2026-05-24 10:06:43,010] Epoch 9 - Training loss: 0.342216   Test Accuracy: 0.9034
[2026-05-24 10:07:43,350] Epoch 10 - Training loss: 0.316658   Test Accuracy: 0.9085
[2026-05-24 10:08:46,173] Epoch 11 - Training loss: 0.292338   Test Accuracy: 0.9157
[2026-05-24 10:09:47,845] Epoch 12 - Training loss: 0.268994   Test Accuracy: 0.9187
[2026-05-24 10:10:49,037] Epoch 13 - Training loss: 0.253662   Test Accuracy: 0.9211
[2026-05-24 10:11:48,708] Epoch 14 - Training loss: 0.247885   Test Accuracy: 0.9243
[2026-05-24 10:12:50,011] Epoch 15 - Training loss: 0.230896   Test Accuracy: 0.9308
[2026-05-24 10:13:50,030] Epoch 16 - Training loss: 0.219572   Test Accuracy: 0.9361
[2026-05-24 10:14:50,696] Epoch 17 - Training loss: 0.212614   Test Accuracy: 0.9323
[2026-05-24 10:15:51,495] Epoch 18 - Training loss: 0.206750   Test Accuracy: 0.9361
[2026-05-24 10:16:53,469] Epoch 19 - Training loss: 0.200718   Test Accuracy: 0.9366
[2026-05-24 10:17:55,126] Epoch 20 - Training loss: 0.195396   Test Accuracy: 0.9405
[2026-05-24 10:18:57,258] Epoch 21 - Training loss: 0.189408   Test Accuracy: 0.9406
[2026-05-24 10:19:56,908] Epoch 22 - Training loss: 0.182534   Test Accuracy: 0.9424
[2026-05-24 10:20:58,423] Epoch 23 - Training loss: 0.178294   Test Accuracy: 0.9422
[2026-05-24 10:21:58,459] Epoch 24 - Training loss: 0.172890   Test Accuracy: 0.9453
[2026-05-24 10:22:58,916] Epoch 25 - Training loss: 0.170110   Test Accuracy: 0.9438
[2026-05-24 10:24:00,984] Epoch 26 - Training loss: 0.171587   Test Accuracy: 0.9419
[2026-05-24 10:25:02,678] Epoch 27 - Training loss: 0.174684   Test Accuracy: 0.9426
[2026-05-24 10:26:02,141] Epoch 28 - Training loss: 0.178908   Test Accuracy: 0.9404
[2026-05-24 10:27:04,458] Epoch 29 - Training loss: 0.181552   Test Accuracy: 0.9396
[2026-05-24 10:28:10,971] Epoch 30 - Training loss: 0.180509   Test Accuracy: 0.9398
aihwkit path:  /home/bong/analog_stress_test/aihwkit-fork/src/aihwkit/__init__.py
NeurIPS-2025/S2-mnist-FCN.py --CUDA 0 --SETTING TT-v2 --RPU Pow --tau 0.7 --res-gamma 0.5 --res-state 14
Using Device:  cuda:0
Logging to file: runs/MNIST-FCN/Pow-gamma=0.5-state=14/TT-v2-tau=0.7/events.out.tfevents.1779584253.user.437563.0

Training Time (s) = 1835.6236271858215
