# CMD: CUDA_VISIBLE_DEVICES=3 PYTHONPATH=/home/bong/analog_stress_test/analog-training SEED=3 python NeurIPS-2025/S2-mnist-FCN.py --CUDA 0 --SETTING TT-v2 --RPU Pow --tau 0.7 --res-gamma 0.5 --res-state 14
[2026-05-24 09:58:36,492] Epoch 0 - Training loss: --------   Test Accuracy: 0.0932
[2026-05-24 09:59:36,617] Epoch 1 - Training loss: 2.302990   Test Accuracy: 0.1135
[2026-05-24 10:00:36,589] Epoch 2 - Training loss: 2.302776   Test Accuracy: 0.1135
[2026-05-24 10:01:38,190] Epoch 3 - Training loss: 2.302531   Test Accuracy: 0.1135
[2026-05-24 10:02:39,510] Epoch 4 - Training loss: 2.301594   Test Accuracy: 0.1010
[2026-05-24 10:03:40,731] Epoch 5 - Training loss: 2.203584   Test Accuracy: 0.6125
[2026-05-24 10:04:40,969] Epoch 6 - Training loss: 0.928496   Test Accuracy: 0.7894
[2026-05-24 10:05:42,581] Epoch 7 - Training loss: 0.581650   Test Accuracy: 0.8539
[2026-05-24 10:06:44,634] Epoch 8 - Training loss: 0.449941   Test Accuracy: 0.8785
[2026-05-24 10:07:44,941] Epoch 9 - Training loss: 0.385393   Test Accuracy: 0.8948
[2026-05-24 10:08:48,185] Epoch 10 - Training loss: 0.344205   Test Accuracy: 0.9033
[2026-05-24 10:09:50,647] Epoch 11 - Training loss: 0.311857   Test Accuracy: 0.9092
[2026-05-24 10:10:52,232] Epoch 12 - Training loss: 0.285639   Test Accuracy: 0.9163
[2026-05-24 10:11:55,819] Epoch 13 - Training loss: 0.263662   Test Accuracy: 0.9231
[2026-05-24 10:12:56,747] Epoch 14 - Training loss: 0.244337   Test Accuracy: 0.9265
[2026-05-24 10:13:57,149] Epoch 15 - Training loss: 0.228368   Test Accuracy: 0.9295
[2026-05-24 10:14:58,095] Epoch 16 - Training loss: 0.219964   Test Accuracy: 0.9298
[2026-05-24 10:16:00,097] Epoch 17 - Training loss: 0.213691   Test Accuracy: 0.9326
[2026-05-24 10:17:01,825] Epoch 18 - Training loss: 0.207064   Test Accuracy: 0.9341
[2026-05-24 10:18:03,432] Epoch 19 - Training loss: 0.200357   Test Accuracy: 0.9372
[2026-05-24 10:19:04,855] Epoch 20 - Training loss: 0.193284   Test Accuracy: 0.9370
[2026-05-24 10:20:07,646] Epoch 21 - Training loss: 0.186577   Test Accuracy: 0.9388
[2026-05-24 10:21:08,380] Epoch 22 - Training loss: 0.179948   Test Accuracy: 0.9412
[2026-05-24 10:22:09,563] Epoch 23 - Training loss: 0.174117   Test Accuracy: 0.9434
[2026-05-24 10:23:10,116] Epoch 24 - Training loss: 0.169149   Test Accuracy: 0.9443
[2026-05-24 10:24:11,666] Epoch 25 - Training loss: 0.164174   Test Accuracy: 0.9449
[2026-05-24 10:25:13,438] Epoch 26 - Training loss: 0.157803   Test Accuracy: 0.9457
[2026-05-24 10:26:16,945] Epoch 27 - Training loss: 0.156009   Test Accuracy: 0.9446
[2026-05-24 10:27:21,261] Epoch 28 - Training loss: 0.159122   Test Accuracy: 0.9414
[2026-05-24 10:28:22,407] Epoch 29 - Training loss: 0.157329   Test Accuracy: 0.9440
[2026-05-24 10:29:25,055] Epoch 30 - Training loss: 0.152812   Test Accuracy: 0.9470
aihwkit path:  /home/bong/analog_stress_test/aihwkit-fork/src/aihwkit/__init__.py
NeurIPS-2025/S2-mnist-FCN.py --CUDA 0 --SETTING TT-v2 --RPU Pow --tau 0.7 --res-gamma 0.5 --res-state 14
Using Device:  cuda:0
Logging to file: runs/MNIST-FCN/Pow-gamma=0.5-state=14/TT-v2-tau=0.7/events.out.tfevents.1779584311.user.437836.0

Training Time (s) = 1851.7499051094055
