# CMD: CUDA_VISIBLE_DEVICES=3 PYTHONPATH=/home/bong/analog_stress_test/analog-training SEED=1 python NeurIPS-2025/S2-mnist-FCN.py --CUDA 0 --SETTING TT-v2 --RPU Pow --tau 0.7 --res-gamma 0.5 --res-state 280
[2026-05-24 07:23:45,509] Epoch 0 - Training loss: --------   Test Accuracy: 0.1028
[2026-05-24 07:24:44,613] Epoch 1 - Training loss: 2.302402   Test Accuracy: 0.1011
[2026-05-24 07:25:43,560] Epoch 2 - Training loss: 2.292502   Test Accuracy: 0.2476
[2026-05-24 07:26:44,977] Epoch 3 - Training loss: 1.207416   Test Accuracy: 0.8242
[2026-05-24 07:27:45,506] Epoch 4 - Training loss: 0.490181   Test Accuracy: 0.8817
[2026-05-24 07:28:46,333] Epoch 5 - Training loss: 0.381551   Test Accuracy: 0.8996
[2026-05-24 07:29:47,186] Epoch 6 - Training loss: 0.329399   Test Accuracy: 0.9111
[2026-05-24 07:30:47,790] Epoch 7 - Training loss: 0.295221   Test Accuracy: 0.9209
[2026-05-24 07:31:47,794] Epoch 8 - Training loss: 0.269690   Test Accuracy: 0.9261
[2026-05-24 07:32:47,634] Epoch 9 - Training loss: 0.249613   Test Accuracy: 0.9295
[2026-05-24 07:33:49,281] Epoch 10 - Training loss: 0.232905   Test Accuracy: 0.9330
[2026-05-24 07:34:49,475] Epoch 11 - Training loss: 0.217746   Test Accuracy: 0.9348
[2026-05-24 07:35:51,872] Epoch 12 - Training loss: 0.205043   Test Accuracy: 0.9403
[2026-05-24 07:36:47,089] Epoch 13 - Training loss: 0.194233   Test Accuracy: 0.9420
[2026-05-24 07:37:49,528] Epoch 14 - Training loss: 0.185488   Test Accuracy: 0.9412
[2026-05-24 07:38:52,957] Epoch 15 - Training loss: 0.177611   Test Accuracy: 0.9460
[2026-05-24 07:39:53,543] Epoch 16 - Training loss: 0.170306   Test Accuracy: 0.9459
[2026-05-24 07:40:56,365] Epoch 17 - Training loss: 0.166998   Test Accuracy: 0.9475
[2026-05-24 07:41:58,033] Epoch 18 - Training loss: 0.164254   Test Accuracy: 0.9472
[2026-05-24 07:43:00,713] Epoch 19 - Training loss: 0.160601   Test Accuracy: 0.9497
[2026-05-24 07:44:02,560] Epoch 20 - Training loss: 0.155751   Test Accuracy: 0.9496
[2026-05-24 07:45:03,456] Epoch 21 - Training loss: 0.152987   Test Accuracy: 0.9502
[2026-05-24 07:46:03,436] Epoch 22 - Training loss: 0.148947   Test Accuracy: 0.9513
[2026-05-24 07:47:06,011] Epoch 23 - Training loss: 0.146067   Test Accuracy: 0.9529
[2026-05-24 07:48:09,188] Epoch 24 - Training loss: 0.143816   Test Accuracy: 0.9527
[2026-05-24 07:49:11,408] Epoch 25 - Training loss: 0.141376   Test Accuracy: 0.9530
[2026-05-24 07:50:13,997] Epoch 26 - Training loss: 0.138323   Test Accuracy: 0.9546
[2026-05-24 07:51:18,017] Epoch 27 - Training loss: 0.135528   Test Accuracy: 0.9542
[2026-05-24 07:52:21,175] Epoch 28 - Training loss: 0.133572   Test Accuracy: 0.9539
[2026-05-24 07:53:22,413] Epoch 29 - Training loss: 0.131837   Test Accuracy: 0.9561
[2026-05-24 07:54:24,874] Epoch 30 - Training loss: 0.130121   Test Accuracy: 0.9562
aihwkit path:  /home/bong/analog_stress_test/aihwkit-fork/src/aihwkit/__init__.py
NeurIPS-2025/S2-mnist-FCN.py --CUDA 0 --SETTING TT-v2 --RPU Pow --tau 0.7 --res-gamma 0.5 --res-state 280
Using Device:  cuda:0
Logging to file: runs/MNIST-FCN/Pow-gamma=0.5-state=280/TT-v2-tau=0.7/events.out.tfevents.1779575019.user.423994.0

Training Time (s) = 1842.8799951076508
