# CMD: CUDA_VISIBLE_DEVICES=2 PYTHONPATH=/home/bong/analog_stress_test/analog-training SEED=3 python NeurIPS-2025/S2-mnist-CNN.py --CUDA 0 --SETTING Analog SGD --RPU Pow --tau 0.7 --res-gamma 1.0 --res-state 140
[2026-05-20 22:09:17,278] Epoch 0 - Training loss: --------   Test Accuracy: 0.1310
[2026-05-20 22:10:21,766] Epoch 1 - Training loss: 0.660890   Test Accuracy: 0.7659
[2026-05-20 22:11:24,920] Epoch 2 - Training loss: 0.611822   Test Accuracy: 0.7455
[2026-05-20 22:12:26,873] Epoch 3 - Training loss: 0.589766   Test Accuracy: 0.8427
[2026-05-20 22:13:34,496] Epoch 4 - Training loss: 0.608048   Test Accuracy: 0.8151
[2026-05-20 22:14:38,954] Epoch 5 - Training loss: 0.587522   Test Accuracy: 0.8725
[2026-05-20 22:15:42,005] Epoch 6 - Training loss: 0.602701   Test Accuracy: 0.7714
[2026-05-20 22:16:48,677] Epoch 7 - Training loss: 0.610322   Test Accuracy: 0.7792
[2026-05-20 22:18:02,787] Epoch 8 - Training loss: 0.604042   Test Accuracy: 0.7883
[2026-05-20 22:19:19,450] Epoch 9 - Training loss: 0.603972   Test Accuracy: 0.7936
[2026-05-20 22:20:21,172] Epoch 10 - Training loss: 0.608624   Test Accuracy: 0.8466
[2026-05-20 22:21:37,623] Epoch 11 - Training loss: 0.598048   Test Accuracy: 0.7270
[2026-05-20 22:22:38,516] Epoch 12 - Training loss: 0.603663   Test Accuracy: 0.7883
[2026-05-20 22:23:50,866] Epoch 13 - Training loss: 0.616115   Test Accuracy: 0.8616
[2026-05-20 22:24:55,581] Epoch 14 - Training loss: 0.606225   Test Accuracy: 0.8447
[2026-05-20 22:25:58,173] Epoch 15 - Training loss: 0.600033   Test Accuracy: 0.8316
[2026-05-20 22:27:03,919] Epoch 16 - Training loss: 0.596831   Test Accuracy: 0.6436
[2026-05-20 22:28:11,884] Epoch 17 - Training loss: 0.608662   Test Accuracy: 0.7761
[2026-05-20 22:29:20,017] Epoch 18 - Training loss: 0.605226   Test Accuracy: 0.7570
[2026-05-20 22:30:27,007] Epoch 19 - Training loss: 0.608726   Test Accuracy: 0.8075
[2026-05-20 22:31:32,431] Epoch 20 - Training loss: 0.608381   Test Accuracy: 0.5606
[2026-05-20 22:32:39,145] Epoch 21 - Training loss: 0.598824   Test Accuracy: 0.8295
[2026-05-20 22:33:44,080] Epoch 22 - Training loss: 0.604369   Test Accuracy: 0.8774
[2026-05-20 22:34:46,777] Epoch 23 - Training loss: 0.602342   Test Accuracy: 0.7309
[2026-05-20 22:35:55,780] Epoch 24 - Training loss: 0.607387   Test Accuracy: 0.7603
[2026-05-20 22:37:10,093] Epoch 25 - Training loss: 0.610568   Test Accuracy: 0.8518
[2026-05-20 22:38:24,795] Epoch 26 - Training loss: 0.608170   Test Accuracy: 0.8131
[2026-05-20 22:39:35,908] Epoch 27 - Training loss: 0.607217   Test Accuracy: 0.7428
[2026-05-20 22:40:45,331] Epoch 28 - Training loss: 0.594240   Test Accuracy: 0.8632
[2026-05-20 22:42:01,532] Epoch 29 - Training loss: 0.609035   Test Accuracy: 0.8007
[2026-05-20 22:43:12,417] Epoch 30 - Training loss: 0.608323   Test Accuracy: 0.7697
aihwkit path:  /home/bong/analog_stress_test/aihwkit-fork/src/aihwkit/__init__.py
NeurIPS-2025/S2-mnist-CNN.py --CUDA 0 --SETTING Analog SGD --RPU Pow --tau 0.7 --res-gamma 1.0 --res-state 140
Using Device:  cuda:0
Logging to file: runs/MNIST-CNN/Pow-gamma=1.0-state=140/Analog SGD-tau=0.7/events.out.tfevents.1779282551.user.2391002.0

Training Time (s) = 2039.0468769073486
