# CMD: CUDA_VISIBLE_DEVICES=2 PYTHONPATH=/home/bong/analog_stress_test/analog-training SEED=1 python NeurIPS-2025/S2-mnist-CNN.py --CUDA 0 --SETTING Analog SGD --RPU Pow --tau 0.7 --res-gamma 2.0 --res-state 140
[2026-05-20 22:34:57,011] Epoch 0 - Training loss: --------   Test Accuracy: 0.1208
[2026-05-20 22:36:13,984] Epoch 1 - Training loss: 1.138606   Test Accuracy: 0.6646
[2026-05-20 22:37:16,241] Epoch 2 - Training loss: 1.074844   Test Accuracy: 0.7013
[2026-05-20 22:38:16,502] Epoch 3 - Training loss: 1.067566   Test Accuracy: 0.4993
[2026-05-20 22:39:16,906] Epoch 4 - Training loss: 1.066551   Test Accuracy: 0.7404
[2026-05-20 22:40:26,304] Epoch 5 - Training loss: 1.063942   Test Accuracy: 0.5396
[2026-05-20 22:41:30,044] Epoch 6 - Training loss: 1.053579   Test Accuracy: 0.6731
[2026-05-20 22:42:37,788] Epoch 7 - Training loss: 1.046346   Test Accuracy: 0.7544
[2026-05-20 22:43:36,671] Epoch 8 - Training loss: 1.054584   Test Accuracy: 0.7670
[2026-05-20 22:44:43,574] Epoch 9 - Training loss: 1.058932   Test Accuracy: 0.6936
[2026-05-20 22:45:51,241] Epoch 10 - Training loss: 1.051235   Test Accuracy: 0.6626
[2026-05-20 22:47:06,791] Epoch 11 - Training loss: 1.053034   Test Accuracy: 0.5340
[2026-05-20 22:48:16,124] Epoch 12 - Training loss: 1.060232   Test Accuracy: 0.5874
[2026-05-20 22:49:23,756] Epoch 13 - Training loss: 1.048159   Test Accuracy: 0.7910
[2026-05-20 22:50:29,530] Epoch 14 - Training loss: 1.062005   Test Accuracy: 0.7588
[2026-05-20 22:51:42,521] Epoch 15 - Training loss: 1.052768   Test Accuracy: 0.4477
[2026-05-20 22:52:36,913] Epoch 16 - Training loss: 1.053395   Test Accuracy: 0.6962
[2026-05-20 22:53:28,663] Epoch 17 - Training loss: 1.061321   Test Accuracy: 0.8107
[2026-05-20 22:54:19,489] Epoch 18 - Training loss: 1.060849   Test Accuracy: 0.7249
[2026-05-20 22:55:11,833] Epoch 19 - Training loss: 1.056343   Test Accuracy: 0.6514
[2026-05-20 22:56:02,381] Epoch 20 - Training loss: 1.064607   Test Accuracy: 0.6319
[2026-05-20 22:56:59,530] Epoch 21 - Training loss: 1.054646   Test Accuracy: 0.6888
[2026-05-20 22:57:50,538] Epoch 22 - Training loss: 1.059257   Test Accuracy: 0.7611
[2026-05-20 22:59:02,682] Epoch 23 - Training loss: 1.057580   Test Accuracy: 0.6757
[2026-05-20 23:00:09,954] Epoch 24 - Training loss: 1.056639   Test Accuracy: 0.7163
[2026-05-20 23:01:14,621] Epoch 25 - Training loss: 1.054855   Test Accuracy: 0.6051
[2026-05-20 23:02:18,663] Epoch 26 - Training loss: 1.057314   Test Accuracy: 0.6683
[2026-05-20 23:03:23,272] Epoch 27 - Training loss: 1.055831   Test Accuracy: 0.6840
[2026-05-20 23:04:31,463] Epoch 28 - Training loss: 1.056496   Test Accuracy: 0.6408
[2026-05-20 23:05:36,970] Epoch 29 - Training loss: 1.051694   Test Accuracy: 0.4328
[2026-05-20 23:06:49,691] Epoch 30 - Training loss: 1.050664   Test Accuracy: 0.7963
aihwkit path:  /home/bong/analog_stress_test/aihwkit-fork/src/aihwkit/__init__.py
NeurIPS-2025/S2-mnist-CNN.py --CUDA 0 --SETTING Analog SGD --RPU Pow --tau 0.7 --res-gamma 2.0 --res-state 140
Using Device:  cuda:0
Logging to file: runs/MNIST-CNN/Pow-gamma=2.0-state=140/Analog SGD-tau=0.7/events.out.tfevents.1779284091.user.2393859.0

Training Time (s) = 1916.5492775440216
