# CMD: CUDA_VISIBLE_DEVICES=2 PYTHONPATH=/home/bong/analog_stress_test/analog-training SEED=3 python NeurIPS-2025/S2-mnist-CNN.py --CUDA 0 --SETTING Analog SGD --RPU Pow --tau 0.7 --res-gamma 2.0 --res-state 140
[2026-05-20 23:07:01,650] Epoch 0 - Training loss: --------   Test Accuracy: 0.1306
[2026-05-20 23:07:54,924] Epoch 1 - Training loss: 1.111860   Test Accuracy: 0.5790
[2026-05-20 23:09:02,091] Epoch 2 - Training loss: 1.072457   Test Accuracy: 0.6797
[2026-05-20 23:10:08,795] Epoch 3 - Training loss: 1.056561   Test Accuracy: 0.6763
[2026-05-20 23:11:14,306] Epoch 4 - Training loss: 1.063580   Test Accuracy: 0.5247
[2026-05-20 23:12:21,039] Epoch 5 - Training loss: 1.049179   Test Accuracy: 0.7034
[2026-05-20 23:13:26,069] Epoch 6 - Training loss: 1.052932   Test Accuracy: 0.6749
[2026-05-20 23:14:30,333] Epoch 7 - Training loss: 1.049522   Test Accuracy: 0.4661
[2026-05-20 23:15:31,667] Epoch 8 - Training loss: 1.060466   Test Accuracy: 0.7011
[2026-05-20 23:16:34,052] Epoch 9 - Training loss: 1.045788   Test Accuracy: 0.5460
[2026-05-20 23:17:41,840] Epoch 10 - Training loss: 1.052990   Test Accuracy: 0.6145
[2026-05-20 23:18:47,479] Epoch 11 - Training loss: 1.051869   Test Accuracy: 0.5336
[2026-05-20 23:20:04,977] Epoch 12 - Training loss: 1.049947   Test Accuracy: 0.5474
[2026-05-20 23:21:30,294] Epoch 13 - Training loss: 1.055562   Test Accuracy: 0.4066
[2026-05-20 23:22:40,693] Epoch 14 - Training loss: 1.067763   Test Accuracy: 0.6905
[2026-05-20 23:23:52,961] Epoch 15 - Training loss: 1.058406   Test Accuracy: 0.7456
[2026-05-20 23:25:04,071] Epoch 16 - Training loss: 1.050302   Test Accuracy: 0.4444
[2026-05-20 23:26:15,284] Epoch 17 - Training loss: 1.049428   Test Accuracy: 0.6543
[2026-05-20 23:27:27,254] Epoch 18 - Training loss: 1.059084   Test Accuracy: 0.5507
[2026-05-20 23:28:48,063] Epoch 19 - Training loss: 1.057707   Test Accuracy: 0.6004
[2026-05-20 23:30:01,684] Epoch 20 - Training loss: 1.053577   Test Accuracy: 0.2731
[2026-05-20 23:31:16,528] Epoch 21 - Training loss: 1.053166   Test Accuracy: 0.6367
[2026-05-20 23:32:37,012] Epoch 22 - Training loss: 1.061523   Test Accuracy: 0.6373
[2026-05-20 23:33:46,809] Epoch 23 - Training loss: 1.054916   Test Accuracy: 0.6644
[2026-05-20 23:35:03,748] Epoch 24 - Training loss: 1.056371   Test Accuracy: 0.5614
[2026-05-20 23:36:13,190] Epoch 25 - Training loss: 1.052687   Test Accuracy: 0.6817
[2026-05-20 23:37:17,365] Epoch 26 - Training loss: 1.050266   Test Accuracy: 0.5221
[2026-05-20 23:38:34,946] Epoch 27 - Training loss: 1.064454   Test Accuracy: 0.6419
[2026-05-20 23:39:47,894] Epoch 28 - Training loss: 1.057142   Test Accuracy: 0.7705
[2026-05-20 23:40:57,825] Epoch 29 - Training loss: 1.055033   Test Accuracy: 0.6166
[2026-05-20 23:42:22,388] Epoch 30 - Training loss: 1.064712   Test Accuracy: 0.6250
aihwkit path:  /home/bong/analog_stress_test/aihwkit-fork/src/aihwkit/__init__.py
NeurIPS-2025/S2-mnist-CNN.py --CUDA 0 --SETTING Analog SGD --RPU Pow --tau 0.7 --res-gamma 2.0 --res-state 140
Using Device:  cuda:0
Logging to file: runs/MNIST-CNN/Pow-gamma=2.0-state=140/Analog SGD-tau=0.7/events.out.tfevents.1779286014.user.2395180.0

Training Time (s) = 2125.4184777736664
