# CMD: CUDA_VISIBLE_DEVICES=2 PYTHONPATH=/home/bong/analog_stress_test/analog-training SEED=2 python NeurIPS-2025/S2-mnist-CNN.py --CUDA 0 --SETTING Analog SGD --RPU Pow --tau 0.7 --res-gamma 0.1 --res-state 140
[2026-05-20 20:19:33,350] Epoch 0 - Training loss: --------   Test Accuracy: 0.1319
[2026-05-20 20:20:50,942] Epoch 1 - Training loss: 0.296418   Test Accuracy: 0.9474
[2026-05-20 20:22:10,512] Epoch 2 - Training loss: 0.176946   Test Accuracy: 0.9438
[2026-05-20 20:23:24,055] Epoch 3 - Training loss: 0.195616   Test Accuracy: 0.9526
[2026-05-20 20:24:40,279] Epoch 4 - Training loss: 0.211832   Test Accuracy: 0.7593
[2026-05-20 20:25:53,353] Epoch 5 - Training loss: 0.456501   Test Accuracy: 0.8356
[2026-05-20 20:26:59,063] Epoch 6 - Training loss: 0.503820   Test Accuracy: 0.7068
[2026-05-20 20:28:13,455] Epoch 7 - Training loss: 0.710498   Test Accuracy: 0.8668
[2026-05-20 20:29:22,060] Epoch 8 - Training loss: 0.734600   Test Accuracy: 0.8038
[2026-05-20 20:30:28,179] Epoch 9 - Training loss: 0.504853   Test Accuracy: 0.7474
[2026-05-20 20:31:34,205] Epoch 10 - Training loss: 0.513993   Test Accuracy: 0.9351
[2026-05-20 20:32:42,821] Epoch 11 - Training loss: 0.400539   Test Accuracy: 0.9489
[2026-05-20 20:33:54,878] Epoch 12 - Training loss: 0.283986   Test Accuracy: 0.9158
[2026-05-20 20:35:04,938] Epoch 13 - Training loss: 0.471611   Test Accuracy: 0.8971
[2026-05-20 20:36:10,627] Epoch 14 - Training loss: 0.548337   Test Accuracy: 0.8794
[2026-05-20 20:37:19,457] Epoch 15 - Training loss: 0.740603   Test Accuracy: 0.6201
[2026-05-20 20:38:28,389] Epoch 16 - Training loss: 0.440588   Test Accuracy: 0.9059
[2026-05-20 20:39:43,886] Epoch 17 - Training loss: 0.506824   Test Accuracy: 0.8455
[2026-05-20 20:40:57,297] Epoch 18 - Training loss: 0.302410   Test Accuracy: 0.9428
[2026-05-20 20:42:11,118] Epoch 19 - Training loss: 0.188444   Test Accuracy: 0.9244
[2026-05-20 20:43:21,840] Epoch 20 - Training loss: 0.448788   Test Accuracy: 0.8970
[2026-05-20 20:44:32,449] Epoch 21 - Training loss: 0.670699   Test Accuracy: 0.6735
[2026-05-20 20:45:37,527] Epoch 22 - Training loss: 0.510085   Test Accuracy: 0.8070
[2026-05-20 20:46:35,540] Epoch 23 - Training loss: 0.533856   Test Accuracy: 0.8854
[2026-05-20 20:47:46,790] Epoch 24 - Training loss: 0.741514   Test Accuracy: 0.7150
[2026-05-20 20:48:55,393] Epoch 25 - Training loss: 0.786921   Test Accuracy: 0.7801
[2026-05-20 20:50:06,145] Epoch 26 - Training loss: 0.683214   Test Accuracy: 0.8416
[2026-05-20 20:51:24,177] Epoch 27 - Training loss: 0.314910   Test Accuracy: 0.9468
[2026-05-20 20:52:37,623] Epoch 28 - Training loss: 0.671962   Test Accuracy: 0.6911
[2026-05-20 20:53:49,229] Epoch 29 - Training loss: 0.885585   Test Accuracy: 0.4419
[2026-05-20 20:54:57,125] Epoch 30 - Training loss: 0.716232   Test Accuracy: 0.7049
aihwkit path:  /home/bong/analog_stress_test/aihwkit-fork/src/aihwkit/__init__.py
NeurIPS-2025/S2-mnist-CNN.py --CUDA 0 --SETTING Analog SGD --RPU Pow --tau 0.7 --res-gamma 0.1 --res-state 140
Using Device:  cuda:0
Logging to file: runs/MNIST-CNN/Pow-gamma=0.1-state=140/Analog SGD-tau=0.7/events.out.tfevents.1779275966.user.2348729.0

Training Time (s) = 2127.92627620697
