# CMD: CUDA_VISIBLE_DEVICES=3 PYTHONPATH=/home/bong/analog_stress_test/analog-training SEED=1 INP_RES=0.07142857142857142 OUT_RES=0.007936507936507936 INP_NOISE=0.1 OUT_NOISE=0.1 python NeurIPS-2025/S2-mnist-FCN.py --CUDA 0 --SETTING RL-v2 --RPU Pow --tau 0.7 --res-gamma 0.5 --res-state 140
[2026-05-22 23:40:30,755] Epoch 0 - Training loss: --------   Test Accuracy: 0.1024
[2026-05-22 23:42:02,211] Epoch 1 - Training loss: 2.082025   Test Accuracy: 0.6510
[2026-05-22 23:43:34,608] Epoch 2 - Training loss: 0.595957   Test Accuracy: 0.8807
[2026-05-22 23:45:05,366] Epoch 3 - Training loss: 0.358569   Test Accuracy: 0.9156
[2026-05-22 23:46:39,341] Epoch 4 - Training loss: 0.297401   Test Accuracy: 0.9190
[2026-05-22 23:48:13,642] Epoch 5 - Training loss: 0.275483   Test Accuracy: 0.9067
[2026-05-22 23:49:47,391] Epoch 6 - Training loss: 0.276561   Test Accuracy: 0.9207
[2026-05-22 23:51:22,321] Epoch 7 - Training loss: 0.268837   Test Accuracy: 0.9188
[2026-05-22 23:52:57,100] Epoch 8 - Training loss: 0.262066   Test Accuracy: 0.9278
[2026-05-22 23:54:31,395] Epoch 9 - Training loss: 0.254055   Test Accuracy: 0.9238
[2026-05-22 23:56:05,798] Epoch 10 - Training loss: 0.246964   Test Accuracy: 0.9248
[2026-05-22 23:57:40,581] Epoch 11 - Training loss: 0.244469   Test Accuracy: 0.9260
[2026-05-22 23:59:16,282] Epoch 12 - Training loss: 0.234429   Test Accuracy: 0.9321
[2026-05-23 00:00:51,936] Epoch 13 - Training loss: 0.229387   Test Accuracy: 0.9318
[2026-05-23 00:02:27,446] Epoch 14 - Training loss: 0.223004   Test Accuracy: 0.9341
[2026-05-23 00:04:03,141] Epoch 15 - Training loss: 0.217224   Test Accuracy: 0.9345
[2026-05-23 00:05:39,286] Epoch 16 - Training loss: 0.208532   Test Accuracy: 0.9389
[2026-05-23 00:07:14,482] Epoch 17 - Training loss: 0.206977   Test Accuracy: 0.9373
[2026-05-23 00:08:49,463] Epoch 18 - Training loss: 0.203247   Test Accuracy: 0.9379
[2026-05-23 00:10:24,591] Epoch 19 - Training loss: 0.197956   Test Accuracy: 0.9375
[2026-05-23 00:11:58,142] Epoch 20 - Training loss: 0.196682   Test Accuracy: 0.9396
[2026-05-23 00:13:33,765] Epoch 21 - Training loss: 0.192361   Test Accuracy: 0.9400
[2026-05-23 00:15:05,332] Epoch 22 - Training loss: 0.189546   Test Accuracy: 0.9390
[2026-05-23 00:16:39,446] Epoch 23 - Training loss: 0.191111   Test Accuracy: 0.9381
[2026-05-23 00:18:13,960] Epoch 24 - Training loss: 0.187098   Test Accuracy: 0.9411
[2026-05-23 00:19:48,207] Epoch 25 - Training loss: 0.185960   Test Accuracy: 0.9404
[2026-05-23 00:21:22,517] Epoch 26 - Training loss: 0.187544   Test Accuracy: 0.9384
[2026-05-23 00:22:56,449] Epoch 27 - Training loss: 0.180423   Test Accuracy: 0.9429
[2026-05-23 00:24:33,769] Epoch 28 - Training loss: 0.181700   Test Accuracy: 0.9379
[2026-05-23 00:26:07,767] Epoch 29 - Training loss: 0.179633   Test Accuracy: 0.9369
[2026-05-23 00:27:40,685] Epoch 30 - Training loss: 0.179821   Test Accuracy: 0.9424
aihwkit path:  /home/bong/analog_stress_test/aihwkit-fork/src/aihwkit/__init__.py
NeurIPS-2025/S2-mnist-FCN.py --CUDA 0 --SETTING RL-v2 --RPU Pow --tau 0.7 --res-gamma 0.5 --res-state 140
Using Device:  cuda:0
Logging to file: runs/MNIST-FCN/Pow-gamma=0.5-state=140/RL-v2-tau=0.7/events.out.tfevents.1779460823.user.254350.0

Training Time (s) = 2834.615860939026
