# CMD: CUDA_VISIBLE_DEVICES=3 PYTHONPATH=/home/bong/analog_stress_test/analog-training SEED=2 INP_RES=0.016129032258064516 OUT_RES=0.003937007874015748 INP_NOISE=0.06 OUT_NOISE=0.06 python NeurIPS-2025/S2-mnist-FCN.py --CUDA 0 --SETTING RL-v2 --RPU Pow --tau 0.7 --res-gamma 0.5 --res-state 140
[2026-05-22 22:49:17,744] Epoch 0 - Training loss: --------   Test Accuracy: 0.1009
[2026-05-22 22:50:45,282] Epoch 1 - Training loss: 1.855002   Test Accuracy: 0.8704
[2026-05-22 22:52:16,205] Epoch 2 - Training loss: 0.372595   Test Accuracy: 0.9278
[2026-05-22 22:53:49,629] Epoch 3 - Training loss: 0.206558   Test Accuracy: 0.9503
[2026-05-22 22:55:27,459] Epoch 4 - Training loss: 0.157531   Test Accuracy: 0.9512
[2026-05-22 22:57:06,320] Epoch 5 - Training loss: 0.151595   Test Accuracy: 0.9494
[2026-05-22 22:58:47,928] Epoch 6 - Training loss: 0.151740   Test Accuracy: 0.9470
[2026-05-22 23:00:30,207] Epoch 7 - Training loss: 0.151643   Test Accuracy: 0.9510
[2026-05-22 23:02:12,122] Epoch 8 - Training loss: 0.155680   Test Accuracy: 0.9480
[2026-05-22 23:03:56,037] Epoch 9 - Training loss: 0.152557   Test Accuracy: 0.9504
[2026-05-22 23:05:39,918] Epoch 10 - Training loss: 0.151562   Test Accuracy: 0.9497
[2026-05-22 23:07:23,733] Epoch 11 - Training loss: 0.149119   Test Accuracy: 0.9491
[2026-05-22 23:09:07,466] Epoch 12 - Training loss: 0.154408   Test Accuracy: 0.9487
[2026-05-22 23:10:51,825] Epoch 13 - Training loss: 0.153473   Test Accuracy: 0.9459
[2026-05-22 23:12:36,520] Epoch 14 - Training loss: 0.155991   Test Accuracy: 0.9478
[2026-05-22 23:14:20,916] Epoch 15 - Training loss: 0.158299   Test Accuracy: 0.9475
[2026-05-22 23:16:04,466] Epoch 16 - Training loss: 0.155173   Test Accuracy: 0.9460
[2026-05-22 23:17:48,552] Epoch 17 - Training loss: 0.153554   Test Accuracy: 0.9467
[2026-05-22 23:19:32,160] Epoch 18 - Training loss: 0.153104   Test Accuracy: 0.9450
[2026-05-22 23:21:17,411] Epoch 19 - Training loss: 0.155247   Test Accuracy: 0.9443
[2026-05-22 23:23:02,638] Epoch 20 - Training loss: 0.151246   Test Accuracy: 0.9476
[2026-05-22 23:24:43,706] Epoch 21 - Training loss: 0.154459   Test Accuracy: 0.9480
[2026-05-22 23:26:28,637] Epoch 22 - Training loss: 0.151808   Test Accuracy: 0.9494
[2026-05-22 23:28:13,451] Epoch 23 - Training loss: 0.154016   Test Accuracy: 0.9465
[2026-05-22 23:29:56,655] Epoch 24 - Training loss: 0.151039   Test Accuracy: 0.9463
[2026-05-22 23:31:39,746] Epoch 25 - Training loss: 0.152216   Test Accuracy: 0.9494
[2026-05-22 23:33:23,899] Epoch 26 - Training loss: 0.147168   Test Accuracy: 0.9443
[2026-05-22 23:35:07,565] Epoch 27 - Training loss: 0.151359   Test Accuracy: 0.9475
[2026-05-22 23:36:51,642] Epoch 28 - Training loss: 0.146002   Test Accuracy: 0.9476
[2026-05-22 23:38:35,626] Epoch 29 - Training loss: 0.147121   Test Accuracy: 0.9488
[2026-05-22 23:40:19,976] Epoch 30 - Training loss: 0.148703   Test Accuracy: 0.9445
aihwkit path:  /home/bong/analog_stress_test/aihwkit-fork/src/aihwkit/__init__.py
NeurIPS-2025/S2-mnist-FCN.py --CUDA 0 --SETTING RL-v2 --RPU Pow --tau 0.7 --res-gamma 0.5 --res-state 140
Using Device:  cuda:0
Logging to file: runs/MNIST-FCN/Pow-gamma=0.5-state=140/RL-v2-tau=0.7/events.out.tfevents.1779457750.user.247381.0

Training Time (s) = 3066.6262254714966
