# CMD: CUDA_VISIBLE_DEVICES=3 PYTHONPATH=/home/bong/analog_stress_test/analog-training SEED=2 INP_RES=0.003937007874015748 OUT_RES=0.00196078431372549 INP_NOISE=0.06 OUT_NOISE=0.06 python NeurIPS-2025/S2-mnist-FCN.py --CUDA 0 --SETTING RL-v2 --RPU Pow --tau 0.7 --res-gamma 0.5 --res-state 140
[2026-05-22 21:41:59,202] Epoch 0 - Training loss: --------   Test Accuracy: 0.1009
[2026-05-22 21:43:27,436] Epoch 1 - Training loss: 1.985679   Test Accuracy: 0.8750
[2026-05-22 21:44:58,297] Epoch 2 - Training loss: 0.406269   Test Accuracy: 0.9165
[2026-05-22 21:46:31,573] Epoch 3 - Training loss: 0.219321   Test Accuracy: 0.9529
[2026-05-22 21:48:10,555] Epoch 4 - Training loss: 0.178594   Test Accuracy: 0.9494
[2026-05-22 21:49:51,540] Epoch 5 - Training loss: 0.168798   Test Accuracy: 0.9476
[2026-05-22 21:51:33,039] Epoch 6 - Training loss: 0.162059   Test Accuracy: 0.9480
[2026-05-22 21:53:15,000] Epoch 7 - Training loss: 0.160666   Test Accuracy: 0.9462
[2026-05-22 21:54:58,297] Epoch 8 - Training loss: 0.161033   Test Accuracy: 0.9475
[2026-05-22 21:56:41,541] Epoch 9 - Training loss: 0.162758   Test Accuracy: 0.9466
[2026-05-22 21:58:23,396] Epoch 10 - Training loss: 0.168987   Test Accuracy: 0.9448
[2026-05-22 22:00:05,428] Epoch 11 - Training loss: 0.165781   Test Accuracy: 0.9437
[2026-05-22 22:01:48,358] Epoch 12 - Training loss: 0.168240   Test Accuracy: 0.9413
[2026-05-22 22:03:32,146] Epoch 13 - Training loss: 0.165328   Test Accuracy: 0.9403
[2026-05-22 22:05:14,811] Epoch 14 - Training loss: 0.166572   Test Accuracy: 0.9427
[2026-05-22 22:06:55,235] Epoch 15 - Training loss: 0.170099   Test Accuracy: 0.9428
[2026-05-22 22:08:36,836] Epoch 16 - Training loss: 0.165496   Test Accuracy: 0.9416
[2026-05-22 22:10:21,385] Epoch 17 - Training loss: 0.168292   Test Accuracy: 0.9405
[2026-05-22 22:12:06,148] Epoch 18 - Training loss: 0.169027   Test Accuracy: 0.9388
[2026-05-22 22:13:51,851] Epoch 19 - Training loss: 0.171439   Test Accuracy: 0.9422
[2026-05-22 22:15:36,603] Epoch 20 - Training loss: 0.175702   Test Accuracy: 0.9435
[2026-05-22 22:17:18,256] Epoch 21 - Training loss: 0.177135   Test Accuracy: 0.9397
[2026-05-22 22:19:02,851] Epoch 22 - Training loss: 0.181655   Test Accuracy: 0.9425
[2026-05-22 22:20:45,909] Epoch 23 - Training loss: 0.180753   Test Accuracy: 0.9407
[2026-05-22 22:22:29,467] Epoch 24 - Training loss: 0.178204   Test Accuracy: 0.9381
[2026-05-22 22:24:13,590] Epoch 25 - Training loss: 0.180799   Test Accuracy: 0.9389
[2026-05-22 22:25:54,268] Epoch 26 - Training loss: 0.176954   Test Accuracy: 0.9359
[2026-05-22 22:27:37,950] Epoch 27 - Training loss: 0.181708   Test Accuracy: 0.9362
[2026-05-22 22:29:22,514] Epoch 28 - Training loss: 0.179611   Test Accuracy: 0.9319
[2026-05-22 22:31:05,319] Epoch 29 - Training loss: 0.184066   Test Accuracy: 0.9359
[2026-05-22 22:32:48,569] Epoch 30 - Training loss: 0.188841   Test Accuracy: 0.9388
aihwkit path:  /home/bong/analog_stress_test/aihwkit-fork/src/aihwkit/__init__.py
NeurIPS-2025/S2-mnist-FCN.py --CUDA 0 --SETTING RL-v2 --RPU Pow --tau 0.7 --res-gamma 0.5 --res-state 140
Using Device:  cuda:0
Logging to file: runs/MNIST-FCN/Pow-gamma=0.5-state=140/RL-v2-tau=0.7/events.out.tfevents.1779453712.user.234285.0

Training Time (s) = 3053.6749379634857
