# CMD: CUDA_VISIBLE_DEVICES=3 PYTHONPATH=/home/bong/analog_stress_test/analog-training SEED=3 INP_RES=0.016129032258064516 OUT_RES=0.003937007874015748 INP_NOISE=0.06 OUT_NOISE=0.06 python NeurIPS-2025/S2-mnist-FCN.py --CUDA 0 --SETTING RL-v2 --RPU Pow --tau 0.7 --res-gamma 0.5 --res-state 140
[2026-05-22 23:24:05,831] Epoch 0 - Training loss: --------   Test Accuracy: 0.0929
[2026-05-22 23:25:32,110] Epoch 1 - Training loss: 2.065157   Test Accuracy: 0.8580
[2026-05-22 23:26:59,275] Epoch 2 - Training loss: 0.414022   Test Accuracy: 0.9289
[2026-05-22 23:28:32,051] Epoch 3 - Training loss: 0.212359   Test Accuracy: 0.9445
[2026-05-22 23:30:09,341] Epoch 4 - Training loss: 0.164695   Test Accuracy: 0.9473
[2026-05-22 23:31:49,121] Epoch 5 - Training loss: 0.140781   Test Accuracy: 0.9567
[2026-05-22 23:33:27,544] Epoch 6 - Training loss: 0.137472   Test Accuracy: 0.9513
[2026-05-22 23:35:09,168] Epoch 7 - Training loss: 0.141171   Test Accuracy: 0.9485
[2026-05-22 23:36:53,271] Epoch 8 - Training loss: 0.147698   Test Accuracy: 0.9478
[2026-05-22 23:38:31,987] Epoch 9 - Training loss: 0.154104   Test Accuracy: 0.9494
[2026-05-22 23:40:16,132] Epoch 10 - Training loss: 0.156937   Test Accuracy: 0.9435
[2026-05-22 23:41:57,284] Epoch 11 - Training loss: 0.164643   Test Accuracy: 0.9439
[2026-05-22 23:43:39,855] Epoch 12 - Training loss: 0.169230   Test Accuracy: 0.9445
[2026-05-22 23:45:21,331] Epoch 13 - Training loss: 0.173904   Test Accuracy: 0.9401
[2026-05-22 23:47:06,196] Epoch 14 - Training loss: 0.172587   Test Accuracy: 0.9448
[2026-05-22 23:48:52,006] Epoch 15 - Training loss: 0.167659   Test Accuracy: 0.9422
[2026-05-22 23:50:38,638] Epoch 16 - Training loss: 0.166272   Test Accuracy: 0.9450
[2026-05-22 23:52:25,167] Epoch 17 - Training loss: 0.165107   Test Accuracy: 0.9422
[2026-05-22 23:54:08,868] Epoch 18 - Training loss: 0.166819   Test Accuracy: 0.9435
[2026-05-22 23:55:51,876] Epoch 19 - Training loss: 0.170279   Test Accuracy: 0.9438
[2026-05-22 23:57:33,625] Epoch 20 - Training loss: 0.165982   Test Accuracy: 0.9412
[2026-05-22 23:59:14,189] Epoch 21 - Training loss: 0.166373   Test Accuracy: 0.9455
[2026-05-23 00:00:56,160] Epoch 22 - Training loss: 0.167253   Test Accuracy: 0.9420
[2026-05-23 00:02:39,381] Epoch 23 - Training loss: 0.163142   Test Accuracy: 0.9457
[2026-05-23 00:04:21,100] Epoch 24 - Training loss: 0.159455   Test Accuracy: 0.9414
[2026-05-23 00:06:03,825] Epoch 25 - Training loss: 0.166669   Test Accuracy: 0.9444
[2026-05-23 00:07:47,887] Epoch 26 - Training loss: 0.164239   Test Accuracy: 0.9433
[2026-05-23 00:09:31,026] Epoch 27 - Training loss: 0.159577   Test Accuracy: 0.9435
[2026-05-23 00:11:18,064] Epoch 28 - Training loss: 0.157798   Test Accuracy: 0.9433
[2026-05-23 00:13:02,743] Epoch 29 - Training loss: 0.158025   Test Accuracy: 0.9455
[2026-05-23 00:14:48,151] Epoch 30 - Training loss: 0.161716   Test Accuracy: 0.9439
aihwkit path:  /home/bong/analog_stress_test/aihwkit-fork/src/aihwkit/__init__.py
NeurIPS-2025/S2-mnist-FCN.py --CUDA 0 --SETTING RL-v2 --RPU Pow --tau 0.7 --res-gamma 0.5 --res-state 140
Using Device:  cuda:0
Logging to file: runs/MNIST-FCN/Pow-gamma=0.5-state=140/RL-v2-tau=0.7/events.out.tfevents.1779459838.user.252898.0

Training Time (s) = 3047.0172641277313
