# CMD: CUDA_VISIBLE_DEVICES=2 PYTHONPATH=/home/bong/analog_stress_test/analog-training SEED=1 python NeurIPS-2025/S2-mnist-CNN.py --CUDA 0 --SETTING RL-v2 --RPU Pow --tau 0.7 --res-gamma 1.0 --res-state 140
[2026-05-22 01:40:47,963] Epoch 0 - Training loss: --------   Test Accuracy: 0.1416
[2026-05-22 01:42:20,646] Epoch 1 - Training loss: 0.445893   Test Accuracy: 0.9427
[2026-05-22 01:43:57,288] Epoch 2 - Training loss: 0.158851   Test Accuracy: 0.9673
[2026-05-22 01:45:35,984] Epoch 3 - Training loss: 0.098451   Test Accuracy: 0.9759
[2026-05-22 01:47:14,317] Epoch 4 - Training loss: 0.075267   Test Accuracy: 0.9832
[2026-05-22 01:48:53,860] Epoch 5 - Training loss: 0.059015   Test Accuracy: 0.9848
[2026-05-22 01:50:34,067] Epoch 6 - Training loss: 0.050485   Test Accuracy: 0.9805
[2026-05-22 01:52:13,380] Epoch 7 - Training loss: 0.046446   Test Accuracy: 0.9875
[2026-05-22 01:53:52,643] Epoch 8 - Training loss: 0.041179   Test Accuracy: 0.9847
[2026-05-22 01:55:35,521] Epoch 9 - Training loss: 0.037930   Test Accuracy: 0.9844
[2026-05-22 01:57:14,088] Epoch 10 - Training loss: 0.033991   Test Accuracy: 0.9873
[2026-05-22 01:58:51,950] Epoch 11 - Training loss: 0.033616   Test Accuracy: 0.9880
[2026-05-22 02:00:32,116] Epoch 12 - Training loss: 0.030004   Test Accuracy: 0.9862
[2026-05-22 02:02:11,028] Epoch 13 - Training loss: 0.029659   Test Accuracy: 0.9850
[2026-05-22 02:03:49,871] Epoch 14 - Training loss: 0.028880   Test Accuracy: 0.9855
[2026-05-22 02:05:27,870] Epoch 15 - Training loss: 0.026974   Test Accuracy: 0.9871
[2026-05-22 02:07:07,576] Epoch 16 - Training loss: 0.026682   Test Accuracy: 0.9883
[2026-05-22 02:08:47,512] Epoch 17 - Training loss: 0.025075   Test Accuracy: 0.9834
[2026-05-22 02:10:28,571] Epoch 18 - Training loss: 0.024080   Test Accuracy: 0.9875
[2026-05-22 02:12:11,213] Epoch 19 - Training loss: 0.023189   Test Accuracy: 0.9873
[2026-05-22 02:13:46,819] Epoch 20 - Training loss: 0.023643   Test Accuracy: 0.9865
[2026-05-22 02:15:26,804] Epoch 21 - Training loss: 0.022127   Test Accuracy: 0.9835
[2026-05-22 02:17:06,647] Epoch 22 - Training loss: 0.022771   Test Accuracy: 0.9880
[2026-05-22 02:18:45,548] Epoch 23 - Training loss: 0.022116   Test Accuracy: 0.9872
[2026-05-22 02:20:25,499] Epoch 24 - Training loss: 0.020924   Test Accuracy: 0.9855
[2026-05-22 02:21:58,520] Epoch 25 - Training loss: 0.021527   Test Accuracy: 0.9850
[2026-05-22 02:23:35,879] Epoch 26 - Training loss: 0.021243   Test Accuracy: 0.9865
[2026-05-22 02:25:13,068] Epoch 27 - Training loss: 0.022150   Test Accuracy: 0.9852
[2026-05-22 02:26:53,666] Epoch 28 - Training loss: 0.020094   Test Accuracy: 0.9826
[2026-05-22 02:28:33,849] Epoch 29 - Training loss: 0.021068   Test Accuracy: 0.9858
[2026-05-22 02:30:13,647] Epoch 30 - Training loss: 0.019861   Test Accuracy: 0.9848
aihwkit path:  /home/bong/analog_stress_test/aihwkit-fork/src/aihwkit/__init__.py
NeurIPS-2025/S2-mnist-CNN.py --CUDA 0 --SETTING RL-v2 --RPU Pow --tau 0.7 --res-gamma 1.0 --res-state 140
Using Device:  cuda:0
Logging to file: runs/MNIST-CNN/Pow-gamma=1.0-state=140/RL-v2-tau=0.7/events.out.tfevents.1779381641.user.167008.0

Training Time (s) = 2969.681121826172
