# CMD: CUDA_VISIBLE_DEVICES=2 PYTHONPATH=/home/bong/analog_stress_test/analog-training SEED=3 python NeurIPS-2025/S2-mnist-CNN.py --CUDA 0 --SETTING RL-v2 --RPU Pow --tau 0.7 --res-gamma 8.0 --res-state 140
[2026-05-22 06:41:18,456] Epoch 0 - Training loss: --------   Test Accuracy: 0.1353
[2026-05-22 06:43:31,639] Epoch 1 - Training loss: 1.181005   Test Accuracy: 0.7242
[2026-05-22 06:45:40,469] Epoch 2 - Training loss: 0.807456   Test Accuracy: 0.7560
[2026-05-22 06:47:51,496] Epoch 3 - Training loss: 0.729565   Test Accuracy: 0.7713
[2026-05-22 06:49:58,841] Epoch 4 - Training loss: 0.698206   Test Accuracy: 0.7817
[2026-05-22 06:52:02,549] Epoch 5 - Training loss: 0.678159   Test Accuracy: 0.7924
[2026-05-22 06:53:47,441] Epoch 6 - Training loss: 0.667335   Test Accuracy: 0.7505
[2026-05-22 06:55:33,219] Epoch 7 - Training loss: 0.661344   Test Accuracy: 0.7839
[2026-05-22 06:57:14,612] Epoch 8 - Training loss: 0.653911   Test Accuracy: 0.8068
[2026-05-22 06:59:01,634] Epoch 9 - Training loss: 0.652060   Test Accuracy: 0.7961
[2026-05-22 07:00:52,084] Epoch 10 - Training loss: 0.658460   Test Accuracy: 0.8127
[2026-05-22 07:02:47,353] Epoch 11 - Training loss: 0.656459   Test Accuracy: 0.7682
[2026-05-22 07:04:35,388] Epoch 12 - Training loss: 0.654416   Test Accuracy: 0.7869
[2026-05-22 07:06:20,840] Epoch 13 - Training loss: 0.662245   Test Accuracy: 0.8035
[2026-05-22 07:08:08,505] Epoch 14 - Training loss: 0.665596   Test Accuracy: 0.7892
[2026-05-22 07:09:51,579] Epoch 15 - Training loss: 0.669274   Test Accuracy: 0.7986
[2026-05-22 07:11:35,405] Epoch 16 - Training loss: 0.674834   Test Accuracy: 0.7789
[2026-05-22 07:13:19,735] Epoch 17 - Training loss: 0.685907   Test Accuracy: 0.7636
[2026-05-22 07:15:06,836] Epoch 18 - Training loss: 0.686866   Test Accuracy: 0.7659
[2026-05-22 07:16:54,908] Epoch 19 - Training loss: 0.690435   Test Accuracy: 0.7902
[2026-05-22 07:18:38,086] Epoch 20 - Training loss: 0.699083   Test Accuracy: 0.7500
[2026-05-22 07:20:24,623] Epoch 21 - Training loss: 0.694840   Test Accuracy: 0.7868
[2026-05-22 07:22:08,527] Epoch 22 - Training loss: 0.695673   Test Accuracy: 0.7874
[2026-05-22 07:23:52,683] Epoch 23 - Training loss: 0.707369   Test Accuracy: 0.7886
[2026-05-22 07:25:40,280] Epoch 24 - Training loss: 0.712608   Test Accuracy: 0.7698
[2026-05-22 07:27:21,623] Epoch 25 - Training loss: 0.715226   Test Accuracy: 0.7633
[2026-05-22 07:29:07,865] Epoch 26 - Training loss: 0.722618   Test Accuracy: 0.7758
[2026-05-22 07:30:53,233] Epoch 27 - Training loss: 0.716739   Test Accuracy: 0.7668
[2026-05-22 07:32:36,416] Epoch 28 - Training loss: 0.709255   Test Accuracy: 0.7815
[2026-05-22 07:34:21,266] Epoch 29 - Training loss: 0.707541   Test Accuracy: 0.7752
[2026-05-22 07:36:05,059] Epoch 30 - Training loss: 0.708104   Test Accuracy: 0.7646
aihwkit path:  /home/bong/analog_stress_test/aihwkit-fork/src/aihwkit/__init__.py
NeurIPS-2025/S2-mnist-CNN.py --CUDA 0 --SETTING RL-v2 --RPU Pow --tau 0.7 --res-gamma 8.0 --res-state 140
Using Device:  cuda:0
Logging to file: runs/MNIST-CNN/Pow-gamma=8.0-state=140/RL-v2-tau=0.7/events.out.tfevents.1779399670.user.175300.0

Training Time (s) = 3292.4990406036377
