# CMD: CUDA_VISIBLE_DEVICES=2 PYTHONPATH=/home/bong/analog_stress_test/analog-training SEED=2 python NeurIPS-2025/S2-mnist-CNN.py --CUDA 0 --SETTING RL-v2 --RPU Pow --tau 0.7 --res-gamma 2.0 --res-state 140
[2026-05-22 03:19:24,228] Epoch 0 - Training loss: --------   Test Accuracy: 0.1502
[2026-05-22 03:21:01,460] Epoch 1 - Training loss: 0.651208   Test Accuracy: 0.8856
[2026-05-22 03:22:26,127] Epoch 2 - Training loss: 0.279311   Test Accuracy: 0.9451
[2026-05-22 03:23:51,070] Epoch 3 - Training loss: 0.179720   Test Accuracy: 0.9619
[2026-05-22 03:25:20,200] Epoch 4 - Training loss: 0.136141   Test Accuracy: 0.9696
[2026-05-22 03:26:57,175] Epoch 5 - Training loss: 0.113554   Test Accuracy: 0.9737
[2026-05-22 03:28:33,478] Epoch 6 - Training loss: 0.097011   Test Accuracy: 0.9719
[2026-05-22 03:30:10,351] Epoch 7 - Training loss: 0.087361   Test Accuracy: 0.9783
[2026-05-22 03:31:47,068] Epoch 8 - Training loss: 0.081635   Test Accuracy: 0.9778
[2026-05-22 03:33:25,233] Epoch 9 - Training loss: 0.073512   Test Accuracy: 0.9787
[2026-05-22 03:35:02,490] Epoch 10 - Training loss: 0.069206   Test Accuracy: 0.9804
[2026-05-22 03:36:40,537] Epoch 11 - Training loss: 0.065988   Test Accuracy: 0.9840
[2026-05-22 03:38:18,836] Epoch 12 - Training loss: 0.062496   Test Accuracy: 0.9818
[2026-05-22 03:39:56,865] Epoch 13 - Training loss: 0.058852   Test Accuracy: 0.9818
[2026-05-22 03:41:32,812] Epoch 14 - Training loss: 0.059601   Test Accuracy: 0.9836
[2026-05-22 03:43:08,618] Epoch 15 - Training loss: 0.055695   Test Accuracy: 0.9846
[2026-05-22 03:44:46,751] Epoch 16 - Training loss: 0.053099   Test Accuracy: 0.9842
[2026-05-22 03:46:23,429] Epoch 17 - Training loss: 0.052348   Test Accuracy: 0.9822
[2026-05-22 03:48:01,470] Epoch 18 - Training loss: 0.050178   Test Accuracy: 0.9797
[2026-05-22 03:49:37,269] Epoch 19 - Training loss: 0.050403   Test Accuracy: 0.9771
[2026-05-22 03:51:13,163] Epoch 20 - Training loss: 0.048490   Test Accuracy: 0.9836
[2026-05-22 03:52:51,097] Epoch 21 - Training loss: 0.046439   Test Accuracy: 0.9788
[2026-05-22 03:54:28,065] Epoch 22 - Training loss: 0.045773   Test Accuracy: 0.9851
[2026-05-22 03:56:06,289] Epoch 23 - Training loss: 0.046642   Test Accuracy: 0.9867
[2026-05-22 03:57:43,397] Epoch 24 - Training loss: 0.044004   Test Accuracy: 0.9854
[2026-05-22 03:59:15,750] Epoch 25 - Training loss: 0.044283   Test Accuracy: 0.9805
[2026-05-22 04:00:50,736] Epoch 26 - Training loss: 0.043919   Test Accuracy: 0.9847
[2026-05-22 04:02:24,174] Epoch 27 - Training loss: 0.043468   Test Accuracy: 0.9841
[2026-05-22 04:03:59,265] Epoch 28 - Training loss: 0.043231   Test Accuracy: 0.9827
[2026-05-22 04:05:33,340] Epoch 29 - Training loss: 0.040479   Test Accuracy: 0.9835
[2026-05-22 04:07:07,236] Epoch 30 - Training loss: 0.042267   Test Accuracy: 0.9842
aihwkit path:  /home/bong/analog_stress_test/aihwkit-fork/src/aihwkit/__init__.py
NeurIPS-2025/S2-mnist-CNN.py --CUDA 0 --SETTING RL-v2 --RPU Pow --tau 0.7 --res-gamma 2.0 --res-state 140
Using Device:  cuda:0
Logging to file: runs/MNIST-CNN/Pow-gamma=2.0-state=140/RL-v2-tau=0.7/events.out.tfevents.1779387557.user.169960.0

Training Time (s) = 2867.3662712574005
