# CMD: CUDA_VISIBLE_DEVICES=3 PYTHONPATH=/home/bong/analog_stress_test/analog-training SEED=2 python NeurIPS-2025/S2-mnist-FCN.py --CUDA 0 --SETTING TT-v1 --RPU Pow --tau 0.7 --res-gamma 0.1 --res-state 140
[2026-05-20 14:48:31,976] Epoch 0 - Training loss: --------   Test Accuracy: 0.1008
[2026-05-20 14:49:27,443] Epoch 1 - Training loss: 2.302710   Test Accuracy: 0.1135
[2026-05-20 14:50:22,588] Epoch 2 - Training loss: 2.297882   Test Accuracy: 0.1531
[2026-05-20 14:51:17,288] Epoch 3 - Training loss: 1.505962   Test Accuracy: 0.7945
[2026-05-20 14:52:09,469] Epoch 4 - Training loss: 0.567507   Test Accuracy: 0.8477
[2026-05-20 14:53:00,907] Epoch 5 - Training loss: 0.488774   Test Accuracy: 0.8610
[2026-05-20 14:53:54,672] Epoch 6 - Training loss: 0.460542   Test Accuracy: 0.8687
[2026-05-20 14:54:48,204] Epoch 7 - Training loss: 0.443311   Test Accuracy: 0.8815
[2026-05-20 14:55:41,011] Epoch 8 - Training loss: 0.426450   Test Accuracy: 0.8831
[2026-05-20 14:56:33,208] Epoch 9 - Training loss: 0.422140   Test Accuracy: 0.8731
[2026-05-20 14:57:32,540] Epoch 10 - Training loss: 0.426404   Test Accuracy: 0.8788
[2026-05-20 14:58:26,192] Epoch 11 - Training loss: 0.421787   Test Accuracy: 0.8780
[2026-05-20 14:59:19,152] Epoch 12 - Training loss: 0.420774   Test Accuracy: 0.8855
[2026-05-20 15:00:13,195] Epoch 13 - Training loss: 0.414222   Test Accuracy: 0.8827
[2026-05-20 15:01:08,004] Epoch 14 - Training loss: 0.473549   Test Accuracy: 0.8902
[2026-05-20 15:02:01,972] Epoch 15 - Training loss: 0.393817   Test Accuracy: 0.8867
[2026-05-20 15:02:57,657] Epoch 16 - Training loss: 0.377477   Test Accuracy: 0.8913
[2026-05-20 15:03:57,077] Epoch 17 - Training loss: 0.374876   Test Accuracy: 0.8912
[2026-05-20 15:04:51,697] Epoch 18 - Training loss: 0.374618   Test Accuracy: 0.8920
[2026-05-20 15:05:49,763] Epoch 19 - Training loss: 0.371817   Test Accuracy: 0.8940
[2026-05-20 15:06:47,078] Epoch 20 - Training loss: 0.370667   Test Accuracy: 0.8969
[2026-05-20 15:07:41,801] Epoch 21 - Training loss: 0.369243   Test Accuracy: 0.8925
[2026-05-20 15:08:38,236] Epoch 22 - Training loss: 0.363964   Test Accuracy: 0.8971
[2026-05-20 15:09:35,210] Epoch 23 - Training loss: 0.360492   Test Accuracy: 0.8982
[2026-05-20 15:10:31,245] Epoch 24 - Training loss: 0.358138   Test Accuracy: 0.8970
[2026-05-20 15:11:26,886] Epoch 25 - Training loss: 0.355911   Test Accuracy: 0.8937
[2026-05-20 15:12:22,672] Epoch 26 - Training loss: 0.351352   Test Accuracy: 0.8950
[2026-05-20 15:13:11,676] Epoch 27 - Training loss: 0.350661   Test Accuracy: 0.8954
[2026-05-20 15:14:03,895] Epoch 28 - Training loss: 0.349283   Test Accuracy: 0.8983
[2026-05-20 15:15:00,123] Epoch 29 - Training loss: 0.350415   Test Accuracy: 0.9000
[2026-05-20 15:15:56,064] Epoch 30 - Training loss: 0.348809   Test Accuracy: 0.8973
aihwkit path:  /home/bong/analog_stress_test/aihwkit-fork/src/aihwkit/__init__.py
NeurIPS-2025/S2-mnist-FCN.py --CUDA 0 --SETTING TT-v1 --RPU Pow --tau 0.7 --res-gamma 0.1 --res-state 140
Using Device:  cuda:0
Logging to file: runs/MNIST-FCN/Pow-gamma=0.1-state=140/TT-v1-tau=0.7/events.out.tfevents.1779256106.user.2319082.0

Training Time (s) = 1647.3671216964722
