# CMD: CUDA_VISIBLE_DEVICES=3 PYTHONPATH=/home/bong/analog_stress_test/analog-training SEED=1 python NeurIPS-2025/S2-mnist-FCN.py --CUDA 0 --SETTING TT-v1 --RPU Pow --tau 0.7 --res-gamma 2.0 --res-state 140
[2026-05-20 16:37:48,919] Epoch 0 - Training loss: --------   Test Accuracy: 0.1041
[2026-05-20 16:38:41,982] Epoch 1 - Training loss: 2.302587   Test Accuracy: 0.1035
[2026-05-20 16:39:37,589] Epoch 2 - Training loss: 2.302096   Test Accuracy: 0.1135
[2026-05-20 16:40:34,892] Epoch 3 - Training loss: 2.301246   Test Accuracy: 0.1135
[2026-05-20 16:41:26,657] Epoch 4 - Training loss: 2.293543   Test Accuracy: 0.1710
[2026-05-20 16:42:18,307] Epoch 5 - Training loss: 1.468889   Test Accuracy: 0.8040
[2026-05-20 16:43:14,697] Epoch 6 - Training loss: 0.527270   Test Accuracy: 0.8629
[2026-05-20 16:44:10,685] Epoch 7 - Training loss: 0.440622   Test Accuracy: 0.8755
[2026-05-20 16:45:04,392] Epoch 8 - Training loss: 0.385353   Test Accuracy: 0.8983
[2026-05-20 16:45:58,687] Epoch 9 - Training loss: 0.349526   Test Accuracy: 0.9012
[2026-05-20 16:46:50,653] Epoch 10 - Training loss: 0.327080   Test Accuracy: 0.9076
[2026-05-20 16:47:40,839] Epoch 11 - Training loss: 0.298003   Test Accuracy: 0.9123
[2026-05-20 16:48:32,290] Epoch 12 - Training loss: 0.290764   Test Accuracy: 0.9115
[2026-05-20 16:49:23,307] Epoch 13 - Training loss: 0.289976   Test Accuracy: 0.9149
[2026-05-20 16:50:17,273] Epoch 14 - Training loss: 0.274962   Test Accuracy: 0.9190
[2026-05-20 16:51:07,913] Epoch 15 - Training loss: 0.262512   Test Accuracy: 0.9158
[2026-05-20 16:52:00,293] Epoch 16 - Training loss: 0.254005   Test Accuracy: 0.9219
[2026-05-20 16:52:49,205] Epoch 17 - Training loss: 0.249266   Test Accuracy: 0.9275
[2026-05-20 16:53:43,947] Epoch 18 - Training loss: 0.238371   Test Accuracy: 0.9255
[2026-05-20 16:54:29,616] Epoch 19 - Training loss: 0.239954   Test Accuracy: 0.9205
[2026-05-20 16:55:24,744] Epoch 20 - Training loss: 0.235701   Test Accuracy: 0.9269
[2026-05-20 16:56:18,139] Epoch 21 - Training loss: 0.228585   Test Accuracy: 0.9238
[2026-05-20 16:57:11,074] Epoch 22 - Training loss: 0.231657   Test Accuracy: 0.9238
[2026-05-20 16:58:02,446] Epoch 23 - Training loss: 0.230563   Test Accuracy: 0.9317
[2026-05-20 16:58:53,001] Epoch 24 - Training loss: 0.222040   Test Accuracy: 0.9325
[2026-05-20 16:59:45,436] Epoch 25 - Training loss: 0.217645   Test Accuracy: 0.9311
[2026-05-20 17:00:39,928] Epoch 26 - Training loss: 0.215839   Test Accuracy: 0.9341
[2026-05-20 17:01:31,298] Epoch 27 - Training loss: 0.211029   Test Accuracy: 0.9332
[2026-05-20 17:02:14,741] Epoch 28 - Training loss: 0.211277   Test Accuracy: 0.9364
[2026-05-20 17:03:05,482] Epoch 29 - Training loss: 0.209128   Test Accuracy: 0.9326
[2026-05-20 17:03:59,806] Epoch 30 - Training loss: 0.205043   Test Accuracy: 0.9363
aihwkit path:  /home/bong/analog_stress_test/aihwkit-fork/src/aihwkit/__init__.py
NeurIPS-2025/S2-mnist-FCN.py --CUDA 0 --SETTING TT-v1 --RPU Pow --tau 0.7 --res-gamma 2.0 --res-state 140
Using Device:  cuda:0
Logging to file: runs/MNIST-FCN/Pow-gamma=2.0-state=140/TT-v1-tau=0.7/events.out.tfevents.1779262663.user.2332150.0

Training Time (s) = 1574.1534571647644
