# CMD: CUDA_VISIBLE_DEVICES=3 PYTHONPATH=/home/bong/analog_stress_test/analog-training SEED=3 python NeurIPS-2025/S2-mnist-FCN.py --CUDA 0 --SETTING TT-v1 --RPU Pow --tau 0.7 --res-gamma 0.1 --res-state 140
[2026-05-20 15:13:07,405] Epoch 0 - Training loss: --------   Test Accuracy: 0.0930
[2026-05-20 15:13:59,797] Epoch 1 - Training loss: 2.303425   Test Accuracy: 0.1135
[2026-05-20 15:14:53,999] Epoch 2 - Training loss: 2.303642   Test Accuracy: 0.0980
[2026-05-20 15:15:41,581] Epoch 3 - Training loss: 2.304803   Test Accuracy: 0.1135
[2026-05-20 15:16:29,293] Epoch 4 - Training loss: 2.306310   Test Accuracy: 0.1010
[2026-05-20 15:17:24,918] Epoch 5 - Training loss: 2.284419   Test Accuracy: 0.2568
[2026-05-20 15:18:18,820] Epoch 6 - Training loss: 1.181591   Test Accuracy: 0.8090
[2026-05-20 15:19:11,881] Epoch 7 - Training loss: 0.526194   Test Accuracy: 0.8570
[2026-05-20 15:20:04,486] Epoch 8 - Training loss: 0.478864   Test Accuracy: 0.8623
[2026-05-20 15:20:57,690] Epoch 9 - Training loss: 0.462897   Test Accuracy: 0.8635
[2026-05-20 15:21:49,373] Epoch 10 - Training loss: 0.460273   Test Accuracy: 0.8711
[2026-05-20 15:22:41,431] Epoch 11 - Training loss: 0.458215   Test Accuracy: 0.8604
[2026-05-20 15:23:35,717] Epoch 12 - Training loss: 0.519854   Test Accuracy: 0.8734
[2026-05-20 15:24:26,852] Epoch 13 - Training loss: 0.428972   Test Accuracy: 0.8804
[2026-05-20 15:25:27,467] Epoch 14 - Training loss: 0.414318   Test Accuracy: 0.8882
[2026-05-20 15:26:20,282] Epoch 15 - Training loss: 0.405523   Test Accuracy: 0.8826
[2026-05-20 15:27:15,869] Epoch 16 - Training loss: 0.390626   Test Accuracy: 0.8871
[2026-05-20 15:28:08,109] Epoch 17 - Training loss: 0.389904   Test Accuracy: 0.8896
[2026-05-20 15:28:58,047] Epoch 18 - Training loss: 0.394031   Test Accuracy: 0.8615
[2026-05-20 15:29:55,664] Epoch 19 - Training loss: 0.397024   Test Accuracy: 0.8858
[2026-05-20 15:30:54,214] Epoch 20 - Training loss: 0.393803   Test Accuracy: 0.8839
[2026-05-20 15:31:50,518] Epoch 21 - Training loss: 0.391419   Test Accuracy: 0.8830
[2026-05-20 15:32:46,145] Epoch 22 - Training loss: 0.388569   Test Accuracy: 0.8854
[2026-05-20 15:33:42,031] Epoch 23 - Training loss: 0.384765   Test Accuracy: 0.8883
[2026-05-20 15:34:37,933] Epoch 24 - Training loss: 0.382156   Test Accuracy: 0.8840
[2026-05-20 15:35:35,109] Epoch 25 - Training loss: 0.380580   Test Accuracy: 0.8883
[2026-05-20 15:36:31,482] Epoch 26 - Training loss: 0.375800   Test Accuracy: 0.8887
[2026-05-20 15:37:29,342] Epoch 27 - Training loss: 0.370673   Test Accuracy: 0.8936
[2026-05-20 15:38:26,958] Epoch 28 - Training loss: 0.367765   Test Accuracy: 0.8911
[2026-05-20 15:39:23,352] Epoch 29 - Training loss: 0.364644   Test Accuracy: 0.8924
[2026-05-20 15:40:19,779] Epoch 30 - Training loss: 0.368009   Test Accuracy: 0.8893
aihwkit path:  /home/bong/analog_stress_test/aihwkit-fork/src/aihwkit/__init__.py
NeurIPS-2025/S2-mnist-FCN.py --CUDA 0 --SETTING TT-v1 --RPU Pow --tau 0.7 --res-gamma 0.1 --res-state 140
Using Device:  cuda:0
Logging to file: runs/MNIST-FCN/Pow-gamma=0.1-state=140/TT-v1-tau=0.7/events.out.tfevents.1779257582.user.2320960.0

Training Time (s) = 1635.6660964488983
