# CMD: CUDA_VISIBLE_DEVICES=3 PYTHONPATH=/home/bong/analog_stress_test/analog-training SEED=2 python NeurIPS-2025/S2-mnist-FCN.py --CUDA 0 --SETTING TT-v1 --RPU Pow --tau 0.7 --res-gamma 2.0 --res-state 140
[2026-05-20 17:02:10,437] Epoch 0 - Training loss: --------   Test Accuracy: 0.1009
[2026-05-20 17:03:04,565] Epoch 1 - Training loss: 2.302907   Test Accuracy: 0.1135
[2026-05-20 17:03:58,466] Epoch 2 - Training loss: 2.302544   Test Accuracy: 0.1155
[2026-05-20 17:04:50,108] Epoch 3 - Training loss: 2.302243   Test Accuracy: 0.1135
[2026-05-20 17:05:41,883] Epoch 4 - Training loss: 2.296218   Test Accuracy: 0.1859
[2026-05-20 17:06:39,282] Epoch 5 - Training loss: 1.851379   Test Accuracy: 0.7127
[2026-05-20 17:07:34,784] Epoch 6 - Training loss: 0.593743   Test Accuracy: 0.8634
[2026-05-20 17:08:27,837] Epoch 7 - Training loss: 0.432796   Test Accuracy: 0.8790
[2026-05-20 17:09:20,869] Epoch 8 - Training loss: 0.384475   Test Accuracy: 0.8884
[2026-05-20 17:10:12,867] Epoch 9 - Training loss: 0.351496   Test Accuracy: 0.8950
[2026-05-20 17:11:05,020] Epoch 10 - Training loss: 0.324057   Test Accuracy: 0.9084
[2026-05-20 17:11:55,312] Epoch 11 - Training loss: 0.305211   Test Accuracy: 0.9078
[2026-05-20 17:12:40,757] Epoch 12 - Training loss: 0.293911   Test Accuracy: 0.9137
[2026-05-20 17:13:27,743] Epoch 13 - Training loss: 0.277715   Test Accuracy: 0.9145
[2026-05-20 17:14:16,439] Epoch 14 - Training loss: 0.270852   Test Accuracy: 0.9161
[2026-05-20 17:15:06,773] Epoch 15 - Training loss: 0.266792   Test Accuracy: 0.9218
[2026-05-20 17:15:58,885] Epoch 16 - Training loss: 0.256602   Test Accuracy: 0.9226
[2026-05-20 17:16:51,720] Epoch 17 - Training loss: 0.254172   Test Accuracy: 0.9253
[2026-05-20 17:17:45,062] Epoch 18 - Training loss: 0.244627   Test Accuracy: 0.9276
[2026-05-20 17:18:38,772] Epoch 19 - Training loss: 0.231527   Test Accuracy: 0.9301
[2026-05-20 17:19:33,577] Epoch 20 - Training loss: 0.224180   Test Accuracy: 0.9297
[2026-05-20 17:20:28,199] Epoch 21 - Training loss: 0.225252   Test Accuracy: 0.9312
[2026-05-20 17:21:20,087] Epoch 22 - Training loss: 0.220750   Test Accuracy: 0.9352
[2026-05-20 17:22:11,876] Epoch 23 - Training loss: 0.222775   Test Accuracy: 0.9317
[2026-05-20 17:23:04,445] Epoch 24 - Training loss: 0.222950   Test Accuracy: 0.9314
[2026-05-20 17:23:58,216] Epoch 25 - Training loss: 0.218635   Test Accuracy: 0.9334
[2026-05-20 17:24:50,832] Epoch 26 - Training loss: 0.213555   Test Accuracy: 0.9324
[2026-05-20 17:25:42,685] Epoch 27 - Training loss: 0.212792   Test Accuracy: 0.9312
[2026-05-20 17:26:35,007] Epoch 28 - Training loss: 0.213729   Test Accuracy: 0.9383
[2026-05-20 17:27:30,407] Epoch 29 - Training loss: 0.209206   Test Accuracy: 0.9351
[2026-05-20 17:28:19,304] Epoch 30 - Training loss: 0.209584   Test Accuracy: 0.9351
aihwkit path:  /home/bong/analog_stress_test/aihwkit-fork/src/aihwkit/__init__.py
NeurIPS-2025/S2-mnist-FCN.py --CUDA 0 --SETTING TT-v1 --RPU Pow --tau 0.7 --res-gamma 2.0 --res-state 140
Using Device:  cuda:0
Logging to file: runs/MNIST-FCN/Pow-gamma=2.0-state=140/TT-v1-tau=0.7/events.out.tfevents.1779264125.user.2334005.0

Training Time (s) = 1572.174549818039
