# CMD: CUDA_VISIBLE_DEVICES=3 PYTHONPATH=/home/bong/analog_stress_test/analog-training SEED=1 python NeurIPS-2025/S2-mnist-FCN.py --CUDA 0 --SETTING TT-v1 --RPU Pow --tau 0.7 --res-gamma 4.0 --res-state 140
[2026-05-20 17:28:29,869] Epoch 0 - Training loss: --------   Test Accuracy: 0.1022
[2026-05-20 17:29:24,631] Epoch 1 - Training loss: 2.302802   Test Accuracy: 0.0990
[2026-05-20 17:30:17,975] Epoch 2 - Training loss: 2.302491   Test Accuracy: 0.1135
[2026-05-20 17:31:08,242] Epoch 3 - Training loss: 2.302441   Test Accuracy: 0.1135
[2026-05-20 17:32:02,356] Epoch 4 - Training loss: 2.302430   Test Accuracy: 0.1135
[2026-05-20 17:32:56,118] Epoch 5 - Training loss: 2.302433   Test Accuracy: 0.1088
[2026-05-20 17:33:53,236] Epoch 6 - Training loss: 2.302621   Test Accuracy: 0.1079
[2026-05-20 17:34:44,998] Epoch 7 - Training loss: 2.302385   Test Accuracy: 0.1135
[2026-05-20 17:35:37,733] Epoch 8 - Training loss: 2.302598   Test Accuracy: 0.1135
[2026-05-20 17:36:32,411] Epoch 9 - Training loss: 2.302655   Test Accuracy: 0.1135
[2026-05-20 17:37:25,557] Epoch 10 - Training loss: 2.302514   Test Accuracy: 0.1135
[2026-05-20 17:38:20,660] Epoch 11 - Training loss: 2.302512   Test Accuracy: 0.1018
[2026-05-20 17:39:11,702] Epoch 12 - Training loss: 2.302431   Test Accuracy: 0.1101
[2026-05-20 17:40:02,290] Epoch 13 - Training loss: 2.302435   Test Accuracy: 0.1129
[2026-05-20 17:41:00,053] Epoch 14 - Training loss: 2.302534   Test Accuracy: 0.1135
[2026-05-20 17:41:53,856] Epoch 15 - Training loss: 2.302283   Test Accuracy: 0.1138
[2026-05-20 17:42:48,755] Epoch 16 - Training loss: 2.301683   Test Accuracy: 0.1160
[2026-05-20 17:43:45,806] Epoch 17 - Training loss: 2.301776   Test Accuracy: 0.1135
[2026-05-20 17:44:39,318] Epoch 18 - Training loss: 2.301812   Test Accuracy: 0.1135
[2026-05-20 17:45:29,913] Epoch 19 - Training loss: 2.301640   Test Accuracy: 0.1135
[2026-05-20 17:46:25,304] Epoch 20 - Training loss: 2.301426   Test Accuracy: 0.1135
[2026-05-20 17:47:19,719] Epoch 21 - Training loss: 2.301789   Test Accuracy: 0.1134
[2026-05-20 17:48:12,196] Epoch 22 - Training loss: 2.301595   Test Accuracy: 0.1124
[2026-05-20 17:49:05,273] Epoch 23 - Training loss: 2.301717   Test Accuracy: 0.1107
[2026-05-20 17:50:02,027] Epoch 24 - Training loss: 2.301732   Test Accuracy: 0.1124
[2026-05-20 17:50:55,344] Epoch 25 - Training loss: 2.301757   Test Accuracy: 0.1135
[2026-05-20 17:51:48,778] Epoch 26 - Training loss: 2.301682   Test Accuracy: 0.1089
[2026-05-20 17:52:47,784] Epoch 27 - Training loss: 2.301639   Test Accuracy: 0.1047
[2026-05-20 17:53:40,939] Epoch 28 - Training loss: 2.301584   Test Accuracy: 0.1139
[2026-05-20 17:54:36,025] Epoch 29 - Training loss: 2.301475   Test Accuracy: 0.1144
[2026-05-20 17:55:30,806] Epoch 30 - Training loss: 2.301390   Test Accuracy: 0.1135
aihwkit path:  /home/bong/analog_stress_test/aihwkit-fork/src/aihwkit/__init__.py
NeurIPS-2025/S2-mnist-FCN.py --CUDA 0 --SETTING TT-v1 --RPU Pow --tau 0.7 --res-gamma 4.0 --res-state 140
Using Device:  cuda:0
Logging to file: runs/MNIST-FCN/Pow-gamma=4.0-state=140/TT-v1-tau=0.7/events.out.tfevents.1779265704.user.2336355.0

Training Time (s) = 1624.3137657642365
