# CMD: CUDA_VISIBLE_DEVICES=3 PYTHONPATH=/home/bong/analog_stress_test/analog-training SEED=3 python NeurIPS-2025/S2-mnist-FCN.py --CUDA 0 --SETTING TT-v1 --RPU Pow --tau 0.7 --res-gamma 0.1 --res-state 140
[2026-05-24 19:30:39,732] Epoch 0 - Training loss: --------   Test Accuracy: 0.0895
[2026-05-24 19:31:33,074] Epoch 1 - Training loss: 2.302455   Test Accuracy: 0.1135
[2026-05-24 19:32:26,989] Epoch 2 - Training loss: 1.535215   Test Accuracy: 0.8791
[2026-05-24 19:33:18,780] Epoch 3 - Training loss: 0.305291   Test Accuracy: 0.9326
[2026-05-24 19:34:12,018] Epoch 4 - Training loss: 0.208557   Test Accuracy: 0.9416
[2026-05-24 19:35:05,587] Epoch 5 - Training loss: 0.169716   Test Accuracy: 0.9501
[2026-05-24 19:36:00,424] Epoch 6 - Training loss: 0.139493   Test Accuracy: 0.9538
[2026-05-24 19:36:51,704] Epoch 7 - Training loss: 0.122497   Test Accuracy: 0.9556
[2026-05-24 19:37:47,178] Epoch 8 - Training loss: 0.113070   Test Accuracy: 0.9585
[2026-05-24 19:38:39,074] Epoch 9 - Training loss: 0.103077   Test Accuracy: 0.9604
[2026-05-24 19:39:34,717] Epoch 10 - Training loss: 0.094360   Test Accuracy: 0.9601
[2026-05-24 19:40:31,752] Epoch 11 - Training loss: 0.088483   Test Accuracy: 0.9617
[2026-05-24 19:41:29,974] Epoch 12 - Training loss: 0.082091   Test Accuracy: 0.9650
[2026-05-24 19:42:26,351] Epoch 13 - Training loss: 0.078170   Test Accuracy: 0.9653
[2026-05-24 19:43:18,189] Epoch 14 - Training loss: 0.075985   Test Accuracy: 0.9661
[2026-05-24 19:44:18,555] Epoch 15 - Training loss: 0.072917   Test Accuracy: 0.9632
[2026-05-24 19:45:17,500] Epoch 16 - Training loss: 0.069725   Test Accuracy: 0.9647
[2026-05-24 19:46:14,391] Epoch 17 - Training loss: 0.067517   Test Accuracy: 0.9653
[2026-05-24 19:47:11,294] Epoch 18 - Training loss: 0.066726   Test Accuracy: 0.9659
[2026-05-24 19:48:09,184] Epoch 19 - Training loss: 0.065246   Test Accuracy: 0.9649
[2026-05-24 19:49:06,813] Epoch 20 - Training loss: 0.063940   Test Accuracy: 0.9645
[2026-05-24 19:50:06,670] Epoch 21 - Training loss: 0.063858   Test Accuracy: 0.9662
[2026-05-24 19:51:05,549] Epoch 22 - Training loss: 0.062989   Test Accuracy: 0.9665
[2026-05-24 19:52:04,739] Epoch 23 - Training loss: 0.060638   Test Accuracy: 0.9660
[2026-05-24 19:52:59,592] Epoch 24 - Training loss: 0.060932   Test Accuracy: 0.9657
[2026-05-24 19:53:59,455] Epoch 25 - Training loss: 0.060865   Test Accuracy: 0.9663
[2026-05-24 19:54:56,878] Epoch 26 - Training loss: 0.059351   Test Accuracy: 0.9649
[2026-05-24 19:55:54,693] Epoch 27 - Training loss: 0.059260   Test Accuracy: 0.9649
[2026-05-24 19:56:54,866] Epoch 28 - Training loss: 0.058720   Test Accuracy: 0.9643
[2026-05-24 19:57:56,273] Epoch 29 - Training loss: 0.058822   Test Accuracy: 0.9655
[2026-05-24 19:58:54,884] Epoch 30 - Training loss: 0.058668   Test Accuracy: 0.9658
aihwkit path:  /home/bong/analog_stress_test/aihwkit-fork/src/aihwkit/__init__.py
NeurIPS-2025/S2-mnist-FCN.py --CUDA 0 --SETTING TT-v1 --RPU Pow --tau 0.7 --res-gamma 0.1 --res-state 140
Using Device:  cuda:0
Logging to file: runs/MNIST-FCN/Pow-gamma=0.1-state=140/TT-v1-tau=0.7/events.out.tfevents.1779618634.user.488504.0

Training Time (s) = 1698.4872884750366
