# CMD: CUDA_VISIBLE_DEVICES=3 PYTHONPATH=/home/bong/analog_stress_test/analog-training SEED=2 python NeurIPS-2025/S2-mnist-FCN.py --CUDA 0 --SETTING TT-v1 --RPU Pow --tau 0.7 --res-gamma 2.0 --res-state 140
[2026-05-24 21:20:02,988] Epoch 0 - Training loss: --------   Test Accuracy: 0.1007
[2026-05-24 21:20:57,043] Epoch 1 - Training loss: 2.298411   Test Accuracy: 0.1721
[2026-05-24 21:21:51,393] Epoch 2 - Training loss: 1.033509   Test Accuracy: 0.8716
[2026-05-24 21:22:44,154] Epoch 3 - Training loss: 0.371847   Test Accuracy: 0.9034
[2026-05-24 21:23:32,633] Epoch 4 - Training loss: 0.295990   Test Accuracy: 0.9174
[2026-05-24 21:24:24,421] Epoch 5 - Training loss: 0.247126   Test Accuracy: 0.9324
[2026-05-24 21:25:15,665] Epoch 6 - Training loss: 0.213937   Test Accuracy: 0.9374
[2026-05-24 21:26:08,958] Epoch 7 - Training loss: 0.184930   Test Accuracy: 0.9457
[2026-05-24 21:27:00,481] Epoch 8 - Training loss: 0.164240   Test Accuracy: 0.9511
[2026-05-24 21:27:55,029] Epoch 9 - Training loss: 0.147387   Test Accuracy: 0.9528
[2026-05-24 21:28:44,818] Epoch 10 - Training loss: 0.135553   Test Accuracy: 0.9558
[2026-05-24 21:29:35,237] Epoch 11 - Training loss: 0.131642   Test Accuracy: 0.9495
[2026-05-24 21:30:27,103] Epoch 12 - Training loss: 0.131474   Test Accuracy: 0.9540
[2026-05-24 21:31:18,487] Epoch 13 - Training loss: 0.122859   Test Accuracy: 0.9541
[2026-05-24 21:32:10,447] Epoch 14 - Training loss: 0.117762   Test Accuracy: 0.9582
[2026-05-24 21:33:02,600] Epoch 15 - Training loss: 0.109240   Test Accuracy: 0.9595
[2026-05-24 21:33:52,557] Epoch 16 - Training loss: 0.096741   Test Accuracy: 0.9612
[2026-05-24 21:34:43,056] Epoch 17 - Training loss: 0.090235   Test Accuracy: 0.9613
[2026-05-24 21:35:33,027] Epoch 18 - Training loss: 0.083623   Test Accuracy: 0.9613
[2026-05-24 21:36:27,692] Epoch 19 - Training loss: 0.080279   Test Accuracy: 0.9655
[2026-05-24 21:37:23,317] Epoch 20 - Training loss: 0.077008   Test Accuracy: 0.9654
[2026-05-24 21:38:14,643] Epoch 21 - Training loss: 0.076467   Test Accuracy: 0.9643
[2026-05-24 21:39:07,906] Epoch 22 - Training loss: 0.070981   Test Accuracy: 0.9656
[2026-05-24 21:40:00,502] Epoch 23 - Training loss: 0.068381   Test Accuracy: 0.9642
[2026-05-24 21:40:52,631] Epoch 24 - Training loss: 0.066249   Test Accuracy: 0.9661
[2026-05-24 21:41:45,277] Epoch 25 - Training loss: 0.064730   Test Accuracy: 0.9656
[2026-05-24 21:42:39,248] Epoch 26 - Training loss: 0.062561   Test Accuracy: 0.9670
[2026-05-24 21:43:29,331] Epoch 27 - Training loss: 0.058945   Test Accuracy: 0.9685
[2026-05-24 21:44:23,185] Epoch 28 - Training loss: 0.055558   Test Accuracy: 0.9680
[2026-05-24 21:45:18,246] Epoch 29 - Training loss: 0.053714   Test Accuracy: 0.9683
[2026-05-24 21:46:12,148] Epoch 30 - Training loss: 0.052778   Test Accuracy: 0.9680
aihwkit path:  /home/bong/analog_stress_test/aihwkit-fork/src/aihwkit/__init__.py
NeurIPS-2025/S2-mnist-FCN.py --CUDA 0 --SETTING TT-v1 --RPU Pow --tau 0.7 --res-gamma 2.0 --res-state 140
Using Device:  cuda:0
Logging to file: runs/MNIST-FCN/Pow-gamma=2.0-state=140/TT-v1-tau=0.7/events.out.tfevents.1779625197.user.498908.0

Training Time (s) = 1572.7784423828125
