# CMD: CUDA_VISIBLE_DEVICES=3 PYTHONPATH=/home/bong/analog_stress_test/analog-training SEED=1 python NeurIPS-2025/S2-mnist-FCN.py --CUDA 0 --SETTING TT-v1 --RPU Pow --tau 0.7 --res-gamma 4.0 --res-state 140
[2026-05-24 21:46:22,428] Epoch 0 - Training loss: --------   Test Accuracy: 0.1045
[2026-05-24 21:47:17,552] Epoch 1 - Training loss: 2.301461   Test Accuracy: 0.1317
[2026-05-24 21:48:10,907] Epoch 2 - Training loss: 1.651635   Test Accuracy: 0.7929
[2026-05-24 21:49:05,634] Epoch 3 - Training loss: 0.533331   Test Accuracy: 0.8658
[2026-05-24 21:49:58,894] Epoch 4 - Training loss: 0.410236   Test Accuracy: 0.8868
[2026-05-24 21:50:47,260] Epoch 5 - Training loss: 0.356577   Test Accuracy: 0.8976
[2026-05-24 21:51:39,174] Epoch 6 - Training loss: 0.324766   Test Accuracy: 0.9059
[2026-05-24 21:52:31,524] Epoch 7 - Training loss: 0.296795   Test Accuracy: 0.9164
[2026-05-24 21:53:24,879] Epoch 8 - Training loss: 0.278471   Test Accuracy: 0.9196
[2026-05-24 21:54:17,096] Epoch 9 - Training loss: 0.260257   Test Accuracy: 0.9230
[2026-05-24 21:55:08,984] Epoch 10 - Training loss: 0.243338   Test Accuracy: 0.9248
[2026-05-24 21:56:01,854] Epoch 11 - Training loss: 0.236426   Test Accuracy: 0.9314
[2026-05-24 21:56:54,842] Epoch 12 - Training loss: 0.222530   Test Accuracy: 0.9306
[2026-05-24 21:57:45,308] Epoch 13 - Training loss: 0.212278   Test Accuracy: 0.9334
[2026-05-24 21:58:38,457] Epoch 14 - Training loss: 0.211180   Test Accuracy: 0.9341
[2026-05-24 21:59:28,775] Epoch 15 - Training loss: 0.197241   Test Accuracy: 0.9374
[2026-05-24 22:00:21,403] Epoch 16 - Training loss: 0.188687   Test Accuracy: 0.9388
[2026-05-24 22:01:14,187] Epoch 17 - Training loss: 0.185158   Test Accuracy: 0.9394
[2026-05-24 22:02:06,692] Epoch 18 - Training loss: 0.185499   Test Accuracy: 0.9417
[2026-05-24 22:02:59,469] Epoch 19 - Training loss: 0.177177   Test Accuracy: 0.9406
[2026-05-24 22:03:52,212] Epoch 20 - Training loss: 0.174642   Test Accuracy: 0.9441
[2026-05-24 22:04:44,766] Epoch 21 - Training loss: 0.174014   Test Accuracy: 0.9438
[2026-05-24 22:05:33,309] Epoch 22 - Training loss: 0.170253   Test Accuracy: 0.9409
[2026-05-24 22:06:30,318] Epoch 23 - Training loss: 0.166189   Test Accuracy: 0.9443
[2026-05-24 22:07:25,236] Epoch 24 - Training loss: 0.164174   Test Accuracy: 0.9445
[2026-05-24 22:08:20,591] Epoch 25 - Training loss: 0.163527   Test Accuracy: 0.9454
[2026-05-24 22:09:16,832] Epoch 26 - Training loss: 0.162123   Test Accuracy: 0.9454
[2026-05-24 22:10:10,768] Epoch 27 - Training loss: 0.160927   Test Accuracy: 0.9450
[2026-05-24 22:11:05,558] Epoch 28 - Training loss: 0.158530   Test Accuracy: 0.9442
[2026-05-24 22:11:59,034] Epoch 29 - Training loss: 0.157411   Test Accuracy: 0.9456
[2026-05-24 22:12:49,085] Epoch 30 - Training loss: 0.157870   Test Accuracy: 0.9459
aihwkit path:  /home/bong/analog_stress_test/aihwkit-fork/src/aihwkit/__init__.py
NeurIPS-2025/S2-mnist-FCN.py --CUDA 0 --SETTING TT-v1 --RPU Pow --tau 0.7 --res-gamma 4.0 --res-state 140
Using Device:  cuda:0
Logging to file: runs/MNIST-FCN/Pow-gamma=4.0-state=140/TT-v1-tau=0.7/events.out.tfevents.1779626776.user.501498.0

Training Time (s) = 1589.9912540912628
