# CMD: CUDA_VISIBLE_DEVICES=3 PYTHONPATH=/home/bong/analog_stress_test/analog-training SEED=2 python NeurIPS-2025/S2-mnist-FCN.py --CUDA 0 --SETTING TT-v1 --RPU Pow --tau 0.7 --res-gamma 0.1 --res-state 140
[2026-05-24 19:07:10,320] Epoch 0 - Training loss: --------   Test Accuracy: 0.1009
[2026-05-24 19:08:03,525] Epoch 1 - Training loss: 2.293876   Test Accuracy: 0.2969
[2026-05-24 19:08:55,054] Epoch 2 - Training loss: 0.641466   Test Accuracy: 0.9125
[2026-05-24 19:09:46,930] Epoch 3 - Training loss: 0.249992   Test Accuracy: 0.9354
[2026-05-24 19:10:41,437] Epoch 4 - Training loss: 0.188222   Test Accuracy: 0.9461
[2026-05-24 19:11:36,748] Epoch 5 - Training loss: 0.154230   Test Accuracy: 0.9486
[2026-05-24 19:12:32,292] Epoch 6 - Training loss: 0.135084   Test Accuracy: 0.9545
[2026-05-24 19:13:31,655] Epoch 7 - Training loss: 0.120273   Test Accuracy: 0.9556
[2026-05-24 19:14:30,670] Epoch 8 - Training loss: 0.107566   Test Accuracy: 0.9574
[2026-05-24 19:15:27,904] Epoch 9 - Training loss: 0.100290   Test Accuracy: 0.9564
[2026-05-24 19:16:25,090] Epoch 10 - Training loss: 0.093901   Test Accuracy: 0.9607
[2026-05-24 19:17:23,606] Epoch 11 - Training loss: 0.088992   Test Accuracy: 0.9593
[2026-05-24 19:18:21,849] Epoch 12 - Training loss: 0.082877   Test Accuracy: 0.9610
[2026-05-24 19:19:21,570] Epoch 13 - Training loss: 0.079402   Test Accuracy: 0.9623
[2026-05-24 19:20:19,927] Epoch 14 - Training loss: 0.076785   Test Accuracy: 0.9624
[2026-05-24 19:21:19,207] Epoch 15 - Training loss: 0.075245   Test Accuracy: 0.9641
[2026-05-24 19:22:19,438] Epoch 16 - Training loss: 0.070808   Test Accuracy: 0.9636
[2026-05-24 19:23:20,135] Epoch 17 - Training loss: 0.069315   Test Accuracy: 0.9630
[2026-05-24 19:24:20,197] Epoch 18 - Training loss: 0.068158   Test Accuracy: 0.9633
[2026-05-24 19:25:19,900] Epoch 19 - Training loss: 0.067264   Test Accuracy: 0.9641
[2026-05-24 19:26:21,001] Epoch 20 - Training loss: 0.067469   Test Accuracy: 0.9640
[2026-05-24 19:27:20,529] Epoch 21 - Training loss: 0.065983   Test Accuracy: 0.9635
[2026-05-24 19:28:21,828] Epoch 22 - Training loss: 0.064193   Test Accuracy: 0.9648
[2026-05-24 19:29:21,931] Epoch 23 - Training loss: 0.064193   Test Accuracy: 0.9663
[2026-05-24 19:30:22,532] Epoch 24 - Training loss: 0.063694   Test Accuracy: 0.9645
[2026-05-24 19:31:17,870] Epoch 25 - Training loss: 0.063070   Test Accuracy: 0.9648
[2026-05-24 19:32:15,308] Epoch 26 - Training loss: 0.062275   Test Accuracy: 0.9629
[2026-05-24 19:33:14,505] Epoch 27 - Training loss: 0.061577   Test Accuracy: 0.9633
[2026-05-24 19:34:12,871] Epoch 28 - Training loss: 0.060447   Test Accuracy: 0.9642
[2026-05-24 19:35:12,306] Epoch 29 - Training loss: 0.060159   Test Accuracy: 0.9624
[2026-05-24 19:36:11,980] Epoch 30 - Training loss: 0.060823   Test Accuracy: 0.9645
aihwkit path:  /home/bong/analog_stress_test/aihwkit-fork/src/aihwkit/__init__.py
NeurIPS-2025/S2-mnist-FCN.py --CUDA 0 --SETTING TT-v1 --RPU Pow --tau 0.7 --res-gamma 0.1 --res-state 140
Using Device:  cuda:0
Logging to file: runs/MNIST-FCN/Pow-gamma=0.1-state=140/TT-v1-tau=0.7/events.out.tfevents.1779617224.user.486746.0

Training Time (s) = 1744.8948390483856
