# CMD: CUDA_VISIBLE_DEVICES=3 PYTHONPATH=/home/bong/analog_stress_test/analog-training SEED=2 python NeurIPS-2025/S2-mnist-FCN.py --CUDA 0 --SETTING TT-v1 --RPU Pow --tau 0.7 --res-gamma 8.0 --res-state 140
[2026-05-24 22:39:35,582] Epoch 0 - Training loss: --------   Test Accuracy: 0.1007
[2026-05-24 22:40:29,322] Epoch 1 - Training loss: 2.301459   Test Accuracy: 0.1230
[2026-05-24 22:41:25,543] Epoch 2 - Training loss: 2.109675   Test Accuracy: 0.5616
[2026-05-24 22:42:24,287] Epoch 3 - Training loss: 1.054646   Test Accuracy: 0.7159
[2026-05-24 22:43:20,538] Epoch 4 - Training loss: 0.790902   Test Accuracy: 0.7703
[2026-05-24 22:44:12,830] Epoch 5 - Training loss: 0.681503   Test Accuracy: 0.8027
[2026-05-24 22:45:09,482] Epoch 6 - Training loss: 0.614398   Test Accuracy: 0.8196
[2026-05-24 22:46:03,605] Epoch 7 - Training loss: 0.567578   Test Accuracy: 0.8347
[2026-05-24 22:46:59,086] Epoch 8 - Training loss: 0.540125   Test Accuracy: 0.8438
[2026-05-24 22:47:55,194] Epoch 9 - Training loss: 0.515040   Test Accuracy: 0.8511
[2026-05-24 22:48:52,809] Epoch 10 - Training loss: 0.496197   Test Accuracy: 0.8572
[2026-05-24 22:49:48,310] Epoch 11 - Training loss: 0.479381   Test Accuracy: 0.8646
[2026-05-24 22:50:44,464] Epoch 12 - Training loss: 0.467915   Test Accuracy: 0.8703
[2026-05-24 22:51:39,796] Epoch 13 - Training loss: 0.457091   Test Accuracy: 0.8695
[2026-05-24 22:52:36,557] Epoch 14 - Training loss: 0.444503   Test Accuracy: 0.8682
[2026-05-24 22:53:30,453] Epoch 15 - Training loss: 0.434768   Test Accuracy: 0.8723
[2026-05-24 22:54:29,696] Epoch 16 - Training loss: 0.421283   Test Accuracy: 0.8764
[2026-05-24 22:55:25,522] Epoch 17 - Training loss: 0.413929   Test Accuracy: 0.8780
[2026-05-24 22:56:21,991] Epoch 18 - Training loss: 0.412680   Test Accuracy: 0.8780
[2026-05-24 22:57:17,928] Epoch 19 - Training loss: 0.412393   Test Accuracy: 0.8820
[2026-05-24 22:58:14,189] Epoch 20 - Training loss: 0.408028   Test Accuracy: 0.8808
[2026-05-24 22:59:08,761] Epoch 21 - Training loss: 0.409277   Test Accuracy: 0.8785
[2026-05-24 23:00:03,231] Epoch 22 - Training loss: 0.405963   Test Accuracy: 0.8790
[2026-05-24 23:00:58,033] Epoch 23 - Training loss: 0.405772   Test Accuracy: 0.8814
[2026-05-24 23:01:50,702] Epoch 24 - Training loss: 0.404091   Test Accuracy: 0.8812
[2026-05-24 23:02:47,585] Epoch 25 - Training loss: 0.403865   Test Accuracy: 0.8815
[2026-05-24 23:03:44,806] Epoch 26 - Training loss: 0.404416   Test Accuracy: 0.8806
[2026-05-24 23:04:40,828] Epoch 27 - Training loss: 0.398087   Test Accuracy: 0.8803
[2026-05-24 23:05:33,986] Epoch 28 - Training loss: 0.397127   Test Accuracy: 0.8827
[2026-05-24 23:06:22,102] Epoch 29 - Training loss: 0.399137   Test Accuracy: 0.8819
[2026-05-24 23:07:14,065] Epoch 30 - Training loss: 0.396158   Test Accuracy: 0.8822
aihwkit path:  /home/bong/analog_stress_test/aihwkit-fork/src/aihwkit/__init__.py
NeurIPS-2025/S2-mnist-FCN.py --CUDA 0 --SETTING TT-v1 --RPU Pow --tau 0.7 --res-gamma 8.0 --res-state 140
Using Device:  cuda:0
Logging to file: runs/MNIST-FCN/Pow-gamma=8.0-state=140/TT-v1-tau=0.7/events.out.tfevents.1779629970.user.506490.0

Training Time (s) = 1661.8176863193512
