# CMD: CUDA_VISIBLE_DEVICES=3 PYTHONPATH=/home/bong/analog_stress_test/analog-training SEED=3 python NeurIPS-2025/S2-mnist-FCN.py --CUDA 0 --SETTING TT-v1 --RPU Pow --tau 0.7 --res-gamma 2.0 --res-state 140
[2026-05-24 21:23:38,917] Epoch 0 - Training loss: --------   Test Accuracy: 0.0943
[2026-05-24 21:24:27,638] Epoch 1 - Training loss: 2.302126   Test Accuracy: 0.1160
[2026-05-24 21:25:12,679] Epoch 2 - Training loss: 1.633434   Test Accuracy: 0.8345
[2026-05-24 21:26:02,324] Epoch 3 - Training loss: 0.422854   Test Accuracy: 0.8931
[2026-05-24 21:26:48,805] Epoch 4 - Training loss: 0.316413   Test Accuracy: 0.9133
[2026-05-24 21:27:41,292] Epoch 5 - Training loss: 0.261254   Test Accuracy: 0.9252
[2026-05-24 21:28:35,140] Epoch 6 - Training loss: 0.222995   Test Accuracy: 0.9333
[2026-05-24 21:29:24,773] Epoch 7 - Training loss: 0.191861   Test Accuracy: 0.9429
[2026-05-24 21:30:17,883] Epoch 8 - Training loss: 0.168842   Test Accuracy: 0.9474
[2026-05-24 21:31:10,763] Epoch 9 - Training loss: 0.153022   Test Accuracy: 0.9501
[2026-05-24 21:32:03,273] Epoch 10 - Training loss: 0.136863   Test Accuracy: 0.9536
[2026-05-24 21:32:55,956] Epoch 11 - Training loss: 0.124551   Test Accuracy: 0.9550
[2026-05-24 21:33:48,808] Epoch 12 - Training loss: 0.115968   Test Accuracy: 0.9581
[2026-05-24 21:34:46,571] Epoch 13 - Training loss: 0.105964   Test Accuracy: 0.9602
[2026-05-24 21:35:40,154] Epoch 14 - Training loss: 0.099657   Test Accuracy: 0.9604
[2026-05-24 21:36:33,318] Epoch 15 - Training loss: 0.093912   Test Accuracy: 0.9580
[2026-05-24 21:37:28,143] Epoch 16 - Training loss: 0.080950   Test Accuracy: 0.9626
[2026-05-24 21:38:22,634] Epoch 17 - Training loss: 0.075287   Test Accuracy: 0.9641
[2026-05-24 21:39:17,512] Epoch 18 - Training loss: 0.069702   Test Accuracy: 0.9682
[2026-05-24 21:40:10,824] Epoch 19 - Training loss: 0.067315   Test Accuracy: 0.9667
[2026-05-24 21:41:08,460] Epoch 20 - Training loss: 0.062377   Test Accuracy: 0.9676
[2026-05-24 21:42:01,763] Epoch 21 - Training loss: 0.059016   Test Accuracy: 0.9678
[2026-05-24 21:42:55,997] Epoch 22 - Training loss: 0.057247   Test Accuracy: 0.9694
[2026-05-24 21:43:48,905] Epoch 23 - Training loss: 0.055398   Test Accuracy: 0.9690
[2026-05-24 21:44:43,123] Epoch 24 - Training loss: 0.053341   Test Accuracy: 0.9668
[2026-05-24 21:45:38,172] Epoch 25 - Training loss: 0.049122   Test Accuracy: 0.9685
[2026-05-24 21:46:27,826] Epoch 26 - Training loss: 0.047704   Test Accuracy: 0.9671
[2026-05-24 21:47:21,442] Epoch 27 - Training loss: 0.046204   Test Accuracy: 0.9664
[2026-05-24 21:48:15,601] Epoch 28 - Training loss: 0.046224   Test Accuracy: 0.9681
[2026-05-24 21:49:13,564] Epoch 29 - Training loss: 0.050546   Test Accuracy: 0.9650
[2026-05-24 21:50:07,708] Epoch 30 - Training loss: 0.050291   Test Accuracy: 0.9686
aihwkit path:  /home/bong/analog_stress_test/aihwkit-fork/src/aihwkit/__init__.py
NeurIPS-2025/S2-mnist-FCN.py --CUDA 0 --SETTING TT-v1 --RPU Pow --tau 0.7 --res-gamma 2.0 --res-state 140
Using Device:  cuda:0
Logging to file: runs/MNIST-FCN/Pow-gamma=2.0-state=140/TT-v1-tau=0.7/events.out.tfevents.1779625413.user.499537.0

Training Time (s) = 1592.070271730423
