# CMD: CUDA_VISIBLE_DEVICES=3 PYTHONPATH=/home/bong/analog_stress_test/analog-training SEED=3 python NeurIPS-2025/S2-mnist-FCN.py --CUDA 0 --SETTING TT-v1 --RPU Pow --tau 0.7 --res-gamma 0.5 --res-state 140
[2026-05-24 20:03:25,664] Epoch 0 - Training loss: --------   Test Accuracy: 0.0974
[2026-05-24 20:04:14,946] Epoch 1 - Training loss: 2.301846   Test Accuracy: 0.1192
[2026-05-24 20:05:08,439] Epoch 2 - Training loss: 1.355746   Test Accuracy: 0.8904
[2026-05-24 20:06:02,440] Epoch 3 - Training loss: 0.295318   Test Accuracy: 0.9298
[2026-05-24 20:06:55,484] Epoch 4 - Training loss: 0.196263   Test Accuracy: 0.9413
[2026-05-24 20:07:47,768] Epoch 5 - Training loss: 0.149926   Test Accuracy: 0.9554
[2026-05-24 20:08:39,672] Epoch 6 - Training loss: 0.123431   Test Accuracy: 0.9583
[2026-05-24 20:09:32,564] Epoch 7 - Training loss: 0.102742   Test Accuracy: 0.9653
[2026-05-24 20:10:26,235] Epoch 8 - Training loss: 0.091422   Test Accuracy: 0.9639
[2026-05-24 20:11:20,874] Epoch 9 - Training loss: 0.082168   Test Accuracy: 0.9647
[2026-05-24 20:12:12,863] Epoch 10 - Training loss: 0.071918   Test Accuracy: 0.9671
[2026-05-24 20:13:06,978] Epoch 11 - Training loss: 0.064210   Test Accuracy: 0.9682
[2026-05-24 20:13:59,904] Epoch 12 - Training loss: 0.060498   Test Accuracy: 0.9696
[2026-05-24 20:14:55,286] Epoch 13 - Training loss: 0.053787   Test Accuracy: 0.9678
[2026-05-24 20:15:48,927] Epoch 14 - Training loss: 0.048576   Test Accuracy: 0.9690
[2026-05-24 20:16:39,359] Epoch 15 - Training loss: 0.043847   Test Accuracy: 0.9700
[2026-05-24 20:17:32,077] Epoch 16 - Training loss: 0.041218   Test Accuracy: 0.9691
[2026-05-24 20:18:27,558] Epoch 17 - Training loss: 0.036402   Test Accuracy: 0.9710
[2026-05-24 20:19:24,371] Epoch 18 - Training loss: 0.035044   Test Accuracy: 0.9717
[2026-05-24 20:20:20,517] Epoch 19 - Training loss: 0.032406   Test Accuracy: 0.9727
[2026-05-24 20:21:15,717] Epoch 20 - Training loss: 0.031492   Test Accuracy: 0.9712
[2026-05-24 20:22:07,642] Epoch 21 - Training loss: 0.029118   Test Accuracy: 0.9693
[2026-05-24 20:23:01,543] Epoch 22 - Training loss: 0.029286   Test Accuracy: 0.9699
[2026-05-24 20:23:52,648] Epoch 23 - Training loss: 0.026395   Test Accuracy: 0.9686
[2026-05-24 20:24:47,231] Epoch 24 - Training loss: 0.024123   Test Accuracy: 0.9702
[2026-05-24 20:25:42,862] Epoch 25 - Training loss: 0.022925   Test Accuracy: 0.9724
[2026-05-24 20:26:35,207] Epoch 26 - Training loss: 0.023583   Test Accuracy: 0.9700
[2026-05-24 20:27:31,148] Epoch 27 - Training loss: 0.021904   Test Accuracy: 0.9713
[2026-05-24 20:28:29,291] Epoch 28 - Training loss: 0.019657   Test Accuracy: 0.9708
[2026-05-24 20:29:26,510] Epoch 29 - Training loss: 0.018591   Test Accuracy: 0.9721
[2026-05-24 20:30:21,558] Epoch 30 - Training loss: 0.017830   Test Accuracy: 0.9718
aihwkit path:  /home/bong/analog_stress_test/aihwkit-fork/src/aihwkit/__init__.py
NeurIPS-2025/S2-mnist-FCN.py --CUDA 0 --SETTING TT-v1 --RPU Pow --tau 0.7 --res-gamma 0.5 --res-state 140
Using Device:  cuda:0
Logging to file: runs/MNIST-FCN/Pow-gamma=0.5-state=140/TT-v1-tau=0.7/events.out.tfevents.1779620600.user.491762.0

Training Time (s) = 1619.029622077942
