# CMD: CUDA_VISIBLE_DEVICES=3 PYTHONPATH=/home/bong/analog_stress_test/analog-training SEED=3 python NeurIPS-2025/S2-mnist-FCN.py --CUDA 0 --SETTING TT-v1 --RPU Pow --tau 0.7 --res-gamma 1.0 --res-state 140
[2026-05-24 20:53:18,884] Epoch 0 - Training loss: --------   Test Accuracy: 0.0948
[2026-05-24 20:54:13,529] Epoch 1 - Training loss: 2.301919   Test Accuracy: 0.1194
[2026-05-24 20:55:06,730] Epoch 2 - Training loss: 1.403306   Test Accuracy: 0.8747
[2026-05-24 20:56:00,626] Epoch 3 - Training loss: 0.335729   Test Accuracy: 0.9141
[2026-05-24 20:56:55,552] Epoch 4 - Training loss: 0.235440   Test Accuracy: 0.9395
[2026-05-24 20:57:45,667] Epoch 5 - Training loss: 0.178576   Test Accuracy: 0.9502
[2026-05-24 20:58:37,233] Epoch 6 - Training loss: 0.144816   Test Accuracy: 0.9536
[2026-05-24 20:59:28,401] Epoch 7 - Training loss: 0.122135   Test Accuracy: 0.9577
[2026-05-24 21:00:19,507] Epoch 8 - Training loss: 0.104386   Test Accuracy: 0.9634
[2026-05-24 21:01:14,082] Epoch 9 - Training loss: 0.093479   Test Accuracy: 0.9648
[2026-05-24 21:02:07,788] Epoch 10 - Training loss: 0.082052   Test Accuracy: 0.9635
[2026-05-24 21:02:59,577] Epoch 11 - Training loss: 0.070805   Test Accuracy: 0.9656
[2026-05-24 21:03:52,397] Epoch 12 - Training loss: 0.065981   Test Accuracy: 0.9651
[2026-05-24 21:04:48,217] Epoch 13 - Training loss: 0.061117   Test Accuracy: 0.9712
[2026-05-24 21:05:42,405] Epoch 14 - Training loss: 0.057979   Test Accuracy: 0.9650
[2026-05-24 21:06:33,418] Epoch 15 - Training loss: 0.053821   Test Accuracy: 0.9698
[2026-05-24 21:07:19,073] Epoch 16 - Training loss: 0.045755   Test Accuracy: 0.9704
[2026-05-24 21:08:12,347] Epoch 17 - Training loss: 0.040240   Test Accuracy: 0.9710
[2026-05-24 21:09:05,835] Epoch 18 - Training loss: 0.035365   Test Accuracy: 0.9716
[2026-05-24 21:09:58,092] Epoch 19 - Training loss: 0.033494   Test Accuracy: 0.9720
[2026-05-24 21:10:51,468] Epoch 20 - Training loss: 0.029990   Test Accuracy: 0.9715
[2026-05-24 21:11:46,385] Epoch 21 - Training loss: 0.026910   Test Accuracy: 0.9698
[2026-05-24 21:12:43,919] Epoch 22 - Training loss: 0.025345   Test Accuracy: 0.9706
[2026-05-24 21:13:37,968] Epoch 23 - Training loss: 0.024339   Test Accuracy: 0.9679
[2026-05-24 21:14:31,180] Epoch 24 - Training loss: 0.023814   Test Accuracy: 0.9700
[2026-05-24 21:15:24,504] Epoch 25 - Training loss: 0.022823   Test Accuracy: 0.9725
[2026-05-24 21:16:18,860] Epoch 26 - Training loss: 0.021829   Test Accuracy: 0.9715
[2026-05-24 21:17:13,312] Epoch 27 - Training loss: 0.019342   Test Accuracy: 0.9712
[2026-05-24 21:18:08,066] Epoch 28 - Training loss: 0.019707   Test Accuracy: 0.9698
[2026-05-24 21:19:00,254] Epoch 29 - Training loss: 0.018674   Test Accuracy: 0.9735
[2026-05-24 21:19:53,532] Epoch 30 - Training loss: 0.019388   Test Accuracy: 0.9712
aihwkit path:  /home/bong/analog_stress_test/aihwkit-fork/src/aihwkit/__init__.py
NeurIPS-2025/S2-mnist-FCN.py --CUDA 0 --SETTING TT-v1 --RPU Pow --tau 0.7 --res-gamma 1.0 --res-state 140
Using Device:  cuda:0
Logging to file: runs/MNIST-FCN/Pow-gamma=1.0-state=140/TT-v1-tau=0.7/events.out.tfevents.1779623593.user.496308.0

Training Time (s) = 1597.9703986644745
