# CMD: CUDA_VISIBLE_DEVICES=3 PYTHONPATH=/home/bong/analog_stress_test/analog-training SEED=1 python NeurIPS-2025/S2-mnist-FCN.py --CUDA 0 --SETTING TT-v1 --RPU Pow --tau 0.7 --res-gamma 2.0 --res-state 140
[2026-05-24 20:57:27,523] Epoch 0 - Training loss: --------   Test Accuracy: 0.1028
[2026-05-24 20:58:22,289] Epoch 1 - Training loss: 2.300091   Test Accuracy: 0.1615
[2026-05-24 20:59:22,945] Epoch 2 - Training loss: 1.176997   Test Accuracy: 0.8686
[2026-05-24 21:00:20,460] Epoch 3 - Training loss: 0.374662   Test Accuracy: 0.9025
[2026-05-24 21:01:15,132] Epoch 4 - Training loss: 0.294492   Test Accuracy: 0.9180
[2026-05-24 21:02:09,123] Epoch 5 - Training loss: 0.243663   Test Accuracy: 0.9314
[2026-05-24 21:03:00,573] Epoch 6 - Training loss: 0.209835   Test Accuracy: 0.9398
[2026-05-24 21:03:52,115] Epoch 7 - Training loss: 0.184872   Test Accuracy: 0.9429
[2026-05-24 21:04:40,661] Epoch 8 - Training loss: 0.162161   Test Accuracy: 0.9508
[2026-05-24 21:05:26,881] Epoch 9 - Training loss: 0.144018   Test Accuracy: 0.9518
[2026-05-24 21:06:13,698] Epoch 10 - Training loss: 0.131363   Test Accuracy: 0.9561
[2026-05-24 21:06:59,098] Epoch 11 - Training loss: 0.120749   Test Accuracy: 0.9575
[2026-05-24 21:07:44,427] Epoch 12 - Training loss: 0.107634   Test Accuracy: 0.9605
[2026-05-24 21:08:31,329] Epoch 13 - Training loss: 0.100001   Test Accuracy: 0.9600
[2026-05-24 21:09:24,204] Epoch 14 - Training loss: 0.092743   Test Accuracy: 0.9612
[2026-05-24 21:10:18,897] Epoch 15 - Training loss: 0.086642   Test Accuracy: 0.9656
[2026-05-24 21:11:11,645] Epoch 16 - Training loss: 0.072590   Test Accuracy: 0.9662
[2026-05-24 21:12:05,095] Epoch 17 - Training loss: 0.067950   Test Accuracy: 0.9664
[2026-05-24 21:12:53,375] Epoch 18 - Training loss: 0.062957   Test Accuracy: 0.9672
[2026-05-24 21:13:45,945] Epoch 19 - Training loss: 0.060470   Test Accuracy: 0.9700
[2026-05-24 21:14:39,491] Epoch 20 - Training loss: 0.058561   Test Accuracy: 0.9674
[2026-05-24 21:15:33,836] Epoch 21 - Training loss: 0.056345   Test Accuracy: 0.9710
[2026-05-24 21:16:25,508] Epoch 22 - Training loss: 0.053505   Test Accuracy: 0.9691
[2026-05-24 21:17:17,255] Epoch 23 - Training loss: 0.050868   Test Accuracy: 0.9693
[2026-05-24 21:18:09,105] Epoch 24 - Training loss: 0.050413   Test Accuracy: 0.9695
[2026-05-24 21:19:03,662] Epoch 25 - Training loss: 0.051541   Test Accuracy: 0.9697
[2026-05-24 21:19:55,600] Epoch 26 - Training loss: 0.050714   Test Accuracy: 0.9680
[2026-05-24 21:20:47,588] Epoch 27 - Training loss: 0.053544   Test Accuracy: 0.9685
[2026-05-24 21:21:40,857] Epoch 28 - Training loss: 0.052668   Test Accuracy: 0.9666
[2026-05-24 21:22:36,173] Epoch 29 - Training loss: 0.053936   Test Accuracy: 0.9690
[2026-05-24 21:23:27,972] Epoch 30 - Training loss: 0.050504   Test Accuracy: 0.9701
aihwkit path:  /home/bong/analog_stress_test/aihwkit-fork/src/aihwkit/__init__.py
NeurIPS-2025/S2-mnist-FCN.py --CUDA 0 --SETTING TT-v1 --RPU Pow --tau 0.7 --res-gamma 2.0 --res-state 140
Using Device:  cuda:0
Logging to file: runs/MNIST-FCN/Pow-gamma=2.0-state=140/TT-v1-tau=0.7/events.out.tfevents.1779623841.user.496936.0

Training Time (s) = 1564.108773946762
