# CMD: CUDA_VISIBLE_DEVICES=3 PYTHONPATH=/home/bong/analog_stress_test/analog-training SEED=2 python NeurIPS-2025/S2-mnist-FCN.py --CUDA 0 --SETTING TT-v1 --RPU Pow --tau 0.7 --res-gamma 1.0 --res-state 140
[2026-05-24 20:30:31,579] Epoch 0 - Training loss: --------   Test Accuracy: 0.1009
[2026-05-24 20:31:28,852] Epoch 1 - Training loss: 2.292719   Test Accuracy: 0.2930
[2026-05-24 20:32:19,397] Epoch 2 - Training loss: 0.720313   Test Accuracy: 0.8990
[2026-05-24 20:33:11,194] Epoch 3 - Training loss: 0.287618   Test Accuracy: 0.9243
[2026-05-24 20:34:05,780] Epoch 4 - Training loss: 0.217771   Test Accuracy: 0.9413
[2026-05-24 20:35:02,817] Epoch 5 - Training loss: 0.171380   Test Accuracy: 0.9507
[2026-05-24 20:35:56,412] Epoch 6 - Training loss: 0.140765   Test Accuracy: 0.9525
[2026-05-24 20:36:49,889] Epoch 7 - Training loss: 0.120703   Test Accuracy: 0.9612
[2026-05-24 20:37:45,206] Epoch 8 - Training loss: 0.102073   Test Accuracy: 0.9633
[2026-05-24 20:38:38,790] Epoch 9 - Training loss: 0.089733   Test Accuracy: 0.9629
[2026-05-24 20:39:24,198] Epoch 10 - Training loss: 0.082665   Test Accuracy: 0.9668
[2026-05-24 20:40:08,719] Epoch 11 - Training loss: 0.071749   Test Accuracy: 0.9653
[2026-05-24 20:40:59,907] Epoch 12 - Training loss: 0.067937   Test Accuracy: 0.9696
[2026-05-24 20:41:56,412] Epoch 13 - Training loss: 0.063181   Test Accuracy: 0.9668
[2026-05-24 20:42:51,272] Epoch 14 - Training loss: 0.061320   Test Accuracy: 0.9690
[2026-05-24 20:43:43,636] Epoch 15 - Training loss: 0.052197   Test Accuracy: 0.9709
[2026-05-24 20:44:36,983] Epoch 16 - Training loss: 0.044092   Test Accuracy: 0.9704
[2026-05-24 20:45:32,050] Epoch 17 - Training loss: 0.038189   Test Accuracy: 0.9696
[2026-05-24 20:46:24,411] Epoch 18 - Training loss: 0.035823   Test Accuracy: 0.9716
[2026-05-24 20:47:17,374] Epoch 19 - Training loss: 0.032451   Test Accuracy: 0.9715
[2026-05-24 20:48:12,705] Epoch 20 - Training loss: 0.029806   Test Accuracy: 0.9746
[2026-05-24 20:49:06,964] Epoch 21 - Training loss: 0.029098   Test Accuracy: 0.9730
[2026-05-24 20:50:03,129] Epoch 22 - Training loss: 0.026436   Test Accuracy: 0.9736
[2026-05-24 20:50:57,882] Epoch 23 - Training loss: 0.026006   Test Accuracy: 0.9725
[2026-05-24 20:51:54,136] Epoch 24 - Training loss: 0.024295   Test Accuracy: 0.9715
[2026-05-24 20:52:50,364] Epoch 25 - Training loss: 0.022807   Test Accuracy: 0.9723
[2026-05-24 20:53:43,432] Epoch 26 - Training loss: 0.022510   Test Accuracy: 0.9702
[2026-05-24 20:54:36,992] Epoch 27 - Training loss: 0.021258   Test Accuracy: 0.9721
[2026-05-24 20:55:30,755] Epoch 28 - Training loss: 0.020813   Test Accuracy: 0.9742
[2026-05-24 20:56:25,034] Epoch 29 - Training loss: 0.019711   Test Accuracy: 0.9730
[2026-05-24 20:57:18,258] Epoch 30 - Training loss: 0.017921   Test Accuracy: 0.9729
aihwkit path:  /home/bong/analog_stress_test/aihwkit-fork/src/aihwkit/__init__.py
NeurIPS-2025/S2-mnist-FCN.py --CUDA 0 --SETTING TT-v1 --RPU Pow --tau 0.7 --res-gamma 1.0 --res-state 140
Using Device:  cuda:0
Logging to file: runs/MNIST-FCN/Pow-gamma=1.0-state=140/TT-v1-tau=0.7/events.out.tfevents.1779622226.user.494365.0

Training Time (s) = 1609.992796421051
