# CMD: CUDA_VISIBLE_DEVICES=3 PYTHONPATH=/home/bong/analog_stress_test/analog-training SEED=1 python NeurIPS-2025/S2-mnist-FCN.py --CUDA 0 --SETTING TT-v1 --RPU Pow --tau 0.7 --res-gamma 0.5 --res-state 140
[2026-05-24 19:36:22,005] Epoch 0 - Training loss: --------   Test Accuracy: 0.1035
[2026-05-24 19:37:14,229] Epoch 1 - Training loss: 2.301238   Test Accuracy: 0.1338
[2026-05-24 19:38:06,728] Epoch 2 - Training loss: 1.228376   Test Accuracy: 0.8932
[2026-05-24 19:38:56,794] Epoch 3 - Training loss: 0.288908   Test Accuracy: 0.9298
[2026-05-24 19:39:43,119] Epoch 4 - Training loss: 0.197072   Test Accuracy: 0.9466
[2026-05-24 19:40:35,900] Epoch 5 - Training loss: 0.149401   Test Accuracy: 0.9564
[2026-05-24 19:41:23,132] Epoch 6 - Training loss: 0.122671   Test Accuracy: 0.9570
[2026-05-24 19:42:15,636] Epoch 7 - Training loss: 0.107964   Test Accuracy: 0.9620
[2026-05-24 19:43:07,438] Epoch 8 - Training loss: 0.097733   Test Accuracy: 0.9601
[2026-05-24 19:44:01,026] Epoch 9 - Training loss: 0.084859   Test Accuracy: 0.9653
[2026-05-24 19:44:51,212] Epoch 10 - Training loss: 0.076306   Test Accuracy: 0.9695
[2026-05-24 19:45:44,713] Epoch 11 - Training loss: 0.068632   Test Accuracy: 0.9700
[2026-05-24 19:46:38,246] Epoch 12 - Training loss: 0.060500   Test Accuracy: 0.9674
[2026-05-24 19:47:31,773] Epoch 13 - Training loss: 0.053308   Test Accuracy: 0.9701
[2026-05-24 19:48:29,453] Epoch 14 - Training loss: 0.050706   Test Accuracy: 0.9711
[2026-05-24 19:49:25,567] Epoch 15 - Training loss: 0.046015   Test Accuracy: 0.9703
[2026-05-24 19:50:21,330] Epoch 16 - Training loss: 0.041461   Test Accuracy: 0.9705
[2026-05-24 19:51:12,542] Epoch 17 - Training loss: 0.038832   Test Accuracy: 0.9705
[2026-05-24 19:52:07,523] Epoch 18 - Training loss: 0.035654   Test Accuracy: 0.9701
[2026-05-24 19:53:03,452] Epoch 19 - Training loss: 0.031687   Test Accuracy: 0.9730
[2026-05-24 19:54:02,530] Epoch 20 - Training loss: 0.031323   Test Accuracy: 0.9727
[2026-05-24 19:54:59,754] Epoch 21 - Training loss: 0.030213   Test Accuracy: 0.9710
[2026-05-24 19:55:56,046] Epoch 22 - Training loss: 0.029363   Test Accuracy: 0.9707
[2026-05-24 19:56:52,659] Epoch 23 - Training loss: 0.026522   Test Accuracy: 0.9724
[2026-05-24 19:57:48,313] Epoch 24 - Training loss: 0.025271   Test Accuracy: 0.9716
[2026-05-24 19:58:45,731] Epoch 25 - Training loss: 0.023066   Test Accuracy: 0.9735
[2026-05-24 19:59:37,932] Epoch 26 - Training loss: 0.021814   Test Accuracy: 0.9724
[2026-05-24 20:00:31,281] Epoch 27 - Training loss: 0.021015   Test Accuracy: 0.9716
[2026-05-24 20:01:25,561] Epoch 28 - Training loss: 0.020926   Test Accuracy: 0.9744
[2026-05-24 20:02:18,314] Epoch 29 - Training loss: 0.019685   Test Accuracy: 0.9736
[2026-05-24 20:03:16,216] Epoch 30 - Training loss: 0.021020   Test Accuracy: 0.9730
aihwkit path:  /home/bong/analog_stress_test/aihwkit-fork/src/aihwkit/__init__.py
NeurIPS-2025/S2-mnist-FCN.py --CUDA 0 --SETTING TT-v1 --RPU Pow --tau 0.7 --res-gamma 0.5 --res-state 140
Using Device:  cuda:0
Logging to file: runs/MNIST-FCN/Pow-gamma=0.5-state=140/TT-v1-tau=0.7/events.out.tfevents.1779618976.user.489412.0

Training Time (s) = 1617.5029499530792
