# CMD: CUDA_VISIBLE_DEVICES=3 PYTHONPATH=/home/bong/analog_stress_test/analog-training SEED=1 python NeurIPS-2025/S2-mnist-FCN.py --CUDA 0 --SETTING TT-v1 --RPU Pow --tau 0.7 --res-gamma 0.1 --res-state 140
[2026-05-24 19:02:08,348] Epoch 0 - Training loss: --------   Test Accuracy: 0.1040
[2026-05-24 19:03:00,935] Epoch 1 - Training loss: 2.301178   Test Accuracy: 0.1387
[2026-05-24 19:03:53,381] Epoch 2 - Training loss: 1.097226   Test Accuracy: 0.9007
[2026-05-24 19:04:48,179] Epoch 3 - Training loss: 0.281467   Test Accuracy: 0.9298
[2026-05-24 19:05:40,930] Epoch 4 - Training loss: 0.202978   Test Accuracy: 0.9458
[2026-05-24 19:06:32,765] Epoch 5 - Training loss: 0.167320   Test Accuracy: 0.9507
[2026-05-24 19:07:21,821] Epoch 6 - Training loss: 0.144799   Test Accuracy: 0.9533
[2026-05-24 19:08:15,459] Epoch 7 - Training loss: 0.131054   Test Accuracy: 0.9578
[2026-05-24 19:09:06,823] Epoch 8 - Training loss: 0.119036   Test Accuracy: 0.9561
[2026-05-24 19:10:02,732] Epoch 9 - Training loss: 0.108871   Test Accuracy: 0.9587
[2026-05-24 19:10:57,828] Epoch 10 - Training loss: 0.101314   Test Accuracy: 0.9582
[2026-05-24 19:11:53,327] Epoch 11 - Training loss: 0.095724   Test Accuracy: 0.9631
[2026-05-24 19:12:49,313] Epoch 12 - Training loss: 0.091178   Test Accuracy: 0.9634
[2026-05-24 19:13:45,779] Epoch 13 - Training loss: 0.086001   Test Accuracy: 0.9616
[2026-05-24 19:14:41,518] Epoch 14 - Training loss: 0.084047   Test Accuracy: 0.9629
[2026-05-24 19:15:39,496] Epoch 15 - Training loss: 0.080027   Test Accuracy: 0.9637
[2026-05-24 19:16:37,200] Epoch 16 - Training loss: 0.076108   Test Accuracy: 0.9635
[2026-05-24 19:17:36,921] Epoch 17 - Training loss: 0.074456   Test Accuracy: 0.9636
[2026-05-24 19:18:37,881] Epoch 18 - Training loss: 0.074002   Test Accuracy: 0.9650
[2026-05-24 19:19:37,647] Epoch 19 - Training loss: 0.073191   Test Accuracy: 0.9643
[2026-05-24 19:20:32,544] Epoch 20 - Training loss: 0.072195   Test Accuracy: 0.9643
[2026-05-24 19:21:30,355] Epoch 21 - Training loss: 0.070852   Test Accuracy: 0.9651
[2026-05-24 19:22:30,610] Epoch 22 - Training loss: 0.068093   Test Accuracy: 0.9634
[2026-05-24 19:23:30,413] Epoch 23 - Training loss: 0.067741   Test Accuracy: 0.9608
[2026-05-24 19:24:30,294] Epoch 24 - Training loss: 0.067107   Test Accuracy: 0.9620
[2026-05-24 19:25:31,289] Epoch 25 - Training loss: 0.066712   Test Accuracy: 0.9638
[2026-05-24 19:26:32,093] Epoch 26 - Training loss: 0.066673   Test Accuracy: 0.9649
[2026-05-24 19:27:31,637] Epoch 27 - Training loss: 0.064766   Test Accuracy: 0.9636
[2026-05-24 19:28:30,570] Epoch 28 - Training loss: 0.065176   Test Accuracy: 0.9638
[2026-05-24 19:29:30,460] Epoch 29 - Training loss: 0.064375   Test Accuracy: 0.9627
[2026-05-24 19:30:30,801] Epoch 30 - Training loss: 0.062260   Test Accuracy: 0.9657
aihwkit path:  /home/bong/analog_stress_test/aihwkit-fork/src/aihwkit/__init__.py
NeurIPS-2025/S2-mnist-FCN.py --CUDA 0 --SETTING TT-v1 --RPU Pow --tau 0.7 --res-gamma 0.1 --res-state 140
Using Device:  cuda:0
Logging to file: runs/MNIST-FCN/Pow-gamma=0.1-state=140/TT-v1-tau=0.7/events.out.tfevents.1779616922.user.486071.0

Training Time (s) = 1705.8074610233307
