# CMD: CUDA_VISIBLE_DEVICES=2 PYTHONPATH=/home/bong/analog_stress_test/analog-training SEED=2 python NeurIPS-2025/S2-mnist-CNN.py --CUDA 0 --SETTING Analog SGD --RPU Pow --tau 0.7 --res-gamma 0.5 --res-state 14000
[2026-05-23 22:13:04,387] Epoch 0 - Training loss: --------   Test Accuracy: 0.1243
[2026-05-23 22:14:29,346] Epoch 1 - Training loss: 0.260797   Test Accuracy: 0.9279
[2026-05-23 22:15:54,044] Epoch 2 - Training loss: 0.171589   Test Accuracy: 0.9604
[2026-05-23 22:17:16,285] Epoch 3 - Training loss: 0.169512   Test Accuracy: 0.9638
[2026-05-23 22:18:39,213] Epoch 4 - Training loss: 0.162363   Test Accuracy: 0.9589
[2026-05-23 22:20:00,139] Epoch 5 - Training loss: 0.157867   Test Accuracy: 0.9503
[2026-05-23 22:21:24,899] Epoch 6 - Training loss: 0.158333   Test Accuracy: 0.9625
[2026-05-23 22:22:45,159] Epoch 7 - Training loss: 0.155165   Test Accuracy: 0.9646
[2026-05-23 22:24:06,318] Epoch 8 - Training loss: 0.162269   Test Accuracy: 0.9588
[2026-05-23 22:25:25,964] Epoch 9 - Training loss: 0.152518   Test Accuracy: 0.9571
[2026-05-23 22:26:47,664] Epoch 10 - Training loss: 0.155600   Test Accuracy: 0.9640
[2026-05-23 22:28:09,007] Epoch 11 - Training loss: 0.152368   Test Accuracy: 0.9665
[2026-05-23 22:29:30,713] Epoch 12 - Training loss: 0.152495   Test Accuracy: 0.9373
[2026-05-23 22:30:50,812] Epoch 13 - Training loss: 0.150859   Test Accuracy: 0.9651
[2026-05-23 22:32:11,082] Epoch 14 - Training loss: 0.158164   Test Accuracy: 0.9649
[2026-05-23 22:33:31,767] Epoch 15 - Training loss: 0.156238   Test Accuracy: 0.9586
[2026-05-23 22:34:52,992] Epoch 16 - Training loss: 0.153652   Test Accuracy: 0.9647
[2026-05-23 22:36:14,447] Epoch 17 - Training loss: 0.152330   Test Accuracy: 0.9280
[2026-05-23 22:37:36,180] Epoch 18 - Training loss: 0.157119   Test Accuracy: 0.9607
[2026-05-23 22:38:59,221] Epoch 19 - Training loss: 0.151906   Test Accuracy: 0.9511
[2026-05-23 22:40:18,541] Epoch 20 - Training loss: 0.156522   Test Accuracy: 0.9679
[2026-05-23 22:41:39,928] Epoch 21 - Training loss: 0.152675   Test Accuracy: 0.9509
[2026-05-23 22:43:00,210] Epoch 22 - Training loss: 0.152748   Test Accuracy: 0.9567
[2026-05-23 22:44:18,447] Epoch 23 - Training loss: 0.155094   Test Accuracy: 0.9484
[2026-05-23 22:45:40,403] Epoch 24 - Training loss: 0.152293   Test Accuracy: 0.9653
[2026-05-23 22:47:01,839] Epoch 25 - Training loss: 0.152446   Test Accuracy: 0.9523
[2026-05-23 22:48:23,563] Epoch 26 - Training loss: 0.150860   Test Accuracy: 0.9635
[2026-05-23 22:49:44,767] Epoch 27 - Training loss: 0.152330   Test Accuracy: 0.9459
[2026-05-23 22:51:05,677] Epoch 28 - Training loss: 0.151060   Test Accuracy: 0.9198
[2026-05-23 22:52:26,919] Epoch 29 - Training loss: 0.149876   Test Accuracy: 0.9523
[2026-05-23 22:53:44,491] Epoch 30 - Training loss: 0.151071   Test Accuracy: 0.9604
aihwkit path:  /home/bong/analog_stress_test/aihwkit-fork/src/aihwkit/__init__.py
NeurIPS-2025/S2-mnist-CNN.py --CUDA 0 --SETTING Analog SGD --RPU Pow --tau 0.7 --res-gamma 0.5 --res-state 14000
Using Device:  cuda:0
Logging to file: runs/MNIST-CNN/Pow-gamma=0.5-state=14000/Analog SGD-tau=0.7/events.out.tfevents.1779541978.user.375967.0

Training Time (s) = 2443.925499200821
