# CMD: CUDA_VISIBLE_DEVICES=2 PYTHONPATH=/home/bong/analog_stress_test/analog-training SEED=2 python NeurIPS-2025/S2-mnist-CNN.py --CUDA 0 --SETTING Analog SGD --RPU Pow --tau 0.7 --res-gamma 0.5 --res-state 140
[2026-05-24 01:09:39,823] Epoch 0 - Training loss: --------   Test Accuracy: 0.1321
[2026-05-24 01:10:38,298] Epoch 1 - Training loss: 0.450971   Test Accuracy: 0.8901
[2026-05-24 01:11:35,140] Epoch 2 - Training loss: 0.364639   Test Accuracy: 0.8926
[2026-05-24 01:12:34,756] Epoch 3 - Training loss: 0.362698   Test Accuracy: 0.9176
[2026-05-24 01:13:34,937] Epoch 4 - Training loss: 0.362805   Test Accuracy: 0.8829
[2026-05-24 01:14:35,771] Epoch 5 - Training loss: 0.355285   Test Accuracy: 0.9181
[2026-05-24 01:15:40,811] Epoch 6 - Training loss: 0.357018   Test Accuracy: 0.8849
[2026-05-24 01:16:44,758] Epoch 7 - Training loss: 0.368026   Test Accuracy: 0.8986
[2026-05-24 01:17:47,213] Epoch 8 - Training loss: 0.362456   Test Accuracy: 0.9309
[2026-05-24 01:18:47,964] Epoch 9 - Training loss: 0.364564   Test Accuracy: 0.8946
[2026-05-24 01:19:50,434] Epoch 10 - Training loss: 0.369467   Test Accuracy: 0.8784
[2026-05-24 01:20:53,252] Epoch 11 - Training loss: 0.369103   Test Accuracy: 0.9108
[2026-05-24 01:21:58,602] Epoch 12 - Training loss: 0.367066   Test Accuracy: 0.8075
[2026-05-24 01:22:59,104] Epoch 13 - Training loss: 0.365232   Test Accuracy: 0.9030
[2026-05-24 01:24:03,092] Epoch 14 - Training loss: 0.354624   Test Accuracy: 0.9158
[2026-05-24 01:25:05,132] Epoch 15 - Training loss: 0.362179   Test Accuracy: 0.8947
[2026-05-24 01:26:07,029] Epoch 16 - Training loss: 0.356187   Test Accuracy: 0.9198
[2026-05-24 01:27:08,182] Epoch 17 - Training loss: 0.354485   Test Accuracy: 0.8908
[2026-05-24 01:28:13,694] Epoch 18 - Training loss: 0.358105   Test Accuracy: 0.9027
[2026-05-24 01:29:13,042] Epoch 19 - Training loss: 0.363838   Test Accuracy: 0.8764
[2026-05-24 01:30:16,166] Epoch 20 - Training loss: 0.370336   Test Accuracy: 0.9262
[2026-05-24 01:31:22,743] Epoch 21 - Training loss: 0.363710   Test Accuracy: 0.8680
[2026-05-24 01:32:27,000] Epoch 22 - Training loss: 0.358801   Test Accuracy: 0.9105
[2026-05-24 01:33:33,045] Epoch 23 - Training loss: 0.359565   Test Accuracy: 0.8375
[2026-05-24 01:34:35,383] Epoch 24 - Training loss: 0.367667   Test Accuracy: 0.8965
[2026-05-24 01:35:46,832] Epoch 25 - Training loss: 0.374599   Test Accuracy: 0.9097
[2026-05-24 01:36:54,714] Epoch 26 - Training loss: 0.362137   Test Accuracy: 0.8393
[2026-05-24 01:37:58,301] Epoch 27 - Training loss: 0.365563   Test Accuracy: 0.9108
[2026-05-24 01:39:06,543] Epoch 28 - Training loss: 0.363340   Test Accuracy: 0.9133
[2026-05-24 01:40:05,530] Epoch 29 - Training loss: 0.361060   Test Accuracy: 0.8814
[2026-05-24 01:41:11,645] Epoch 30 - Training loss: 0.357668   Test Accuracy: 0.9290
aihwkit path:  /home/bong/analog_stress_test/aihwkit-fork/src/aihwkit/__init__.py
NeurIPS-2025/S2-mnist-CNN.py --CUDA 0 --SETTING Analog SGD --RPU Pow --tau 0.7 --res-gamma 0.5 --res-state 140
Using Device:  cuda:0
Logging to file: runs/MNIST-CNN/Pow-gamma=0.5-state=140/Analog SGD-tau=0.7/events.out.tfevents.1779552574.user.391500.0

Training Time (s) = 1895.0747923851013
