# CMD: CUDA_VISIBLE_DEVICES=2 PYTHONPATH=/home/bong/analog_stress_test/analog-training SEED=1 python NeurIPS-2025/S2-mnist-CNN.py --CUDA 0 --SETTING Analog SGD --RPU Pow --tau 0.7 --res-gamma 0.5 --res-state 1400
[2026-05-23 22:53:55,173] Epoch 0 - Training loss: --------   Test Accuracy: 0.1244
[2026-05-23 22:55:12,246] Epoch 1 - Training loss: 0.307431   Test Accuracy: 0.9476
[2026-05-23 22:56:29,257] Epoch 2 - Training loss: 0.224576   Test Accuracy: 0.9491
[2026-05-23 22:57:49,403] Epoch 3 - Training loss: 0.217773   Test Accuracy: 0.9426
[2026-05-23 22:59:10,212] Epoch 4 - Training loss: 0.215666   Test Accuracy: 0.9429
[2026-05-23 23:00:14,954] Epoch 5 - Training loss: 0.208079   Test Accuracy: 0.9414
[2026-05-23 23:01:25,057] Epoch 6 - Training loss: 0.202428   Test Accuracy: 0.9456
[2026-05-23 23:02:40,568] Epoch 7 - Training loss: 0.203545   Test Accuracy: 0.9562
[2026-05-23 23:03:59,715] Epoch 8 - Training loss: 0.205030   Test Accuracy: 0.9546
[2026-05-23 23:05:17,732] Epoch 9 - Training loss: 0.198364   Test Accuracy: 0.9480
[2026-05-23 23:06:30,555] Epoch 10 - Training loss: 0.203494   Test Accuracy: 0.9546
[2026-05-23 23:07:39,462] Epoch 11 - Training loss: 0.201612   Test Accuracy: 0.9287
[2026-05-23 23:08:36,557] Epoch 12 - Training loss: 0.200752   Test Accuracy: 0.9526
[2026-05-23 23:09:44,223] Epoch 13 - Training loss: 0.204797   Test Accuracy: 0.9478
[2026-05-23 23:11:06,994] Epoch 14 - Training loss: 0.208399   Test Accuracy: 0.9353
[2026-05-23 23:12:25,049] Epoch 15 - Training loss: 0.198306   Test Accuracy: 0.9442
[2026-05-23 23:13:43,114] Epoch 16 - Training loss: 0.198908   Test Accuracy: 0.9415
[2026-05-23 23:14:56,250] Epoch 17 - Training loss: 0.201943   Test Accuracy: 0.9441
[2026-05-23 23:16:12,723] Epoch 18 - Training loss: 0.200398   Test Accuracy: 0.9547
[2026-05-23 23:17:23,972] Epoch 19 - Training loss: 0.203219   Test Accuracy: 0.9584
[2026-05-23 23:18:41,933] Epoch 20 - Training loss: 0.201965   Test Accuracy: 0.9414
[2026-05-23 23:19:55,452] Epoch 21 - Training loss: 0.202174   Test Accuracy: 0.9256
[2026-05-23 23:21:11,502] Epoch 22 - Training loss: 0.199489   Test Accuracy: 0.9656
[2026-05-23 23:22:24,798] Epoch 23 - Training loss: 0.198681   Test Accuracy: 0.9552
[2026-05-23 23:23:37,774] Epoch 24 - Training loss: 0.206105   Test Accuracy: 0.9287
[2026-05-23 23:24:54,653] Epoch 25 - Training loss: 0.203286   Test Accuracy: 0.9340
[2026-05-23 23:26:08,181] Epoch 26 - Training loss: 0.201753   Test Accuracy: 0.9334
[2026-05-23 23:27:25,621] Epoch 27 - Training loss: 0.206269   Test Accuracy: 0.9360
[2026-05-23 23:28:40,240] Epoch 28 - Training loss: 0.200517   Test Accuracy: 0.9066
[2026-05-23 23:29:54,534] Epoch 29 - Training loss: 0.207262   Test Accuracy: 0.9349
[2026-05-23 23:30:58,925] Epoch 30 - Training loss: 0.207347   Test Accuracy: 0.9437
aihwkit path:  /home/bong/analog_stress_test/aihwkit-fork/src/aihwkit/__init__.py
NeurIPS-2025/S2-mnist-CNN.py --CUDA 0 --SETTING Analog SGD --RPU Pow --tau 0.7 --res-gamma 0.5 --res-state 1400
Using Device:  cuda:0
Logging to file: runs/MNIST-CNN/Pow-gamma=0.5-state=1400/Analog SGD-tau=0.7/events.out.tfevents.1779544428.user.379916.0

Training Time (s) = 2228.5089659690857
