# CMD: CUDA_VISIBLE_DEVICES=2 PYTHONPATH=/home/bong/analog_stress_test/analog-training SEED=2 python NeurIPS-2025/S2-mnist-CNN.py --CUDA 0 --SETTING Analog SGD --RPU Pow --tau 0.7 --res-gamma 0.5 --res-state 28
[2026-05-24 01:41:22,932] Epoch 0 - Training loss: --------   Test Accuracy: 0.1270
[2026-05-24 01:42:32,306] Epoch 1 - Training loss: 1.122673   Test Accuracy: 0.5808
[2026-05-24 01:43:37,786] Epoch 2 - Training loss: 0.957533   Test Accuracy: 0.4617
[2026-05-24 01:44:47,377] Epoch 3 - Training loss: 1.135560   Test Accuracy: 0.7494
[2026-05-24 01:45:53,382] Epoch 4 - Training loss: 1.125041   Test Accuracy: 0.5803
[2026-05-24 01:47:01,174] Epoch 5 - Training loss: 1.190445   Test Accuracy: 0.5959
[2026-05-24 01:48:07,614] Epoch 6 - Training loss: 1.686478   Test Accuracy: 0.3187
[2026-05-24 01:49:14,733] Epoch 7 - Training loss: 2.029802   Test Accuracy: 0.2591
[2026-05-24 01:50:30,731] Epoch 8 - Training loss: 2.077902   Test Accuracy: 0.3549
[2026-05-24 01:51:41,469] Epoch 9 - Training loss: 2.195829   Test Accuracy: 0.1215
[2026-05-24 01:52:51,171] Epoch 10 - Training loss: 2.304726   Test Accuracy: 0.0958
[2026-05-24 01:54:01,414] Epoch 11 - Training loss: 2.311567   Test Accuracy: 0.1135
[2026-05-24 01:55:08,734] Epoch 12 - Training loss: 2.310394   Test Accuracy: 0.1009
[2026-05-24 01:56:06,248] Epoch 13 - Training loss: 2.310752   Test Accuracy: 0.1135
[2026-05-24 01:57:11,932] Epoch 14 - Training loss: 2.311585   Test Accuracy: 0.1009
[2026-05-24 01:58:19,171] Epoch 15 - Training loss: 2.312297   Test Accuracy: 0.1135
[2026-05-24 01:59:26,666] Epoch 16 - Training loss: 2.311514   Test Accuracy: 0.0958
[2026-05-24 02:00:32,740] Epoch 17 - Training loss: 2.312930   Test Accuracy: 0.1135
[2026-05-24 02:01:35,868] Epoch 18 - Training loss: 2.312289   Test Accuracy: 0.1032
[2026-05-24 02:02:41,642] Epoch 19 - Training loss: 2.312688   Test Accuracy: 0.1010
[2026-05-24 02:03:47,189] Epoch 20 - Training loss: 2.310565   Test Accuracy: 0.1010
[2026-05-24 02:04:54,430] Epoch 21 - Training loss: 2.312765   Test Accuracy: 0.1135
[2026-05-24 02:06:10,210] Epoch 22 - Training loss: 2.309986   Test Accuracy: 0.1009
[2026-05-24 02:07:14,531] Epoch 23 - Training loss: 2.312419   Test Accuracy: 0.1135
[2026-05-24 02:08:24,466] Epoch 24 - Training loss: 2.310790   Test Accuracy: 0.1135
[2026-05-24 02:09:32,151] Epoch 25 - Training loss: 2.309879   Test Accuracy: 0.1135
[2026-05-24 02:10:36,042] Epoch 26 - Training loss: 2.311240   Test Accuracy: 0.1135
[2026-05-24 02:11:42,484] Epoch 27 - Training loss: 2.308930   Test Accuracy: 0.1028
[2026-05-24 02:12:47,099] Epoch 28 - Training loss: 2.311057   Test Accuracy: 0.0980
[2026-05-24 02:13:47,552] Epoch 29 - Training loss: 2.311226   Test Accuracy: 0.1135
[2026-05-24 02:14:52,910] Epoch 30 - Training loss: 2.311653   Test Accuracy: 0.1135
aihwkit path:  /home/bong/analog_stress_test/aihwkit-fork/src/aihwkit/__init__.py
NeurIPS-2025/S2-mnist-CNN.py --CUDA 0 --SETTING Analog SGD --RPU Pow --tau 0.7 --res-gamma 0.5 --res-state 28
Using Device:  cuda:0
Logging to file: runs/MNIST-CNN/Pow-gamma=0.5-state=28/Analog SGD-tau=0.7/events.out.tfevents.1779554476.user.394185.0

Training Time (s) = 2014.2856860160828
