# CMD: CUDA_VISIBLE_DEVICES=2 PYTHONPATH=/home/bong/analog_stress_test/analog-training SEED=3 python NeurIPS-2025/S2-mnist-CNN.py --CUDA 0 --SETTING Analog SGD --RPU Pow --tau 0.7 --res-gamma 0.5 --res-state 280
[2026-05-24 00:36:30,287] Epoch 0 - Training loss: --------   Test Accuracy: 0.1276
[2026-05-24 00:37:36,133] Epoch 1 - Training loss: 0.386206   Test Accuracy: 0.9173
[2026-05-24 00:38:44,431] Epoch 2 - Training loss: 0.295267   Test Accuracy: 0.8461
[2026-05-24 00:39:55,272] Epoch 3 - Training loss: 0.284215   Test Accuracy: 0.9073
[2026-05-24 00:41:00,353] Epoch 4 - Training loss: 0.275345   Test Accuracy: 0.9386
[2026-05-24 00:42:07,830] Epoch 5 - Training loss: 0.270066   Test Accuracy: 0.9412
[2026-05-24 00:43:08,505] Epoch 6 - Training loss: 0.270948   Test Accuracy: 0.9231
[2026-05-24 00:44:17,416] Epoch 7 - Training loss: 0.273388   Test Accuracy: 0.9232
[2026-05-24 00:45:26,251] Epoch 8 - Training loss: 0.278701   Test Accuracy: 0.9216
[2026-05-24 00:46:34,903] Epoch 9 - Training loss: 0.271223   Test Accuracy: 0.9389
[2026-05-24 00:47:45,559] Epoch 10 - Training loss: 0.269127   Test Accuracy: 0.9047
[2026-05-24 00:48:51,799] Epoch 11 - Training loss: 0.275205   Test Accuracy: 0.9340
[2026-05-24 00:49:56,146] Epoch 12 - Training loss: 0.271349   Test Accuracy: 0.9141
[2026-05-24 00:51:02,899] Epoch 13 - Training loss: 0.266551   Test Accuracy: 0.9431
[2026-05-24 00:52:03,137] Epoch 14 - Training loss: 0.272711   Test Accuracy: 0.9455
[2026-05-24 00:53:11,740] Epoch 15 - Training loss: 0.280123   Test Accuracy: 0.9344
[2026-05-24 00:54:27,340] Epoch 16 - Training loss: 0.270261   Test Accuracy: 0.9298
[2026-05-24 00:55:33,941] Epoch 17 - Training loss: 0.270749   Test Accuracy: 0.9065
[2026-05-24 00:56:39,509] Epoch 18 - Training loss: 0.259660   Test Accuracy: 0.9216
[2026-05-24 00:57:52,825] Epoch 19 - Training loss: 0.260434   Test Accuracy: 0.9337
[2026-05-24 00:58:53,574] Epoch 20 - Training loss: 0.264863   Test Accuracy: 0.9253
[2026-05-24 00:59:59,994] Epoch 21 - Training loss: 0.269180   Test Accuracy: 0.9013
[2026-05-24 01:01:05,821] Epoch 22 - Training loss: 0.270747   Test Accuracy: 0.9346
[2026-05-24 01:02:10,637] Epoch 23 - Training loss: 0.266962   Test Accuracy: 0.9288
[2026-05-24 01:03:13,096] Epoch 24 - Training loss: 0.272000   Test Accuracy: 0.9055
[2026-05-24 01:04:13,861] Epoch 25 - Training loss: 0.266772   Test Accuracy: 0.9368
[2026-05-24 01:05:13,740] Epoch 26 - Training loss: 0.270095   Test Accuracy: 0.9070
[2026-05-24 01:06:14,873] Epoch 27 - Training loss: 0.272768   Test Accuracy: 0.8909
[2026-05-24 01:07:17,486] Epoch 28 - Training loss: 0.273545   Test Accuracy: 0.8901
[2026-05-24 01:08:18,957] Epoch 29 - Training loss: 0.276487   Test Accuracy: 0.9328
[2026-05-24 01:09:29,593] Epoch 30 - Training loss: 0.272707   Test Accuracy: 0.9456
aihwkit path:  /home/bong/analog_stress_test/aihwkit-fork/src/aihwkit/__init__.py
NeurIPS-2025/S2-mnist-CNN.py --CUDA 0 --SETTING Analog SGD --RPU Pow --tau 0.7 --res-gamma 0.5 --res-state 280
Using Device:  cuda:0
Logging to file: runs/MNIST-CNN/Pow-gamma=0.5-state=280/Analog SGD-tau=0.7/events.out.tfevents.1779550584.user.388827.0

Training Time (s) = 1983.0878438949585
