# CMD: CUDA_VISIBLE_DEVICES=3 PYTHONPATH=/home/bong/analog_stress_test/analog-training SEED=1 python NeurIPS-2025/S2-mnist-FCN.py --CUDA 0 --SETTING RL-v2 --RPU Pow --tau 0.7 --res-gamma 0.5 --res-state 280
[2026-05-24 12:09:21,355] Epoch 0 - Training loss: --------   Test Accuracy: 0.1028
[2026-05-24 12:10:25,523] Epoch 1 - Training loss: 1.503744   Test Accuracy: 0.8334
[2026-05-24 12:11:26,187] Epoch 2 - Training loss: 0.343199   Test Accuracy: 0.9268
[2026-05-24 12:12:31,527] Epoch 3 - Training loss: 0.220005   Test Accuracy: 0.9453
[2026-05-24 12:13:39,855] Epoch 4 - Training loss: 0.170357   Test Accuracy: 0.9552
[2026-05-24 12:14:49,441] Epoch 5 - Training loss: 0.144381   Test Accuracy: 0.9596
[2026-05-24 12:15:58,253] Epoch 6 - Training loss: 0.124704   Test Accuracy: 0.9645
[2026-05-24 12:17:08,012] Epoch 7 - Training loss: 0.108106   Test Accuracy: 0.9664
[2026-05-24 12:18:17,777] Epoch 8 - Training loss: 0.095866   Test Accuracy: 0.9682
[2026-05-24 12:19:28,216] Epoch 9 - Training loss: 0.084630   Test Accuracy: 0.9702
[2026-05-24 12:20:39,283] Epoch 10 - Training loss: 0.078263   Test Accuracy: 0.9691
[2026-05-24 12:21:48,728] Epoch 11 - Training loss: 0.068817   Test Accuracy: 0.9726
[2026-05-24 12:22:57,063] Epoch 12 - Training loss: 0.063190   Test Accuracy: 0.9713
[2026-05-24 12:24:06,152] Epoch 13 - Training loss: 0.057858   Test Accuracy: 0.9704
[2026-05-24 12:25:14,528] Epoch 14 - Training loss: 0.052787   Test Accuracy: 0.9745
[2026-05-24 12:26:23,468] Epoch 15 - Training loss: 0.048658   Test Accuracy: 0.9743
[2026-05-24 12:27:32,563] Epoch 16 - Training loss: 0.040754   Test Accuracy: 0.9740
[2026-05-24 12:28:40,227] Epoch 17 - Training loss: 0.037828   Test Accuracy: 0.9744
[2026-05-24 12:29:48,491] Epoch 18 - Training loss: 0.034280   Test Accuracy: 0.9745
[2026-05-24 12:31:00,313] Epoch 19 - Training loss: 0.031270   Test Accuracy: 0.9752
[2026-05-24 12:32:10,823] Epoch 20 - Training loss: 0.028401   Test Accuracy: 0.9748
[2026-05-24 12:33:18,582] Epoch 21 - Training loss: 0.026701   Test Accuracy: 0.9747
[2026-05-24 12:34:26,836] Epoch 22 - Training loss: 0.026083   Test Accuracy: 0.9767
[2026-05-24 12:35:35,643] Epoch 23 - Training loss: 0.024936   Test Accuracy: 0.9752
[2026-05-24 12:36:44,744] Epoch 24 - Training loss: 0.025356   Test Accuracy: 0.9759
[2026-05-24 12:37:53,924] Epoch 25 - Training loss: 0.024617   Test Accuracy: 0.9752
[2026-05-24 12:39:04,244] Epoch 26 - Training loss: 0.024264   Test Accuracy: 0.9755
[2026-05-24 12:40:17,262] Epoch 27 - Training loss: 0.024283   Test Accuracy: 0.9747
[2026-05-24 12:41:28,151] Epoch 28 - Training loss: 0.022904   Test Accuracy: 0.9742
[2026-05-24 12:42:38,235] Epoch 29 - Training loss: 0.022135   Test Accuracy: 0.9757
[2026-05-24 12:43:47,641] Epoch 30 - Training loss: 0.021615   Test Accuracy: 0.9756
aihwkit path:  /home/bong/analog_stress_test/aihwkit-fork/src/aihwkit/__init__.py
NeurIPS-2025/S2-mnist-FCN.py --CUDA 0 --SETTING RL-v2 --RPU Pow --tau 0.7 --res-gamma 0.5 --res-state 280
Using Device:  cuda:0
Logging to file: runs/MNIST-FCN/Pow-gamma=0.5-state=280/RL-v2-tau=0.7/events.out.tfevents.1779592155.user.448359.0

Training Time (s) = 2069.8256323337555
