# CMD: CUDA_VISIBLE_DEVICES=3 PYTHONPATH=/home/bong/analog_stress_test/analog-training SEED=2 python NeurIPS-2025/S2-mnist-FCN.py --CUDA 0 --SETTING RL-v2 --RPU Pow --tau 0.7 --res-gamma 0.5 --res-state 28
[2026-05-24 13:55:07,811] Epoch 0 - Training loss: --------   Test Accuracy: 0.1009
[2026-05-24 13:56:13,364] Epoch 1 - Training loss: 2.302374   Test Accuracy: 0.1135
[2026-05-24 13:57:19,047] Epoch 2 - Training loss: 0.891989   Test Accuracy: 0.8934
[2026-05-24 13:58:25,585] Epoch 3 - Training loss: 0.254118   Test Accuracy: 0.9475
[2026-05-24 13:59:33,327] Epoch 4 - Training loss: 0.149577   Test Accuracy: 0.9579
[2026-05-24 14:00:41,537] Epoch 5 - Training loss: 0.108437   Test Accuracy: 0.9673
[2026-05-24 14:01:50,262] Epoch 6 - Training loss: 0.084898   Test Accuracy: 0.9640
[2026-05-24 14:02:57,745] Epoch 7 - Training loss: 0.069853   Test Accuracy: 0.9676
[2026-05-24 14:04:04,592] Epoch 8 - Training loss: 0.058019   Test Accuracy: 0.9675
[2026-05-24 14:05:13,897] Epoch 9 - Training loss: 0.050612   Test Accuracy: 0.9700
[2026-05-24 14:06:22,555] Epoch 10 - Training loss: 0.048889   Test Accuracy: 0.9720
[2026-05-24 14:07:30,835] Epoch 11 - Training loss: 0.043771   Test Accuracy: 0.9702
[2026-05-24 14:08:39,438] Epoch 12 - Training loss: 0.039329   Test Accuracy: 0.9687
[2026-05-24 14:09:47,365] Epoch 13 - Training loss: 0.038255   Test Accuracy: 0.9717
[2026-05-24 14:10:57,290] Epoch 14 - Training loss: 0.036783   Test Accuracy: 0.9704
[2026-05-24 14:12:03,553] Epoch 15 - Training loss: 0.036424   Test Accuracy: 0.9703
[2026-05-24 14:13:13,001] Epoch 16 - Training loss: 0.026254   Test Accuracy: 0.9713
[2026-05-24 14:14:22,771] Epoch 17 - Training loss: 0.026676   Test Accuracy: 0.9701
[2026-05-24 14:15:30,082] Epoch 18 - Training loss: 0.029767   Test Accuracy: 0.9733
[2026-05-24 14:16:37,797] Epoch 19 - Training loss: 0.030732   Test Accuracy: 0.9724
[2026-05-24 14:17:45,713] Epoch 20 - Training loss: 0.029241   Test Accuracy: 0.9700
[2026-05-24 14:18:55,069] Epoch 21 - Training loss: 0.028867   Test Accuracy: 0.9724
[2026-05-24 14:20:01,858] Epoch 22 - Training loss: 0.029212   Test Accuracy: 0.9700
[2026-05-24 14:21:10,940] Epoch 23 - Training loss: 0.028540   Test Accuracy: 0.9680
[2026-05-24 14:22:18,951] Epoch 24 - Training loss: 0.029837   Test Accuracy: 0.9715
[2026-05-24 14:23:27,657] Epoch 25 - Training loss: 0.029066   Test Accuracy: 0.9703
[2026-05-24 14:24:35,575] Epoch 26 - Training loss: 0.028735   Test Accuracy: 0.9690
[2026-05-24 14:25:44,076] Epoch 27 - Training loss: 0.029039   Test Accuracy: 0.9724
[2026-05-24 14:26:47,975] Epoch 28 - Training loss: 0.028457   Test Accuracy: 0.9679
[2026-05-24 14:27:57,114] Epoch 29 - Training loss: 0.029009   Test Accuracy: 0.9728
[2026-05-24 14:29:02,922] Epoch 30 - Training loss: 0.030292   Test Accuracy: 0.9675
aihwkit path:  /home/bong/analog_stress_test/aihwkit-fork/src/aihwkit/__init__.py
NeurIPS-2025/S2-mnist-FCN.py --CUDA 0 --SETTING RL-v2 --RPU Pow --tau 0.7 --res-gamma 0.5 --res-state 28
Using Device:  cuda:0
Logging to file: runs/MNIST-FCN/Pow-gamma=0.5-state=28/RL-v2-tau=0.7/events.out.tfevents.1779598501.user.457833.0

Training Time (s) = 2038.6925914287567
