# CMD: CUDA_VISIBLE_DEVICES=3 PYTHONPATH=/home/bong/analog_stress_test/analog-training SEED=1 python NeurIPS-2025/S2-mnist-FCN.py --CUDA 0 --SETTING RL-v2 --RPU Pow --tau 0.7 --res-gamma 0.5 --res-state 140
[2026-05-24 12:45:47,609] Epoch 0 - Training loss: --------   Test Accuracy: 0.1028
[2026-05-24 12:46:52,536] Epoch 1 - Training loss: 1.723611   Test Accuracy: 0.8135
[2026-05-24 12:47:56,560] Epoch 2 - Training loss: 0.333198   Test Accuracy: 0.9276
[2026-05-24 12:49:03,855] Epoch 3 - Training loss: 0.173938   Test Accuracy: 0.9589
[2026-05-24 12:50:13,983] Epoch 4 - Training loss: 0.110309   Test Accuracy: 0.9676
[2026-05-24 12:51:24,807] Epoch 5 - Training loss: 0.074920   Test Accuracy: 0.9706
[2026-05-24 12:52:34,204] Epoch 6 - Training loss: 0.051027   Test Accuracy: 0.9765
[2026-05-24 12:53:43,326] Epoch 7 - Training loss: 0.036634   Test Accuracy: 0.9743
[2026-05-24 12:54:54,681] Epoch 8 - Training loss: 0.026283   Test Accuracy: 0.9713
[2026-05-24 12:56:05,258] Epoch 9 - Training loss: 0.019755   Test Accuracy: 0.9775
[2026-05-24 12:57:15,861] Epoch 10 - Training loss: 0.016404   Test Accuracy: 0.9762
[2026-05-24 12:58:29,145] Epoch 11 - Training loss: 0.014100   Test Accuracy: 0.9755
[2026-05-24 12:59:38,468] Epoch 12 - Training loss: 0.012731   Test Accuracy: 0.9749
[2026-05-24 13:00:45,229] Epoch 13 - Training loss: 0.012330   Test Accuracy: 0.9766
[2026-05-24 13:01:54,277] Epoch 14 - Training loss: 0.012963   Test Accuracy: 0.9764
[2026-05-24 13:03:06,137] Epoch 15 - Training loss: 0.011464   Test Accuracy: 0.9744
[2026-05-24 13:04:15,162] Epoch 16 - Training loss: 0.012146   Test Accuracy: 0.9766
[2026-05-24 13:05:24,892] Epoch 17 - Training loss: 0.012590   Test Accuracy: 0.9748
[2026-05-24 13:06:32,897] Epoch 18 - Training loss: 0.012474   Test Accuracy: 0.9735
[2026-05-24 13:07:41,342] Epoch 19 - Training loss: 0.010473   Test Accuracy: 0.9745
[2026-05-24 13:08:50,951] Epoch 20 - Training loss: 0.011541   Test Accuracy: 0.9746
[2026-05-24 13:09:58,740] Epoch 21 - Training loss: 0.011074   Test Accuracy: 0.9757
[2026-05-24 13:11:08,264] Epoch 22 - Training loss: 0.010714   Test Accuracy: 0.9748
[2026-05-24 13:12:19,083] Epoch 23 - Training loss: 0.011149   Test Accuracy: 0.9770
[2026-05-24 13:13:26,621] Epoch 24 - Training loss: 0.011084   Test Accuracy: 0.9751
[2026-05-24 13:14:35,645] Epoch 25 - Training loss: 0.010105   Test Accuracy: 0.9754
[2026-05-24 13:15:47,053] Epoch 26 - Training loss: 0.010298   Test Accuracy: 0.9757
[2026-05-24 13:16:55,381] Epoch 27 - Training loss: 0.011387   Test Accuracy: 0.9710
[2026-05-24 13:18:03,406] Epoch 28 - Training loss: 0.010500   Test Accuracy: 0.9751
[2026-05-24 13:19:07,900] Epoch 29 - Training loss: 0.010065   Test Accuracy: 0.9754
[2026-05-24 13:20:15,608] Epoch 30 - Training loss: 0.011265   Test Accuracy: 0.9759
aihwkit path:  /home/bong/analog_stress_test/aihwkit-fork/src/aihwkit/__init__.py
NeurIPS-2025/S2-mnist-FCN.py --CUDA 0 --SETTING RL-v2 --RPU Pow --tau 0.7 --res-gamma 0.5 --res-state 140
Using Device:  cuda:0
Logging to file: runs/MNIST-FCN/Pow-gamma=0.5-state=140/RL-v2-tau=0.7/events.out.tfevents.1779594341.user.451837.0

Training Time (s) = 2071.5505928993225
