# CMD: CUDA_VISIBLE_DEVICES=3 PYTHONPATH=/home/bong/analog_stress_test/analog-training SEED=3 python NeurIPS-2025/S2-mnist-FCN.py --CUDA 0 --SETTING RL-v2 --RPU Pow --tau 0.7 --res-gamma 0.5 --res-state 140
[2026-05-24 13:20:25,720] Epoch 0 - Training loss: --------   Test Accuracy: 0.0958
[2026-05-24 13:21:26,265] Epoch 1 - Training loss: 1.917130   Test Accuracy: 0.8927
[2026-05-24 13:22:30,906] Epoch 2 - Training loss: 0.358531   Test Accuracy: 0.9385
[2026-05-24 13:23:39,251] Epoch 3 - Training loss: 0.178414   Test Accuracy: 0.9536
[2026-05-24 13:24:45,764] Epoch 4 - Training loss: 0.114319   Test Accuracy: 0.9633
[2026-05-24 13:25:54,233] Epoch 5 - Training loss: 0.078720   Test Accuracy: 0.9662
[2026-05-24 13:27:01,091] Epoch 6 - Training loss: 0.056469   Test Accuracy: 0.9713
[2026-05-24 13:28:09,007] Epoch 7 - Training loss: 0.040446   Test Accuracy: 0.9750
[2026-05-24 13:29:18,583] Epoch 8 - Training loss: 0.028980   Test Accuracy: 0.9757
[2026-05-24 13:30:34,618] Epoch 9 - Training loss: 0.023522   Test Accuracy: 0.9761
[2026-05-24 13:31:49,902] Epoch 10 - Training loss: 0.020104   Test Accuracy: 0.9767
[2026-05-24 13:33:00,112] Epoch 11 - Training loss: 0.018702   Test Accuracy: 0.9761
[2026-05-24 13:34:11,414] Epoch 12 - Training loss: 0.017719   Test Accuracy: 0.9759
[2026-05-24 13:35:20,685] Epoch 13 - Training loss: 0.016295   Test Accuracy: 0.9756
[2026-05-24 13:36:27,894] Epoch 14 - Training loss: 0.016200   Test Accuracy: 0.9755
[2026-05-24 13:37:37,052] Epoch 15 - Training loss: 0.013994   Test Accuracy: 0.9757
[2026-05-24 13:38:48,213] Epoch 16 - Training loss: 0.013186   Test Accuracy: 0.9761
[2026-05-24 13:39:51,350] Epoch 17 - Training loss: 0.013062   Test Accuracy: 0.9757
[2026-05-24 13:40:58,627] Epoch 18 - Training loss: 0.012945   Test Accuracy: 0.9751
[2026-05-24 13:42:06,675] Epoch 19 - Training loss: 0.013652   Test Accuracy: 0.9729
[2026-05-24 13:43:15,981] Epoch 20 - Training loss: 0.013717   Test Accuracy: 0.9741
[2026-05-24 13:44:23,606] Epoch 21 - Training loss: 0.012355   Test Accuracy: 0.9760
[2026-05-24 13:45:30,898] Epoch 22 - Training loss: 0.012864   Test Accuracy: 0.9767
[2026-05-24 13:46:39,344] Epoch 23 - Training loss: 0.011405   Test Accuracy: 0.9758
[2026-05-24 13:47:46,967] Epoch 24 - Training loss: 0.011179   Test Accuracy: 0.9755
[2026-05-24 13:49:05,950] Epoch 25 - Training loss: 0.011753   Test Accuracy: 0.9732
[2026-05-24 13:50:20,087] Epoch 26 - Training loss: 0.011448   Test Accuracy: 0.9754
[2026-05-24 13:51:32,037] Epoch 27 - Training loss: 0.011134   Test Accuracy: 0.9756
[2026-05-24 13:52:40,784] Epoch 28 - Training loss: 0.011041   Test Accuracy: 0.9743
[2026-05-24 13:53:48,110] Epoch 29 - Training loss: 0.011398   Test Accuracy: 0.9744
[2026-05-24 13:54:57,488] Epoch 30 - Training loss: 0.011199   Test Accuracy: 0.9751
aihwkit path:  /home/bong/analog_stress_test/aihwkit-fork/src/aihwkit/__init__.py
NeurIPS-2025/S2-mnist-FCN.py --CUDA 0 --SETTING RL-v2 --RPU Pow --tau 0.7 --res-gamma 0.5 --res-state 140
Using Device:  cuda:0
Logging to file: runs/MNIST-FCN/Pow-gamma=0.5-state=140/RL-v2-tau=0.7/events.out.tfevents.1779596419.user.454871.0

Training Time (s) = 2075.2816882133484
