# CMD: CUDA_VISIBLE_DEVICES=3 PYTHONPATH=/home/bong/analog_stress_test/analog-training SEED=1 python NeurIPS-2025/S2-mnist-FCN.py --CUDA 0 --SETTING RL-v2 --RPU Pow --tau 0.7 --res-gamma 0.5 --res-state 14000
[2026-05-24 10:28:21,009] Epoch 0 - Training loss: --------   Test Accuracy: 0.1028
[2026-05-24 10:29:23,734] Epoch 1 - Training loss: 2.301760   Test Accuracy: 0.1074
[2026-05-24 10:30:28,201] Epoch 2 - Training loss: 2.300810   Test Accuracy: 0.1132
[2026-05-24 10:31:34,724] Epoch 3 - Training loss: 2.299355   Test Accuracy: 0.1140
[2026-05-24 10:32:38,725] Epoch 4 - Training loss: 2.298670   Test Accuracy: 0.1243
[2026-05-24 10:33:43,921] Epoch 5 - Training loss: 2.298768   Test Accuracy: 0.1087
[2026-05-24 10:34:50,931] Epoch 6 - Training loss: 2.299006   Test Accuracy: 0.1205
[2026-05-24 10:35:58,134] Epoch 7 - Training loss: 2.298624   Test Accuracy: 0.1160
[2026-05-24 10:37:07,006] Epoch 8 - Training loss: 2.298064   Test Accuracy: 0.1190
[2026-05-24 10:38:16,384] Epoch 9 - Training loss: 2.298041   Test Accuracy: 0.1262
[2026-05-24 10:39:22,792] Epoch 10 - Training loss: 2.297769   Test Accuracy: 0.1225
[2026-05-24 10:40:31,007] Epoch 11 - Training loss: 2.296155   Test Accuracy: 0.1227
[2026-05-24 10:41:37,731] Epoch 12 - Training loss: 2.293690   Test Accuracy: 0.1246
[2026-05-24 10:42:44,834] Epoch 13 - Training loss: 2.290297   Test Accuracy: 0.1450
[2026-05-24 10:43:50,927] Epoch 14 - Training loss: 2.287189   Test Accuracy: 0.1366
[2026-05-24 10:45:00,195] Epoch 15 - Training loss: 2.289037   Test Accuracy: 0.1320
[2026-05-24 10:46:08,152] Epoch 16 - Training loss: 2.289626   Test Accuracy: 0.1321
[2026-05-24 10:47:17,060] Epoch 17 - Training loss: 2.288818   Test Accuracy: 0.1372
[2026-05-24 10:48:24,012] Epoch 18 - Training loss: 2.287784   Test Accuracy: 0.1469
[2026-05-24 10:49:29,211] Epoch 19 - Training loss: 2.285848   Test Accuracy: 0.1295
[2026-05-24 10:50:38,274] Epoch 20 - Training loss: 2.285304   Test Accuracy: 0.1417
[2026-05-24 10:51:44,398] Epoch 21 - Training loss: 2.288266   Test Accuracy: 0.1281
[2026-05-24 10:52:52,798] Epoch 22 - Training loss: 2.288303   Test Accuracy: 0.1327
[2026-05-24 10:53:59,676] Epoch 23 - Training loss: 2.286744   Test Accuracy: 0.1397
[2026-05-24 10:55:07,398] Epoch 24 - Training loss: 2.283588   Test Accuracy: 0.1469
[2026-05-24 10:56:11,179] Epoch 25 - Training loss: 2.279509   Test Accuracy: 0.1545
[2026-05-24 10:57:14,725] Epoch 26 - Training loss: 2.276883   Test Accuracy: 0.1433
[2026-05-24 10:58:24,932] Epoch 27 - Training loss: 2.276071   Test Accuracy: 0.1526
[2026-05-24 10:59:31,133] Epoch 28 - Training loss: 2.275098   Test Accuracy: 0.1450
[2026-05-24 11:00:39,026] Epoch 29 - Training loss: 2.278580   Test Accuracy: 0.1421
[2026-05-24 11:01:47,440] Epoch 30 - Training loss: 2.279496   Test Accuracy: 0.1478
aihwkit path:  /home/bong/analog_stress_test/aihwkit-fork/src/aihwkit/__init__.py
NeurIPS-2025/S2-mnist-FCN.py --CUDA 0 --SETTING RL-v2 --RPU Pow --tau 0.7 --res-gamma 0.5 --res-state 14000
Using Device:  cuda:0
Logging to file: runs/MNIST-FCN/Pow-gamma=0.5-state=14000/RL-v2-tau=0.7/events.out.tfevents.1779586094.user.439853.0

Training Time (s) = 2009.7121887207031
