# CMD: CUDA_VISIBLE_DEVICES=3 PYTHONPATH=/home/bong/analog_stress_test/analog-training SEED=3 python NeurIPS-2025/S2-mnist-FCN.py --CUDA 0 --SETTING RL-v2 --RPU Pow --tau 0.7 --res-gamma 0.5 --res-state 14000
[2026-05-24 11:01:56,955] Epoch 0 - Training loss: --------   Test Accuracy: 0.0951
[2026-05-24 11:03:01,249] Epoch 1 - Training loss: 2.302005   Test Accuracy: 0.1154
[2026-05-24 11:04:09,763] Epoch 2 - Training loss: 2.301643   Test Accuracy: 0.1131
[2026-05-24 11:05:19,191] Epoch 3 - Training loss: 2.300973   Test Accuracy: 0.1180
[2026-05-24 11:06:25,907] Epoch 4 - Training loss: 2.300770   Test Accuracy: 0.1059
[2026-05-24 11:07:35,528] Epoch 5 - Training loss: 2.301530   Test Accuracy: 0.1167
[2026-05-24 11:08:46,349] Epoch 6 - Training loss: 2.301288   Test Accuracy: 0.1134
[2026-05-24 11:09:53,329] Epoch 7 - Training loss: 2.300662   Test Accuracy: 0.1135
[2026-05-24 11:11:00,372] Epoch 8 - Training loss: 2.299683   Test Accuracy: 0.1189
[2026-05-24 11:12:06,258] Epoch 9 - Training loss: 2.299520   Test Accuracy: 0.1162
[2026-05-24 11:13:12,390] Epoch 10 - Training loss: 2.299528   Test Accuracy: 0.1124
[2026-05-24 11:14:17,855] Epoch 11 - Training loss: 2.300051   Test Accuracy: 0.1200
[2026-05-24 11:15:25,802] Epoch 12 - Training loss: 2.298028   Test Accuracy: 0.1218
[2026-05-24 11:16:30,631] Epoch 13 - Training loss: 2.295005   Test Accuracy: 0.1218
[2026-05-24 11:17:34,340] Epoch 14 - Training loss: 2.295571   Test Accuracy: 0.1198
[2026-05-24 11:18:38,657] Epoch 15 - Training loss: 2.296876   Test Accuracy: 0.1144
[2026-05-24 11:19:42,689] Epoch 16 - Training loss: 2.297517   Test Accuracy: 0.1198
[2026-05-24 11:20:48,559] Epoch 17 - Training loss: 2.297009   Test Accuracy: 0.1301
[2026-05-24 11:21:53,347] Epoch 18 - Training loss: 2.292444   Test Accuracy: 0.1311
[2026-05-24 11:23:00,357] Epoch 19 - Training loss: 2.292894   Test Accuracy: 0.1372
[2026-05-24 11:24:04,320] Epoch 20 - Training loss: 2.291171   Test Accuracy: 0.1316
[2026-05-24 11:25:10,912] Epoch 21 - Training loss: 2.293356   Test Accuracy: 0.1181
[2026-05-24 11:26:15,344] Epoch 22 - Training loss: 2.294846   Test Accuracy: 0.1266
[2026-05-24 11:27:20,641] Epoch 23 - Training loss: 2.294681   Test Accuracy: 0.1248
[2026-05-24 11:28:27,798] Epoch 24 - Training loss: 2.292511   Test Accuracy: 0.1299
[2026-05-24 11:29:33,038] Epoch 25 - Training loss: 2.291699   Test Accuracy: 0.1289
[2026-05-24 11:30:38,825] Epoch 26 - Training loss: 2.289155   Test Accuracy: 0.1370
[2026-05-24 11:31:43,265] Epoch 27 - Training loss: 2.287556   Test Accuracy: 0.1411
[2026-05-24 11:32:47,265] Epoch 28 - Training loss: 2.288184   Test Accuracy: 0.1321
[2026-05-24 11:33:50,957] Epoch 29 - Training loss: 2.292079   Test Accuracy: 0.1321
[2026-05-24 11:34:57,583] Epoch 30 - Training loss: 2.291957   Test Accuracy: 0.1256
aihwkit path:  /home/bong/analog_stress_test/aihwkit-fork/src/aihwkit/__init__.py
NeurIPS-2025/S2-mnist-FCN.py --CUDA 0 --SETTING RL-v2 --RPU Pow --tau 0.7 --res-gamma 0.5 --res-state 14000
Using Device:  cuda:0
Logging to file: runs/MNIST-FCN/Pow-gamma=0.5-state=14000/RL-v2-tau=0.7/events.out.tfevents.1779588110.user.442795.0

Training Time (s) = 1984.0727162361145
