# CMD: CUDA_VISIBLE_DEVICES=3 PYTHONPATH=/home/bong/analog_stress_test/analog-training SEED=2 python NeurIPS-2025/S2-mnist-FCN.py --CUDA 0 --SETTING RL-v2 --RPU Pow --tau 0.7 --res-gamma 0.5 --res-state 140
[2026-05-24 13:18:21,776] Epoch 0 - Training loss: --------   Test Accuracy: 0.1009
[2026-05-24 13:19:25,511] Epoch 1 - Training loss: 1.762660   Test Accuracy: 0.8885
[2026-05-24 13:20:27,034] Epoch 2 - Training loss: 0.329183   Test Accuracy: 0.9367
[2026-05-24 13:21:32,449] Epoch 3 - Training loss: 0.170038   Test Accuracy: 0.9578
[2026-05-24 13:22:37,023] Epoch 4 - Training loss: 0.107693   Test Accuracy: 0.9636
[2026-05-24 13:23:45,913] Epoch 5 - Training loss: 0.074588   Test Accuracy: 0.9735
[2026-05-24 13:24:52,500] Epoch 6 - Training loss: 0.053610   Test Accuracy: 0.9748
[2026-05-24 13:26:01,201] Epoch 7 - Training loss: 0.037785   Test Accuracy: 0.9759
[2026-05-24 13:27:08,153] Epoch 8 - Training loss: 0.027643   Test Accuracy: 0.9765
[2026-05-24 13:28:15,910] Epoch 9 - Training loss: 0.022227   Test Accuracy: 0.9770
[2026-05-24 13:29:25,438] Epoch 10 - Training loss: 0.018189   Test Accuracy: 0.9753
[2026-05-24 13:30:33,115] Epoch 11 - Training loss: 0.016821   Test Accuracy: 0.9758
[2026-05-24 13:31:45,039] Epoch 12 - Training loss: 0.014561   Test Accuracy: 0.9767
[2026-05-24 13:32:58,039] Epoch 13 - Training loss: 0.013444   Test Accuracy: 0.9736
[2026-05-24 13:34:10,552] Epoch 14 - Training loss: 0.013612   Test Accuracy: 0.9780
[2026-05-24 13:35:21,235] Epoch 15 - Training loss: 0.012926   Test Accuracy: 0.9766
[2026-05-24 13:36:30,200] Epoch 16 - Training loss: 0.011541   Test Accuracy: 0.9742
[2026-05-24 13:37:36,345] Epoch 17 - Training loss: 0.012462   Test Accuracy: 0.9757
[2026-05-24 13:38:41,335] Epoch 18 - Training loss: 0.012206   Test Accuracy: 0.9770
[2026-05-24 13:39:53,353] Epoch 19 - Training loss: 0.012291   Test Accuracy: 0.9753
[2026-05-24 13:41:03,870] Epoch 20 - Training loss: 0.011508   Test Accuracy: 0.9763
[2026-05-24 13:42:14,345] Epoch 21 - Training loss: 0.011943   Test Accuracy: 0.9751
[2026-05-24 13:43:27,750] Epoch 22 - Training loss: 0.010891   Test Accuracy: 0.9765
[2026-05-24 13:44:36,118] Epoch 23 - Training loss: 0.012850   Test Accuracy: 0.9755
[2026-05-24 13:45:43,992] Epoch 24 - Training loss: 0.010369   Test Accuracy: 0.9762
[2026-05-24 13:46:50,492] Epoch 25 - Training loss: 0.010017   Test Accuracy: 0.9757
[2026-05-24 13:47:57,789] Epoch 26 - Training loss: 0.010417   Test Accuracy: 0.9758
[2026-05-24 13:49:07,380] Epoch 27 - Training loss: 0.009997   Test Accuracy: 0.9752
[2026-05-24 13:50:18,663] Epoch 28 - Training loss: 0.010203   Test Accuracy: 0.9761
[2026-05-24 13:51:29,208] Epoch 29 - Training loss: 0.009952   Test Accuracy: 0.9762
[2026-05-24 13:52:35,113] Epoch 30 - Training loss: 0.009355   Test Accuracy: 0.9733
aihwkit path:  /home/bong/analog_stress_test/aihwkit-fork/src/aihwkit/__init__.py
NeurIPS-2025/S2-mnist-FCN.py --CUDA 0 --SETTING RL-v2 --RPU Pow --tau 0.7 --res-gamma 0.5 --res-state 140
Using Device:  cuda:0
Logging to file: runs/MNIST-FCN/Pow-gamma=0.5-state=140/RL-v2-tau=0.7/events.out.tfevents.1779596295.user.454554.0

Training Time (s) = 2057.0680298805237
