# CMD: CUDA_VISIBLE_DEVICES=3 PYTHONPATH=/home/bong/analog_stress_test/analog-training SEED=2 python NeurIPS-2025/S2-mnist-FCN.py --CUDA 0 --SETTING RL-v2 --RPU Pow --tau 0.7 --res-gamma 0.5 --res-state 280
[2026-05-24 12:10:59,315] Epoch 0 - Training loss: --------   Test Accuracy: 0.1009
[2026-05-24 12:12:03,792] Epoch 1 - Training loss: 1.545363   Test Accuracy: 0.8897
[2026-05-24 12:13:08,969] Epoch 2 - Training loss: 0.344070   Test Accuracy: 0.9327
[2026-05-24 12:14:16,639] Epoch 3 - Training loss: 0.213125   Test Accuracy: 0.9454
[2026-05-24 12:15:23,305] Epoch 4 - Training loss: 0.162557   Test Accuracy: 0.9539
[2026-05-24 12:16:32,741] Epoch 5 - Training loss: 0.138035   Test Accuracy: 0.9583
[2026-05-24 12:17:42,544] Epoch 6 - Training loss: 0.123496   Test Accuracy: 0.9626
[2026-05-24 12:18:52,800] Epoch 7 - Training loss: 0.104427   Test Accuracy: 0.9674
[2026-05-24 12:20:03,648] Epoch 8 - Training loss: 0.091386   Test Accuracy: 0.9693
[2026-05-24 12:21:15,206] Epoch 9 - Training loss: 0.080527   Test Accuracy: 0.9721
[2026-05-24 12:22:23,118] Epoch 10 - Training loss: 0.070067   Test Accuracy: 0.9706
[2026-05-24 12:23:32,513] Epoch 11 - Training loss: 0.062584   Test Accuracy: 0.9697
[2026-05-24 12:24:41,172] Epoch 12 - Training loss: 0.055535   Test Accuracy: 0.9749
[2026-05-24 12:25:50,896] Epoch 13 - Training loss: 0.050358   Test Accuracy: 0.9747
[2026-05-24 12:27:01,546] Epoch 14 - Training loss: 0.046151   Test Accuracy: 0.9746
[2026-05-24 12:28:09,464] Epoch 15 - Training loss: 0.043246   Test Accuracy: 0.9751
[2026-05-24 12:29:17,244] Epoch 16 - Training loss: 0.036711   Test Accuracy: 0.9753
[2026-05-24 12:30:23,443] Epoch 17 - Training loss: 0.033542   Test Accuracy: 0.9773
[2026-05-24 12:31:33,899] Epoch 18 - Training loss: 0.030388   Test Accuracy: 0.9746
[2026-05-24 12:32:42,520] Epoch 19 - Training loss: 0.029739   Test Accuracy: 0.9767
[2026-05-24 12:33:57,729] Epoch 20 - Training loss: 0.027650   Test Accuracy: 0.9754
[2026-05-24 12:35:06,602] Epoch 21 - Training loss: 0.025676   Test Accuracy: 0.9743
[2026-05-24 12:36:16,324] Epoch 22 - Training loss: 0.024256   Test Accuracy: 0.9748
[2026-05-24 12:37:25,325] Epoch 23 - Training loss: 0.023643   Test Accuracy: 0.9755
[2026-05-24 12:38:34,403] Epoch 24 - Training loss: 0.023128   Test Accuracy: 0.9748
[2026-05-24 12:39:45,587] Epoch 25 - Training loss: 0.021714   Test Accuracy: 0.9762
[2026-05-24 12:40:58,172] Epoch 26 - Training loss: 0.021593   Test Accuracy: 0.9763
[2026-05-24 12:42:06,921] Epoch 27 - Training loss: 0.021819   Test Accuracy: 0.9772
[2026-05-24 12:43:15,299] Epoch 28 - Training loss: 0.021407   Test Accuracy: 0.9765
[2026-05-24 12:44:24,112] Epoch 29 - Training loss: 0.020235   Test Accuracy: 0.9761
[2026-05-24 12:45:36,834] Epoch 30 - Training loss: 0.019987   Test Accuracy: 0.9761
aihwkit path:  /home/bong/analog_stress_test/aihwkit-fork/src/aihwkit/__init__.py
NeurIPS-2025/S2-mnist-FCN.py --CUDA 0 --SETTING RL-v2 --RPU Pow --tau 0.7 --res-gamma 0.5 --res-state 280
Using Device:  cuda:0
Logging to file: runs/MNIST-FCN/Pow-gamma=0.5-state=280/RL-v2-tau=0.7/events.out.tfevents.1779592253.user.448670.0

Training Time (s) = 2081.029443502426
