# CMD: CUDA_VISIBLE_DEVICES=3 PYTHONPATH=/home/bong/analog_stress_test/analog-training SEED=2 python NeurIPS-2025/S2-mnist-FCN.py --CUDA 0 --SETTING TT-v2 --RPU EcRamMO
[2026-05-21 20:54:40,045] Epoch 0 - Training loss: --------   Test Accuracy: 0.1009
[2026-05-21 20:55:40,745] Epoch 1 - Training loss: 2.302206   Test Accuracy: 0.1135
[2026-05-21 20:56:41,352] Epoch 2 - Training loss: 2.298134   Test Accuracy: 0.1970
[2026-05-21 20:57:41,275] Epoch 3 - Training loss: 1.991827   Test Accuracy: 0.6018
[2026-05-21 20:58:41,687] Epoch 4 - Training loss: 0.982609   Test Accuracy: 0.7632
[2026-05-21 20:59:44,806] Epoch 5 - Training loss: 0.664955   Test Accuracy: 0.8258
[2026-05-21 21:00:46,848] Epoch 6 - Training loss: 0.528602   Test Accuracy: 0.8591
[2026-05-21 21:01:46,351] Epoch 7 - Training loss: 0.453020   Test Accuracy: 0.8753
[2026-05-21 21:02:47,799] Epoch 8 - Training loss: 0.407082   Test Accuracy: 0.8891
[2026-05-21 21:03:48,947] Epoch 9 - Training loss: 0.376208   Test Accuracy: 0.8968
[2026-05-21 21:04:49,286] Epoch 10 - Training loss: 0.353328   Test Accuracy: 0.9026
[2026-05-21 21:05:50,679] Epoch 11 - Training loss: 0.334252   Test Accuracy: 0.9084
[2026-05-21 21:06:51,224] Epoch 12 - Training loss: 0.319188   Test Accuracy: 0.9123
[2026-05-21 21:07:50,271] Epoch 13 - Training loss: 0.306043   Test Accuracy: 0.9128
[2026-05-21 21:08:50,259] Epoch 14 - Training loss: 0.295453   Test Accuracy: 0.9151
[2026-05-21 21:09:51,232] Epoch 15 - Training loss: 0.286335   Test Accuracy: 0.9180
[2026-05-21 21:10:52,998] Epoch 16 - Training loss: 0.283579   Test Accuracy: 0.9169
[2026-05-21 21:11:54,716] Epoch 17 - Training loss: 0.279169   Test Accuracy: 0.9212
[2026-05-21 21:12:54,130] Epoch 18 - Training loss: 0.270477   Test Accuracy: 0.9233
[2026-05-21 21:13:53,038] Epoch 19 - Training loss: 0.265009   Test Accuracy: 0.9244
[2026-05-21 21:14:55,849] Epoch 20 - Training loss: 0.256573   Test Accuracy: 0.9256
[2026-05-21 21:16:02,313] Epoch 21 - Training loss: 0.251143   Test Accuracy: 0.9278
[2026-05-21 21:17:03,955] Epoch 22 - Training loss: 0.244897   Test Accuracy: 0.9290
[2026-05-21 21:18:06,192] Epoch 23 - Training loss: 0.240895   Test Accuracy: 0.9315
[2026-05-21 21:19:07,678] Epoch 24 - Training loss: 0.237388   Test Accuracy: 0.9316
[2026-05-21 21:20:07,454] Epoch 25 - Training loss: 0.234114   Test Accuracy: 0.9322
[2026-05-21 21:21:08,251] Epoch 26 - Training loss: 0.231431   Test Accuracy: 0.9338
[2026-05-21 21:22:09,890] Epoch 27 - Training loss: 0.228804   Test Accuracy: 0.9363
[2026-05-21 21:23:11,239] Epoch 28 - Training loss: 0.227765   Test Accuracy: 0.9368
[2026-05-21 21:24:12,553] Epoch 29 - Training loss: 0.225070   Test Accuracy: 0.9364
[2026-05-21 21:25:07,354] Epoch 30 - Training loss: 0.223502   Test Accuracy: 0.9370
aihwkit path:  /home/bong/analog_stress_test/aihwkit-fork/src/aihwkit/__init__.py
NeurIPS-2025/S2-mnist-FCN.py --CUDA 0 --SETTING TT-v2 --RPU EcRamMO
Using Device:  cuda:0
Logging to file: runs/MNIST-FCN/EcRamMO/TT-v2-tau=1/events.out.tfevents.1779364473.user.123974.0

Training Time (s) = 1831.245412826538
