# CMD: CUDA_VISIBLE_DEVICES=3 PYTHONPATH=/home/bong/analog_stress_test/analog-training SEED=1 python NeurIPS-2025/S2-mnist-FCN.py --CUDA 0 --SETTING TT-v2 --RPU EcRam
[2026-05-21 19:49:49,443] Epoch 0 - Training loss: --------   Test Accuracy: 0.1028
[2026-05-21 19:50:50,884] Epoch 1 - Training loss: 2.300688   Test Accuracy: 0.1842
[2026-05-21 19:51:53,887] Epoch 2 - Training loss: 1.303258   Test Accuracy: 0.8884
[2026-05-21 19:52:55,922] Epoch 3 - Training loss: 0.315304   Test Accuracy: 0.9263
[2026-05-21 19:53:57,313] Epoch 4 - Training loss: 0.219952   Test Accuracy: 0.9438
[2026-05-21 19:55:04,959] Epoch 5 - Training loss: 0.181567   Test Accuracy: 0.9493
[2026-05-21 19:56:06,390] Epoch 6 - Training loss: 0.164895   Test Accuracy: 0.9517
[2026-05-21 19:57:07,730] Epoch 7 - Training loss: 0.155029   Test Accuracy: 0.9542
[2026-05-21 19:58:09,810] Epoch 8 - Training loss: 0.153343   Test Accuracy: 0.9540
[2026-05-21 19:59:10,217] Epoch 9 - Training loss: 0.149299   Test Accuracy: 0.9581
[2026-05-21 20:00:12,704] Epoch 10 - Training loss: 0.140040   Test Accuracy: 0.9583
[2026-05-21 20:01:14,592] Epoch 11 - Training loss: 0.133059   Test Accuracy: 0.9582
[2026-05-21 20:02:18,164] Epoch 12 - Training loss: 0.124897   Test Accuracy: 0.9606
[2026-05-21 20:03:20,338] Epoch 13 - Training loss: 0.115565   Test Accuracy: 0.9642
[2026-05-21 20:04:23,022] Epoch 14 - Training loss: 0.104470   Test Accuracy: 0.9647
[2026-05-21 20:05:25,966] Epoch 15 - Training loss: 0.095868   Test Accuracy: 0.9669
[2026-05-21 20:06:29,545] Epoch 16 - Training loss: 0.091046   Test Accuracy: 0.9656
[2026-05-21 20:07:32,501] Epoch 17 - Training loss: 0.086132   Test Accuracy: 0.9675
[2026-05-21 20:08:37,020] Epoch 18 - Training loss: 0.080141   Test Accuracy: 0.9676
[2026-05-21 20:09:42,479] Epoch 19 - Training loss: 0.077306   Test Accuracy: 0.9663
[2026-05-21 20:10:48,218] Epoch 20 - Training loss: 0.073004   Test Accuracy: 0.9679
[2026-05-21 20:11:52,049] Epoch 21 - Training loss: 0.071005   Test Accuracy: 0.9674
[2026-05-21 20:12:55,705] Epoch 22 - Training loss: 0.067114   Test Accuracy: 0.9682
[2026-05-21 20:13:59,334] Epoch 23 - Training loss: 0.062585   Test Accuracy: 0.9689
[2026-05-21 20:15:04,659] Epoch 24 - Training loss: 0.060613   Test Accuracy: 0.9692
[2026-05-21 20:16:07,791] Epoch 25 - Training loss: 0.057885   Test Accuracy: 0.9695
[2026-05-21 20:17:13,570] Epoch 26 - Training loss: 0.056626   Test Accuracy: 0.9684
[2026-05-21 20:18:19,294] Epoch 27 - Training loss: 0.054423   Test Accuracy: 0.9683
[2026-05-21 20:19:25,016] Epoch 28 - Training loss: 0.052469   Test Accuracy: 0.9690
[2026-05-21 20:20:31,812] Epoch 29 - Training loss: 0.050515   Test Accuracy: 0.9693
[2026-05-21 20:21:38,477] Epoch 30 - Training loss: 0.049297   Test Accuracy: 0.9707
aihwkit path:  /home/bong/analog_stress_test/aihwkit-fork/src/aihwkit/__init__.py
NeurIPS-2025/S2-mnist-FCN.py --CUDA 0 --SETTING TT-v2 --RPU EcRam
Using Device:  cuda:0
Logging to file: runs/MNIST-FCN/EcRam/TT-v2-tau=1/events.out.tfevents.1779360583.user.99330.0

Training Time (s) = 1912.3766872882843
