# CMD: CUDA_VISIBLE_DEVICES=3 PYTHONPATH=/home/bong/analog_stress_test/analog-training SEED=1 python NeurIPS-2025/S2-mnist-FCN.py --CUDA 0 --SETTING TT-v2 --RPU EcRamMO
[2026-05-21 20:53:57,816] Epoch 0 - Training loss: --------   Test Accuracy: 0.1028
[2026-05-21 20:54:55,078] Epoch 1 - Training loss: 2.302437   Test Accuracy: 0.1014
[2026-05-21 20:55:58,051] Epoch 2 - Training loss: 2.301289   Test Accuracy: 0.1135
[2026-05-21 20:57:00,910] Epoch 3 - Training loss: 2.281845   Test Accuracy: 0.3546
[2026-05-21 20:58:06,367] Epoch 4 - Training loss: 1.541703   Test Accuracy: 0.6806
[2026-05-21 20:59:01,191] Epoch 5 - Training loss: 0.840928   Test Accuracy: 0.7902
[2026-05-21 21:00:02,134] Epoch 6 - Training loss: 0.608434   Test Accuracy: 0.8442
[2026-05-21 21:01:04,298] Epoch 7 - Training loss: 0.490962   Test Accuracy: 0.8701
[2026-05-21 21:02:04,517] Epoch 8 - Training loss: 0.425561   Test Accuracy: 0.8843
[2026-05-21 21:03:03,927] Epoch 9 - Training loss: 0.385864   Test Accuracy: 0.8929
[2026-05-21 21:04:02,693] Epoch 10 - Training loss: 0.357204   Test Accuracy: 0.9007
[2026-05-21 21:05:02,703] Epoch 11 - Training loss: 0.336761   Test Accuracy: 0.9067
[2026-05-21 21:06:02,784] Epoch 12 - Training loss: 0.320055   Test Accuracy: 0.9110
[2026-05-21 21:07:03,018] Epoch 13 - Training loss: 0.305578   Test Accuracy: 0.9156
[2026-05-21 21:08:02,429] Epoch 14 - Training loss: 0.293621   Test Accuracy: 0.9169
[2026-05-21 21:09:03,196] Epoch 15 - Training loss: 0.283751   Test Accuracy: 0.9194
[2026-05-21 21:10:03,882] Epoch 16 - Training loss: 0.275616   Test Accuracy: 0.9210
[2026-05-21 21:11:10,080] Epoch 17 - Training loss: 0.268585   Test Accuracy: 0.9230
[2026-05-21 21:12:11,025] Epoch 18 - Training loss: 0.265128   Test Accuracy: 0.9234
[2026-05-21 21:13:13,308] Epoch 19 - Training loss: 0.262151   Test Accuracy: 0.9224
[2026-05-21 21:14:19,801] Epoch 20 - Training loss: 0.257234   Test Accuracy: 0.9256
[2026-05-21 21:15:22,707] Epoch 21 - Training loss: 0.252404   Test Accuracy: 0.9261
[2026-05-21 21:16:26,387] Epoch 22 - Training loss: 0.247361   Test Accuracy: 0.9311
[2026-05-21 21:17:30,251] Epoch 23 - Training loss: 0.241071   Test Accuracy: 0.9311
[2026-05-21 21:18:33,349] Epoch 24 - Training loss: 0.237943   Test Accuracy: 0.9303
[2026-05-21 21:19:36,359] Epoch 25 - Training loss: 0.233984   Test Accuracy: 0.9312
[2026-05-21 21:20:38,437] Epoch 26 - Training loss: 0.231583   Test Accuracy: 0.9327
[2026-05-21 21:21:43,099] Epoch 27 - Training loss: 0.227790   Test Accuracy: 0.9324
[2026-05-21 21:22:47,584] Epoch 28 - Training loss: 0.227028   Test Accuracy: 0.9340
[2026-05-21 21:23:49,703] Epoch 29 - Training loss: 0.227145   Test Accuracy: 0.9333
[2026-05-21 21:24:53,217] Epoch 30 - Training loss: 0.227879   Test Accuracy: 0.9336
aihwkit path:  /home/bong/analog_stress_test/aihwkit-fork/src/aihwkit/__init__.py
NeurIPS-2025/S2-mnist-FCN.py --CUDA 0 --SETTING TT-v2 --RPU EcRamMO
Using Device:  cuda:0
Logging to file: runs/MNIST-FCN/EcRamMO/TT-v2-tau=1/events.out.tfevents.1779364431.user.123502.0

Training Time (s) = 1858.9541070461273
