# CMD: CUDA_VISIBLE_DEVICES=3 PYTHONPATH=/home/bong/analog_stress_test/analog-training SEED=3 python NeurIPS-2025/S2-mnist-FCN.py --CUDA 0 --SETTING TT-v2 --RPU EcRamMO
[2026-05-21 21:25:03,222] Epoch 0 - Training loss: --------   Test Accuracy: 0.0944
[2026-05-21 21:26:09,005] Epoch 1 - Training loss: 2.302899   Test Accuracy: 0.1135
[2026-05-21 21:27:11,396] Epoch 2 - Training loss: 2.302449   Test Accuracy: 0.1135
[2026-05-21 21:28:13,746] Epoch 3 - Training loss: 2.301048   Test Accuracy: 0.1135
[2026-05-21 21:29:17,457] Epoch 4 - Training loss: 2.267159   Test Accuracy: 0.4194
[2026-05-21 21:30:19,889] Epoch 5 - Training loss: 1.358165   Test Accuracy: 0.7107
[2026-05-21 21:31:20,266] Epoch 6 - Training loss: 0.760946   Test Accuracy: 0.8074
[2026-05-21 21:32:20,091] Epoch 7 - Training loss: 0.578221   Test Accuracy: 0.8486
[2026-05-21 21:33:21,653] Epoch 8 - Training loss: 0.481558   Test Accuracy: 0.8724
[2026-05-21 21:34:21,554] Epoch 9 - Training loss: 0.423585   Test Accuracy: 0.8830
[2026-05-21 21:35:23,418] Epoch 10 - Training loss: 0.387279   Test Accuracy: 0.8919
[2026-05-21 21:36:25,919] Epoch 11 - Training loss: 0.360704   Test Accuracy: 0.8991
[2026-05-21 21:37:28,147] Epoch 12 - Training loss: 0.341518   Test Accuracy: 0.9025
[2026-05-21 21:38:32,950] Epoch 13 - Training loss: 0.327468   Test Accuracy: 0.9055
[2026-05-21 21:39:41,058] Epoch 14 - Training loss: 0.314773   Test Accuracy: 0.9101
[2026-05-21 21:40:49,924] Epoch 15 - Training loss: 0.303803   Test Accuracy: 0.9118
[2026-05-21 21:42:00,385] Epoch 16 - Training loss: 0.293731   Test Accuracy: 0.9166
[2026-05-21 21:43:11,186] Epoch 17 - Training loss: 0.286305   Test Accuracy: 0.9168
[2026-05-21 21:44:18,780] Epoch 18 - Training loss: 0.280479   Test Accuracy: 0.9184
[2026-05-21 21:45:21,670] Epoch 19 - Training loss: 0.276856   Test Accuracy: 0.9184
[2026-05-21 21:46:23,165] Epoch 20 - Training loss: 0.272574   Test Accuracy: 0.9199
[2026-05-21 21:47:25,122] Epoch 21 - Training loss: 0.269781   Test Accuracy: 0.9191
[2026-05-21 21:48:26,253] Epoch 22 - Training loss: 0.262155   Test Accuracy: 0.9229
[2026-05-21 21:49:28,179] Epoch 23 - Training loss: 0.258063   Test Accuracy: 0.9220
[2026-05-21 21:50:32,291] Epoch 24 - Training loss: 0.253777   Test Accuracy: 0.9251
[2026-05-21 21:51:35,279] Epoch 25 - Training loss: 0.248123   Test Accuracy: 0.9250
[2026-05-21 21:52:37,953] Epoch 26 - Training loss: 0.242098   Test Accuracy: 0.9293
[2026-05-21 21:53:40,347] Epoch 27 - Training loss: 0.238504   Test Accuracy: 0.9293
[2026-05-21 21:54:42,297] Epoch 28 - Training loss: 0.235294   Test Accuracy: 0.9291
[2026-05-21 21:55:43,871] Epoch 29 - Training loss: 0.232497   Test Accuracy: 0.9289
[2026-05-21 21:56:45,075] Epoch 30 - Training loss: 0.229224   Test Accuracy: 0.9316
aihwkit path:  /home/bong/analog_stress_test/aihwkit-fork/src/aihwkit/__init__.py
NeurIPS-2025/S2-mnist-FCN.py --CUDA 0 --SETTING TT-v2 --RPU EcRamMO
Using Device:  cuda:0
Logging to file: runs/MNIST-FCN/EcRamMO/TT-v2-tau=1/events.out.tfevents.1779366297.user.135589.0

Training Time (s) = 1905.3830885887146
