# CMD: CUDA_VISIBLE_DEVICES=3 PYTHONPATH=/home/bong/analog_stress_test/analog-training SEED=2 python NeurIPS-2025/S2-mnist-FCN.py --CUDA 0 --SETTING TT-v2 --RPU EcRam
[2026-05-21 20:21:49,075] Epoch 0 - Training loss: --------   Test Accuracy: 0.1009
[2026-05-21 20:22:50,701] Epoch 1 - Training loss: 2.299029   Test Accuracy: 0.1771
[2026-05-21 20:23:47,377] Epoch 2 - Training loss: 1.079913   Test Accuracy: 0.9004
[2026-05-21 20:24:50,385] Epoch 3 - Training loss: 0.291944   Test Accuracy: 0.9313
[2026-05-21 20:25:51,076] Epoch 4 - Training loss: 0.214534   Test Accuracy: 0.9439
[2026-05-21 20:26:51,482] Epoch 5 - Training loss: 0.184384   Test Accuracy: 0.9465
[2026-05-21 20:27:53,890] Epoch 6 - Training loss: 0.169935   Test Accuracy: 0.9503
[2026-05-21 20:29:01,707] Epoch 7 - Training loss: 0.153821   Test Accuracy: 0.9546
[2026-05-21 20:30:04,683] Epoch 8 - Training loss: 0.143876   Test Accuracy: 0.9552
[2026-05-21 20:31:09,185] Epoch 9 - Training loss: 0.135247   Test Accuracy: 0.9592
[2026-05-21 20:32:12,986] Epoch 10 - Training loss: 0.123393   Test Accuracy: 0.9608
[2026-05-21 20:33:15,689] Epoch 11 - Training loss: 0.114732   Test Accuracy: 0.9617
[2026-05-21 20:34:15,857] Epoch 12 - Training loss: 0.106913   Test Accuracy: 0.9625
[2026-05-21 20:35:14,112] Epoch 13 - Training loss: 0.099613   Test Accuracy: 0.9653
[2026-05-21 20:36:12,974] Epoch 14 - Training loss: 0.093701   Test Accuracy: 0.9668
[2026-05-21 20:37:12,923] Epoch 15 - Training loss: 0.089366   Test Accuracy: 0.9658
[2026-05-21 20:38:14,684] Epoch 16 - Training loss: 0.083726   Test Accuracy: 0.9652
[2026-05-21 20:39:20,700] Epoch 17 - Training loss: 0.082611   Test Accuracy: 0.9647
[2026-05-21 20:40:26,299] Epoch 18 - Training loss: 0.078466   Test Accuracy: 0.9680
[2026-05-21 20:41:32,134] Epoch 19 - Training loss: 0.074326   Test Accuracy: 0.9684
[2026-05-21 20:42:39,136] Epoch 20 - Training loss: 0.070091   Test Accuracy: 0.9692
[2026-05-21 20:43:44,482] Epoch 21 - Training loss: 0.067013   Test Accuracy: 0.9669
[2026-05-21 20:44:51,821] Epoch 22 - Training loss: 0.063970   Test Accuracy: 0.9688
[2026-05-21 20:45:57,243] Epoch 23 - Training loss: 0.062505   Test Accuracy: 0.9702
[2026-05-21 20:47:03,855] Epoch 24 - Training loss: 0.060070   Test Accuracy: 0.9693
[2026-05-21 20:48:09,982] Epoch 25 - Training loss: 0.058899   Test Accuracy: 0.9695
[2026-05-21 20:49:16,673] Epoch 26 - Training loss: 0.057100   Test Accuracy: 0.9699
[2026-05-21 20:50:23,746] Epoch 27 - Training loss: 0.052940   Test Accuracy: 0.9700
[2026-05-21 20:51:29,811] Epoch 28 - Training loss: 0.049822   Test Accuracy: 0.9700
[2026-05-21 20:52:37,272] Epoch 29 - Training loss: 0.049766   Test Accuracy: 0.9684
[2026-05-21 20:53:48,052] Epoch 30 - Training loss: 0.048866   Test Accuracy: 0.9720
aihwkit path:  /home/bong/analog_stress_test/aihwkit-fork/src/aihwkit/__init__.py
NeurIPS-2025/S2-mnist-FCN.py --CUDA 0 --SETTING TT-v2 --RPU EcRam
Using Device:  cuda:0
Logging to file: runs/MNIST-FCN/EcRam/TT-v2-tau=1/events.out.tfevents.1779362503.user.111052.0

Training Time (s) = 1922.019045829773
