# CMD: CUDA_VISIBLE_DEVICES=2 PYTHONPATH=/home/bong/analog_stress_test/analog-training SEED=3 python NeurIPS-2025/S2-mnist-CNN.py --CUDA 0 --SETTING Analog SGD --RPU EcRamMO
[2026-05-25 18:30:01,272] Epoch 0 - Training loss: --------   Test Accuracy: 0.1301
[2026-05-25 18:31:07,771] Epoch 1 - Training loss: 0.280145   Test Accuracy: 0.9395
[2026-05-25 18:32:20,137] Epoch 2 - Training loss: 0.200024   Test Accuracy: 0.8972
[2026-05-25 18:33:26,006] Epoch 3 - Training loss: 0.191709   Test Accuracy: 0.9595
[2026-05-25 18:34:35,789] Epoch 4 - Training loss: 0.185449   Test Accuracy: 0.9578
[2026-05-25 18:35:41,140] Epoch 5 - Training loss: 0.184248   Test Accuracy: 0.9563
[2026-05-25 18:36:48,130] Epoch 6 - Training loss: 0.182014   Test Accuracy: 0.9574
[2026-05-25 18:37:54,490] Epoch 7 - Training loss: 0.176454   Test Accuracy: 0.9262
[2026-05-25 18:38:58,027] Epoch 8 - Training loss: 0.181276   Test Accuracy: 0.9666
[2026-05-25 18:40:06,533] Epoch 9 - Training loss: 0.182084   Test Accuracy: 0.9324
[2026-05-25 18:41:13,678] Epoch 10 - Training loss: 0.178760   Test Accuracy: 0.9607
[2026-05-25 18:42:17,821] Epoch 11 - Training loss: 0.172811   Test Accuracy: 0.9529
[2026-05-25 18:43:22,934] Epoch 12 - Training loss: 0.174133   Test Accuracy: 0.9467
[2026-05-25 18:44:24,271] Epoch 13 - Training loss: 0.176757   Test Accuracy: 0.9642
[2026-05-25 18:45:28,822] Epoch 14 - Training loss: 0.175864   Test Accuracy: 0.9624
[2026-05-25 18:46:33,020] Epoch 15 - Training loss: 0.176055   Test Accuracy: 0.9590
[2026-05-25 18:47:48,630] Epoch 16 - Training loss: 0.176541   Test Accuracy: 0.9395
[2026-05-25 18:48:59,830] Epoch 17 - Training loss: 0.179386   Test Accuracy: 0.9228
[2026-05-25 18:50:09,456] Epoch 18 - Training loss: 0.179738   Test Accuracy: 0.9380
[2026-05-25 18:51:16,137] Epoch 19 - Training loss: 0.174402   Test Accuracy: 0.9631
[2026-05-25 18:52:24,842] Epoch 20 - Training loss: 0.174524   Test Accuracy: 0.9491
[2026-05-25 18:53:27,223] Epoch 21 - Training loss: 0.175033   Test Accuracy: 0.9123
[2026-05-25 18:54:30,312] Epoch 22 - Training loss: 0.178024   Test Accuracy: 0.9515
[2026-05-25 18:55:41,352] Epoch 23 - Training loss: 0.171446   Test Accuracy: 0.9515
[2026-05-25 18:56:52,361] Epoch 24 - Training loss: 0.176039   Test Accuracy: 0.9546
[2026-05-25 18:57:58,858] Epoch 25 - Training loss: 0.181037   Test Accuracy: 0.9564
[2026-05-25 18:59:03,920] Epoch 26 - Training loss: 0.177896   Test Accuracy: 0.9503
[2026-05-25 19:00:09,812] Epoch 27 - Training loss: 0.176997   Test Accuracy: 0.9276
[2026-05-25 19:01:19,144] Epoch 28 - Training loss: 0.173572   Test Accuracy: 0.9535
[2026-05-25 19:02:27,417] Epoch 29 - Training loss: 0.176461   Test Accuracy: 0.9520
[2026-05-25 19:03:30,204] Epoch 30 - Training loss: 0.180756   Test Accuracy: 0.9161
aihwkit path:  /home/bong/analog_stress_test/aihwkit-fork/src/aihwkit/__init__.py
NeurIPS-2025/S2-mnist-CNN.py --CUDA 0 --SETTING Analog SGD --RPU EcRamMO
Using Device:  cuda:0
Logging to file: runs/MNIST-CNN/EcRamMO/Analog SGD-tau=1/events.out.tfevents.1779701395.user.647736.0

Training Time (s) = 2012.8612651824951
