# CMD: CUDA_VISIBLE_DEVICES=2 PYTHONPATH=/home/bong/analog_stress_test/analog-training SEED=1 python NeurIPS-2025/S2-mnist-CNN.py --CUDA 0 --SETTING Analog SGD --RPU EcRam
[2026-05-25 16:51:17,121] Epoch 0 - Training loss: --------   Test Accuracy: 0.1229
[2026-05-25 16:52:25,956] Epoch 1 - Training loss: 0.246769   Test Accuracy: 0.9591
[2026-05-25 16:53:33,483] Epoch 2 - Training loss: 0.145211   Test Accuracy: 0.9706
[2026-05-25 16:54:37,179] Epoch 3 - Training loss: 0.129873   Test Accuracy: 0.9712
[2026-05-25 16:55:41,298] Epoch 4 - Training loss: 0.125597   Test Accuracy: 0.9592
[2026-05-25 16:56:47,196] Epoch 5 - Training loss: 0.122113   Test Accuracy: 0.9675
[2026-05-25 16:57:48,235] Epoch 6 - Training loss: 0.116752   Test Accuracy: 0.9506
[2026-05-25 16:58:55,518] Epoch 7 - Training loss: 0.118474   Test Accuracy: 0.9691
[2026-05-25 17:00:09,544] Epoch 8 - Training loss: 0.122132   Test Accuracy: 0.9527
[2026-05-25 17:01:11,989] Epoch 9 - Training loss: 0.121024   Test Accuracy: 0.9744
[2026-05-25 17:02:16,320] Epoch 10 - Training loss: 0.116200   Test Accuracy: 0.9715
[2026-05-25 17:03:21,276] Epoch 11 - Training loss: 0.116734   Test Accuracy: 0.9626
[2026-05-25 17:04:29,876] Epoch 12 - Training loss: 0.114078   Test Accuracy: 0.9702
[2026-05-25 17:05:33,619] Epoch 13 - Training loss: 0.111003   Test Accuracy: 0.9669
[2026-05-25 17:06:46,442] Epoch 14 - Training loss: 0.118435   Test Accuracy: 0.9652
[2026-05-25 17:07:57,299] Epoch 15 - Training loss: 0.117180   Test Accuracy: 0.9663
[2026-05-25 17:09:08,940] Epoch 16 - Training loss: 0.116947   Test Accuracy: 0.9668
[2026-05-25 17:10:18,474] Epoch 17 - Training loss: 0.115453   Test Accuracy: 0.9639
[2026-05-25 17:11:24,670] Epoch 18 - Training loss: 0.116955   Test Accuracy: 0.9573
[2026-05-25 17:12:30,881] Epoch 19 - Training loss: 0.116374   Test Accuracy: 0.9731
[2026-05-25 17:13:35,798] Epoch 20 - Training loss: 0.116436   Test Accuracy: 0.9726
[2026-05-25 17:14:43,997] Epoch 21 - Training loss: 0.113421   Test Accuracy: 0.9635
[2026-05-25 17:15:47,724] Epoch 22 - Training loss: 0.114577   Test Accuracy: 0.9750
[2026-05-25 17:16:52,545] Epoch 23 - Training loss: 0.112769   Test Accuracy: 0.9736
[2026-05-25 17:17:58,529] Epoch 24 - Training loss: 0.111404   Test Accuracy: 0.9709
[2026-05-25 17:19:02,716] Epoch 25 - Training loss: 0.114275   Test Accuracy: 0.9664
[2026-05-25 17:20:12,496] Epoch 26 - Training loss: 0.113551   Test Accuracy: 0.9664
[2026-05-25 17:21:25,200] Epoch 27 - Training loss: 0.113632   Test Accuracy: 0.9728
[2026-05-25 17:22:36,902] Epoch 28 - Training loss: 0.113314   Test Accuracy: 0.9679
[2026-05-25 17:23:39,326] Epoch 29 - Training loss: 0.112951   Test Accuracy: 0.9649
[2026-05-25 17:24:44,172] Epoch 30 - Training loss: 0.118320   Test Accuracy: 0.9675
aihwkit path:  /home/bong/analog_stress_test/aihwkit-fork/src/aihwkit/__init__.py
NeurIPS-2025/S2-mnist-CNN.py --CUDA 0 --SETTING Analog SGD --RPU EcRam
Using Device:  cuda:0
Logging to file: runs/MNIST-CNN/EcRam/Analog SGD-tau=1/events.out.tfevents.1779695471.user.624772.0

Training Time (s) = 2010.8201639652252
