# CMD: CUDA_VISIBLE_DEVICES=2 PYTHONPATH=/home/bong/analog_stress_test/analog-training SEED=3 python NeurIPS-2025/S2-mnist-CNN.py --CUDA 0 --SETTING Analog SGD --RPU HfO2
[2026-05-25 16:51:14,564] Epoch 0 - Training loss: --------   Test Accuracy: 0.0890
[2026-05-25 16:52:24,118] Epoch 1 - Training loss: 2.307784   Test Accuracy: 0.1691
[2026-05-25 16:53:35,884] Epoch 2 - Training loss: 2.325304   Test Accuracy: 0.1028
[2026-05-25 16:54:43,518] Epoch 3 - Training loss: 2.307548   Test Accuracy: 0.0912
[2026-05-25 16:55:56,422] Epoch 4 - Training loss: 2.306735   Test Accuracy: 0.1504
[2026-05-25 16:57:10,048] Epoch 5 - Training loss: 2.311203   Test Accuracy: 0.1135
[2026-05-25 16:58:21,545] Epoch 6 - Training loss: 2.303450   Test Accuracy: 0.1135
[2026-05-25 16:59:27,076] Epoch 7 - Training loss: 2.310526   Test Accuracy: 0.1477
[2026-05-25 17:00:42,369] Epoch 8 - Training loss: 2.334153   Test Accuracy: 0.0957
[2026-05-25 17:01:54,375] Epoch 9 - Training loss: 2.340284   Test Accuracy: 0.1047
[2026-05-25 17:03:05,997] Epoch 10 - Training loss: 2.360624   Test Accuracy: 0.1015
[2026-05-25 17:04:15,639] Epoch 11 - Training loss: 2.404000   Test Accuracy: 0.0953
[2026-05-25 17:05:24,560] Epoch 12 - Training loss: 2.367106   Test Accuracy: 0.1067
[2026-05-25 17:06:32,308] Epoch 13 - Training loss: 2.402201   Test Accuracy: 0.1135
[2026-05-25 17:07:45,487] Epoch 14 - Training loss: 2.383984   Test Accuracy: 0.0892
[2026-05-25 17:08:57,317] Epoch 15 - Training loss: 2.379435   Test Accuracy: 0.0982
[2026-05-25 17:10:08,760] Epoch 16 - Training loss: 2.395459   Test Accuracy: 0.1135
[2026-05-25 17:11:19,268] Epoch 17 - Training loss: 2.398623   Test Accuracy: 0.1010
[2026-05-25 17:12:36,473] Epoch 18 - Training loss: 2.398740   Test Accuracy: 0.1010
[2026-05-25 17:13:44,346] Epoch 19 - Training loss: 2.391096   Test Accuracy: 0.1100
[2026-05-25 17:14:57,162] Epoch 20 - Training loss: 2.384648   Test Accuracy: 0.1135
[2026-05-25 17:16:13,893] Epoch 21 - Training loss: 2.396078   Test Accuracy: 0.1135
[2026-05-25 17:17:27,922] Epoch 22 - Training loss: 2.438082   Test Accuracy: 0.0982
[2026-05-25 17:18:40,291] Epoch 23 - Training loss: 2.417815   Test Accuracy: 0.0985
[2026-05-25 17:19:53,961] Epoch 24 - Training loss: 2.400458   Test Accuracy: 0.1135
[2026-05-25 17:21:05,850] Epoch 25 - Training loss: 2.402096   Test Accuracy: 0.0958
[2026-05-25 17:22:21,511] Epoch 26 - Training loss: 2.403734   Test Accuracy: 0.0980
[2026-05-25 17:23:34,021] Epoch 27 - Training loss: 2.382623   Test Accuracy: 0.1032
[2026-05-25 17:24:47,837] Epoch 28 - Training loss: 2.382869   Test Accuracy: 0.1028
[2026-05-25 17:25:58,270] Epoch 29 - Training loss: 2.396235   Test Accuracy: 0.1135
[2026-05-25 17:27:12,023] Epoch 30 - Training loss: 2.405421   Test Accuracy: 0.1010
aihwkit path:  /home/bong/analog_stress_test/aihwkit-fork/src/aihwkit/__init__.py
NeurIPS-2025/S2-mnist-CNN.py --CUDA 0 --SETTING Analog SGD --RPU HfO2
Using Device:  cuda:0
Logging to file: runs/MNIST-CNN/HfO2/Analog SGD-tau=1/events.out.tfevents.1779695469.user.624703.0

Training Time (s) = 2160.5575547218323
