# CMD: CUDA_VISIBLE_DEVICES=3 PYTHONPATH=/home/bong/analog_stress_test/analog-training SEED=2 INP_RES=0.07142857142857142 OUT_RES=0.007936507936507936 INP_NOISE=0.1 OUT_NOISE=0.1 python NeurIPS-2025/S2-mnist-FCN.py --CUDA 0 --SETTING Analog SGD --RPU Pow --tau 0.7 --res-gamma 0.5 --res-state 140
[2026-05-25 17:26:13,037] Epoch 0 - Training loss: --------   Test Accuracy: 0.1001
[2026-05-25 17:26:59,323] Epoch 1 - Training loss: 2.303952   Test Accuracy: 0.1135
[2026-05-25 17:27:45,178] Epoch 2 - Training loss: 2.243946   Test Accuracy: 0.5444
[2026-05-25 17:28:22,353] Epoch 3 - Training loss: 0.467887   Test Accuracy: 0.9159
[2026-05-25 17:29:03,651] Epoch 4 - Training loss: 0.292439   Test Accuracy: 0.9209
[2026-05-25 17:29:43,497] Epoch 5 - Training loss: 0.257207   Test Accuracy: 0.9052
[2026-05-25 17:30:27,051] Epoch 6 - Training loss: 0.226206   Test Accuracy: 0.9248
[2026-05-25 17:31:11,507] Epoch 7 - Training loss: 0.216172   Test Accuracy: 0.9345
[2026-05-25 17:32:02,126] Epoch 8 - Training loss: 0.210921   Test Accuracy: 0.9442
[2026-05-25 17:32:51,202] Epoch 9 - Training loss: 0.202735   Test Accuracy: 0.9414
[2026-05-25 17:33:38,363] Epoch 10 - Training loss: 0.202027   Test Accuracy: 0.9395
[2026-05-25 17:34:20,392] Epoch 11 - Training loss: 0.197892   Test Accuracy: 0.9505
[2026-05-25 17:35:04,840] Epoch 12 - Training loss: 0.189445   Test Accuracy: 0.9443
[2026-05-25 17:35:49,436] Epoch 13 - Training loss: 0.184148   Test Accuracy: 0.9475
[2026-05-25 17:36:32,181] Epoch 14 - Training loss: 0.187505   Test Accuracy: 0.9344
[2026-05-25 17:37:19,523] Epoch 15 - Training loss: 0.182517   Test Accuracy: 0.9417
[2026-05-25 17:38:03,369] Epoch 16 - Training loss: 0.147597   Test Accuracy: 0.9537
[2026-05-25 17:38:46,807] Epoch 17 - Training loss: 0.150409   Test Accuracy: 0.9484
[2026-05-25 17:39:31,015] Epoch 18 - Training loss: 0.151697   Test Accuracy: 0.9531
[2026-05-25 17:40:14,189] Epoch 19 - Training loss: 0.152637   Test Accuracy: 0.9495
[2026-05-25 17:40:58,448] Epoch 20 - Training loss: 0.149756   Test Accuracy: 0.9559
[2026-05-25 17:41:42,624] Epoch 21 - Training loss: 0.154876   Test Accuracy: 0.9497
[2026-05-25 17:42:25,088] Epoch 22 - Training loss: 0.155453   Test Accuracy: 0.9523
[2026-05-25 17:43:10,692] Epoch 23 - Training loss: 0.151865   Test Accuracy: 0.9526
[2026-05-25 17:43:52,019] Epoch 24 - Training loss: 0.151719   Test Accuracy: 0.9549
[2026-05-25 17:44:38,036] Epoch 25 - Training loss: 0.153782   Test Accuracy: 0.9444
[2026-05-25 17:45:23,644] Epoch 26 - Training loss: 0.154274   Test Accuracy: 0.9480
[2026-05-25 17:46:12,453] Epoch 27 - Training loss: 0.154893   Test Accuracy: 0.9535
[2026-05-25 17:46:59,460] Epoch 28 - Training loss: 0.154519   Test Accuracy: 0.9476
[2026-05-25 17:47:43,973] Epoch 29 - Training loss: 0.150644   Test Accuracy: 0.9512
[2026-05-25 17:48:32,244] Epoch 30 - Training loss: 0.156729   Test Accuracy: 0.9455
aihwkit path:  /home/bong/analog_stress_test/aihwkit-fork/src/aihwkit/__init__.py
NeurIPS-2025/S2-mnist-FCN.py --CUDA 0 --SETTING Analog SGD --RPU Pow --tau 0.7 --res-gamma 0.5 --res-state 140
Using Device:  cuda:0
Logging to file: runs/MNIST-FCN/Pow-gamma=0.5-state=140/Analog SGD-tau=0.7/events.out.tfevents.1779697567.user.634216.0

Training Time (s) = 1342.832265138626
