# CMD: CUDA_VISIBLE_DEVICES=3 PYTHONPATH=/home/bong/analog_stress_test/analog-training SEED=3 INP_RES=0.007936507936507936 OUT_RES=0.00196078431372549 INP_NOISE=0.0 OUT_NOISE=0.06 python NeurIPS-2025/S2-mnist-FCN.py --CUDA 0 --SETTING Analog SGD --RPU Pow --tau 0.7 --res-gamma 0.5 --res-state 140
[2026-05-25 16:39:17,790] Epoch 0 - Training loss: --------   Test Accuracy: 0.0921
[2026-05-25 16:40:01,897] Epoch 1 - Training loss: 2.303547   Test Accuracy: 0.1135
[2026-05-25 16:40:40,722] Epoch 2 - Training loss: 2.064070   Test Accuracy: 0.8643
[2026-05-25 16:41:27,277] Epoch 3 - Training loss: 0.321770   Test Accuracy: 0.9048
[2026-05-25 16:42:13,767] Epoch 4 - Training loss: 0.223116   Test Accuracy: 0.9470
[2026-05-25 16:42:59,440] Epoch 5 - Training loss: 0.188880   Test Accuracy: 0.9402
[2026-05-25 16:43:44,364] Epoch 6 - Training loss: 0.170018   Test Accuracy: 0.9457
[2026-05-25 16:44:29,712] Epoch 7 - Training loss: 0.161952   Test Accuracy: 0.9485
[2026-05-25 16:45:15,617] Epoch 8 - Training loss: 0.147824   Test Accuracy: 0.9419
[2026-05-25 16:45:56,529] Epoch 9 - Training loss: 0.146244   Test Accuracy: 0.9605
[2026-05-25 16:46:36,812] Epoch 10 - Training loss: 0.142905   Test Accuracy: 0.9500
[2026-05-25 16:47:21,847] Epoch 11 - Training loss: 0.133110   Test Accuracy: 0.9520
[2026-05-25 16:48:05,226] Epoch 12 - Training loss: 0.132875   Test Accuracy: 0.9561
[2026-05-25 16:48:52,643] Epoch 13 - Training loss: 0.131177   Test Accuracy: 0.9601
[2026-05-25 16:49:40,420] Epoch 14 - Training loss: 0.124239   Test Accuracy: 0.9545
[2026-05-25 16:50:28,031] Epoch 15 - Training loss: 0.119944   Test Accuracy: 0.9569
[2026-05-25 16:51:10,455] Epoch 16 - Training loss: 0.088453   Test Accuracy: 0.9683
[2026-05-25 16:51:53,226] Epoch 17 - Training loss: 0.085105   Test Accuracy: 0.9668
[2026-05-25 16:52:37,098] Epoch 18 - Training loss: 0.086655   Test Accuracy: 0.9666
[2026-05-25 16:53:20,666] Epoch 19 - Training loss: 0.088978   Test Accuracy: 0.9520
[2026-05-25 16:54:06,047] Epoch 20 - Training loss: 0.091799   Test Accuracy: 0.9647
[2026-05-25 16:54:51,519] Epoch 21 - Training loss: 0.092979   Test Accuracy: 0.9687
[2026-05-25 16:55:38,835] Epoch 22 - Training loss: 0.090930   Test Accuracy: 0.9687
[2026-05-25 16:56:24,978] Epoch 23 - Training loss: 0.092285   Test Accuracy: 0.9652
[2026-05-25 16:57:11,990] Epoch 24 - Training loss: 0.094599   Test Accuracy: 0.9602
[2026-05-25 16:57:58,735] Epoch 25 - Training loss: 0.094350   Test Accuracy: 0.9589
[2026-05-25 16:58:45,571] Epoch 26 - Training loss: 0.091554   Test Accuracy: 0.9677
[2026-05-25 16:59:32,675] Epoch 27 - Training loss: 0.090956   Test Accuracy: 0.9651
[2026-05-25 17:00:17,313] Epoch 28 - Training loss: 0.091547   Test Accuracy: 0.9575
[2026-05-25 17:01:04,228] Epoch 29 - Training loss: 0.092134   Test Accuracy: 0.9647
[2026-05-25 17:01:54,504] Epoch 30 - Training loss: 0.089964   Test Accuracy: 0.9637
aihwkit path:  /home/bong/analog_stress_test/aihwkit-fork/src/aihwkit/__init__.py
NeurIPS-2025/S2-mnist-FCN.py --CUDA 0 --SETTING Analog SGD --RPU Pow --tau 0.7 --res-gamma 0.5 --res-state 140
Using Device:  cuda:0
Logging to file: runs/MNIST-FCN/Pow-gamma=0.5-state=140/Analog SGD-tau=0.7/events.out.tfevents.1779694752.user.621811.0

Training Time (s) = 1359.932047843933
