# CMD: CUDA_VISIBLE_DEVICES=3 PYTHONPATH=/home/bong/analog_stress_test/analog-training SEED=3 INP_RES=0.016129032258064516 OUT_RES=0.003937007874015748 INP_NOISE=0.06 OUT_NOISE=0.06 python NeurIPS-2025/S2-mnist-FCN.py --CUDA 0 --SETTING Analog SGD --RPU Pow --tau 0.7 --res-gamma 0.5 --res-state 140
[2026-05-25 17:03:01,605] Epoch 0 - Training loss: --------   Test Accuracy: 0.0960
[2026-05-25 17:03:48,435] Epoch 1 - Training loss: 2.303574   Test Accuracy: 0.1135
[2026-05-25 17:04:34,693] Epoch 2 - Training loss: 1.844345   Test Accuracy: 0.8910
[2026-05-25 17:05:26,351] Epoch 3 - Training loss: 0.311242   Test Accuracy: 0.9182
[2026-05-25 17:06:10,732] Epoch 4 - Training loss: 0.226398   Test Accuracy: 0.9343
[2026-05-25 17:06:58,320] Epoch 5 - Training loss: 0.201092   Test Accuracy: 0.9430
[2026-05-25 17:07:44,367] Epoch 6 - Training loss: 0.183241   Test Accuracy: 0.9266
[2026-05-25 17:08:29,139] Epoch 7 - Training loss: 0.168093   Test Accuracy: 0.9475
[2026-05-25 17:09:14,757] Epoch 8 - Training loss: 0.157530   Test Accuracy: 0.9436
[2026-05-25 17:10:03,028] Epoch 9 - Training loss: 0.153205   Test Accuracy: 0.9497
[2026-05-25 17:10:55,815] Epoch 10 - Training loss: 0.151007   Test Accuracy: 0.9487
[2026-05-25 17:11:46,197] Epoch 11 - Training loss: 0.150331   Test Accuracy: 0.9465
[2026-05-25 17:12:35,559] Epoch 12 - Training loss: 0.146760   Test Accuracy: 0.9558
[2026-05-25 17:13:19,793] Epoch 13 - Training loss: 0.144209   Test Accuracy: 0.9576
[2026-05-25 17:14:08,385] Epoch 14 - Training loss: 0.141169   Test Accuracy: 0.9538
[2026-05-25 17:15:00,253] Epoch 15 - Training loss: 0.139220   Test Accuracy: 0.9602
[2026-05-25 17:15:44,452] Epoch 16 - Training loss: 0.105050   Test Accuracy: 0.9606
[2026-05-25 17:16:32,187] Epoch 17 - Training loss: 0.103317   Test Accuracy: 0.9660
[2026-05-25 17:17:18,422] Epoch 18 - Training loss: 0.104722   Test Accuracy: 0.9635
[2026-05-25 17:18:05,753] Epoch 19 - Training loss: 0.107575   Test Accuracy: 0.9298
[2026-05-25 17:18:51,738] Epoch 20 - Training loss: 0.109532   Test Accuracy: 0.9636
[2026-05-25 17:19:33,360] Epoch 21 - Training loss: 0.109944   Test Accuracy: 0.9624
[2026-05-25 17:20:17,660] Epoch 22 - Training loss: 0.112913   Test Accuracy: 0.9650
[2026-05-25 17:20:59,800] Epoch 23 - Training loss: 0.112370   Test Accuracy: 0.9496
[2026-05-25 17:21:44,198] Epoch 24 - Training loss: 0.113220   Test Accuracy: 0.9623
[2026-05-25 17:22:28,161] Epoch 25 - Training loss: 0.113238   Test Accuracy: 0.9584
[2026-05-25 17:23:12,390] Epoch 26 - Training loss: 0.109748   Test Accuracy: 0.9636
[2026-05-25 17:23:53,253] Epoch 27 - Training loss: 0.108756   Test Accuracy: 0.9652
[2026-05-25 17:24:37,156] Epoch 28 - Training loss: 0.108128   Test Accuracy: 0.9559
[2026-05-25 17:25:18,877] Epoch 29 - Training loss: 0.112932   Test Accuracy: 0.9588
[2026-05-25 17:26:03,418] Epoch 30 - Training loss: 0.109491   Test Accuracy: 0.9541
aihwkit path:  /home/bong/analog_stress_test/aihwkit-fork/src/aihwkit/__init__.py
NeurIPS-2025/S2-mnist-FCN.py --CUDA 0 --SETTING Analog SGD --RPU Pow --tau 0.7 --res-gamma 0.5 --res-state 140
Using Device:  cuda:0
Logging to file: runs/MNIST-FCN/Pow-gamma=0.5-state=140/Analog SGD-tau=0.7/events.out.tfevents.1779696176.user.627853.0

Training Time (s) = 1385.0305666923523
