# CMD: CUDA_VISIBLE_DEVICES=3 PYTHONPATH=/home/bong/analog_stress_test/analog-training SEED=3 INP_RES=0.07142857142857142 OUT_RES=0.007936507936507936 INP_NOISE=0.1 OUT_NOISE=0.1 python NeurIPS-2025/S2-mnist-FCN.py --CUDA 0 --SETTING Analog SGD --RPU Pow --tau 0.7 --res-gamma 0.5 --res-state 140
[2026-05-25 17:48:42,298] Epoch 0 - Training loss: --------   Test Accuracy: 0.0995
[2026-05-25 17:49:36,967] Epoch 1 - Training loss: 2.303811   Test Accuracy: 0.1135
[2026-05-25 17:50:23,549] Epoch 2 - Training loss: 2.302674   Test Accuracy: 0.1135
[2026-05-25 17:51:07,857] Epoch 3 - Training loss: 1.466770   Test Accuracy: 0.8601
[2026-05-25 17:51:55,870] Epoch 4 - Training loss: 0.343997   Test Accuracy: 0.9212
[2026-05-25 17:52:41,865] Epoch 5 - Training loss: 0.267699   Test Accuracy: 0.9212
[2026-05-25 17:53:30,564] Epoch 6 - Training loss: 0.242213   Test Accuracy: 0.9255
[2026-05-25 17:54:19,349] Epoch 7 - Training loss: 0.225774   Test Accuracy: 0.9391
[2026-05-25 17:55:07,059] Epoch 8 - Training loss: 0.209220   Test Accuracy: 0.9156
[2026-05-25 17:55:55,990] Epoch 9 - Training loss: 0.210856   Test Accuracy: 0.9340
[2026-05-25 17:56:43,739] Epoch 10 - Training loss: 0.200449   Test Accuracy: 0.9405
[2026-05-25 17:57:32,288] Epoch 11 - Training loss: 0.203920   Test Accuracy: 0.9369
[2026-05-25 17:58:17,169] Epoch 12 - Training loss: 0.192094   Test Accuracy: 0.9355
[2026-05-25 17:59:05,322] Epoch 13 - Training loss: 0.193690   Test Accuracy: 0.9454
[2026-05-25 17:59:52,200] Epoch 14 - Training loss: 0.186285   Test Accuracy: 0.9300
[2026-05-25 18:00:45,284] Epoch 15 - Training loss: 0.180774   Test Accuracy: 0.9457
[2026-05-25 18:01:36,687] Epoch 16 - Training loss: 0.155887   Test Accuracy: 0.9533
[2026-05-25 18:02:28,111] Epoch 17 - Training loss: 0.152457   Test Accuracy: 0.9520
[2026-05-25 18:03:17,550] Epoch 18 - Training loss: 0.152552   Test Accuracy: 0.9513
[2026-05-25 18:04:07,094] Epoch 19 - Training loss: 0.161644   Test Accuracy: 0.9319
[2026-05-25 18:04:53,662] Epoch 20 - Training loss: 0.159024   Test Accuracy: 0.9504
[2026-05-25 18:05:46,173] Epoch 21 - Training loss: 0.161456   Test Accuracy: 0.9477
[2026-05-25 18:06:36,094] Epoch 22 - Training loss: 0.158973   Test Accuracy: 0.9504
[2026-05-25 18:07:24,354] Epoch 23 - Training loss: 0.157187   Test Accuracy: 0.9532
[2026-05-25 18:08:14,258] Epoch 24 - Training loss: 0.160217   Test Accuracy: 0.9487
[2026-05-25 18:08:59,201] Epoch 25 - Training loss: 0.157437   Test Accuracy: 0.9384
[2026-05-25 18:09:44,071] Epoch 26 - Training loss: 0.159330   Test Accuracy: 0.9507
[2026-05-25 18:10:33,021] Epoch 27 - Training loss: 0.157932   Test Accuracy: 0.9503
[2026-05-25 18:11:19,745] Epoch 28 - Training loss: 0.161501   Test Accuracy: 0.9425
[2026-05-25 18:12:09,676] Epoch 29 - Training loss: 0.157793   Test Accuracy: 0.9507
[2026-05-25 18:12:56,799] Epoch 30 - Training loss: 0.156963   Test Accuracy: 0.9494
aihwkit path:  /home/bong/analog_stress_test/aihwkit-fork/src/aihwkit/__init__.py
NeurIPS-2025/S2-mnist-FCN.py --CUDA 0 --SETTING Analog SGD --RPU Pow --tau 0.7 --res-gamma 0.5 --res-state 140
Using Device:  cuda:0
Logging to file: runs/MNIST-FCN/Pow-gamma=0.5-state=140/Analog SGD-tau=0.7/events.out.tfevents.1779698916.user.639893.0

Training Time (s) = 1457.7447047233582
