# CMD: CUDA_VISIBLE_DEVICES=3 PYTHONPATH=/home/bong/analog_stress_test/analog-training SEED=1 INP_RES=0.07142857142857142 OUT_RES=0.007936507936507936 INP_NOISE=0.1 OUT_NOISE=0.1 python NeurIPS-2025/S2-mnist-FCN.py --CUDA 0 --SETTING Analog SGD --RPU Pow --tau 0.7 --res-gamma 0.5 --res-state 140
[2026-05-25 17:25:22,884] Epoch 0 - Training loss: --------   Test Accuracy: 0.1047
[2026-05-25 17:26:10,914] Epoch 1 - Training loss: 2.303190   Test Accuracy: 0.0984
[2026-05-25 17:26:56,433] Epoch 2 - Training loss: 1.459891   Test Accuracy: 0.8806
[2026-05-25 17:27:43,466] Epoch 3 - Training loss: 0.331179   Test Accuracy: 0.9227
[2026-05-25 17:28:30,801] Epoch 4 - Training loss: 0.262050   Test Accuracy: 0.9214
[2026-05-25 17:29:21,942] Epoch 5 - Training loss: 0.244353   Test Accuracy: 0.9211
[2026-05-25 17:30:12,570] Epoch 6 - Training loss: 0.227737   Test Accuracy: 0.9350
[2026-05-25 17:31:06,803] Epoch 7 - Training loss: 0.210592   Test Accuracy: 0.9420
[2026-05-25 17:31:57,823] Epoch 8 - Training loss: 0.208143   Test Accuracy: 0.9483
[2026-05-25 17:32:49,755] Epoch 9 - Training loss: 0.199652   Test Accuracy: 0.9435
[2026-05-25 17:33:44,759] Epoch 10 - Training loss: 0.195940   Test Accuracy: 0.9418
[2026-05-25 17:34:38,523] Epoch 11 - Training loss: 0.193976   Test Accuracy: 0.9452
[2026-05-25 17:35:30,888] Epoch 12 - Training loss: 0.189495   Test Accuracy: 0.9430
[2026-05-25 17:36:22,601] Epoch 13 - Training loss: 0.190349   Test Accuracy: 0.9394
[2026-05-25 17:37:09,904] Epoch 14 - Training loss: 0.190518   Test Accuracy: 0.9500
[2026-05-25 17:37:57,836] Epoch 15 - Training loss: 0.187343   Test Accuracy: 0.9456
[2026-05-25 17:38:53,461] Epoch 16 - Training loss: 0.151041   Test Accuracy: 0.9556
[2026-05-25 17:39:41,646] Epoch 17 - Training loss: 0.151426   Test Accuracy: 0.9527
[2026-05-25 17:40:36,034] Epoch 18 - Training loss: 0.156094   Test Accuracy: 0.9483
[2026-05-25 17:41:24,718] Epoch 19 - Training loss: 0.152645   Test Accuracy: 0.9448
[2026-05-25 17:42:16,650] Epoch 20 - Training loss: 0.155431   Test Accuracy: 0.9554
[2026-05-25 17:43:07,551] Epoch 21 - Training loss: 0.156163   Test Accuracy: 0.9507
[2026-05-25 17:43:56,798] Epoch 22 - Training loss: 0.158362   Test Accuracy: 0.9447
[2026-05-25 17:44:48,787] Epoch 23 - Training loss: 0.159184   Test Accuracy: 0.9277
[2026-05-25 17:45:40,605] Epoch 24 - Training loss: 0.159542   Test Accuracy: 0.9534
[2026-05-25 17:46:29,561] Epoch 25 - Training loss: 0.163594   Test Accuracy: 0.9470
[2026-05-25 17:47:17,153] Epoch 26 - Training loss: 0.161655   Test Accuracy: 0.9516
[2026-05-25 17:48:02,540] Epoch 27 - Training loss: 0.158149   Test Accuracy: 0.9510
[2026-05-25 17:48:48,741] Epoch 28 - Training loss: 0.153093   Test Accuracy: 0.9450
[2026-05-25 17:49:33,772] Epoch 29 - Training loss: 0.149655   Test Accuracy: 0.9469
[2026-05-25 17:50:25,006] Epoch 30 - Training loss: 0.156150   Test Accuracy: 0.9514
aihwkit path:  /home/bong/analog_stress_test/aihwkit-fork/src/aihwkit/__init__.py
NeurIPS-2025/S2-mnist-FCN.py --CUDA 0 --SETTING Analog SGD --RPU Pow --tau 0.7 --res-gamma 0.5 --res-state 140
Using Device:  cuda:0
Logging to file: runs/MNIST-FCN/Pow-gamma=0.5-state=140/Analog SGD-tau=0.7/events.out.tfevents.1779697517.user.633869.0

Training Time (s) = 1505.349107503891
