# CMD: CUDA_VISIBLE_DEVICES=3 PYTHONPATH=/home/bong/analog_stress_test/analog-training SEED=2 INP_RES=0.007936507936507936 OUT_RES=0.00196078431372549 INP_NOISE=0.0 OUT_NOISE=0.06 python NeurIPS-2025/S2-mnist-FCN.py --CUDA 0 --SETTING Analog SGD --RPU Pow --tau 0.7 --res-gamma 0.5 --res-state 140
[2026-05-25 16:16:09,573] Epoch 0 - Training loss: --------   Test Accuracy: 0.1013
[2026-05-25 16:16:58,876] Epoch 1 - Training loss: 2.303604   Test Accuracy: 0.1135
[2026-05-25 16:17:43,035] Epoch 2 - Training loss: 1.074505   Test Accuracy: 0.9001
[2026-05-25 16:18:26,993] Epoch 3 - Training loss: 0.242367   Test Accuracy: 0.9452
[2026-05-25 16:19:10,564] Epoch 4 - Training loss: 0.198842   Test Accuracy: 0.9465
[2026-05-25 16:19:58,984] Epoch 5 - Training loss: 0.177225   Test Accuracy: 0.9262
[2026-05-25 16:20:45,653] Epoch 6 - Training loss: 0.168387   Test Accuracy: 0.9568
[2026-05-25 16:21:29,985] Epoch 7 - Training loss: 0.150177   Test Accuracy: 0.9544
[2026-05-25 16:22:15,227] Epoch 8 - Training loss: 0.145236   Test Accuracy: 0.9572
[2026-05-25 16:23:00,043] Epoch 9 - Training loss: 0.148651   Test Accuracy: 0.9454
[2026-05-25 16:23:47,066] Epoch 10 - Training loss: 0.138382   Test Accuracy: 0.9435
[2026-05-25 16:24:32,491] Epoch 11 - Training loss: 0.137560   Test Accuracy: 0.9443
[2026-05-25 16:25:13,076] Epoch 12 - Training loss: 0.131284   Test Accuracy: 0.9585
[2026-05-25 16:26:02,278] Epoch 13 - Training loss: 0.131731   Test Accuracy: 0.9584
[2026-05-25 16:26:46,119] Epoch 14 - Training loss: 0.131084   Test Accuracy: 0.9597
[2026-05-25 16:27:31,531] Epoch 15 - Training loss: 0.124496   Test Accuracy: 0.9624
[2026-05-25 16:28:20,588] Epoch 16 - Training loss: 0.089873   Test Accuracy: 0.9683
[2026-05-25 16:29:06,689] Epoch 17 - Training loss: 0.088541   Test Accuracy: 0.9659
[2026-05-25 16:29:55,729] Epoch 18 - Training loss: 0.087781   Test Accuracy: 0.9675
[2026-05-25 16:30:40,852] Epoch 19 - Training loss: 0.086470   Test Accuracy: 0.9660
[2026-05-25 16:31:26,199] Epoch 20 - Training loss: 0.086540   Test Accuracy: 0.9656
[2026-05-25 16:32:10,484] Epoch 21 - Training loss: 0.089531   Test Accuracy: 0.9637
[2026-05-25 16:32:54,163] Epoch 22 - Training loss: 0.088717   Test Accuracy: 0.9670
[2026-05-25 16:33:37,975] Epoch 23 - Training loss: 0.093860   Test Accuracy: 0.9676
[2026-05-25 16:34:20,072] Epoch 24 - Training loss: 0.091634   Test Accuracy: 0.9681
[2026-05-25 16:35:07,997] Epoch 25 - Training loss: 0.092216   Test Accuracy: 0.9667
[2026-05-25 16:35:59,254] Epoch 26 - Training loss: 0.096353   Test Accuracy: 0.9686
[2026-05-25 16:36:44,135] Epoch 27 - Training loss: 0.093011   Test Accuracy: 0.9668
[2026-05-25 16:37:34,194] Epoch 28 - Training loss: 0.093467   Test Accuracy: 0.9572
[2026-05-25 16:38:23,017] Epoch 29 - Training loss: 0.089791   Test Accuracy: 0.9652
[2026-05-25 16:39:08,494] Epoch 30 - Training loss: 0.092492   Test Accuracy: 0.9628
aihwkit path:  /home/bong/analog_stress_test/aihwkit-fork/src/aihwkit/__init__.py
NeurIPS-2025/S2-mnist-FCN.py --CUDA 0 --SETTING Analog SGD --RPU Pow --tau 0.7 --res-gamma 0.5 --res-state 140
Using Device:  cuda:0
Logging to file: runs/MNIST-FCN/Pow-gamma=0.5-state=140/Analog SGD-tau=0.7/events.out.tfevents.1779693363.user.616575.0

Training Time (s) = 1382.470142841339
