# CMD: CUDA_VISIBLE_DEVICES=3 PYTHONPATH=/home/bong/analog_stress_test/analog-training SEED=2 INP_RES=0.016129032258064516 OUT_RES=0.003937007874015748 INP_NOISE=0.06 OUT_NOISE=0.06 python NeurIPS-2025/S2-mnist-FCN.py --CUDA 0 --SETTING Analog SGD --RPU Pow --tau 0.7 --res-gamma 0.5 --res-state 140
[2026-05-25 17:02:03,422] Epoch 0 - Training loss: --------   Test Accuracy: 0.1008
[2026-05-25 17:02:50,427] Epoch 1 - Training loss: 2.303726   Test Accuracy: 0.1135
[2026-05-25 17:03:30,431] Epoch 2 - Training loss: 1.697875   Test Accuracy: 0.8616
[2026-05-25 17:04:12,492] Epoch 3 - Training loss: 0.299837   Test Accuracy: 0.9297
[2026-05-25 17:04:58,409] Epoch 4 - Training loss: 0.226506   Test Accuracy: 0.9411
[2026-05-25 17:05:47,816] Epoch 5 - Training loss: 0.196043   Test Accuracy: 0.9424
[2026-05-25 17:06:35,262] Epoch 6 - Training loss: 0.185873   Test Accuracy: 0.9491
[2026-05-25 17:07:24,033] Epoch 7 - Training loss: 0.171366   Test Accuracy: 0.9537
[2026-05-25 17:08:13,249] Epoch 8 - Training loss: 0.164548   Test Accuracy: 0.9541
[2026-05-25 17:09:02,063] Epoch 9 - Training loss: 0.158372   Test Accuracy: 0.9555
[2026-05-25 17:09:52,078] Epoch 10 - Training loss: 0.149031   Test Accuracy: 0.9350
[2026-05-25 17:10:39,689] Epoch 11 - Training loss: 0.147258   Test Accuracy: 0.9618
[2026-05-25 17:11:25,239] Epoch 12 - Training loss: 0.146295   Test Accuracy: 0.9543
[2026-05-25 17:12:12,399] Epoch 13 - Training loss: 0.144892   Test Accuracy: 0.9603
[2026-05-25 17:12:59,871] Epoch 14 - Training loss: 0.139550   Test Accuracy: 0.9580
[2026-05-25 17:13:48,164] Epoch 15 - Training loss: 0.142184   Test Accuracy: 0.9488
[2026-05-25 17:14:33,306] Epoch 16 - Training loss: 0.108420   Test Accuracy: 0.9652
[2026-05-25 17:15:21,477] Epoch 17 - Training loss: 0.107564   Test Accuracy: 0.9648
[2026-05-25 17:16:05,749] Epoch 18 - Training loss: 0.105672   Test Accuracy: 0.9638
[2026-05-25 17:16:51,512] Epoch 19 - Training loss: 0.106868   Test Accuracy: 0.9601
[2026-05-25 17:17:36,119] Epoch 20 - Training loss: 0.110770   Test Accuracy: 0.9629
[2026-05-25 17:18:20,021] Epoch 21 - Training loss: 0.106726   Test Accuracy: 0.9637
[2026-05-25 17:19:05,996] Epoch 22 - Training loss: 0.107971   Test Accuracy: 0.9653
[2026-05-25 17:19:51,850] Epoch 23 - Training loss: 0.110358   Test Accuracy: 0.9557
[2026-05-25 17:20:36,302] Epoch 24 - Training loss: 0.111411   Test Accuracy: 0.9626
[2026-05-25 17:21:20,925] Epoch 25 - Training loss: 0.108150   Test Accuracy: 0.9586
[2026-05-25 17:22:06,221] Epoch 26 - Training loss: 0.107308   Test Accuracy: 0.9689
[2026-05-25 17:22:55,213] Epoch 27 - Training loss: 0.109250   Test Accuracy: 0.9586
[2026-05-25 17:23:44,551] Epoch 28 - Training loss: 0.110410   Test Accuracy: 0.9581
[2026-05-25 17:24:28,631] Epoch 29 - Training loss: 0.112347   Test Accuracy: 0.9595
[2026-05-25 17:25:12,275] Epoch 30 - Training loss: 0.108837   Test Accuracy: 0.9651
aihwkit path:  /home/bong/analog_stress_test/aihwkit-fork/src/aihwkit/__init__.py
NeurIPS-2025/S2-mnist-FCN.py --CUDA 0 --SETTING Analog SGD --RPU Pow --tau 0.7 --res-gamma 0.5 --res-state 140
Using Device:  cuda:0
Logging to file: runs/MNIST-FCN/Pow-gamma=0.5-state=140/Analog SGD-tau=0.7/events.out.tfevents.1779696118.user.627512.0

Training Time (s) = 1392.0463869571686
