# CMD: CUDA_VISIBLE_DEVICES=0 PYTHONPATH=/home/bong/analog_stress_test/analog-training SEED=3 python NeurIPS-2025/S2-mnist-CNN.py --CUDA 0 --SETTING TT-v2 --RPU EcRam
[2026-05-26 01:41:45,826] Epoch 0 - Training loss: --------   Test Accuracy: 0.1348
[2026-05-26 01:43:30,608] Epoch 1 - Training loss: 1.169931   Test Accuracy: 0.8469
[2026-05-26 01:45:05,383] Epoch 2 - Training loss: 0.410851   Test Accuracy: 0.9002
[2026-05-26 01:46:40,334] Epoch 3 - Training loss: 0.301044   Test Accuracy: 0.9216
[2026-05-26 01:48:15,282] Epoch 4 - Training loss: 0.246412   Test Accuracy: 0.9341
[2026-05-26 01:49:49,568] Epoch 5 - Training loss: 0.207752   Test Accuracy: 0.9413
[2026-05-26 01:51:26,065] Epoch 6 - Training loss: 0.176337   Test Accuracy: 0.9461
[2026-05-26 01:52:58,896] Epoch 7 - Training loss: 0.155388   Test Accuracy: 0.9595
[2026-05-26 01:54:35,337] Epoch 8 - Training loss: 0.139377   Test Accuracy: 0.9624
[2026-05-26 01:56:07,710] Epoch 9 - Training loss: 0.125813   Test Accuracy: 0.9645
[2026-05-26 01:57:40,090] Epoch 10 - Training loss: 0.115021   Test Accuracy: 0.9669
[2026-05-26 01:59:19,659] Epoch 11 - Training loss: 0.105887   Test Accuracy: 0.9676
[2026-05-26 02:00:53,521] Epoch 12 - Training loss: 0.098787   Test Accuracy: 0.9709
[2026-05-26 02:02:26,308] Epoch 13 - Training loss: 0.092062   Test Accuracy: 0.9728
[2026-05-26 02:04:00,110] Epoch 14 - Training loss: 0.086924   Test Accuracy: 0.9737
[2026-05-26 02:05:27,420] Epoch 15 - Training loss: 0.082061   Test Accuracy: 0.9746
[2026-05-26 02:06:58,569] Epoch 16 - Training loss: 0.077643   Test Accuracy: 0.9748
[2026-05-26 02:08:27,411] Epoch 17 - Training loss: 0.073400   Test Accuracy: 0.9771
[2026-05-26 02:09:56,375] Epoch 18 - Training loss: 0.069643   Test Accuracy: 0.9756
[2026-05-26 02:11:25,769] Epoch 19 - Training loss: 0.067417   Test Accuracy: 0.9780
[2026-05-26 02:12:54,988] Epoch 20 - Training loss: 0.064799   Test Accuracy: 0.9794
[2026-05-26 02:14:24,487] Epoch 21 - Training loss: 0.061692   Test Accuracy: 0.9774
[2026-05-26 02:15:54,160] Epoch 22 - Training loss: 0.059883   Test Accuracy: 0.9803
[2026-05-26 02:17:24,815] Epoch 23 - Training loss: 0.058342   Test Accuracy: 0.9790
[2026-05-26 02:18:57,347] Epoch 24 - Training loss: 0.055640   Test Accuracy: 0.9796
[2026-05-26 02:20:30,596] Epoch 25 - Training loss: 0.054291   Test Accuracy: 0.9806
[2026-05-26 02:22:04,676] Epoch 26 - Training loss: 0.052846   Test Accuracy: 0.9805
[2026-05-26 02:23:38,622] Epoch 27 - Training loss: 0.050831   Test Accuracy: 0.9801
[2026-05-26 02:25:14,398] Epoch 28 - Training loss: 0.049833   Test Accuracy: 0.9832
[2026-05-26 02:26:49,216] Epoch 29 - Training loss: 0.048181   Test Accuracy: 0.9811
[2026-05-26 02:28:32,764] Epoch 30 - Training loss: 0.046734   Test Accuracy: 0.9831
aihwkit path:  /home/bong/analog_stress_test/aihwkit-fork/src/aihwkit/__init__.py
NeurIPS-2025/S2-mnist-CNN.py --CUDA 0 --SETTING TT-v2 --RPU EcRam
Using Device:  cuda:0
Logging to file: runs/MNIST-CNN/EcRam/TT-v2-tau=1/events.out.tfevents.1779727298.user.713722.0

Training Time (s) = 2811.6993865966797
