# CMD: CUDA_VISIBLE_DEVICES=0 PYTHONPATH=/home/bong/analog_stress_test/analog-training SEED=2 python NeurIPS-2025/S2-mnist-CNN.py --CUDA 0 --SETTING TT-v2 --RPU EcRam
[2026-05-26 01:39:02,844] Epoch 0 - Training loss: --------   Test Accuracy: 0.1494
[2026-05-26 01:40:34,960] Epoch 1 - Training loss: 1.247110   Test Accuracy: 0.8212
[2026-05-26 01:42:01,094] Epoch 2 - Training loss: 0.472687   Test Accuracy: 0.8851
[2026-05-26 01:43:31,105] Epoch 3 - Training loss: 0.358577   Test Accuracy: 0.9090
[2026-05-26 01:45:05,493] Epoch 4 - Training loss: 0.301473   Test Accuracy: 0.9192
[2026-05-26 01:46:36,466] Epoch 5 - Training loss: 0.261852   Test Accuracy: 0.9260
[2026-05-26 01:48:05,777] Epoch 6 - Training loss: 0.231027   Test Accuracy: 0.9419
[2026-05-26 01:49:34,617] Epoch 7 - Training loss: 0.203188   Test Accuracy: 0.9465
[2026-05-26 01:51:05,931] Epoch 8 - Training loss: 0.182511   Test Accuracy: 0.9509
[2026-05-26 01:52:35,778] Epoch 9 - Training loss: 0.161634   Test Accuracy: 0.9558
[2026-05-26 01:54:05,220] Epoch 10 - Training loss: 0.145832   Test Accuracy: 0.9554
[2026-05-26 01:55:36,494] Epoch 11 - Training loss: 0.131741   Test Accuracy: 0.9646
[2026-05-26 01:57:08,346] Epoch 12 - Training loss: 0.119696   Test Accuracy: 0.9670
[2026-05-26 01:58:38,392] Epoch 13 - Training loss: 0.109809   Test Accuracy: 0.9691
[2026-05-26 02:00:09,199] Epoch 14 - Training loss: 0.102748   Test Accuracy: 0.9698
[2026-05-26 02:01:41,683] Epoch 15 - Training loss: 0.096226   Test Accuracy: 0.9722
[2026-05-26 02:03:17,964] Epoch 16 - Training loss: 0.089087   Test Accuracy: 0.9744
[2026-05-26 02:04:50,611] Epoch 17 - Training loss: 0.084848   Test Accuracy: 0.9753
[2026-05-26 02:06:25,737] Epoch 18 - Training loss: 0.080529   Test Accuracy: 0.9764
[2026-05-26 02:08:01,247] Epoch 19 - Training loss: 0.076158   Test Accuracy: 0.9784
[2026-05-26 02:09:35,673] Epoch 20 - Training loss: 0.072386   Test Accuracy: 0.9768
[2026-05-26 02:11:10,289] Epoch 21 - Training loss: 0.068127   Test Accuracy: 0.9789
[2026-05-26 02:12:45,165] Epoch 22 - Training loss: 0.065889   Test Accuracy: 0.9799
[2026-05-26 02:14:20,018] Epoch 23 - Training loss: 0.064204   Test Accuracy: 0.9800
[2026-05-26 02:15:54,079] Epoch 24 - Training loss: 0.061338   Test Accuracy: 0.9826
[2026-05-26 02:17:28,118] Epoch 25 - Training loss: 0.059752   Test Accuracy: 0.9817
[2026-05-26 02:19:02,294] Epoch 26 - Training loss: 0.056748   Test Accuracy: 0.9816
[2026-05-26 02:20:36,616] Epoch 27 - Training loss: 0.055351   Test Accuracy: 0.9813
[2026-05-26 02:22:10,798] Epoch 28 - Training loss: 0.053342   Test Accuracy: 0.9828
[2026-05-26 02:23:44,425] Epoch 29 - Training loss: 0.052115   Test Accuracy: 0.9825
[2026-05-26 02:25:19,719] Epoch 30 - Training loss: 0.050519   Test Accuracy: 0.9852
aihwkit path:  /home/bong/analog_stress_test/aihwkit-fork/src/aihwkit/__init__.py
NeurIPS-2025/S2-mnist-CNN.py --CUDA 0 --SETTING TT-v2 --RPU EcRam
Using Device:  cuda:0
Logging to file: runs/MNIST-CNN/EcRam/TT-v2-tau=1/events.out.tfevents.1779727136.user.713321.0

Training Time (s) = 2781.080512046814
