# CMD: CUDA_VISIBLE_DEVICES=0 PYTHONPATH=/home/bong/analog_stress_test/analog-training SEED=1 python NeurIPS-2025/S2-mnist-CNN.py --CUDA 0 --SETTING TT-v2 --RPU EcRam
[2026-05-26 00:54:04,080] Epoch 0 - Training loss: --------   Test Accuracy: 0.1425
[2026-05-26 00:55:37,444] Epoch 1 - Training loss: 1.379624   Test Accuracy: 0.7915
[2026-05-26 00:57:09,150] Epoch 2 - Training loss: 0.503874   Test Accuracy: 0.8797
[2026-05-26 00:58:46,096] Epoch 3 - Training loss: 0.363223   Test Accuracy: 0.8997
[2026-05-26 01:00:20,553] Epoch 4 - Training loss: 0.298389   Test Accuracy: 0.9220
[2026-05-26 01:01:49,663] Epoch 5 - Training loss: 0.255252   Test Accuracy: 0.9349
[2026-05-26 01:03:25,201] Epoch 6 - Training loss: 0.224754   Test Accuracy: 0.9328
[2026-05-26 01:04:59,581] Epoch 7 - Training loss: 0.199576   Test Accuracy: 0.9488
[2026-05-26 01:06:32,657] Epoch 8 - Training loss: 0.177849   Test Accuracy: 0.9448
[2026-05-26 01:08:01,891] Epoch 9 - Training loss: 0.160721   Test Accuracy: 0.9560
[2026-05-26 01:09:38,614] Epoch 10 - Training loss: 0.145199   Test Accuracy: 0.9609
[2026-05-26 01:11:13,132] Epoch 11 - Training loss: 0.133922   Test Accuracy: 0.9609
[2026-05-26 01:12:48,583] Epoch 12 - Training loss: 0.122219   Test Accuracy: 0.9642
[2026-05-26 01:14:24,564] Epoch 13 - Training loss: 0.114414   Test Accuracy: 0.9642
[2026-05-26 01:16:00,541] Epoch 14 - Training loss: 0.105190   Test Accuracy: 0.9687
[2026-05-26 01:17:34,723] Epoch 15 - Training loss: 0.099056   Test Accuracy: 0.9720
[2026-05-26 01:19:05,435] Epoch 16 - Training loss: 0.091631   Test Accuracy: 0.9735
[2026-05-26 01:20:40,989] Epoch 17 - Training loss: 0.087591   Test Accuracy: 0.9737
[2026-05-26 01:22:15,987] Epoch 18 - Training loss: 0.082515   Test Accuracy: 0.9763
[2026-05-26 01:23:51,435] Epoch 19 - Training loss: 0.079074   Test Accuracy: 0.9769
[2026-05-26 01:25:27,363] Epoch 20 - Training loss: 0.075340   Test Accuracy: 0.9773
[2026-05-26 01:27:04,662] Epoch 21 - Training loss: 0.072527   Test Accuracy: 0.9781
[2026-05-26 01:28:43,149] Epoch 22 - Training loss: 0.069038   Test Accuracy: 0.9778
[2026-05-26 01:30:21,970] Epoch 23 - Training loss: 0.066476   Test Accuracy: 0.9804
[2026-05-26 01:31:59,315] Epoch 24 - Training loss: 0.063712   Test Accuracy: 0.9798
[2026-05-26 01:33:36,170] Epoch 25 - Training loss: 0.061970   Test Accuracy: 0.9793
[2026-05-26 01:35:11,867] Epoch 26 - Training loss: 0.059836   Test Accuracy: 0.9816
[2026-05-26 01:36:49,846] Epoch 27 - Training loss: 0.058825   Test Accuracy: 0.9805
[2026-05-26 01:38:24,843] Epoch 28 - Training loss: 0.056732   Test Accuracy: 0.9825
[2026-05-26 01:39:57,098] Epoch 29 - Training loss: 0.054938   Test Accuracy: 0.9823
[2026-05-26 01:41:33,546] Epoch 30 - Training loss: 0.053433   Test Accuracy: 0.9825
aihwkit path:  /home/bong/analog_stress_test/aihwkit-fork/src/aihwkit/__init__.py
NeurIPS-2025/S2-mnist-CNN.py --CUDA 0 --SETTING TT-v2 --RPU EcRam
Using Device:  cuda:0
Logging to file: runs/MNIST-CNN/EcRam/TT-v2-tau=1/events.out.tfevents.1779724437.user.709002.0

Training Time (s) = 2853.4528000354767
