# CMD: CUDA_VISIBLE_DEVICES=0 PYTHONPATH=/home/bong/analog_stress_test/analog-training SEED=3 python NeurIPS-2025/S2-mnist-CNN.py --CUDA 0 --SETTING TT-v2 --RPU HfO2
[2026-05-26 00:52:40,593] Epoch 0 - Training loss: --------   Test Accuracy: 0.0786
[2026-05-26 00:54:04,322] Epoch 1 - Training loss: 1.847116   Test Accuracy: 0.5906
[2026-05-26 00:55:38,819] Epoch 2 - Training loss: 1.106956   Test Accuracy: 0.6524
[2026-05-26 00:57:14,189] Epoch 3 - Training loss: 0.998462   Test Accuracy: 0.6856
[2026-05-26 00:58:49,001] Epoch 4 - Training loss: 0.953079   Test Accuracy: 0.6989
[2026-05-26 01:00:23,537] Epoch 5 - Training loss: 0.922244   Test Accuracy: 0.7117
[2026-05-26 01:01:57,475] Epoch 6 - Training loss: 0.904636   Test Accuracy: 0.7196
[2026-05-26 01:03:30,764] Epoch 7 - Training loss: 0.888655   Test Accuracy: 0.7137
[2026-05-26 01:05:02,514] Epoch 8 - Training loss: 0.879229   Test Accuracy: 0.7324
[2026-05-26 01:06:35,069] Epoch 9 - Training loss: 0.849476   Test Accuracy: 0.7400
[2026-05-26 01:08:10,623] Epoch 10 - Training loss: 0.824361   Test Accuracy: 0.7413
[2026-05-26 01:09:45,513] Epoch 11 - Training loss: 0.820418   Test Accuracy: 0.7322
[2026-05-26 01:11:20,789] Epoch 12 - Training loss: 0.832705   Test Accuracy: 0.7352
[2026-05-26 01:12:56,275] Epoch 13 - Training loss: 0.829872   Test Accuracy: 0.7427
[2026-05-26 01:14:31,880] Epoch 14 - Training loss: 0.830368   Test Accuracy: 0.7446
[2026-05-26 01:16:06,068] Epoch 15 - Training loss: 0.815788   Test Accuracy: 0.7548
[2026-05-26 01:17:40,506] Epoch 16 - Training loss: 0.789810   Test Accuracy: 0.7514
[2026-05-26 01:19:17,507] Epoch 17 - Training loss: 0.786759   Test Accuracy: 0.7420
[2026-05-26 01:20:52,994] Epoch 18 - Training loss: 0.820828   Test Accuracy: 0.7339
[2026-05-26 01:22:28,168] Epoch 19 - Training loss: 0.804661   Test Accuracy: 0.7512
[2026-05-26 01:24:03,209] Epoch 20 - Training loss: 0.788325   Test Accuracy: 0.7458
[2026-05-26 01:25:37,798] Epoch 21 - Training loss: 0.804603   Test Accuracy: 0.7656
[2026-05-26 01:27:08,847] Epoch 22 - Training loss: 0.793824   Test Accuracy: 0.7530
[2026-05-26 01:28:33,894] Epoch 23 - Training loss: 0.816991   Test Accuracy: 0.7479
[2026-05-26 01:29:57,894] Epoch 24 - Training loss: 0.780537   Test Accuracy: 0.7603
[2026-05-26 01:31:23,907] Epoch 25 - Training loss: 0.766929   Test Accuracy: 0.7450
[2026-05-26 01:32:46,178] Epoch 26 - Training loss: 0.803429   Test Accuracy: 0.7454
[2026-05-26 01:34:14,364] Epoch 27 - Training loss: 0.798481   Test Accuracy: 0.7706
[2026-05-26 01:35:48,464] Epoch 28 - Training loss: 0.774443   Test Accuracy: 0.7524
[2026-05-26 01:37:17,337] Epoch 29 - Training loss: 0.752335   Test Accuracy: 0.7803
[2026-05-26 01:38:52,059] Epoch 30 - Training loss: 0.721747   Test Accuracy: 0.7836
aihwkit path:  /home/bong/analog_stress_test/aihwkit-fork/src/aihwkit/__init__.py
NeurIPS-2025/S2-mnist-CNN.py --CUDA 0 --SETTING TT-v2 --RPU HfO2
Using Device:  cuda:0
Logging to file: runs/MNIST-CNN/HfO2/TT-v2-tau=1/events.out.tfevents.1779724353.user.708456.0

Training Time (s) = 2775.8720228672028
