# CMD: CUDA_VISIBLE_DEVICES=0 PYTHONPATH=/home/bong/analog_stress_test/analog-training SEED=1 python NeurIPS-2025/S2-mnist-CNN.py --CUDA 0 --SETTING TT-v2 --RPU OM
[2026-05-26 03:19:19,828] Epoch 0 - Training loss: --------   Test Accuracy: 0.1038
[2026-05-26 03:20:52,031] Epoch 1 - Training loss: 1.681601   Test Accuracy: 0.6187
[2026-05-26 03:22:19,872] Epoch 2 - Training loss: 1.076840   Test Accuracy: 0.6914
[2026-05-26 03:23:47,623] Epoch 3 - Training loss: 0.948714   Test Accuracy: 0.7130
[2026-05-26 03:25:24,777] Epoch 4 - Training loss: 0.876730   Test Accuracy: 0.7558
[2026-05-26 03:27:01,727] Epoch 5 - Training loss: 0.742881   Test Accuracy: 0.7808
[2026-05-26 03:28:39,052] Epoch 6 - Training loss: 0.658443   Test Accuracy: 0.7891
[2026-05-26 03:30:16,007] Epoch 7 - Training loss: 0.600913   Test Accuracy: 0.8337
[2026-05-26 03:31:54,643] Epoch 8 - Training loss: 0.527009   Test Accuracy: 0.8446
[2026-05-26 03:33:33,783] Epoch 9 - Training loss: 0.491075   Test Accuracy: 0.8555
[2026-05-26 03:35:10,925] Epoch 10 - Training loss: 0.521735   Test Accuracy: 0.8417
[2026-05-26 03:36:49,429] Epoch 11 - Training loss: 0.496293   Test Accuracy: 0.8577
[2026-05-26 03:38:29,064] Epoch 12 - Training loss: 0.486397   Test Accuracy: 0.8469
[2026-05-26 03:40:07,895] Epoch 13 - Training loss: 0.498572   Test Accuracy: 0.8512
[2026-05-26 03:41:41,621] Epoch 14 - Training loss: 0.489040   Test Accuracy: 0.8413
[2026-05-26 03:43:17,420] Epoch 15 - Training loss: 0.475589   Test Accuracy: 0.8537
[2026-05-26 03:44:50,866] Epoch 16 - Training loss: 0.464995   Test Accuracy: 0.8493
[2026-05-26 03:46:23,809] Epoch 17 - Training loss: 0.472659   Test Accuracy: 0.8570
[2026-05-26 03:48:00,121] Epoch 18 - Training loss: 0.462671   Test Accuracy: 0.8597
[2026-05-26 03:49:36,658] Epoch 19 - Training loss: 0.447325   Test Accuracy: 0.8632
[2026-05-26 03:51:12,806] Epoch 20 - Training loss: 0.430966   Test Accuracy: 0.8695
[2026-05-26 03:52:49,725] Epoch 21 - Training loss: 0.417392   Test Accuracy: 0.8735
[2026-05-26 03:54:29,951] Epoch 22 - Training loss: 0.415659   Test Accuracy: 0.8707
[2026-05-26 03:56:07,194] Epoch 23 - Training loss: 0.397793   Test Accuracy: 0.8799
[2026-05-26 03:57:42,663] Epoch 24 - Training loss: 0.375330   Test Accuracy: 0.8846
[2026-05-26 03:59:17,217] Epoch 25 - Training loss: 0.359188   Test Accuracy: 0.8877
[2026-05-26 04:00:54,795] Epoch 26 - Training loss: 0.357605   Test Accuracy: 0.8863
[2026-05-26 04:02:31,393] Epoch 27 - Training loss: 0.353618   Test Accuracy: 0.8958
[2026-05-26 04:04:02,970] Epoch 28 - Training loss: 0.356590   Test Accuracy: 0.8897
[2026-05-26 04:05:38,202] Epoch 29 - Training loss: 0.371200   Test Accuracy: 0.8810
[2026-05-26 04:07:17,482] Epoch 30 - Training loss: 0.372301   Test Accuracy: 0.8863
aihwkit path:  /home/bong/analog_stress_test/aihwkit-fork/src/aihwkit/__init__.py
NeurIPS-2025/S2-mnist-CNN.py --CUDA 0 --SETTING TT-v2 --RPU OM
Using Device:  cuda:0
Logging to file: runs/MNIST-CNN/OM/TT-v2-tau=1/events.out.tfevents.1779733152.user.726332.0

Training Time (s) = 2882.484486103058
