# CMD: CUDA_VISIBLE_DEVICES=0 PYTHONPATH=/home/bong/analog_stress_test/analog-training SEED=2 python NeurIPS-2025/S2-mnist-CNN.py --CUDA 0 --SETTING TT-v2 --RPU OM
[2026-05-26 04:03:33,857] Epoch 0 - Training loss: --------   Test Accuracy: 0.0512
[2026-05-26 04:05:02,724] Epoch 1 - Training loss: 2.303822   Test Accuracy: 0.1028
[2026-05-26 04:06:28,823] Epoch 2 - Training loss: 2.302515   Test Accuracy: 0.1027
[2026-05-26 04:07:52,011] Epoch 3 - Training loss: 2.302790   Test Accuracy: 0.1135
[2026-05-26 04:09:21,435] Epoch 4 - Training loss: 2.288259   Test Accuracy: 0.3019
[2026-05-26 04:10:49,191] Epoch 5 - Training loss: 1.357548   Test Accuracy: 0.6635
[2026-05-26 04:12:15,134] Epoch 6 - Training loss: 0.935127   Test Accuracy: 0.7242
[2026-05-26 04:13:46,002] Epoch 7 - Training loss: 0.800941   Test Accuracy: 0.7665
[2026-05-26 04:15:18,267] Epoch 8 - Training loss: 0.706277   Test Accuracy: 0.7963
[2026-05-26 04:16:49,526] Epoch 9 - Training loss: 0.604469   Test Accuracy: 0.8147
[2026-05-26 04:18:21,574] Epoch 10 - Training loss: 0.546154   Test Accuracy: 0.8459
[2026-05-26 04:19:52,281] Epoch 11 - Training loss: 0.504226   Test Accuracy: 0.8558
[2026-05-26 04:21:22,627] Epoch 12 - Training loss: 0.485883   Test Accuracy: 0.8679
[2026-05-26 04:22:54,660] Epoch 13 - Training loss: 0.459496   Test Accuracy: 0.8653
[2026-05-26 04:24:30,576] Epoch 14 - Training loss: 0.463715   Test Accuracy: 0.8699
[2026-05-26 04:25:55,952] Epoch 15 - Training loss: 0.430868   Test Accuracy: 0.8785
[2026-05-26 04:27:17,699] Epoch 16 - Training loss: 0.403669   Test Accuracy: 0.8748
[2026-05-26 04:28:36,214] Epoch 17 - Training loss: 0.395828   Test Accuracy: 0.8923
[2026-05-26 04:29:54,242] Epoch 18 - Training loss: 0.400746   Test Accuracy: 0.8802
[2026-05-26 04:31:13,554] Epoch 19 - Training loss: 0.382077   Test Accuracy: 0.8797
[2026-05-26 04:32:46,057] Epoch 20 - Training loss: 0.375647   Test Accuracy: 0.8870
[2026-05-26 04:34:16,687] Epoch 21 - Training loss: 0.387726   Test Accuracy: 0.8847
[2026-05-26 04:35:49,865] Epoch 22 - Training loss: 0.408359   Test Accuracy: 0.8810
[2026-05-26 04:37:25,489] Epoch 23 - Training loss: 0.404159   Test Accuracy: 0.8899
[2026-05-26 04:38:51,992] Epoch 24 - Training loss: 0.370061   Test Accuracy: 0.8955
[2026-05-26 04:40:25,612] Epoch 25 - Training loss: 0.361724   Test Accuracy: 0.8978
[2026-05-26 04:42:03,308] Epoch 26 - Training loss: 0.357485   Test Accuracy: 0.8928
[2026-05-26 04:43:39,874] Epoch 27 - Training loss: 0.348570   Test Accuracy: 0.9015
[2026-05-26 04:45:14,636] Epoch 28 - Training loss: 0.342734   Test Accuracy: 0.9001
[2026-05-26 04:46:50,429] Epoch 29 - Training loss: 0.332045   Test Accuracy: 0.9061
[2026-05-26 04:48:26,517] Epoch 30 - Training loss: 0.308667   Test Accuracy: 0.9168
aihwkit path:  /home/bong/analog_stress_test/aihwkit-fork/src/aihwkit/__init__.py
NeurIPS-2025/S2-mnist-CNN.py --CUDA 0 --SETTING TT-v2 --RPU OM
Using Device:  cuda:0
Logging to file: runs/MNIST-CNN/OM/TT-v2-tau=1/events.out.tfevents.1779735807.user.731779.0

Training Time (s) = 2696.918487548828
