# CMD: CUDA_VISIBLE_DEVICES=3 PYTHONPATH=/home/bong/analog_stress_test/analog-training SEED=1 python NeurIPS-2025/S2-mnist-FCN.py --CUDA 0 --SETTING TT-v2 --RPU EcRamMO
[2026-05-25 15:26:24,262] Epoch 0 - Training loss: --------   Test Accuracy: 0.1028
[2026-05-25 15:27:24,324] Epoch 1 - Training loss: 2.302258   Test Accuracy: 0.1067
[2026-05-25 15:28:25,651] Epoch 2 - Training loss: 2.298138   Test Accuracy: 0.1141
[2026-05-25 15:29:25,182] Epoch 3 - Training loss: 2.015580   Test Accuracy: 0.5935
[2026-05-25 15:30:24,468] Epoch 4 - Training loss: 1.094904   Test Accuracy: 0.7244
[2026-05-25 15:31:24,660] Epoch 5 - Training loss: 0.792449   Test Accuracy: 0.7845
[2026-05-25 15:32:22,855] Epoch 6 - Training loss: 0.646490   Test Accuracy: 0.8226
[2026-05-25 15:33:22,662] Epoch 7 - Training loss: 0.562990   Test Accuracy: 0.8457
[2026-05-25 15:34:24,038] Epoch 8 - Training loss: 0.511359   Test Accuracy: 0.8557
[2026-05-25 15:35:25,035] Epoch 9 - Training loss: 0.474940   Test Accuracy: 0.8648
[2026-05-25 15:36:24,746] Epoch 10 - Training loss: 0.447398   Test Accuracy: 0.8747
[2026-05-25 15:37:27,452] Epoch 11 - Training loss: 0.425668   Test Accuracy: 0.8797
[2026-05-25 15:38:28,604] Epoch 12 - Training loss: 0.409879   Test Accuracy: 0.8844
[2026-05-25 15:39:29,447] Epoch 13 - Training loss: 0.396097   Test Accuracy: 0.8878
[2026-05-25 15:40:31,339] Epoch 14 - Training loss: 0.386376   Test Accuracy: 0.8926
[2026-05-25 15:41:30,958] Epoch 15 - Training loss: 0.376687   Test Accuracy: 0.8928
[2026-05-25 15:42:36,715] Epoch 16 - Training loss: 0.371740   Test Accuracy: 0.8933
[2026-05-25 15:43:36,186] Epoch 17 - Training loss: 0.375755   Test Accuracy: 0.8926
[2026-05-25 15:44:35,538] Epoch 18 - Training loss: 0.378606   Test Accuracy: 0.8889
[2026-05-25 15:45:34,874] Epoch 19 - Training loss: 0.380469   Test Accuracy: 0.8899
[2026-05-25 15:46:40,654] Epoch 20 - Training loss: 0.376301   Test Accuracy: 0.8899
[2026-05-25 15:47:40,294] Epoch 21 - Training loss: 0.371730   Test Accuracy: 0.8926
[2026-05-25 15:48:39,651] Epoch 22 - Training loss: 0.367573   Test Accuracy: 0.8926
[2026-05-25 15:49:44,228] Epoch 23 - Training loss: 0.366707   Test Accuracy: 0.8958
[2026-05-25 15:50:44,115] Epoch 24 - Training loss: 0.364229   Test Accuracy: 0.8950
[2026-05-25 15:51:45,242] Epoch 25 - Training loss: 0.364118   Test Accuracy: 0.8955
[2026-05-25 15:52:50,615] Epoch 26 - Training loss: 0.363619   Test Accuracy: 0.8952
[2026-05-25 15:53:54,223] Epoch 27 - Training loss: 0.362700   Test Accuracy: 0.8943
[2026-05-25 15:54:55,041] Epoch 28 - Training loss: 0.365293   Test Accuracy: 0.8947
[2026-05-25 15:55:54,844] Epoch 29 - Training loss: 0.364777   Test Accuracy: 0.8969
[2026-05-25 15:56:56,669] Epoch 30 - Training loss: 0.367263   Test Accuracy: 0.8965
aihwkit path:  /home/bong/analog_stress_test/aihwkit-fork/src/aihwkit/__init__.py
NeurIPS-2025/S2-mnist-FCN.py --CUDA 0 --SETTING TT-v2 --RPU EcRamMO
Using Device:  cuda:0
Logging to file: runs/MNIST-FCN/EcRamMO/TT-v2-tau=1/events.out.tfevents.1779690378.user.609562.0

Training Time (s) = 1835.9477818012238
