# CMD: CUDA_VISIBLE_DEVICES=3 PYTHONPATH=/home/bong/analog_stress_test/analog-training SEED=3 python NeurIPS-2025/S2-mnist-FCN.py --CUDA 0 --SETTING TT-v2 --RPU HfO2
[2026-05-25 14:24:52,346] Epoch 0 - Training loss: --------   Test Accuracy: 0.0892
[2026-05-25 14:25:54,033] Epoch 1 - Training loss: 2.302906   Test Accuracy: 0.1135
[2026-05-25 14:26:54,104] Epoch 2 - Training loss: 2.302461   Test Accuracy: 0.1135
[2026-05-25 14:27:47,266] Epoch 3 - Training loss: 2.302190   Test Accuracy: 0.1135
[2026-05-25 14:28:39,963] Epoch 4 - Training loss: 2.301502   Test Accuracy: 0.1014
[2026-05-25 14:29:37,181] Epoch 5 - Training loss: 2.299859   Test Accuracy: 0.1210
[2026-05-25 14:30:36,222] Epoch 6 - Training loss: 2.285703   Test Accuracy: 0.1597
[2026-05-25 14:31:33,721] Epoch 7 - Training loss: 2.129499   Test Accuracy: 0.3411
[2026-05-25 14:32:30,240] Epoch 8 - Training loss: 1.729592   Test Accuracy: 0.4966
[2026-05-25 14:33:31,682] Epoch 9 - Training loss: 1.392367   Test Accuracy: 0.5875
[2026-05-25 14:34:34,977] Epoch 10 - Training loss: 1.142930   Test Accuracy: 0.6770
[2026-05-25 14:35:34,929] Epoch 11 - Training loss: 0.943975   Test Accuracy: 0.7199
[2026-05-25 14:36:35,414] Epoch 12 - Training loss: 0.824345   Test Accuracy: 0.7524
[2026-05-25 14:37:30,164] Epoch 13 - Training loss: 0.739191   Test Accuracy: 0.7734
[2026-05-25 14:38:31,290] Epoch 14 - Training loss: 0.673136   Test Accuracy: 0.8006
[2026-05-25 14:39:32,951] Epoch 15 - Training loss: 0.618554   Test Accuracy: 0.8125
[2026-05-25 14:40:35,700] Epoch 16 - Training loss: 0.590357   Test Accuracy: 0.8183
[2026-05-25 14:41:36,502] Epoch 17 - Training loss: 0.574711   Test Accuracy: 0.8241
[2026-05-25 14:42:37,830] Epoch 18 - Training loss: 0.571538   Test Accuracy: 0.8143
[2026-05-25 14:43:38,910] Epoch 19 - Training loss: 0.577925   Test Accuracy: 0.8265
[2026-05-25 14:44:46,965] Epoch 20 - Training loss: 0.557795   Test Accuracy: 0.8287
[2026-05-25 14:45:52,458] Epoch 21 - Training loss: 0.575465   Test Accuracy: 0.8257
[2026-05-25 14:46:54,298] Epoch 22 - Training loss: 0.548061   Test Accuracy: 0.8351
[2026-05-25 14:47:57,148] Epoch 23 - Training loss: 0.523926   Test Accuracy: 0.8380
[2026-05-25 14:48:59,705] Epoch 24 - Training loss: 0.508510   Test Accuracy: 0.8441
[2026-05-25 14:50:00,853] Epoch 25 - Training loss: 0.500852   Test Accuracy: 0.8522
[2026-05-25 14:51:02,605] Epoch 26 - Training loss: 0.517665   Test Accuracy: 0.8425
[2026-05-25 14:52:03,543] Epoch 27 - Training loss: 0.506986   Test Accuracy: 0.8438
[2026-05-25 14:53:05,541] Epoch 28 - Training loss: 0.512036   Test Accuracy: 0.8315
[2026-05-25 14:54:07,703] Epoch 29 - Training loss: 0.511373   Test Accuracy: 0.8426
[2026-05-25 14:55:10,567] Epoch 30 - Training loss: 0.504606   Test Accuracy: 0.8372
aihwkit path:  /home/bong/analog_stress_test/aihwkit-fork/src/aihwkit/__init__.py
NeurIPS-2025/S2-mnist-FCN.py --CUDA 0 --SETTING TT-v2 --RPU HfO2
Using Device:  cuda:0
Logging to file: runs/MNIST-FCN/HfO2/TT-v2-tau=1/events.out.tfevents.1779686686.user.602984.0

Training Time (s) = 1821.60808467865
