# CMD: CUDA_VISIBLE_DEVICES=1 PYTHONPATH=/home/bong/analog_stress_test/analog-training SEED=2 python NeurIPS-2025/S2-mnist-FCN.py --CUDA 0 --SETTING TT-v2 --RPU OM
[2026-05-25 16:47:12,334] Epoch 0 - Training loss: --------   Test Accuracy: 0.0976
[2026-05-25 16:48:14,513] Epoch 1 - Training loss: 2.302644   Test Accuracy: 0.1135
[2026-05-25 16:49:16,196] Epoch 2 - Training loss: 2.301951   Test Accuracy: 0.1207
[2026-05-25 16:50:18,043] Epoch 3 - Training loss: 2.296957   Test Accuracy: 0.1746
[2026-05-25 16:51:18,950] Epoch 4 - Training loss: 1.887666   Test Accuracy: 0.5914
[2026-05-25 16:52:19,806] Epoch 5 - Training loss: 0.938094   Test Accuracy: 0.7618
[2026-05-25 16:53:20,567] Epoch 6 - Training loss: 0.641271   Test Accuracy: 0.8236
[2026-05-25 16:54:22,156] Epoch 7 - Training loss: 0.512125   Test Accuracy: 0.8545
[2026-05-25 16:55:22,994] Epoch 8 - Training loss: 0.444722   Test Accuracy: 0.8718
[2026-05-25 16:56:23,350] Epoch 9 - Training loss: 0.397969   Test Accuracy: 0.8807
[2026-05-25 16:57:23,919] Epoch 10 - Training loss: 0.371583   Test Accuracy: 0.8895
[2026-05-25 16:58:24,097] Epoch 11 - Training loss: 0.347440   Test Accuracy: 0.8944
[2026-05-25 16:59:25,182] Epoch 12 - Training loss: 0.327744   Test Accuracy: 0.9022
[2026-05-25 17:00:25,198] Epoch 13 - Training loss: 0.314884   Test Accuracy: 0.9048
[2026-05-25 17:01:26,627] Epoch 14 - Training loss: 0.295707   Test Accuracy: 0.9102
[2026-05-25 17:02:28,498] Epoch 15 - Training loss: 0.286504   Test Accuracy: 0.9129
[2026-05-25 17:03:29,926] Epoch 16 - Training loss: 0.281212   Test Accuracy: 0.9109
[2026-05-25 17:04:31,209] Epoch 17 - Training loss: 0.278841   Test Accuracy: 0.9129
[2026-05-25 17:05:31,712] Epoch 18 - Training loss: 0.275181   Test Accuracy: 0.9152
[2026-05-25 17:06:31,376] Epoch 19 - Training loss: 0.273978   Test Accuracy: 0.9125
[2026-05-25 17:07:33,384] Epoch 20 - Training loss: 0.270774   Test Accuracy: 0.9140
[2026-05-25 17:08:33,606] Epoch 21 - Training loss: 0.259349   Test Accuracy: 0.9144
[2026-05-25 17:09:34,806] Epoch 22 - Training loss: 0.256321   Test Accuracy: 0.9174
[2026-05-25 17:10:32,647] Epoch 23 - Training loss: 0.256059   Test Accuracy: 0.9174
[2026-05-25 17:11:33,286] Epoch 24 - Training loss: 0.251564   Test Accuracy: 0.9193
[2026-05-25 17:12:35,313] Epoch 25 - Training loss: 0.253366   Test Accuracy: 0.9156
[2026-05-25 17:13:36,523] Epoch 26 - Training loss: 0.253674   Test Accuracy: 0.9211
[2026-05-25 17:14:36,670] Epoch 27 - Training loss: 0.246764   Test Accuracy: 0.9192
[2026-05-25 17:15:39,059] Epoch 28 - Training loss: 0.248577   Test Accuracy: 0.9187
[2026-05-25 17:16:41,972] Epoch 29 - Training loss: 0.241310   Test Accuracy: 0.9218
[2026-05-25 17:17:43,548] Epoch 30 - Training loss: 0.239640   Test Accuracy: 0.9225
aihwkit path:  /home/bong/analog_stress_test/aihwkit-fork/src/aihwkit/__init__.py
NeurIPS-2025/S2-mnist-FCN.py --CUDA 0 --SETTING TT-v2 --RPU OM
Using Device:  cuda:0
Logging to file: runs/MNIST-FCN/OM/TT-v2-tau=1/events.out.tfevents.1779695227.user.623966.0

Training Time (s) = 1834.1427035331726
