# CMD: CUDA_VISIBLE_DEVICES=2 PYTHONPATH=/home/bong/analog_stress_test/analog-training SEED=2 python NeurIPS-2025/S2-mnist-CNN.py --CUDA 0 --SETTING TT-v2 --RPU EcRamMO
[2026-05-22 17:19:59,060] Epoch 0 - Training loss: --------   Test Accuracy: 0.1484
[2026-05-22 17:21:36,874] Epoch 1 - Training loss: 1.559119   Test Accuracy: 0.6778
[2026-05-22 17:23:15,884] Epoch 2 - Training loss: 0.808451   Test Accuracy: 0.7904
[2026-05-22 17:25:02,246] Epoch 3 - Training loss: 0.614874   Test Accuracy: 0.8334
[2026-05-22 17:26:45,474] Epoch 4 - Training loss: 0.510638   Test Accuracy: 0.8523
[2026-05-22 17:28:22,948] Epoch 5 - Training loss: 0.443336   Test Accuracy: 0.8750
[2026-05-22 17:29:59,069] Epoch 6 - Training loss: 0.397278   Test Accuracy: 0.8829
[2026-05-22 17:31:32,635] Epoch 7 - Training loss: 0.360683   Test Accuracy: 0.9000
[2026-05-22 17:33:06,539] Epoch 8 - Training loss: 0.331253   Test Accuracy: 0.9068
[2026-05-22 17:34:41,535] Epoch 9 - Training loss: 0.307187   Test Accuracy: 0.9145
[2026-05-22 17:36:14,419] Epoch 10 - Training loss: 0.286522   Test Accuracy: 0.9195
[2026-05-22 17:37:48,432] Epoch 11 - Training loss: 0.267536   Test Accuracy: 0.9262
[2026-05-22 17:39:22,341] Epoch 12 - Training loss: 0.253111   Test Accuracy: 0.9305
[2026-05-22 17:40:58,472] Epoch 13 - Training loss: 0.240916   Test Accuracy: 0.9334
[2026-05-22 17:42:35,975] Epoch 14 - Training loss: 0.230551   Test Accuracy: 0.9357
[2026-05-22 17:44:10,753] Epoch 15 - Training loss: 0.219493   Test Accuracy: 0.9387
[2026-05-22 17:45:47,395] Epoch 16 - Training loss: 0.208782   Test Accuracy: 0.9360
[2026-05-22 17:47:23,183] Epoch 17 - Training loss: 0.200547   Test Accuracy: 0.9389
[2026-05-22 17:49:00,472] Epoch 18 - Training loss: 0.191687   Test Accuracy: 0.9434
[2026-05-22 17:50:36,643] Epoch 19 - Training loss: 0.182926   Test Accuracy: 0.9461
[2026-05-22 17:52:12,056] Epoch 20 - Training loss: 0.177578   Test Accuracy: 0.9506
[2026-05-22 17:53:35,133] Epoch 21 - Training loss: 0.175111   Test Accuracy: 0.9457
[2026-05-22 17:55:09,575] Epoch 22 - Training loss: 0.194050   Test Accuracy: 0.9374
[2026-05-22 17:56:45,021] Epoch 23 - Training loss: 0.234042   Test Accuracy: 0.9472
[2026-05-22 17:58:20,344] Epoch 24 - Training loss: 0.243419   Test Accuracy: 0.9370
[2026-05-22 17:59:56,125] Epoch 25 - Training loss: 0.230410   Test Accuracy: 0.9434
[2026-05-22 18:01:33,612] Epoch 26 - Training loss: 0.219530   Test Accuracy: 0.9386
[2026-05-22 18:03:09,727] Epoch 27 - Training loss: 0.220455   Test Accuracy: 0.9464
[2026-05-22 18:04:39,520] Epoch 28 - Training loss: 0.205252   Test Accuracy: 0.9473
[2026-05-22 18:06:11,942] Epoch 29 - Training loss: 0.206286   Test Accuracy: 0.9452
[2026-05-22 18:07:48,978] Epoch 30 - Training loss: 0.214104   Test Accuracy: 0.9379
aihwkit path:  /home/bong/analog_stress_test/aihwkit-fork/src/aihwkit/__init__.py
NeurIPS-2025/S2-mnist-CNN.py --CUDA 0 --SETTING TT-v2 --RPU EcRamMO
Using Device:  cuda:0
Logging to file: runs/MNIST-CNN/EcRamMO/TT-v2-tau=1/events.out.tfevents.1779437992.user.204691.0

Training Time (s) = 2874.555623292923
