# CMD: CUDA_VISIBLE_DEVICES=2 PYTHONPATH=/home/bong/analog_stress_test/analog-training SEED=2 python NeurIPS-2025/S2-mnist-CNN.py --CUDA 0 --SETTING TT-v2 --RPU EcRam
[2026-05-22 16:32:57,719] Epoch 0 - Training loss: --------   Test Accuracy: 0.1495
[2026-05-22 16:34:23,812] Epoch 1 - Training loss: 0.951348   Test Accuracy: 0.9152
[2026-05-22 16:35:53,980] Epoch 2 - Training loss: 0.221652   Test Accuracy: 0.9562
[2026-05-22 16:37:24,303] Epoch 3 - Training loss: 0.130354   Test Accuracy: 0.9680
[2026-05-22 16:38:55,603] Epoch 4 - Training loss: 0.091669   Test Accuracy: 0.9743
[2026-05-22 16:40:28,715] Epoch 5 - Training loss: 0.071748   Test Accuracy: 0.9780
[2026-05-22 16:41:59,713] Epoch 6 - Training loss: 0.058242   Test Accuracy: 0.9799
[2026-05-22 16:43:27,262] Epoch 7 - Training loss: 0.050192   Test Accuracy: 0.9813
[2026-05-22 16:45:02,256] Epoch 8 - Training loss: 0.045279   Test Accuracy: 0.9832
[2026-05-22 16:46:37,005] Epoch 9 - Training loss: 0.040723   Test Accuracy: 0.9825
[2026-05-22 16:48:07,603] Epoch 10 - Training loss: 0.037597   Test Accuracy: 0.9826
[2026-05-22 16:49:40,448] Epoch 11 - Training loss: 0.035437   Test Accuracy: 0.9829
[2026-05-22 16:51:15,076] Epoch 12 - Training loss: 0.033299   Test Accuracy: 0.9851
[2026-05-22 16:52:48,462] Epoch 13 - Training loss: 0.031833   Test Accuracy: 0.9838
[2026-05-22 16:54:23,531] Epoch 14 - Training loss: 0.030660   Test Accuracy: 0.9863
[2026-05-22 16:55:58,152] Epoch 15 - Training loss: 0.027924   Test Accuracy: 0.9855
[2026-05-22 16:57:33,227] Epoch 16 - Training loss: 0.026861   Test Accuracy: 0.9859
[2026-05-22 16:59:08,218] Epoch 17 - Training loss: 0.026118   Test Accuracy: 0.9861
[2026-05-22 17:00:45,556] Epoch 18 - Training loss: 0.025445   Test Accuracy: 0.9860
[2026-05-22 17:02:23,842] Epoch 19 - Training loss: 0.023681   Test Accuracy: 0.9854
[2026-05-22 17:03:59,796] Epoch 20 - Training loss: 0.023228   Test Accuracy: 0.9857
[2026-05-22 17:05:34,687] Epoch 21 - Training loss: 0.023122   Test Accuracy: 0.9865
[2026-05-22 17:07:10,177] Epoch 22 - Training loss: 0.023874   Test Accuracy: 0.9856
[2026-05-22 17:08:46,261] Epoch 23 - Training loss: 0.021907   Test Accuracy: 0.9864
[2026-05-22 17:10:12,678] Epoch 24 - Training loss: 0.022133   Test Accuracy: 0.9865
[2026-05-22 17:11:47,694] Epoch 25 - Training loss: 0.021381   Test Accuracy: 0.9856
[2026-05-22 17:13:23,425] Epoch 26 - Training loss: 0.020698   Test Accuracy: 0.9874
[2026-05-22 17:15:00,564] Epoch 27 - Training loss: 0.021068   Test Accuracy: 0.9878
[2026-05-22 17:16:37,705] Epoch 28 - Training loss: 0.020573   Test Accuracy: 0.9862
[2026-05-22 17:18:13,306] Epoch 29 - Training loss: 0.018710   Test Accuracy: 0.9846
[2026-05-22 17:19:48,247] Epoch 30 - Training loss: 0.017877   Test Accuracy: 0.9864
aihwkit path:  /home/bong/analog_stress_test/aihwkit-fork/src/aihwkit/__init__.py
NeurIPS-2025/S2-mnist-CNN.py --CUDA 0 --SETTING TT-v2 --RPU EcRam
Using Device:  cuda:0
Logging to file: runs/MNIST-CNN/EcRam/TT-v2-tau=1/events.out.tfevents.1779435171.user.198078.0

Training Time (s) = 2814.7332122325897
