# CMD: CUDA_VISIBLE_DEVICES=3 PYTHONPATH=/home/bong/analog_stress_test/analog-training SEED=1 INP_RES=0.016129032258064516 OUT_RES=0.003937007874015748 INP_NOISE=0.06 OUT_NOISE=0.06 python NeurIPS-2025/S2-mnist-FCN.py --CUDA 0 --SETTING Analog SGD --RPU Pow --tau 0.7 --res-gamma 0.5 --res-state 140
[2026-05-22 14:42:38,383] Epoch 0 - Training loss: --------   Test Accuracy: 0.1011
[2026-05-22 14:43:20,874] Epoch 1 - Training loss: 2.303652   Test Accuracy: 0.1010
[2026-05-22 14:44:06,354] Epoch 2 - Training loss: 1.330098   Test Accuracy: 0.9100
[2026-05-22 14:44:51,487] Epoch 3 - Training loss: 0.276335   Test Accuracy: 0.9322
[2026-05-22 14:45:39,974] Epoch 4 - Training loss: 0.221490   Test Accuracy: 0.9388
[2026-05-22 14:46:23,883] Epoch 5 - Training loss: 0.196121   Test Accuracy: 0.9392
[2026-05-22 14:47:08,463] Epoch 6 - Training loss: 0.184120   Test Accuracy: 0.9514
[2026-05-22 14:47:52,126] Epoch 7 - Training loss: 0.170688   Test Accuracy: 0.9523
[2026-05-22 14:48:38,484] Epoch 8 - Training loss: 0.169160   Test Accuracy: 0.9565
[2026-05-22 14:49:23,252] Epoch 9 - Training loss: 0.159203   Test Accuracy: 0.9529
[2026-05-22 14:50:09,747] Epoch 10 - Training loss: 0.153789   Test Accuracy: 0.9552
[2026-05-22 14:50:56,635] Epoch 11 - Training loss: 0.148735   Test Accuracy: 0.9524
[2026-05-22 14:51:50,361] Epoch 12 - Training loss: 0.145952   Test Accuracy: 0.9574
[2026-05-22 14:52:40,235] Epoch 13 - Training loss: 0.147203   Test Accuracy: 0.9448
[2026-05-22 14:53:30,940] Epoch 14 - Training loss: 0.142523   Test Accuracy: 0.9503
[2026-05-22 14:54:17,876] Epoch 15 - Training loss: 0.145950   Test Accuracy: 0.9550
[2026-05-22 14:55:02,699] Epoch 16 - Training loss: 0.110714   Test Accuracy: 0.9628
[2026-05-22 14:55:39,320] Epoch 17 - Training loss: 0.107801   Test Accuracy: 0.9654
[2026-05-22 14:56:16,209] Epoch 18 - Training loss: 0.108847   Test Accuracy: 0.9511
[2026-05-22 14:57:01,709] Epoch 19 - Training loss: 0.115841   Test Accuracy: 0.9484
[2026-05-22 14:57:48,723] Epoch 20 - Training loss: 0.113577   Test Accuracy: 0.9595
[2026-05-22 14:58:33,423] Epoch 21 - Training loss: 0.109710   Test Accuracy: 0.9620
[2026-05-22 14:59:21,053] Epoch 22 - Training loss: 0.110152   Test Accuracy: 0.9613
[2026-05-22 15:00:06,091] Epoch 23 - Training loss: 0.111437   Test Accuracy: 0.9237
[2026-05-22 15:00:53,145] Epoch 24 - Training loss: 0.112808   Test Accuracy: 0.9553
[2026-05-22 15:01:39,062] Epoch 25 - Training loss: 0.117809   Test Accuracy: 0.9488
[2026-05-22 15:02:24,821] Epoch 26 - Training loss: 0.114485   Test Accuracy: 0.9625
[2026-05-22 15:03:10,539] Epoch 27 - Training loss: 0.117069   Test Accuracy: 0.9556
[2026-05-22 15:03:52,733] Epoch 28 - Training loss: 0.115562   Test Accuracy: 0.9607
[2026-05-22 15:04:35,853] Epoch 29 - Training loss: 0.110039   Test Accuracy: 0.9550
[2026-05-22 15:05:21,297] Epoch 30 - Training loss: 0.107928   Test Accuracy: 0.9624
aihwkit path:  /home/bong/analog_stress_test/aihwkit-fork/src/aihwkit/__init__.py
NeurIPS-2025/S2-mnist-FCN.py --CUDA 0 --SETTING Analog SGD --RPU Pow --tau 0.7 --res-gamma 0.5 --res-state 140
Using Device:  cuda:0
Logging to file: runs/MNIST-FCN/Pow-gamma=0.5-state=140/Analog SGD-tau=0.7/events.out.tfevents.1779428552.user.190711.0

Training Time (s) = 1366.6068315505981
