# CMD: CUDA_VISIBLE_DEVICES=3 PYTHONPATH=/home/bong/analog_stress_test/analog-training SEED=1 INP_RES=0.07142857142857142 OUT_RES=0.007936507936507936 INP_NOISE=0.1 OUT_NOISE=0.1 python NeurIPS-2025/S2-mnist-FCN.py --CUDA 0 --SETTING Analog SGD --RPU Pow --tau 0.7 --res-gamma 0.5 --res-state 140
[2026-05-22 15:28:36,713] Epoch 0 - Training loss: --------   Test Accuracy: 0.1042
[2026-05-22 15:29:13,768] Epoch 1 - Training loss: 2.303857   Test Accuracy: 0.1028
[2026-05-22 15:29:50,287] Epoch 2 - Training loss: 2.020573   Test Accuracy: 0.8035
[2026-05-22 15:30:30,572] Epoch 3 - Training loss: 0.395026   Test Accuracy: 0.9166
[2026-05-22 15:31:14,951] Epoch 4 - Training loss: 0.282096   Test Accuracy: 0.9305
[2026-05-22 15:32:00,128] Epoch 5 - Training loss: 0.247251   Test Accuracy: 0.8947
[2026-05-22 15:32:50,596] Epoch 6 - Training loss: 0.230833   Test Accuracy: 0.9326
[2026-05-22 15:33:40,142] Epoch 7 - Training loss: 0.215989   Test Accuracy: 0.9445
[2026-05-22 15:34:21,437] Epoch 8 - Training loss: 0.204348   Test Accuracy: 0.9366
[2026-05-22 15:34:58,999] Epoch 9 - Training loss: 0.199013   Test Accuracy: 0.9457
[2026-05-22 15:35:49,523] Epoch 10 - Training loss: 0.192517   Test Accuracy: 0.9415
[2026-05-22 15:36:34,485] Epoch 11 - Training loss: 0.193251   Test Accuracy: 0.9459
[2026-05-22 15:37:19,371] Epoch 12 - Training loss: 0.187529   Test Accuracy: 0.9488
[2026-05-22 15:38:04,506] Epoch 13 - Training loss: 0.194543   Test Accuracy: 0.9403
[2026-05-22 15:38:49,120] Epoch 14 - Training loss: 0.184387   Test Accuracy: 0.9454
[2026-05-22 15:39:33,009] Epoch 15 - Training loss: 0.181696   Test Accuracy: 0.9469
[2026-05-22 15:40:18,174] Epoch 16 - Training loss: 0.149604   Test Accuracy: 0.9523
[2026-05-22 15:41:02,238] Epoch 17 - Training loss: 0.148793   Test Accuracy: 0.9540
[2026-05-22 15:41:47,441] Epoch 18 - Training loss: 0.148560   Test Accuracy: 0.9512
[2026-05-22 15:42:31,147] Epoch 19 - Training loss: 0.151029   Test Accuracy: 0.9522
[2026-05-22 15:43:17,805] Epoch 20 - Training loss: 0.153458   Test Accuracy: 0.9512
[2026-05-22 15:44:02,768] Epoch 21 - Training loss: 0.160257   Test Accuracy: 0.9462
[2026-05-22 15:44:50,511] Epoch 22 - Training loss: 0.157039   Test Accuracy: 0.9527
[2026-05-22 15:45:35,204] Epoch 23 - Training loss: 0.154755   Test Accuracy: 0.9391
[2026-05-22 15:46:20,019] Epoch 24 - Training loss: 0.154714   Test Accuracy: 0.9468
[2026-05-22 15:47:02,731] Epoch 25 - Training loss: 0.155091   Test Accuracy: 0.9494
[2026-05-22 15:47:49,802] Epoch 26 - Training loss: 0.155072   Test Accuracy: 0.9583
[2026-05-22 15:48:35,985] Epoch 27 - Training loss: 0.155855   Test Accuracy: 0.9462
[2026-05-22 15:49:24,432] Epoch 28 - Training loss: 0.159511   Test Accuracy: 0.9495
[2026-05-22 15:50:10,720] Epoch 29 - Training loss: 0.158948   Test Accuracy: 0.9521
[2026-05-22 15:51:00,666] Epoch 30 - Training loss: 0.157851   Test Accuracy: 0.9507
aihwkit path:  /home/bong/analog_stress_test/aihwkit-fork/src/aihwkit/__init__.py
NeurIPS-2025/S2-mnist-FCN.py --CUDA 0 --SETTING Analog SGD --RPU Pow --tau 0.7 --res-gamma 0.5 --res-state 140
Using Device:  cuda:0
Logging to file: runs/MNIST-FCN/Pow-gamma=0.5-state=140/Analog SGD-tau=0.7/events.out.tfevents.1779431311.user.192161.0

Training Time (s) = 1347.1234273910522
