# CMD: CUDA_VISIBLE_DEVICES=3 PYTHONPATH=/home/bong/analog_stress_test/analog-training SEED=1 INP_RES=0.003937007874015748 OUT_RES=0.00196078431372549 INP_NOISE=0.06 OUT_NOISE=0.06 python NeurIPS-2025/S2-mnist-FCN.py --CUDA 0 --SETTING Analog SGD --RPU Pow --tau 0.7 --res-gamma 0.5 --res-state 140
[2026-05-22 14:19:10,640] Epoch 0 - Training loss: --------   Test Accuracy: 0.1018
[2026-05-22 14:20:02,849] Epoch 1 - Training loss: 2.303688   Test Accuracy: 0.1174
[2026-05-22 14:20:47,864] Epoch 2 - Training loss: 1.421535   Test Accuracy: 0.8962
[2026-05-22 14:21:34,591] Epoch 3 - Training loss: 0.281699   Test Accuracy: 0.9369
[2026-05-22 14:22:18,715] Epoch 4 - Training loss: 0.219623   Test Accuracy: 0.9357
[2026-05-22 14:23:03,322] Epoch 5 - Training loss: 0.192852   Test Accuracy: 0.9280
[2026-05-22 14:23:52,382] Epoch 6 - Training loss: 0.176907   Test Accuracy: 0.9479
[2026-05-22 14:24:38,156] Epoch 7 - Training loss: 0.167717   Test Accuracy: 0.9523
[2026-05-22 14:25:27,295] Epoch 8 - Training loss: 0.163500   Test Accuracy: 0.9530
[2026-05-22 14:26:12,099] Epoch 9 - Training loss: 0.160858   Test Accuracy: 0.9534
[2026-05-22 14:26:59,682] Epoch 10 - Training loss: 0.157169   Test Accuracy: 0.9521
[2026-05-22 14:27:45,573] Epoch 11 - Training loss: 0.148959   Test Accuracy: 0.9510
[2026-05-22 14:28:34,967] Epoch 12 - Training loss: 0.149738   Test Accuracy: 0.9567
[2026-05-22 14:29:21,965] Epoch 13 - Training loss: 0.149990   Test Accuracy: 0.9526
[2026-05-22 14:30:05,639] Epoch 14 - Training loss: 0.141199   Test Accuracy: 0.9417
[2026-05-22 14:30:50,565] Epoch 15 - Training loss: 0.144730   Test Accuracy: 0.9582
[2026-05-22 14:31:37,624] Epoch 16 - Training loss: 0.106960   Test Accuracy: 0.9636
[2026-05-22 14:32:25,316] Epoch 17 - Training loss: 0.104550   Test Accuracy: 0.9613
[2026-05-22 14:33:13,126] Epoch 18 - Training loss: 0.107694   Test Accuracy: 0.9622
[2026-05-22 14:33:57,531] Epoch 19 - Training loss: 0.106609   Test Accuracy: 0.9565
[2026-05-22 14:34:41,654] Epoch 20 - Training loss: 0.108956   Test Accuracy: 0.9657
[2026-05-22 14:35:32,902] Epoch 21 - Training loss: 0.109456   Test Accuracy: 0.9517
[2026-05-22 14:36:18,955] Epoch 22 - Training loss: 0.108478   Test Accuracy: 0.9571
[2026-05-22 14:37:04,227] Epoch 23 - Training loss: 0.113722   Test Accuracy: 0.9399
[2026-05-22 14:37:51,260] Epoch 24 - Training loss: 0.113229   Test Accuracy: 0.9579
[2026-05-22 14:38:38,836] Epoch 25 - Training loss: 0.108815   Test Accuracy: 0.9656
[2026-05-22 14:39:26,373] Epoch 26 - Training loss: 0.108455   Test Accuracy: 0.9662
[2026-05-22 14:40:12,774] Epoch 27 - Training loss: 0.108178   Test Accuracy: 0.9622
[2026-05-22 14:40:57,755] Epoch 28 - Training loss: 0.111702   Test Accuracy: 0.9600
[2026-05-22 14:41:43,063] Epoch 29 - Training loss: 0.111190   Test Accuracy: 0.9642
[2026-05-22 14:42:27,215] Epoch 30 - Training loss: 0.111667   Test Accuracy: 0.9624
aihwkit path:  /home/bong/analog_stress_test/aihwkit-fork/src/aihwkit/__init__.py
NeurIPS-2025/S2-mnist-FCN.py --CUDA 0 --SETTING Analog SGD --RPU Pow --tau 0.7 --res-gamma 0.5 --res-state 140
Using Device:  cuda:0
Logging to file: runs/MNIST-FCN/Pow-gamma=0.5-state=140/Analog SGD-tau=0.7/events.out.tfevents.1779427145.user.189301.0

Training Time (s) = 1399.7088837623596
