# CMD: CUDA_VISIBLE_DEVICES=3 PYTHONPATH=/home/bong/analog_stress_test/analog-training SEED=2 INP_RES=0.003937007874015748 OUT_RES=0.00196078431372549 INP_NOISE=0.06 OUT_NOISE=0.06 python NeurIPS-2025/S2-mnist-FCN.py --CUDA 0 --SETTING Analog SGD --RPU Pow --tau 0.7 --res-gamma 0.5 --res-state 140
[2026-05-22 14:19:11,136] Epoch 0 - Training loss: --------   Test Accuracy: 0.1006
[2026-05-22 14:19:58,658] Epoch 1 - Training loss: 2.303640   Test Accuracy: 0.1130
[2026-05-22 14:20:44,433] Epoch 2 - Training loss: 1.331639   Test Accuracy: 0.9153
[2026-05-22 14:21:32,461] Epoch 3 - Training loss: 0.273505   Test Accuracy: 0.9417
[2026-05-22 14:22:20,850] Epoch 4 - Training loss: 0.219855   Test Accuracy: 0.9395
[2026-05-22 14:23:07,199] Epoch 5 - Training loss: 0.190441   Test Accuracy: 0.9282
[2026-05-22 14:23:52,490] Epoch 6 - Training loss: 0.173895   Test Accuracy: 0.9393
[2026-05-22 14:24:36,557] Epoch 7 - Training loss: 0.166132   Test Accuracy: 0.9559
[2026-05-22 14:25:26,056] Epoch 8 - Training loss: 0.162369   Test Accuracy: 0.9529
[2026-05-22 14:26:14,063] Epoch 9 - Training loss: 0.154846   Test Accuracy: 0.9464
[2026-05-22 14:27:00,629] Epoch 10 - Training loss: 0.153393   Test Accuracy: 0.9507
[2026-05-22 14:27:46,691] Epoch 11 - Training loss: 0.150509   Test Accuracy: 0.9610
[2026-05-22 14:28:33,191] Epoch 12 - Training loss: 0.143835   Test Accuracy: 0.9504
[2026-05-22 14:29:19,938] Epoch 13 - Training loss: 0.141652   Test Accuracy: 0.9558
[2026-05-22 14:30:14,078] Epoch 14 - Training loss: 0.140499   Test Accuracy: 0.9542
[2026-05-22 14:30:58,958] Epoch 15 - Training loss: 0.138416   Test Accuracy: 0.9586
[2026-05-22 14:31:44,023] Epoch 16 - Training loss: 0.103811   Test Accuracy: 0.9639
[2026-05-22 14:32:30,940] Epoch 17 - Training loss: 0.100985   Test Accuracy: 0.9667
[2026-05-22 14:33:17,494] Epoch 18 - Training loss: 0.103432   Test Accuracy: 0.9620
[2026-05-22 14:34:03,372] Epoch 19 - Training loss: 0.107682   Test Accuracy: 0.9596
[2026-05-22 14:34:48,926] Epoch 20 - Training loss: 0.106056   Test Accuracy: 0.9594
[2026-05-22 14:35:32,858] Epoch 21 - Training loss: 0.107549   Test Accuracy: 0.9608
[2026-05-22 14:36:17,790] Epoch 22 - Training loss: 0.106263   Test Accuracy: 0.9611
[2026-05-22 14:37:02,742] Epoch 23 - Training loss: 0.110463   Test Accuracy: 0.9568
[2026-05-22 14:37:47,795] Epoch 24 - Training loss: 0.106267   Test Accuracy: 0.9677
[2026-05-22 14:38:32,555] Epoch 25 - Training loss: 0.110849   Test Accuracy: 0.9591
[2026-05-22 14:39:20,576] Epoch 26 - Training loss: 0.104806   Test Accuracy: 0.9641
[2026-05-22 14:40:08,735] Epoch 27 - Training loss: 0.106418   Test Accuracy: 0.9572
[2026-05-22 14:40:53,720] Epoch 28 - Training loss: 0.109670   Test Accuracy: 0.9637
[2026-05-22 14:41:39,093] Epoch 29 - Training loss: 0.109303   Test Accuracy: 0.9659
[2026-05-22 14:42:24,485] Epoch 30 - Training loss: 0.108929   Test Accuracy: 0.9515
aihwkit path:  /home/bong/analog_stress_test/aihwkit-fork/src/aihwkit/__init__.py
NeurIPS-2025/S2-mnist-FCN.py --CUDA 0 --SETTING Analog SGD --RPU Pow --tau 0.7 --res-gamma 0.5 --res-state 140
Using Device:  cuda:0
Logging to file: runs/MNIST-FCN/Pow-gamma=0.5-state=140/Analog SGD-tau=0.7/events.out.tfevents.1779427145.user.189302.0

Training Time (s) = 1396.9131133556366
