# CMD: CUDA_VISIBLE_DEVICES=3 PYTHONPATH=/home/bong/analog_stress_test/analog-training SEED=2 INP_RES=0.016129032258064516 OUT_RES=0.003937007874015748 INP_NOISE=0.06 OUT_NOISE=0.06 python NeurIPS-2025/S2-mnist-FCN.py --CUDA 0 --SETTING Analog SGD --RPU Pow --tau 0.7 --res-gamma 0.5 --res-state 140
[2026-05-22 15:05:31,464] Epoch 0 - Training loss: --------   Test Accuracy: 0.1005
[2026-05-22 15:06:13,672] Epoch 1 - Training loss: 2.303492   Test Accuracy: 0.1135
[2026-05-22 15:06:57,349] Epoch 2 - Training loss: 1.129950   Test Accuracy: 0.9119
[2026-05-22 15:07:42,190] Epoch 3 - Training loss: 0.263591   Test Accuracy: 0.9369
[2026-05-22 15:08:26,537] Epoch 4 - Training loss: 0.211471   Test Accuracy: 0.9487
[2026-05-22 15:09:13,231] Epoch 5 - Training loss: 0.189087   Test Accuracy: 0.9444
[2026-05-22 15:09:58,570] Epoch 6 - Training loss: 0.179679   Test Accuracy: 0.9441
[2026-05-22 15:10:44,283] Epoch 7 - Training loss: 0.168374   Test Accuracy: 0.9561
[2026-05-22 15:11:28,551] Epoch 8 - Training loss: 0.165553   Test Accuracy: 0.9543
[2026-05-22 15:12:13,327] Epoch 9 - Training loss: 0.157456   Test Accuracy: 0.9504
[2026-05-22 15:13:00,284] Epoch 10 - Training loss: 0.152763   Test Accuracy: 0.9535
[2026-05-22 15:13:45,187] Epoch 11 - Training loss: 0.149177   Test Accuracy: 0.9560
[2026-05-22 15:14:30,222] Epoch 12 - Training loss: 0.141487   Test Accuracy: 0.9541
[2026-05-22 15:15:17,367] Epoch 13 - Training loss: 0.140187   Test Accuracy: 0.9595
[2026-05-22 15:16:04,164] Epoch 14 - Training loss: 0.140238   Test Accuracy: 0.9401
[2026-05-22 15:16:49,862] Epoch 15 - Training loss: 0.138486   Test Accuracy: 0.9541
[2026-05-22 15:17:42,056] Epoch 16 - Training loss: 0.103723   Test Accuracy: 0.9658
[2026-05-22 15:18:27,383] Epoch 17 - Training loss: 0.104425   Test Accuracy: 0.9589
[2026-05-22 15:19:13,685] Epoch 18 - Training loss: 0.106518   Test Accuracy: 0.9607
[2026-05-22 15:19:59,132] Epoch 19 - Training loss: 0.108149   Test Accuracy: 0.9583
[2026-05-22 15:20:44,041] Epoch 20 - Training loss: 0.107188   Test Accuracy: 0.9557
[2026-05-22 15:21:31,673] Epoch 21 - Training loss: 0.107670   Test Accuracy: 0.9634
[2026-05-22 15:22:16,632] Epoch 22 - Training loss: 0.114094   Test Accuracy: 0.9630
[2026-05-22 15:23:01,502] Epoch 23 - Training loss: 0.109955   Test Accuracy: 0.9616
[2026-05-22 15:23:46,069] Epoch 24 - Training loss: 0.109622   Test Accuracy: 0.9648
[2026-05-22 15:24:31,167] Epoch 25 - Training loss: 0.108689   Test Accuracy: 0.9522
[2026-05-22 15:25:20,155] Epoch 26 - Training loss: 0.107239   Test Accuracy: 0.9613
[2026-05-22 15:26:06,695] Epoch 27 - Training loss: 0.113148   Test Accuracy: 0.9598
[2026-05-22 15:26:51,381] Epoch 28 - Training loss: 0.107367   Test Accuracy: 0.9614
[2026-05-22 15:27:42,226] Epoch 29 - Training loss: 0.109727   Test Accuracy: 0.9633
[2026-05-22 15:28:26,905] Epoch 30 - Training loss: 0.109416   Test Accuracy: 0.9607
aihwkit path:  /home/bong/analog_stress_test/aihwkit-fork/src/aihwkit/__init__.py
NeurIPS-2025/S2-mnist-FCN.py --CUDA 0 --SETTING Analog SGD --RPU Pow --tau 0.7 --res-gamma 0.5 --res-state 140
Using Device:  cuda:0
Logging to file: runs/MNIST-FCN/Pow-gamma=0.5-state=140/Analog SGD-tau=0.7/events.out.tfevents.1779429926.user.191449.0

Training Time (s) = 1378.6486008167267
