# CMD: CUDA_VISIBLE_DEVICES=3 PYTHONPATH=/home/bong/analog_stress_test/analog-training SEED=3 INP_RES=0.016129032258064516 OUT_RES=0.003937007874015748 INP_NOISE=0.06 OUT_NOISE=0.06 python NeurIPS-2025/S2-mnist-FCN.py --CUDA 0 --SETTING Analog SGD --RPU Pow --tau 0.7 --res-gamma 0.5 --res-state 140
[2026-05-22 15:05:45,467] Epoch 0 - Training loss: --------   Test Accuracy: 0.0997
[2026-05-22 15:06:31,966] Epoch 1 - Training loss: 2.303377   Test Accuracy: 0.1135
[2026-05-22 15:07:17,706] Epoch 2 - Training loss: 1.730263   Test Accuracy: 0.8699
[2026-05-22 15:08:08,109] Epoch 3 - Training loss: 0.299042   Test Accuracy: 0.9290
[2026-05-22 15:08:53,285] Epoch 4 - Training loss: 0.225240   Test Accuracy: 0.9397
[2026-05-22 15:09:43,055] Epoch 5 - Training loss: 0.200889   Test Accuracy: 0.9369
[2026-05-22 15:10:27,881] Epoch 6 - Training loss: 0.182375   Test Accuracy: 0.9430
[2026-05-22 15:11:17,104] Epoch 7 - Training loss: 0.173222   Test Accuracy: 0.9425
[2026-05-22 15:12:03,225] Epoch 8 - Training loss: 0.167050   Test Accuracy: 0.9136
[2026-05-22 15:12:54,695] Epoch 9 - Training loss: 0.160597   Test Accuracy: 0.9415
[2026-05-22 15:13:46,700] Epoch 10 - Training loss: 0.158542   Test Accuracy: 0.9445
[2026-05-22 15:14:24,667] Epoch 11 - Training loss: 0.150536   Test Accuracy: 0.9336
[2026-05-22 15:15:11,024] Epoch 12 - Training loss: 0.148908   Test Accuracy: 0.9577
[2026-05-22 15:15:57,132] Epoch 13 - Training loss: 0.142135   Test Accuracy: 0.9506
[2026-05-22 15:16:42,158] Epoch 14 - Training loss: 0.144233   Test Accuracy: 0.9405
[2026-05-22 15:17:26,094] Epoch 15 - Training loss: 0.135862   Test Accuracy: 0.9559
[2026-05-22 15:18:10,653] Epoch 16 - Training loss: 0.104321   Test Accuracy: 0.9674
[2026-05-22 15:18:55,636] Epoch 17 - Training loss: 0.105642   Test Accuracy: 0.9663
[2026-05-22 15:19:41,401] Epoch 18 - Training loss: 0.103945   Test Accuracy: 0.9645
[2026-05-22 15:20:27,697] Epoch 19 - Training loss: 0.105779   Test Accuracy: 0.9533
[2026-05-22 15:21:13,247] Epoch 20 - Training loss: 0.106514   Test Accuracy: 0.9597
[2026-05-22 15:21:58,141] Epoch 21 - Training loss: 0.110125   Test Accuracy: 0.9673
[2026-05-22 15:22:43,328] Epoch 22 - Training loss: 0.111079   Test Accuracy: 0.9609
[2026-05-22 15:23:29,914] Epoch 23 - Training loss: 0.109118   Test Accuracy: 0.9576
[2026-05-22 15:24:16,249] Epoch 24 - Training loss: 0.111689   Test Accuracy: 0.9616
[2026-05-22 15:25:03,809] Epoch 25 - Training loss: 0.114425   Test Accuracy: 0.9569
[2026-05-22 15:25:48,323] Epoch 26 - Training loss: 0.113478   Test Accuracy: 0.9612
[2026-05-22 15:26:33,150] Epoch 27 - Training loss: 0.114378   Test Accuracy: 0.9610
[2026-05-22 15:27:17,789] Epoch 28 - Training loss: 0.115097   Test Accuracy: 0.9592
[2026-05-22 15:28:04,604] Epoch 29 - Training loss: 0.111487   Test Accuracy: 0.9584
[2026-05-22 15:28:48,091] Epoch 30 - Training loss: 0.113502   Test Accuracy: 0.9532
aihwkit path:  /home/bong/analog_stress_test/aihwkit-fork/src/aihwkit/__init__.py
NeurIPS-2025/S2-mnist-FCN.py --CUDA 0 --SETTING Analog SGD --RPU Pow --tau 0.7 --res-gamma 0.5 --res-state 140
Using Device:  cuda:0
Logging to file: runs/MNIST-FCN/Pow-gamma=0.5-state=140/Analog SGD-tau=0.7/events.out.tfevents.1779429940.user.191675.0

Training Time (s) = 1385.8981370925903
