# CMD: CUDA_VISIBLE_DEVICES=3 PYTHONPATH=/home/bong/analog_stress_test/analog-training SEED=2 INP_RES=0.07142857142857142 OUT_RES=0.007936507936507936 INP_NOISE=0.1 OUT_NOISE=0.1 python NeurIPS-2025/S2-mnist-FCN.py --CUDA 0 --SETTING Analog SGD --RPU Pow --tau 0.7 --res-gamma 0.5 --res-state 140
[2026-05-22 15:28:58,905] Epoch 0 - Training loss: --------   Test Accuracy: 0.1007
[2026-05-22 15:29:45,939] Epoch 1 - Training loss: 2.303986   Test Accuracy: 0.1135
[2026-05-22 15:30:31,262] Epoch 2 - Training loss: 2.303139   Test Accuracy: 0.1148
[2026-05-22 15:31:18,752] Epoch 3 - Training loss: 1.900419   Test Accuracy: 0.8439
[2026-05-22 15:32:04,089] Epoch 4 - Training loss: 0.373022   Test Accuracy: 0.9107
[2026-05-22 15:32:48,470] Epoch 5 - Training loss: 0.273559   Test Accuracy: 0.9283
[2026-05-22 15:33:38,227] Epoch 6 - Training loss: 0.237624   Test Accuracy: 0.9284
[2026-05-22 15:34:25,281] Epoch 7 - Training loss: 0.221333   Test Accuracy: 0.9379
[2026-05-22 15:35:09,492] Epoch 8 - Training loss: 0.211828   Test Accuracy: 0.9411
[2026-05-22 15:35:54,046] Epoch 9 - Training loss: 0.200529   Test Accuracy: 0.9400
[2026-05-22 15:36:39,246] Epoch 10 - Training loss: 0.198898   Test Accuracy: 0.9353
[2026-05-22 15:37:25,971] Epoch 11 - Training loss: 0.195096   Test Accuracy: 0.9450
[2026-05-22 15:38:12,284] Epoch 12 - Training loss: 0.189826   Test Accuracy: 0.9456
[2026-05-22 15:38:58,577] Epoch 13 - Training loss: 0.186989   Test Accuracy: 0.9445
[2026-05-22 15:39:42,946] Epoch 14 - Training loss: 0.186795   Test Accuracy: 0.9442
[2026-05-22 15:40:26,726] Epoch 15 - Training loss: 0.182658   Test Accuracy: 0.9298
[2026-05-22 15:41:10,887] Epoch 16 - Training loss: 0.151001   Test Accuracy: 0.9550
[2026-05-22 15:41:55,572] Epoch 17 - Training loss: 0.152795   Test Accuracy: 0.9525
[2026-05-22 15:42:38,726] Epoch 18 - Training loss: 0.155395   Test Accuracy: 0.9529
[2026-05-22 15:43:23,924] Epoch 19 - Training loss: 0.151659   Test Accuracy: 0.9519
[2026-05-22 15:44:08,888] Epoch 20 - Training loss: 0.154704   Test Accuracy: 0.9541
[2026-05-22 15:44:51,997] Epoch 21 - Training loss: 0.154914   Test Accuracy: 0.9443
[2026-05-22 15:45:39,788] Epoch 22 - Training loss: 0.155356   Test Accuracy: 0.9523
[2026-05-22 15:46:25,852] Epoch 23 - Training loss: 0.157072   Test Accuracy: 0.9483
[2026-05-22 15:47:16,361] Epoch 24 - Training loss: 0.151768   Test Accuracy: 0.9488
[2026-05-22 15:48:01,541] Epoch 25 - Training loss: 0.151810   Test Accuracy: 0.9486
[2026-05-22 15:48:42,921] Epoch 26 - Training loss: 0.153916   Test Accuracy: 0.9553
[2026-05-22 15:49:32,450] Epoch 27 - Training loss: 0.156031   Test Accuracy: 0.9461
[2026-05-22 15:50:17,768] Epoch 28 - Training loss: 0.154634   Test Accuracy: 0.9475
[2026-05-22 15:50:56,789] Epoch 29 - Training loss: 0.154372   Test Accuracy: 0.9493
[2026-05-22 15:51:44,870] Epoch 30 - Training loss: 0.153642   Test Accuracy: 0.9414
aihwkit path:  /home/bong/analog_stress_test/aihwkit-fork/src/aihwkit/__init__.py
NeurIPS-2025/S2-mnist-FCN.py --CUDA 0 --SETTING Analog SGD --RPU Pow --tau 0.7 --res-gamma 0.5 --res-state 140
Using Device:  cuda:0
Logging to file: runs/MNIST-FCN/Pow-gamma=0.5-state=140/Analog SGD-tau=0.7/events.out.tfevents.1779431333.user.192388.0

Training Time (s) = 1369.2400789260864
