# CMD: CUDA_VISIBLE_DEVICES=2 PYTHONPATH=/home/bong/analog_stress_test/analog-training SEED=3 python NeurIPS-2025/S2-mnist-CNN.py --CUDA 0 --SETTING TT-v1 --RPU Pow --tau 0.7 --res-gamma 0.5 --res-state 28
[2026-05-24 07:37:06,600] Epoch 0 - Training loss: --------   Test Accuracy: 0.1287
[2026-05-24 07:38:16,944] Epoch 1 - Training loss: 0.736899   Test Accuracy: 0.9074
[2026-05-24 07:39:27,490] Epoch 2 - Training loss: 0.265943   Test Accuracy: 0.9363
[2026-05-24 07:40:36,594] Epoch 3 - Training loss: 0.199447   Test Accuracy: 0.9467
[2026-05-24 07:41:50,795] Epoch 4 - Training loss: 0.165801   Test Accuracy: 0.9563
[2026-05-24 07:42:59,277] Epoch 5 - Training loss: 0.149102   Test Accuracy: 0.9597
[2026-05-24 07:44:11,135] Epoch 6 - Training loss: 0.131302   Test Accuracy: 0.9633
[2026-05-24 07:45:11,520] Epoch 7 - Training loss: 0.124568   Test Accuracy: 0.9640
[2026-05-24 07:46:24,256] Epoch 8 - Training loss: 0.115113   Test Accuracy: 0.9635
[2026-05-24 07:47:32,171] Epoch 9 - Training loss: 0.110827   Test Accuracy: 0.9684
[2026-05-24 07:48:45,133] Epoch 10 - Training loss: 0.108334   Test Accuracy: 0.9665
[2026-05-24 07:49:56,087] Epoch 11 - Training loss: 0.105294   Test Accuracy: 0.9689
[2026-05-24 07:51:05,541] Epoch 12 - Training loss: 0.105094   Test Accuracy: 0.9703
[2026-05-24 07:52:19,358] Epoch 13 - Training loss: 0.099378   Test Accuracy: 0.9707
[2026-05-24 07:53:35,452] Epoch 14 - Training loss: 0.097626   Test Accuracy: 0.9714
[2026-05-24 07:54:51,185] Epoch 15 - Training loss: 0.095483   Test Accuracy: 0.9715
[2026-05-24 07:56:03,317] Epoch 16 - Training loss: 0.096926   Test Accuracy: 0.9688
[2026-05-24 07:57:16,847] Epoch 17 - Training loss: 0.100217   Test Accuracy: 0.9687
[2026-05-24 07:58:29,205] Epoch 18 - Training loss: 0.100024   Test Accuracy: 0.9694
[2026-05-24 07:59:42,885] Epoch 19 - Training loss: 0.096243   Test Accuracy: 0.9700
[2026-05-24 08:00:56,741] Epoch 20 - Training loss: 0.105466   Test Accuracy: 0.9696
[2026-05-24 08:02:12,213] Epoch 21 - Training loss: 0.109651   Test Accuracy: 0.9666
[2026-05-24 08:03:26,879] Epoch 22 - Training loss: 0.087665   Test Accuracy: 0.9747
[2026-05-24 08:04:47,846] Epoch 23 - Training loss: 0.083423   Test Accuracy: 0.9726
[2026-05-24 08:06:05,062] Epoch 24 - Training loss: 0.088909   Test Accuracy: 0.9747
[2026-05-24 08:07:22,152] Epoch 25 - Training loss: 0.089171   Test Accuracy: 0.9716
[2026-05-24 08:08:40,926] Epoch 26 - Training loss: 0.092497   Test Accuracy: 0.9722
[2026-05-24 08:10:01,031] Epoch 27 - Training loss: 0.102950   Test Accuracy: 0.9711
[2026-05-24 08:11:17,683] Epoch 28 - Training loss: 0.080160   Test Accuracy: 0.9752
[2026-05-24 08:12:32,161] Epoch 29 - Training loss: 0.089736   Test Accuracy: 0.9744
[2026-05-24 08:13:44,980] Epoch 30 - Training loss: 0.082724   Test Accuracy: 0.9677
aihwkit path:  /home/bong/analog_stress_test/aihwkit-fork/src/aihwkit/__init__.py
NeurIPS-2025/S2-mnist-CNN.py --CUDA 0 --SETTING TT-v1 --RPU Pow --tau 0.7 --res-gamma 0.5 --res-state 28
Using Device:  cuda:0
Logging to file: runs/MNIST-CNN/Pow-gamma=0.5-state=28/TT-v1-tau=0.7/events.out.tfevents.1779575820.user.425187.0

Training Time (s) = 2202.104377269745
