# CMD: CUDA_VISIBLE_DEVICES=2 PYTHONPATH=/home/bong/analog_stress_test/analog-training SEED=2 python NeurIPS-2025/S2-mnist-CNN.py --CUDA 0 --SETTING TT-v1 --RPU Pow --tau 0.7 --res-gamma 0.5 --res-state 140
[2026-05-24 06:22:27,814] Epoch 0 - Training loss: --------   Test Accuracy: 0.1269
[2026-05-24 06:23:43,542] Epoch 1 - Training loss: 0.656975   Test Accuracy: 0.9384
[2026-05-24 06:24:51,674] Epoch 2 - Training loss: 0.164288   Test Accuracy: 0.9639
[2026-05-24 06:26:03,825] Epoch 3 - Training loss: 0.113236   Test Accuracy: 0.9708
[2026-05-24 06:27:16,982] Epoch 4 - Training loss: 0.087013   Test Accuracy: 0.9756
[2026-05-24 06:28:23,675] Epoch 5 - Training loss: 0.070060   Test Accuracy: 0.9750
[2026-05-24 06:29:34,604] Epoch 6 - Training loss: 0.061023   Test Accuracy: 0.9802
[2026-05-24 06:30:43,986] Epoch 7 - Training loss: 0.052569   Test Accuracy: 0.9791
[2026-05-24 06:31:56,252] Epoch 8 - Training loss: 0.050131   Test Accuracy: 0.9820
[2026-05-24 06:33:08,996] Epoch 9 - Training loss: 0.047355   Test Accuracy: 0.9837
[2026-05-24 06:34:23,492] Epoch 10 - Training loss: 0.044106   Test Accuracy: 0.9825
[2026-05-24 06:35:35,872] Epoch 11 - Training loss: 0.042435   Test Accuracy: 0.9837
[2026-05-24 06:36:54,193] Epoch 12 - Training loss: 0.037737   Test Accuracy: 0.9834
[2026-05-24 06:38:06,916] Epoch 13 - Training loss: 0.034875   Test Accuracy: 0.9834
[2026-05-24 06:39:19,295] Epoch 14 - Training loss: 0.034698   Test Accuracy: 0.9831
[2026-05-24 06:40:31,649] Epoch 15 - Training loss: 0.033734   Test Accuracy: 0.9845
[2026-05-24 06:41:43,825] Epoch 16 - Training loss: 0.031244   Test Accuracy: 0.9851
[2026-05-24 06:42:58,818] Epoch 17 - Training loss: 0.031224   Test Accuracy: 0.9858
[2026-05-24 06:44:16,366] Epoch 18 - Training loss: 0.030549   Test Accuracy: 0.9865
[2026-05-24 06:45:30,149] Epoch 19 - Training loss: 0.027251   Test Accuracy: 0.9856
[2026-05-24 06:46:46,763] Epoch 20 - Training loss: 0.027880   Test Accuracy: 0.9855
[2026-05-24 06:48:04,595] Epoch 21 - Training loss: 0.025582   Test Accuracy: 0.9839
[2026-05-24 06:49:19,976] Epoch 22 - Training loss: 0.024623   Test Accuracy: 0.9848
[2026-05-24 06:50:35,348] Epoch 23 - Training loss: 0.025974   Test Accuracy: 0.9863
[2026-05-24 06:51:54,211] Epoch 24 - Training loss: 0.024845   Test Accuracy: 0.9863
[2026-05-24 06:53:14,892] Epoch 25 - Training loss: 0.025074   Test Accuracy: 0.9871
[2026-05-24 06:54:35,112] Epoch 26 - Training loss: 0.022466   Test Accuracy: 0.9861
[2026-05-24 06:55:52,795] Epoch 27 - Training loss: 0.022937   Test Accuracy: 0.9860
[2026-05-24 06:57:10,475] Epoch 28 - Training loss: 0.022794   Test Accuracy: 0.9873
[2026-05-24 06:58:23,116] Epoch 29 - Training loss: 0.021437   Test Accuracy: 0.9884
[2026-05-24 06:59:41,399] Epoch 30 - Training loss: 0.021446   Test Accuracy: 0.9874
aihwkit path:  /home/bong/analog_stress_test/aihwkit-fork/src/aihwkit/__init__.py
NeurIPS-2025/S2-mnist-CNN.py --CUDA 0 --SETTING TT-v1 --RPU Pow --tau 0.7 --res-gamma 0.5 --res-state 140
Using Device:  cuda:0
Logging to file: runs/MNIST-CNN/Pow-gamma=0.5-state=140/TT-v1-tau=0.7/events.out.tfevents.1779571342.user.418844.0

Training Time (s) = 2237.4974915981293
