# CMD: CUDA_VISIBLE_DEVICES=2 PYTHONPATH=/home/bong/analog_stress_test/analog-training SEED=1 python NeurIPS-2025/S2-mnist-CNN.py --CUDA 0 --SETTING TT-v1 --RPU Pow --tau 0.7 --res-gamma 0.5 --res-state 1400
[2026-05-24 04:01:02,306] Epoch 0 - Training loss: --------   Test Accuracy: 0.1236
[2026-05-24 04:02:31,287] Epoch 1 - Training loss: 0.683521   Test Accuracy: 0.9412
[2026-05-24 04:03:40,028] Epoch 2 - Training loss: 0.144151   Test Accuracy: 0.9635
[2026-05-24 04:04:59,073] Epoch 3 - Training loss: 0.096092   Test Accuracy: 0.9755
[2026-05-24 04:06:13,205] Epoch 4 - Training loss: 0.074590   Test Accuracy: 0.9783
[2026-05-24 04:07:26,692] Epoch 5 - Training loss: 0.058097   Test Accuracy: 0.9799
[2026-05-24 04:08:44,572] Epoch 6 - Training loss: 0.048506   Test Accuracy: 0.9834
[2026-05-24 04:09:56,575] Epoch 7 - Training loss: 0.039668   Test Accuracy: 0.9839
[2026-05-24 04:11:08,456] Epoch 8 - Training loss: 0.036277   Test Accuracy: 0.9845
[2026-05-24 04:12:21,500] Epoch 9 - Training loss: 0.033041   Test Accuracy: 0.9823
[2026-05-24 04:13:39,492] Epoch 10 - Training loss: 0.028259   Test Accuracy: 0.9855
[2026-05-24 04:14:54,271] Epoch 11 - Training loss: 0.023931   Test Accuracy: 0.9842
[2026-05-24 04:16:04,049] Epoch 12 - Training loss: 0.022411   Test Accuracy: 0.9860
[2026-05-24 04:17:19,377] Epoch 13 - Training loss: 0.020149   Test Accuracy: 0.9858
[2026-05-24 04:18:35,918] Epoch 14 - Training loss: 0.017850   Test Accuracy: 0.9862
[2026-05-24 04:19:50,890] Epoch 15 - Training loss: 0.015021   Test Accuracy: 0.9859
[2026-05-24 04:21:04,637] Epoch 16 - Training loss: 0.013163   Test Accuracy: 0.9846
[2026-05-24 04:22:20,704] Epoch 17 - Training loss: 0.013857   Test Accuracy: 0.9854
[2026-05-24 04:23:31,888] Epoch 18 - Training loss: 0.012208   Test Accuracy: 0.9868
[2026-05-24 04:24:46,141] Epoch 19 - Training loss: 0.011084   Test Accuracy: 0.9867
[2026-05-24 04:25:56,359] Epoch 20 - Training loss: 0.010478   Test Accuracy: 0.9870
[2026-05-24 04:27:06,992] Epoch 21 - Training loss: 0.009335   Test Accuracy: 0.9860
[2026-05-24 04:28:18,015] Epoch 22 - Training loss: 0.009026   Test Accuracy: 0.9874
[2026-05-24 04:29:31,897] Epoch 23 - Training loss: 0.008898   Test Accuracy: 0.9871
[2026-05-24 04:30:35,923] Epoch 24 - Training loss: 0.008575   Test Accuracy: 0.9883
[2026-05-24 04:31:41,660] Epoch 25 - Training loss: 0.007062   Test Accuracy: 0.9857
[2026-05-24 04:32:57,620] Epoch 26 - Training loss: 0.006527   Test Accuracy: 0.9850
[2026-05-24 04:34:09,658] Epoch 27 - Training loss: 0.008001   Test Accuracy: 0.9870
[2026-05-24 04:35:24,975] Epoch 28 - Training loss: 0.007517   Test Accuracy: 0.9870
[2026-05-24 04:36:35,744] Epoch 29 - Training loss: 0.006892   Test Accuracy: 0.9869
[2026-05-24 04:37:49,485] Epoch 30 - Training loss: 0.007009   Test Accuracy: 0.9864
aihwkit path:  /home/bong/analog_stress_test/aihwkit-fork/src/aihwkit/__init__.py
NeurIPS-2025/S2-mnist-CNN.py --CUDA 0 --SETTING TT-v1 --RPU Pow --tau 0.7 --res-gamma 0.5 --res-state 1400
Using Device:  cuda:0
Logging to file: runs/MNIST-CNN/Pow-gamma=0.5-state=1400/TT-v1-tau=0.7/events.out.tfevents.1779562855.user.406787.0

Training Time (s) = 2212.2376873493195
