# CMD: CUDA_VISIBLE_DEVICES=2 PYTHONPATH=/home/bong/analog_stress_test/analog-training SEED=2 python NeurIPS-2025/S2-mnist-CNN.py --CUDA 0 --SETTING TT-v1 --RPU Pow --tau 0.7 --res-gamma 0.5 --res-state 14000
[2026-05-24 03:22:33,386] Epoch 0 - Training loss: --------   Test Accuracy: 0.1287
[2026-05-24 03:24:50,037] Epoch 1 - Training loss: 0.705745   Test Accuracy: 0.9330
[2026-05-24 03:26:22,581] Epoch 2 - Training loss: 0.163749   Test Accuracy: 0.9670
[2026-05-24 03:27:45,516] Epoch 3 - Training loss: 0.097607   Test Accuracy: 0.9748
[2026-05-24 03:29:01,823] Epoch 4 - Training loss: 0.071777   Test Accuracy: 0.9802
[2026-05-24 03:30:09,029] Epoch 5 - Training loss: 0.056824   Test Accuracy: 0.9830
[2026-05-24 03:31:19,366] Epoch 6 - Training loss: 0.048192   Test Accuracy: 0.9820
[2026-05-24 03:32:33,953] Epoch 7 - Training loss: 0.040878   Test Accuracy: 0.9836
[2026-05-24 03:33:48,125] Epoch 8 - Training loss: 0.035808   Test Accuracy: 0.9853
[2026-05-24 03:35:03,393] Epoch 9 - Training loss: 0.031281   Test Accuracy: 0.9850
[2026-05-24 03:36:21,458] Epoch 10 - Training loss: 0.027548   Test Accuracy: 0.9866
[2026-05-24 03:37:35,105] Epoch 11 - Training loss: 0.023840   Test Accuracy: 0.9860
[2026-05-24 03:38:51,510] Epoch 12 - Training loss: 0.020019   Test Accuracy: 0.9870
[2026-05-24 03:40:05,361] Epoch 13 - Training loss: 0.017301   Test Accuracy: 0.9870
[2026-05-24 03:41:20,232] Epoch 14 - Training loss: 0.015821   Test Accuracy: 0.9871
[2026-05-24 03:42:33,932] Epoch 15 - Training loss: 0.013883   Test Accuracy: 0.9856
[2026-05-24 03:43:48,724] Epoch 16 - Training loss: 0.011751   Test Accuracy: 0.9858
[2026-05-24 03:44:59,536] Epoch 17 - Training loss: 0.010382   Test Accuracy: 0.9842
[2026-05-24 03:46:12,128] Epoch 18 - Training loss: 0.009138   Test Accuracy: 0.9858
[2026-05-24 03:47:25,866] Epoch 19 - Training loss: 0.007772   Test Accuracy: 0.9857
[2026-05-24 03:48:37,166] Epoch 20 - Training loss: 0.007628   Test Accuracy: 0.9862
[2026-05-24 03:49:48,551] Epoch 21 - Training loss: 0.005944   Test Accuracy: 0.9868
[2026-05-24 03:50:58,561] Epoch 22 - Training loss: 0.005443   Test Accuracy: 0.9867
[2026-05-24 03:52:14,102] Epoch 23 - Training loss: 0.005542   Test Accuracy: 0.9863
[2026-05-24 03:53:25,167] Epoch 24 - Training loss: 0.005280   Test Accuracy: 0.9864
[2026-05-24 03:54:38,385] Epoch 25 - Training loss: 0.005181   Test Accuracy: 0.9869
[2026-05-24 03:55:49,969] Epoch 26 - Training loss: 0.004402   Test Accuracy: 0.9867
[2026-05-24 03:57:01,919] Epoch 27 - Training loss: 0.004411   Test Accuracy: 0.9875
[2026-05-24 03:58:12,272] Epoch 28 - Training loss: 0.004724   Test Accuracy: 0.9870
[2026-05-24 03:59:22,790] Epoch 29 - Training loss: 0.004286   Test Accuracy: 0.9875
[2026-05-24 04:00:50,558] Epoch 30 - Training loss: 0.003852   Test Accuracy: 0.9871
aihwkit path:  /home/bong/analog_stress_test/aihwkit-fork/src/aihwkit/__init__.py
NeurIPS-2025/S2-mnist-CNN.py --CUDA 0 --SETTING TT-v1 --RPU Pow --tau 0.7 --res-gamma 0.5 --res-state 14000
Using Device:  cuda:0
Logging to file: runs/MNIST-CNN/Pow-gamma=0.5-state=14000/TT-v1-tau=0.7/events.out.tfevents.1779560546.user.403216.0

Training Time (s) = 2301.42609000206
