# CMD: CUDA_VISIBLE_DEVICES=2 PYTHONPATH=/home/bong/analog_stress_test/analog-training SEED=3 python NeurIPS-2025/S2-mnist-CNN.py --CUDA 0 --SETTING TT-v1 --RPU Pow --tau 0.7 --res-gamma 0.5 --res-state 14
[2026-05-24 08:15:28,711] Epoch 0 - Training loss: --------   Test Accuracy: 0.1255
[2026-05-24 08:16:36,191] Epoch 1 - Training loss: 0.822410   Test Accuracy: 0.8837
[2026-05-24 08:17:43,951] Epoch 2 - Training loss: 0.364441   Test Accuracy: 0.8918
[2026-05-24 08:18:46,520] Epoch 3 - Training loss: 0.287919   Test Accuracy: 0.9051
[2026-05-24 08:19:56,471] Epoch 4 - Training loss: 0.280146   Test Accuracy: 0.9215
[2026-05-24 08:21:03,925] Epoch 5 - Training loss: 0.274579   Test Accuracy: 0.9189
[2026-05-24 08:22:17,453] Epoch 6 - Training loss: 0.248831   Test Accuracy: 0.9325
[2026-05-24 08:23:34,234] Epoch 7 - Training loss: 0.241844   Test Accuracy: 0.9256
[2026-05-24 08:24:49,803] Epoch 8 - Training loss: 0.250612   Test Accuracy: 0.9223
[2026-05-24 08:25:59,351] Epoch 9 - Training loss: 0.240459   Test Accuracy: 0.9273
[2026-05-24 08:27:13,421] Epoch 10 - Training loss: 0.226030   Test Accuracy: 0.9365
[2026-05-24 08:28:29,647] Epoch 11 - Training loss: 0.201930   Test Accuracy: 0.9439
[2026-05-24 08:29:45,572] Epoch 12 - Training loss: 0.199251   Test Accuracy: 0.9479
[2026-05-24 08:31:03,802] Epoch 13 - Training loss: 0.208605   Test Accuracy: 0.9431
[2026-05-24 08:32:20,760] Epoch 14 - Training loss: 0.204273   Test Accuracy: 0.9402
[2026-05-24 08:33:40,940] Epoch 15 - Training loss: 0.217060   Test Accuracy: 0.9453
[2026-05-24 08:34:55,205] Epoch 16 - Training loss: 0.205627   Test Accuracy: 0.9467
[2026-05-24 08:36:14,866] Epoch 17 - Training loss: 0.209283   Test Accuracy: 0.9409
[2026-05-24 08:37:33,033] Epoch 18 - Training loss: 0.191385   Test Accuracy: 0.9421
[2026-05-24 08:38:52,719] Epoch 19 - Training loss: 0.210799   Test Accuracy: 0.9451
[2026-05-24 08:40:15,356] Epoch 20 - Training loss: 0.180818   Test Accuracy: 0.9501
[2026-05-24 08:41:32,754] Epoch 21 - Training loss: 0.195044   Test Accuracy: 0.9490
[2026-05-24 08:42:50,308] Epoch 22 - Training loss: 0.186929   Test Accuracy: 0.9481
[2026-05-24 08:44:07,996] Epoch 23 - Training loss: 0.253204   Test Accuracy: 0.9513
[2026-05-24 08:45:24,773] Epoch 24 - Training loss: 0.183240   Test Accuracy: 0.9411
[2026-05-24 08:46:44,245] Epoch 25 - Training loss: 0.198320   Test Accuracy: 0.9498
[2026-05-24 08:48:02,380] Epoch 26 - Training loss: 0.187487   Test Accuracy: 0.9480
[2026-05-24 08:49:21,627] Epoch 27 - Training loss: 0.192987   Test Accuracy: 0.9500
[2026-05-24 08:50:37,230] Epoch 28 - Training loss: 0.201058   Test Accuracy: 0.9383
[2026-05-24 08:52:16,242] Epoch 29 - Training loss: 0.188597   Test Accuracy: 0.9439
[2026-05-24 08:53:58,731] Epoch 30 - Training loss: 0.178656   Test Accuracy: 0.9501
aihwkit path:  /home/bong/analog_stress_test/aihwkit-fork/src/aihwkit/__init__.py
NeurIPS-2025/S2-mnist-CNN.py --CUDA 0 --SETTING TT-v1 --RPU Pow --tau 0.7 --res-gamma 0.5 --res-state 14
Using Device:  cuda:0
Logging to file: runs/MNIST-CNN/Pow-gamma=0.5-state=14/TT-v1-tau=0.7/events.out.tfevents.1779578123.user.428808.0

Training Time (s) = 2313.8501555919647
