# CMD: CUDA_VISIBLE_DEVICES=2 PYTHONPATH=/home/bong/analog_stress_test/analog-training SEED=1 python NeurIPS-2025/S2-mnist-CNN.py --CUDA 0 --SETTING TT-v1 --RPU Pow --tau 0.7 --res-gamma 0.5 --res-state 140
[2026-05-24 05:48:59,670] Epoch 0 - Training loss: --------   Test Accuracy: 0.1226
[2026-05-24 05:50:09,027] Epoch 1 - Training loss: 0.710545   Test Accuracy: 0.9287
[2026-05-24 05:51:15,924] Epoch 2 - Training loss: 0.169567   Test Accuracy: 0.9582
[2026-05-24 05:52:19,579] Epoch 3 - Training loss: 0.112660   Test Accuracy: 0.9663
[2026-05-24 05:53:27,086] Epoch 4 - Training loss: 0.090687   Test Accuracy: 0.9737
[2026-05-24 05:54:27,800] Epoch 5 - Training loss: 0.080114   Test Accuracy: 0.9768
[2026-05-24 05:55:39,168] Epoch 6 - Training loss: 0.069068   Test Accuracy: 0.9784
[2026-05-24 05:56:48,790] Epoch 7 - Training loss: 0.060256   Test Accuracy: 0.9805
[2026-05-24 05:58:03,422] Epoch 8 - Training loss: 0.055959   Test Accuracy: 0.9784
[2026-05-24 05:59:10,042] Epoch 9 - Training loss: 0.050786   Test Accuracy: 0.9802
[2026-05-24 06:00:18,730] Epoch 10 - Training loss: 0.047282   Test Accuracy: 0.9843
[2026-05-24 06:01:35,254] Epoch 11 - Training loss: 0.043656   Test Accuracy: 0.9813
[2026-05-24 06:02:43,926] Epoch 12 - Training loss: 0.041405   Test Accuracy: 0.9812
[2026-05-24 06:03:57,148] Epoch 13 - Training loss: 0.038461   Test Accuracy: 0.9822
[2026-05-24 06:05:06,879] Epoch 14 - Training loss: 0.037810   Test Accuracy: 0.9838
[2026-05-24 06:06:23,219] Epoch 15 - Training loss: 0.035015   Test Accuracy: 0.9832
[2026-05-24 06:07:37,577] Epoch 16 - Training loss: 0.032907   Test Accuracy: 0.9838
[2026-05-24 06:08:48,701] Epoch 17 - Training loss: 0.031167   Test Accuracy: 0.9862
[2026-05-24 06:10:04,130] Epoch 18 - Training loss: 0.030292   Test Accuracy: 0.9863
[2026-05-24 06:11:13,976] Epoch 19 - Training loss: 0.030767   Test Accuracy: 0.9843
[2026-05-24 06:12:22,324] Epoch 20 - Training loss: 0.028708   Test Accuracy: 0.9859
[2026-05-24 06:13:31,924] Epoch 21 - Training loss: 0.027250   Test Accuracy: 0.9844
[2026-05-24 06:14:43,074] Epoch 22 - Training loss: 0.027760   Test Accuracy: 0.9843
[2026-05-24 06:15:56,913] Epoch 23 - Training loss: 0.026630   Test Accuracy: 0.9856
[2026-05-24 06:17:07,803] Epoch 24 - Training loss: 0.024856   Test Accuracy: 0.9843
[2026-05-24 06:18:16,328] Epoch 25 - Training loss: 0.024599   Test Accuracy: 0.9844
[2026-05-24 06:19:30,398] Epoch 26 - Training loss: 0.024468   Test Accuracy: 0.9872
[2026-05-24 06:20:37,331] Epoch 27 - Training loss: 0.022668   Test Accuracy: 0.9852
[2026-05-24 06:21:42,072] Epoch 28 - Training loss: 0.021956   Test Accuracy: 0.9850
[2026-05-24 06:22:49,985] Epoch 29 - Training loss: 0.021641   Test Accuracy: 0.9874
[2026-05-24 06:23:59,180] Epoch 30 - Training loss: 0.019070   Test Accuracy: 0.9853
aihwkit path:  /home/bong/analog_stress_test/aihwkit-fork/src/aihwkit/__init__.py
NeurIPS-2025/S2-mnist-CNN.py --CUDA 0 --SETTING TT-v1 --RPU Pow --tau 0.7 --res-gamma 0.5 --res-state 140
Using Device:  cuda:0
Logging to file: runs/MNIST-CNN/Pow-gamma=0.5-state=140/TT-v1-tau=0.7/events.out.tfevents.1779569334.user.415745.0

Training Time (s) = 2103.3223435878754
