# CMD: CUDA_VISIBLE_DEVICES=2 PYTHONPATH=/home/bong/analog_stress_test/analog-training SEED=3 INP_RES=0.016129032258064516 OUT_RES=0.003937007874015748 INP_NOISE=0.06 OUT_NOISE=0.06 python NeurIPS-2025/S2-mnist-CNN.py --CUDA 0 --SETTING RL-v2 --RPU Pow --tau 0.7 --res-gamma 0.5 --res-state 140
[2026-05-23 11:38:38,899] Epoch 0 - Training loss: --------   Test Accuracy: 0.1326
[2026-05-23 11:40:20,612] Epoch 1 - Training loss: 0.295092   Test Accuracy: 0.9583
[2026-05-23 11:42:01,392] Epoch 2 - Training loss: 0.102135   Test Accuracy: 0.9694
[2026-05-23 11:43:42,894] Epoch 3 - Training loss: 0.070865   Test Accuracy: 0.9808
[2026-05-23 11:45:26,162] Epoch 4 - Training loss: 0.060268   Test Accuracy: 0.9813
[2026-05-23 11:47:17,041] Epoch 5 - Training loss: 0.055094   Test Accuracy: 0.9809
[2026-05-23 11:49:06,602] Epoch 6 - Training loss: 0.051479   Test Accuracy: 0.9831
[2026-05-23 11:50:49,385] Epoch 7 - Training loss: 0.047632   Test Accuracy: 0.9815
[2026-05-23 11:52:31,679] Epoch 8 - Training loss: 0.044966   Test Accuracy: 0.9854
[2026-05-23 11:54:01,052] Epoch 9 - Training loss: 0.045771   Test Accuracy: 0.9807
[2026-05-23 11:55:43,778] Epoch 10 - Training loss: 0.044670   Test Accuracy: 0.9847
[2026-05-23 11:57:25,611] Epoch 11 - Training loss: 0.043510   Test Accuracy: 0.9831
[2026-05-23 11:59:10,173] Epoch 12 - Training loss: 0.042071   Test Accuracy: 0.9850
[2026-05-23 12:00:48,055] Epoch 13 - Training loss: 0.042821   Test Accuracy: 0.9837
[2026-05-23 12:02:27,258] Epoch 14 - Training loss: 0.039994   Test Accuracy: 0.9831
[2026-05-23 12:04:08,378] Epoch 15 - Training loss: 0.041294   Test Accuracy: 0.9841
[2026-05-23 12:05:49,689] Epoch 16 - Training loss: 0.039474   Test Accuracy: 0.9831
[2026-05-23 12:07:32,560] Epoch 17 - Training loss: 0.040842   Test Accuracy: 0.9822
[2026-05-23 12:09:10,900] Epoch 18 - Training loss: 0.042953   Test Accuracy: 0.9835
[2026-05-23 12:10:48,437] Epoch 19 - Training loss: 0.042184   Test Accuracy: 0.9828
[2026-05-23 12:12:27,526] Epoch 20 - Training loss: 0.041284   Test Accuracy: 0.9809
[2026-05-23 12:14:06,794] Epoch 21 - Training loss: 0.038673   Test Accuracy: 0.9837
[2026-05-23 12:15:46,065] Epoch 22 - Training loss: 0.042258   Test Accuracy: 0.9843
[2026-05-23 12:17:23,764] Epoch 23 - Training loss: 0.040980   Test Accuracy: 0.9847
[2026-05-23 12:19:04,951] Epoch 24 - Training loss: 0.039676   Test Accuracy: 0.9810
[2026-05-23 12:20:46,548] Epoch 25 - Training loss: 0.040298   Test Accuracy: 0.9833
[2026-05-23 12:22:30,637] Epoch 26 - Training loss: 0.038012   Test Accuracy: 0.9861
[2026-05-23 12:24:08,630] Epoch 27 - Training loss: 0.036606   Test Accuracy: 0.9841
[2026-05-23 12:25:42,155] Epoch 28 - Training loss: 0.038584   Test Accuracy: 0.9853
[2026-05-23 12:27:22,862] Epoch 29 - Training loss: 0.039627   Test Accuracy: 0.9850
[2026-05-23 12:29:03,266] Epoch 30 - Training loss: 0.038880   Test Accuracy: 0.9837
aihwkit path:  /home/bong/analog_stress_test/aihwkit-fork/src/aihwkit/__init__.py
NeurIPS-2025/S2-mnist-CNN.py --CUDA 0 --SETTING RL-v2 --RPU Pow --tau 0.7 --res-gamma 0.5 --res-state 140
Using Device:  cuda:0
Logging to file: runs/MNIST-CNN/Pow-gamma=0.5-state=140/RL-v2-tau=0.7/events.out.tfevents.1779503912.user.315921.0

Training Time (s) = 3029.076486349106
