# CMD: CUDA_VISIBLE_DEVICES=2 PYTHONPATH=/home/bong/analog_stress_test/analog-training SEED=1 INP_RES=0.016129032258064516 OUT_RES=0.003937007874015748 INP_NOISE=0.06 OUT_NOISE=0.06 python NeurIPS-2025/S2-mnist-CNN.py --CUDA 0 --SETTING RL-v2 --RPU Pow --tau 0.7 --res-gamma 0.5 --res-state 140
[2026-05-23 10:47:59,405] Epoch 0 - Training loss: --------   Test Accuracy: 0.1297
[2026-05-23 10:49:34,389] Epoch 1 - Training loss: 0.326126   Test Accuracy: 0.9604
[2026-05-23 10:51:13,798] Epoch 2 - Training loss: 0.114468   Test Accuracy: 0.9792
[2026-05-23 10:52:53,691] Epoch 3 - Training loss: 0.079815   Test Accuracy: 0.9810
[2026-05-23 10:54:34,478] Epoch 4 - Training loss: 0.066255   Test Accuracy: 0.9797
[2026-05-23 10:56:12,662] Epoch 5 - Training loss: 0.059122   Test Accuracy: 0.9848
[2026-05-23 10:57:52,702] Epoch 6 - Training loss: 0.054356   Test Accuracy: 0.9812
[2026-05-23 10:59:33,070] Epoch 7 - Training loss: 0.048842   Test Accuracy: 0.9858
[2026-05-23 11:01:14,527] Epoch 8 - Training loss: 0.046003   Test Accuracy: 0.9838
[2026-05-23 11:02:54,061] Epoch 9 - Training loss: 0.043964   Test Accuracy: 0.9831
[2026-05-23 11:04:35,492] Epoch 10 - Training loss: 0.042823   Test Accuracy: 0.9815
[2026-05-23 11:06:17,889] Epoch 11 - Training loss: 0.042910   Test Accuracy: 0.9817
[2026-05-23 11:07:58,363] Epoch 12 - Training loss: 0.041993   Test Accuracy: 0.9813
[2026-05-23 11:09:39,566] Epoch 13 - Training loss: 0.043228   Test Accuracy: 0.9777
[2026-05-23 11:11:22,082] Epoch 14 - Training loss: 0.040007   Test Accuracy: 0.9851
[2026-05-23 11:13:03,916] Epoch 15 - Training loss: 0.043577   Test Accuracy: 0.9821
[2026-05-23 11:14:47,334] Epoch 16 - Training loss: 0.041461   Test Accuracy: 0.9824
[2026-05-23 11:16:29,170] Epoch 17 - Training loss: 0.043610   Test Accuracy: 0.9844
[2026-05-23 11:18:11,355] Epoch 18 - Training loss: 0.040701   Test Accuracy: 0.9835
[2026-05-23 11:19:54,009] Epoch 19 - Training loss: 0.039969   Test Accuracy: 0.9860
[2026-05-23 11:21:34,830] Epoch 20 - Training loss: 0.041254   Test Accuracy: 0.9817
[2026-05-23 11:23:15,385] Epoch 21 - Training loss: 0.039451   Test Accuracy: 0.9834
[2026-05-23 11:24:57,220] Epoch 22 - Training loss: 0.038591   Test Accuracy: 0.9839
[2026-05-23 11:26:39,113] Epoch 23 - Training loss: 0.039916   Test Accuracy: 0.9822
[2026-05-23 11:28:19,701] Epoch 24 - Training loss: 0.038513   Test Accuracy: 0.9820
[2026-05-23 11:29:59,727] Epoch 25 - Training loss: 0.041383   Test Accuracy: 0.9830
[2026-05-23 11:31:41,433] Epoch 26 - Training loss: 0.039371   Test Accuracy: 0.9830
[2026-05-23 11:33:23,131] Epoch 27 - Training loss: 0.040066   Test Accuracy: 0.9844
[2026-05-23 11:35:04,048] Epoch 28 - Training loss: 0.037746   Test Accuracy: 0.9837
[2026-05-23 11:36:45,646] Epoch 29 - Training loss: 0.037203   Test Accuracy: 0.9838
[2026-05-23 11:38:27,512] Epoch 30 - Training loss: 0.038802   Test Accuracy: 0.9849
aihwkit path:  /home/bong/analog_stress_test/aihwkit-fork/src/aihwkit/__init__.py
NeurIPS-2025/S2-mnist-CNN.py --CUDA 0 --SETTING RL-v2 --RPU Pow --tau 0.7 --res-gamma 0.5 --res-state 140
Using Device:  cuda:0
Logging to file: runs/MNIST-CNN/Pow-gamma=0.5-state=140/RL-v2-tau=0.7/events.out.tfevents.1779500872.user.311742.0

Training Time (s) = 3032.616103410721
