# CMD: CUDA_VISIBLE_DEVICES=2 PYTHONPATH=/home/bong/analog_stress_test/analog-training SEED=2 INP_RES=0.07142857142857142 OUT_RES=0.007936507936507936 INP_NOISE=0.1 OUT_NOISE=0.1 python NeurIPS-2025/S2-mnist-CNN.py --CUDA 0 --SETTING RL-v2 --RPU Pow --tau 0.7 --res-gamma 0.5 --res-state 140
[2026-05-23 12:29:13,629] Epoch 0 - Training loss: --------   Test Accuracy: 0.1229
[2026-05-23 12:30:50,066] Epoch 1 - Training loss: 0.345821   Test Accuracy: 0.9566
[2026-05-23 12:32:25,822] Epoch 2 - Training loss: 0.121198   Test Accuracy: 0.9719
[2026-05-23 12:34:03,810] Epoch 3 - Training loss: 0.088108   Test Accuracy: 0.9741
[2026-05-23 12:35:41,239] Epoch 4 - Training loss: 0.076432   Test Accuracy: 0.9776
[2026-05-23 12:37:19,204] Epoch 5 - Training loss: 0.067513   Test Accuracy: 0.9819
[2026-05-23 12:38:58,278] Epoch 6 - Training loss: 0.065710   Test Accuracy: 0.9805
[2026-05-23 12:40:34,772] Epoch 7 - Training loss: 0.060696   Test Accuracy: 0.9770
[2026-05-23 12:42:06,823] Epoch 8 - Training loss: 0.060403   Test Accuracy: 0.9808
[2026-05-23 12:43:42,666] Epoch 9 - Training loss: 0.059048   Test Accuracy: 0.9740
[2026-05-23 12:45:21,719] Epoch 10 - Training loss: 0.060970   Test Accuracy: 0.9771
[2026-05-23 12:47:00,254] Epoch 11 - Training loss: 0.060440   Test Accuracy: 0.9815
[2026-05-23 12:48:38,949] Epoch 12 - Training loss: 0.059021   Test Accuracy: 0.9805
[2026-05-23 12:50:18,167] Epoch 13 - Training loss: 0.057148   Test Accuracy: 0.9821
[2026-05-23 12:51:56,744] Epoch 14 - Training loss: 0.055962   Test Accuracy: 0.9767
[2026-05-23 12:53:35,424] Epoch 15 - Training loss: 0.054993   Test Accuracy: 0.9794
[2026-05-23 12:55:12,547] Epoch 16 - Training loss: 0.055036   Test Accuracy: 0.9809
[2026-05-23 12:56:48,719] Epoch 17 - Training loss: 0.055452   Test Accuracy: 0.9829
[2026-05-23 12:58:25,748] Epoch 18 - Training loss: 0.054360   Test Accuracy: 0.9825
[2026-05-23 13:00:05,039] Epoch 19 - Training loss: 0.053367   Test Accuracy: 0.9777
[2026-05-23 13:01:41,672] Epoch 20 - Training loss: 0.053947   Test Accuracy: 0.9781
[2026-05-23 13:03:19,158] Epoch 21 - Training loss: 0.049906   Test Accuracy: 0.9783
[2026-05-23 13:04:55,386] Epoch 22 - Training loss: 0.052071   Test Accuracy: 0.9802
[2026-05-23 13:06:33,537] Epoch 23 - Training loss: 0.054859   Test Accuracy: 0.9807
[2026-05-23 13:08:12,112] Epoch 24 - Training loss: 0.051593   Test Accuracy: 0.9818
[2026-05-23 13:09:49,792] Epoch 25 - Training loss: 0.051996   Test Accuracy: 0.9826
[2026-05-23 13:11:25,566] Epoch 26 - Training loss: 0.051989   Test Accuracy: 0.9822
[2026-05-23 13:13:03,073] Epoch 27 - Training loss: 0.050274   Test Accuracy: 0.9840
[2026-05-23 13:14:38,108] Epoch 28 - Training loss: 0.050449   Test Accuracy: 0.9798
[2026-05-23 13:16:15,145] Epoch 29 - Training loss: 0.049168   Test Accuracy: 0.9770
[2026-05-23 13:17:51,696] Epoch 30 - Training loss: 0.048871   Test Accuracy: 0.9804
aihwkit path:  /home/bong/analog_stress_test/aihwkit-fork/src/aihwkit/__init__.py
NeurIPS-2025/S2-mnist-CNN.py --CUDA 0 --SETTING RL-v2 --RPU Pow --tau 0.7 --res-gamma 0.5 --res-state 140
Using Device:  cuda:0
Logging to file: runs/MNIST-CNN/Pow-gamma=0.5-state=140/RL-v2-tau=0.7/events.out.tfevents.1779506947.user.322789.0

Training Time (s) = 2922.338531732559
