# CMD: CUDA_VISIBLE_DEVICES=2 PYTHONPATH=/home/bong/analog_stress_test/analog-training SEED=2 INP_RES=0.003937007874015748 OUT_RES=0.00196078431372549 INP_NOISE=0.06 OUT_NOISE=0.06 python NeurIPS-2025/S2-mnist-CNN.py --CUDA 0 --SETTING RL-v2 --RPU Pow --tau 0.7 --res-gamma 0.5 --res-state 140
[2026-05-23 09:56:24,385] Epoch 0 - Training loss: --------   Test Accuracy: 0.1412
[2026-05-23 09:58:01,649] Epoch 1 - Training loss: 0.310667   Test Accuracy: 0.9620
[2026-05-23 09:59:42,266] Epoch 2 - Training loss: 0.103670   Test Accuracy: 0.9795
[2026-05-23 10:01:24,101] Epoch 3 - Training loss: 0.074693   Test Accuracy: 0.9815
[2026-05-23 10:03:08,253] Epoch 4 - Training loss: 0.065690   Test Accuracy: 0.9797
[2026-05-23 10:04:48,795] Epoch 5 - Training loss: 0.063967   Test Accuracy: 0.9794
[2026-05-23 10:06:34,319] Epoch 6 - Training loss: 0.058760   Test Accuracy: 0.9800
[2026-05-23 10:08:19,878] Epoch 7 - Training loss: 0.056250   Test Accuracy: 0.9795
[2026-05-23 10:10:01,610] Epoch 8 - Training loss: 0.054372   Test Accuracy: 0.9834
[2026-05-23 10:11:35,770] Epoch 9 - Training loss: 0.050129   Test Accuracy: 0.9814
[2026-05-23 10:13:19,727] Epoch 10 - Training loss: 0.049292   Test Accuracy: 0.9785
[2026-05-23 10:15:01,526] Epoch 11 - Training loss: 0.047053   Test Accuracy: 0.9814
[2026-05-23 10:16:45,136] Epoch 12 - Training loss: 0.046101   Test Accuracy: 0.9812
[2026-05-23 10:18:26,636] Epoch 13 - Training loss: 0.045693   Test Accuracy: 0.9838
[2026-05-23 10:20:07,694] Epoch 14 - Training loss: 0.044030   Test Accuracy: 0.9842
[2026-05-23 10:21:51,148] Epoch 15 - Training loss: 0.043662   Test Accuracy: 0.9832
[2026-05-23 10:23:33,785] Epoch 16 - Training loss: 0.044394   Test Accuracy: 0.9819
[2026-05-23 10:25:19,495] Epoch 17 - Training loss: 0.047183   Test Accuracy: 0.9824
[2026-05-23 10:27:02,834] Epoch 18 - Training loss: 0.051385   Test Accuracy: 0.9795
[2026-05-23 10:28:43,433] Epoch 19 - Training loss: 0.056005   Test Accuracy: 0.9806
[2026-05-23 10:30:17,138] Epoch 20 - Training loss: 0.060754   Test Accuracy: 0.9783
[2026-05-23 10:31:56,021] Epoch 21 - Training loss: 0.060771   Test Accuracy: 0.9780
[2026-05-23 10:33:41,325] Epoch 22 - Training loss: 0.058847   Test Accuracy: 0.9759
[2026-05-23 10:35:25,456] Epoch 23 - Training loss: 0.059243   Test Accuracy: 0.9816
[2026-05-23 10:37:10,751] Epoch 24 - Training loss: 0.059783   Test Accuracy: 0.9806
[2026-05-23 10:38:56,445] Epoch 25 - Training loss: 0.059851   Test Accuracy: 0.9819
[2026-05-23 10:40:45,790] Epoch 26 - Training loss: 0.058665   Test Accuracy: 0.9801
[2026-05-23 10:42:33,375] Epoch 27 - Training loss: 0.055588   Test Accuracy: 0.9821
[2026-05-23 10:44:17,992] Epoch 28 - Training loss: 0.060982   Test Accuracy: 0.9800
[2026-05-23 10:46:03,349] Epoch 29 - Training loss: 0.055642   Test Accuracy: 0.9793
[2026-05-23 10:47:48,564] Epoch 30 - Training loss: 0.056448   Test Accuracy: 0.9810
aihwkit path:  /home/bong/analog_stress_test/aihwkit-fork/src/aihwkit/__init__.py
NeurIPS-2025/S2-mnist-CNN.py --CUDA 0 --SETTING RL-v2 --RPU Pow --tau 0.7 --res-gamma 0.5 --res-state 140
Using Device:  cuda:0
Logging to file: runs/MNIST-CNN/Pow-gamma=0.5-state=140/RL-v2-tau=0.7/events.out.tfevents.1779497777.user.307675.0

Training Time (s) = 3088.4354066848755
