# CMD: CUDA_VISIBLE_DEVICES=3 PYTHONPATH=/home/bong/analog_stress_test/analog-training SEED=2 python NeurIPS-2025/S2-mnist-FCN.py --CUDA 0 --SETTING Analog SGD --RPU Pow --tau 0.7 --res-gamma 0.5 --res-state 140
[2026-05-24 00:08:28,243] Epoch 0 - Training loss: --------   Test Accuracy: 0.1008
[2026-05-24 00:09:14,158] Epoch 1 - Training loss: 2.303703   Test Accuracy: 0.1135
[2026-05-24 00:09:58,462] Epoch 2 - Training loss: 1.574286   Test Accuracy: 0.8768
[2026-05-24 00:10:43,178] Epoch 3 - Training loss: 0.270358   Test Accuracy: 0.9395
[2026-05-24 00:11:28,610] Epoch 4 - Training loss: 0.208048   Test Accuracy: 0.9475
[2026-05-24 00:12:14,454] Epoch 5 - Training loss: 0.179184   Test Accuracy: 0.9419
[2026-05-24 00:12:59,006] Epoch 6 - Training loss: 0.164063   Test Accuracy: 0.9451
[2026-05-24 00:13:43,521] Epoch 7 - Training loss: 0.154358   Test Accuracy: 0.9589
[2026-05-24 00:14:30,581] Epoch 8 - Training loss: 0.143974   Test Accuracy: 0.9570
[2026-05-24 00:15:18,017] Epoch 9 - Training loss: 0.140989   Test Accuracy: 0.9559
[2026-05-24 00:16:02,673] Epoch 10 - Training loss: 0.137152   Test Accuracy: 0.9503
[2026-05-24 00:16:43,702] Epoch 11 - Training loss: 0.140610   Test Accuracy: 0.9647
[2026-05-24 00:17:29,225] Epoch 12 - Training loss: 0.130455   Test Accuracy: 0.9477
[2026-05-24 00:18:15,371] Epoch 13 - Training loss: 0.128587   Test Accuracy: 0.9531
[2026-05-24 00:19:00,473] Epoch 14 - Training loss: 0.125327   Test Accuracy: 0.9649
[2026-05-24 00:19:46,142] Epoch 15 - Training loss: 0.120966   Test Accuracy: 0.9558
[2026-05-24 00:20:29,855] Epoch 16 - Training loss: 0.091534   Test Accuracy: 0.9652
[2026-05-24 00:21:19,029] Epoch 17 - Training loss: 0.092864   Test Accuracy: 0.9622
[2026-05-24 00:22:03,493] Epoch 18 - Training loss: 0.092105   Test Accuracy: 0.9677
[2026-05-24 00:22:48,717] Epoch 19 - Training loss: 0.090565   Test Accuracy: 0.9609
[2026-05-24 00:23:33,680] Epoch 20 - Training loss: 0.094044   Test Accuracy: 0.9689
[2026-05-24 00:24:18,639] Epoch 21 - Training loss: 0.091816   Test Accuracy: 0.9617
[2026-05-24 00:25:05,561] Epoch 22 - Training loss: 0.090400   Test Accuracy: 0.9678
[2026-05-24 00:25:50,989] Epoch 23 - Training loss: 0.092226   Test Accuracy: 0.9642
[2026-05-24 00:26:38,146] Epoch 24 - Training loss: 0.090526   Test Accuracy: 0.9709
[2026-05-24 00:27:25,461] Epoch 25 - Training loss: 0.095098   Test Accuracy: 0.9573
[2026-05-24 00:28:14,724] Epoch 26 - Training loss: 0.093999   Test Accuracy: 0.9673
[2026-05-24 00:28:59,640] Epoch 27 - Training loss: 0.091643   Test Accuracy: 0.9657
[2026-05-24 00:29:49,678] Epoch 28 - Training loss: 0.090340   Test Accuracy: 0.9640
[2026-05-24 00:30:35,190] Epoch 29 - Training loss: 0.094928   Test Accuracy: 0.9615
[2026-05-24 00:31:26,219] Epoch 30 - Training loss: 0.093639   Test Accuracy: 0.9659
aihwkit path:  /home/bong/analog_stress_test/aihwkit-fork/src/aihwkit/__init__.py
NeurIPS-2025/S2-mnist-FCN.py --CUDA 0 --SETTING Analog SGD --RPU Pow --tau 0.7 --res-gamma 0.5 --res-state 140
Using Device:  cuda:0
Logging to file: runs/MNIST-FCN/Pow-gamma=0.5-state=140/Analog SGD-tau=0.7/events.out.tfevents.1779548903.user.386400.0

Training Time (s) = 1381.2349400520325
