# CMD: CUDA_VISIBLE_DEVICES=3 PYTHONPATH=/home/bong/analog_stress_test/analog-training SEED=3 python NeurIPS-2025/S2-mnist-FCN.py --CUDA 0 --SETTING Analog SGD --RPU Pow --tau 0.7 --res-gamma 0.5 --res-state 1400
[2026-05-23 23:00:03,019] Epoch 0 - Training loss: --------   Test Accuracy: 0.0964
[2026-05-23 23:00:53,691] Epoch 1 - Training loss: 2.303059   Test Accuracy: 0.1135
[2026-05-23 23:01:41,829] Epoch 2 - Training loss: 2.302569   Test Accuracy: 0.1135
[2026-05-23 23:02:25,850] Epoch 3 - Training loss: 2.302391   Test Accuracy: 0.1135
[2026-05-23 23:03:11,108] Epoch 4 - Training loss: 2.190536   Test Accuracy: 0.7722
[2026-05-23 23:03:54,473] Epoch 5 - Training loss: 0.291309   Test Accuracy: 0.9468
[2026-05-23 23:04:40,667] Epoch 6 - Training loss: 0.164615   Test Accuracy: 0.9423
[2026-05-23 23:05:30,054] Epoch 7 - Training loss: 0.133771   Test Accuracy: 0.9571
[2026-05-23 23:06:15,549] Epoch 8 - Training loss: 0.117419   Test Accuracy: 0.9545
[2026-05-23 23:06:59,811] Epoch 9 - Training loss: 0.110924   Test Accuracy: 0.9573
[2026-05-23 23:07:43,286] Epoch 10 - Training loss: 0.100930   Test Accuracy: 0.9473
[2026-05-23 23:08:29,197] Epoch 11 - Training loss: 0.097613   Test Accuracy: 0.9661
[2026-05-23 23:09:06,410] Epoch 12 - Training loss: 0.090055   Test Accuracy: 0.9714
[2026-05-23 23:09:49,014] Epoch 13 - Training loss: 0.090031   Test Accuracy: 0.9640
[2026-05-23 23:10:33,979] Epoch 14 - Training loss: 0.088784   Test Accuracy: 0.9655
[2026-05-23 23:11:23,664] Epoch 15 - Training loss: 0.082734   Test Accuracy: 0.9735
[2026-05-23 23:12:13,772] Epoch 16 - Training loss: 0.045250   Test Accuracy: 0.9772
[2026-05-23 23:13:05,285] Epoch 17 - Training loss: 0.037426   Test Accuracy: 0.9792
[2026-05-23 23:13:51,617] Epoch 18 - Training loss: 0.034090   Test Accuracy: 0.9801
[2026-05-23 23:14:39,242] Epoch 19 - Training loss: 0.031585   Test Accuracy: 0.9743
[2026-05-23 23:15:32,640] Epoch 20 - Training loss: 0.031998   Test Accuracy: 0.9793
[2026-05-23 23:16:19,990] Epoch 21 - Training loss: 0.033361   Test Accuracy: 0.9780
[2026-05-23 23:17:10,733] Epoch 22 - Training loss: 0.033372   Test Accuracy: 0.9742
[2026-05-23 23:17:56,971] Epoch 23 - Training loss: 0.032544   Test Accuracy: 0.9775
[2026-05-23 23:18:43,757] Epoch 24 - Training loss: 0.031318   Test Accuracy: 0.9780
[2026-05-23 23:19:30,266] Epoch 25 - Training loss: 0.034212   Test Accuracy: 0.9685
[2026-05-23 23:20:14,732] Epoch 26 - Training loss: 0.034680   Test Accuracy: 0.9800
[2026-05-23 23:20:53,255] Epoch 27 - Training loss: 0.034002   Test Accuracy: 0.9797
[2026-05-23 23:21:31,951] Epoch 28 - Training loss: 0.034593   Test Accuracy: 0.9678
[2026-05-23 23:22:10,749] Epoch 29 - Training loss: 0.035203   Test Accuracy: 0.9765
[2026-05-23 23:22:50,832] Epoch 30 - Training loss: 0.035516   Test Accuracy: 0.9745
aihwkit path:  /home/bong/analog_stress_test/aihwkit-fork/src/aihwkit/__init__.py
NeurIPS-2025/S2-mnist-FCN.py --CUDA 0 --SETTING Analog SGD --RPU Pow --tau 0.7 --res-gamma 0.5 --res-state 1400
Using Device:  cuda:0
Logging to file: runs/MNIST-FCN/Pow-gamma=0.5-state=1400/Analog SGD-tau=0.7/events.out.tfevents.1779544797.user.380658.0

Training Time (s) = 1371.5868124961853
