# CMD: CUDA_VISIBLE_DEVICES=3 PYTHONPATH=/home/bong/analog_stress_test/analog-training SEED=2 python NeurIPS-2025/S2-mnist-FCN.py --CUDA 0 --SETTING Analog SGD --RPU Pow --tau 0.7 --res-gamma 0.5 --res-state 280
[2026-05-23 23:23:01,580] Epoch 0 - Training loss: --------   Test Accuracy: 0.1008
[2026-05-23 23:23:48,236] Epoch 1 - Training loss: 2.303584   Test Accuracy: 0.1136
[2026-05-23 23:24:31,796] Epoch 2 - Training loss: 1.464114   Test Accuracy: 0.8823
[2026-05-23 23:25:20,029] Epoch 3 - Training loss: 0.231132   Test Accuracy: 0.9556
[2026-05-23 23:26:06,139] Epoch 4 - Training loss: 0.171315   Test Accuracy: 0.9509
[2026-05-23 23:26:50,944] Epoch 5 - Training loss: 0.151579   Test Accuracy: 0.9520
[2026-05-23 23:27:35,216] Epoch 6 - Training loss: 0.138403   Test Accuracy: 0.9531
[2026-05-23 23:28:16,901] Epoch 7 - Training loss: 0.127528   Test Accuracy: 0.9593
[2026-05-23 23:29:05,060] Epoch 8 - Training loss: 0.122989   Test Accuracy: 0.9623
[2026-05-23 23:29:48,620] Epoch 9 - Training loss: 0.117230   Test Accuracy: 0.9606
[2026-05-23 23:30:32,872] Epoch 10 - Training loss: 0.114551   Test Accuracy: 0.9633
[2026-05-23 23:31:17,956] Epoch 11 - Training loss: 0.109939   Test Accuracy: 0.9644
[2026-05-23 23:32:04,479] Epoch 12 - Training loss: 0.105710   Test Accuracy: 0.9660
[2026-05-23 23:32:51,301] Epoch 13 - Training loss: 0.104178   Test Accuracy: 0.9680
[2026-05-23 23:33:38,114] Epoch 14 - Training loss: 0.102020   Test Accuracy: 0.9627
[2026-05-23 23:34:24,818] Epoch 15 - Training loss: 0.100051   Test Accuracy: 0.9675
[2026-05-23 23:35:11,544] Epoch 16 - Training loss: 0.064990   Test Accuracy: 0.9740
[2026-05-23 23:35:58,454] Epoch 17 - Training loss: 0.056473   Test Accuracy: 0.9683
[2026-05-23 23:36:46,508] Epoch 18 - Training loss: 0.057322   Test Accuracy: 0.9720
[2026-05-23 23:37:31,274] Epoch 19 - Training loss: 0.056948   Test Accuracy: 0.9700
[2026-05-23 23:38:16,839] Epoch 20 - Training loss: 0.057927   Test Accuracy: 0.9725
[2026-05-23 23:39:01,021] Epoch 21 - Training loss: 0.061149   Test Accuracy: 0.9730
[2026-05-23 23:39:46,975] Epoch 22 - Training loss: 0.061268   Test Accuracy: 0.9695
[2026-05-23 23:40:33,134] Epoch 23 - Training loss: 0.064047   Test Accuracy: 0.9722
[2026-05-23 23:41:17,889] Epoch 24 - Training loss: 0.059044   Test Accuracy: 0.9722
[2026-05-23 23:42:01,112] Epoch 25 - Training loss: 0.063094   Test Accuracy: 0.9706
[2026-05-23 23:42:45,467] Epoch 26 - Training loss: 0.063971   Test Accuracy: 0.9690
[2026-05-23 23:43:28,008] Epoch 27 - Training loss: 0.059705   Test Accuracy: 0.9709
[2026-05-23 23:44:12,697] Epoch 28 - Training loss: 0.063107   Test Accuracy: 0.9692
[2026-05-23 23:44:50,849] Epoch 29 - Training loss: 0.059814   Test Accuracy: 0.9754
[2026-05-23 23:45:29,550] Epoch 30 - Training loss: 0.063679   Test Accuracy: 0.9651
aihwkit path:  /home/bong/analog_stress_test/aihwkit-fork/src/aihwkit/__init__.py
NeurIPS-2025/S2-mnist-FCN.py --CUDA 0 --SETTING Analog SGD --RPU Pow --tau 0.7 --res-gamma 0.5 --res-state 280
Using Device:  cuda:0
Logging to file: runs/MNIST-FCN/Pow-gamma=0.5-state=280/Analog SGD-tau=0.7/events.out.tfevents.1779546176.user.382297.0

Training Time (s) = 1351.2018179893494
