# CMD: CUDA_VISIBLE_DEVICES=3 PYTHONPATH=/home/bong/analog_stress_test/analog-training SEED=3 python NeurIPS-2025/S2-mnist-FCN.py --CUDA 0 --SETTING Analog SGD --RPU Pow --tau 0.7 --res-gamma 0.5 --res-state 28
[2026-05-24 00:55:39,100] Epoch 0 - Training loss: --------   Test Accuracy: 0.0944
[2026-05-24 00:56:23,383] Epoch 1 - Training loss: 1.880317   Test Accuracy: 0.8486
[2026-05-24 00:57:06,026] Epoch 2 - Training loss: 0.492262   Test Accuracy: 0.8771
[2026-05-24 00:57:51,843] Epoch 3 - Training loss: 0.408294   Test Accuracy: 0.8723
[2026-05-24 00:58:37,708] Epoch 4 - Training loss: 0.349389   Test Accuracy: 0.8896
[2026-05-24 00:59:29,783] Epoch 5 - Training loss: 0.319871   Test Accuracy: 0.9132
[2026-05-24 01:00:22,830] Epoch 6 - Training loss: 0.310111   Test Accuracy: 0.8995
[2026-05-24 01:01:10,922] Epoch 7 - Training loss: 0.299865   Test Accuracy: 0.9247
[2026-05-24 01:01:59,259] Epoch 8 - Training loss: 0.285926   Test Accuracy: 0.9063
[2026-05-24 01:02:42,998] Epoch 9 - Training loss: 0.290853   Test Accuracy: 0.9169
[2026-05-24 01:03:27,793] Epoch 10 - Training loss: 0.288998   Test Accuracy: 0.9105
[2026-05-24 01:04:13,626] Epoch 11 - Training loss: 0.288609   Test Accuracy: 0.9262
[2026-05-24 01:04:59,028] Epoch 12 - Training loss: 0.275750   Test Accuracy: 0.9335
[2026-05-24 01:05:43,069] Epoch 13 - Training loss: 0.266389   Test Accuracy: 0.9103
[2026-05-24 01:06:26,740] Epoch 14 - Training loss: 0.268673   Test Accuracy: 0.9179
[2026-05-24 01:07:15,027] Epoch 15 - Training loss: 0.260096   Test Accuracy: 0.9218
[2026-05-24 01:08:01,456] Epoch 16 - Training loss: 0.225023   Test Accuracy: 0.9311
[2026-05-24 01:08:46,318] Epoch 17 - Training loss: 0.240808   Test Accuracy: 0.9365
[2026-05-24 01:09:32,016] Epoch 18 - Training loss: 0.240490   Test Accuracy: 0.9256
[2026-05-24 01:10:19,873] Epoch 19 - Training loss: 0.242542   Test Accuracy: 0.9129
[2026-05-24 01:11:09,898] Epoch 20 - Training loss: 0.248289   Test Accuracy: 0.9268
[2026-05-24 01:11:57,083] Epoch 21 - Training loss: 0.260694   Test Accuracy: 0.9232
[2026-05-24 01:12:42,660] Epoch 22 - Training loss: 0.248292   Test Accuracy: 0.9250
[2026-05-24 01:13:28,973] Epoch 23 - Training loss: 0.253176   Test Accuracy: 0.9323
[2026-05-24 01:14:15,811] Epoch 24 - Training loss: 0.237054   Test Accuracy: 0.9327
[2026-05-24 01:15:01,504] Epoch 25 - Training loss: 0.248298   Test Accuracy: 0.9302
[2026-05-24 01:15:48,747] Epoch 26 - Training loss: 0.249231   Test Accuracy: 0.9314
[2026-05-24 01:16:34,517] Epoch 27 - Training loss: 0.263465   Test Accuracy: 0.9292
[2026-05-24 01:17:20,493] Epoch 28 - Training loss: 0.252123   Test Accuracy: 0.9310
[2026-05-24 01:18:10,864] Epoch 29 - Training loss: 0.259577   Test Accuracy: 0.9253
[2026-05-24 01:18:57,265] Epoch 30 - Training loss: 0.255283   Test Accuracy: 0.9182
aihwkit path:  /home/bong/analog_stress_test/aihwkit-fork/src/aihwkit/__init__.py
NeurIPS-2025/S2-mnist-FCN.py --CUDA 0 --SETTING Analog SGD --RPU Pow --tau 0.7 --res-gamma 0.5 --res-state 28
Using Device:  cuda:0
Logging to file: runs/MNIST-FCN/Pow-gamma=0.5-state=28/Analog SGD-tau=0.7/events.out.tfevents.1779551733.user.390324.0

Training Time (s) = 1401.3159329891205
