# CMD: CUDA_VISIBLE_DEVICES=3 PYTHONPATH=/home/bong/analog_stress_test/analog-training SEED=2 python NeurIPS-2025/S2-mnist-FCN.py --CUDA 0 --SETTING Analog SGD --RPU Pow --tau 0.7 --res-gamma 0.5 --res-state 1400
[2026-05-23 22:59:31,974] Epoch 0 - Training loss: --------   Test Accuracy: 0.1008
[2026-05-23 23:00:13,989] Epoch 1 - Training loss: 2.303179   Test Accuracy: 0.1135
[2026-05-23 23:01:01,337] Epoch 2 - Training loss: 2.301432   Test Accuracy: 0.1386
[2026-05-23 23:01:47,325] Epoch 3 - Training loss: 0.516604   Test Accuracy: 0.9490
[2026-05-23 23:02:24,000] Epoch 4 - Training loss: 0.169547   Test Accuracy: 0.9563
[2026-05-23 23:03:07,880] Epoch 5 - Training loss: 0.136602   Test Accuracy: 0.9581
[2026-05-23 23:03:57,348] Epoch 6 - Training loss: 0.117979   Test Accuracy: 0.9622
[2026-05-23 23:04:49,629] Epoch 7 - Training loss: 0.109598   Test Accuracy: 0.9682
[2026-05-23 23:05:38,054] Epoch 8 - Training loss: 0.103386   Test Accuracy: 0.9681
[2026-05-23 23:06:26,728] Epoch 9 - Training loss: 0.095556   Test Accuracy: 0.9655
[2026-05-23 23:07:10,117] Epoch 10 - Training loss: 0.093932   Test Accuracy: 0.9677
[2026-05-23 23:07:57,163] Epoch 11 - Training loss: 0.089418   Test Accuracy: 0.9687
[2026-05-23 23:08:41,853] Epoch 12 - Training loss: 0.090199   Test Accuracy: 0.9634
[2026-05-23 23:09:26,699] Epoch 13 - Training loss: 0.083002   Test Accuracy: 0.9726
[2026-05-23 23:10:14,537] Epoch 14 - Training loss: 0.085268   Test Accuracy: 0.9716
[2026-05-23 23:10:57,788] Epoch 15 - Training loss: 0.081485   Test Accuracy: 0.9684
[2026-05-23 23:11:42,356] Epoch 16 - Training loss: 0.043683   Test Accuracy: 0.9783
[2026-05-23 23:12:29,545] Epoch 17 - Training loss: 0.034995   Test Accuracy: 0.9800
[2026-05-23 23:13:06,311] Epoch 18 - Training loss: 0.032982   Test Accuracy: 0.9742
[2026-05-23 23:13:53,997] Epoch 19 - Training loss: 0.032449   Test Accuracy: 0.9805
[2026-05-23 23:14:41,370] Epoch 20 - Training loss: 0.031173   Test Accuracy: 0.9802
[2026-05-23 23:15:26,831] Epoch 21 - Training loss: 0.032651   Test Accuracy: 0.9767
[2026-05-23 23:16:19,878] Epoch 22 - Training loss: 0.030571   Test Accuracy: 0.9798
[2026-05-23 23:17:10,795] Epoch 23 - Training loss: 0.031571   Test Accuracy: 0.9767
[2026-05-23 23:17:58,042] Epoch 24 - Training loss: 0.031023   Test Accuracy: 0.9764
[2026-05-23 23:18:43,283] Epoch 25 - Training loss: 0.032870   Test Accuracy: 0.9769
[2026-05-23 23:19:32,419] Epoch 26 - Training loss: 0.031078   Test Accuracy: 0.9792
[2026-05-23 23:20:19,398] Epoch 27 - Training loss: 0.034406   Test Accuracy: 0.9793
[2026-05-23 23:21:03,779] Epoch 28 - Training loss: 0.032321   Test Accuracy: 0.9738
[2026-05-23 23:21:48,429] Epoch 29 - Training loss: 0.035347   Test Accuracy: 0.9782
[2026-05-23 23:22:33,522] Epoch 30 - Training loss: 0.031669   Test Accuracy: 0.9774
aihwkit path:  /home/bong/analog_stress_test/aihwkit-fork/src/aihwkit/__init__.py
NeurIPS-2025/S2-mnist-FCN.py --CUDA 0 --SETTING Analog SGD --RPU Pow --tau 0.7 --res-gamma 0.5 --res-state 1400
Using Device:  cuda:0
Logging to file: runs/MNIST-FCN/Pow-gamma=0.5-state=1400/Analog SGD-tau=0.7/events.out.tfevents.1779544766.user.380394.0

Training Time (s) = 1384.7843871116638
