# CMD: CUDA_VISIBLE_DEVICES=3 PYTHONPATH=/home/bong/analog_stress_test/analog-training SEED=1 python NeurIPS-2025/S2-mnist-FCN.py --CUDA 0 --SETTING Analog SGD --RPU Pow --tau 0.7 --res-gamma 0.5 --res-state 28
[2026-05-24 00:31:35,561] Epoch 0 - Training loss: --------   Test Accuracy: 0.1041
[2026-05-24 00:32:26,063] Epoch 1 - Training loss: 2.108562   Test Accuracy: 0.6721
[2026-05-24 00:33:09,514] Epoch 2 - Training loss: 0.550518   Test Accuracy: 0.8864
[2026-05-24 00:33:56,275] Epoch 3 - Training loss: 0.406428   Test Accuracy: 0.8957
[2026-05-24 00:34:45,178] Epoch 4 - Training loss: 0.361714   Test Accuracy: 0.8757
[2026-05-24 00:35:31,915] Epoch 5 - Training loss: 0.334538   Test Accuracy: 0.9232
[2026-05-24 00:36:23,268] Epoch 6 - Training loss: 0.311854   Test Accuracy: 0.9176
[2026-05-24 00:37:10,239] Epoch 7 - Training loss: 0.314901   Test Accuracy: 0.9082
[2026-05-24 00:37:57,871] Epoch 8 - Training loss: 0.299394   Test Accuracy: 0.9246
[2026-05-24 00:38:47,568] Epoch 9 - Training loss: 0.277299   Test Accuracy: 0.9286
[2026-05-24 00:39:37,042] Epoch 10 - Training loss: 0.275051   Test Accuracy: 0.9063
[2026-05-24 00:40:27,572] Epoch 11 - Training loss: 0.273846   Test Accuracy: 0.9345
[2026-05-24 00:41:16,168] Epoch 12 - Training loss: 0.274322   Test Accuracy: 0.9213
[2026-05-24 00:42:04,315] Epoch 13 - Training loss: 0.271829   Test Accuracy: 0.8920
[2026-05-24 00:42:49,173] Epoch 14 - Training loss: 0.272616   Test Accuracy: 0.9215
[2026-05-24 00:43:42,701] Epoch 15 - Training loss: 0.276042   Test Accuracy: 0.9158
[2026-05-24 00:44:34,380] Epoch 16 - Training loss: 0.246351   Test Accuracy: 0.9292
[2026-05-24 00:45:19,242] Epoch 17 - Training loss: 0.246682   Test Accuracy: 0.9301
[2026-05-24 00:46:14,055] Epoch 18 - Training loss: 0.249406   Test Accuracy: 0.9271
[2026-05-24 00:47:00,201] Epoch 19 - Training loss: 0.245862   Test Accuracy: 0.9190
[2026-05-24 00:47:44,213] Epoch 20 - Training loss: 0.250493   Test Accuracy: 0.9349
[2026-05-24 00:48:30,351] Epoch 21 - Training loss: 0.248735   Test Accuracy: 0.9279
[2026-05-24 00:49:18,534] Epoch 22 - Training loss: 0.246201   Test Accuracy: 0.9285
[2026-05-24 00:50:04,141] Epoch 23 - Training loss: 0.256207   Test Accuracy: 0.9051
[2026-05-24 00:50:52,792] Epoch 24 - Training loss: 0.262988   Test Accuracy: 0.9263
[2026-05-24 00:51:37,241] Epoch 25 - Training loss: 0.254402   Test Accuracy: 0.9251
[2026-05-24 00:52:19,367] Epoch 26 - Training loss: 0.268463   Test Accuracy: 0.9197
[2026-05-24 00:53:05,241] Epoch 27 - Training loss: 0.268241   Test Accuracy: 0.9185
[2026-05-24 00:53:53,800] Epoch 28 - Training loss: 0.258276   Test Accuracy: 0.9104
[2026-05-24 00:54:45,680] Epoch 29 - Training loss: 0.256590   Test Accuracy: 0.9213
[2026-05-24 00:55:29,777] Epoch 30 - Training loss: 0.260811   Test Accuracy: 0.9177
aihwkit path:  /home/bong/analog_stress_test/aihwkit-fork/src/aihwkit/__init__.py
NeurIPS-2025/S2-mnist-FCN.py --CUDA 0 --SETTING Analog SGD --RPU Pow --tau 0.7 --res-gamma 0.5 --res-state 28
Using Device:  cuda:0
Logging to file: runs/MNIST-FCN/Pow-gamma=0.5-state=28/Analog SGD-tau=0.7/events.out.tfevents.1779550290.user.388077.0

Training Time (s) = 1437.44979596138
