# CMD: CUDA_VISIBLE_DEVICES=3 PYTHONPATH=/home/bong/analog_stress_test/analog-training SEED=3 python NeurIPS-2025/S2-mnist-FCN.py --CUDA 0 --SETTING Analog SGD --RPU Pow --tau 0.7 --res-gamma 0.5 --res-state 14
[2026-05-24 01:19:36,694] Epoch 0 - Training loss: --------   Test Accuracy: 0.0952
[2026-05-24 01:20:20,685] Epoch 1 - Training loss: 1.703642   Test Accuracy: 0.8122
[2026-05-24 01:20:59,101] Epoch 2 - Training loss: 0.695590   Test Accuracy: 0.8089
[2026-05-24 01:21:44,874] Epoch 3 - Training loss: 0.581255   Test Accuracy: 0.8346
[2026-05-24 01:22:30,010] Epoch 4 - Training loss: 0.524245   Test Accuracy: 0.8910
[2026-05-24 01:23:09,809] Epoch 5 - Training loss: 0.461041   Test Accuracy: 0.8571
[2026-05-24 01:23:47,959] Epoch 6 - Training loss: 0.444782   Test Accuracy: 0.8822
[2026-05-24 01:24:29,922] Epoch 7 - Training loss: 0.439331   Test Accuracy: 0.8827
[2026-05-24 01:25:07,798] Epoch 8 - Training loss: 0.418109   Test Accuracy: 0.8929
[2026-05-24 01:25:46,721] Epoch 9 - Training loss: 0.437733   Test Accuracy: 0.8586
[2026-05-24 01:26:28,792] Epoch 10 - Training loss: 0.427135   Test Accuracy: 0.8436
[2026-05-24 01:27:11,311] Epoch 11 - Training loss: 0.423176   Test Accuracy: 0.8881
[2026-05-24 01:27:54,180] Epoch 12 - Training loss: 0.415658   Test Accuracy: 0.8643
[2026-05-24 01:28:35,735] Epoch 13 - Training loss: 0.416247   Test Accuracy: 0.8989
[2026-05-24 01:29:25,523] Epoch 14 - Training loss: 0.417284   Test Accuracy: 0.8832
[2026-05-24 01:30:13,791] Epoch 15 - Training loss: 0.406045   Test Accuracy: 0.8792
[2026-05-24 01:31:01,823] Epoch 16 - Training loss: 0.365824   Test Accuracy: 0.8840
[2026-05-24 01:31:51,951] Epoch 17 - Training loss: 0.381783   Test Accuracy: 0.9080
[2026-05-24 01:32:37,750] Epoch 18 - Training loss: 0.382994   Test Accuracy: 0.8858
[2026-05-24 01:33:23,895] Epoch 19 - Training loss: 0.401179   Test Accuracy: 0.8547
[2026-05-24 01:34:14,303] Epoch 20 - Training loss: 0.379709   Test Accuracy: 0.8717
[2026-05-24 01:35:00,241] Epoch 21 - Training loss: 0.405385   Test Accuracy: 0.8946
[2026-05-24 01:35:46,062] Epoch 22 - Training loss: 0.406101   Test Accuracy: 0.8600
[2026-05-24 01:36:30,634] Epoch 23 - Training loss: 0.416425   Test Accuracy: 0.8921
[2026-05-24 01:37:19,333] Epoch 24 - Training loss: 0.416676   Test Accuracy: 0.8659
[2026-05-24 01:38:08,327] Epoch 25 - Training loss: 0.403238   Test Accuracy: 0.8882
[2026-05-24 01:38:59,731] Epoch 26 - Training loss: 0.403556   Test Accuracy: 0.8868
[2026-05-24 01:39:48,509] Epoch 27 - Training loss: 0.391403   Test Accuracy: 0.8985
[2026-05-24 01:40:35,497] Epoch 28 - Training loss: 0.386371   Test Accuracy: 0.8802
[2026-05-24 01:41:23,877] Epoch 29 - Training loss: 0.392698   Test Accuracy: 0.9006
[2026-05-24 01:42:10,039] Epoch 30 - Training loss: 0.398397   Test Accuracy: 0.8612
aihwkit path:  /home/bong/analog_stress_test/aihwkit-fork/src/aihwkit/__init__.py
NeurIPS-2025/S2-mnist-FCN.py --CUDA 0 --SETTING Analog SGD --RPU Pow --tau 0.7 --res-gamma 0.5 --res-state 14
Using Device:  cuda:0
Logging to file: runs/MNIST-FCN/Pow-gamma=0.5-state=14/Analog SGD-tau=0.7/events.out.tfevents.1779553171.user.392721.0

Training Time (s) = 1356.6501290798187
