# CMD: CUDA_VISIBLE_DEVICES=3 PYTHONPATH=/home/bong/analog_stress_test/analog-training SEED=3 python NeurIPS-2025/S2-mnist-FCN.py --CUDA 0 --SETTING Analog SGD --RPU Pow --tau 0.7 --res-gamma 0.5 --res-state 14000
[2026-05-23 22:36:20,764] Epoch 0 - Training loss: --------   Test Accuracy: 0.0952
[2026-05-23 22:37:06,124] Epoch 1 - Training loss: 2.302963   Test Accuracy: 0.1135
[2026-05-23 22:37:52,228] Epoch 2 - Training loss: 2.302404   Test Accuracy: 0.1135
[2026-05-23 22:38:41,695] Epoch 3 - Training loss: 2.170553   Test Accuracy: 0.8295
[2026-05-23 22:39:31,786] Epoch 4 - Training loss: 0.268082   Test Accuracy: 0.9526
[2026-05-23 22:40:19,554] Epoch 5 - Training loss: 0.136315   Test Accuracy: 0.9611
[2026-05-23 22:41:05,780] Epoch 6 - Training loss: 0.102261   Test Accuracy: 0.9696
[2026-05-23 22:41:55,384] Epoch 7 - Training loss: 0.086865   Test Accuracy: 0.9675
[2026-05-23 22:42:41,363] Epoch 8 - Training loss: 0.074687   Test Accuracy: 0.9708
[2026-05-23 22:43:28,085] Epoch 9 - Training loss: 0.066148   Test Accuracy: 0.9727
[2026-05-23 22:44:13,206] Epoch 10 - Training loss: 0.060404   Test Accuracy: 0.9741
[2026-05-23 22:44:57,716] Epoch 11 - Training loss: 0.056786   Test Accuracy: 0.9738
[2026-05-23 22:45:45,835] Epoch 12 - Training loss: 0.052187   Test Accuracy: 0.9784
[2026-05-23 22:46:30,743] Epoch 13 - Training loss: 0.049178   Test Accuracy: 0.9767
[2026-05-23 22:47:18,926] Epoch 14 - Training loss: 0.047463   Test Accuracy: 0.9759
[2026-05-23 22:48:06,040] Epoch 15 - Training loss: 0.042554   Test Accuracy: 0.9796
[2026-05-23 22:48:51,585] Epoch 16 - Training loss: 0.031214   Test Accuracy: 0.9812
[2026-05-23 22:49:43,519] Epoch 17 - Training loss: 0.024763   Test Accuracy: 0.9795
[2026-05-23 22:50:28,645] Epoch 18 - Training loss: 0.023741   Test Accuracy: 0.9802
[2026-05-23 22:51:12,441] Epoch 19 - Training loss: 0.021216   Test Accuracy: 0.9773
[2026-05-23 22:51:57,364] Epoch 20 - Training loss: 0.019677   Test Accuracy: 0.9783
[2026-05-23 22:52:46,237] Epoch 21 - Training loss: 0.021065   Test Accuracy: 0.9803
[2026-05-23 22:53:37,085] Epoch 22 - Training loss: 0.018050   Test Accuracy: 0.9788
[2026-05-23 22:54:25,450] Epoch 23 - Training loss: 0.017851   Test Accuracy: 0.9769
[2026-05-23 22:55:16,955] Epoch 24 - Training loss: 0.017608   Test Accuracy: 0.9781
[2026-05-23 22:56:01,846] Epoch 25 - Training loss: 0.017372   Test Accuracy: 0.9794
[2026-05-23 22:56:49,797] Epoch 26 - Training loss: 0.016829   Test Accuracy: 0.9791
[2026-05-23 22:57:34,525] Epoch 27 - Training loss: 0.016212   Test Accuracy: 0.9801
[2026-05-23 22:58:21,635] Epoch 28 - Training loss: 0.013934   Test Accuracy: 0.9775
[2026-05-23 22:59:07,832] Epoch 29 - Training loss: 0.013635   Test Accuracy: 0.9799
[2026-05-23 22:59:51,417] Epoch 30 - Training loss: 0.013953   Test Accuracy: 0.9767
aihwkit path:  /home/bong/analog_stress_test/aihwkit-fork/src/aihwkit/__init__.py
NeurIPS-2025/S2-mnist-FCN.py --CUDA 0 --SETTING Analog SGD --RPU Pow --tau 0.7 --res-gamma 0.5 --res-state 14000
Using Device:  cuda:0
Logging to file: runs/MNIST-FCN/Pow-gamma=0.5-state=14000/Analog SGD-tau=0.7/events.out.tfevents.1779543375.user.378293.0

Training Time (s) = 1413.9704072475433
