# CMD: CUDA_VISIBLE_DEVICES=3 PYTHONPATH=/home/bong/analog_stress_test/analog-training SEED=2 python NeurIPS-2025/S2-mnist-FCN.py --CUDA 0 --SETTING Analog SGD --RPU Pow --tau 0.7 --res-gamma 0.5 --res-state 14000
[2026-05-23 22:13:03,195] Epoch 0 - Training loss: --------   Test Accuracy: 0.1007
[2026-05-23 22:13:48,861] Epoch 1 - Training loss: 2.303202   Test Accuracy: 0.1135
[2026-05-23 22:14:35,076] Epoch 2 - Training loss: 2.301649   Test Accuracy: 0.2155
[2026-05-23 22:15:25,711] Epoch 3 - Training loss: 0.517959   Test Accuracy: 0.9540
[2026-05-23 22:16:11,218] Epoch 4 - Training loss: 0.147308   Test Accuracy: 0.9627
[2026-05-23 22:16:53,576] Epoch 5 - Training loss: 0.108343   Test Accuracy: 0.9706
[2026-05-23 22:17:40,080] Epoch 6 - Training loss: 0.089095   Test Accuracy: 0.9676
[2026-05-23 22:18:26,488] Epoch 7 - Training loss: 0.075271   Test Accuracy: 0.9751
[2026-05-23 22:19:15,436] Epoch 8 - Training loss: 0.067573   Test Accuracy: 0.9749
[2026-05-23 22:20:06,383] Epoch 9 - Training loss: 0.061374   Test Accuracy: 0.9769
[2026-05-23 22:20:55,226] Epoch 10 - Training loss: 0.055676   Test Accuracy: 0.9751
[2026-05-23 22:21:43,218] Epoch 11 - Training loss: 0.050620   Test Accuracy: 0.9768
[2026-05-23 22:22:31,468] Epoch 12 - Training loss: 0.046246   Test Accuracy: 0.9779
[2026-05-23 22:23:22,377] Epoch 13 - Training loss: 0.042898   Test Accuracy: 0.9732
[2026-05-23 22:24:09,891] Epoch 14 - Training loss: 0.041676   Test Accuracy: 0.9776
[2026-05-23 22:24:58,885] Epoch 15 - Training loss: 0.037949   Test Accuracy: 0.9797
[2026-05-23 22:25:43,349] Epoch 16 - Training loss: 0.025377   Test Accuracy: 0.9797
[2026-05-23 22:26:27,602] Epoch 17 - Training loss: 0.022927   Test Accuracy: 0.9794
[2026-05-23 22:27:12,934] Epoch 18 - Training loss: 0.019753   Test Accuracy: 0.9770
[2026-05-23 22:27:57,904] Epoch 19 - Training loss: 0.018681   Test Accuracy: 0.9828
[2026-05-23 22:28:43,854] Epoch 20 - Training loss: 0.018490   Test Accuracy: 0.9814
[2026-05-23 22:29:34,173] Epoch 21 - Training loss: 0.016374   Test Accuracy: 0.9792
[2026-05-23 22:30:15,834] Epoch 22 - Training loss: 0.015331   Test Accuracy: 0.9832
[2026-05-23 22:31:00,471] Epoch 23 - Training loss: 0.013411   Test Accuracy: 0.9818
[2026-05-23 22:31:45,767] Epoch 24 - Training loss: 0.013958   Test Accuracy: 0.9775
[2026-05-23 22:32:33,341] Epoch 25 - Training loss: 0.013321   Test Accuracy: 0.9791
[2026-05-23 22:33:19,731] Epoch 26 - Training loss: 0.012290   Test Accuracy: 0.9820
[2026-05-23 22:34:08,829] Epoch 27 - Training loss: 0.013603   Test Accuracy: 0.9797
[2026-05-23 22:34:53,853] Epoch 28 - Training loss: 0.012682   Test Accuracy: 0.9801
[2026-05-23 22:35:40,389] Epoch 29 - Training loss: 0.011653   Test Accuracy: 0.9802
[2026-05-23 22:36:25,508] Epoch 30 - Training loss: 0.012005   Test Accuracy: 0.9780
aihwkit path:  /home/bong/analog_stress_test/aihwkit-fork/src/aihwkit/__init__.py
NeurIPS-2025/S2-mnist-FCN.py --CUDA 0 --SETTING Analog SGD --RPU Pow --tau 0.7 --res-gamma 0.5 --res-state 14000
Using Device:  cuda:0
Logging to file: runs/MNIST-FCN/Pow-gamma=0.5-state=14000/Analog SGD-tau=0.7/events.out.tfevents.1779541978.user.375965.0

Training Time (s) = 1405.363009929657
