# CMD: CUDA_VISIBLE_DEVICES=3 PYTHONPATH=/home/bong/analog_stress_test/analog-training SEED=1 python NeurIPS-2025/S2-mnist-FCN.py --CUDA 0 --SETTING Analog SGD --RPU Pow --tau 0.7 --res-gamma 0.5 --res-state 140
[2026-05-23 23:46:44,978] Epoch 0 - Training loss: --------   Test Accuracy: 0.1019
[2026-05-23 23:47:35,987] Epoch 1 - Training loss: 2.303491   Test Accuracy: 0.0994
[2026-05-23 23:48:24,578] Epoch 2 - Training loss: 1.829550   Test Accuracy: 0.8824
[2026-05-23 23:49:11,200] Epoch 3 - Training loss: 0.291588   Test Accuracy: 0.9387
[2026-05-23 23:50:00,313] Epoch 4 - Training loss: 0.207607   Test Accuracy: 0.9430
[2026-05-23 23:50:46,279] Epoch 5 - Training loss: 0.179558   Test Accuracy: 0.9398
[2026-05-23 23:51:31,512] Epoch 6 - Training loss: 0.168312   Test Accuracy: 0.9489
[2026-05-23 23:52:15,250] Epoch 7 - Training loss: 0.160497   Test Accuracy: 0.9532
[2026-05-23 23:52:57,785] Epoch 8 - Training loss: 0.150421   Test Accuracy: 0.9580
[2026-05-23 23:53:42,384] Epoch 9 - Training loss: 0.142621   Test Accuracy: 0.9577
[2026-05-23 23:54:26,675] Epoch 10 - Training loss: 0.137366   Test Accuracy: 0.9557
[2026-05-23 23:55:13,853] Epoch 11 - Training loss: 0.138402   Test Accuracy: 0.9610
[2026-05-23 23:56:08,417] Epoch 12 - Training loss: 0.130931   Test Accuracy: 0.9623
[2026-05-23 23:56:59,744] Epoch 13 - Training loss: 0.127943   Test Accuracy: 0.9551
[2026-05-23 23:57:44,809] Epoch 14 - Training loss: 0.125524   Test Accuracy: 0.9395
[2026-05-23 23:58:30,516] Epoch 15 - Training loss: 0.123821   Test Accuracy: 0.9587
[2026-05-23 23:59:16,963] Epoch 16 - Training loss: 0.087331   Test Accuracy: 0.9716
[2026-05-23 23:59:59,443] Epoch 17 - Training loss: 0.085963   Test Accuracy: 0.9693
[2026-05-24 00:00:45,735] Epoch 18 - Training loss: 0.090680   Test Accuracy: 0.9676
[2026-05-24 00:01:30,269] Epoch 19 - Training loss: 0.088116   Test Accuracy: 0.9612
[2026-05-24 00:02:15,088] Epoch 20 - Training loss: 0.091969   Test Accuracy: 0.9695
[2026-05-24 00:03:03,637] Epoch 21 - Training loss: 0.094164   Test Accuracy: 0.9521
[2026-05-24 00:03:52,192] Epoch 22 - Training loss: 0.090924   Test Accuracy: 0.9574
[2026-05-24 00:04:38,200] Epoch 23 - Training loss: 0.094081   Test Accuracy: 0.9342
[2026-05-24 00:05:24,169] Epoch 24 - Training loss: 0.092681   Test Accuracy: 0.9645
[2026-05-24 00:06:06,344] Epoch 25 - Training loss: 0.092427   Test Accuracy: 0.9631
[2026-05-24 00:06:46,297] Epoch 26 - Training loss: 0.097332   Test Accuracy: 0.9691
[2026-05-24 00:07:24,643] Epoch 27 - Training loss: 0.093206   Test Accuracy: 0.9637
[2026-05-24 00:08:03,702] Epoch 28 - Training loss: 0.093122   Test Accuracy: 0.9621
[2026-05-24 00:08:47,549] Epoch 29 - Training loss: 0.097175   Test Accuracy: 0.9671
[2026-05-24 00:09:33,776] Epoch 30 - Training loss: 0.092982   Test Accuracy: 0.9670
aihwkit path:  /home/bong/analog_stress_test/aihwkit-fork/src/aihwkit/__init__.py
NeurIPS-2025/S2-mnist-FCN.py --CUDA 0 --SETTING Analog SGD --RPU Pow --tau 0.7 --res-gamma 0.5 --res-state 140
Using Device:  cuda:0
Logging to file: runs/MNIST-FCN/Pow-gamma=0.5-state=140/Analog SGD-tau=0.7/events.out.tfevents.1779547599.user.384530.0

Training Time (s) = 1372.156136751175
