# CMD: CUDA_VISIBLE_DEVICES=3 PYTHONPATH=/home/bong/analog_stress_test/analog-training SEED=2 python NeurIPS-2025/S2-mnist-FCN.py --CUDA 0 --SETTING Analog SGD --RPU Pow --tau 0.7 --res-gamma 0.5 --res-state 14
[2026-05-24 01:19:06,668] Epoch 0 - Training loss: --------   Test Accuracy: 0.1010
[2026-05-24 01:19:47,800] Epoch 1 - Training loss: 1.464355   Test Accuracy: 0.8053
[2026-05-24 01:20:29,659] Epoch 2 - Training loss: 0.678432   Test Accuracy: 0.8136
[2026-05-24 01:21:09,375] Epoch 3 - Training loss: 0.541162   Test Accuracy: 0.8405
[2026-05-24 01:21:55,336] Epoch 4 - Training loss: 0.507205   Test Accuracy: 0.8876
[2026-05-24 01:22:42,064] Epoch 5 - Training loss: 0.476126   Test Accuracy: 0.8806
[2026-05-24 01:23:32,732] Epoch 6 - Training loss: 0.456172   Test Accuracy: 0.8804
[2026-05-24 01:24:19,164] Epoch 7 - Training loss: 0.450177   Test Accuracy: 0.8872
[2026-05-24 01:25:05,812] Epoch 8 - Training loss: 0.442817   Test Accuracy: 0.8778
[2026-05-24 01:25:53,589] Epoch 9 - Training loss: 0.432412   Test Accuracy: 0.8875
[2026-05-24 01:26:41,294] Epoch 10 - Training loss: 0.419636   Test Accuracy: 0.8743
[2026-05-24 01:27:30,513] Epoch 11 - Training loss: 0.401559   Test Accuracy: 0.8881
[2026-05-24 01:28:18,551] Epoch 12 - Training loss: 0.400180   Test Accuracy: 0.8922
[2026-05-24 01:29:09,965] Epoch 13 - Training loss: 0.405976   Test Accuracy: 0.8842
[2026-05-24 01:29:57,940] Epoch 14 - Training loss: 0.406148   Test Accuracy: 0.7921
[2026-05-24 01:30:48,610] Epoch 15 - Training loss: 0.412788   Test Accuracy: 0.8711
[2026-05-24 01:31:35,549] Epoch 16 - Training loss: 0.362381   Test Accuracy: 0.9068
[2026-05-24 01:32:22,271] Epoch 17 - Training loss: 0.366425   Test Accuracy: 0.8866
[2026-05-24 01:33:11,344] Epoch 18 - Training loss: 0.387653   Test Accuracy: 0.8795
[2026-05-24 01:34:00,550] Epoch 19 - Training loss: 0.397404   Test Accuracy: 0.8923
[2026-05-24 01:34:48,721] Epoch 20 - Training loss: 0.379969   Test Accuracy: 0.9010
[2026-05-24 01:35:37,018] Epoch 21 - Training loss: 0.372340   Test Accuracy: 0.8876
[2026-05-24 01:36:29,631] Epoch 22 - Training loss: 0.380616   Test Accuracy: 0.8870
[2026-05-24 01:37:15,757] Epoch 23 - Training loss: 0.370325   Test Accuracy: 0.8919
[2026-05-24 01:37:55,958] Epoch 24 - Training loss: 0.382516   Test Accuracy: 0.8904
[2026-05-24 01:38:36,218] Epoch 25 - Training loss: 0.396114   Test Accuracy: 0.8645
[2026-05-24 01:39:16,078] Epoch 26 - Training loss: 0.389187   Test Accuracy: 0.8886
[2026-05-24 01:40:02,278] Epoch 27 - Training loss: 0.386919   Test Accuracy: 0.8924
[2026-05-24 01:40:52,904] Epoch 28 - Training loss: 0.393650   Test Accuracy: 0.8919
[2026-05-24 01:41:37,892] Epoch 29 - Training loss: 0.388707   Test Accuracy: 0.8844
[2026-05-24 01:42:22,037] Epoch 30 - Training loss: 0.399391   Test Accuracy: 0.8978
aihwkit path:  /home/bong/analog_stress_test/aihwkit-fork/src/aihwkit/__init__.py
NeurIPS-2025/S2-mnist-FCN.py --CUDA 0 --SETTING Analog SGD --RPU Pow --tau 0.7 --res-gamma 0.5 --res-state 14
Using Device:  cuda:0
Logging to file: runs/MNIST-FCN/Pow-gamma=0.5-state=14/Analog SGD-tau=0.7/events.out.tfevents.1779553141.user.392486.0

Training Time (s) = 1398.6889293193817
