# CMD: CUDA_VISIBLE_DEVICES=2 PYTHONPATH=/home/bong/analog_stress_test/analog-training SEED=3 python NeurIPS-2025/S2-mnist-CNN.py --CUDA 0 --SETTING TT-v2 --RPU Pow --tau 0.7 --res-gamma 0.5 --res-state 140
[2026-05-20 08:52:37,263] Epoch 0 - Training loss: --------   Test Accuracy: 0.1357
[2026-05-20 08:54:10,686] Epoch 1 - Training loss: 0.892645   Test Accuracy: 0.9237
[2026-05-20 08:55:40,213] Epoch 2 - Training loss: 0.198838   Test Accuracy: 0.9542
[2026-05-20 08:57:12,535] Epoch 3 - Training loss: 0.128924   Test Accuracy: 0.9658
[2026-05-20 08:58:42,878] Epoch 4 - Training loss: 0.102348   Test Accuracy: 0.9693
[2026-05-20 09:00:14,151] Epoch 5 - Training loss: 0.081454   Test Accuracy: 0.9751
[2026-05-20 09:01:41,641] Epoch 6 - Training loss: 0.067917   Test Accuracy: 0.9757
[2026-05-20 09:03:07,999] Epoch 7 - Training loss: 0.060919   Test Accuracy: 0.9753
[2026-05-20 09:04:44,055] Epoch 8 - Training loss: 0.059871   Test Accuracy: 0.9763
[2026-05-20 09:06:16,743] Epoch 9 - Training loss: 0.053426   Test Accuracy: 0.9780
[2026-05-20 09:07:49,866] Epoch 10 - Training loss: 0.049545   Test Accuracy: 0.9784
[2026-05-20 09:09:25,097] Epoch 11 - Training loss: 0.044807   Test Accuracy: 0.9789
[2026-05-20 09:10:59,269] Epoch 12 - Training loss: 0.039344   Test Accuracy: 0.9806
[2026-05-20 09:12:32,107] Epoch 13 - Training loss: 0.035437   Test Accuracy: 0.9818
[2026-05-20 09:14:05,917] Epoch 14 - Training loss: 0.033184   Test Accuracy: 0.9816
[2026-05-20 09:15:42,408] Epoch 15 - Training loss: 0.030878   Test Accuracy: 0.9801
[2026-05-20 09:17:17,211] Epoch 16 - Training loss: 0.028897   Test Accuracy: 0.9817
[2026-05-20 09:18:51,920] Epoch 17 - Training loss: 0.026875   Test Accuracy: 0.9796
[2026-05-20 09:20:26,068] Epoch 18 - Training loss: 0.023480   Test Accuracy: 0.9822
[2026-05-20 09:22:01,323] Epoch 19 - Training loss: 0.022715   Test Accuracy: 0.9831
[2026-05-20 09:23:37,242] Epoch 20 - Training loss: 0.022151   Test Accuracy: 0.9833
[2026-05-20 09:25:10,950] Epoch 21 - Training loss: 0.020793   Test Accuracy: 0.9846
[2026-05-20 09:26:48,445] Epoch 22 - Training loss: 0.020951   Test Accuracy: 0.9833
[2026-05-20 09:28:25,064] Epoch 23 - Training loss: 0.018535   Test Accuracy: 0.9854
[2026-05-20 09:30:01,897] Epoch 24 - Training loss: 0.017146   Test Accuracy: 0.9826
[2026-05-20 09:31:34,825] Epoch 25 - Training loss: 0.015715   Test Accuracy: 0.9835
[2026-05-20 09:33:12,496] Epoch 26 - Training loss: 0.016861   Test Accuracy: 0.9859
[2026-05-20 09:34:46,472] Epoch 27 - Training loss: 0.015950   Test Accuracy: 0.9848
[2026-05-20 09:36:23,273] Epoch 28 - Training loss: 0.014079   Test Accuracy: 0.9844
[2026-05-20 09:37:58,131] Epoch 29 - Training loss: 0.014244   Test Accuracy: 0.9861
[2026-05-20 09:39:35,403] Epoch 30 - Training loss: 0.014253   Test Accuracy: 0.9855
aihwkit path:  /home/bong/analog_stress_test/aihwkit-fork/src/aihwkit/__init__.py
NeurIPS-2025/S2-mnist-CNN.py --CUDA 0 --SETTING TT-v2 --RPU Pow --tau 0.7 --res-gamma 0.5 --res-state 140
Using Device:  cuda:0
Logging to file: runs/MNIST-CNN/Pow-gamma=0.5-state=140/TT-v2-tau=0.7/events.out.tfevents.1779234751.user.2278428.0

Training Time (s) = 2822.2343389987946
