# CMD: CUDA_VISIBLE_DEVICES=2 PYTHONPATH=/home/bong/analog_stress_test/analog-training SEED=3 python NeurIPS-2025/S2-mnist-CNN.py --CUDA 0 --SETTING TT-v2 --RPU Pow --tau 0.7 --res-gamma 0.5 --res-state 14
[2026-05-20 12:04:39,603] Epoch 0 - Training loss: --------   Test Accuracy: 0.1351
[2026-05-20 12:06:15,448] Epoch 1 - Training loss: 1.418998   Test Accuracy: 0.8617
[2026-05-20 12:07:54,360] Epoch 2 - Training loss: 0.351323   Test Accuracy: 0.9110
[2026-05-20 12:09:37,116] Epoch 3 - Training loss: 0.242627   Test Accuracy: 0.9391
[2026-05-20 12:11:20,273] Epoch 4 - Training loss: 0.192659   Test Accuracy: 0.9451
[2026-05-20 12:13:02,903] Epoch 5 - Training loss: 0.160212   Test Accuracy: 0.9561
[2026-05-20 12:14:47,950] Epoch 6 - Training loss: 0.135002   Test Accuracy: 0.9621
[2026-05-20 12:16:31,049] Epoch 7 - Training loss: 0.117348   Test Accuracy: 0.9621
[2026-05-20 12:18:13,079] Epoch 8 - Training loss: 0.106085   Test Accuracy: 0.9708
[2026-05-20 12:19:53,634] Epoch 9 - Training loss: 0.097394   Test Accuracy: 0.9707
[2026-05-20 12:21:38,250] Epoch 10 - Training loss: 0.088795   Test Accuracy: 0.9736
[2026-05-20 12:23:19,879] Epoch 11 - Training loss: 0.081849   Test Accuracy: 0.9732
[2026-05-20 12:25:03,402] Epoch 12 - Training loss: 0.077831   Test Accuracy: 0.9750
[2026-05-20 12:26:45,003] Epoch 13 - Training loss: 0.076056   Test Accuracy: 0.9760
[2026-05-20 12:28:29,268] Epoch 14 - Training loss: 0.074189   Test Accuracy: 0.9769
[2026-05-20 12:30:08,811] Epoch 15 - Training loss: 0.072486   Test Accuracy: 0.9761
[2026-05-20 12:31:52,699] Epoch 16 - Training loss: 0.069392   Test Accuracy: 0.9759
[2026-05-20 12:33:40,504] Epoch 17 - Training loss: 0.065918   Test Accuracy: 0.9786
[2026-05-20 12:35:26,260] Epoch 18 - Training loss: 0.064914   Test Accuracy: 0.9776
[2026-05-20 12:37:12,089] Epoch 19 - Training loss: 0.062245   Test Accuracy: 0.9791
[2026-05-20 12:38:55,076] Epoch 20 - Training loss: 0.060590   Test Accuracy: 0.9784
[2026-05-20 12:40:38,861] Epoch 21 - Training loss: 0.059824   Test Accuracy: 0.9810
[2026-05-20 12:42:19,592] Epoch 22 - Training loss: 0.056891   Test Accuracy: 0.9804
[2026-05-20 12:43:59,799] Epoch 23 - Training loss: 0.056089   Test Accuracy: 0.9808
[2026-05-20 12:45:41,262] Epoch 24 - Training loss: 0.054235   Test Accuracy: 0.9792
[2026-05-20 12:47:21,975] Epoch 25 - Training loss: 0.053997   Test Accuracy: 0.9812
[2026-05-20 12:49:04,283] Epoch 26 - Training loss: 0.053941   Test Accuracy: 0.9808
[2026-05-20 12:50:44,427] Epoch 27 - Training loss: 0.052787   Test Accuracy: 0.9804
[2026-05-20 12:52:26,555] Epoch 28 - Training loss: 0.052414   Test Accuracy: 0.9812
[2026-05-20 12:54:10,283] Epoch 29 - Training loss: 0.051519   Test Accuracy: 0.9819
[2026-05-20 12:55:46,249] Epoch 30 - Training loss: 0.052364   Test Accuracy: 0.9820
aihwkit path:  /home/bong/analog_stress_test/aihwkit-fork/src/aihwkit/__init__.py
NeurIPS-2025/S2-mnist-CNN.py --CUDA 0 --SETTING TT-v2 --RPU Pow --tau 0.7 --res-gamma 0.5 --res-state 14
Using Device:  cuda:0
Logging to file: runs/MNIST-CNN/Pow-gamma=0.5-state=14/TT-v2-tau=0.7/events.out.tfevents.1779246274.user.2301286.0

Training Time (s) = 3069.7771441936493
