# CMD: CUDA_VISIBLE_DEVICES=2 PYTHONPATH=/home/bong/analog_stress_test/analog-training SEED=3 python NeurIPS-2025/S2-mnist-CNN.py --CUDA 0 --SETTING TT-v2 --RPU Pow --tau 0.7 --res-gamma 0.5 --res-state 280
[2026-05-20 07:58:43,900] Epoch 0 - Training loss: --------   Test Accuracy: 0.1353
[2026-05-20 08:00:12,100] Epoch 1 - Training loss: 0.873555   Test Accuracy: 0.9211
[2026-05-20 08:01:36,205] Epoch 2 - Training loss: 0.205372   Test Accuracy: 0.9545
[2026-05-20 08:03:04,674] Epoch 3 - Training loss: 0.135515   Test Accuracy: 0.9664
[2026-05-20 08:04:37,395] Epoch 4 - Training loss: 0.102424   Test Accuracy: 0.9701
[2026-05-20 08:06:07,974] Epoch 5 - Training loss: 0.083435   Test Accuracy: 0.9759
[2026-05-20 08:07:34,473] Epoch 6 - Training loss: 0.073874   Test Accuracy: 0.9732
[2026-05-20 08:09:06,678] Epoch 7 - Training loss: 0.066384   Test Accuracy: 0.9768
[2026-05-20 08:10:34,471] Epoch 8 - Training loss: 0.057706   Test Accuracy: 0.9779
[2026-05-20 08:12:05,233] Epoch 9 - Training loss: 0.050804   Test Accuracy: 0.9783
[2026-05-20 08:13:36,241] Epoch 10 - Training loss: 0.045237   Test Accuracy: 0.9800
[2026-05-20 08:15:07,944] Epoch 11 - Training loss: 0.040858   Test Accuracy: 0.9816
[2026-05-20 08:16:40,442] Epoch 12 - Training loss: 0.038035   Test Accuracy: 0.9811
[2026-05-20 08:18:09,377] Epoch 13 - Training loss: 0.037232   Test Accuracy: 0.9815
[2026-05-20 08:19:39,587] Epoch 14 - Training loss: 0.034554   Test Accuracy: 0.9825
[2026-05-20 08:21:11,379] Epoch 15 - Training loss: 0.031790   Test Accuracy: 0.9816
[2026-05-20 08:22:47,228] Epoch 16 - Training loss: 0.032855   Test Accuracy: 0.9811
[2026-05-20 08:24:21,798] Epoch 17 - Training loss: 0.028842   Test Accuracy: 0.9808
[2026-05-20 08:25:55,914] Epoch 18 - Training loss: 0.027792   Test Accuracy: 0.9824
[2026-05-20 08:27:26,851] Epoch 19 - Training loss: 0.025300   Test Accuracy: 0.9819
[2026-05-20 08:28:59,587] Epoch 20 - Training loss: 0.023654   Test Accuracy: 0.9834
[2026-05-20 08:30:33,639] Epoch 21 - Training loss: 0.022590   Test Accuracy: 0.9825
[2026-05-20 08:32:06,251] Epoch 22 - Training loss: 0.021516   Test Accuracy: 0.9847
[2026-05-20 08:33:38,001] Epoch 23 - Training loss: 0.020380   Test Accuracy: 0.9831
[2026-05-20 08:35:08,629] Epoch 24 - Training loss: 0.020668   Test Accuracy: 0.9835
[2026-05-20 08:36:37,682] Epoch 25 - Training loss: 0.020107   Test Accuracy: 0.9850
[2026-05-20 08:38:10,422] Epoch 26 - Training loss: 0.018483   Test Accuracy: 0.9840
[2026-05-20 08:39:45,843] Epoch 27 - Training loss: 0.017908   Test Accuracy: 0.9850
[2026-05-20 08:41:22,146] Epoch 28 - Training loss: 0.017364   Test Accuracy: 0.9860
[2026-05-20 08:42:53,706] Epoch 29 - Training loss: 0.016682   Test Accuracy: 0.9844
[2026-05-20 08:44:28,510] Epoch 30 - Training loss: 0.015259   Test Accuracy: 0.9836
aihwkit path:  /home/bong/analog_stress_test/aihwkit-fork/src/aihwkit/__init__.py
NeurIPS-2025/S2-mnist-CNN.py --CUDA 0 --SETTING TT-v2 --RPU Pow --tau 0.7 --res-gamma 0.5 --res-state 280
Using Device:  cuda:0
Logging to file: runs/MNIST-CNN/Pow-gamma=0.5-state=280/TT-v2-tau=0.7/events.out.tfevents.1779231517.user.2273146.0

Training Time (s) = 2748.8056654930115
