# CMD: CUDA_VISIBLE_DEVICES=2 PYTHONPATH=/home/bong/analog_stress_test/analog-training SEED=2 python NeurIPS-2025/S2-mnist-CNN.py --CUDA 0 --SETTING TT-v2 --RPU Pow --tau 0.7 --res-gamma 0.5 --res-state 28
[2026-05-20 09:39:46,736] Epoch 0 - Training loss: --------   Test Accuracy: 0.1503
[2026-05-20 09:41:14,239] Epoch 1 - Training loss: 1.271510   Test Accuracy: 0.8827
[2026-05-20 09:42:43,321] Epoch 2 - Training loss: 0.318860   Test Accuracy: 0.9284
[2026-05-20 09:44:15,479] Epoch 3 - Training loss: 0.218146   Test Accuracy: 0.9487
[2026-05-20 09:45:50,448] Epoch 4 - Training loss: 0.164190   Test Accuracy: 0.9524
[2026-05-20 09:47:24,651] Epoch 5 - Training loss: 0.147044   Test Accuracy: 0.9561
[2026-05-20 09:48:59,104] Epoch 6 - Training loss: 0.126201   Test Accuracy: 0.9648
[2026-05-20 09:50:36,406] Epoch 7 - Training loss: 0.109854   Test Accuracy: 0.9680
[2026-05-20 09:52:11,041] Epoch 8 - Training loss: 0.100413   Test Accuracy: 0.9682
[2026-05-20 09:53:49,149] Epoch 9 - Training loss: 0.090167   Test Accuracy: 0.9715
[2026-05-20 09:55:22,836] Epoch 10 - Training loss: 0.083816   Test Accuracy: 0.9736
[2026-05-20 09:56:56,653] Epoch 11 - Training loss: 0.078017   Test Accuracy: 0.9764
[2026-05-20 09:58:33,367] Epoch 12 - Training loss: 0.072607   Test Accuracy: 0.9766
[2026-05-20 10:00:08,581] Epoch 13 - Training loss: 0.070975   Test Accuracy: 0.9769
[2026-05-20 10:01:42,861] Epoch 14 - Training loss: 0.065035   Test Accuracy: 0.9789
[2026-05-20 10:03:17,381] Epoch 15 - Training loss: 0.062341   Test Accuracy: 0.9823
[2026-05-20 10:04:52,425] Epoch 16 - Training loss: 0.061084   Test Accuracy: 0.9799
[2026-05-20 10:06:26,446] Epoch 17 - Training loss: 0.056702   Test Accuracy: 0.9829
[2026-05-20 10:08:02,439] Epoch 18 - Training loss: 0.054600   Test Accuracy: 0.9818
[2026-05-20 10:09:38,400] Epoch 19 - Training loss: 0.053184   Test Accuracy: 0.9814
[2026-05-20 10:11:14,407] Epoch 20 - Training loss: 0.051587   Test Accuracy: 0.9816
[2026-05-20 10:12:50,885] Epoch 21 - Training loss: 0.050062   Test Accuracy: 0.9823
[2026-05-20 10:14:26,276] Epoch 22 - Training loss: 0.048669   Test Accuracy: 0.9833
[2026-05-20 10:16:02,063] Epoch 23 - Training loss: 0.047525   Test Accuracy: 0.9833
[2026-05-20 10:17:37,704] Epoch 24 - Training loss: 0.044899   Test Accuracy: 0.9834
[2026-05-20 10:19:04,698] Epoch 25 - Training loss: 0.046126   Test Accuracy: 0.9831
[2026-05-20 10:20:36,784] Epoch 26 - Training loss: 0.042015   Test Accuracy: 0.9846
[2026-05-20 10:22:14,998] Epoch 27 - Training loss: 0.040312   Test Accuracy: 0.9840
[2026-05-20 10:23:51,853] Epoch 28 - Training loss: 0.039966   Test Accuracy: 0.9846
[2026-05-20 10:25:28,834] Epoch 29 - Training loss: 0.037888   Test Accuracy: 0.9813
[2026-05-20 10:27:04,767] Epoch 30 - Training loss: 0.038121   Test Accuracy: 0.9842
aihwkit path:  /home/bong/analog_stress_test/aihwkit-fork/src/aihwkit/__init__.py
NeurIPS-2025/S2-mnist-CNN.py --CUDA 0 --SETTING TT-v2 --RPU Pow --tau 0.7 --res-gamma 0.5 --res-state 28
Using Device:  cuda:0
Logging to file: runs/MNIST-CNN/Pow-gamma=0.5-state=28/TT-v2-tau=0.7/events.out.tfevents.1779237580.user.2282638.0

Training Time (s) = 2842.1928656101227
