# CMD: CUDA_VISIBLE_DEVICES=2 PYTHONPATH=/home/bong/analog_stress_test/analog-training SEED=1 python NeurIPS-2025/S2-mnist-CNN.py --CUDA 0 --SETTING TT-v2 --RPU Pow --tau 0.7 --res-gamma 0.5 --res-state 14
[2026-05-20 11:16:53,991] Epoch 0 - Training loss: --------   Test Accuracy: 0.1408
[2026-05-20 11:18:19,341] Epoch 1 - Training loss: 1.725806   Test Accuracy: 0.8034
[2026-05-20 11:19:51,530] Epoch 2 - Training loss: 0.439446   Test Accuracy: 0.9036
[2026-05-20 11:21:24,521] Epoch 3 - Training loss: 0.295036   Test Accuracy: 0.9208
[2026-05-20 11:22:59,189] Epoch 4 - Training loss: 0.226773   Test Accuracy: 0.9377
[2026-05-20 11:24:35,139] Epoch 5 - Training loss: 0.182007   Test Accuracy: 0.9503
[2026-05-20 11:26:14,782] Epoch 6 - Training loss: 0.157412   Test Accuracy: 0.9545
[2026-05-20 11:27:48,201] Epoch 7 - Training loss: 0.144768   Test Accuracy: 0.9567
[2026-05-20 11:29:24,655] Epoch 8 - Training loss: 0.127217   Test Accuracy: 0.9600
[2026-05-20 11:31:00,006] Epoch 9 - Training loss: 0.113056   Test Accuracy: 0.9657
[2026-05-20 11:32:35,484] Epoch 10 - Training loss: 0.103915   Test Accuracy: 0.9672
[2026-05-20 11:34:11,316] Epoch 11 - Training loss: 0.096971   Test Accuracy: 0.9709
[2026-05-20 11:35:50,527] Epoch 12 - Training loss: 0.090201   Test Accuracy: 0.9727
[2026-05-20 11:37:26,931] Epoch 13 - Training loss: 0.084708   Test Accuracy: 0.9729
[2026-05-20 11:39:01,941] Epoch 14 - Training loss: 0.079652   Test Accuracy: 0.9745
[2026-05-20 11:40:37,429] Epoch 15 - Training loss: 0.076687   Test Accuracy: 0.9760
[2026-05-20 11:42:13,271] Epoch 16 - Training loss: 0.073656   Test Accuracy: 0.9778
[2026-05-20 11:43:48,782] Epoch 17 - Training loss: 0.073157   Test Accuracy: 0.9757
[2026-05-20 11:45:25,007] Epoch 18 - Training loss: 0.069451   Test Accuracy: 0.9754
[2026-05-20 11:47:01,138] Epoch 19 - Training loss: 0.068409   Test Accuracy: 0.9770
[2026-05-20 11:48:36,196] Epoch 20 - Training loss: 0.066923   Test Accuracy: 0.9768
[2026-05-20 11:50:11,020] Epoch 21 - Training loss: 0.064766   Test Accuracy: 0.9801
[2026-05-20 11:51:45,339] Epoch 22 - Training loss: 0.063655   Test Accuracy: 0.9791
[2026-05-20 11:53:20,361] Epoch 23 - Training loss: 0.061833   Test Accuracy: 0.9784
[2026-05-20 11:54:56,470] Epoch 24 - Training loss: 0.059803   Test Accuracy: 0.9785
[2026-05-20 11:56:29,854] Epoch 25 - Training loss: 0.058240   Test Accuracy: 0.9801
[2026-05-20 11:58:05,697] Epoch 26 - Training loss: 0.058849   Test Accuracy: 0.9795
[2026-05-20 11:59:42,756] Epoch 27 - Training loss: 0.056511   Test Accuracy: 0.9796
[2026-05-20 12:01:20,115] Epoch 28 - Training loss: 0.056369   Test Accuracy: 0.9808
[2026-05-20 12:02:56,041] Epoch 29 - Training loss: 0.055329   Test Accuracy: 0.9793
[2026-05-20 12:04:30,953] Epoch 30 - Training loss: 0.055083   Test Accuracy: 0.9807
aihwkit path:  /home/bong/analog_stress_test/aihwkit-fork/src/aihwkit/__init__.py
NeurIPS-2025/S2-mnist-CNN.py --CUDA 0 --SETTING TT-v2 --RPU Pow --tau 0.7 --res-gamma 0.5 --res-state 14
Using Device:  cuda:0
Logging to file: runs/MNIST-CNN/Pow-gamma=0.5-state=14/TT-v2-tau=0.7/events.out.tfevents.1779243407.user.2295776.0

Training Time (s) = 2860.82230424881
