# CMD: CUDA_VISIBLE_DEVICES=2 PYTHONPATH=/home/bong/analog_stress_test/analog-training SEED=2 python NeurIPS-2025/S2-mnist-CNN.py --CUDA 0 --SETTING TT-v2 --RPU Pow --tau 0.7 --res-gamma 0.5 --res-state 1400
[2026-05-20 06:24:20,072] Epoch 0 - Training loss: --------   Test Accuracy: 0.1486
[2026-05-20 06:25:53,794] Epoch 1 - Training loss: 1.346886   Test Accuracy: 0.7645
[2026-05-20 06:27:25,302] Epoch 2 - Training loss: 0.561669   Test Accuracy: 0.8641
[2026-05-20 06:28:55,760] Epoch 3 - Training loss: 0.403345   Test Accuracy: 0.8949
[2026-05-20 06:30:27,435] Epoch 4 - Training loss: 0.324821   Test Accuracy: 0.9124
[2026-05-20 06:31:59,881] Epoch 5 - Training loss: 0.271362   Test Accuracy: 0.9190
[2026-05-20 06:33:29,632] Epoch 6 - Training loss: 0.231537   Test Accuracy: 0.9394
[2026-05-20 06:35:04,898] Epoch 7 - Training loss: 0.201854   Test Accuracy: 0.9462
[2026-05-20 06:36:38,273] Epoch 8 - Training loss: 0.178947   Test Accuracy: 0.9416
[2026-05-20 06:38:13,535] Epoch 9 - Training loss: 0.160625   Test Accuracy: 0.9535
[2026-05-20 06:39:48,623] Epoch 10 - Training loss: 0.146739   Test Accuracy: 0.9567
[2026-05-20 06:41:26,304] Epoch 11 - Training loss: 0.133842   Test Accuracy: 0.9612
[2026-05-20 06:43:01,691] Epoch 12 - Training loss: 0.122597   Test Accuracy: 0.9653
[2026-05-20 06:44:39,176] Epoch 13 - Training loss: 0.114069   Test Accuracy: 0.9674
[2026-05-20 06:46:20,018] Epoch 14 - Training loss: 0.106481   Test Accuracy: 0.9720
[2026-05-20 06:47:52,749] Epoch 15 - Training loss: 0.099737   Test Accuracy: 0.9683
[2026-05-20 06:49:28,836] Epoch 16 - Training loss: 0.093665   Test Accuracy: 0.9728
[2026-05-20 06:51:01,721] Epoch 17 - Training loss: 0.089013   Test Accuracy: 0.9753
[2026-05-20 06:52:35,038] Epoch 18 - Training loss: 0.084984   Test Accuracy: 0.9775
[2026-05-20 06:54:09,321] Epoch 19 - Training loss: 0.081690   Test Accuracy: 0.9787
[2026-05-20 06:55:42,629] Epoch 20 - Training loss: 0.078996   Test Accuracy: 0.9776
[2026-05-20 06:57:15,303] Epoch 21 - Training loss: 0.074401   Test Accuracy: 0.9786
[2026-05-20 06:58:47,961] Epoch 22 - Training loss: 0.071914   Test Accuracy: 0.9816
[2026-05-20 07:00:20,861] Epoch 23 - Training loss: 0.069663   Test Accuracy: 0.9801
[2026-05-20 07:01:54,816] Epoch 24 - Training loss: 0.067146   Test Accuracy: 0.9812
[2026-05-20 07:03:30,425] Epoch 25 - Training loss: 0.066410   Test Accuracy: 0.9813
[2026-05-20 07:05:04,183] Epoch 26 - Training loss: 0.063953   Test Accuracy: 0.9797
[2026-05-20 07:06:38,077] Epoch 27 - Training loss: 0.063040   Test Accuracy: 0.9817
[2026-05-20 07:08:13,656] Epoch 28 - Training loss: 0.061222   Test Accuracy: 0.9811
[2026-05-20 07:09:52,697] Epoch 29 - Training loss: 0.059746   Test Accuracy: 0.9820
[2026-05-20 07:11:26,961] Epoch 30 - Training loss: 0.058793   Test Accuracy: 0.9828
aihwkit path:  /home/bong/analog_stress_test/aihwkit-fork/src/aihwkit/__init__.py
NeurIPS-2025/S2-mnist-CNN.py --CUDA 0 --SETTING TT-v2 --RPU Pow --tau 0.7 --res-gamma 0.5 --res-state 1400
Using Device:  cuda:0
Logging to file: runs/MNIST-CNN/Pow-gamma=0.5-state=1400/TT-v2-tau=0.7/events.out.tfevents.1779225853.user.2256078.0

Training Time (s) = 2831.1318080425262
