# CMD: CUDA_VISIBLE_DEVICES=2 PYTHONPATH=/home/bong/analog_stress_test/analog-training SEED=1 python NeurIPS-2025/S2-mnist-CNN.py --CUDA 0 --SETTING TT-v2 --RPU Pow --tau 0.7 --res-gamma 0.5 --res-state 140
[2026-05-20 08:06:42,416] Epoch 0 - Training loss: --------   Test Accuracy: 0.1401
[2026-05-20 08:08:07,847] Epoch 1 - Training loss: 1.121567   Test Accuracy: 0.8968
[2026-05-20 08:09:36,556] Epoch 2 - Training loss: 0.255236   Test Accuracy: 0.9445
[2026-05-20 08:11:08,846] Epoch 3 - Training loss: 0.155905   Test Accuracy: 0.9594
[2026-05-20 08:12:37,188] Epoch 4 - Training loss: 0.112258   Test Accuracy: 0.9663
[2026-05-20 08:14:08,474] Epoch 5 - Training loss: 0.089489   Test Accuracy: 0.9726
[2026-05-20 08:15:41,026] Epoch 6 - Training loss: 0.074650   Test Accuracy: 0.9748
[2026-05-20 08:17:07,418] Epoch 7 - Training loss: 0.064674   Test Accuracy: 0.9754
[2026-05-20 08:18:29,166] Epoch 8 - Training loss: 0.056291   Test Accuracy: 0.9768
[2026-05-20 08:19:52,773] Epoch 9 - Training loss: 0.050311   Test Accuracy: 0.9785
[2026-05-20 08:21:29,436] Epoch 10 - Training loss: 0.046762   Test Accuracy: 0.9807
[2026-05-20 08:23:00,312] Epoch 11 - Training loss: 0.039779   Test Accuracy: 0.9804
[2026-05-20 08:24:34,180] Epoch 12 - Training loss: 0.037164   Test Accuracy: 0.9816
[2026-05-20 08:26:05,602] Epoch 13 - Training loss: 0.035087   Test Accuracy: 0.9828
[2026-05-20 08:27:39,657] Epoch 14 - Training loss: 0.032226   Test Accuracy: 0.9828
[2026-05-20 08:29:04,568] Epoch 15 - Training loss: 0.028489   Test Accuracy: 0.9814
[2026-05-20 08:30:39,650] Epoch 16 - Training loss: 0.027000   Test Accuracy: 0.9819
[2026-05-20 08:32:09,942] Epoch 17 - Training loss: 0.027457   Test Accuracy: 0.9840
[2026-05-20 08:33:43,067] Epoch 18 - Training loss: 0.025680   Test Accuracy: 0.9807
[2026-05-20 08:35:17,537] Epoch 19 - Training loss: 0.023562   Test Accuracy: 0.9843
[2026-05-20 08:36:52,210] Epoch 20 - Training loss: 0.022185   Test Accuracy: 0.9851
[2026-05-20 08:38:25,739] Epoch 21 - Training loss: 0.019851   Test Accuracy: 0.9820
[2026-05-20 08:40:01,781] Epoch 22 - Training loss: 0.021366   Test Accuracy: 0.9848
[2026-05-20 08:41:38,872] Epoch 23 - Training loss: 0.020395   Test Accuracy: 0.9839
[2026-05-20 08:43:12,885] Epoch 24 - Training loss: 0.021037   Test Accuracy: 0.9836
[2026-05-20 08:44:44,716] Epoch 25 - Training loss: 0.018833   Test Accuracy: 0.9850
[2026-05-20 08:46:20,297] Epoch 26 - Training loss: 0.017394   Test Accuracy: 0.9846
[2026-05-20 08:47:48,521] Epoch 27 - Training loss: 0.019904   Test Accuracy: 0.9844
[2026-05-20 08:49:18,185] Epoch 28 - Training loss: 0.019065   Test Accuracy: 0.9828
[2026-05-20 08:50:50,803] Epoch 29 - Training loss: 0.017304   Test Accuracy: 0.9849
[2026-05-20 08:52:27,448] Epoch 30 - Training loss: 0.016261   Test Accuracy: 0.9846
aihwkit path:  /home/bong/analog_stress_test/aihwkit-fork/src/aihwkit/__init__.py
NeurIPS-2025/S2-mnist-CNN.py --CUDA 0 --SETTING TT-v2 --RPU Pow --tau 0.7 --res-gamma 0.5 --res-state 140
Using Device:  cuda:0
Logging to file: runs/MNIST-CNN/Pow-gamma=0.5-state=140/TT-v2-tau=0.7/events.out.tfevents.1779231996.user.2273859.0

Training Time (s) = 2749.2101600170135
