# CMD: CUDA_VISIBLE_DEVICES=2 PYTHONPATH=/home/bong/analog_stress_test/analog-training SEED=2 python NeurIPS-2025/S2-mnist-CNN.py --CUDA 0 --SETTING TT-v2 --RPU Pow --tau 0.7 --res-gamma 0.5 --res-state 280
[2026-05-20 07:19:35,488] Epoch 0 - Training loss: --------   Test Accuracy: 0.1515
[2026-05-20 07:21:00,700] Epoch 1 - Training loss: 0.958514   Test Accuracy: 0.9045
[2026-05-20 07:22:31,344] Epoch 2 - Training loss: 0.247654   Test Accuracy: 0.9440
[2026-05-20 07:23:59,379] Epoch 3 - Training loss: 0.157543   Test Accuracy: 0.9600
[2026-05-20 07:25:28,962] Epoch 4 - Training loss: 0.117377   Test Accuracy: 0.9686
[2026-05-20 07:26:59,388] Epoch 5 - Training loss: 0.093852   Test Accuracy: 0.9713
[2026-05-20 07:28:33,248] Epoch 6 - Training loss: 0.086186   Test Accuracy: 0.9717
[2026-05-20 07:30:05,810] Epoch 7 - Training loss: 0.073379   Test Accuracy: 0.9768
[2026-05-20 07:31:35,181] Epoch 8 - Training loss: 0.064979   Test Accuracy: 0.9801
[2026-05-20 07:33:09,496] Epoch 9 - Training loss: 0.058586   Test Accuracy: 0.9786
[2026-05-20 07:34:45,293] Epoch 10 - Training loss: 0.052500   Test Accuracy: 0.9776
[2026-05-20 07:36:19,472] Epoch 11 - Training loss: 0.048727   Test Accuracy: 0.9808
[2026-05-20 07:37:52,605] Epoch 12 - Training loss: 0.050412   Test Accuracy: 0.9813
[2026-05-20 07:39:30,148] Epoch 13 - Training loss: 0.048235   Test Accuracy: 0.9794
[2026-05-20 07:41:04,803] Epoch 14 - Training loss: 0.046155   Test Accuracy: 0.9796
[2026-05-20 07:42:42,381] Epoch 15 - Training loss: 0.044917   Test Accuracy: 0.9822
[2026-05-20 07:44:18,794] Epoch 16 - Training loss: 0.042718   Test Accuracy: 0.9817
[2026-05-20 07:45:53,899] Epoch 17 - Training loss: 0.039365   Test Accuracy: 0.9839
[2026-05-20 07:47:27,492] Epoch 18 - Training loss: 0.036720   Test Accuracy: 0.9839
[2026-05-20 07:49:04,399] Epoch 19 - Training loss: 0.034071   Test Accuracy: 0.9836
[2026-05-20 07:50:39,362] Epoch 20 - Training loss: 0.033242   Test Accuracy: 0.9837
[2026-05-20 07:52:15,373] Epoch 21 - Training loss: 0.030990   Test Accuracy: 0.9825
[2026-05-20 07:53:54,399] Epoch 22 - Training loss: 0.028157   Test Accuracy: 0.9827
[2026-05-20 07:55:29,965] Epoch 23 - Training loss: 0.028037   Test Accuracy: 0.9850
[2026-05-20 07:57:05,946] Epoch 24 - Training loss: 0.025685   Test Accuracy: 0.9855
[2026-05-20 07:58:38,352] Epoch 25 - Training loss: 0.026753   Test Accuracy: 0.9844
[2026-05-20 08:00:11,927] Epoch 26 - Training loss: 0.026498   Test Accuracy: 0.9831
[2026-05-20 08:01:48,611] Epoch 27 - Training loss: 0.027982   Test Accuracy: 0.9841
[2026-05-20 08:03:23,790] Epoch 28 - Training loss: 0.028022   Test Accuracy: 0.9852
[2026-05-20 08:04:58,525] Epoch 29 - Training loss: 0.028383   Test Accuracy: 0.9847
[2026-05-20 08:06:31,836] Epoch 30 - Training loss: 0.028364   Test Accuracy: 0.9844
aihwkit path:  /home/bong/analog_stress_test/aihwkit-fork/src/aihwkit/__init__.py
NeurIPS-2025/S2-mnist-CNN.py --CUDA 0 --SETTING TT-v2 --RPU Pow --tau 0.7 --res-gamma 0.5 --res-state 280
Using Device:  cuda:0
Logging to file: runs/MNIST-CNN/Pow-gamma=0.5-state=280/TT-v2-tau=0.7/events.out.tfevents.1779229169.user.2269983.0

Training Time (s) = 2820.5574989318848
