# CMD: CUDA_VISIBLE_DEVICES=2 PYTHONPATH=/home/bong/analog_stress_test/analog-training SEED=2 python NeurIPS-2025/S2-mnist-CNN.py --CUDA 0 --SETTING TT-v2 --RPU Pow --tau 0.7 --res-gamma 0.5 --res-state 140
[2026-05-20 08:44:38,746] Epoch 0 - Training loss: --------   Test Accuracy: 0.1503
[2026-05-20 08:46:05,636] Epoch 1 - Training loss: 0.989270   Test Accuracy: 0.9049
[2026-05-20 08:47:34,911] Epoch 2 - Training loss: 0.244075   Test Accuracy: 0.9458
[2026-05-20 08:49:05,022] Epoch 3 - Training loss: 0.156529   Test Accuracy: 0.9592
[2026-05-20 08:50:35,122] Epoch 4 - Training loss: 0.113390   Test Accuracy: 0.9667
[2026-05-20 08:51:59,753] Epoch 5 - Training loss: 0.092405   Test Accuracy: 0.9731
[2026-05-20 08:53:22,870] Epoch 6 - Training loss: 0.079006   Test Accuracy: 0.9740
[2026-05-20 08:54:54,943] Epoch 7 - Training loss: 0.068076   Test Accuracy: 0.9759
[2026-05-20 08:56:26,105] Epoch 8 - Training loss: 0.058398   Test Accuracy: 0.9796
[2026-05-20 08:58:00,300] Epoch 9 - Training loss: 0.053946   Test Accuracy: 0.9780
[2026-05-20 08:59:28,235] Epoch 10 - Training loss: 0.050061   Test Accuracy: 0.9784
[2026-05-20 09:00:58,847] Epoch 11 - Training loss: 0.044707   Test Accuracy: 0.9798
[2026-05-20 09:02:32,236] Epoch 12 - Training loss: 0.043283   Test Accuracy: 0.9806
[2026-05-20 09:04:06,630] Epoch 13 - Training loss: 0.042507   Test Accuracy: 0.9816
[2026-05-20 09:05:42,095] Epoch 14 - Training loss: 0.037698   Test Accuracy: 0.9822
[2026-05-20 09:07:16,465] Epoch 15 - Training loss: 0.038161   Test Accuracy: 0.9826
[2026-05-20 09:08:51,215] Epoch 16 - Training loss: 0.034713   Test Accuracy: 0.9835
[2026-05-20 09:10:29,427] Epoch 17 - Training loss: 0.031228   Test Accuracy: 0.9833
[2026-05-20 09:12:03,807] Epoch 18 - Training loss: 0.030484   Test Accuracy: 0.9837
[2026-05-20 09:13:38,909] Epoch 19 - Training loss: 0.030020   Test Accuracy: 0.9842
[2026-05-20 09:15:08,986] Epoch 20 - Training loss: 0.028459   Test Accuracy: 0.9832
[2026-05-20 09:16:39,695] Epoch 21 - Training loss: 0.027188   Test Accuracy: 0.9854
[2026-05-20 09:18:14,851] Epoch 22 - Training loss: 0.025069   Test Accuracy: 0.9838
[2026-05-20 09:19:50,236] Epoch 23 - Training loss: 0.023523   Test Accuracy: 0.9835
[2026-05-20 09:21:23,377] Epoch 24 - Training loss: 0.023543   Test Accuracy: 0.9838
[2026-05-20 09:22:58,502] Epoch 25 - Training loss: 0.023311   Test Accuracy: 0.9843
[2026-05-20 09:24:35,942] Epoch 26 - Training loss: 0.021796   Test Accuracy: 0.9873
[2026-05-20 09:26:11,047] Epoch 27 - Training loss: 0.020683   Test Accuracy: 0.9858
[2026-05-20 09:27:44,429] Epoch 28 - Training loss: 0.019437   Test Accuracy: 0.9853
[2026-05-20 09:29:21,970] Epoch 29 - Training loss: 0.018447   Test Accuracy: 0.9870
[2026-05-20 09:30:57,316] Epoch 30 - Training loss: 0.017982   Test Accuracy: 0.9872
aihwkit path:  /home/bong/analog_stress_test/aihwkit-fork/src/aihwkit/__init__.py
NeurIPS-2025/S2-mnist-CNN.py --CUDA 0 --SETTING TT-v2 --RPU Pow --tau 0.7 --res-gamma 0.5 --res-state 140
Using Device:  cuda:0
Logging to file: runs/MNIST-CNN/Pow-gamma=0.5-state=140/TT-v2-tau=0.7/events.out.tfevents.1779234272.user.2277263.0

Training Time (s) = 2782.750874042511
