# CMD: CUDA_VISIBLE_DEVICES=2 PYTHONPATH=/home/bong/analog_stress_test/analog-training SEED=3 python NeurIPS-2025/S2-mnist-CNN.py --CUDA 0 --SETTING TT-v2 --RPU Pow --tau 0.7 --res-gamma 0.5 --res-state 28
[2026-05-20 10:17:57,313] Epoch 0 - Training loss: --------   Test Accuracy: 0.1343
[2026-05-20 10:19:26,180] Epoch 1 - Training loss: 1.191025   Test Accuracy: 0.8933
[2026-05-20 10:20:52,477] Epoch 2 - Training loss: 0.269933   Test Accuracy: 0.9391
[2026-05-20 10:22:13,645] Epoch 3 - Training loss: 0.175115   Test Accuracy: 0.9543
[2026-05-20 10:23:40,082] Epoch 4 - Training loss: 0.133240   Test Accuracy: 0.9628
[2026-05-20 10:24:58,732] Epoch 5 - Training loss: 0.106514   Test Accuracy: 0.9712
[2026-05-20 10:26:33,130] Epoch 6 - Training loss: 0.090379   Test Accuracy: 0.9702
[2026-05-20 10:28:02,092] Epoch 7 - Training loss: 0.084867   Test Accuracy: 0.9737
[2026-05-20 10:29:31,194] Epoch 8 - Training loss: 0.081368   Test Accuracy: 0.9711
[2026-05-20 10:31:05,495] Epoch 9 - Training loss: 0.075110   Test Accuracy: 0.9767
[2026-05-20 10:32:39,605] Epoch 10 - Training loss: 0.068139   Test Accuracy: 0.9774
[2026-05-20 10:34:14,564] Epoch 11 - Training loss: 0.068202   Test Accuracy: 0.9782
[2026-05-20 10:35:53,578] Epoch 12 - Training loss: 0.064045   Test Accuracy: 0.9770
[2026-05-20 10:37:27,544] Epoch 13 - Training loss: 0.061066   Test Accuracy: 0.9784
[2026-05-20 10:39:01,548] Epoch 14 - Training loss: 0.055665   Test Accuracy: 0.9806
[2026-05-20 10:40:36,051] Epoch 15 - Training loss: 0.054357   Test Accuracy: 0.9803
[2026-05-20 10:42:11,308] Epoch 16 - Training loss: 0.053584   Test Accuracy: 0.9803
[2026-05-20 10:43:46,189] Epoch 17 - Training loss: 0.050761   Test Accuracy: 0.9795
[2026-05-20 10:45:23,278] Epoch 18 - Training loss: 0.050326   Test Accuracy: 0.9800
[2026-05-20 10:47:01,485] Epoch 19 - Training loss: 0.048365   Test Accuracy: 0.9809
[2026-05-20 10:48:38,683] Epoch 20 - Training loss: 0.046604   Test Accuracy: 0.9815
[2026-05-20 10:50:09,904] Epoch 21 - Training loss: 0.045600   Test Accuracy: 0.9789
[2026-05-20 10:51:43,363] Epoch 22 - Training loss: 0.043844   Test Accuracy: 0.9817
[2026-05-20 10:53:20,413] Epoch 23 - Training loss: 0.043316   Test Accuracy: 0.9824
[2026-05-20 10:54:57,559] Epoch 24 - Training loss: 0.042374   Test Accuracy: 0.9829
[2026-05-20 10:56:33,719] Epoch 25 - Training loss: 0.038460   Test Accuracy: 0.9818
[2026-05-20 10:58:10,219] Epoch 26 - Training loss: 0.039036   Test Accuracy: 0.9813
[2026-05-20 10:59:46,140] Epoch 27 - Training loss: 0.038306   Test Accuracy: 0.9818
[2026-05-20 11:01:24,011] Epoch 28 - Training loss: 0.037458   Test Accuracy: 0.9826
[2026-05-20 11:02:59,046] Epoch 29 - Training loss: 0.037644   Test Accuracy: 0.9808
[2026-05-20 11:04:33,719] Epoch 30 - Training loss: 0.036559   Test Accuracy: 0.9826
aihwkit path:  /home/bong/analog_stress_test/aihwkit-fork/src/aihwkit/__init__.py
NeurIPS-2025/S2-mnist-CNN.py --CUDA 0 --SETTING TT-v2 --RPU Pow --tau 0.7 --res-gamma 0.5 --res-state 28
Using Device:  cuda:0
Logging to file: runs/MNIST-CNN/Pow-gamma=0.5-state=28/TT-v2-tau=0.7/events.out.tfevents.1779239870.user.2285972.0

Training Time (s) = 2801.3086891174316
