# CMD: CUDA_VISIBLE_DEVICES=2 PYTHONPATH=/home/bong/analog_stress_test/analog-training SEED=3 python NeurIPS-2025/S2-mnist-CNN.py --CUDA 0 --SETTING TT-v2 --RPU Pow --tau 0.7 --res-gamma 0.5 --res-state 1400
[2026-05-20 06:33:28,848] Epoch 0 - Training loss: --------   Test Accuracy: 0.1368
[2026-05-20 06:35:00,679] Epoch 1 - Training loss: 1.265518   Test Accuracy: 0.8100
[2026-05-20 06:36:31,309] Epoch 2 - Training loss: 0.474736   Test Accuracy: 0.8780
[2026-05-20 06:38:08,748] Epoch 3 - Training loss: 0.329214   Test Accuracy: 0.9148
[2026-05-20 06:39:40,398] Epoch 4 - Training loss: 0.263184   Test Accuracy: 0.9292
[2026-05-20 06:41:10,564] Epoch 5 - Training loss: 0.218766   Test Accuracy: 0.9405
[2026-05-20 06:42:41,356] Epoch 6 - Training loss: 0.185851   Test Accuracy: 0.9486
[2026-05-20 06:44:11,341] Epoch 7 - Training loss: 0.163981   Test Accuracy: 0.9531
[2026-05-20 06:45:40,316] Epoch 8 - Training loss: 0.146137   Test Accuracy: 0.9590
[2026-05-20 06:47:11,513] Epoch 9 - Training loss: 0.132007   Test Accuracy: 0.9628
[2026-05-20 06:48:37,899] Epoch 10 - Training loss: 0.120597   Test Accuracy: 0.9678
[2026-05-20 06:50:06,936] Epoch 11 - Training loss: 0.110003   Test Accuracy: 0.9659
[2026-05-20 06:51:38,895] Epoch 12 - Training loss: 0.102798   Test Accuracy: 0.9701
[2026-05-20 06:53:11,682] Epoch 13 - Training loss: 0.096581   Test Accuracy: 0.9723
[2026-05-20 06:54:41,154] Epoch 14 - Training loss: 0.090414   Test Accuracy: 0.9726
[2026-05-20 06:56:11,134] Epoch 15 - Training loss: 0.084561   Test Accuracy: 0.9732
[2026-05-20 06:57:43,158] Epoch 16 - Training loss: 0.079321   Test Accuracy: 0.9758
[2026-05-20 06:59:11,658] Epoch 17 - Training loss: 0.075696   Test Accuracy: 0.9759
[2026-05-20 07:00:42,612] Epoch 18 - Training loss: 0.072383   Test Accuracy: 0.9758
[2026-05-20 07:02:15,959] Epoch 19 - Training loss: 0.068898   Test Accuracy: 0.9781
[2026-05-20 07:03:48,212] Epoch 20 - Training loss: 0.066335   Test Accuracy: 0.9783
[2026-05-20 07:05:21,972] Epoch 21 - Training loss: 0.062902   Test Accuracy: 0.9792
[2026-05-20 07:06:55,540] Epoch 22 - Training loss: 0.060715   Test Accuracy: 0.9800
[2026-05-20 07:08:30,918] Epoch 23 - Training loss: 0.059230   Test Accuracy: 0.9800
[2026-05-20 07:10:01,636] Epoch 24 - Training loss: 0.057050   Test Accuracy: 0.9797
[2026-05-20 07:11:32,100] Epoch 25 - Training loss: 0.054970   Test Accuracy: 0.9806
[2026-05-20 07:13:09,367] Epoch 26 - Training loss: 0.053475   Test Accuracy: 0.9826
[2026-05-20 07:14:44,547] Epoch 27 - Training loss: 0.051188   Test Accuracy: 0.9808
[2026-05-20 07:16:17,274] Epoch 28 - Training loss: 0.049518   Test Accuracy: 0.9825
[2026-05-20 07:17:49,705] Epoch 29 - Training loss: 0.048456   Test Accuracy: 0.9821
[2026-05-20 07:19:24,147] Epoch 30 - Training loss: 0.047354   Test Accuracy: 0.9830
aihwkit path:  /home/bong/analog_stress_test/aihwkit-fork/src/aihwkit/__init__.py
NeurIPS-2025/S2-mnist-CNN.py --CUDA 0 --SETTING TT-v2 --RPU Pow --tau 0.7 --res-gamma 0.5 --res-state 1400
Using Device:  cuda:0
Logging to file: runs/MNIST-CNN/Pow-gamma=0.5-state=1400/TT-v2-tau=0.7/events.out.tfevents.1779226402.user.2257558.0

Training Time (s) = 2759.7808089256287
