# CMD: CUDA_VISIBLE_DEVICES=3 PYTHONPATH=/home/bong/analog_stress_test/analog-training SEED=3 python NeurIPS-2025/S2-mnist-FCN.py --CUDA 0 --SETTING RL-v2 --RPU Pow --tau 0.7 --res-gamma 0.5 --res-state 1400
[2026-05-20 06:59:17,263] Epoch 0 - Training loss: --------   Test Accuracy: 0.0942
[2026-05-20 07:00:23,562] Epoch 1 - Training loss: 1.841088   Test Accuracy: 0.8044
[2026-05-20 07:01:27,699] Epoch 2 - Training loss: 0.537330   Test Accuracy: 0.8510
[2026-05-20 07:02:33,981] Epoch 3 - Training loss: 0.444754   Test Accuracy: 0.8918
[2026-05-20 07:03:38,682] Epoch 4 - Training loss: 0.329078   Test Accuracy: 0.9121
[2026-05-20 07:04:39,122] Epoch 5 - Training loss: 0.298188   Test Accuracy: 0.9150
[2026-05-20 07:05:40,536] Epoch 6 - Training loss: 0.277702   Test Accuracy: 0.9251
[2026-05-20 07:06:49,222] Epoch 7 - Training loss: 0.263202   Test Accuracy: 0.9244
[2026-05-20 07:07:58,015] Epoch 8 - Training loss: 0.249877   Test Accuracy: 0.9316
[2026-05-20 07:09:08,848] Epoch 9 - Training loss: 0.240069   Test Accuracy: 0.9288
[2026-05-20 07:10:17,857] Epoch 10 - Training loss: 0.229275   Test Accuracy: 0.9253
[2026-05-20 07:11:27,930] Epoch 11 - Training loss: 0.220691   Test Accuracy: 0.9388
[2026-05-20 07:12:36,645] Epoch 12 - Training loss: 0.211025   Test Accuracy: 0.9397
[2026-05-20 07:13:44,555] Epoch 13 - Training loss: 0.204861   Test Accuracy: 0.9419
[2026-05-20 07:14:50,817] Epoch 14 - Training loss: 0.199369   Test Accuracy: 0.9402
[2026-05-20 07:15:57,853] Epoch 15 - Training loss: 0.193196   Test Accuracy: 0.9419
[2026-05-20 07:17:09,930] Epoch 16 - Training loss: 0.180267   Test Accuracy: 0.9450
[2026-05-20 07:18:18,672] Epoch 17 - Training loss: 0.170266   Test Accuracy: 0.9509
[2026-05-20 07:19:27,644] Epoch 18 - Training loss: 0.165154   Test Accuracy: 0.9479
[2026-05-20 07:20:37,297] Epoch 19 - Training loss: 0.159283   Test Accuracy: 0.9449
[2026-05-20 07:21:47,314] Epoch 20 - Training loss: 0.154325   Test Accuracy: 0.9503
[2026-05-20 07:22:56,359] Epoch 21 - Training loss: 0.150338   Test Accuracy: 0.9543
[2026-05-20 07:24:05,228] Epoch 22 - Training loss: 0.143936   Test Accuracy: 0.9535
[2026-05-20 07:25:13,968] Epoch 23 - Training loss: 0.140145   Test Accuracy: 0.9554
[2026-05-20 07:26:22,456] Epoch 24 - Training loss: 0.134317   Test Accuracy: 0.9571
[2026-05-20 07:27:30,558] Epoch 25 - Training loss: 0.129655   Test Accuracy: 0.9566
[2026-05-20 07:28:38,780] Epoch 26 - Training loss: 0.122914   Test Accuracy: 0.9615
[2026-05-20 07:29:43,268] Epoch 27 - Training loss: 0.115594   Test Accuracy: 0.9614
[2026-05-20 07:30:53,690] Epoch 28 - Training loss: 0.111053   Test Accuracy: 0.9628
[2026-05-20 07:32:04,363] Epoch 29 - Training loss: 0.105381   Test Accuracy: 0.9616
[2026-05-20 07:33:15,022] Epoch 30 - Training loss: 0.101496   Test Accuracy: 0.9643
aihwkit path:  /home/bong/analog_stress_test/aihwkit-fork/src/aihwkit/__init__.py
NeurIPS-2025/S2-mnist-FCN.py --CUDA 0 --SETTING RL-v2 --RPU Pow --tau 0.7 --res-gamma 0.5 --res-state 1400
Using Device:  cuda:0
Logging to file: runs/MNIST-FCN/Pow-gamma=0.5-state=1400/RL-v2-tau=0.7/events.out.tfevents.1779227951.user.2268007.0

Training Time (s) = 2041.3660519123077
