# CMD: CUDA_VISIBLE_DEVICES=3 PYTHONPATH=/home/bong/analog_stress_test/analog-training SEED=3 python NeurIPS-2025/S2-mnist-FCN.py --CUDA 0 --SETTING RL-v2 --RPU Pow --tau 0.7 --res-gamma 0.5 --res-state 14000
[2026-05-20 05:57:51,117] Epoch 0 - Training loss: --------   Test Accuracy: 0.0932
[2026-05-20 05:58:58,275] Epoch 1 - Training loss: 2.302066   Test Accuracy: 0.1142
[2026-05-20 06:00:08,191] Epoch 2 - Training loss: 2.302037   Test Accuracy: 0.1138
[2026-05-20 06:01:14,757] Epoch 3 - Training loss: 2.301294   Test Accuracy: 0.1157
[2026-05-20 06:02:17,776] Epoch 4 - Training loss: 2.300987   Test Accuracy: 0.1063
[2026-05-20 06:03:25,552] Epoch 5 - Training loss: 2.301257   Test Accuracy: 0.1144
[2026-05-20 06:04:30,948] Epoch 6 - Training loss: 2.301754   Test Accuracy: 0.1124
[2026-05-20 06:05:37,303] Epoch 7 - Training loss: 2.300384   Test Accuracy: 0.1164
[2026-05-20 06:06:43,768] Epoch 8 - Training loss: 2.299407   Test Accuracy: 0.1201
[2026-05-20 06:07:50,040] Epoch 9 - Training loss: 2.296474   Test Accuracy: 0.1218
[2026-05-20 06:09:00,264] Epoch 10 - Training loss: 2.298150   Test Accuracy: 0.1124
[2026-05-20 06:10:07,170] Epoch 11 - Training loss: 2.299764   Test Accuracy: 0.1229
[2026-05-20 06:11:17,841] Epoch 12 - Training loss: 2.298737   Test Accuracy: 0.1216
[2026-05-20 06:12:28,429] Epoch 13 - Training loss: 2.296839   Test Accuracy: 0.1220
[2026-05-20 06:13:39,486] Epoch 14 - Training loss: 2.293588   Test Accuracy: 0.1305
[2026-05-20 06:14:50,582] Epoch 15 - Training loss: 2.295221   Test Accuracy: 0.1167
[2026-05-20 06:16:02,345] Epoch 16 - Training loss: 2.297502   Test Accuracy: 0.1304
[2026-05-20 06:17:13,324] Epoch 17 - Training loss: 2.296041   Test Accuracy: 0.1250
[2026-05-20 06:18:21,560] Epoch 18 - Training loss: 2.292714   Test Accuracy: 0.1277
[2026-05-20 06:19:31,466] Epoch 19 - Training loss: 2.292317   Test Accuracy: 0.1302
[2026-05-20 06:20:43,093] Epoch 20 - Training loss: 2.294466   Test Accuracy: 0.1269
[2026-05-20 06:21:55,882] Epoch 21 - Training loss: 2.294085   Test Accuracy: 0.1289
[2026-05-20 06:23:03,963] Epoch 22 - Training loss: 2.290816   Test Accuracy: 0.1256
[2026-05-20 06:24:13,791] Epoch 23 - Training loss: 2.289661   Test Accuracy: 0.1328
[2026-05-20 06:25:18,575] Epoch 24 - Training loss: 2.288902   Test Accuracy: 0.1340
[2026-05-20 06:26:20,807] Epoch 25 - Training loss: 2.287587   Test Accuracy: 0.1312
[2026-05-20 06:27:26,443] Epoch 26 - Training loss: 2.290613   Test Accuracy: 0.1308
[2026-05-20 06:28:32,831] Epoch 27 - Training loss: 2.290627   Test Accuracy: 0.1375
[2026-05-20 06:29:41,525] Epoch 28 - Training loss: 2.290309   Test Accuracy: 0.1361
[2026-05-20 06:30:47,790] Epoch 29 - Training loss: 2.287072   Test Accuracy: 0.1429
[2026-05-20 06:31:55,977] Epoch 30 - Training loss: 2.287869   Test Accuracy: 0.1342
aihwkit path:  /home/bong/analog_stress_test/aihwkit-fork/src/aihwkit/__init__.py
NeurIPS-2025/S2-mnist-FCN.py --CUDA 0 --SETTING RL-v2 --RPU Pow --tau 0.7 --res-gamma 0.5 --res-state 14000
Using Device:  cuda:0
Logging to file: runs/MNIST-FCN/Pow-gamma=0.5-state=14000/RL-v2-tau=0.7/events.out.tfevents.1779224265.user.2253484.0

Training Time (s) = 2048.1975412368774
