# CMD: CUDA_VISIBLE_DEVICES=3 PYTHONPATH=/home/bong/analog_stress_test/analog-training SEED=2 python NeurIPS-2025/S2-mnist-FCN.py --CUDA 0 --SETTING RL-v2 --RPU Pow --tau 0.7 --res-gamma 0.5 --res-state 1400
[2026-05-20 06:32:07,459] Epoch 0 - Training loss: --------   Test Accuracy: 0.1009
[2026-05-20 06:33:13,001] Epoch 1 - Training loss: 1.471676   Test Accuracy: 0.8884
[2026-05-20 06:34:21,547] Epoch 2 - Training loss: 0.401269   Test Accuracy: 0.9088
[2026-05-20 06:35:29,595] Epoch 3 - Training loss: 0.347136   Test Accuracy: 0.9077
[2026-05-20 06:36:34,798] Epoch 4 - Training loss: 0.323081   Test Accuracy: 0.9119
[2026-05-20 06:37:43,179] Epoch 5 - Training loss: 0.311484   Test Accuracy: 0.9102
[2026-05-20 06:38:51,666] Epoch 6 - Training loss: 0.300304   Test Accuracy: 0.9157
[2026-05-20 06:39:58,452] Epoch 7 - Training loss: 0.293616   Test Accuracy: 0.9190
[2026-05-20 06:41:02,682] Epoch 8 - Training loss: 0.284615   Test Accuracy: 0.9235
[2026-05-20 06:42:07,709] Epoch 9 - Training loss: 0.278133   Test Accuracy: 0.9191
[2026-05-20 06:43:13,513] Epoch 10 - Training loss: 0.268740   Test Accuracy: 0.9307
[2026-05-20 06:44:22,342] Epoch 11 - Training loss: 0.255647   Test Accuracy: 0.9308
[2026-05-20 06:45:28,124] Epoch 12 - Training loss: 0.244506   Test Accuracy: 0.9356
[2026-05-20 06:46:33,213] Epoch 13 - Training loss: 0.235655   Test Accuracy: 0.9318
[2026-05-20 06:47:38,288] Epoch 14 - Training loss: 0.225562   Test Accuracy: 0.9390
[2026-05-20 06:48:44,870] Epoch 15 - Training loss: 0.215750   Test Accuracy: 0.9393
[2026-05-20 06:49:49,242] Epoch 16 - Training loss: 0.194270   Test Accuracy: 0.9458
[2026-05-20 06:50:54,522] Epoch 17 - Training loss: 0.178227   Test Accuracy: 0.9494
[2026-05-20 06:52:01,929] Epoch 18 - Training loss: 0.167286   Test Accuracy: 0.9513
[2026-05-20 06:53:07,498] Epoch 19 - Training loss: 0.157947   Test Accuracy: 0.9512
[2026-05-20 06:54:12,774] Epoch 20 - Training loss: 0.149418   Test Accuracy: 0.9567
[2026-05-20 06:55:18,486] Epoch 21 - Training loss: 0.142047   Test Accuracy: 0.9573
[2026-05-20 06:56:25,467] Epoch 22 - Training loss: 0.135021   Test Accuracy: 0.9585
[2026-05-20 06:57:32,332] Epoch 23 - Training loss: 0.129172   Test Accuracy: 0.9599
[2026-05-20 06:58:45,885] Epoch 24 - Training loss: 0.122604   Test Accuracy: 0.9622
[2026-05-20 06:59:47,222] Epoch 25 - Training loss: 0.118883   Test Accuracy: 0.9614
[2026-05-20 07:00:50,158] Epoch 26 - Training loss: 0.113018   Test Accuracy: 0.9641
[2026-05-20 07:01:54,854] Epoch 27 - Training loss: 0.109869   Test Accuracy: 0.9622
[2026-05-20 07:03:01,095] Epoch 28 - Training loss: 0.103537   Test Accuracy: 0.9653
[2026-05-20 07:04:07,555] Epoch 29 - Training loss: 0.100871   Test Accuracy: 0.9669
[2026-05-20 07:05:17,265] Epoch 30 - Training loss: 0.096876   Test Accuracy: 0.9658
aihwkit path:  /home/bong/analog_stress_test/aihwkit-fork/src/aihwkit/__init__.py
NeurIPS-2025/S2-mnist-FCN.py --CUDA 0 --SETTING RL-v2 --RPU Pow --tau 0.7 --res-gamma 0.5 --res-state 1400
Using Device:  cuda:0
Logging to file: runs/MNIST-FCN/Pow-gamma=0.5-state=1400/RL-v2-tau=0.7/events.out.tfevents.1779226321.user.2257182.0

Training Time (s) = 1993.3688216209412
