# CMD: CUDA_VISIBLE_DEVICES=3 PYTHONPATH=/home/bong/analog_stress_test/analog-training SEED=2 python NeurIPS-2025/S2-mnist-FCN.py --CUDA 0 --SETTING RL-v2 --RPU Pow --tau 0.7 --res-gamma 0.5 --res-state 280
[2026-05-20 07:33:25,774] Epoch 0 - Training loss: --------   Test Accuracy: 0.1009
[2026-05-20 07:34:31,127] Epoch 1 - Training loss: 1.384099   Test Accuracy: 0.8949
[2026-05-20 07:35:37,705] Epoch 2 - Training loss: 0.313407   Test Accuracy: 0.9270
[2026-05-20 07:36:44,505] Epoch 3 - Training loss: 0.197082   Test Accuracy: 0.9460
[2026-05-20 07:37:53,365] Epoch 4 - Training loss: 0.155529   Test Accuracy: 0.9583
[2026-05-20 07:39:03,569] Epoch 5 - Training loss: 0.131484   Test Accuracy: 0.9614
[2026-05-20 07:40:10,134] Epoch 6 - Training loss: 0.114214   Test Accuracy: 0.9661
[2026-05-20 07:41:12,497] Epoch 7 - Training loss: 0.097575   Test Accuracy: 0.9686
[2026-05-20 07:42:17,259] Epoch 8 - Training loss: 0.086945   Test Accuracy: 0.9701
[2026-05-20 07:43:22,426] Epoch 9 - Training loss: 0.075854   Test Accuracy: 0.9720
[2026-05-20 07:44:30,222] Epoch 10 - Training loss: 0.068093   Test Accuracy: 0.9713
[2026-05-20 07:45:38,508] Epoch 11 - Training loss: 0.060538   Test Accuracy: 0.9694
[2026-05-20 07:46:47,785] Epoch 12 - Training loss: 0.053399   Test Accuracy: 0.9706
[2026-05-20 07:47:57,486] Epoch 13 - Training loss: 0.047801   Test Accuracy: 0.9735
[2026-05-20 07:49:06,538] Epoch 14 - Training loss: 0.043478   Test Accuracy: 0.9739
[2026-05-20 07:50:15,211] Epoch 15 - Training loss: 0.039073   Test Accuracy: 0.9739
[2026-05-20 07:51:23,511] Epoch 16 - Training loss: 0.033709   Test Accuracy: 0.9751
[2026-05-20 07:52:31,748] Epoch 17 - Training loss: 0.029614   Test Accuracy: 0.9763
[2026-05-20 07:53:40,509] Epoch 18 - Training loss: 0.027465   Test Accuracy: 0.9750
[2026-05-20 07:54:50,273] Epoch 19 - Training loss: 0.024997   Test Accuracy: 0.9751
[2026-05-20 07:55:58,950] Epoch 20 - Training loss: 0.024472   Test Accuracy: 0.9762
[2026-05-20 07:57:10,587] Epoch 21 - Training loss: 0.022493   Test Accuracy: 0.9753
[2026-05-20 07:58:21,941] Epoch 22 - Training loss: 0.021861   Test Accuracy: 0.9758
[2026-05-20 07:59:31,204] Epoch 23 - Training loss: 0.021373   Test Accuracy: 0.9738
[2026-05-20 08:00:42,621] Epoch 24 - Training loss: 0.021149   Test Accuracy: 0.9753
[2026-05-20 08:01:51,386] Epoch 25 - Training loss: 0.021215   Test Accuracy: 0.9761
[2026-05-20 08:03:00,547] Epoch 26 - Training loss: 0.020262   Test Accuracy: 0.9773
[2026-05-20 08:04:12,167] Epoch 27 - Training loss: 0.020125   Test Accuracy: 0.9765
[2026-05-20 08:05:24,335] Epoch 28 - Training loss: 0.020006   Test Accuracy: 0.9752
[2026-05-20 08:06:36,002] Epoch 29 - Training loss: 0.019939   Test Accuracy: 0.9763
[2026-05-20 08:07:47,132] Epoch 30 - Training loss: 0.019629   Test Accuracy: 0.9771
aihwkit path:  /home/bong/analog_stress_test/aihwkit-fork/src/aihwkit/__init__.py
NeurIPS-2025/S2-mnist-FCN.py --CUDA 0 --SETTING RL-v2 --RPU Pow --tau 0.7 --res-gamma 0.5 --res-state 280
Using Device:  cuda:0
Logging to file: runs/MNIST-FCN/Pow-gamma=0.5-state=280/RL-v2-tau=0.7/events.out.tfevents.1779229999.user.2271080.0

Training Time (s) = 2065.1161715984344
