# CMD: CUDA_VISIBLE_DEVICES=3 PYTHONPATH=/home/bong/analog_stress_test/analog-training SEED=1 python NeurIPS-2025/S2-mnist-FCN.py --CUDA 0 --SETTING RL-v2 --RPU Pow --tau 0.7 --res-gamma 0.5 --res-state 140
[2026-05-20 08:07:57,485] Epoch 0 - Training loss: --------   Test Accuracy: 0.1028
[2026-05-20 08:09:02,901] Epoch 1 - Training loss: 1.412174   Test Accuracy: 0.8900
[2026-05-20 08:10:08,494] Epoch 2 - Training loss: 0.255651   Test Accuracy: 0.9408
[2026-05-20 08:11:14,998] Epoch 3 - Training loss: 0.143313   Test Accuracy: 0.9615
[2026-05-20 08:12:22,281] Epoch 4 - Training loss: 0.096563   Test Accuracy: 0.9682
[2026-05-20 08:13:30,826] Epoch 5 - Training loss: 0.073862   Test Accuracy: 0.9705
[2026-05-20 08:14:37,805] Epoch 6 - Training loss: 0.062320   Test Accuracy: 0.9722
[2026-05-20 08:15:42,803] Epoch 7 - Training loss: 0.053812   Test Accuracy: 0.9730
[2026-05-20 08:16:51,181] Epoch 8 - Training loss: 0.047110   Test Accuracy: 0.9758
[2026-05-20 08:17:58,961] Epoch 9 - Training loss: 0.042581   Test Accuracy: 0.9744
[2026-05-20 08:19:07,064] Epoch 10 - Training loss: 0.039918   Test Accuracy: 0.9756
[2026-05-20 08:20:15,309] Epoch 11 - Training loss: 0.035323   Test Accuracy: 0.9772
[2026-05-20 08:21:24,705] Epoch 12 - Training loss: 0.034404   Test Accuracy: 0.9755
[2026-05-20 08:22:32,553] Epoch 13 - Training loss: 0.035189   Test Accuracy: 0.9742
[2026-05-20 08:23:42,273] Epoch 14 - Training loss: 0.033129   Test Accuracy: 0.9771
[2026-05-20 08:24:51,117] Epoch 15 - Training loss: 0.031286   Test Accuracy: 0.9743
[2026-05-20 08:25:58,811] Epoch 16 - Training loss: 0.027378   Test Accuracy: 0.9751
[2026-05-20 08:27:08,507] Epoch 17 - Training loss: 0.028915   Test Accuracy: 0.9767
[2026-05-20 08:28:18,178] Epoch 18 - Training loss: 0.027583   Test Accuracy: 0.9758
[2026-05-20 08:29:31,078] Epoch 19 - Training loss: 0.024946   Test Accuracy: 0.9738
[2026-05-20 08:30:42,045] Epoch 20 - Training loss: 0.023727   Test Accuracy: 0.9756
[2026-05-20 08:31:51,590] Epoch 21 - Training loss: 0.022355   Test Accuracy: 0.9718
[2026-05-20 08:33:05,381] Epoch 22 - Training loss: 0.020929   Test Accuracy: 0.9755
[2026-05-20 08:34:16,496] Epoch 23 - Training loss: 0.019358   Test Accuracy: 0.9751
[2026-05-20 08:35:26,524] Epoch 24 - Training loss: 0.016885   Test Accuracy: 0.9741
[2026-05-20 08:36:39,592] Epoch 25 - Training loss: 0.016769   Test Accuracy: 0.9762
[2026-05-20 08:37:53,113] Epoch 26 - Training loss: 0.015412   Test Accuracy: 0.9746
[2026-05-20 08:39:07,106] Epoch 27 - Training loss: 0.016853   Test Accuracy: 0.9769
[2026-05-20 08:40:21,520] Epoch 28 - Training loss: 0.013147   Test Accuracy: 0.9752
[2026-05-20 08:41:36,228] Epoch 29 - Training loss: 0.014707   Test Accuracy: 0.9758
[2026-05-20 08:42:48,890] Epoch 30 - Training loss: 0.013697   Test Accuracy: 0.9738
aihwkit path:  /home/bong/analog_stress_test/aihwkit-fork/src/aihwkit/__init__.py
NeurIPS-2025/S2-mnist-FCN.py --CUDA 0 --SETTING RL-v2 --RPU Pow --tau 0.7 --res-gamma 0.5 --res-state 140
Using Device:  cuda:0
Logging to file: runs/MNIST-FCN/Pow-gamma=0.5-state=140/RL-v2-tau=0.7/events.out.tfevents.1779232071.user.2274163.0

Training Time (s) = 2095.0102314949036
