# CMD: CUDA_VISIBLE_DEVICES=3 PYTHONPATH=/home/bong/analog_stress_test/analog-training SEED=3 python NeurIPS-2025/S2-mnist-FCN.py --CUDA 0 --SETTING RL-v2 --RPU Pow --tau 0.7 --res-gamma 0.5 --res-state 140
[2026-05-20 08:42:59,203] Epoch 0 - Training loss: --------   Test Accuracy: 0.0933
[2026-05-20 08:44:04,441] Epoch 1 - Training loss: 1.514730   Test Accuracy: 0.9081
[2026-05-20 08:45:11,503] Epoch 2 - Training loss: 0.266948   Test Accuracy: 0.9495
[2026-05-20 08:46:20,147] Epoch 3 - Training loss: 0.146250   Test Accuracy: 0.9617
[2026-05-20 08:47:30,395] Epoch 4 - Training loss: 0.121588   Test Accuracy: 0.9550
[2026-05-20 08:48:43,662] Epoch 5 - Training loss: 0.125009   Test Accuracy: 0.9556
[2026-05-20 08:49:54,479] Epoch 6 - Training loss: 0.107115   Test Accuracy: 0.9650
[2026-05-20 08:50:58,400] Epoch 7 - Training loss: 0.090162   Test Accuracy: 0.9677
[2026-05-20 08:52:06,039] Epoch 8 - Training loss: 0.078345   Test Accuracy: 0.9668
[2026-05-20 08:53:15,977] Epoch 9 - Training loss: 0.069841   Test Accuracy: 0.9721
[2026-05-20 08:54:24,115] Epoch 10 - Training loss: 0.060638   Test Accuracy: 0.9709
[2026-05-20 08:55:30,147] Epoch 11 - Training loss: 0.056269   Test Accuracy: 0.9709
[2026-05-20 08:56:38,120] Epoch 12 - Training loss: 0.053175   Test Accuracy: 0.9744
[2026-05-20 08:57:56,548] Epoch 13 - Training loss: 0.048494   Test Accuracy: 0.9700
[2026-05-20 08:59:04,174] Epoch 14 - Training loss: 0.044269   Test Accuracy: 0.9706
[2026-05-20 09:00:14,313] Epoch 15 - Training loss: 0.044970   Test Accuracy: 0.9709
[2026-05-20 09:01:22,771] Epoch 16 - Training loss: 0.040423   Test Accuracy: 0.9734
[2026-05-20 09:02:40,247] Epoch 17 - Training loss: 0.038647   Test Accuracy: 0.9725
[2026-05-20 09:03:51,621] Epoch 18 - Training loss: 0.036709   Test Accuracy: 0.9720
[2026-05-20 09:05:03,532] Epoch 19 - Training loss: 0.033910   Test Accuracy: 0.9717
[2026-05-20 09:06:11,958] Epoch 20 - Training loss: 0.030463   Test Accuracy: 0.9755
[2026-05-20 09:07:21,388] Epoch 21 - Training loss: 0.029571   Test Accuracy: 0.9746
[2026-05-20 09:08:30,468] Epoch 22 - Training loss: 0.027950   Test Accuracy: 0.9740
[2026-05-20 09:09:37,985] Epoch 23 - Training loss: 0.029895   Test Accuracy: 0.9728
[2026-05-20 09:10:45,579] Epoch 24 - Training loss: 0.029224   Test Accuracy: 0.9734
[2026-05-20 09:11:53,127] Epoch 25 - Training loss: 0.027427   Test Accuracy: 0.9745
[2026-05-20 09:13:01,845] Epoch 26 - Training loss: 0.028830   Test Accuracy: 0.9733
[2026-05-20 09:14:10,749] Epoch 27 - Training loss: 0.028154   Test Accuracy: 0.9745
[2026-05-20 09:15:18,777] Epoch 28 - Training loss: 0.027687   Test Accuracy: 0.9680
[2026-05-20 09:16:27,421] Epoch 29 - Training loss: 0.027147   Test Accuracy: 0.9739
[2026-05-20 09:17:36,266] Epoch 30 - Training loss: 0.026018   Test Accuracy: 0.9715
aihwkit path:  /home/bong/analog_stress_test/aihwkit-fork/src/aihwkit/__init__.py
NeurIPS-2025/S2-mnist-FCN.py --CUDA 0 --SETTING RL-v2 --RPU Pow --tau 0.7 --res-gamma 0.5 --res-state 140
Using Device:  cuda:0
Logging to file: runs/MNIST-FCN/Pow-gamma=0.5-state=140/RL-v2-tau=0.7/events.out.tfevents.1779234173.user.2276940.0

Training Time (s) = 2080.5597717761993
