# CMD: CUDA_VISIBLE_DEVICES=3 PYTHONPATH=/home/bong/analog_stress_test/analog-training SEED=3 python NeurIPS-2025/S2-mnist-FCN.py --CUDA 0 --SETTING RL-v2 --RPU Pow --tau 0.7 --res-gamma 0.5 --res-state 280
[2026-05-20 07:40:25,670] Epoch 0 - Training loss: --------   Test Accuracy: 0.0959
[2026-05-20 07:41:28,179] Epoch 1 - Training loss: 1.496776   Test Accuracy: 0.9038
[2026-05-20 07:42:32,301] Epoch 2 - Training loss: 0.317197   Test Accuracy: 0.9317
[2026-05-20 07:43:36,906] Epoch 3 - Training loss: 0.194821   Test Accuracy: 0.9530
[2026-05-20 07:44:41,966] Epoch 4 - Training loss: 0.148335   Test Accuracy: 0.9586
[2026-05-20 07:45:50,417] Epoch 5 - Training loss: 0.120993   Test Accuracy: 0.9634
[2026-05-20 07:46:58,417] Epoch 6 - Training loss: 0.102936   Test Accuracy: 0.9692
[2026-05-20 07:48:06,770] Epoch 7 - Training loss: 0.086657   Test Accuracy: 0.9669
[2026-05-20 07:49:17,298] Epoch 8 - Training loss: 0.074645   Test Accuracy: 0.9681
[2026-05-20 07:50:25,543] Epoch 9 - Training loss: 0.065138   Test Accuracy: 0.9722
[2026-05-20 07:51:33,349] Epoch 10 - Training loss: 0.057962   Test Accuracy: 0.9721
[2026-05-20 07:52:42,015] Epoch 11 - Training loss: 0.052401   Test Accuracy: 0.9750
[2026-05-20 07:53:49,809] Epoch 12 - Training loss: 0.047827   Test Accuracy: 0.9739
[2026-05-20 07:54:57,848] Epoch 13 - Training loss: 0.041867   Test Accuracy: 0.9743
[2026-05-20 07:56:07,371] Epoch 14 - Training loss: 0.037939   Test Accuracy: 0.9739
[2026-05-20 07:57:19,350] Epoch 15 - Training loss: 0.034117   Test Accuracy: 0.9753
[2026-05-20 07:58:30,648] Epoch 16 - Training loss: 0.028290   Test Accuracy: 0.9760
[2026-05-20 07:59:39,275] Epoch 17 - Training loss: 0.025827   Test Accuracy: 0.9774
[2026-05-20 08:00:49,452] Epoch 18 - Training loss: 0.023163   Test Accuracy: 0.9750
[2026-05-20 08:01:57,765] Epoch 19 - Training loss: 0.021319   Test Accuracy: 0.9740
[2026-05-20 08:03:06,532] Epoch 20 - Training loss: 0.020619   Test Accuracy: 0.9762
[2026-05-20 08:04:16,918] Epoch 21 - Training loss: 0.020282   Test Accuracy: 0.9766
[2026-05-20 08:05:29,864] Epoch 22 - Training loss: 0.019051   Test Accuracy: 0.9770
[2026-05-20 08:06:45,425] Epoch 23 - Training loss: 0.018345   Test Accuracy: 0.9760
[2026-05-20 08:07:52,599] Epoch 24 - Training loss: 0.017086   Test Accuracy: 0.9752
[2026-05-20 08:09:05,457] Epoch 25 - Training loss: 0.017491   Test Accuracy: 0.9753
[2026-05-20 08:10:17,804] Epoch 26 - Training loss: 0.016925   Test Accuracy: 0.9759
[2026-05-20 08:11:25,851] Epoch 27 - Training loss: 0.015960   Test Accuracy: 0.9758
[2026-05-20 08:12:34,577] Epoch 28 - Training loss: 0.015832   Test Accuracy: 0.9758
[2026-05-20 08:13:44,830] Epoch 29 - Training loss: 0.015574   Test Accuracy: 0.9752
[2026-05-20 08:14:54,084] Epoch 30 - Training loss: 0.015944   Test Accuracy: 0.9780
aihwkit path:  /home/bong/analog_stress_test/aihwkit-fork/src/aihwkit/__init__.py
NeurIPS-2025/S2-mnist-FCN.py --CUDA 0 --SETTING RL-v2 --RPU Pow --tau 0.7 --res-gamma 0.5 --res-state 280
Using Device:  cuda:0
Logging to file: runs/MNIST-FCN/Pow-gamma=0.5-state=280/RL-v2-tau=0.7/events.out.tfevents.1779230419.user.2271833.0

Training Time (s) = 2072.026686191559
