# CMD: CUDA_VISIBLE_DEVICES=3 PYTHONPATH=/home/bong/analog_stress_test/analog-training SEED=3 python NeurIPS-2025/S2-mnist-FCN.py --CUDA 0 --SETTING RL-v2 --RPU Pow --tau 0.7 --res-gamma 0.5 --res-state 28
[2026-05-20 09:24:37,906] Epoch 0 - Training loss: --------   Test Accuracy: 0.0956
[2026-05-20 09:25:43,844] Epoch 1 - Training loss: 1.389132   Test Accuracy: 0.9249
[2026-05-20 09:26:52,535] Epoch 2 - Training loss: 0.190247   Test Accuracy: 0.9554
[2026-05-20 09:27:59,932] Epoch 3 - Training loss: 0.129445   Test Accuracy: 0.9545
[2026-05-20 09:29:07,189] Epoch 4 - Training loss: 0.111156   Test Accuracy: 0.9606
[2026-05-20 09:30:14,558] Epoch 5 - Training loss: 0.103129   Test Accuracy: 0.9570
[2026-05-20 09:31:22,815] Epoch 6 - Training loss: 0.097884   Test Accuracy: 0.9644
[2026-05-20 09:32:28,545] Epoch 7 - Training loss: 0.094719   Test Accuracy: 0.9659
[2026-05-20 09:33:36,360] Epoch 8 - Training loss: 0.087646   Test Accuracy: 0.9610
[2026-05-20 09:34:43,356] Epoch 9 - Training loss: 0.088337   Test Accuracy: 0.9635
[2026-05-20 09:35:54,280] Epoch 10 - Training loss: 0.087849   Test Accuracy: 0.9552
[2026-05-20 09:37:05,147] Epoch 11 - Training loss: 0.087897   Test Accuracy: 0.9637
[2026-05-20 09:38:15,693] Epoch 12 - Training loss: 0.085239   Test Accuracy: 0.9659
[2026-05-20 09:39:21,385] Epoch 13 - Training loss: 0.084977   Test Accuracy: 0.9587
[2026-05-20 09:40:34,011] Epoch 14 - Training loss: 0.086665   Test Accuracy: 0.9594
[2026-05-20 09:41:42,500] Epoch 15 - Training loss: 0.087293   Test Accuracy: 0.9657
[2026-05-20 09:42:51,547] Epoch 16 - Training loss: 0.081986   Test Accuracy: 0.9631
[2026-05-20 09:43:59,455] Epoch 17 - Training loss: 0.091871   Test Accuracy: 0.9646
[2026-05-20 09:45:09,156] Epoch 18 - Training loss: 0.091087   Test Accuracy: 0.9614
[2026-05-20 09:46:15,657] Epoch 19 - Training loss: 0.093899   Test Accuracy: 0.9564
[2026-05-20 09:47:23,483] Epoch 20 - Training loss: 0.096177   Test Accuracy: 0.9598
[2026-05-20 09:48:28,267] Epoch 21 - Training loss: 0.098243   Test Accuracy: 0.9644
[2026-05-20 09:49:34,695] Epoch 22 - Training loss: 0.099620   Test Accuracy: 0.9609
[2026-05-20 09:50:41,194] Epoch 23 - Training loss: 0.099309   Test Accuracy: 0.9560
[2026-05-20 09:51:52,326] Epoch 24 - Training loss: 0.094571   Test Accuracy: 0.9617
[2026-05-20 09:52:55,106] Epoch 25 - Training loss: 0.098733   Test Accuracy: 0.9579
[2026-05-20 09:54:01,316] Epoch 26 - Training loss: 0.098747   Test Accuracy: 0.9632
[2026-05-20 09:55:04,630] Epoch 27 - Training loss: 0.099712   Test Accuracy: 0.9638
[2026-05-20 09:56:06,096] Epoch 28 - Training loss: 0.097448   Test Accuracy: 0.9568
[2026-05-20 09:57:09,406] Epoch 29 - Training loss: 0.097574   Test Accuracy: 0.9578
[2026-05-20 09:58:15,355] Epoch 30 - Training loss: 0.096018   Test Accuracy: 0.9619
aihwkit path:  /home/bong/analog_stress_test/aihwkit-fork/src/aihwkit/__init__.py
NeurIPS-2025/S2-mnist-FCN.py --CUDA 0 --SETTING RL-v2 --RPU Pow --tau 0.7 --res-gamma 0.5 --res-state 28
Using Device:  cuda:0
Logging to file: runs/MNIST-FCN/Pow-gamma=0.5-state=28/RL-v2-tau=0.7/events.out.tfevents.1779236671.user.2281130.0

Training Time (s) = 2021.0782432556152
