# CMD: CUDA_VISIBLE_DEVICES=3 PYTHONPATH=/home/bong/analog_stress_test/analog-training SEED=2 python NeurIPS-2025/S2-mnist-FCN.py --CUDA 0 --SETTING RL-v2 --RPU Pow --tau 0.7 --res-gamma 0.5 --res-state 14000
[2026-05-20 05:51:01,818] Epoch 0 - Training loss: --------   Test Accuracy: 0.1009
[2026-05-20 05:52:09,033] Epoch 1 - Training loss: 2.300343   Test Accuracy: 0.1201
[2026-05-20 05:53:15,666] Epoch 2 - Training loss: 2.298634   Test Accuracy: 0.1194
[2026-05-20 05:54:24,840] Epoch 3 - Training loss: 2.297373   Test Accuracy: 0.1260
[2026-05-20 05:55:33,971] Epoch 4 - Training loss: 2.297073   Test Accuracy: 0.1202
[2026-05-20 05:56:43,920] Epoch 5 - Training loss: 2.297181   Test Accuracy: 0.1255
[2026-05-20 05:57:49,693] Epoch 6 - Training loss: 2.298655   Test Accuracy: 0.1185
[2026-05-20 05:58:59,196] Epoch 7 - Training loss: 2.297081   Test Accuracy: 0.1272
[2026-05-20 06:00:09,244] Epoch 8 - Training loss: 2.294457   Test Accuracy: 0.1257
[2026-05-20 06:01:17,027] Epoch 9 - Training loss: 2.295520   Test Accuracy: 0.1183
[2026-05-20 06:02:25,689] Epoch 10 - Training loss: 2.295634   Test Accuracy: 0.1249
[2026-05-20 06:03:38,387] Epoch 11 - Training loss: 2.296367   Test Accuracy: 0.1301
[2026-05-20 06:04:50,112] Epoch 12 - Training loss: 2.293499   Test Accuracy: 0.1251
[2026-05-20 06:05:59,691] Epoch 13 - Training loss: 2.292981   Test Accuracy: 0.1349
[2026-05-20 06:07:10,836] Epoch 14 - Training loss: 2.287443   Test Accuracy: 0.1415
[2026-05-20 06:08:19,990] Epoch 15 - Training loss: 2.285183   Test Accuracy: 0.1425
[2026-05-20 06:09:29,869] Epoch 16 - Training loss: 2.284344   Test Accuracy: 0.1338
[2026-05-20 06:10:39,440] Epoch 17 - Training loss: 2.287223   Test Accuracy: 0.1352
[2026-05-20 06:11:50,502] Epoch 18 - Training loss: 2.285971   Test Accuracy: 0.1454
[2026-05-20 06:13:01,110] Epoch 19 - Training loss: 2.281453   Test Accuracy: 0.1402
[2026-05-20 06:14:11,943] Epoch 20 - Training loss: 2.281657   Test Accuracy: 0.1410
[2026-05-20 06:15:23,237] Epoch 21 - Training loss: 2.284557   Test Accuracy: 0.1391
[2026-05-20 06:16:34,512] Epoch 22 - Training loss: 2.281092   Test Accuracy: 0.1404
[2026-05-20 06:17:44,843] Epoch 23 - Training loss: 2.277189   Test Accuracy: 0.1436
[2026-05-20 06:18:52,803] Epoch 24 - Training loss: 2.275677   Test Accuracy: 0.1389
[2026-05-20 06:20:03,513] Epoch 25 - Training loss: 2.278275   Test Accuracy: 0.1426
[2026-05-20 06:21:14,921] Epoch 26 - Training loss: 2.280472   Test Accuracy: 0.1460
[2026-05-20 06:22:25,342] Epoch 27 - Training loss: 2.277826   Test Accuracy: 0.1460
[2026-05-20 06:23:36,963] Epoch 28 - Training loss: 2.280826   Test Accuracy: 0.1478
[2026-05-20 06:24:46,647] Epoch 29 - Training loss: 2.276758   Test Accuracy: 0.1456
[2026-05-20 06:25:54,425] Epoch 30 - Training loss: 2.275745   Test Accuracy: 0.1507
aihwkit path:  /home/bong/analog_stress_test/aihwkit-fork/src/aihwkit/__init__.py
NeurIPS-2025/S2-mnist-FCN.py --CUDA 0 --SETTING RL-v2 --RPU Pow --tau 0.7 --res-gamma 0.5 --res-state 14000
Using Device:  cuda:0
Logging to file: runs/MNIST-FCN/Pow-gamma=0.5-state=14000/RL-v2-tau=0.7/events.out.tfevents.1779223854.user.2252864.0

Training Time (s) = 2096.553808450699
