# CMD: CUDA_VISIBLE_DEVICES=3 PYTHONPATH=/home/bong/analog_stress_test/analog-training SEED=3 python NeurIPS-2025/S2-mnist-FCN.py --CUDA 0 --SETTING RL-v2 --RPU EcRam
[2026-05-21 23:41:58,586] Epoch 0 - Training loss: --------   Test Accuracy: 0.0933
[2026-05-21 23:43:03,779] Epoch 1 - Training loss: 1.424472   Test Accuracy: 0.9015
[2026-05-21 23:44:08,061] Epoch 2 - Training loss: 0.343593   Test Accuracy: 0.9196
[2026-05-21 23:45:16,884] Epoch 3 - Training loss: 0.268877   Test Accuracy: 0.9296
[2026-05-21 23:46:24,429] Epoch 4 - Training loss: 0.224019   Test Accuracy: 0.9399
[2026-05-21 23:47:32,601] Epoch 5 - Training loss: 0.189407   Test Accuracy: 0.9503
[2026-05-21 23:48:39,623] Epoch 6 - Training loss: 0.163787   Test Accuracy: 0.9557
[2026-05-21 23:49:45,801] Epoch 7 - Training loss: 0.145282   Test Accuracy: 0.9580
[2026-05-21 23:50:53,019] Epoch 8 - Training loss: 0.129987   Test Accuracy: 0.9571
[2026-05-21 23:52:00,747] Epoch 9 - Training loss: 0.117205   Test Accuracy: 0.9642
[2026-05-21 23:53:09,698] Epoch 10 - Training loss: 0.106341   Test Accuracy: 0.9660
[2026-05-21 23:54:19,422] Epoch 11 - Training loss: 0.095953   Test Accuracy: 0.9669
[2026-05-21 23:55:29,643] Epoch 12 - Training loss: 0.087047   Test Accuracy: 0.9685
[2026-05-21 23:56:41,103] Epoch 13 - Training loss: 0.079347   Test Accuracy: 0.9702
[2026-05-21 23:57:49,963] Epoch 14 - Training loss: 0.073657   Test Accuracy: 0.9714
[2026-05-21 23:58:57,759] Epoch 15 - Training loss: 0.066285   Test Accuracy: 0.9729
[2026-05-22 00:00:06,089] Epoch 16 - Training loss: 0.058139   Test Accuracy: 0.9743
[2026-05-22 00:01:15,163] Epoch 17 - Training loss: 0.053428   Test Accuracy: 0.9729
[2026-05-22 00:02:24,763] Epoch 18 - Training loss: 0.050235   Test Accuracy: 0.9738
[2026-05-22 00:03:35,049] Epoch 19 - Training loss: 0.047214   Test Accuracy: 0.9739
[2026-05-22 00:04:45,277] Epoch 20 - Training loss: 0.045507   Test Accuracy: 0.9735
[2026-05-22 00:05:56,727] Epoch 21 - Training loss: 0.043569   Test Accuracy: 0.9746
[2026-05-22 00:07:05,892] Epoch 22 - Training loss: 0.041812   Test Accuracy: 0.9746
[2026-05-22 00:08:15,662] Epoch 23 - Training loss: 0.040549   Test Accuracy: 0.9742
[2026-05-22 00:09:25,367] Epoch 24 - Training loss: 0.039997   Test Accuracy: 0.9749
[2026-05-22 00:10:34,498] Epoch 25 - Training loss: 0.038032   Test Accuracy: 0.9742
[2026-05-22 00:11:43,695] Epoch 26 - Training loss: 0.036880   Test Accuracy: 0.9760
[2026-05-22 00:12:53,244] Epoch 27 - Training loss: 0.035084   Test Accuracy: 0.9745
[2026-05-22 00:14:02,945] Epoch 28 - Training loss: 0.035070   Test Accuracy: 0.9738
[2026-05-22 00:15:13,498] Epoch 29 - Training loss: 0.034003   Test Accuracy: 0.9735
[2026-05-22 00:16:16,590] Epoch 30 - Training loss: 0.032801   Test Accuracy: 0.9739
aihwkit path:  /home/bong/analog_stress_test/aihwkit-fork/src/aihwkit/__init__.py
NeurIPS-2025/S2-mnist-FCN.py --CUDA 0 --SETTING RL-v2 --RPU EcRam
Using Device:  cuda:0
Logging to file: runs/MNIST-FCN/EcRam/RL-v2-tau=1/events.out.tfevents.1779374512.user.163900.0

Training Time (s) = 2061.543153524399
