# CMD: CUDA_VISIBLE_DEVICES=3 PYTHONPATH=/home/bong/analog_stress_test/analog-training SEED=1 python NeurIPS-2025/S2-mnist-FCN.py --CUDA 0 --SETTING RL-v2 --RPU EcRamMO
[2026-05-22 00:16:00,595] Epoch 0 - Training loss: --------   Test Accuracy: 0.1028
[2026-05-22 00:17:03,896] Epoch 1 - Training loss: 2.302926   Test Accuracy: 0.0982
[2026-05-22 00:18:10,324] Epoch 2 - Training loss: 2.298767   Test Accuracy: 0.1261
[2026-05-22 00:19:08,540] Epoch 3 - Training loss: 2.285009   Test Accuracy: 0.1445
[2026-05-22 00:20:12,382] Epoch 4 - Training loss: 2.262257   Test Accuracy: 0.1759
[2026-05-22 00:21:21,547] Epoch 5 - Training loss: 2.240265   Test Accuracy: 0.1759
[2026-05-22 00:22:30,794] Epoch 6 - Training loss: 2.223796   Test Accuracy: 0.2019
[2026-05-22 00:23:37,109] Epoch 7 - Training loss: 2.200445   Test Accuracy: 0.2051
[2026-05-22 00:24:44,066] Epoch 8 - Training loss: 2.195595   Test Accuracy: 0.2096
[2026-05-22 00:25:53,664] Epoch 9 - Training loss: 2.177671   Test Accuracy: 0.2282
[2026-05-22 00:26:58,519] Epoch 10 - Training loss: 2.150042   Test Accuracy: 0.2523
[2026-05-22 00:28:06,899] Epoch 11 - Training loss: 2.113181   Test Accuracy: 0.2653
[2026-05-22 00:29:17,692] Epoch 12 - Training loss: 2.112383   Test Accuracy: 0.2301
[2026-05-22 00:30:28,217] Epoch 13 - Training loss: 2.111532   Test Accuracy: 0.2633
[2026-05-22 00:31:38,563] Epoch 14 - Training loss: 2.087211   Test Accuracy: 0.2701
[2026-05-22 00:32:47,912] Epoch 15 - Training loss: 2.077133   Test Accuracy: 0.2715
[2026-05-22 00:33:59,927] Epoch 16 - Training loss: 2.074286   Test Accuracy: 0.2756
[2026-05-22 00:35:08,688] Epoch 17 - Training loss: 2.065702   Test Accuracy: 0.2798
[2026-05-22 00:36:21,486] Epoch 18 - Training loss: 2.046155   Test Accuracy: 0.2884
[2026-05-22 00:37:24,382] Epoch 19 - Training loss: 2.050118   Test Accuracy: 0.2617
[2026-05-22 00:38:34,296] Epoch 20 - Training loss: 2.038463   Test Accuracy: 0.2983
[2026-05-22 00:39:45,381] Epoch 21 - Training loss: 2.023392   Test Accuracy: 0.2805
[2026-05-22 00:40:55,901] Epoch 22 - Training loss: 2.001007   Test Accuracy: 0.3036
[2026-05-22 00:42:01,912] Epoch 23 - Training loss: 1.996218   Test Accuracy: 0.3131
[2026-05-22 00:43:13,138] Epoch 24 - Training loss: 1.982954   Test Accuracy: 0.3183
[2026-05-22 00:44:20,238] Epoch 25 - Training loss: 1.976565   Test Accuracy: 0.3275
[2026-05-22 00:45:28,882] Epoch 26 - Training loss: 1.971285   Test Accuracy: 0.3147
[2026-05-22 00:46:39,647] Epoch 27 - Training loss: 1.966031   Test Accuracy: 0.3143
[2026-05-22 00:47:48,361] Epoch 28 - Training loss: 1.965391   Test Accuracy: 0.3133
[2026-05-22 00:48:57,016] Epoch 29 - Training loss: 1.976147   Test Accuracy: 0.3244
[2026-05-22 00:50:07,215] Epoch 30 - Training loss: 1.970963   Test Accuracy: 0.3200
aihwkit path:  /home/bong/analog_stress_test/aihwkit-fork/src/aihwkit/__init__.py
NeurIPS-2025/S2-mnist-FCN.py --CUDA 0 --SETTING RL-v2 --RPU EcRamMO
Using Device:  cuda:0
Logging to file: runs/MNIST-FCN/EcRamMO/RL-v2-tau=1/events.out.tfevents.1779376554.user.164802.0

Training Time (s) = 2050.3714196681976
