# CMD: CUDA_VISIBLE_DEVICES=3 PYTHONPATH=/home/bong/analog_stress_test/analog-training SEED=3 python NeurIPS-2025/S2-mnist-FCN.py --CUDA 0 --SETTING RL-v2 --RPU HfO2
[2026-05-21 23:06:28,488] Epoch 0 - Training loss: --------   Test Accuracy: 0.1010
[2026-05-21 23:07:32,426] Epoch 1 - Training loss: 1.762118   Test Accuracy: 0.7097
[2026-05-21 23:08:42,574] Epoch 2 - Training loss: 0.781687   Test Accuracy: 0.8125
[2026-05-21 23:09:54,288] Epoch 3 - Training loss: 0.599343   Test Accuracy: 0.7898
[2026-05-21 23:11:05,369] Epoch 4 - Training loss: 0.528892   Test Accuracy: 0.8296
[2026-05-21 23:12:16,796] Epoch 5 - Training loss: 0.521569   Test Accuracy: 0.8561
[2026-05-21 23:13:28,386] Epoch 6 - Training loss: 0.510012   Test Accuracy: 0.7883
[2026-05-21 23:14:38,901] Epoch 7 - Training loss: 0.496542   Test Accuracy: 0.8795
[2026-05-21 23:15:48,755] Epoch 8 - Training loss: 0.483982   Test Accuracy: 0.8281
[2026-05-21 23:16:59,479] Epoch 9 - Training loss: 0.493439   Test Accuracy: 0.8612
[2026-05-21 23:18:08,910] Epoch 10 - Training loss: 0.486988   Test Accuracy: 0.8245
[2026-05-21 23:19:19,948] Epoch 11 - Training loss: 0.470884   Test Accuracy: 0.8713
[2026-05-21 23:20:25,717] Epoch 12 - Training loss: 0.466132   Test Accuracy: 0.7761
[2026-05-21 23:21:35,181] Epoch 13 - Training loss: 0.470689   Test Accuracy: 0.8906
[2026-05-21 23:22:45,570] Epoch 14 - Training loss: 0.483194   Test Accuracy: 0.8400
[2026-05-21 23:23:55,103] Epoch 15 - Training loss: 0.474981   Test Accuracy: 0.8094
[2026-05-21 23:25:04,515] Epoch 16 - Training loss: 0.489597   Test Accuracy: 0.8403
[2026-05-21 23:26:13,606] Epoch 17 - Training loss: 0.558480   Test Accuracy: 0.8152
[2026-05-21 23:27:21,692] Epoch 18 - Training loss: 0.537314   Test Accuracy: 0.7333
[2026-05-21 23:28:30,302] Epoch 19 - Training loss: 0.549688   Test Accuracy: 0.8441
[2026-05-21 23:29:38,817] Epoch 20 - Training loss: 0.554926   Test Accuracy: 0.8564
[2026-05-21 23:30:47,944] Epoch 21 - Training loss: 0.566073   Test Accuracy: 0.7795
[2026-05-21 23:31:56,966] Epoch 22 - Training loss: 0.563557   Test Accuracy: 0.8535
[2026-05-21 23:33:05,955] Epoch 23 - Training loss: 0.575284   Test Accuracy: 0.8111
[2026-05-21 23:34:14,812] Epoch 24 - Training loss: 0.563617   Test Accuracy: 0.8438
[2026-05-21 23:35:23,654] Epoch 25 - Training loss: 0.570027   Test Accuracy: 0.8363
[2026-05-21 23:36:32,481] Epoch 26 - Training loss: 0.580632   Test Accuracy: 0.8121
[2026-05-21 23:37:41,582] Epoch 27 - Training loss: 0.562069   Test Accuracy: 0.8510
[2026-05-21 23:38:51,730] Epoch 28 - Training loss: 0.562722   Test Accuracy: 0.8095
[2026-05-21 23:40:00,864] Epoch 29 - Training loss: 0.594863   Test Accuracy: 0.8457
[2026-05-21 23:41:10,399] Epoch 30 - Training loss: 0.578561   Test Accuracy: 0.8308
aihwkit path:  /home/bong/analog_stress_test/aihwkit-fork/src/aihwkit/__init__.py
NeurIPS-2025/S2-mnist-FCN.py --CUDA 0 --SETTING RL-v2 --RPU HfO2
Using Device:  cuda:0
Logging to file: runs/MNIST-FCN/HfO2/RL-v2-tau=1/events.out.tfevents.1779372381.user.163138.0

Training Time (s) = 2085.868215084076
