# CMD: CUDA_VISIBLE_DEVICES=3 PYTHONPATH=/home/bong/analog_stress_test/analog-training SEED=2 python NeurIPS-2025/S2-mnist-FCN.py --CUDA 0 --SETTING RL-v2 --RPU HfO2
[2026-05-21 22:32:12,288] Epoch 0 - Training loss: --------   Test Accuracy: 0.0980
[2026-05-21 22:33:21,697] Epoch 1 - Training loss: 1.608236   Test Accuracy: 0.7705
[2026-05-21 22:34:31,757] Epoch 2 - Training loss: 0.692059   Test Accuracy: 0.8211
[2026-05-21 22:35:42,414] Epoch 3 - Training loss: 0.524913   Test Accuracy: 0.8842
[2026-05-21 22:36:54,346] Epoch 4 - Training loss: 0.478235   Test Accuracy: 0.8546
[2026-05-21 22:38:04,154] Epoch 5 - Training loss: 0.468524   Test Accuracy: 0.8568
[2026-05-21 22:39:13,315] Epoch 6 - Training loss: 0.460864   Test Accuracy: 0.8503
[2026-05-21 22:40:23,793] Epoch 7 - Training loss: 0.466281   Test Accuracy: 0.7326
[2026-05-21 22:41:33,201] Epoch 8 - Training loss: 0.459654   Test Accuracy: 0.8750
[2026-05-21 22:42:42,862] Epoch 9 - Training loss: 0.458829   Test Accuracy: 0.8767
[2026-05-21 22:43:53,645] Epoch 10 - Training loss: 0.450406   Test Accuracy: 0.8513
[2026-05-21 22:45:02,705] Epoch 11 - Training loss: 0.457451   Test Accuracy: 0.8719
[2026-05-21 22:46:13,062] Epoch 12 - Training loss: 0.444587   Test Accuracy: 0.8541
[2026-05-21 22:47:28,990] Epoch 13 - Training loss: 0.458038   Test Accuracy: 0.8769
[2026-05-21 22:48:38,857] Epoch 14 - Training loss: 0.461823   Test Accuracy: 0.8728
[2026-05-21 22:49:49,825] Epoch 15 - Training loss: 0.461915   Test Accuracy: 0.8540
[2026-05-21 22:51:01,838] Epoch 16 - Training loss: 0.459526   Test Accuracy: 0.8728
[2026-05-21 22:52:11,912] Epoch 17 - Training loss: 0.502631   Test Accuracy: 0.8668
[2026-05-21 22:53:22,063] Epoch 18 - Training loss: 0.520624   Test Accuracy: 0.8280
[2026-05-21 22:54:35,942] Epoch 19 - Training loss: 0.559719   Test Accuracy: 0.8411
[2026-05-21 22:55:48,321] Epoch 20 - Training loss: 0.554493   Test Accuracy: 0.8528
[2026-05-21 22:57:02,483] Epoch 21 - Training loss: 0.553190   Test Accuracy: 0.8259
[2026-05-21 22:58:14,968] Epoch 22 - Training loss: 0.571116   Test Accuracy: 0.8188
[2026-05-21 22:59:24,664] Epoch 23 - Training loss: 0.570914   Test Accuracy: 0.8413
[2026-05-21 23:00:34,395] Epoch 24 - Training loss: 0.585703   Test Accuracy: 0.8165
[2026-05-21 23:01:44,183] Epoch 25 - Training loss: 0.564923   Test Accuracy: 0.7905
[2026-05-21 23:02:50,599] Epoch 26 - Training loss: 0.565305   Test Accuracy: 0.8184
[2026-05-21 23:03:58,888] Epoch 27 - Training loss: 0.623536   Test Accuracy: 0.8595
[2026-05-21 23:05:08,082] Epoch 28 - Training loss: 0.640415   Test Accuracy: 0.8125
[2026-05-21 23:06:19,027] Epoch 29 - Training loss: 0.629053   Test Accuracy: 0.8240
[2026-05-21 23:07:24,763] Epoch 30 - Training loss: 0.614386   Test Accuracy: 0.8266
aihwkit path:  /home/bong/analog_stress_test/aihwkit-fork/src/aihwkit/__init__.py
NeurIPS-2025/S2-mnist-FCN.py --CUDA 0 --SETTING RL-v2 --RPU HfO2
Using Device:  cuda:0
Logging to file: runs/MNIST-FCN/HfO2/RL-v2-tau=1/events.out.tfevents.1779370325.user.162165.0

Training Time (s) = 2116.1505444049835
