# CMD: CUDA_VISIBLE_DEVICES=3 PYTHONPATH=/home/bong/analog_stress_test/analog-training SEED=2 python NeurIPS-2025/S2-mnist-FCN.py --CUDA 0 --SETTING RL-v2 --RPU OM
[2026-05-22 01:24:08,746] Epoch 0 - Training loss: --------   Test Accuracy: 0.1009
[2026-05-22 01:25:16,977] Epoch 1 - Training loss: 1.576227   Test Accuracy: 0.8828
[2026-05-22 01:26:22,104] Epoch 2 - Training loss: 0.353560   Test Accuracy: 0.8986
[2026-05-22 01:27:28,609] Epoch 3 - Training loss: 0.280525   Test Accuracy: 0.9313
[2026-05-22 01:28:37,389] Epoch 4 - Training loss: 0.252677   Test Accuracy: 0.9359
[2026-05-22 01:29:46,525] Epoch 5 - Training loss: 0.232361   Test Accuracy: 0.9347
[2026-05-22 01:31:00,091] Epoch 6 - Training loss: 0.229203   Test Accuracy: 0.9343
[2026-05-22 01:32:10,418] Epoch 7 - Training loss: 0.220386   Test Accuracy: 0.9341
[2026-05-22 01:33:19,161] Epoch 8 - Training loss: 0.217208   Test Accuracy: 0.9247
[2026-05-22 01:34:27,932] Epoch 9 - Training loss: 0.211515   Test Accuracy: 0.9366
[2026-05-22 01:35:37,639] Epoch 10 - Training loss: 0.203239   Test Accuracy: 0.9161
[2026-05-22 01:36:46,676] Epoch 11 - Training loss: 0.201308   Test Accuracy: 0.9448
[2026-05-22 01:37:55,942] Epoch 12 - Training loss: 0.200098   Test Accuracy: 0.9369
[2026-05-22 01:39:05,875] Epoch 13 - Training loss: 0.204927   Test Accuracy: 0.9229
[2026-05-22 01:40:15,202] Epoch 14 - Training loss: 0.198759   Test Accuracy: 0.9409
[2026-05-22 01:41:26,015] Epoch 15 - Training loss: 0.196698   Test Accuracy: 0.9365
[2026-05-22 01:42:34,938] Epoch 16 - Training loss: 0.198777   Test Accuracy: 0.9366
[2026-05-22 01:43:45,118] Epoch 17 - Training loss: 0.219671   Test Accuracy: 0.9326
[2026-05-22 01:44:55,022] Epoch 18 - Training loss: 0.217966   Test Accuracy: 0.9391
[2026-05-22 01:46:03,620] Epoch 19 - Training loss: 0.221129   Test Accuracy: 0.9342
[2026-05-22 01:47:14,220] Epoch 20 - Training loss: 0.221306   Test Accuracy: 0.9316
[2026-05-22 01:48:23,248] Epoch 21 - Training loss: 0.218985   Test Accuracy: 0.9365
[2026-05-22 01:49:37,259] Epoch 22 - Training loss: 0.217042   Test Accuracy: 0.9402
[2026-05-22 01:50:45,515] Epoch 23 - Training loss: 0.219925   Test Accuracy: 0.9297
[2026-05-22 01:51:54,701] Epoch 24 - Training loss: 0.225384   Test Accuracy: 0.9364
[2026-05-22 01:53:03,515] Epoch 25 - Training loss: 0.221958   Test Accuracy: 0.9321
[2026-05-22 01:54:14,954] Epoch 26 - Training loss: 0.229984   Test Accuracy: 0.9284
[2026-05-22 01:55:28,024] Epoch 27 - Training loss: 0.228221   Test Accuracy: 0.9347
[2026-05-22 01:56:40,176] Epoch 28 - Training loss: 0.224158   Test Accuracy: 0.9201
[2026-05-22 01:57:49,587] Epoch 29 - Training loss: 0.225474   Test Accuracy: 0.9332
[2026-05-22 01:58:58,560] Epoch 30 - Training loss: 0.226271   Test Accuracy: 0.9304
aihwkit path:  /home/bong/analog_stress_test/aihwkit-fork/src/aihwkit/__init__.py
NeurIPS-2025/S2-mnist-FCN.py --CUDA 0 --SETTING RL-v2 --RPU OM
Using Device:  cuda:0
Logging to file: runs/MNIST-FCN/OM/RL-v2-tau=1/events.out.tfevents.1779380642.user.166299.0

Training Time (s) = 2093.472503423691
