# CMD: CUDA_VISIBLE_DEVICES=2 PYTHONPATH=/home/bong/analog_stress_test/analog-training SEED=2 python NeurIPS-2025/S2-mnist-CNN.py --CUDA 0 --SETTING TT-v2 --RPU Pow --tau 0.7 --res-gamma 0.1 --res-state 140
[2026-05-25 12:04:45,518] Epoch 0 - Training loss: --------   Test Accuracy: 0.1526
[2026-05-25 12:06:14,289] Epoch 1 - Training loss: 1.215741   Test Accuracy: 0.8735
[2026-05-25 12:07:44,441] Epoch 2 - Training loss: 0.331791   Test Accuracy: 0.9267
[2026-05-25 12:09:18,955] Epoch 3 - Training loss: 0.219751   Test Accuracy: 0.9489
[2026-05-25 12:10:55,449] Epoch 4 - Training loss: 0.161718   Test Accuracy: 0.9589
[2026-05-25 12:12:14,071] Epoch 5 - Training loss: 0.127151   Test Accuracy: 0.9595
[2026-05-25 12:13:32,980] Epoch 6 - Training loss: 0.106713   Test Accuracy: 0.9675
[2026-05-25 12:14:55,551] Epoch 7 - Training loss: 0.088771   Test Accuracy: 0.9710
[2026-05-25 12:16:30,330] Epoch 8 - Training loss: 0.078815   Test Accuracy: 0.9754
[2026-05-25 12:17:54,501] Epoch 9 - Training loss: 0.068756   Test Accuracy: 0.9759
[2026-05-25 12:19:31,562] Epoch 10 - Training loss: 0.063305   Test Accuracy: 0.9768
[2026-05-25 12:21:08,206] Epoch 11 - Training loss: 0.059131   Test Accuracy: 0.9777
[2026-05-25 12:22:44,958] Epoch 12 - Training loss: 0.058335   Test Accuracy: 0.9792
[2026-05-25 12:24:19,067] Epoch 13 - Training loss: 0.054113   Test Accuracy: 0.9780
[2026-05-25 12:25:55,364] Epoch 14 - Training loss: 0.051309   Test Accuracy: 0.9808
[2026-05-25 12:27:32,210] Epoch 15 - Training loss: 0.047958   Test Accuracy: 0.9813
[2026-05-25 12:29:08,108] Epoch 16 - Training loss: 0.043387   Test Accuracy: 0.9809
[2026-05-25 12:30:44,176] Epoch 17 - Training loss: 0.042300   Test Accuracy: 0.9810
[2026-05-25 12:32:21,350] Epoch 18 - Training loss: 0.039767   Test Accuracy: 0.9812
[2026-05-25 12:33:57,203] Epoch 19 - Training loss: 0.039440   Test Accuracy: 0.9834
[2026-05-25 12:35:34,411] Epoch 20 - Training loss: 0.039325   Test Accuracy: 0.9819
[2026-05-25 12:37:12,399] Epoch 21 - Training loss: 0.037878   Test Accuracy: 0.9807
[2026-05-25 12:38:50,313] Epoch 22 - Training loss: 0.036303   Test Accuracy: 0.9838
[2026-05-25 12:40:25,798] Epoch 23 - Training loss: 0.035818   Test Accuracy: 0.9843
[2026-05-25 12:42:02,400] Epoch 24 - Training loss: 0.034292   Test Accuracy: 0.9842
[2026-05-25 12:43:37,237] Epoch 25 - Training loss: 0.033902   Test Accuracy: 0.9830
[2026-05-25 12:45:13,024] Epoch 26 - Training loss: 0.033030   Test Accuracy: 0.9835
[2026-05-25 12:46:48,022] Epoch 27 - Training loss: 0.032292   Test Accuracy: 0.9845
[2026-05-25 12:48:24,123] Epoch 28 - Training loss: 0.032287   Test Accuracy: 0.9851
[2026-05-25 12:49:55,465] Epoch 29 - Training loss: 0.032867   Test Accuracy: 0.9853
[2026-05-25 12:51:29,921] Epoch 30 - Training loss: 0.031711   Test Accuracy: 0.9834
aihwkit path:  /home/bong/analog_stress_test/aihwkit-fork/src/aihwkit/__init__.py
NeurIPS-2025/S2-mnist-CNN.py --CUDA 0 --SETTING TT-v2 --RPU Pow --tau 0.7 --res-gamma 0.1 --res-state 140
Using Device:  cuda:0
Logging to file: runs/MNIST-CNN/Pow-gamma=0.1-state=140/TT-v2-tau=0.7/events.out.tfevents.1779678278.user.588144.0

Training Time (s) = 2809.1151700019836
