# CMD: CUDA_VISIBLE_DEVICES=0 PYTHONPATH=/home/bong/analog_stress_test/analog-training SEED=3 python NeurIPS-2025/S2-mnist-CNN.py --CUDA 0 --SETTING TT-v2 --RPU Pow --tau 0.7 --res-gamma 4.0 --res-state 140
[2026-05-25 17:56:40,168] Epoch 0 - Training loss: --------   Test Accuracy: 0.1368
[2026-05-25 17:58:24,608] Epoch 1 - Training loss: 1.604386   Test Accuracy: 0.6847
[2026-05-25 18:00:21,836] Epoch 2 - Training loss: 0.891603   Test Accuracy: 0.7523
[2026-05-25 18:02:16,499] Epoch 3 - Training loss: 0.764780   Test Accuracy: 0.7689
[2026-05-25 18:04:11,273] Epoch 4 - Training loss: 0.699766   Test Accuracy: 0.7969
[2026-05-25 18:06:06,508] Epoch 5 - Training loss: 0.657686   Test Accuracy: 0.8054
[2026-05-25 18:07:54,433] Epoch 6 - Training loss: 0.630738   Test Accuracy: 0.7966
[2026-05-25 18:09:39,577] Epoch 7 - Training loss: 0.607719   Test Accuracy: 0.8016
[2026-05-25 18:11:21,247] Epoch 8 - Training loss: 0.583144   Test Accuracy: 0.8240
[2026-05-25 18:13:12,311] Epoch 9 - Training loss: 0.559088   Test Accuracy: 0.8336
[2026-05-25 18:15:03,404] Epoch 10 - Training loss: 0.539186   Test Accuracy: 0.8393
[2026-05-25 18:16:56,127] Epoch 11 - Training loss: 0.520497   Test Accuracy: 0.8381
[2026-05-25 18:18:48,229] Epoch 12 - Training loss: 0.507104   Test Accuracy: 0.8455
[2026-05-25 18:20:39,146] Epoch 13 - Training loss: 0.494202   Test Accuracy: 0.8515
[2026-05-25 18:22:33,289] Epoch 14 - Training loss: 0.481246   Test Accuracy: 0.8543
[2026-05-25 18:24:27,316] Epoch 15 - Training loss: 0.470548   Test Accuracy: 0.8628
[2026-05-25 18:26:18,682] Epoch 16 - Training loss: 0.457515   Test Accuracy: 0.8593
[2026-05-25 18:28:12,568] Epoch 17 - Training loss: 0.446104   Test Accuracy: 0.8573
[2026-05-25 18:30:02,693] Epoch 18 - Training loss: 0.437279   Test Accuracy: 0.8708
[2026-05-25 18:31:53,677] Epoch 19 - Training loss: 0.428854   Test Accuracy: 0.8729
[2026-05-25 18:33:53,197] Epoch 20 - Training loss: 0.420333   Test Accuracy: 0.8793
[2026-05-25 18:35:47,643] Epoch 21 - Training loss: 0.413479   Test Accuracy: 0.8657
[2026-05-25 18:37:38,795] Epoch 22 - Training loss: 0.406281   Test Accuracy: 0.8799
[2026-05-25 18:39:30,814] Epoch 23 - Training loss: 0.400562   Test Accuracy: 0.8778
[2026-05-25 18:41:24,517] Epoch 24 - Training loss: 0.395015   Test Accuracy: 0.8834
[2026-05-25 18:43:15,880] Epoch 25 - Training loss: 0.391156   Test Accuracy: 0.8805
[2026-05-25 18:45:11,891] Epoch 26 - Training loss: 0.392031   Test Accuracy: 0.8841
[2026-05-25 18:47:07,982] Epoch 27 - Training loss: 0.387921   Test Accuracy: 0.8839
[2026-05-25 18:49:04,711] Epoch 28 - Training loss: 0.384070   Test Accuracy: 0.8831
[2026-05-25 18:51:00,050] Epoch 29 - Training loss: 0.378010   Test Accuracy: 0.8804
[2026-05-25 18:52:53,788] Epoch 30 - Training loss: 0.368202   Test Accuracy: 0.8901
aihwkit path:  /home/bong/analog_stress_test/aihwkit-fork/src/aihwkit/__init__.py
NeurIPS-2025/S2-mnist-CNN.py --CUDA 0 --SETTING TT-v2 --RPU Pow --tau 0.7 --res-gamma 4.0 --res-state 140
Using Device:  cuda:0
Logging to file: runs/MNIST-CNN/Pow-gamma=4.0-state=140/TT-v2-tau=0.7/events.out.tfevents.1779699393.user.642584.0

Training Time (s) = 3378.2497301101685
