# CMD: CUDA_VISIBLE_DEVICES=2 PYTHONPATH=/home/bong/analog_stress_test/analog-training SEED=3 python NeurIPS-2025/S2-mnist-CNN.py --CUDA 0 --SETTING TT-v2 --RPU Pow --tau 0.7 --res-gamma 0.1 --res-state 140
[2026-05-25 12:48:47,565] Epoch 0 - Training loss: --------   Test Accuracy: 0.1314
[2026-05-25 12:50:17,770] Epoch 1 - Training loss: 1.132229   Test Accuracy: 0.8887
[2026-05-25 12:51:45,550] Epoch 2 - Training loss: 0.278779   Test Accuracy: 0.9344
[2026-05-25 12:53:20,676] Epoch 3 - Training loss: 0.181798   Test Accuracy: 0.9565
[2026-05-25 12:54:57,293] Epoch 4 - Training loss: 0.133566   Test Accuracy: 0.9666
[2026-05-25 12:56:33,975] Epoch 5 - Training loss: 0.107488   Test Accuracy: 0.9703
[2026-05-25 12:58:10,164] Epoch 6 - Training loss: 0.090892   Test Accuracy: 0.9726
[2026-05-25 12:59:46,175] Epoch 7 - Training loss: 0.078101   Test Accuracy: 0.9772
[2026-05-25 13:01:22,073] Epoch 8 - Training loss: 0.067631   Test Accuracy: 0.9784
[2026-05-25 13:02:55,915] Epoch 9 - Training loss: 0.060413   Test Accuracy: 0.9788
[2026-05-25 13:04:30,578] Epoch 10 - Training loss: 0.057247   Test Accuracy: 0.9774
[2026-05-25 13:06:07,123] Epoch 11 - Training loss: 0.057604   Test Accuracy: 0.9791
[2026-05-25 13:07:41,790] Epoch 12 - Training loss: 0.053932   Test Accuracy: 0.9793
[2026-05-25 13:09:19,401] Epoch 13 - Training loss: 0.049919   Test Accuracy: 0.9802
[2026-05-25 13:10:56,332] Epoch 14 - Training loss: 0.045487   Test Accuracy: 0.9805
[2026-05-25 13:12:31,570] Epoch 15 - Training loss: 0.045968   Test Accuracy: 0.9814
[2026-05-25 13:14:07,409] Epoch 16 - Training loss: 0.043480   Test Accuracy: 0.9804
[2026-05-25 13:15:42,768] Epoch 17 - Training loss: 0.041375   Test Accuracy: 0.9813
[2026-05-25 13:17:18,083] Epoch 18 - Training loss: 0.038487   Test Accuracy: 0.9824
[2026-05-25 13:18:56,241] Epoch 19 - Training loss: 0.036221   Test Accuracy: 0.9826
[2026-05-25 13:20:34,774] Epoch 20 - Training loss: 0.035604   Test Accuracy: 0.9819
[2026-05-25 13:22:12,606] Epoch 21 - Training loss: 0.035093   Test Accuracy: 0.9820
[2026-05-25 13:23:49,131] Epoch 22 - Training loss: 0.031786   Test Accuracy: 0.9810
[2026-05-25 13:25:24,678] Epoch 23 - Training loss: 0.031134   Test Accuracy: 0.9824
[2026-05-25 13:27:00,014] Epoch 24 - Training loss: 0.030132   Test Accuracy: 0.9826
[2026-05-25 13:28:35,722] Epoch 25 - Training loss: 0.029227   Test Accuracy: 0.9827
[2026-05-25 13:30:13,220] Epoch 26 - Training loss: 0.028904   Test Accuracy: 0.9830
[2026-05-25 13:31:50,749] Epoch 27 - Training loss: 0.027986   Test Accuracy: 0.9839
[2026-05-25 13:33:28,379] Epoch 28 - Training loss: 0.026658   Test Accuracy: 0.9826
[2026-05-25 13:35:04,346] Epoch 29 - Training loss: 0.025665   Test Accuracy: 0.9825
[2026-05-25 13:36:35,883] Epoch 30 - Training loss: 0.025780   Test Accuracy: 0.9835
aihwkit path:  /home/bong/analog_stress_test/aihwkit-fork/src/aihwkit/__init__.py
NeurIPS-2025/S2-mnist-CNN.py --CUDA 0 --SETTING TT-v2 --RPU Pow --tau 0.7 --res-gamma 0.1 --res-state 140
Using Device:  cuda:0
Logging to file: runs/MNIST-CNN/Pow-gamma=0.1-state=140/TT-v2-tau=0.7/events.out.tfevents.1779680921.user.592406.0

Training Time (s) = 2872.484753847122
