# CMD: CUDA_VISIBLE_DEVICES=0 PYTHONPATH=/home/bong/analog_stress_test/analog-training SEED=1 python NeurIPS-2025/S2-mnist-CNN.py --CUDA 0 --SETTING TT-v2 --RPU Pow --tau 0.7 --res-gamma 4.0 --res-state 140
[2026-05-25 17:04:04,395] Epoch 0 - Training loss: --------   Test Accuracy: 0.1405
[2026-05-25 17:05:42,011] Epoch 1 - Training loss: 1.870785   Test Accuracy: 0.6011
[2026-05-25 17:07:32,987] Epoch 2 - Training loss: 1.095858   Test Accuracy: 0.6977
[2026-05-25 17:09:21,453] Epoch 3 - Training loss: 0.898286   Test Accuracy: 0.7466
[2026-05-25 17:11:08,956] Epoch 4 - Training loss: 0.774637   Test Accuracy: 0.7760
[2026-05-25 17:12:58,079] Epoch 5 - Training loss: 0.696553   Test Accuracy: 0.7824
[2026-05-25 17:14:43,268] Epoch 6 - Training loss: 0.655115   Test Accuracy: 0.7924
[2026-05-25 17:16:27,556] Epoch 7 - Training loss: 0.619772   Test Accuracy: 0.7980
[2026-05-25 17:18:12,447] Epoch 8 - Training loss: 0.588536   Test Accuracy: 0.8205
[2026-05-25 17:19:58,359] Epoch 9 - Training loss: 0.565352   Test Accuracy: 0.8391
[2026-05-25 17:21:44,769] Epoch 10 - Training loss: 0.543840   Test Accuracy: 0.8417
[2026-05-25 17:23:28,601] Epoch 11 - Training loss: 0.526843   Test Accuracy: 0.8266
[2026-05-25 17:25:15,084] Epoch 12 - Training loss: 0.510171   Test Accuracy: 0.8506
[2026-05-25 17:27:01,069] Epoch 13 - Training loss: 0.498825   Test Accuracy: 0.8511
[2026-05-25 17:28:45,874] Epoch 14 - Training loss: 0.489740   Test Accuracy: 0.8580
[2026-05-25 17:30:29,267] Epoch 15 - Training loss: 0.478626   Test Accuracy: 0.8607
[2026-05-25 17:32:10,077] Epoch 16 - Training loss: 0.466308   Test Accuracy: 0.8524
[2026-05-25 17:33:53,631] Epoch 17 - Training loss: 0.453336   Test Accuracy: 0.8652
[2026-05-25 17:35:38,543] Epoch 18 - Training loss: 0.445194   Test Accuracy: 0.8590
[2026-05-25 17:37:23,077] Epoch 19 - Training loss: 0.439784   Test Accuracy: 0.8672
[2026-05-25 17:39:07,150] Epoch 20 - Training loss: 0.430464   Test Accuracy: 0.8641
[2026-05-25 17:40:51,203] Epoch 21 - Training loss: 0.423473   Test Accuracy: 0.8667
[2026-05-25 17:42:35,447] Epoch 22 - Training loss: 0.418175   Test Accuracy: 0.8691
[2026-05-25 17:44:22,166] Epoch 23 - Training loss: 0.413918   Test Accuracy: 0.8779
[2026-05-25 17:46:05,407] Epoch 24 - Training loss: 0.408730   Test Accuracy: 0.8791
[2026-05-25 17:47:50,713] Epoch 25 - Training loss: 0.406883   Test Accuracy: 0.8752
[2026-05-25 17:49:32,253] Epoch 26 - Training loss: 0.403865   Test Accuracy: 0.8776
[2026-05-25 17:51:16,184] Epoch 27 - Training loss: 0.398452   Test Accuracy: 0.8775
[2026-05-25 17:53:00,114] Epoch 28 - Training loss: 0.395252   Test Accuracy: 0.8797
[2026-05-25 17:54:44,881] Epoch 29 - Training loss: 0.390907   Test Accuracy: 0.8876
[2026-05-25 17:56:28,678] Epoch 30 - Training loss: 0.386290   Test Accuracy: 0.8837
aihwkit path:  /home/bong/analog_stress_test/aihwkit-fork/src/aihwkit/__init__.py
NeurIPS-2025/S2-mnist-CNN.py --CUDA 0 --SETTING TT-v2 --RPU Pow --tau 0.7 --res-gamma 4.0 --res-state 140
Using Device:  cuda:0
Logging to file: runs/MNIST-CNN/Pow-gamma=4.0-state=140/TT-v2-tau=0.7/events.out.tfevents.1779696238.user.628196.0

Training Time (s) = 3148.6183602809906
