# CMD: CUDA_VISIBLE_DEVICES=0 PYTHONPATH=/home/bong/analog_stress_test/analog-training SEED=2 python NeurIPS-2025/S2-mnist-CNN.py --CUDA 0 --SETTING TT-v2 --RPU Pow --tau 0.7 --res-gamma 8.0 --res-state 140
[2026-05-25 18:53:06,088] Epoch 0 - Training loss: --------   Test Accuracy: 0.1510
[2026-05-25 18:55:02,506] Epoch 1 - Training loss: 1.764256   Test Accuracy: 0.5727
[2026-05-25 18:57:03,172] Epoch 2 - Training loss: 1.140477   Test Accuracy: 0.6356
[2026-05-25 18:58:58,952] Epoch 3 - Training loss: 1.050761   Test Accuracy: 0.6652
[2026-05-25 19:01:01,710] Epoch 4 - Training loss: 1.000539   Test Accuracy: 0.6829
[2026-05-25 19:03:01,851] Epoch 5 - Training loss: 0.956246   Test Accuracy: 0.6991
[2026-05-25 19:05:02,345] Epoch 6 - Training loss: 0.927304   Test Accuracy: 0.7018
[2026-05-25 19:07:05,520] Epoch 7 - Training loss: 0.910503   Test Accuracy: 0.7064
[2026-05-25 19:09:05,999] Epoch 8 - Training loss: 0.893874   Test Accuracy: 0.7130
[2026-05-25 19:11:11,365] Epoch 9 - Training loss: 0.880063   Test Accuracy: 0.7132
[2026-05-25 19:13:17,784] Epoch 10 - Training loss: 0.873182   Test Accuracy: 0.7145
[2026-05-25 19:15:20,403] Epoch 11 - Training loss: 0.862307   Test Accuracy: 0.7262
[2026-05-25 19:17:21,849] Epoch 12 - Training loss: 0.854428   Test Accuracy: 0.7204
[2026-05-25 19:19:27,667] Epoch 13 - Training loss: 0.847429   Test Accuracy: 0.7286
[2026-05-25 19:21:29,219] Epoch 14 - Training loss: 0.842231   Test Accuracy: 0.7321
[2026-05-25 19:23:34,201] Epoch 15 - Training loss: 0.833248   Test Accuracy: 0.7380
[2026-05-25 19:25:35,381] Epoch 16 - Training loss: 0.828157   Test Accuracy: 0.7334
[2026-05-25 19:27:39,709] Epoch 17 - Training loss: 0.822712   Test Accuracy: 0.7453
[2026-05-25 19:29:33,932] Epoch 18 - Training loss: 0.817246   Test Accuracy: 0.7438
[2026-05-25 19:31:25,676] Epoch 19 - Training loss: 0.814144   Test Accuracy: 0.7369
[2026-05-25 19:33:21,930] Epoch 20 - Training loss: 0.809699   Test Accuracy: 0.7285
[2026-05-25 19:35:11,891] Epoch 21 - Training loss: 0.804483   Test Accuracy: 0.7431
[2026-05-25 19:37:08,600] Epoch 22 - Training loss: 0.800079   Test Accuracy: 0.7454
[2026-05-25 19:39:11,118] Epoch 23 - Training loss: 0.797356   Test Accuracy: 0.7480
[2026-05-25 19:41:10,729] Epoch 24 - Training loss: 0.791349   Test Accuracy: 0.7411
[2026-05-25 19:43:11,137] Epoch 25 - Training loss: 0.789463   Test Accuracy: 0.7370
[2026-05-25 19:45:07,058] Epoch 26 - Training loss: 0.783823   Test Accuracy: 0.7541
[2026-05-25 19:47:08,896] Epoch 27 - Training loss: 0.779841   Test Accuracy: 0.7404
[2026-05-25 19:49:11,762] Epoch 28 - Training loss: 0.777403   Test Accuracy: 0.7364
[2026-05-25 19:51:13,756] Epoch 29 - Training loss: 0.777244   Test Accuracy: 0.7509
[2026-05-25 19:53:17,179] Epoch 30 - Training loss: 0.770191   Test Accuracy: 0.7567
aihwkit path:  /home/bong/analog_stress_test/aihwkit-fork/src/aihwkit/__init__.py
NeurIPS-2025/S2-mnist-CNN.py --CUDA 0 --SETTING TT-v2 --RPU Pow --tau 0.7 --res-gamma 8.0 --res-state 140
Using Device:  cuda:0
Logging to file: runs/MNIST-CNN/Pow-gamma=8.0-state=140/TT-v2-tau=0.7/events.out.tfevents.1779702778.user.651266.0

Training Time (s) = 3616.31827044487
