# CMD: CUDA_VISIBLE_DEVICES=0 PYTHONPATH=/home/bong/analog_stress_test/analog-training SEED=2 python NeurIPS-2025/S2-mnist-CNN.py --CUDA 0 --SETTING TT-v2 --RPU Pow --tau 0.7 --res-gamma 4.0 --res-state 140
[2026-05-25 17:04:46,722] Epoch 0 - Training loss: --------   Test Accuracy: 0.1508
[2026-05-25 17:06:37,514] Epoch 1 - Training loss: 1.667576   Test Accuracy: 0.6204
[2026-05-25 17:08:23,813] Epoch 2 - Training loss: 1.014247   Test Accuracy: 0.6994
[2026-05-25 17:10:11,312] Epoch 3 - Training loss: 0.886555   Test Accuracy: 0.7242
[2026-05-25 17:11:58,111] Epoch 4 - Training loss: 0.803869   Test Accuracy: 0.7502
[2026-05-25 17:13:42,831] Epoch 5 - Training loss: 0.743268   Test Accuracy: 0.7813
[2026-05-25 17:15:27,092] Epoch 6 - Training loss: 0.695644   Test Accuracy: 0.7851
[2026-05-25 17:17:12,098] Epoch 7 - Training loss: 0.654694   Test Accuracy: 0.8073
[2026-05-25 17:18:58,033] Epoch 8 - Training loss: 0.619704   Test Accuracy: 0.8166
[2026-05-25 17:20:39,729] Epoch 9 - Training loss: 0.592344   Test Accuracy: 0.8220
[2026-05-25 17:22:16,222] Epoch 10 - Training loss: 0.565369   Test Accuracy: 0.8324
[2026-05-25 17:24:01,887] Epoch 11 - Training loss: 0.541350   Test Accuracy: 0.8428
[2026-05-25 17:25:46,867] Epoch 12 - Training loss: 0.523196   Test Accuracy: 0.8447
[2026-05-25 17:27:32,499] Epoch 13 - Training loss: 0.504052   Test Accuracy: 0.8538
[2026-05-25 17:29:17,359] Epoch 14 - Training loss: 0.488111   Test Accuracy: 0.8590
[2026-05-25 17:31:05,917] Epoch 15 - Training loss: 0.470982   Test Accuracy: 0.8613
[2026-05-25 17:32:55,060] Epoch 16 - Training loss: 0.460874   Test Accuracy: 0.8698
[2026-05-25 17:34:40,887] Epoch 17 - Training loss: 0.447256   Test Accuracy: 0.8680
[2026-05-25 17:36:24,811] Epoch 18 - Training loss: 0.438284   Test Accuracy: 0.8776
[2026-05-25 17:38:08,463] Epoch 19 - Training loss: 0.426997   Test Accuracy: 0.8625
[2026-05-25 17:39:51,120] Epoch 20 - Training loss: 0.416989   Test Accuracy: 0.8737
[2026-05-25 17:41:36,704] Epoch 21 - Training loss: 0.409583   Test Accuracy: 0.8720
[2026-05-25 17:43:25,509] Epoch 22 - Training loss: 0.402264   Test Accuracy: 0.8862
[2026-05-25 17:45:06,644] Epoch 23 - Training loss: 0.393635   Test Accuracy: 0.8922
[2026-05-25 17:46:48,388] Epoch 24 - Training loss: 0.385030   Test Accuracy: 0.8908
[2026-05-25 17:48:30,477] Epoch 25 - Training loss: 0.378859   Test Accuracy: 0.8952
[2026-05-25 17:50:11,504] Epoch 26 - Training loss: 0.372456   Test Accuracy: 0.8725
[2026-05-25 17:51:51,510] Epoch 27 - Training loss: 0.366352   Test Accuracy: 0.8966
[2026-05-25 17:53:31,134] Epoch 28 - Training loss: 0.359704   Test Accuracy: 0.8927
[2026-05-25 17:55:13,263] Epoch 29 - Training loss: 0.355452   Test Accuracy: 0.8995
[2026-05-25 17:56:47,791] Epoch 30 - Training loss: 0.348590   Test Accuracy: 0.9019
aihwkit path:  /home/bong/analog_stress_test/aihwkit-fork/src/aihwkit/__init__.py
NeurIPS-2025/S2-mnist-CNN.py --CUDA 0 --SETTING TT-v2 --RPU Pow --tau 0.7 --res-gamma 4.0 --res-state 140
Using Device:  cuda:0
Logging to file: runs/MNIST-CNN/Pow-gamma=4.0-state=140/TT-v2-tau=0.7/events.out.tfevents.1779696280.user.628511.0

Training Time (s) = 3125.649332523346
