# CMD: CUDA_VISIBLE_DEVICES=2 PYTHONPATH=/home/bong/analog_stress_test/analog-training SEED=3 python NeurIPS-2025/S2-mnist-CNN.py --CUDA 0 --SETTING TT-v2 --RPU Pow --tau 0.7 --res-gamma 0.5 --res-state 140
[2026-05-25 13:36:46,654] Epoch 0 - Training loss: --------   Test Accuracy: 0.1335
[2026-05-25 13:38:12,616] Epoch 1 - Training loss: 1.433977   Test Accuracy: 0.7855
[2026-05-25 13:39:47,435] Epoch 2 - Training loss: 0.531674   Test Accuracy: 0.8629
[2026-05-25 13:41:21,857] Epoch 3 - Training loss: 0.389814   Test Accuracy: 0.8964
[2026-05-25 13:42:53,152] Epoch 4 - Training loss: 0.325975   Test Accuracy: 0.9101
[2026-05-25 13:44:24,827] Epoch 5 - Training loss: 0.287092   Test Accuracy: 0.9180
[2026-05-25 13:45:58,771] Epoch 6 - Training loss: 0.261262   Test Accuracy: 0.9244
[2026-05-25 13:47:33,453] Epoch 7 - Training loss: 0.236020   Test Accuracy: 0.9331
[2026-05-25 13:49:06,386] Epoch 8 - Training loss: 0.216805   Test Accuracy: 0.9375
[2026-05-25 13:50:37,137] Epoch 9 - Training loss: 0.196456   Test Accuracy: 0.9413
[2026-05-25 13:52:11,218] Epoch 10 - Training loss: 0.192626   Test Accuracy: 0.9384
[2026-05-25 13:53:46,237] Epoch 11 - Training loss: 0.179503   Test Accuracy: 0.9455
[2026-05-25 13:55:22,259] Epoch 12 - Training loss: 0.167168   Test Accuracy: 0.9510
[2026-05-25 13:56:57,974] Epoch 13 - Training loss: 0.156190   Test Accuracy: 0.9521
[2026-05-25 13:58:33,437] Epoch 14 - Training loss: 0.147418   Test Accuracy: 0.9548
[2026-05-25 14:00:12,254] Epoch 15 - Training loss: 0.139596   Test Accuracy: 0.9570
[2026-05-25 14:01:49,333] Epoch 16 - Training loss: 0.132597   Test Accuracy: 0.9592
[2026-05-25 14:03:25,935] Epoch 17 - Training loss: 0.126690   Test Accuracy: 0.9616
[2026-05-25 14:04:59,663] Epoch 18 - Training loss: 0.120460   Test Accuracy: 0.9612
[2026-05-25 14:06:35,904] Epoch 19 - Training loss: 0.113624   Test Accuracy: 0.9640
[2026-05-25 14:08:13,787] Epoch 20 - Training loss: 0.111429   Test Accuracy: 0.9639
[2026-05-25 14:09:49,946] Epoch 21 - Training loss: 0.110716   Test Accuracy: 0.9632
[2026-05-25 14:11:25,596] Epoch 22 - Training loss: 0.114756   Test Accuracy: 0.9634
[2026-05-25 14:13:01,093] Epoch 23 - Training loss: 0.114199   Test Accuracy: 0.9643
[2026-05-25 14:14:37,239] Epoch 24 - Training loss: 0.113547   Test Accuracy: 0.9639
[2026-05-25 14:16:13,230] Epoch 25 - Training loss: 0.109219   Test Accuracy: 0.9634
[2026-05-25 14:17:51,358] Epoch 26 - Training loss: 0.107696   Test Accuracy: 0.9654
[2026-05-25 14:19:28,152] Epoch 27 - Training loss: 0.106076   Test Accuracy: 0.9670
[2026-05-25 14:21:06,259] Epoch 28 - Training loss: 0.102988   Test Accuracy: 0.9669
[2026-05-25 14:22:39,986] Epoch 29 - Training loss: 0.098949   Test Accuracy: 0.9694
[2026-05-25 14:24:19,051] Epoch 30 - Training loss: 0.094813   Test Accuracy: 0.9670
aihwkit path:  /home/bong/analog_stress_test/aihwkit-fork/src/aihwkit/__init__.py
NeurIPS-2025/S2-mnist-CNN.py --CUDA 0 --SETTING TT-v2 --RPU Pow --tau 0.7 --res-gamma 0.5 --res-state 140
Using Device:  cuda:0
Logging to file: runs/MNIST-CNN/Pow-gamma=0.5-state=140/TT-v2-tau=0.7/events.out.tfevents.1779683800.user.597858.0

Training Time (s) = 2856.703343153
