# CMD: CUDA_VISIBLE_DEVICES=2 PYTHONPATH=/home/bong/analog_stress_test/analog-training SEED=1 python NeurIPS-2025/S2-mnist-CNN.py --CUDA 0 --SETTING TT-v2 --RPU Pow --tau 0.7 --res-gamma 0.5 --res-state 140
[2026-05-25 12:51:39,766] Epoch 0 - Training loss: --------   Test Accuracy: 0.1435
[2026-05-25 12:53:10,236] Epoch 1 - Training loss: 1.703218   Test Accuracy: 0.7365
[2026-05-25 12:54:35,917] Epoch 2 - Training loss: 0.653737   Test Accuracy: 0.8469
[2026-05-25 12:56:03,540] Epoch 3 - Training loss: 0.459554   Test Accuracy: 0.8764
[2026-05-25 12:57:27,248] Epoch 4 - Training loss: 0.379892   Test Accuracy: 0.8974
[2026-05-25 12:58:57,170] Epoch 5 - Training loss: 0.326744   Test Accuracy: 0.9081
[2026-05-25 13:00:26,246] Epoch 6 - Training loss: 0.296117   Test Accuracy: 0.9185
[2026-05-25 13:01:56,240] Epoch 7 - Training loss: 0.270313   Test Accuracy: 0.9213
[2026-05-25 13:03:24,946] Epoch 8 - Training loss: 0.249645   Test Accuracy: 0.9280
[2026-05-25 13:04:54,187] Epoch 9 - Training loss: 0.231923   Test Accuracy: 0.9378
[2026-05-25 13:06:21,980] Epoch 10 - Training loss: 0.213483   Test Accuracy: 0.9361
[2026-05-25 13:07:57,291] Epoch 11 - Training loss: 0.202868   Test Accuracy: 0.9390
[2026-05-25 13:09:35,878] Epoch 12 - Training loss: 0.195394   Test Accuracy: 0.9431
[2026-05-25 13:11:11,716] Epoch 13 - Training loss: 0.188625   Test Accuracy: 0.9376
[2026-05-25 13:12:44,398] Epoch 14 - Training loss: 0.177204   Test Accuracy: 0.9500
[2026-05-25 13:14:15,780] Epoch 15 - Training loss: 0.168108   Test Accuracy: 0.9513
[2026-05-25 13:15:46,586] Epoch 16 - Training loss: 0.159859   Test Accuracy: 0.9549
[2026-05-25 13:17:19,125] Epoch 17 - Training loss: 0.151861   Test Accuracy: 0.9570
[2026-05-25 13:18:40,457] Epoch 18 - Training loss: 0.144049   Test Accuracy: 0.9579
[2026-05-25 13:20:02,967] Epoch 19 - Training loss: 0.138749   Test Accuracy: 0.9575
[2026-05-25 13:21:25,611] Epoch 20 - Training loss: 0.136060   Test Accuracy: 0.9579
[2026-05-25 13:22:48,364] Epoch 21 - Training loss: 0.130475   Test Accuracy: 0.9630
[2026-05-25 13:24:20,281] Epoch 22 - Training loss: 0.124765   Test Accuracy: 0.9629
[2026-05-25 13:25:55,270] Epoch 23 - Training loss: 0.121709   Test Accuracy: 0.9631
[2026-05-25 13:27:31,465] Epoch 24 - Training loss: 0.121593   Test Accuracy: 0.9642
[2026-05-25 13:29:06,944] Epoch 25 - Training loss: 0.121090   Test Accuracy: 0.9594
[2026-05-25 13:30:28,986] Epoch 26 - Training loss: 0.121799   Test Accuracy: 0.9607
[2026-05-25 13:31:54,350] Epoch 27 - Training loss: 0.119016   Test Accuracy: 0.9609
[2026-05-25 13:33:15,718] Epoch 28 - Training loss: 0.116029   Test Accuracy: 0.9642
[2026-05-25 13:34:49,555] Epoch 29 - Training loss: 0.113002   Test Accuracy: 0.9657
[2026-05-25 13:36:23,719] Epoch 30 - Training loss: 0.110813   Test Accuracy: 0.9647
aihwkit path:  /home/bong/analog_stress_test/aihwkit-fork/src/aihwkit/__init__.py
NeurIPS-2025/S2-mnist-CNN.py --CUDA 0 --SETTING TT-v2 --RPU Pow --tau 0.7 --res-gamma 0.5 --res-state 140
Using Device:  cuda:0
Logging to file: runs/MNIST-CNN/Pow-gamma=0.5-state=140/TT-v2-tau=0.7/events.out.tfevents.1779681093.user.592768.0

Training Time (s) = 2688.0042865276337
