# CMD: CUDA_VISIBLE_DEVICES=2 PYTHONPATH=/home/bong/analog_stress_test/analog-training SEED=3 python NeurIPS-2025/S2-mnist-CNN.py --CUDA 0 --SETTING TT-v2 --RPU Pow --tau 0.7 --res-gamma 1.0 --res-state 140
[2026-05-25 15:09:51,368] Epoch 0 - Training loss: --------   Test Accuracy: 0.1368
[2026-05-25 15:11:24,005] Epoch 1 - Training loss: 1.560820   Test Accuracy: 0.7269
[2026-05-25 15:12:47,764] Epoch 2 - Training loss: 0.699586   Test Accuracy: 0.8248
[2026-05-25 15:14:27,006] Epoch 3 - Training loss: 0.527371   Test Accuracy: 0.8547
[2026-05-25 15:16:05,779] Epoch 4 - Training loss: 0.447835   Test Accuracy: 0.8770
[2026-05-25 15:17:43,176] Epoch 5 - Training loss: 0.395907   Test Accuracy: 0.8864
[2026-05-25 15:19:20,466] Epoch 6 - Training loss: 0.358328   Test Accuracy: 0.8991
[2026-05-25 15:20:57,028] Epoch 7 - Training loss: 0.332799   Test Accuracy: 0.9066
[2026-05-25 15:22:32,220] Epoch 8 - Training loss: 0.311825   Test Accuracy: 0.9121
[2026-05-25 15:24:07,264] Epoch 9 - Training loss: 0.295561   Test Accuracy: 0.9148
[2026-05-25 15:25:43,773] Epoch 10 - Training loss: 0.283774   Test Accuracy: 0.9131
[2026-05-25 15:27:19,330] Epoch 11 - Training loss: 0.270688   Test Accuracy: 0.9235
[2026-05-25 15:28:55,300] Epoch 12 - Training loss: 0.258783   Test Accuracy: 0.9240
[2026-05-25 15:30:32,218] Epoch 13 - Training loss: 0.244113   Test Accuracy: 0.9299
[2026-05-25 15:32:08,080] Epoch 14 - Training loss: 0.232541   Test Accuracy: 0.9310
[2026-05-25 15:33:43,395] Epoch 15 - Training loss: 0.222516   Test Accuracy: 0.9391
[2026-05-25 15:35:19,895] Epoch 16 - Training loss: 0.210421   Test Accuracy: 0.9397
[2026-05-25 15:36:52,063] Epoch 17 - Training loss: 0.203207   Test Accuracy: 0.9378
[2026-05-25 15:38:25,952] Epoch 18 - Training loss: 0.194399   Test Accuracy: 0.9407
[2026-05-25 15:39:59,471] Epoch 19 - Training loss: 0.186978   Test Accuracy: 0.9388
[2026-05-25 15:41:34,711] Epoch 20 - Training loss: 0.178540   Test Accuracy: 0.9500
[2026-05-25 15:43:09,910] Epoch 21 - Training loss: 0.174345   Test Accuracy: 0.9465
[2026-05-25 15:44:48,506] Epoch 22 - Training loss: 0.170799   Test Accuracy: 0.9490
[2026-05-25 15:46:25,256] Epoch 23 - Training loss: 0.166837   Test Accuracy: 0.9483
[2026-05-25 15:47:57,035] Epoch 24 - Training loss: 0.163887   Test Accuracy: 0.9515
[2026-05-25 15:49:30,340] Epoch 25 - Training loss: 0.159543   Test Accuracy: 0.9504
[2026-05-25 15:51:07,894] Epoch 26 - Training loss: 0.153830   Test Accuracy: 0.9573
[2026-05-25 15:52:43,555] Epoch 27 - Training loss: 0.148800   Test Accuracy: 0.9547
[2026-05-25 15:54:19,828] Epoch 28 - Training loss: 0.144026   Test Accuracy: 0.9582
[2026-05-25 15:55:56,872] Epoch 29 - Training loss: 0.140532   Test Accuracy: 0.9579
[2026-05-25 15:57:32,983] Epoch 30 - Training loss: 0.136925   Test Accuracy: 0.9583
aihwkit path:  /home/bong/analog_stress_test/aihwkit-fork/src/aihwkit/__init__.py
NeurIPS-2025/S2-mnist-CNN.py --CUDA 0 --SETTING TT-v2 --RPU Pow --tau 0.7 --res-gamma 1.0 --res-state 140
Using Device:  cuda:0
Logging to file: runs/MNIST-CNN/Pow-gamma=1.0-state=140/TT-v2-tau=0.7/events.out.tfevents.1779689384.user.607532.0

Training Time (s) = 2866.4362947940826
