# CMD: CUDA_VISIBLE_DEVICES=2 PYTHONPATH=/home/bong/analog_stress_test/analog-training SEED=1 INP_RES=0.07142857142857142 OUT_RES=0.007936507936507936 INP_NOISE=0.1 OUT_NOISE=0.1 python NeurIPS-2025/S2-mnist-CNN.py --CUDA 0 --SETTING TT-v1 --RPU Pow --tau 0.7 --res-gamma 0.5 --res-state 140
[2026-05-23 04:57:43,526] Epoch 0 - Training loss: --------   Test Accuracy: 0.1037
[2026-05-23 04:58:55,020] Epoch 1 - Training loss: 1.847331   Test Accuracy: 0.7180
[2026-05-23 05:00:08,967] Epoch 2 - Training loss: 0.628825   Test Accuracy: 0.8345
[2026-05-23 05:01:23,023] Epoch 3 - Training loss: 0.493096   Test Accuracy: 0.8457
[2026-05-23 05:02:34,889] Epoch 4 - Training loss: 0.432940   Test Accuracy: 0.8546
[2026-05-23 05:03:49,317] Epoch 5 - Training loss: 0.511018   Test Accuracy: 0.8521
[2026-05-23 05:05:06,993] Epoch 6 - Training loss: 0.507989   Test Accuracy: 0.8304
[2026-05-23 05:06:18,528] Epoch 7 - Training loss: 0.479057   Test Accuracy: 0.8580
[2026-05-23 05:07:31,428] Epoch 8 - Training loss: 0.476779   Test Accuracy: 0.8755
[2026-05-23 05:08:44,641] Epoch 9 - Training loss: 0.491679   Test Accuracy: 0.8722
[2026-05-23 05:09:54,162] Epoch 10 - Training loss: 0.442848   Test Accuracy: 0.8829
[2026-05-23 05:11:07,585] Epoch 11 - Training loss: 0.815634   Test Accuracy: 0.6006
[2026-05-23 05:12:23,320] Epoch 12 - Training loss: 1.100436   Test Accuracy: 0.7107
[2026-05-23 05:13:35,588] Epoch 13 - Training loss: 0.846922   Test Accuracy: 0.7373
[2026-05-23 05:14:47,043] Epoch 14 - Training loss: 0.735748   Test Accuracy: 0.7947
[2026-05-23 05:16:02,845] Epoch 15 - Training loss: 0.862932   Test Accuracy: 0.7116
[2026-05-23 05:17:14,312] Epoch 16 - Training loss: 0.821874   Test Accuracy: 0.7347
[2026-05-23 05:18:26,359] Epoch 17 - Training loss: 0.916706   Test Accuracy: 0.6149
[2026-05-23 05:19:38,201] Epoch 18 - Training loss: 0.829176   Test Accuracy: 0.7605
[2026-05-23 05:20:55,437] Epoch 19 - Training loss: 0.758770   Test Accuracy: 0.7652
[2026-05-23 05:22:05,979] Epoch 20 - Training loss: 2.098212   Test Accuracy: 0.1187
[2026-05-23 05:23:25,307] Epoch 21 - Training loss: 1.480324   Test Accuracy: 0.3806
[2026-05-23 05:24:44,922] Epoch 22 - Training loss: 1.481493   Test Accuracy: 0.6467
[2026-05-23 05:25:52,392] Epoch 23 - Training loss: 0.908161   Test Accuracy: 0.7035
[2026-05-23 05:27:04,919] Epoch 24 - Training loss: 1.024105   Test Accuracy: 0.7381
[2026-05-23 05:28:14,964] Epoch 25 - Training loss: 0.905967   Test Accuracy: 0.6476
[2026-05-23 05:29:32,131] Epoch 26 - Training loss: 0.914467   Test Accuracy: 0.6531
[2026-05-23 05:30:43,165] Epoch 27 - Training loss: 1.047222   Test Accuracy: 0.6232
[2026-05-23 05:31:55,619] Epoch 28 - Training loss: 0.890369   Test Accuracy: 0.7233
[2026-05-23 05:33:05,759] Epoch 29 - Training loss: 0.797736   Test Accuracy: 0.7843
[2026-05-23 05:34:15,041] Epoch 30 - Training loss: 0.853175   Test Accuracy: 0.7684
aihwkit path:  /home/bong/analog_stress_test/aihwkit-fork/src/aihwkit/__init__.py
NeurIPS-2025/S2-mnist-CNN.py --CUDA 0 --SETTING TT-v1 --RPU Pow --tau 0.7 --res-gamma 0.5 --res-state 140
Using Device:  cuda:0
Logging to file: runs/MNIST-CNN/Pow-gamma=0.5-state=140/TT-v1-tau=0.7/events.out.tfevents.1779479857.user.283431.0

Training Time (s) = 2195.960077047348
