# CMD: CUDA_VISIBLE_DEVICES=2 PYTHONPATH=/home/bong/analog_stress_test/analog-training SEED=2 INP_RES=0.003937007874015748 OUT_RES=0.00196078431372549 INP_NOISE=0.06 OUT_NOISE=0.06 python NeurIPS-2025/S2-mnist-CNN.py --CUDA 0 --SETTING TT-v1 --RPU Pow --tau 0.7 --res-gamma 0.5 --res-state 140
[2026-05-23 03:29:10,016] Epoch 0 - Training loss: --------   Test Accuracy: 0.1238
[2026-05-23 03:30:26,192] Epoch 1 - Training loss: 1.388529   Test Accuracy: 0.8323
[2026-05-23 03:31:39,825] Epoch 2 - Training loss: 0.486547   Test Accuracy: 0.8673
[2026-05-23 03:32:51,478] Epoch 3 - Training loss: 0.395170   Test Accuracy: 0.8947
[2026-05-23 03:34:07,557] Epoch 4 - Training loss: 0.353330   Test Accuracy: 0.9033
[2026-05-23 03:35:23,453] Epoch 5 - Training loss: 0.367715   Test Accuracy: 0.8802
[2026-05-23 03:36:34,734] Epoch 6 - Training loss: 0.371348   Test Accuracy: 0.8921
[2026-05-23 03:37:55,013] Epoch 7 - Training loss: 0.432757   Test Accuracy: 0.8740
[2026-05-23 03:39:18,097] Epoch 8 - Training loss: 0.425975   Test Accuracy: 0.8762
[2026-05-23 03:40:29,055] Epoch 9 - Training loss: 0.736088   Test Accuracy: 0.6777
[2026-05-23 03:41:46,110] Epoch 10 - Training loss: 0.868200   Test Accuracy: 0.7490
[2026-05-23 03:43:00,414] Epoch 11 - Training loss: 0.728790   Test Accuracy: 0.7965
[2026-05-23 03:44:34,407] Epoch 12 - Training loss: 0.654711   Test Accuracy: 0.7395
[2026-05-23 03:45:54,075] Epoch 13 - Training loss: 0.674011   Test Accuracy: 0.7921
[2026-05-23 03:47:16,073] Epoch 14 - Training loss: 0.641431   Test Accuracy: 0.8214
[2026-05-23 03:48:35,670] Epoch 15 - Training loss: 0.608858   Test Accuracy: 0.8367
[2026-05-23 03:49:55,562] Epoch 16 - Training loss: 0.904074   Test Accuracy: 0.6813
[2026-05-23 03:51:16,035] Epoch 17 - Training loss: 0.879526   Test Accuracy: 0.6857
[2026-05-23 03:52:35,681] Epoch 18 - Training loss: 0.921042   Test Accuracy: 0.6348
[2026-05-23 03:53:54,849] Epoch 19 - Training loss: 0.912532   Test Accuracy: 0.7807
[2026-05-23 03:55:16,441] Epoch 20 - Training loss: 0.781086   Test Accuracy: 0.7312
[2026-05-23 03:56:36,908] Epoch 21 - Training loss: 0.868738   Test Accuracy: 0.7738
[2026-05-23 03:57:55,500] Epoch 22 - Training loss: 0.797034   Test Accuracy: 0.6948
[2026-05-23 03:59:16,669] Epoch 23 - Training loss: 0.892194   Test Accuracy: 0.7673
[2026-05-23 04:00:38,020] Epoch 24 - Training loss: 0.793030   Test Accuracy: 0.7282
[2026-05-23 04:01:58,560] Epoch 25 - Training loss: 0.758562   Test Accuracy: 0.7509
[2026-05-23 04:03:18,886] Epoch 26 - Training loss: 1.006488   Test Accuracy: 0.6613
[2026-05-23 04:04:39,068] Epoch 27 - Training loss: 0.909346   Test Accuracy: 0.6789
[2026-05-23 04:06:00,055] Epoch 28 - Training loss: 1.099146   Test Accuracy: 0.5971
[2026-05-23 04:07:21,135] Epoch 29 - Training loss: 1.169003   Test Accuracy: 0.6779
[2026-05-23 04:08:39,779] Epoch 30 - Training loss: 0.945846   Test Accuracy: 0.7117
aihwkit path:  /home/bong/analog_stress_test/aihwkit-fork/src/aihwkit/__init__.py
NeurIPS-2025/S2-mnist-CNN.py --CUDA 0 --SETTING TT-v1 --RPU Pow --tau 0.7 --res-gamma 0.5 --res-state 140
Using Device:  cuda:0
Logging to file: runs/MNIST-CNN/Pow-gamma=0.5-state=140/TT-v1-tau=0.7/events.out.tfevents.1779474543.user.276051.0

Training Time (s) = 2374.223938703537
