# CMD: CUDA_VISIBLE_DEVICES=2 PYTHONPATH=/home/bong/analog_stress_test/analog-training SEED=3 INP_RES=0.016129032258064516 OUT_RES=0.003937007874015748 INP_NOISE=0.06 OUT_NOISE=0.06 python NeurIPS-2025/S2-mnist-CNN.py --CUDA 0 --SETTING TT-v1 --RPU Pow --tau 0.7 --res-gamma 0.5 --res-state 140
[2026-05-23 04:46:52,431] Epoch 0 - Training loss: --------   Test Accuracy: 0.1242
[2026-05-23 04:48:07,139] Epoch 1 - Training loss: 1.144222   Test Accuracy: 0.8409
[2026-05-23 04:49:21,446] Epoch 2 - Training loss: 0.452999   Test Accuracy: 0.8775
[2026-05-23 04:50:34,162] Epoch 3 - Training loss: 0.384093   Test Accuracy: 0.8973
[2026-05-23 04:51:49,991] Epoch 4 - Training loss: 0.376228   Test Accuracy: 0.8931
[2026-05-23 04:53:08,314] Epoch 5 - Training loss: 0.353931   Test Accuracy: 0.9012
[2026-05-23 04:54:26,941] Epoch 6 - Training loss: 0.381585   Test Accuracy: 0.9009
[2026-05-23 04:55:45,567] Epoch 7 - Training loss: 0.399865   Test Accuracy: 0.8887
[2026-05-23 04:56:58,217] Epoch 8 - Training loss: 0.645999   Test Accuracy: 0.7183
[2026-05-23 04:58:05,535] Epoch 9 - Training loss: 0.858504   Test Accuracy: 0.7220
[2026-05-23 04:59:17,292] Epoch 10 - Training loss: 0.885959   Test Accuracy: 0.7977
[2026-05-23 05:00:30,738] Epoch 11 - Training loss: 1.170688   Test Accuracy: 0.7530
[2026-05-23 05:01:46,259] Epoch 12 - Training loss: 0.834375   Test Accuracy: 0.7230
[2026-05-23 05:03:00,830] Epoch 13 - Training loss: 0.790205   Test Accuracy: 0.6950
[2026-05-23 05:04:15,871] Epoch 14 - Training loss: 0.791545   Test Accuracy: 0.7800
[2026-05-23 05:05:29,744] Epoch 15 - Training loss: 0.721093   Test Accuracy: 0.8029
[2026-05-23 05:06:45,891] Epoch 16 - Training loss: 0.727815   Test Accuracy: 0.4897
[2026-05-23 05:08:01,279] Epoch 17 - Training loss: 0.951374   Test Accuracy: 0.6406
[2026-05-23 05:09:17,002] Epoch 18 - Training loss: 0.912991   Test Accuracy: 0.7413
[2026-05-23 05:10:30,988] Epoch 19 - Training loss: 0.881549   Test Accuracy: 0.7493
[2026-05-23 05:11:46,974] Epoch 20 - Training loss: 1.151270   Test Accuracy: 0.4655
[2026-05-23 05:13:03,753] Epoch 21 - Training loss: 1.323812   Test Accuracy: 0.7195
[2026-05-23 05:14:20,141] Epoch 22 - Training loss: 1.017347   Test Accuracy: 0.5895
[2026-05-23 05:15:39,306] Epoch 23 - Training loss: 1.084098   Test Accuracy: 0.6661
[2026-05-23 05:16:56,633] Epoch 24 - Training loss: 1.070061   Test Accuracy: 0.6230
[2026-05-23 05:18:14,326] Epoch 25 - Training loss: 1.113795   Test Accuracy: 0.6449
[2026-05-23 05:19:31,928] Epoch 26 - Training loss: 0.943940   Test Accuracy: 0.6981
[2026-05-23 05:20:52,187] Epoch 27 - Training loss: 0.988771   Test Accuracy: 0.6917
[2026-05-23 05:22:16,116] Epoch 28 - Training loss: 0.985583   Test Accuracy: 0.6849
[2026-05-23 05:23:34,101] Epoch 29 - Training loss: 0.992093   Test Accuracy: 0.6778
[2026-05-23 05:24:52,116] Epoch 30 - Training loss: 1.010153   Test Accuracy: 0.6736
aihwkit path:  /home/bong/analog_stress_test/aihwkit-fork/src/aihwkit/__init__.py
NeurIPS-2025/S2-mnist-CNN.py --CUDA 0 --SETTING TT-v1 --RPU Pow --tau 0.7 --res-gamma 0.5 --res-state 140
Using Device:  cuda:0
Logging to file: runs/MNIST-CNN/Pow-gamma=0.5-state=140/TT-v1-tau=0.7/events.out.tfevents.1779479206.user.282441.0

Training Time (s) = 2283.5476591587067
