# CMD: CUDA_VISIBLE_DEVICES=2 PYTHONPATH=/home/bong/analog_stress_test/analog-training SEED=1 python NeurIPS-2025/S2-mnist-CNN.py --CUDA 0 --SETTING TT-v2 --RPU Pow --tau 0.7 --res-gamma 4.0 --res-state 140
[2026-05-21 20:25:12,212] Epoch 0 - Training loss: --------   Test Accuracy: 0.1409
[2026-05-21 20:26:50,215] Epoch 1 - Training loss: 1.711167   Test Accuracy: 0.6620
[2026-05-21 20:28:27,899] Epoch 2 - Training loss: 0.892581   Test Accuracy: 0.7654
[2026-05-21 20:30:03,795] Epoch 3 - Training loss: 0.699040   Test Accuracy: 0.7985
[2026-05-21 20:31:38,944] Epoch 4 - Training loss: 0.598174   Test Accuracy: 0.8346
[2026-05-21 20:33:11,191] Epoch 5 - Training loss: 0.526020   Test Accuracy: 0.8484
[2026-05-21 20:34:43,696] Epoch 6 - Training loss: 0.477268   Test Accuracy: 0.8530
[2026-05-21 20:36:19,069] Epoch 7 - Training loss: 0.441986   Test Accuracy: 0.8689
[2026-05-21 20:37:54,007] Epoch 8 - Training loss: 0.414693   Test Accuracy: 0.8772
[2026-05-21 20:39:27,188] Epoch 9 - Training loss: 0.394235   Test Accuracy: 0.8875
[2026-05-21 20:40:59,498] Epoch 10 - Training loss: 0.376247   Test Accuracy: 0.8866
[2026-05-21 20:42:30,103] Epoch 11 - Training loss: 0.360222   Test Accuracy: 0.8915
[2026-05-21 20:44:04,196] Epoch 12 - Training loss: 0.346912   Test Accuracy: 0.9009
[2026-05-21 20:45:37,873] Epoch 13 - Training loss: 0.333788   Test Accuracy: 0.8971
[2026-05-21 20:47:09,647] Epoch 14 - Training loss: 0.323651   Test Accuracy: 0.9066
[2026-05-21 20:48:41,030] Epoch 15 - Training loss: 0.316100   Test Accuracy: 0.9050
[2026-05-21 20:50:10,046] Epoch 16 - Training loss: 0.310321   Test Accuracy: 0.9093
[2026-05-21 20:51:40,845] Epoch 17 - Training loss: 0.301897   Test Accuracy: 0.9136
[2026-05-21 20:53:11,934] Epoch 18 - Training loss: 0.293556   Test Accuracy: 0.9164
[2026-05-21 20:54:40,679] Epoch 19 - Training loss: 0.285489   Test Accuracy: 0.9190
[2026-05-21 20:56:20,646] Epoch 20 - Training loss: 0.277932   Test Accuracy: 0.9195
[2026-05-21 20:57:52,397] Epoch 21 - Training loss: 0.273434   Test Accuracy: 0.9216
[2026-05-21 20:59:22,380] Epoch 22 - Training loss: 0.270891   Test Accuracy: 0.9245
[2026-05-21 21:00:53,164] Epoch 23 - Training loss: 0.267228   Test Accuracy: 0.9225
[2026-05-21 21:02:23,680] Epoch 24 - Training loss: 0.263860   Test Accuracy: 0.9270
[2026-05-21 21:03:52,882] Epoch 25 - Training loss: 0.261336   Test Accuracy: 0.9258
[2026-05-21 21:05:22,297] Epoch 26 - Training loss: 0.258257   Test Accuracy: 0.9238
[2026-05-21 21:06:56,789] Epoch 27 - Training loss: 0.254841   Test Accuracy: 0.9213
[2026-05-21 21:08:24,342] Epoch 28 - Training loss: 0.251544   Test Accuracy: 0.9256
[2026-05-21 21:09:56,009] Epoch 29 - Training loss: 0.248899   Test Accuracy: 0.9295
[2026-05-21 21:11:28,866] Epoch 30 - Training loss: 0.244132   Test Accuracy: 0.9289
aihwkit path:  /home/bong/analog_stress_test/aihwkit-fork/src/aihwkit/__init__.py
NeurIPS-2025/S2-mnist-CNN.py --CUDA 0 --SETTING TT-v2 --RPU Pow --tau 0.7 --res-gamma 4.0 --res-state 140
Using Device:  cuda:0
Logging to file: runs/MNIST-CNN/Pow-gamma=4.0-state=140/TT-v2-tau=0.7/events.out.tfevents.1779362706.user.112941.0

Training Time (s) = 2780.7723178863525
