# CMD: CUDA_VISIBLE_DEVICES=2 PYTHONPATH=/home/bong/analog_stress_test/analog-training SEED=3 python NeurIPS-2025/S2-mnist-CNN.py --CUDA 0 --SETTING TT-v2 --RPU Pow --tau 0.7 --res-gamma 1.0 --res-state 140
[2026-05-21 18:51:59,016] Epoch 0 - Training loss: --------   Test Accuracy: 0.1356
[2026-05-21 18:53:28,842] Epoch 1 - Training loss: 1.056254   Test Accuracy: 0.8820
[2026-05-21 18:55:02,702] Epoch 2 - Training loss: 0.299835   Test Accuracy: 0.9277
[2026-05-21 18:56:36,682] Epoch 3 - Training loss: 0.205156   Test Accuracy: 0.9467
[2026-05-21 18:58:13,510] Epoch 4 - Training loss: 0.163444   Test Accuracy: 0.9560
[2026-05-21 18:59:49,001] Epoch 5 - Training loss: 0.134287   Test Accuracy: 0.9637
[2026-05-21 19:01:18,465] Epoch 6 - Training loss: 0.114442   Test Accuracy: 0.9671
[2026-05-21 19:02:51,136] Epoch 7 - Training loss: 0.101202   Test Accuracy: 0.9680
[2026-05-21 19:04:18,945] Epoch 8 - Training loss: 0.094154   Test Accuracy: 0.9676
[2026-05-21 19:05:52,372] Epoch 9 - Training loss: 0.085892   Test Accuracy: 0.9741
[2026-05-21 19:07:23,691] Epoch 10 - Training loss: 0.077859   Test Accuracy: 0.9744
[2026-05-21 19:08:54,208] Epoch 11 - Training loss: 0.069814   Test Accuracy: 0.9761
[2026-05-21 19:10:27,733] Epoch 12 - Training loss: 0.064336   Test Accuracy: 0.9769
[2026-05-21 19:12:00,064] Epoch 13 - Training loss: 0.059297   Test Accuracy: 0.9793
[2026-05-21 19:13:30,917] Epoch 14 - Training loss: 0.054640   Test Accuracy: 0.9795
[2026-05-21 19:15:03,002] Epoch 15 - Training loss: 0.053598   Test Accuracy: 0.9795
[2026-05-21 19:16:35,592] Epoch 16 - Training loss: 0.049653   Test Accuracy: 0.9801
[2026-05-21 19:18:11,423] Epoch 17 - Training loss: 0.047835   Test Accuracy: 0.9784
[2026-05-21 19:19:45,034] Epoch 18 - Training loss: 0.046608   Test Accuracy: 0.9779
[2026-05-21 19:21:12,999] Epoch 19 - Training loss: 0.045609   Test Accuracy: 0.9786
[2026-05-21 19:22:48,524] Epoch 20 - Training loss: 0.044684   Test Accuracy: 0.9781
[2026-05-21 19:24:23,402] Epoch 21 - Training loss: 0.044574   Test Accuracy: 0.9791
[2026-05-21 19:25:57,566] Epoch 22 - Training loss: 0.042162   Test Accuracy: 0.9786
[2026-05-21 19:27:35,114] Epoch 23 - Training loss: 0.041542   Test Accuracy: 0.9798
[2026-05-21 19:29:15,836] Epoch 24 - Training loss: 0.039491   Test Accuracy: 0.9798
[2026-05-21 19:30:43,087] Epoch 25 - Training loss: 0.038055   Test Accuracy: 0.9809
[2026-05-21 19:32:18,377] Epoch 26 - Training loss: 0.037940   Test Accuracy: 0.9806
[2026-05-21 19:33:53,670] Epoch 27 - Training loss: 0.036644   Test Accuracy: 0.9816
[2026-05-21 19:35:26,282] Epoch 28 - Training loss: 0.034480   Test Accuracy: 0.9807
[2026-05-21 19:37:00,530] Epoch 29 - Training loss: 0.035927   Test Accuracy: 0.9799
[2026-05-21 19:38:31,381] Epoch 30 - Training loss: 0.031715   Test Accuracy: 0.9836
aihwkit path:  /home/bong/analog_stress_test/aihwkit-fork/src/aihwkit/__init__.py
NeurIPS-2025/S2-mnist-CNN.py --CUDA 0 --SETTING TT-v2 --RPU Pow --tau 0.7 --res-gamma 1.0 --res-state 140
Using Device:  cuda:0
Logging to file: runs/MNIST-CNN/Pow-gamma=1.0-state=140/TT-v2-tau=0.7/events.out.tfevents.1779357112.user.77188.0

Training Time (s) = 2797.13130903244
