# CMD: CUDA_VISIBLE_DEVICES=2 PYTHONPATH=/home/bong/analog_stress_test/analog-training SEED=1 python NeurIPS-2025/S2-mnist-CNN.py --CUDA 0 --SETTING TT-v2 --RPU Pow --tau 0.7 --res-gamma 2.0 --res-state 140
[2026-05-21 19:38:11,419] Epoch 0 - Training loss: --------   Test Accuracy: 0.1403
[2026-05-21 19:39:40,796] Epoch 1 - Training loss: 1.454140   Test Accuracy: 0.7793
[2026-05-21 19:41:15,566] Epoch 2 - Training loss: 0.566675   Test Accuracy: 0.8610
[2026-05-21 19:42:46,562] Epoch 3 - Training loss: 0.414730   Test Accuracy: 0.8863
[2026-05-21 19:44:18,377] Epoch 4 - Training loss: 0.338848   Test Accuracy: 0.9019
[2026-05-21 19:45:47,464] Epoch 5 - Training loss: 0.293318   Test Accuracy: 0.9187
[2026-05-21 19:47:18,999] Epoch 6 - Training loss: 0.258060   Test Accuracy: 0.9277
[2026-05-21 19:48:52,000] Epoch 7 - Training loss: 0.237496   Test Accuracy: 0.9291
[2026-05-21 19:50:26,333] Epoch 8 - Training loss: 0.221207   Test Accuracy: 0.9359
[2026-05-21 19:52:00,260] Epoch 9 - Training loss: 0.204818   Test Accuracy: 0.9400
[2026-05-21 19:53:30,503] Epoch 10 - Training loss: 0.189960   Test Accuracy: 0.9420
[2026-05-21 19:55:06,230] Epoch 11 - Training loss: 0.175421   Test Accuracy: 0.9480
[2026-05-21 19:56:39,937] Epoch 12 - Training loss: 0.162655   Test Accuracy: 0.9526
[2026-05-21 19:58:17,004] Epoch 13 - Training loss: 0.154160   Test Accuracy: 0.9516
[2026-05-21 19:59:48,954] Epoch 14 - Training loss: 0.145150   Test Accuracy: 0.9572
[2026-05-21 20:01:24,934] Epoch 15 - Training loss: 0.141672   Test Accuracy: 0.9534
[2026-05-21 20:03:00,375] Epoch 16 - Training loss: 0.143769   Test Accuracy: 0.9573
[2026-05-21 20:04:34,180] Epoch 17 - Training loss: 0.141376   Test Accuracy: 0.9565
[2026-05-21 20:06:06,198] Epoch 18 - Training loss: 0.135195   Test Accuracy: 0.9585
[2026-05-21 20:07:41,677] Epoch 19 - Training loss: 0.136784   Test Accuracy: 0.9582
[2026-05-21 20:09:17,864] Epoch 20 - Training loss: 0.132809   Test Accuracy: 0.9546
[2026-05-21 20:10:51,573] Epoch 21 - Training loss: 0.128463   Test Accuracy: 0.9625
[2026-05-21 20:12:25,953] Epoch 22 - Training loss: 0.119863   Test Accuracy: 0.9633
[2026-05-21 20:14:02,149] Epoch 23 - Training loss: 0.117021   Test Accuracy: 0.9633
[2026-05-21 20:15:36,272] Epoch 24 - Training loss: 0.113806   Test Accuracy: 0.9635
[2026-05-21 20:17:09,378] Epoch 25 - Training loss: 0.110066   Test Accuracy: 0.9669
[2026-05-21 20:18:44,901] Epoch 26 - Training loss: 0.104071   Test Accuracy: 0.9661
[2026-05-21 20:20:19,881] Epoch 27 - Training loss: 0.099786   Test Accuracy: 0.9668
[2026-05-21 20:21:56,351] Epoch 28 - Training loss: 0.098701   Test Accuracy: 0.9677
[2026-05-21 20:23:31,865] Epoch 29 - Training loss: 0.095344   Test Accuracy: 0.9687
[2026-05-21 20:25:02,261] Epoch 30 - Training loss: 0.092568   Test Accuracy: 0.9701
aihwkit path:  /home/bong/analog_stress_test/aihwkit-fork/src/aihwkit/__init__.py
NeurIPS-2025/S2-mnist-CNN.py --CUDA 0 --SETTING TT-v2 --RPU Pow --tau 0.7 --res-gamma 2.0 --res-state 140
Using Device:  cuda:0
Logging to file: runs/MNIST-CNN/Pow-gamma=2.0-state=140/TT-v2-tau=0.7/events.out.tfevents.1779359885.user.94464.0

Training Time (s) = 2815.122828245163
