# CMD: CUDA_VISIBLE_DEVICES=2 PYTHONPATH=/home/bong/analog_stress_test/analog-training SEED=2 python NeurIPS-2025/S2-mnist-CNN.py --CUDA 0 --SETTING TT-v2 --RPU Pow --tau 0.7 --res-gamma 0.5 --res-state 140
[2026-05-21 17:16:54,375] Epoch 0 - Training loss: --------   Test Accuracy: 0.1491
[2026-05-21 17:18:28,773] Epoch 1 - Training loss: 0.970149   Test Accuracy: 0.9131
[2026-05-21 17:19:46,012] Epoch 2 - Training loss: 0.228647   Test Accuracy: 0.9478
[2026-05-21 17:21:04,080] Epoch 3 - Training loss: 0.144384   Test Accuracy: 0.9619
[2026-05-21 17:22:34,513] Epoch 4 - Training loss: 0.103027   Test Accuracy: 0.9707
[2026-05-21 17:24:04,917] Epoch 5 - Training loss: 0.087111   Test Accuracy: 0.9718
[2026-05-21 17:25:37,093] Epoch 6 - Training loss: 0.074887   Test Accuracy: 0.9707
[2026-05-21 17:27:08,497] Epoch 7 - Training loss: 0.064780   Test Accuracy: 0.9770
[2026-05-21 17:28:41,920] Epoch 8 - Training loss: 0.057559   Test Accuracy: 0.9792
[2026-05-21 17:30:14,835] Epoch 9 - Training loss: 0.050865   Test Accuracy: 0.9783
[2026-05-21 17:31:41,888] Epoch 10 - Training loss: 0.046154   Test Accuracy: 0.9798
[2026-05-21 17:33:16,283] Epoch 11 - Training loss: 0.042800   Test Accuracy: 0.9809
[2026-05-21 17:34:52,770] Epoch 12 - Training loss: 0.041585   Test Accuracy: 0.9804
[2026-05-21 17:36:27,395] Epoch 13 - Training loss: 0.037869   Test Accuracy: 0.9813
[2026-05-21 17:38:03,328] Epoch 14 - Training loss: 0.036025   Test Accuracy: 0.9817
[2026-05-21 17:39:41,383] Epoch 15 - Training loss: 0.034734   Test Accuracy: 0.9839
[2026-05-21 17:41:15,804] Epoch 16 - Training loss: 0.030575   Test Accuracy: 0.9825
[2026-05-21 17:42:50,366] Epoch 17 - Training loss: 0.029242   Test Accuracy: 0.9823
[2026-05-21 17:44:24,757] Epoch 18 - Training loss: 0.027509   Test Accuracy: 0.9844
[2026-05-21 17:45:59,400] Epoch 19 - Training loss: 0.026411   Test Accuracy: 0.9844
[2026-05-21 17:47:34,744] Epoch 20 - Training loss: 0.024305   Test Accuracy: 0.9852
[2026-05-21 17:49:03,042] Epoch 21 - Training loss: 0.022840   Test Accuracy: 0.9872
[2026-05-21 17:50:38,093] Epoch 22 - Training loss: 0.020415   Test Accuracy: 0.9839
[2026-05-21 17:52:12,272] Epoch 23 - Training loss: 0.019741   Test Accuracy: 0.9857
[2026-05-21 17:53:44,844] Epoch 24 - Training loss: 0.019185   Test Accuracy: 0.9860
[2026-05-21 17:55:21,960] Epoch 25 - Training loss: 0.016904   Test Accuracy: 0.9853
[2026-05-21 17:56:46,846] Epoch 26 - Training loss: 0.017302   Test Accuracy: 0.9858
[2026-05-21 17:58:25,197] Epoch 27 - Training loss: 0.015132   Test Accuracy: 0.9863
[2026-05-21 18:00:01,372] Epoch 28 - Training loss: 0.015184   Test Accuracy: 0.9851
[2026-05-21 18:01:38,132] Epoch 29 - Training loss: 0.013377   Test Accuracy: 0.9858
[2026-05-21 18:03:21,131] Epoch 30 - Training loss: 0.012823   Test Accuracy: 0.9876
aihwkit path:  /home/bong/analog_stress_test/aihwkit-fork/src/aihwkit/__init__.py
NeurIPS-2025/S2-mnist-CNN.py --CUDA 0 --SETTING TT-v2 --RPU Pow --tau 0.7 --res-gamma 0.5 --res-state 140
Using Device:  cuda:0
Logging to file: runs/MNIST-CNN/Pow-gamma=0.5-state=140/TT-v2-tau=0.7/events.out.tfevents.1779351408.user.39238.0

Training Time (s) = 2790.4573957920074
