# CMD: CUDA_VISIBLE_DEVICES=2 PYTHONPATH=/home/bong/analog_stress_test/analog-training SEED=3 python NeurIPS-2025/S2-mnist-CNN.py --CUDA 0 --SETTING TT-v2 --RPU Pow --tau 0.7 --res-gamma 0.5 --res-state 140
[2026-05-21 18:03:31,827] Epoch 0 - Training loss: --------   Test Accuracy: 0.1347
[2026-05-21 18:04:56,736] Epoch 1 - Training loss: 0.894751   Test Accuracy: 0.9239
[2026-05-21 18:06:27,491] Epoch 2 - Training loss: 0.193550   Test Accuracy: 0.9566
[2026-05-21 18:08:01,431] Epoch 3 - Training loss: 0.125423   Test Accuracy: 0.9671
[2026-05-21 18:09:34,771] Epoch 4 - Training loss: 0.094390   Test Accuracy: 0.9711
[2026-05-21 18:11:07,981] Epoch 5 - Training loss: 0.074975   Test Accuracy: 0.9762
[2026-05-21 18:12:40,472] Epoch 6 - Training loss: 0.066560   Test Accuracy: 0.9778
[2026-05-21 18:14:15,229] Epoch 7 - Training loss: 0.057170   Test Accuracy: 0.9771
[2026-05-21 18:15:47,667] Epoch 8 - Training loss: 0.048991   Test Accuracy: 0.9795
[2026-05-21 18:17:19,133] Epoch 9 - Training loss: 0.043171   Test Accuracy: 0.9788
[2026-05-21 18:18:52,347] Epoch 10 - Training loss: 0.039199   Test Accuracy: 0.9806
[2026-05-21 18:20:24,822] Epoch 11 - Training loss: 0.036053   Test Accuracy: 0.9802
[2026-05-21 18:21:57,964] Epoch 12 - Training loss: 0.033140   Test Accuracy: 0.9823
[2026-05-21 18:23:31,238] Epoch 13 - Training loss: 0.030408   Test Accuracy: 0.9827
[2026-05-21 18:25:03,582] Epoch 14 - Training loss: 0.028333   Test Accuracy: 0.9810
[2026-05-21 18:26:39,272] Epoch 15 - Training loss: 0.029565   Test Accuracy: 0.9827
[2026-05-21 18:28:14,546] Epoch 16 - Training loss: 0.028735   Test Accuracy: 0.9820
[2026-05-21 18:29:49,950] Epoch 17 - Training loss: 0.027021   Test Accuracy: 0.9816
[2026-05-21 18:31:24,349] Epoch 18 - Training loss: 0.024722   Test Accuracy: 0.9817
[2026-05-21 18:32:59,696] Epoch 19 - Training loss: 0.024296   Test Accuracy: 0.9827
[2026-05-21 18:34:35,978] Epoch 20 - Training loss: 0.022142   Test Accuracy: 0.9823
[2026-05-21 18:36:12,361] Epoch 21 - Training loss: 0.021032   Test Accuracy: 0.9848
[2026-05-21 18:37:47,547] Epoch 22 - Training loss: 0.020907   Test Accuracy: 0.9827
[2026-05-21 18:39:23,422] Epoch 23 - Training loss: 0.019212   Test Accuracy: 0.9852
[2026-05-21 18:40:59,108] Epoch 24 - Training loss: 0.018714   Test Accuracy: 0.9846
[2026-05-21 18:42:35,249] Epoch 25 - Training loss: 0.017104   Test Accuracy: 0.9853
[2026-05-21 18:44:11,748] Epoch 26 - Training loss: 0.018202   Test Accuracy: 0.9841
[2026-05-21 18:45:48,434] Epoch 27 - Training loss: 0.016720   Test Accuracy: 0.9838
[2026-05-21 18:47:24,479] Epoch 28 - Training loss: 0.015041   Test Accuracy: 0.9826
[2026-05-21 18:49:00,445] Epoch 29 - Training loss: 0.014908   Test Accuracy: 0.9851
[2026-05-21 18:50:38,221] Epoch 30 - Training loss: 0.013875   Test Accuracy: 0.9837
aihwkit path:  /home/bong/analog_stress_test/aihwkit-fork/src/aihwkit/__init__.py
NeurIPS-2025/S2-mnist-CNN.py --CUDA 0 --SETTING TT-v2 --RPU Pow --tau 0.7 --res-gamma 0.5 --res-state 140
Using Device:  cuda:0
Logging to file: runs/MNIST-CNN/Pow-gamma=0.5-state=140/TT-v2-tau=0.7/events.out.tfevents.1779354205.user.58187.0

Training Time (s) = 2830.6262748241425
