# CMD: CUDA_VISIBLE_DEVICES=2 PYTHONPATH=/home/bong/analog_stress_test/analog-training SEED=3 python NeurIPS-2025/S2-mnist-CNN.py --CUDA 0 --SETTING TT-v2 --RPU Pow --tau 0.7 --res-gamma 2.0 --res-state 140
[2026-05-21 20:25:03,496] Epoch 0 - Training loss: --------   Test Accuracy: 0.1345
[2026-05-21 20:26:33,033] Epoch 1 - Training loss: 1.229119   Test Accuracy: 0.8235
[2026-05-21 20:28:07,985] Epoch 2 - Training loss: 0.456504   Test Accuracy: 0.8862
[2026-05-21 20:29:43,577] Epoch 3 - Training loss: 0.337471   Test Accuracy: 0.9129
[2026-05-21 20:31:20,890] Epoch 4 - Training loss: 0.277313   Test Accuracy: 0.9219
[2026-05-21 20:32:55,422] Epoch 5 - Training loss: 0.239242   Test Accuracy: 0.9323
[2026-05-21 20:34:29,995] Epoch 6 - Training loss: 0.215173   Test Accuracy: 0.9370
[2026-05-21 20:36:04,167] Epoch 7 - Training loss: 0.193659   Test Accuracy: 0.9448
[2026-05-21 20:37:38,928] Epoch 8 - Training loss: 0.174403   Test Accuracy: 0.9503
[2026-05-21 20:39:14,110] Epoch 9 - Training loss: 0.159904   Test Accuracy: 0.9522
[2026-05-21 20:40:39,635] Epoch 10 - Training loss: 0.148870   Test Accuracy: 0.9546
[2026-05-21 20:42:13,367] Epoch 11 - Training loss: 0.138021   Test Accuracy: 0.9596
[2026-05-21 20:43:47,035] Epoch 12 - Training loss: 0.129334   Test Accuracy: 0.9615
[2026-05-21 20:45:20,938] Epoch 13 - Training loss: 0.121500   Test Accuracy: 0.9650
[2026-05-21 20:46:55,152] Epoch 14 - Training loss: 0.118328   Test Accuracy: 0.9618
[2026-05-21 20:48:28,706] Epoch 15 - Training loss: 0.116910   Test Accuracy: 0.9633
[2026-05-21 20:50:04,140] Epoch 16 - Training loss: 0.113883   Test Accuracy: 0.9666
[2026-05-21 20:51:35,459] Epoch 17 - Training loss: 0.109197   Test Accuracy: 0.9687
[2026-05-21 20:53:10,328] Epoch 18 - Training loss: 0.105655   Test Accuracy: 0.9671
[2026-05-21 20:54:46,181] Epoch 19 - Training loss: 0.100602   Test Accuracy: 0.9682
[2026-05-21 20:56:20,839] Epoch 20 - Training loss: 0.097505   Test Accuracy: 0.9703
[2026-05-21 20:57:57,326] Epoch 21 - Training loss: 0.094241   Test Accuracy: 0.9710
[2026-05-21 20:59:36,692] Epoch 22 - Training loss: 0.092587   Test Accuracy: 0.9707
[2026-05-21 21:01:13,374] Epoch 23 - Training loss: 0.088912   Test Accuracy: 0.9731
[2026-05-21 21:02:51,118] Epoch 24 - Training loss: 0.086977   Test Accuracy: 0.9732
[2026-05-21 21:04:27,325] Epoch 25 - Training loss: 0.084171   Test Accuracy: 0.9722
[2026-05-21 21:06:03,550] Epoch 26 - Training loss: 0.081798   Test Accuracy: 0.9741
[2026-05-21 21:07:40,474] Epoch 27 - Training loss: 0.079030   Test Accuracy: 0.9730
[2026-05-21 21:09:18,258] Epoch 28 - Training loss: 0.076777   Test Accuracy: 0.9736
[2026-05-21 21:10:55,620] Epoch 29 - Training loss: 0.076271   Test Accuracy: 0.9723
[2026-05-21 21:12:29,124] Epoch 30 - Training loss: 0.074888   Test Accuracy: 0.9730
aihwkit path:  /home/bong/analog_stress_test/aihwkit-fork/src/aihwkit/__init__.py
NeurIPS-2025/S2-mnist-CNN.py --CUDA 0 --SETTING TT-v2 --RPU Pow --tau 0.7 --res-gamma 2.0 --res-state 140
Using Device:  cuda:0
Logging to file: runs/MNIST-CNN/Pow-gamma=2.0-state=140/TT-v2-tau=0.7/events.out.tfevents.1779362698.user.112665.0

Training Time (s) = 2849.008144378662
