# CMD: CUDA_VISIBLE_DEVICES=2 PYTHONPATH=/home/bong/analog_stress_test/analog-training SEED=2 python NeurIPS-2025/S2-mnist-CNN.py --CUDA 0 --SETTING TT-v2 --RPU Pow --tau 0.7 --res-gamma 0.1 --res-state 140
[2026-05-21 16:29:27,104] Epoch 0 - Training loss: --------   Test Accuracy: 0.1494
[2026-05-21 16:30:47,064] Epoch 1 - Training loss: 0.799576   Test Accuracy: 0.9488
[2026-05-21 16:32:16,593] Epoch 2 - Training loss: 0.121676   Test Accuracy: 0.9745
[2026-05-21 16:33:49,931] Epoch 3 - Training loss: 0.073943   Test Accuracy: 0.9782
[2026-05-21 16:35:24,787] Epoch 4 - Training loss: 0.058240   Test Accuracy: 0.9818
[2026-05-21 16:37:00,445] Epoch 5 - Training loss: 0.047379   Test Accuracy: 0.9834
[2026-05-21 16:38:36,049] Epoch 6 - Training loss: 0.041016   Test Accuracy: 0.9837
[2026-05-21 16:40:08,029] Epoch 7 - Training loss: 0.034845   Test Accuracy: 0.9846
[2026-05-21 16:41:38,141] Epoch 8 - Training loss: 0.031287   Test Accuracy: 0.9858
[2026-05-21 16:43:13,427] Epoch 9 - Training loss: 0.029065   Test Accuracy: 0.9881
[2026-05-21 16:44:47,501] Epoch 10 - Training loss: 0.026916   Test Accuracy: 0.9865
[2026-05-21 16:46:23,077] Epoch 11 - Training loss: 0.022110   Test Accuracy: 0.9863
[2026-05-21 16:47:58,963] Epoch 12 - Training loss: 0.021788   Test Accuracy: 0.9871
[2026-05-21 16:49:33,841] Epoch 13 - Training loss: 0.020759   Test Accuracy: 0.9854
[2026-05-21 16:51:09,251] Epoch 14 - Training loss: 0.021343   Test Accuracy: 0.9865
[2026-05-21 16:52:44,394] Epoch 15 - Training loss: 0.018938   Test Accuracy: 0.9853
[2026-05-21 16:54:19,683] Epoch 16 - Training loss: 0.018130   Test Accuracy: 0.9861
[2026-05-21 16:55:55,755] Epoch 17 - Training loss: 0.019020   Test Accuracy: 0.9849
[2026-05-21 16:57:30,640] Epoch 18 - Training loss: 0.017372   Test Accuracy: 0.9854
[2026-05-21 16:59:06,573] Epoch 19 - Training loss: 0.015641   Test Accuracy: 0.9871
[2026-05-21 17:00:43,184] Epoch 20 - Training loss: 0.014602   Test Accuracy: 0.9869
[2026-05-21 17:02:18,858] Epoch 21 - Training loss: 0.014425   Test Accuracy: 0.9854
[2026-05-21 17:03:54,900] Epoch 22 - Training loss: 0.014004   Test Accuracy: 0.9861
[2026-05-21 17:05:31,346] Epoch 23 - Training loss: 0.013754   Test Accuracy: 0.9850
[2026-05-21 17:07:06,999] Epoch 24 - Training loss: 0.012390   Test Accuracy: 0.9854
[2026-05-21 17:08:42,150] Epoch 25 - Training loss: 0.011174   Test Accuracy: 0.9843
[2026-05-21 17:10:17,843] Epoch 26 - Training loss: 0.012116   Test Accuracy: 0.9855
[2026-05-21 17:11:54,153] Epoch 27 - Training loss: 0.011418   Test Accuracy: 0.9859
[2026-05-21 17:13:29,631] Epoch 28 - Training loss: 0.011641   Test Accuracy: 0.9849
[2026-05-21 17:15:07,662] Epoch 29 - Training loss: 0.009773   Test Accuracy: 0.9868
[2026-05-21 17:16:43,276] Epoch 30 - Training loss: 0.010801   Test Accuracy: 0.9865
aihwkit path:  /home/bong/analog_stress_test/aihwkit-fork/src/aihwkit/__init__.py
NeurIPS-2025/S2-mnist-CNN.py --CUDA 0 --SETTING TT-v2 --RPU Pow --tau 0.7 --res-gamma 0.1 --res-state 140
Using Device:  cuda:0
Logging to file: runs/MNIST-CNN/Pow-gamma=0.1-state=140/TT-v2-tau=0.7/events.out.tfevents.1779348560.user.18169.0

Training Time (s) = 2840.2095465660095
