# CMD: CUDA_VISIBLE_DEVICES=2 PYTHONPATH=/home/bong/analog_stress_test/analog-training SEED=2 python NeurIPS-2025/S2-mnist-CNN.py --CUDA 0 --SETTING TT-v2 --RPU Pow --tau 0.7 --res-gamma 1.0 --res-state 140
[2026-05-21 18:50:48,706] Epoch 0 - Training loss: --------   Test Accuracy: 0.1525
[2026-05-21 18:52:15,981] Epoch 1 - Training loss: 1.154664   Test Accuracy: 0.8570
[2026-05-21 18:53:45,135] Epoch 2 - Training loss: 0.370874   Test Accuracy: 0.9136
[2026-05-21 18:55:14,062] Epoch 3 - Training loss: 0.260709   Test Accuracy: 0.9298
[2026-05-21 18:56:46,143] Epoch 4 - Training loss: 0.203001   Test Accuracy: 0.9472
[2026-05-21 18:58:12,288] Epoch 5 - Training loss: 0.160816   Test Accuracy: 0.9521
[2026-05-21 18:59:45,281] Epoch 6 - Training loss: 0.141122   Test Accuracy: 0.9558
[2026-05-21 19:01:14,386] Epoch 7 - Training loss: 0.129142   Test Accuracy: 0.9576
[2026-05-21 19:02:44,211] Epoch 8 - Training loss: 0.114377   Test Accuracy: 0.9628
[2026-05-21 19:04:23,892] Epoch 9 - Training loss: 0.102413   Test Accuracy: 0.9658
[2026-05-21 19:06:01,103] Epoch 10 - Training loss: 0.093981   Test Accuracy: 0.9652
[2026-05-21 19:07:25,651] Epoch 11 - Training loss: 0.086156   Test Accuracy: 0.9737
[2026-05-21 19:09:02,523] Epoch 12 - Training loss: 0.080648   Test Accuracy: 0.9714
[2026-05-21 19:10:39,827] Epoch 13 - Training loss: 0.074421   Test Accuracy: 0.9733
[2026-05-21 19:12:15,503] Epoch 14 - Training loss: 0.072873   Test Accuracy: 0.9738
[2026-05-21 19:13:49,620] Epoch 15 - Training loss: 0.069359   Test Accuracy: 0.9747
[2026-05-21 19:15:26,966] Epoch 16 - Training loss: 0.069603   Test Accuracy: 0.9721
[2026-05-21 19:17:03,930] Epoch 17 - Training loss: 0.069275   Test Accuracy: 0.9762
[2026-05-21 19:18:39,428] Epoch 18 - Training loss: 0.067478   Test Accuracy: 0.9757
[2026-05-21 19:20:15,351] Epoch 19 - Training loss: 0.064266   Test Accuracy: 0.9738
[2026-05-21 19:21:45,751] Epoch 20 - Training loss: 0.063478   Test Accuracy: 0.9763
[2026-05-21 19:23:22,685] Epoch 21 - Training loss: 0.062477   Test Accuracy: 0.9772
[2026-05-21 19:25:01,692] Epoch 22 - Training loss: 0.059828   Test Accuracy: 0.9777
[2026-05-21 19:26:42,137] Epoch 23 - Training loss: 0.056363   Test Accuracy: 0.9800
[2026-05-21 19:28:19,132] Epoch 24 - Training loss: 0.052804   Test Accuracy: 0.9761
[2026-05-21 19:29:55,917] Epoch 25 - Training loss: 0.052542   Test Accuracy: 0.9793
[2026-05-21 19:31:30,564] Epoch 26 - Training loss: 0.049611   Test Accuracy: 0.9810
[2026-05-21 19:33:06,048] Epoch 27 - Training loss: 0.048796   Test Accuracy: 0.9806
[2026-05-21 19:34:44,920] Epoch 28 - Training loss: 0.045142   Test Accuracy: 0.9817
[2026-05-21 19:36:23,986] Epoch 29 - Training loss: 0.043943   Test Accuracy: 0.9823
[2026-05-21 19:38:01,140] Epoch 30 - Training loss: 0.043450   Test Accuracy: 0.9833
aihwkit path:  /home/bong/analog_stress_test/aihwkit-fork/src/aihwkit/__init__.py
NeurIPS-2025/S2-mnist-CNN.py --CUDA 0 --SETTING TT-v2 --RPU Pow --tau 0.7 --res-gamma 1.0 --res-state 140
Using Device:  cuda:0
Logging to file: runs/MNIST-CNN/Pow-gamma=1.0-state=140/TT-v2-tau=0.7/events.out.tfevents.1779357042.user.76538.0

Training Time (s) = 2836.617484807968
