# CMD: CUDA_VISIBLE_DEVICES=2 PYTHONPATH=/home/bong/analog_stress_test/analog-training SEED=2 python NeurIPS-2025/S2-mnist-CNN.py --CUDA 0 --SETTING TT-v2 --RPU Pow --tau 0.7 --res-gamma 2.0 --res-state 140
[2026-05-21 19:38:41,318] Epoch 0 - Training loss: --------   Test Accuracy: 0.1522
[2026-05-21 19:40:04,787] Epoch 1 - Training loss: 1.320339   Test Accuracy: 0.7798
[2026-05-21 19:41:32,557] Epoch 2 - Training loss: 0.554276   Test Accuracy: 0.8615
[2026-05-21 19:43:02,870] Epoch 3 - Training loss: 0.416092   Test Accuracy: 0.8886
[2026-05-21 19:44:35,071] Epoch 4 - Training loss: 0.345332   Test Accuracy: 0.9039
[2026-05-21 19:46:07,080] Epoch 5 - Training loss: 0.293355   Test Accuracy: 0.9207
[2026-05-21 19:47:39,786] Epoch 6 - Training loss: 0.259746   Test Accuracy: 0.9269
[2026-05-21 19:49:12,364] Epoch 7 - Training loss: 0.232224   Test Accuracy: 0.9341
[2026-05-21 19:50:43,060] Epoch 8 - Training loss: 0.207195   Test Accuracy: 0.9360
[2026-05-21 19:52:13,540] Epoch 9 - Training loss: 0.188488   Test Accuracy: 0.9441
[2026-05-21 19:53:43,787] Epoch 10 - Training loss: 0.171810   Test Accuracy: 0.9503
[2026-05-21 19:55:13,500] Epoch 11 - Training loss: 0.155680   Test Accuracy: 0.9562
[2026-05-21 19:56:45,307] Epoch 12 - Training loss: 0.146468   Test Accuracy: 0.9528
[2026-05-21 19:58:23,455] Epoch 13 - Training loss: 0.143656   Test Accuracy: 0.9541
[2026-05-21 19:59:58,063] Epoch 14 - Training loss: 0.140033   Test Accuracy: 0.9570
[2026-05-21 20:01:33,976] Epoch 15 - Training loss: 0.137438   Test Accuracy: 0.9544
[2026-05-21 20:03:09,013] Epoch 16 - Training loss: 0.129753   Test Accuracy: 0.9594
[2026-05-21 20:04:31,810] Epoch 17 - Training loss: 0.122638   Test Accuracy: 0.9634
[2026-05-21 20:06:02,701] Epoch 18 - Training loss: 0.116112   Test Accuracy: 0.9647
[2026-05-21 20:07:37,686] Epoch 19 - Training loss: 0.111718   Test Accuracy: 0.9643
[2026-05-21 20:09:12,757] Epoch 20 - Training loss: 0.107675   Test Accuracy: 0.9665
[2026-05-21 20:10:45,673] Epoch 21 - Training loss: 0.103548   Test Accuracy: 0.9671
[2026-05-21 20:12:15,679] Epoch 22 - Training loss: 0.098393   Test Accuracy: 0.9686
[2026-05-21 20:13:48,128] Epoch 23 - Training loss: 0.095975   Test Accuracy: 0.9694
[2026-05-21 20:15:22,050] Epoch 24 - Training loss: 0.092440   Test Accuracy: 0.9703
[2026-05-21 20:16:56,684] Epoch 25 - Training loss: 0.089559   Test Accuracy: 0.9713
[2026-05-21 20:18:31,574] Epoch 26 - Training loss: 0.087793   Test Accuracy: 0.9716
[2026-05-21 20:20:06,483] Epoch 27 - Training loss: 0.085205   Test Accuracy: 0.9733
[2026-05-21 20:21:42,539] Epoch 28 - Training loss: 0.083076   Test Accuracy: 0.9723
[2026-05-21 20:23:18,768] Epoch 29 - Training loss: 0.083138   Test Accuracy: 0.9738
[2026-05-21 20:24:54,484] Epoch 30 - Training loss: 0.081445   Test Accuracy: 0.9716
aihwkit path:  /home/bong/analog_stress_test/aihwkit-fork/src/aihwkit/__init__.py
NeurIPS-2025/S2-mnist-CNN.py --CUDA 0 --SETTING TT-v2 --RPU Pow --tau 0.7 --res-gamma 2.0 --res-state 140
Using Device:  cuda:0
Logging to file: runs/MNIST-CNN/Pow-gamma=2.0-state=140/TT-v2-tau=0.7/events.out.tfevents.1779359915.user.94870.0

Training Time (s) = 2777.3348355293274
