# CMD: CUDA_VISIBLE_DEVICES=1 PYTHONPATH=/home/bong/analog_stress_test/analog-training SEED=3 INP_RES=0.07142857142857142 OUT_RES=0.007936507936507936 INP_NOISE=0.1 OUT_NOISE=0.1 python NeurIPS-2025/S2-mnist-FCN.py --CUDA 0 --SETTING TT-v2 --RPU Pow --tau 0.7 --res-gamma 0.5 --res-state 140
[2026-05-25 22:48:48,749] Epoch 0 - Training loss: --------   Test Accuracy: 0.0961
[2026-05-25 22:49:48,049] Epoch 1 - Training loss: 2.303078   Test Accuracy: 0.1135
[2026-05-25 22:50:48,984] Epoch 2 - Training loss: 2.302514   Test Accuracy: 0.1135
[2026-05-25 22:51:49,996] Epoch 3 - Training loss: 2.288840   Test Accuracy: 0.2281
[2026-05-25 22:52:47,524] Epoch 4 - Training loss: 1.523018   Test Accuracy: 0.6932
[2026-05-25 22:53:46,075] Epoch 5 - Training loss: 0.762616   Test Accuracy: 0.8030
[2026-05-25 22:54:48,547] Epoch 6 - Training loss: 0.582951   Test Accuracy: 0.8311
[2026-05-25 22:55:50,966] Epoch 7 - Training loss: 0.556770   Test Accuracy: 0.8408
[2026-05-25 22:56:54,288] Epoch 8 - Training loss: 0.493030   Test Accuracy: 0.8567
[2026-05-25 22:57:55,155] Epoch 9 - Training loss: 0.449651   Test Accuracy: 0.8656
[2026-05-25 22:58:58,717] Epoch 10 - Training loss: 0.420955   Test Accuracy: 0.8769
[2026-05-25 23:00:02,203] Epoch 11 - Training loss: 0.402713   Test Accuracy: 0.8789
[2026-05-25 23:01:05,733] Epoch 12 - Training loss: 0.389936   Test Accuracy: 0.8829
[2026-05-25 23:02:08,819] Epoch 13 - Training loss: 0.383889   Test Accuracy: 0.8879
[2026-05-25 23:03:12,689] Epoch 14 - Training loss: 0.372523   Test Accuracy: 0.8918
[2026-05-25 23:04:16,194] Epoch 15 - Training loss: 0.361970   Test Accuracy: 0.8961
[2026-05-25 23:05:19,523] Epoch 16 - Training loss: 0.350630   Test Accuracy: 0.8947
[2026-05-25 23:06:24,048] Epoch 17 - Training loss: 0.347422   Test Accuracy: 0.8953
[2026-05-25 23:07:27,873] Epoch 18 - Training loss: 0.341354   Test Accuracy: 0.8933
[2026-05-25 23:08:32,027] Epoch 19 - Training loss: 0.335603   Test Accuracy: 0.9003
[2026-05-25 23:09:36,528] Epoch 20 - Training loss: 0.329816   Test Accuracy: 0.9002
[2026-05-25 23:10:39,435] Epoch 21 - Training loss: 0.326783   Test Accuracy: 0.9029
[2026-05-25 23:11:43,608] Epoch 22 - Training loss: 0.318780   Test Accuracy: 0.9069
[2026-05-25 23:12:47,147] Epoch 23 - Training loss: 0.314492   Test Accuracy: 0.9070
[2026-05-25 23:13:50,302] Epoch 24 - Training loss: 0.308981   Test Accuracy: 0.9030
[2026-05-25 23:14:54,775] Epoch 25 - Training loss: 0.305677   Test Accuracy: 0.9082
[2026-05-25 23:15:58,402] Epoch 26 - Training loss: 0.299834   Test Accuracy: 0.9137
[2026-05-25 23:17:01,572] Epoch 27 - Training loss: 0.298847   Test Accuracy: 0.9121
[2026-05-25 23:18:05,140] Epoch 28 - Training loss: 0.293453   Test Accuracy: 0.9063
[2026-05-25 23:19:08,490] Epoch 29 - Training loss: 0.289729   Test Accuracy: 0.9099
[2026-05-25 23:20:12,667] Epoch 30 - Training loss: 0.288618   Test Accuracy: 0.9150
aihwkit path:  /home/bong/analog_stress_test/aihwkit-fork/src/aihwkit/__init__.py
NeurIPS-2025/S2-mnist-FCN.py --CUDA 0 --SETTING TT-v2 --RPU Pow --tau 0.7 --res-gamma 0.5 --res-state 140
Using Device:  cuda:0
Logging to file: runs/MNIST-FCN/Pow-gamma=0.5-state=140/TT-v2-tau=0.7/events.out.tfevents.1779716923.user.689042.0

Training Time (s) = 1887.3573207855225
