# CMD: CUDA_VISIBLE_DEVICES=1 PYTHONPATH=/home/bong/analog_stress_test/analog-training SEED=2 INP_RES=0.016129032258064516 OUT_RES=0.003937007874015748 INP_NOISE=0.06 OUT_NOISE=0.06 python NeurIPS-2025/S2-mnist-FCN.py --CUDA 0 --SETTING TT-v2 --RPU Pow --tau 0.7 --res-gamma 0.5 --res-state 140
[2026-05-25 21:45:11,279] Epoch 0 - Training loss: --------   Test Accuracy: 0.1009
[2026-05-25 21:46:14,914] Epoch 1 - Training loss: 2.302501   Test Accuracy: 0.1134
[2026-05-25 21:47:16,342] Epoch 2 - Training loss: 2.287572   Test Accuracy: 0.3334
[2026-05-25 21:48:20,442] Epoch 3 - Training loss: 1.199435   Test Accuracy: 0.7858
[2026-05-25 21:49:23,238] Epoch 4 - Training loss: 0.545821   Test Accuracy: 0.8587
[2026-05-25 21:50:23,985] Epoch 5 - Training loss: 0.416611   Test Accuracy: 0.8860
[2026-05-25 21:51:24,099] Epoch 6 - Training loss: 0.358835   Test Accuracy: 0.8977
[2026-05-25 21:52:25,169] Epoch 7 - Training loss: 0.318899   Test Accuracy: 0.9108
[2026-05-25 21:53:24,305] Epoch 8 - Training loss: 0.288852   Test Accuracy: 0.9148
[2026-05-25 21:54:24,056] Epoch 9 - Training loss: 0.266937   Test Accuracy: 0.9210
[2026-05-25 21:55:25,617] Epoch 10 - Training loss: 0.247733   Test Accuracy: 0.9256
[2026-05-25 21:56:30,273] Epoch 11 - Training loss: 0.233161   Test Accuracy: 0.9272
[2026-05-25 21:57:33,669] Epoch 12 - Training loss: 0.243384   Test Accuracy: 0.9217
[2026-05-25 21:58:36,194] Epoch 13 - Training loss: 0.242003   Test Accuracy: 0.9262
[2026-05-25 21:59:38,060] Epoch 14 - Training loss: 0.236759   Test Accuracy: 0.9277
[2026-05-25 22:00:40,996] Epoch 15 - Training loss: 0.220282   Test Accuracy: 0.9332
[2026-05-25 22:01:42,159] Epoch 16 - Training loss: 0.214283   Test Accuracy: 0.9310
[2026-05-25 22:02:45,250] Epoch 17 - Training loss: 0.210096   Test Accuracy: 0.9337
[2026-05-25 22:03:49,159] Epoch 18 - Training loss: 0.202112   Test Accuracy: 0.9366
[2026-05-25 22:04:52,003] Epoch 19 - Training loss: 0.199691   Test Accuracy: 0.9395
[2026-05-25 22:05:52,351] Epoch 20 - Training loss: 0.196268   Test Accuracy: 0.9390
[2026-05-25 22:06:53,335] Epoch 21 - Training loss: 0.190358   Test Accuracy: 0.9367
[2026-05-25 22:07:55,269] Epoch 22 - Training loss: 0.189987   Test Accuracy: 0.9384
[2026-05-25 22:09:00,025] Epoch 23 - Training loss: 0.188085   Test Accuracy: 0.9379
[2026-05-25 22:10:01,685] Epoch 24 - Training loss: 0.185301   Test Accuracy: 0.9434
[2026-05-25 22:11:05,797] Epoch 25 - Training loss: 0.183617   Test Accuracy: 0.9404
[2026-05-25 22:12:06,279] Epoch 26 - Training loss: 0.181115   Test Accuracy: 0.9403
[2026-05-25 22:13:06,215] Epoch 27 - Training loss: 0.186796   Test Accuracy: 0.9407
[2026-05-25 22:14:11,499] Epoch 28 - Training loss: 0.193699   Test Accuracy: 0.9368
[2026-05-25 22:15:15,174] Epoch 29 - Training loss: 0.207657   Test Accuracy: 0.9284
[2026-05-25 22:16:19,285] Epoch 30 - Training loss: 0.217147   Test Accuracy: 0.9269
aihwkit path:  /home/bong/analog_stress_test/aihwkit-fork/src/aihwkit/__init__.py
NeurIPS-2025/S2-mnist-FCN.py --CUDA 0 --SETTING TT-v2 --RPU Pow --tau 0.7 --res-gamma 0.5 --res-state 140
Using Device:  cuda:0
Logging to file: runs/MNIST-FCN/Pow-gamma=0.5-state=140/TT-v2-tau=0.7/events.out.tfevents.1779713105.user.679022.0

Training Time (s) = 1871.5248432159424
