# CMD: CUDA_VISIBLE_DEVICES=1 PYTHONPATH=/home/bong/analog_stress_test/analog-training SEED=3 INP_RES=0.016129032258064516 OUT_RES=0.003937007874015748 INP_NOISE=0.06 OUT_NOISE=0.06 python NeurIPS-2025/S2-mnist-FCN.py --CUDA 0 --SETTING TT-v2 --RPU Pow --tau 0.7 --res-gamma 0.5 --res-state 140
[2026-05-25 21:46:47,231] Epoch 0 - Training loss: --------   Test Accuracy: 0.0920
[2026-05-25 21:47:47,182] Epoch 1 - Training loss: 2.303002   Test Accuracy: 0.1135
[2026-05-25 21:48:49,220] Epoch 2 - Training loss: 2.302225   Test Accuracy: 0.1135
[2026-05-25 21:49:51,208] Epoch 3 - Training loss: 2.268211   Test Accuracy: 0.4916
[2026-05-25 21:50:48,519] Epoch 4 - Training loss: 0.976967   Test Accuracy: 0.8156
[2026-05-25 21:51:48,709] Epoch 5 - Training loss: 0.515655   Test Accuracy: 0.8680
[2026-05-25 21:52:53,445] Epoch 6 - Training loss: 0.405824   Test Accuracy: 0.8894
[2026-05-25 21:53:55,389] Epoch 7 - Training loss: 0.349347   Test Accuracy: 0.9046
[2026-05-25 21:54:55,579] Epoch 8 - Training loss: 0.314067   Test Accuracy: 0.9130
[2026-05-25 21:55:57,003] Epoch 9 - Training loss: 0.286143   Test Accuracy: 0.9176
[2026-05-25 21:56:57,411] Epoch 10 - Training loss: 0.262558   Test Accuracy: 0.9209
[2026-05-25 21:57:59,826] Epoch 11 - Training loss: 0.244994   Test Accuracy: 0.9277
[2026-05-25 21:59:00,619] Epoch 12 - Training loss: 0.229278   Test Accuracy: 0.9311
[2026-05-25 22:00:06,078] Epoch 13 - Training loss: 0.222138   Test Accuracy: 0.9343
[2026-05-25 22:01:16,185] Epoch 14 - Training loss: 0.220072   Test Accuracy: 0.9303
[2026-05-25 22:02:20,308] Epoch 15 - Training loss: 0.234589   Test Accuracy: 0.9282
[2026-05-25 22:03:26,735] Epoch 16 - Training loss: 0.228130   Test Accuracy: 0.9276
[2026-05-25 22:04:34,499] Epoch 17 - Training loss: 0.223768   Test Accuracy: 0.9292
[2026-05-25 22:05:45,693] Epoch 18 - Training loss: 0.217237   Test Accuracy: 0.9308
[2026-05-25 22:06:53,067] Epoch 19 - Training loss: 0.209801   Test Accuracy: 0.9328
[2026-05-25 22:07:57,464] Epoch 20 - Training loss: 0.205458   Test Accuracy: 0.9348
[2026-05-25 22:09:02,215] Epoch 21 - Training loss: 0.203935   Test Accuracy: 0.9359
[2026-05-25 22:10:03,583] Epoch 22 - Training loss: 0.197485   Test Accuracy: 0.9345
[2026-05-25 22:11:05,111] Epoch 23 - Training loss: 0.193848   Test Accuracy: 0.9344
[2026-05-25 22:12:06,431] Epoch 24 - Training loss: 0.189746   Test Accuracy: 0.9366
[2026-05-25 22:13:11,628] Epoch 25 - Training loss: 0.186527   Test Accuracy: 0.9376
[2026-05-25 22:14:14,747] Epoch 26 - Training loss: 0.186245   Test Accuracy: 0.9388
[2026-05-25 22:15:18,496] Epoch 27 - Training loss: 0.181769   Test Accuracy: 0.9383
[2026-05-25 22:16:20,492] Epoch 28 - Training loss: 0.181858   Test Accuracy: 0.9407
[2026-05-25 22:17:21,044] Epoch 29 - Training loss: 0.178012   Test Accuracy: 0.9411
[2026-05-25 22:18:22,602] Epoch 30 - Training loss: 0.175555   Test Accuracy: 0.9430
aihwkit path:  /home/bong/analog_stress_test/aihwkit-fork/src/aihwkit/__init__.py
NeurIPS-2025/S2-mnist-FCN.py --CUDA 0 --SETTING TT-v2 --RPU Pow --tau 0.7 --res-gamma 0.5 --res-state 140
Using Device:  cuda:0
Logging to file: runs/MNIST-FCN/Pow-gamma=0.5-state=140/TT-v2-tau=0.7/events.out.tfevents.1779713201.user.679316.0

Training Time (s) = 1898.85946393013
