# CMD: CUDA_VISIBLE_DEVICES=2 PYTHONPATH=/home/bong/analog_stress_test/analog-training SEED=3 python NeurIPS-2025/S2-mnist-CNN.py --CUDA 0 --SETTING RL-v2 --RPU Pow --tau 0.7 --res-gamma 0.5 --res-state 140
[2026-05-24 20:30:41,144] Epoch 0 - Training loss: --------   Test Accuracy: 0.1339
[2026-05-24 20:32:08,869] Epoch 1 - Training loss: 0.425182   Test Accuracy: 0.9399
[2026-05-24 20:33:47,155] Epoch 2 - Training loss: 0.153214   Test Accuracy: 0.9373
[2026-05-24 20:35:26,916] Epoch 3 - Training loss: 0.088008   Test Accuracy: 0.9818
[2026-05-24 20:37:09,634] Epoch 4 - Training loss: 0.062308   Test Accuracy: 0.9841
[2026-05-24 20:38:52,098] Epoch 5 - Training loss: 0.048802   Test Accuracy: 0.9830
[2026-05-24 20:40:34,352] Epoch 6 - Training loss: 0.039374   Test Accuracy: 0.9832
[2026-05-24 20:42:16,703] Epoch 7 - Training loss: 0.032274   Test Accuracy: 0.9833
[2026-05-24 20:43:57,915] Epoch 8 - Training loss: 0.028045   Test Accuracy: 0.9835
[2026-05-24 20:45:38,579] Epoch 9 - Training loss: 0.024405   Test Accuracy: 0.9860
[2026-05-24 20:47:19,687] Epoch 10 - Training loss: 0.022152   Test Accuracy: 0.9862
[2026-05-24 20:48:53,366] Epoch 11 - Training loss: 0.019999   Test Accuracy: 0.9865
[2026-05-24 20:50:35,587] Epoch 12 - Training loss: 0.018520   Test Accuracy: 0.9866
[2026-05-24 20:52:17,051] Epoch 13 - Training loss: 0.018651   Test Accuracy: 0.9895
[2026-05-24 20:53:58,996] Epoch 14 - Training loss: 0.017820   Test Accuracy: 0.9877
[2026-05-24 20:55:41,318] Epoch 15 - Training loss: 0.017231   Test Accuracy: 0.9859
[2026-05-24 20:57:23,146] Epoch 16 - Training loss: 0.014961   Test Accuracy: 0.9855
[2026-05-24 20:59:07,597] Epoch 17 - Training loss: 0.017781   Test Accuracy: 0.9852
[2026-05-24 21:00:42,740] Epoch 18 - Training loss: 0.015215   Test Accuracy: 0.9872
[2026-05-24 21:02:22,065] Epoch 19 - Training loss: 0.015071   Test Accuracy: 0.9869
[2026-05-24 21:04:05,541] Epoch 20 - Training loss: 0.014542   Test Accuracy: 0.9860
[2026-05-24 21:05:49,086] Epoch 21 - Training loss: 0.015253   Test Accuracy: 0.9871
[2026-05-24 21:07:36,876] Epoch 22 - Training loss: 0.013120   Test Accuracy: 0.9878
[2026-05-24 21:09:21,451] Epoch 23 - Training loss: 0.013413   Test Accuracy: 0.9885
[2026-05-24 21:11:05,836] Epoch 24 - Training loss: 0.012259   Test Accuracy: 0.9866
[2026-05-24 21:12:49,167] Epoch 25 - Training loss: 0.013576   Test Accuracy: 0.9881
[2026-05-24 21:14:30,778] Epoch 26 - Training loss: 0.012170   Test Accuracy: 0.9874
[2026-05-24 21:16:14,642] Epoch 27 - Training loss: 0.013260   Test Accuracy: 0.9862
[2026-05-24 21:17:51,172] Epoch 28 - Training loss: 0.012938   Test Accuracy: 0.9860
[2026-05-24 21:19:30,631] Epoch 29 - Training loss: 0.012197   Test Accuracy: 0.9863
[2026-05-24 21:21:10,826] Epoch 30 - Training loss: 0.012599   Test Accuracy: 0.9880
aihwkit path:  /home/bong/analog_stress_test/aihwkit-fork/src/aihwkit/__init__.py
NeurIPS-2025/S2-mnist-CNN.py --CUDA 0 --SETTING RL-v2 --RPU Pow --tau 0.7 --res-gamma 0.5 --res-state 140
Using Device:  cuda:0
Logging to file: runs/MNIST-CNN/Pow-gamma=0.5-state=140/RL-v2-tau=0.7/events.out.tfevents.1779622234.user.494591.0

Training Time (s) = 3033.857187986374
