# CMD: CUDA_VISIBLE_DEVICES=2 PYTHONPATH=/home/bong/analog_stress_test/analog-training SEED=1 python NeurIPS-2025/S2-mnist-CNN.py --CUDA 0 --SETTING RL-v2 --RPU Pow --tau 0.7 --res-gamma 0.5 --res-state 140
[2026-05-24 19:40:11,896] Epoch 0 - Training loss: --------   Test Accuracy: 0.1435
[2026-05-24 19:41:51,072] Epoch 1 - Training loss: 0.468946   Test Accuracy: 0.9437
[2026-05-24 19:43:29,699] Epoch 2 - Training loss: 0.167189   Test Accuracy: 0.9636
[2026-05-24 19:45:11,295] Epoch 3 - Training loss: 0.098735   Test Accuracy: 0.9792
[2026-05-24 19:46:50,158] Epoch 4 - Training loss: 0.070236   Test Accuracy: 0.9798
[2026-05-24 19:48:28,362] Epoch 5 - Training loss: 0.054747   Test Accuracy: 0.9837
[2026-05-24 19:50:09,168] Epoch 6 - Training loss: 0.044438   Test Accuracy: 0.9817
[2026-05-24 19:51:49,373] Epoch 7 - Training loss: 0.035994   Test Accuracy: 0.9863
[2026-05-24 19:53:30,178] Epoch 8 - Training loss: 0.031146   Test Accuracy: 0.9838
[2026-05-24 19:55:13,379] Epoch 9 - Training loss: 0.028395   Test Accuracy: 0.9871
[2026-05-24 19:56:56,780] Epoch 10 - Training loss: 0.022875   Test Accuracy: 0.9866
[2026-05-24 19:58:37,588] Epoch 11 - Training loss: 0.021813   Test Accuracy: 0.9863
[2026-05-24 20:00:20,251] Epoch 12 - Training loss: 0.018896   Test Accuracy: 0.9875
[2026-05-24 20:01:59,039] Epoch 13 - Training loss: 0.019639   Test Accuracy: 0.9821
[2026-05-24 20:03:39,765] Epoch 14 - Training loss: 0.018450   Test Accuracy: 0.9853
[2026-05-24 20:05:17,315] Epoch 15 - Training loss: 0.016668   Test Accuracy: 0.9858
[2026-05-24 20:07:04,883] Epoch 16 - Training loss: 0.016460   Test Accuracy: 0.9871
[2026-05-24 20:08:42,429] Epoch 17 - Training loss: 0.015227   Test Accuracy: 0.9862
[2026-05-24 20:10:26,690] Epoch 18 - Training loss: 0.015102   Test Accuracy: 0.9863
[2026-05-24 20:12:06,625] Epoch 19 - Training loss: 0.015382   Test Accuracy: 0.9874
[2026-05-24 20:13:49,202] Epoch 20 - Training loss: 0.014004   Test Accuracy: 0.9863
[2026-05-24 20:15:34,085] Epoch 21 - Training loss: 0.013544   Test Accuracy: 0.9864
[2026-05-24 20:17:19,695] Epoch 22 - Training loss: 0.013884   Test Accuracy: 0.9858
[2026-05-24 20:18:55,977] Epoch 23 - Training loss: 0.012566   Test Accuracy: 0.9863
[2026-05-24 20:20:35,240] Epoch 24 - Training loss: 0.013027   Test Accuracy: 0.9871
[2026-05-24 20:22:10,697] Epoch 25 - Training loss: 0.013790   Test Accuracy: 0.9859
[2026-05-24 20:23:52,423] Epoch 26 - Training loss: 0.013267   Test Accuracy: 0.9861
[2026-05-24 20:25:35,709] Epoch 27 - Training loss: 0.012324   Test Accuracy: 0.9872
[2026-05-24 20:27:12,345] Epoch 28 - Training loss: 0.012862   Test Accuracy: 0.9852
[2026-05-24 20:28:50,948] Epoch 29 - Training loss: 0.012379   Test Accuracy: 0.9863
[2026-05-24 20:30:30,795] Epoch 30 - Training loss: 0.012777   Test Accuracy: 0.9856
aihwkit path:  /home/bong/analog_stress_test/aihwkit-fork/src/aihwkit/__init__.py
NeurIPS-2025/S2-mnist-CNN.py --CUDA 0 --SETTING RL-v2 --RPU Pow --tau 0.7 --res-gamma 0.5 --res-state 140
Using Device:  cuda:0
Logging to file: runs/MNIST-CNN/Pow-gamma=0.5-state=140/RL-v2-tau=0.7/events.out.tfevents.1779619205.user.489813.0

Training Time (s) = 3023.1405358314514
