# CMD: CUDA_VISIBLE_DEVICES=2 PYTHONPATH=/home/bong/analog_stress_test/analog-training SEED=2 python NeurIPS-2025/S2-mnist-CNN.py --CUDA 0 --SETTING RL-v2 --RPU Pow --tau 0.7 --res-gamma 0.5 --res-state 280
[2026-05-24 18:49:40,969] Epoch 0 - Training loss: --------   Test Accuracy: 0.1499
[2026-05-24 18:51:14,233] Epoch 1 - Training loss: 0.418695   Test Accuracy: 0.9251
[2026-05-24 18:52:51,379] Epoch 2 - Training loss: 0.170199   Test Accuracy: 0.9695
[2026-05-24 18:54:31,753] Epoch 3 - Training loss: 0.103470   Test Accuracy: 0.9760
[2026-05-24 18:56:12,893] Epoch 4 - Training loss: 0.072810   Test Accuracy: 0.9803
[2026-05-24 18:57:48,471] Epoch 5 - Training loss: 0.055518   Test Accuracy: 0.9833
[2026-05-24 18:59:18,367] Epoch 6 - Training loss: 0.045831   Test Accuracy: 0.9861
[2026-05-24 19:00:45,725] Epoch 7 - Training loss: 0.037010   Test Accuracy: 0.9859
[2026-05-24 19:02:27,852] Epoch 8 - Training loss: 0.032457   Test Accuracy: 0.9877
[2026-05-24 19:04:11,373] Epoch 9 - Training loss: 0.026307   Test Accuracy: 0.9872
[2026-05-24 19:05:43,854] Epoch 10 - Training loss: 0.021943   Test Accuracy: 0.9857
[2026-05-24 19:07:25,879] Epoch 11 - Training loss: 0.018065   Test Accuracy: 0.9880
[2026-05-24 19:09:01,026] Epoch 12 - Training loss: 0.016150   Test Accuracy: 0.9876
[2026-05-24 19:10:36,335] Epoch 13 - Training loss: 0.013906   Test Accuracy: 0.9864
[2026-05-24 19:12:26,466] Epoch 14 - Training loss: 0.011801   Test Accuracy: 0.9895
[2026-05-24 19:14:14,860] Epoch 15 - Training loss: 0.010634   Test Accuracy: 0.9881
[2026-05-24 19:16:07,202] Epoch 16 - Training loss: 0.009067   Test Accuracy: 0.9883
[2026-05-24 19:17:57,552] Epoch 17 - Training loss: 0.009291   Test Accuracy: 0.9898
[2026-05-24 19:19:42,832] Epoch 18 - Training loss: 0.008349   Test Accuracy: 0.9879
[2026-05-24 19:21:24,568] Epoch 19 - Training loss: 0.006672   Test Accuracy: 0.9858
[2026-05-24 19:23:03,166] Epoch 20 - Training loss: 0.008189   Test Accuracy: 0.9898
[2026-05-24 19:24:45,564] Epoch 21 - Training loss: 0.006653   Test Accuracy: 0.9867
[2026-05-24 19:26:29,411] Epoch 22 - Training loss: 0.006889   Test Accuracy: 0.9890
[2026-05-24 19:28:11,889] Epoch 23 - Training loss: 0.007715   Test Accuracy: 0.9874
[2026-05-24 19:29:53,807] Epoch 24 - Training loss: 0.006407   Test Accuracy: 0.9887
[2026-05-24 19:31:34,849] Epoch 25 - Training loss: 0.005051   Test Accuracy: 0.9884
[2026-05-24 19:33:21,875] Epoch 26 - Training loss: 0.007137   Test Accuracy: 0.9879
[2026-05-24 19:35:00,875] Epoch 27 - Training loss: 0.005888   Test Accuracy: 0.9911
[2026-05-24 19:36:35,997] Epoch 28 - Training loss: 0.005752   Test Accuracy: 0.9879
[2026-05-24 19:38:17,633] Epoch 29 - Training loss: 0.006523   Test Accuracy: 0.9878
[2026-05-24 19:40:01,387] Epoch 30 - Training loss: 0.005869   Test Accuracy: 0.9896
aihwkit path:  /home/bong/analog_stress_test/aihwkit-fork/src/aihwkit/__init__.py
NeurIPS-2025/S2-mnist-CNN.py --CUDA 0 --SETTING RL-v2 --RPU Pow --tau 0.7 --res-gamma 0.5 --res-state 280
Using Device:  cuda:0
Logging to file: runs/MNIST-CNN/Pow-gamma=0.5-state=280/RL-v2-tau=0.7/events.out.tfevents.1779616174.user.485077.0

Training Time (s) = 3024.764600753784
