# CMD: CUDA_VISIBLE_DEVICES=2 PYTHONPATH=/home/bong/analog_stress_test/analog-training SEED=3 python NeurIPS-2025/S2-mnist-CNN.py --CUDA 0 --SETTING RL-v2 --RPU Pow --tau 0.7 --res-gamma 0.5 --res-state 280
[2026-05-24 19:35:37,421] Epoch 0 - Training loss: --------   Test Accuracy: 0.1355
[2026-05-24 19:37:11,496] Epoch 1 - Training loss: 0.390921   Test Accuracy: 0.9433
[2026-05-24 19:38:55,637] Epoch 2 - Training loss: 0.159205   Test Accuracy: 0.9238
[2026-05-24 19:40:25,683] Epoch 3 - Training loss: 0.097113   Test Accuracy: 0.9791
[2026-05-24 19:42:05,635] Epoch 4 - Training loss: 0.069695   Test Accuracy: 0.9820
[2026-05-24 19:43:45,713] Epoch 5 - Training loss: 0.052885   Test Accuracy: 0.9826
[2026-05-24 19:45:19,516] Epoch 6 - Training loss: 0.042342   Test Accuracy: 0.9859
[2026-05-24 19:46:51,779] Epoch 7 - Training loss: 0.034184   Test Accuracy: 0.9834
[2026-05-24 19:48:32,529] Epoch 8 - Training loss: 0.028599   Test Accuracy: 0.9864
[2026-05-24 19:50:14,484] Epoch 9 - Training loss: 0.023445   Test Accuracy: 0.9844
[2026-05-24 19:51:51,249] Epoch 10 - Training loss: 0.018905   Test Accuracy: 0.9877
[2026-05-24 19:53:31,276] Epoch 11 - Training loss: 0.016806   Test Accuracy: 0.9883
[2026-05-24 19:55:11,863] Epoch 12 - Training loss: 0.015096   Test Accuracy: 0.9871
[2026-05-24 19:56:51,916] Epoch 13 - Training loss: 0.012933   Test Accuracy: 0.9885
[2026-05-24 19:58:31,675] Epoch 14 - Training loss: 0.010167   Test Accuracy: 0.9893
[2026-05-24 20:00:10,185] Epoch 15 - Training loss: 0.010508   Test Accuracy: 0.9897
[2026-05-24 20:01:54,477] Epoch 16 - Training loss: 0.008750   Test Accuracy: 0.9885
[2026-05-24 20:03:37,460] Epoch 17 - Training loss: 0.007512   Test Accuracy: 0.9870
[2026-05-24 20:05:18,169] Epoch 18 - Training loss: 0.007831   Test Accuracy: 0.9854
[2026-05-24 20:06:58,091] Epoch 19 - Training loss: 0.006713   Test Accuracy: 0.9881
[2026-05-24 20:08:41,297] Epoch 20 - Training loss: 0.007628   Test Accuracy: 0.9878
[2026-05-24 20:10:25,471] Epoch 21 - Training loss: 0.005725   Test Accuracy: 0.9875
[2026-05-24 20:12:05,412] Epoch 22 - Training loss: 0.008141   Test Accuracy: 0.9879
[2026-05-24 20:13:47,041] Epoch 23 - Training loss: 0.006724   Test Accuracy: 0.9894
[2026-05-24 20:15:28,021] Epoch 24 - Training loss: 0.006690   Test Accuracy: 0.9872
[2026-05-24 20:17:07,286] Epoch 25 - Training loss: 0.005223   Test Accuracy: 0.9868
[2026-05-24 20:18:50,041] Epoch 26 - Training loss: 0.005791   Test Accuracy: 0.9885
[2026-05-24 20:20:30,688] Epoch 27 - Training loss: 0.005853   Test Accuracy: 0.9872
[2026-05-24 20:22:08,875] Epoch 28 - Training loss: 0.006465   Test Accuracy: 0.9885
[2026-05-24 20:23:50,224] Epoch 29 - Training loss: 0.005960   Test Accuracy: 0.9881
[2026-05-24 20:25:34,806] Epoch 30 - Training loss: 0.005852   Test Accuracy: 0.9895
aihwkit path:  /home/bong/analog_stress_test/aihwkit-fork/src/aihwkit/__init__.py
NeurIPS-2025/S2-mnist-CNN.py --CUDA 0 --SETTING RL-v2 --RPU Pow --tau 0.7 --res-gamma 0.5 --res-state 280
Using Device:  cuda:0
Logging to file: runs/MNIST-CNN/Pow-gamma=0.5-state=280/RL-v2-tau=0.7/events.out.tfevents.1779618931.user.489171.0

Training Time (s) = 3001.5614597797394
