# CMD: CUDA_VISIBLE_DEVICES=2 PYTHONPATH=/home/bong/analog_stress_test/analog-training SEED=3 python NeurIPS-2025/S2-mnist-CNN.py --CUDA 0 --SETTING RL-v2 --RPU Pow --tau 0.7 --res-gamma 0.5 --res-state 14
[2026-05-24 23:00:46,393] Epoch 0 - Training loss: --------   Test Accuracy: 0.1341
[2026-05-24 23:02:09,883] Epoch 1 - Training loss: 0.845650   Test Accuracy: 0.7586
[2026-05-24 23:03:44,802] Epoch 2 - Training loss: 0.657240   Test Accuracy: 0.8229
[2026-05-24 23:05:21,854] Epoch 3 - Training loss: 0.394543   Test Accuracy: 0.9022
[2026-05-24 23:06:59,892] Epoch 4 - Training loss: 0.258524   Test Accuracy: 0.9317
[2026-05-24 23:08:38,911] Epoch 5 - Training loss: 0.188641   Test Accuracy: 0.9536
[2026-05-24 23:10:15,687] Epoch 6 - Training loss: 0.145728   Test Accuracy: 0.9618
[2026-05-24 23:11:53,185] Epoch 7 - Training loss: 0.121407   Test Accuracy: 0.9681
[2026-05-24 23:13:32,699] Epoch 8 - Training loss: 0.101655   Test Accuracy: 0.9704
[2026-05-24 23:15:13,390] Epoch 9 - Training loss: 0.089836   Test Accuracy: 0.9732
[2026-05-24 23:16:56,317] Epoch 10 - Training loss: 0.083147   Test Accuracy: 0.9800
[2026-05-24 23:18:37,646] Epoch 11 - Training loss: 0.075486   Test Accuracy: 0.9793
[2026-05-24 23:20:20,769] Epoch 12 - Training loss: 0.071363   Test Accuracy: 0.9747
[2026-05-24 23:22:00,103] Epoch 13 - Training loss: 0.067019   Test Accuracy: 0.9806
[2026-05-24 23:23:41,666] Epoch 14 - Training loss: 0.065188   Test Accuracy: 0.9785
[2026-05-24 23:25:23,138] Epoch 15 - Training loss: 0.062166   Test Accuracy: 0.9821
[2026-05-24 23:27:05,723] Epoch 16 - Training loss: 0.060104   Test Accuracy: 0.9827
[2026-05-24 23:28:53,644] Epoch 17 - Training loss: 0.058024   Test Accuracy: 0.9779
[2026-05-24 23:30:35,533] Epoch 18 - Training loss: 0.057481   Test Accuracy: 0.9813
[2026-05-24 23:32:16,337] Epoch 19 - Training loss: 0.057250   Test Accuracy: 0.9774
[2026-05-24 23:33:58,185] Epoch 20 - Training loss: 0.056922   Test Accuracy: 0.9821
[2026-05-24 23:35:41,543] Epoch 21 - Training loss: 0.055540   Test Accuracy: 0.9798
[2026-05-24 23:37:21,764] Epoch 22 - Training loss: 0.055100   Test Accuracy: 0.9810
[2026-05-24 23:39:03,283] Epoch 23 - Training loss: 0.055177   Test Accuracy: 0.9797
[2026-05-24 23:40:43,904] Epoch 24 - Training loss: 0.055078   Test Accuracy: 0.9765
[2026-05-24 23:42:24,976] Epoch 25 - Training loss: 0.055857   Test Accuracy: 0.9815
[2026-05-24 23:44:05,781] Epoch 26 - Training loss: 0.055205   Test Accuracy: 0.9789
[2026-05-24 23:45:39,632] Epoch 27 - Training loss: 0.054060   Test Accuracy: 0.9814
[2026-05-24 23:47:16,369] Epoch 28 - Training loss: 0.054009   Test Accuracy: 0.9809
[2026-05-24 23:48:49,707] Epoch 29 - Training loss: 0.053996   Test Accuracy: 0.9786
[2026-05-24 23:50:23,208] Epoch 30 - Training loss: 0.053410   Test Accuracy: 0.9809
aihwkit path:  /home/bong/analog_stress_test/aihwkit-fork/src/aihwkit/__init__.py
NeurIPS-2025/S2-mnist-CNN.py --CUDA 0 --SETTING RL-v2 --RPU Pow --tau 0.7 --res-gamma 0.5 --res-state 14
Using Device:  cuda:0
Logging to file: runs/MNIST-CNN/Pow-gamma=0.5-state=14/RL-v2-tau=0.7/events.out.tfevents.1779631239.user.508632.0

Training Time (s) = 2981.2155392169952
