# CMD: CUDA_VISIBLE_DEVICES=2 PYTHONPATH=/home/bong/analog_stress_test/analog-training SEED=1 python NeurIPS-2025/S2-mnist-CNN.py --CUDA 0 --SETTING RL-v2 --RPU Pow --tau 0.7 --res-gamma 0.5 --res-state 14000
[2026-05-24 16:13:16,840] Epoch 0 - Training loss: --------   Test Accuracy: 0.1399
[2026-05-24 16:14:59,608] Epoch 1 - Training loss: 0.532882   Test Accuracy: 0.8901
[2026-05-24 16:16:38,742] Epoch 2 - Training loss: 0.344492   Test Accuracy: 0.9162
[2026-05-24 16:18:24,302] Epoch 3 - Training loss: 0.303113   Test Accuracy: 0.9164
[2026-05-24 16:20:13,720] Epoch 4 - Training loss: 0.273216   Test Accuracy: 0.9288
[2026-05-24 16:22:02,854] Epoch 5 - Training loss: 0.255917   Test Accuracy: 0.9289
[2026-05-24 16:23:51,915] Epoch 6 - Training loss: 0.237595   Test Accuracy: 0.9130
[2026-05-24 16:25:41,233] Epoch 7 - Training loss: 0.222859   Test Accuracy: 0.9413
[2026-05-24 16:27:34,437] Epoch 8 - Training loss: 0.208707   Test Accuracy: 0.9408
[2026-05-24 16:29:24,062] Epoch 9 - Training loss: 0.200972   Test Accuracy: 0.9452
[2026-05-24 16:31:12,846] Epoch 10 - Training loss: 0.193491   Test Accuracy: 0.9463
[2026-05-24 16:32:58,787] Epoch 11 - Training loss: 0.189914   Test Accuracy: 0.9479
[2026-05-24 16:34:46,313] Epoch 12 - Training loss: 0.188808   Test Accuracy: 0.9520
[2026-05-24 16:36:32,449] Epoch 13 - Training loss: 0.186276   Test Accuracy: 0.9433
[2026-05-24 16:38:18,621] Epoch 14 - Training loss: 0.182726   Test Accuracy: 0.9528
[2026-05-24 16:40:04,235] Epoch 15 - Training loss: 0.175807   Test Accuracy: 0.9533
[2026-05-24 16:41:51,782] Epoch 16 - Training loss: 0.173755   Test Accuracy: 0.9524
[2026-05-24 16:43:39,404] Epoch 17 - Training loss: 0.171696   Test Accuracy: 0.9569
[2026-05-24 16:45:25,372] Epoch 18 - Training loss: 0.167848   Test Accuracy: 0.9539
[2026-05-24 16:47:08,305] Epoch 19 - Training loss: 0.165200   Test Accuracy: 0.9556
[2026-05-24 16:48:52,046] Epoch 20 - Training loss: 0.163846   Test Accuracy: 0.9554
[2026-05-24 16:50:37,449] Epoch 21 - Training loss: 0.161653   Test Accuracy: 0.9566
[2026-05-24 16:52:23,927] Epoch 22 - Training loss: 0.158008   Test Accuracy: 0.9514
[2026-05-24 16:54:12,194] Epoch 23 - Training loss: 0.155359   Test Accuracy: 0.9569
[2026-05-24 16:56:01,159] Epoch 24 - Training loss: 0.153059   Test Accuracy: 0.9544
[2026-05-24 16:57:46,757] Epoch 25 - Training loss: 0.152331   Test Accuracy: 0.9535
[2026-05-24 16:59:37,158] Epoch 26 - Training loss: 0.151794   Test Accuracy: 0.9587
[2026-05-24 17:01:24,576] Epoch 27 - Training loss: 0.148356   Test Accuracy: 0.9604
[2026-05-24 17:03:14,172] Epoch 28 - Training loss: 0.146563   Test Accuracy: 0.9580
[2026-05-24 17:04:59,943] Epoch 29 - Training loss: 0.142814   Test Accuracy: 0.9614
[2026-05-24 17:06:46,221] Epoch 30 - Training loss: 0.142160   Test Accuracy: 0.9588
aihwkit path:  /home/bong/analog_stress_test/aihwkit-fork/src/aihwkit/__init__.py
NeurIPS-2025/S2-mnist-CNN.py --CUDA 0 --SETTING RL-v2 --RPU Pow --tau 0.7 --res-gamma 0.5 --res-state 14000
Using Device:  cuda:0
Logging to file: runs/MNIST-CNN/Pow-gamma=0.5-state=14000/RL-v2-tau=0.7/events.out.tfevents.1779606790.user.469864.0

Training Time (s) = 3213.505446910858
