# CMD: CUDA_VISIBLE_DEVICES=2 PYTHONPATH=/home/bong/analog_stress_test/analog-training SEED=2 python NeurIPS-2025/S2-mnist-CNN.py --CUDA 0 --SETTING RL-v2 --RPU Pow --tau 0.7 --res-gamma 0.5 --res-state 14000
[2026-05-24 16:16:35,435] Epoch 0 - Training loss: --------   Test Accuracy: 0.1509
[2026-05-24 16:18:24,563] Epoch 1 - Training loss: 0.458896   Test Accuracy: 0.9192
[2026-05-24 16:20:15,671] Epoch 2 - Training loss: 0.279893   Test Accuracy: 0.9329
[2026-05-24 16:22:01,497] Epoch 3 - Training loss: 0.243128   Test Accuracy: 0.9401
[2026-05-24 16:23:45,648] Epoch 4 - Training loss: 0.222623   Test Accuracy: 0.9422
[2026-05-24 16:25:29,939] Epoch 5 - Training loss: 0.207873   Test Accuracy: 0.9464
[2026-05-24 16:27:13,506] Epoch 6 - Training loss: 0.194242   Test Accuracy: 0.9506
[2026-05-24 16:28:56,695] Epoch 7 - Training loss: 0.182937   Test Accuracy: 0.9518
[2026-05-24 16:30:44,780] Epoch 8 - Training loss: 0.177564   Test Accuracy: 0.9517
[2026-05-24 16:32:32,151] Epoch 9 - Training loss: 0.170862   Test Accuracy: 0.9530
[2026-05-24 16:34:17,452] Epoch 10 - Training loss: 0.165826   Test Accuracy: 0.9585
[2026-05-24 16:35:57,969] Epoch 11 - Training loss: 0.160540   Test Accuracy: 0.9597
[2026-05-24 16:37:46,402] Epoch 12 - Training loss: 0.156987   Test Accuracy: 0.9562
[2026-05-24 16:39:32,819] Epoch 13 - Training loss: 0.151218   Test Accuracy: 0.9580
[2026-05-24 16:41:16,911] Epoch 14 - Training loss: 0.149431   Test Accuracy: 0.9599
[2026-05-24 16:42:59,222] Epoch 15 - Training loss: 0.144648   Test Accuracy: 0.9640
[2026-05-24 16:44:46,983] Epoch 16 - Training loss: 0.141629   Test Accuracy: 0.9627
[2026-05-24 16:46:31,537] Epoch 17 - Training loss: 0.137341   Test Accuracy: 0.9608
[2026-05-24 16:48:18,424] Epoch 18 - Training loss: 0.135223   Test Accuracy: 0.9642
[2026-05-24 16:50:02,000] Epoch 19 - Training loss: 0.131350   Test Accuracy: 0.9646
[2026-05-24 16:51:43,501] Epoch 20 - Training loss: 0.129626   Test Accuracy: 0.9654
[2026-05-24 16:53:27,098] Epoch 21 - Training loss: 0.125614   Test Accuracy: 0.9659
[2026-05-24 16:55:09,923] Epoch 22 - Training loss: 0.123640   Test Accuracy: 0.9667
[2026-05-24 16:56:52,189] Epoch 23 - Training loss: 0.121654   Test Accuracy: 0.9668
[2026-05-24 16:58:33,310] Epoch 24 - Training loss: 0.119592   Test Accuracy: 0.9679
[2026-05-24 17:00:16,939] Epoch 25 - Training loss: 0.116772   Test Accuracy: 0.9662
[2026-05-24 17:02:02,209] Epoch 26 - Training loss: 0.115901   Test Accuracy: 0.9693
[2026-05-24 17:03:43,993] Epoch 27 - Training loss: 0.114556   Test Accuracy: 0.9667
[2026-05-24 17:05:29,868] Epoch 28 - Training loss: 0.112364   Test Accuracy: 0.9682
[2026-05-24 17:07:08,463] Epoch 29 - Training loss: 0.111457   Test Accuracy: 0.9678
[2026-05-24 17:08:58,838] Epoch 30 - Training loss: 0.111316   Test Accuracy: 0.9705
aihwkit path:  /home/bong/analog_stress_test/aihwkit-fork/src/aihwkit/__init__.py
NeurIPS-2025/S2-mnist-CNN.py --CUDA 0 --SETTING RL-v2 --RPU Pow --tau 0.7 --res-gamma 0.5 --res-state 14000
Using Device:  cuda:0
Logging to file: runs/MNIST-CNN/Pow-gamma=0.5-state=14000/RL-v2-tau=0.7/events.out.tfevents.1779606988.user.470432.0

Training Time (s) = 3147.7565410137177
