# CMD: CUDA_VISIBLE_DEVICES=2 PYTHONPATH=/home/bong/analog_stress_test/analog-training SEED=3 python NeurIPS-2025/S2-mnist-CNN.py --CUDA 0 --SETTING RL-v2 --RPU Pow --tau 0.7 --res-gamma 0.5 --res-state 28
[2026-05-24 22:07:13,326] Epoch 0 - Training loss: --------   Test Accuracy: 0.1360
[2026-05-24 22:08:45,382] Epoch 1 - Training loss: 0.678170   Test Accuracy: 0.8377
[2026-05-24 22:10:27,031] Epoch 2 - Training loss: 0.349613   Test Accuracy: 0.8935
[2026-05-24 22:11:56,917] Epoch 3 - Training loss: 0.191763   Test Accuracy: 0.9657
[2026-05-24 22:13:33,990] Epoch 4 - Training loss: 0.126896   Test Accuracy: 0.9747
[2026-05-24 22:15:10,687] Epoch 5 - Training loss: 0.096065   Test Accuracy: 0.9743
[2026-05-24 22:16:46,380] Epoch 6 - Training loss: 0.076485   Test Accuracy: 0.9776
[2026-05-24 22:18:26,180] Epoch 7 - Training loss: 0.065232   Test Accuracy: 0.9831
[2026-05-24 22:20:05,413] Epoch 8 - Training loss: 0.057585   Test Accuracy: 0.9814
[2026-05-24 22:21:46,771] Epoch 9 - Training loss: 0.054563   Test Accuracy: 0.9806
[2026-05-24 22:23:26,466] Epoch 10 - Training loss: 0.049376   Test Accuracy: 0.9833
[2026-05-24 22:25:06,129] Epoch 11 - Training loss: 0.046445   Test Accuracy: 0.9842
[2026-05-24 22:26:36,684] Epoch 12 - Training loss: 0.044384   Test Accuracy: 0.9830
[2026-05-24 22:28:16,060] Epoch 13 - Training loss: 0.044042   Test Accuracy: 0.9841
[2026-05-24 22:29:57,105] Epoch 14 - Training loss: 0.044178   Test Accuracy: 0.9819
[2026-05-24 22:31:40,177] Epoch 15 - Training loss: 0.041814   Test Accuracy: 0.9825
[2026-05-24 22:33:16,344] Epoch 16 - Training loss: 0.040105   Test Accuracy: 0.9849
[2026-05-24 22:35:00,429] Epoch 17 - Training loss: 0.041183   Test Accuracy: 0.9838
[2026-05-24 22:36:39,760] Epoch 18 - Training loss: 0.038842   Test Accuracy: 0.9825
[2026-05-24 22:38:24,069] Epoch 19 - Training loss: 0.039404   Test Accuracy: 0.9835
[2026-05-24 22:40:08,697] Epoch 20 - Training loss: 0.038022   Test Accuracy: 0.9827
[2026-05-24 22:41:51,612] Epoch 21 - Training loss: 0.039214   Test Accuracy: 0.9841
[2026-05-24 22:43:26,321] Epoch 22 - Training loss: 0.039654   Test Accuracy: 0.9801
[2026-05-24 22:45:06,432] Epoch 23 - Training loss: 0.040275   Test Accuracy: 0.9815
[2026-05-24 22:46:52,871] Epoch 24 - Training loss: 0.040449   Test Accuracy: 0.9742
[2026-05-24 22:48:40,829] Epoch 25 - Training loss: 0.039021   Test Accuracy: 0.9839
[2026-05-24 22:50:20,536] Epoch 26 - Training loss: 0.037568   Test Accuracy: 0.9847
[2026-05-24 22:51:57,880] Epoch 27 - Training loss: 0.037667   Test Accuracy: 0.9837
[2026-05-24 22:53:31,299] Epoch 28 - Training loss: 0.040083   Test Accuracy: 0.9838
[2026-05-24 22:55:12,781] Epoch 29 - Training loss: 0.039621   Test Accuracy: 0.9809
[2026-05-24 22:56:52,267] Epoch 30 - Training loss: 0.039138   Test Accuracy: 0.9846
aihwkit path:  /home/bong/analog_stress_test/aihwkit-fork/src/aihwkit/__init__.py
NeurIPS-2025/S2-mnist-CNN.py --CUDA 0 --SETTING RL-v2 --RPU Pow --tau 0.7 --res-gamma 0.5 --res-state 28
Using Device:  cuda:0
Logging to file: runs/MNIST-CNN/Pow-gamma=0.5-state=28/RL-v2-tau=0.7/events.out.tfevents.1779628026.user.503392.0

Training Time (s) = 2983.2659707069397
