# CMD: CUDA_VISIBLE_DEVICES=2 PYTHONPATH=/home/bong/analog_stress_test/analog-training SEED=2 python NeurIPS-2025/S2-mnist-CNN.py --CUDA 0 --SETTING RL-v2 --RPU Pow --tau 0.7 --res-gamma 0.5 --res-state 140
[2026-05-24 20:25:46,513] Epoch 0 - Training loss: --------   Test Accuracy: 0.1480
[2026-05-24 20:27:17,330] Epoch 1 - Training loss: 0.459094   Test Accuracy: 0.9314
[2026-05-24 20:28:52,927] Epoch 2 - Training loss: 0.167912   Test Accuracy: 0.9678
[2026-05-24 20:30:30,771] Epoch 3 - Training loss: 0.095570   Test Accuracy: 0.9810
[2026-05-24 20:32:04,959] Epoch 4 - Training loss: 0.066394   Test Accuracy: 0.9828
[2026-05-24 20:33:43,747] Epoch 5 - Training loss: 0.051150   Test Accuracy: 0.9864
[2026-05-24 20:35:23,980] Epoch 6 - Training loss: 0.038806   Test Accuracy: 0.9873
[2026-05-24 20:37:05,725] Epoch 7 - Training loss: 0.033400   Test Accuracy: 0.9846
[2026-05-24 20:38:44,745] Epoch 8 - Training loss: 0.028326   Test Accuracy: 0.9872
[2026-05-24 20:40:26,426] Epoch 9 - Training loss: 0.025629   Test Accuracy: 0.9871
[2026-05-24 20:42:08,451] Epoch 10 - Training loss: 0.021430   Test Accuracy: 0.9817
[2026-05-24 20:43:48,930] Epoch 11 - Training loss: 0.020231   Test Accuracy: 0.9872
[2026-05-24 20:45:32,025] Epoch 12 - Training loss: 0.018460   Test Accuracy: 0.9850
[2026-05-24 20:47:14,018] Epoch 13 - Training loss: 0.017665   Test Accuracy: 0.9868
[2026-05-24 20:48:54,853] Epoch 14 - Training loss: 0.016605   Test Accuracy: 0.9867
[2026-05-24 20:50:36,904] Epoch 15 - Training loss: 0.016230   Test Accuracy: 0.9870
[2026-05-24 20:52:17,742] Epoch 16 - Training loss: 0.015290   Test Accuracy: 0.9852
[2026-05-24 20:53:58,115] Epoch 17 - Training loss: 0.014207   Test Accuracy: 0.9877
[2026-05-24 20:55:39,782] Epoch 18 - Training loss: 0.013660   Test Accuracy: 0.9835
[2026-05-24 20:57:25,060] Epoch 19 - Training loss: 0.013548   Test Accuracy: 0.9872
[2026-05-24 20:59:04,463] Epoch 20 - Training loss: 0.013128   Test Accuracy: 0.9872
[2026-05-24 21:00:47,555] Epoch 21 - Training loss: 0.014102   Test Accuracy: 0.9826
[2026-05-24 21:02:30,202] Epoch 22 - Training loss: 0.013572   Test Accuracy: 0.9874
[2026-05-24 21:04:12,755] Epoch 23 - Training loss: 0.012877   Test Accuracy: 0.9885
[2026-05-24 21:05:53,142] Epoch 24 - Training loss: 0.013486   Test Accuracy: 0.9882
[2026-05-24 21:07:32,418] Epoch 25 - Training loss: 0.011586   Test Accuracy: 0.9877
[2026-05-24 21:09:15,949] Epoch 26 - Training loss: 0.011906   Test Accuracy: 0.9873
[2026-05-24 21:10:58,137] Epoch 27 - Training loss: 0.012404   Test Accuracy: 0.9881
[2026-05-24 21:12:41,476] Epoch 28 - Training loss: 0.013217   Test Accuracy: 0.9875
[2026-05-24 21:14:22,111] Epoch 29 - Training loss: 0.012464   Test Accuracy: 0.9882
[2026-05-24 21:15:58,928] Epoch 30 - Training loss: 0.012591   Test Accuracy: 0.9849
aihwkit path:  /home/bong/analog_stress_test/aihwkit-fork/src/aihwkit/__init__.py
NeurIPS-2025/S2-mnist-CNN.py --CUDA 0 --SETTING RL-v2 --RPU Pow --tau 0.7 --res-gamma 0.5 --res-state 140
Using Device:  cuda:0
Logging to file: runs/MNIST-CNN/Pow-gamma=0.5-state=140/RL-v2-tau=0.7/events.out.tfevents.1779621940.user.493683.0

Training Time (s) = 3016.6017456054688
