# CMD: CUDA_VISIBLE_DEVICES=2 PYTHONPATH=/home/bong/analog_stress_test/analog-training SEED=3 INP_RES=0.07142857142857142 OUT_RES=0.007936507936507936 INP_NOISE=0.1 OUT_NOISE=0.1 python NeurIPS-2025/S2-mnist-CNN.py --CUDA 0 --SETTING Analog SGD --RPU Pow --tau 0.7 --res-gamma 0.5 --res-state 140
[2026-05-23 02:56:15,403] Epoch 0 - Training loss: --------   Test Accuracy: 0.1121
[2026-05-23 02:57:31,085] Epoch 1 - Training loss: 0.656308   Test Accuracy: 0.8554
[2026-05-23 02:58:44,951] Epoch 2 - Training loss: 0.549719   Test Accuracy: 0.7206
[2026-05-23 03:00:00,487] Epoch 3 - Training loss: 0.553042   Test Accuracy: 0.8567
[2026-05-23 03:01:11,074] Epoch 4 - Training loss: 0.554710   Test Accuracy: 0.8624
[2026-05-23 03:02:17,593] Epoch 5 - Training loss: 0.570524   Test Accuracy: 0.7377
[2026-05-23 03:03:21,199] Epoch 6 - Training loss: 0.566429   Test Accuracy: 0.7744
[2026-05-23 03:04:22,250] Epoch 7 - Training loss: 0.576104   Test Accuracy: 0.8332
[2026-05-23 03:05:27,166] Epoch 8 - Training loss: 0.572565   Test Accuracy: 0.7774
[2026-05-23 03:06:27,787] Epoch 9 - Training loss: 0.586710   Test Accuracy: 0.8523
[2026-05-23 03:07:38,791] Epoch 10 - Training loss: 0.583438   Test Accuracy: 0.8586
[2026-05-23 03:08:51,986] Epoch 11 - Training loss: 0.579072   Test Accuracy: 0.8649
[2026-05-23 03:09:56,515] Epoch 12 - Training loss: 0.561156   Test Accuracy: 0.8384
[2026-05-23 03:11:01,939] Epoch 13 - Training loss: 0.576949   Test Accuracy: 0.8306
[2026-05-23 03:12:12,669] Epoch 14 - Training loss: 0.599683   Test Accuracy: 0.8158
[2026-05-23 03:13:13,257] Epoch 15 - Training loss: 0.570936   Test Accuracy: 0.8673
[2026-05-23 03:14:18,947] Epoch 16 - Training loss: 0.574715   Test Accuracy: 0.8565
[2026-05-23 03:15:20,525] Epoch 17 - Training loss: 0.589787   Test Accuracy: 0.7092
[2026-05-23 03:16:24,507] Epoch 18 - Training loss: 0.583780   Test Accuracy: 0.8523
[2026-05-23 03:17:24,337] Epoch 19 - Training loss: 0.572482   Test Accuracy: 0.7432
[2026-05-23 03:18:18,550] Epoch 20 - Training loss: 0.560150   Test Accuracy: 0.8281
[2026-05-23 03:19:31,221] Epoch 21 - Training loss: 0.575831   Test Accuracy: 0.7144
[2026-05-23 03:20:35,540] Epoch 22 - Training loss: 0.585172   Test Accuracy: 0.8895
[2026-05-23 03:21:41,203] Epoch 23 - Training loss: 0.574625   Test Accuracy: 0.8548
[2026-05-23 03:22:42,117] Epoch 24 - Training loss: 0.582893   Test Accuracy: 0.8365
[2026-05-23 03:23:42,432] Epoch 25 - Training loss: 0.560889   Test Accuracy: 0.8545
[2026-05-23 03:24:44,463] Epoch 26 - Training loss: 0.571980   Test Accuracy: 0.8410
[2026-05-23 03:25:48,978] Epoch 27 - Training loss: 0.568832   Test Accuracy: 0.7158
[2026-05-23 03:26:53,187] Epoch 28 - Training loss: 0.581990   Test Accuracy: 0.8474
[2026-05-23 03:27:56,472] Epoch 29 - Training loss: 0.571514   Test Accuracy: 0.8272
[2026-05-23 03:28:59,859] Epoch 30 - Training loss: 0.582758   Test Accuracy: 0.8520
aihwkit path:  /home/bong/analog_stress_test/aihwkit-fork/src/aihwkit/__init__.py
NeurIPS-2025/S2-mnist-CNN.py --CUDA 0 --SETTING Analog SGD --RPU Pow --tau 0.7 --res-gamma 0.5 --res-state 140
Using Device:  cuda:0
Logging to file: runs/MNIST-CNN/Pow-gamma=0.5-state=140/Analog SGD-tau=0.7/events.out.tfevents.1779472569.user.273308.0

Training Time (s) = 1968.5462901592255
