# CMD: CUDA_VISIBLE_DEVICES=2 PYTHONPATH=/home/bong/analog_stress_test/analog-training SEED=2 INP_RES=0.07142857142857142 OUT_RES=0.007936507936507936 INP_NOISE=0.1 OUT_NOISE=0.1 python NeurIPS-2025/S2-mnist-CNN.py --CUDA 0 --SETTING Analog SGD --RPU Pow --tau 0.7 --res-gamma 0.5 --res-state 140
[2026-05-23 02:28:45,547] Epoch 0 - Training loss: --------   Test Accuracy: 0.1129
[2026-05-23 02:29:50,948] Epoch 1 - Training loss: 0.657484   Test Accuracy: 0.6882
[2026-05-23 02:31:01,437] Epoch 2 - Training loss: 0.564806   Test Accuracy: 0.8643
[2026-05-23 02:32:05,015] Epoch 3 - Training loss: 0.572990   Test Accuracy: 0.8111
[2026-05-23 02:33:07,812] Epoch 4 - Training loss: 0.572712   Test Accuracy: 0.8464
[2026-05-23 02:34:15,128] Epoch 5 - Training loss: 0.579000   Test Accuracy: 0.8340
[2026-05-23 02:35:22,573] Epoch 6 - Training loss: 0.575582   Test Accuracy: 0.8535
[2026-05-23 02:36:26,661] Epoch 7 - Training loss: 0.559812   Test Accuracy: 0.8307
[2026-05-23 02:37:31,232] Epoch 8 - Training loss: 0.558296   Test Accuracy: 0.8550
[2026-05-23 02:38:33,824] Epoch 9 - Training loss: 0.554794   Test Accuracy: 0.8469
[2026-05-23 02:39:37,992] Epoch 10 - Training loss: 0.566085   Test Accuracy: 0.8285
[2026-05-23 02:40:41,605] Epoch 11 - Training loss: 0.580373   Test Accuracy: 0.8797
[2026-05-23 02:41:41,407] Epoch 12 - Training loss: 0.579784   Test Accuracy: 0.8321
[2026-05-23 02:42:43,824] Epoch 13 - Training loss: 0.602767   Test Accuracy: 0.8340
[2026-05-23 02:43:57,425] Epoch 14 - Training loss: 0.572932   Test Accuracy: 0.8271
[2026-05-23 02:45:11,945] Epoch 15 - Training loss: 0.575109   Test Accuracy: 0.7326
[2026-05-23 02:46:15,825] Epoch 16 - Training loss: 0.578975   Test Accuracy: 0.8313
[2026-05-23 02:47:17,408] Epoch 17 - Training loss: 0.597867   Test Accuracy: 0.7865
[2026-05-23 02:48:23,424] Epoch 18 - Training loss: 0.585949   Test Accuracy: 0.8490
[2026-05-23 02:49:26,820] Epoch 19 - Training loss: 0.570526   Test Accuracy: 0.8458
[2026-05-23 02:50:31,120] Epoch 20 - Training loss: 0.591538   Test Accuracy: 0.8300
[2026-05-23 02:51:35,952] Epoch 21 - Training loss: 0.586360   Test Accuracy: 0.7905
[2026-05-23 02:52:50,041] Epoch 22 - Training loss: 0.577046   Test Accuracy: 0.8502
[2026-05-23 02:53:53,119] Epoch 23 - Training loss: 0.608064   Test Accuracy: 0.8389
[2026-05-23 02:54:52,963] Epoch 24 - Training loss: 0.579263   Test Accuracy: 0.8655
[2026-05-23 02:55:54,736] Epoch 25 - Training loss: 0.579710   Test Accuracy: 0.8322
[2026-05-23 02:56:50,106] Epoch 26 - Training loss: 0.574592   Test Accuracy: 0.7023
[2026-05-23 02:57:49,584] Epoch 27 - Training loss: 0.585815   Test Accuracy: 0.7197
[2026-05-23 02:58:52,291] Epoch 28 - Training loss: 0.568808   Test Accuracy: 0.7804
[2026-05-23 02:59:50,094] Epoch 29 - Training loss: 0.583822   Test Accuracy: 0.8270
[2026-05-23 03:00:51,737] Epoch 30 - Training loss: 0.581174   Test Accuracy: 0.8943
aihwkit path:  /home/bong/analog_stress_test/aihwkit-fork/src/aihwkit/__init__.py
NeurIPS-2025/S2-mnist-CNN.py --CUDA 0 --SETTING Analog SGD --RPU Pow --tau 0.7 --res-gamma 0.5 --res-state 140
Using Device:  cuda:0
Logging to file: runs/MNIST-CNN/Pow-gamma=0.5-state=140/Analog SGD-tau=0.7/events.out.tfevents.1779470919.user.271135.0

Training Time (s) = 1930.1156396865845
