# CMD: CUDA_VISIBLE_DEVICES=2 PYTHONPATH=/home/bong/analog_stress_test/analog-training SEED=3 INP_RES=0.003937007874015748 OUT_RES=0.00196078431372549 INP_NOISE=0.06 OUT_NOISE=0.06 python NeurIPS-2025/S2-mnist-CNN.py --CUDA 0 --SETTING Analog SGD --RPU Pow --tau 0.7 --res-gamma 0.5 --res-state 140
[2026-05-23 01:18:41,298] Epoch 0 - Training loss: --------   Test Accuracy: 0.1245
[2026-05-23 01:19:56,885] Epoch 1 - Training loss: 0.489021   Test Accuracy: 0.9126
[2026-05-23 01:21:04,421] Epoch 2 - Training loss: 0.396956   Test Accuracy: 0.8780
[2026-05-23 01:22:06,975] Epoch 3 - Training loss: 0.383174   Test Accuracy: 0.9112
[2026-05-23 01:23:08,755] Epoch 4 - Training loss: 0.385836   Test Accuracy: 0.8703
[2026-05-23 01:24:12,834] Epoch 5 - Training loss: 0.384537   Test Accuracy: 0.8722
[2026-05-23 01:25:16,200] Epoch 6 - Training loss: 0.387610   Test Accuracy: 0.8496
[2026-05-23 01:26:18,308] Epoch 7 - Training loss: 0.383501   Test Accuracy: 0.8751
[2026-05-23 01:27:22,024] Epoch 8 - Training loss: 0.376252   Test Accuracy: 0.9178
[2026-05-23 01:28:23,546] Epoch 9 - Training loss: 0.376979   Test Accuracy: 0.8903
[2026-05-23 01:29:28,191] Epoch 10 - Training loss: 0.370071   Test Accuracy: 0.8864
[2026-05-23 01:30:30,423] Epoch 11 - Training loss: 0.379860   Test Accuracy: 0.9164
[2026-05-23 01:31:26,349] Epoch 12 - Training loss: 0.367863   Test Accuracy: 0.9056
[2026-05-23 01:32:21,327] Epoch 13 - Training loss: 0.377792   Test Accuracy: 0.8899
[2026-05-23 01:33:29,039] Epoch 14 - Training loss: 0.380725   Test Accuracy: 0.9255
[2026-05-23 01:34:29,934] Epoch 15 - Training loss: 0.390808   Test Accuracy: 0.9216
[2026-05-23 01:35:32,092] Epoch 16 - Training loss: 0.381562   Test Accuracy: 0.9023
[2026-05-23 01:36:34,260] Epoch 17 - Training loss: 0.386081   Test Accuracy: 0.8030
[2026-05-23 01:37:39,820] Epoch 18 - Training loss: 0.379900   Test Accuracy: 0.8683
[2026-05-23 01:38:42,381] Epoch 19 - Training loss: 0.381577   Test Accuracy: 0.8397
[2026-05-23 01:39:47,340] Epoch 20 - Training loss: 0.374322   Test Accuracy: 0.8928
[2026-05-23 01:41:00,590] Epoch 21 - Training loss: 0.373139   Test Accuracy: 0.8735
[2026-05-23 01:42:04,819] Epoch 22 - Training loss: 0.379184   Test Accuracy: 0.9148
[2026-05-23 01:43:11,762] Epoch 23 - Training loss: 0.382709   Test Accuracy: 0.8979
[2026-05-23 01:44:12,507] Epoch 24 - Training loss: 0.383312   Test Accuracy: 0.8753
[2026-05-23 01:45:15,766] Epoch 25 - Training loss: 0.389707   Test Accuracy: 0.8903
[2026-05-23 01:46:16,263] Epoch 26 - Training loss: 0.385820   Test Accuracy: 0.9026
[2026-05-23 01:47:17,147] Epoch 27 - Training loss: 0.377583   Test Accuracy: 0.8812
[2026-05-23 01:48:17,698] Epoch 28 - Training loss: 0.383351   Test Accuracy: 0.9020
[2026-05-23 01:49:17,812] Epoch 29 - Training loss: 0.383023   Test Accuracy: 0.9015
[2026-05-23 01:50:18,813] Epoch 30 - Training loss: 0.398099   Test Accuracy: 0.8554
aihwkit path:  /home/bong/analog_stress_test/aihwkit-fork/src/aihwkit/__init__.py
NeurIPS-2025/S2-mnist-CNN.py --CUDA 0 --SETTING Analog SGD --RPU Pow --tau 0.7 --res-gamma 0.5 --res-state 140
Using Device:  cuda:0
Logging to file: runs/MNIST-CNN/Pow-gamma=0.5-state=140/Analog SGD-tau=0.7/events.out.tfevents.1779466715.user.265037.0

Training Time (s) = 1901.462730884552
