# CMD: CUDA_VISIBLE_DEVICES=2 PYTHONPATH=/home/bong/analog_stress_test/analog-training SEED=2 INP_RES=0.003937007874015748 OUT_RES=0.00196078431372549 INP_NOISE=0.06 OUT_NOISE=0.06 python NeurIPS-2025/S2-mnist-CNN.py --CUDA 0 --SETTING Analog SGD --RPU Pow --tau 0.7 --res-gamma 0.5 --res-state 140
[2026-05-23 00:49:10,111] Epoch 0 - Training loss: --------   Test Accuracy: 0.1221
[2026-05-23 00:50:21,555] Epoch 1 - Training loss: 0.480848   Test Accuracy: 0.7989
[2026-05-23 00:51:29,658] Epoch 2 - Training loss: 0.394986   Test Accuracy: 0.8979
[2026-05-23 00:52:30,743] Epoch 3 - Training loss: 0.388172   Test Accuracy: 0.9263
[2026-05-23 00:53:44,047] Epoch 4 - Training loss: 0.391664   Test Accuracy: 0.9106
[2026-05-23 00:54:49,534] Epoch 5 - Training loss: 0.374842   Test Accuracy: 0.9062
[2026-05-23 00:55:59,396] Epoch 6 - Training loss: 0.372941   Test Accuracy: 0.9186
[2026-05-23 00:57:07,070] Epoch 7 - Training loss: 0.381527   Test Accuracy: 0.8442
[2026-05-23 00:58:14,651] Epoch 8 - Training loss: 0.359910   Test Accuracy: 0.9130
[2026-05-23 00:59:26,774] Epoch 9 - Training loss: 0.378241   Test Accuracy: 0.9215
[2026-05-23 01:00:33,003] Epoch 10 - Training loss: 0.361591   Test Accuracy: 0.9162
[2026-05-23 01:01:36,707] Epoch 11 - Training loss: 0.368400   Test Accuracy: 0.9242
[2026-05-23 01:02:38,237] Epoch 12 - Training loss: 0.366736   Test Accuracy: 0.8933
[2026-05-23 01:03:42,059] Epoch 13 - Training loss: 0.367828   Test Accuracy: 0.9120
[2026-05-23 01:04:47,108] Epoch 14 - Training loss: 0.379033   Test Accuracy: 0.8954
[2026-05-23 01:05:56,308] Epoch 15 - Training loss: 0.376087   Test Accuracy: 0.8780
[2026-05-23 01:07:10,628] Epoch 16 - Training loss: 0.376489   Test Accuracy: 0.9220
[2026-05-23 01:08:17,126] Epoch 17 - Training loss: 0.367327   Test Accuracy: 0.8953
[2026-05-23 01:09:25,906] Epoch 18 - Training loss: 0.385845   Test Accuracy: 0.8668
[2026-05-23 01:10:28,276] Epoch 19 - Training loss: 0.384131   Test Accuracy: 0.8992
[2026-05-23 01:11:39,780] Epoch 20 - Training loss: 0.372941   Test Accuracy: 0.8814
[2026-05-23 01:12:40,493] Epoch 21 - Training loss: 0.382056   Test Accuracy: 0.8031
[2026-05-23 01:13:41,780] Epoch 22 - Training loss: 0.382748   Test Accuracy: 0.9047
[2026-05-23 01:14:43,461] Epoch 23 - Training loss: 0.389455   Test Accuracy: 0.8772
[2026-05-23 01:15:43,761] Epoch 24 - Training loss: 0.381042   Test Accuracy: 0.9014
[2026-05-23 01:16:44,662] Epoch 25 - Training loss: 0.375373   Test Accuracy: 0.8671
[2026-05-23 01:17:46,113] Epoch 26 - Training loss: 0.369774   Test Accuracy: 0.8834
[2026-05-23 01:18:44,788] Epoch 27 - Training loss: 0.371879   Test Accuracy: 0.9056
[2026-05-23 01:19:52,617] Epoch 28 - Training loss: 0.374269   Test Accuracy: 0.8519
[2026-05-23 01:20:57,620] Epoch 29 - Training loss: 0.367937   Test Accuracy: 0.8968
[2026-05-23 01:21:59,044] Epoch 30 - Training loss: 0.371391   Test Accuracy: 0.9085
aihwkit path:  /home/bong/analog_stress_test/aihwkit-fork/src/aihwkit/__init__.py
NeurIPS-2025/S2-mnist-CNN.py --CUDA 0 --SETTING Analog SGD --RPU Pow --tau 0.7 --res-gamma 0.5 --res-state 140
Using Device:  cuda:0
Logging to file: runs/MNIST-CNN/Pow-gamma=0.5-state=140/Analog SGD-tau=0.7/events.out.tfevents.1779464943.user.262633.0

Training Time (s) = 1973.3028864860535
