# CMD: CUDA_VISIBLE_DEVICES=0 PYTHONPATH=/home/bong/analog_stress_test/analog-training SEED=1 INP_RES=0.016129032258064516 OUT_RES=0.003937007874015748 INP_NOISE=0.06 OUT_NOISE=0.06 python NeurIPS-2025/S2-mnist-CNN.py --CUDA 0 --SETTING TT-v2 --RPU Pow --tau 0.7 --res-gamma 0.5 --res-state 140
[2026-05-26 05:41:47,788] Epoch 0 - Training loss: --------   Test Accuracy: 0.1279
[2026-05-26 05:43:25,859] Epoch 1 - Training loss: 1.741977   Test Accuracy: 0.7032
[2026-05-26 05:45:00,279] Epoch 2 - Training loss: 0.721409   Test Accuracy: 0.8246
[2026-05-26 05:46:27,340] Epoch 3 - Training loss: 0.511825   Test Accuracy: 0.8566
[2026-05-26 05:47:56,411] Epoch 4 - Training loss: 0.437838   Test Accuracy: 0.8750
[2026-05-26 05:49:29,627] Epoch 5 - Training loss: 0.381005   Test Accuracy: 0.8924
[2026-05-26 05:51:02,302] Epoch 6 - Training loss: 0.341423   Test Accuracy: 0.8988
[2026-05-26 05:52:38,036] Epoch 7 - Training loss: 0.341089   Test Accuracy: 0.8988
[2026-05-26 05:54:09,994] Epoch 8 - Training loss: 0.319037   Test Accuracy: 0.9032
[2026-05-26 05:55:44,834] Epoch 9 - Training loss: 0.312619   Test Accuracy: 0.9090
[2026-05-26 05:57:03,345] Epoch 10 - Training loss: 0.284457   Test Accuracy: 0.9189
[2026-05-26 05:58:23,787] Epoch 11 - Training loss: 0.262571   Test Accuracy: 0.9194
[2026-05-26 05:59:58,783] Epoch 12 - Training loss: 0.249334   Test Accuracy: 0.9275
[2026-05-26 06:01:31,696] Epoch 13 - Training loss: 0.240340   Test Accuracy: 0.9257
[2026-05-26 06:03:05,087] Epoch 14 - Training loss: 0.240495   Test Accuracy: 0.9252
[2026-05-26 06:04:40,460] Epoch 15 - Training loss: 0.242397   Test Accuracy: 0.9224
[2026-05-26 06:06:15,438] Epoch 16 - Training loss: 0.244883   Test Accuracy: 0.9256
[2026-05-26 06:07:48,948] Epoch 17 - Training loss: 0.248475   Test Accuracy: 0.9268
[2026-05-26 06:09:23,099] Epoch 18 - Training loss: 0.244566   Test Accuracy: 0.9239
[2026-05-26 06:10:57,513] Epoch 19 - Training loss: 0.242511   Test Accuracy: 0.9236
[2026-05-26 06:12:32,459] Epoch 20 - Training loss: 0.239318   Test Accuracy: 0.9266
[2026-05-26 06:14:14,666] Epoch 21 - Training loss: 0.232352   Test Accuracy: 0.9280
[2026-05-26 06:15:49,575] Epoch 22 - Training loss: 0.236958   Test Accuracy: 0.9276
[2026-05-26 06:17:30,413] Epoch 23 - Training loss: 0.229012   Test Accuracy: 0.9301
[2026-05-26 06:19:12,420] Epoch 24 - Training loss: 0.224074   Test Accuracy: 0.9309
[2026-05-26 06:20:50,462] Epoch 25 - Training loss: 0.224411   Test Accuracy: 0.9305
[2026-05-26 06:22:24,748] Epoch 26 - Training loss: 0.214900   Test Accuracy: 0.9339
[2026-05-26 06:24:01,446] Epoch 27 - Training loss: 0.214405   Test Accuracy: 0.9379
[2026-05-26 06:25:42,743] Epoch 28 - Training loss: 0.213671   Test Accuracy: 0.9349
[2026-05-26 06:27:21,144] Epoch 29 - Training loss: 0.210297   Test Accuracy: 0.9364
[2026-05-26 06:28:59,692] Epoch 30 - Training loss: 0.207409   Test Accuracy: 0.9322
aihwkit path:  /home/bong/analog_stress_test/aihwkit-fork/src/aihwkit/__init__.py
NeurIPS-2025/S2-mnist-CNN.py --CUDA 0 --SETTING TT-v2 --RPU Pow --tau 0.7 --res-gamma 0.5 --res-state 140
Using Device:  cuda:0
Logging to file: runs/MNIST-CNN/Pow-gamma=0.5-state=140/TT-v2-tau=0.7/events.out.tfevents.1779741701.user.742592.0

Training Time (s) = 2836.1693012714386
