# CMD: CUDA_VISIBLE_DEVICES=0 PYTHONPATH=/home/bong/analog_stress_test/analog-training SEED=2 INP_RES=0.07142857142857142 OUT_RES=0.007936507936507936 INP_NOISE=0.1 OUT_NOISE=0.1 python NeurIPS-2025/S2-mnist-CNN.py --CUDA 0 --SETTING TT-v2 --RPU Pow --tau 0.7 --res-gamma 0.5 --res-state 140
[2026-05-26 07:17:31,538] Epoch 0 - Training loss: --------   Test Accuracy: 0.1304
[2026-05-26 07:19:03,205] Epoch 1 - Training loss: 2.055142   Test Accuracy: 0.5308
[2026-05-26 07:20:36,362] Epoch 2 - Training loss: 1.051877   Test Accuracy: 0.7195
[2026-05-26 07:22:13,713] Epoch 3 - Training loss: 0.752467   Test Accuracy: 0.7947
[2026-05-26 07:23:49,105] Epoch 4 - Training loss: 0.598476   Test Accuracy: 0.8364
[2026-05-26 07:25:22,951] Epoch 5 - Training loss: 0.502157   Test Accuracy: 0.8627
[2026-05-26 07:26:57,883] Epoch 6 - Training loss: 0.434415   Test Accuracy: 0.8803
[2026-05-26 07:28:28,408] Epoch 7 - Training loss: 0.385248   Test Accuracy: 0.8937
[2026-05-26 07:30:01,757] Epoch 8 - Training loss: 0.345556   Test Accuracy: 0.9062
[2026-05-26 07:31:36,405] Epoch 9 - Training loss: 0.316330   Test Accuracy: 0.9075
[2026-05-26 07:33:11,550] Epoch 10 - Training loss: 0.293305   Test Accuracy: 0.9146
[2026-05-26 07:34:45,193] Epoch 11 - Training loss: 0.266710   Test Accuracy: 0.9240
[2026-05-26 07:36:19,118] Epoch 12 - Training loss: 0.246940   Test Accuracy: 0.9310
[2026-05-26 07:37:51,661] Epoch 13 - Training loss: 0.231101   Test Accuracy: 0.9291
[2026-05-26 07:39:25,557] Epoch 14 - Training loss: 0.218905   Test Accuracy: 0.9342
[2026-05-26 07:40:59,943] Epoch 15 - Training loss: 0.205778   Test Accuracy: 0.9425
[2026-05-26 07:42:34,061] Epoch 16 - Training loss: 0.191280   Test Accuracy: 0.9416
[2026-05-26 07:44:06,924] Epoch 17 - Training loss: 0.181983   Test Accuracy: 0.9444
[2026-05-26 07:45:35,946] Epoch 18 - Training loss: 0.170923   Test Accuracy: 0.9468
[2026-05-26 07:47:06,370] Epoch 19 - Training loss: 0.162979   Test Accuracy: 0.9516
[2026-05-26 07:48:37,980] Epoch 20 - Training loss: 0.158522   Test Accuracy: 0.9520
[2026-05-26 07:50:10,151] Epoch 21 - Training loss: 0.150413   Test Accuracy: 0.9554
[2026-05-26 07:51:42,944] Epoch 22 - Training loss: 0.145293   Test Accuracy: 0.9556
[2026-05-26 07:53:15,482] Epoch 23 - Training loss: 0.139866   Test Accuracy: 0.9586
[2026-05-26 07:54:49,260] Epoch 24 - Training loss: 0.135696   Test Accuracy: 0.9578
[2026-05-26 07:56:18,932] Epoch 25 - Training loss: 0.130050   Test Accuracy: 0.9616
[2026-05-26 07:57:53,469] Epoch 26 - Training loss: 0.127124   Test Accuracy: 0.9600
[2026-05-26 07:59:28,631] Epoch 27 - Training loss: 0.122868   Test Accuracy: 0.9599
[2026-05-26 08:01:03,407] Epoch 28 - Training loss: 0.118304   Test Accuracy: 0.9619
[2026-05-26 08:02:37,450] Epoch 29 - Training loss: 0.112531   Test Accuracy: 0.9610
[2026-05-26 08:04:11,534] Epoch 30 - Training loss: 0.113067   Test Accuracy: 0.9660
aihwkit path:  /home/bong/analog_stress_test/aihwkit-fork/src/aihwkit/__init__.py
NeurIPS-2025/S2-mnist-CNN.py --CUDA 0 --SETTING TT-v2 --RPU Pow --tau 0.7 --res-gamma 0.5 --res-state 140
Using Device:  cuda:0
Logging to file: runs/MNIST-CNN/Pow-gamma=0.5-state=140/TT-v2-tau=0.7/events.out.tfevents.1779747445.user.752153.0

Training Time (s) = 2804.2116825580597
