# CMD: CUDA_VISIBLE_DEVICES=0 PYTHONPATH=/home/bong/analog_stress_test/analog-training SEED=3 INP_RES=0.007936507936507936 OUT_RES=0.00196078431372549 INP_NOISE=0.0 OUT_NOISE=0.06 python NeurIPS-2025/S2-mnist-CNN.py --CUDA 0 --SETTING TT-v2 --RPU Pow --tau 0.7 --res-gamma 0.5 --res-state 140
[2026-05-26 05:35:17,334] Epoch 0 - Training loss: --------   Test Accuracy: 0.1375
[2026-05-26 05:36:46,812] Epoch 1 - Training loss: 1.451966   Test Accuracy: 0.7826
[2026-05-26 05:38:17,664] Epoch 2 - Training loss: 0.538426   Test Accuracy: 0.8644
[2026-05-26 05:39:44,039] Epoch 3 - Training loss: 0.391192   Test Accuracy: 0.8965
[2026-05-26 05:41:14,080] Epoch 4 - Training loss: 0.324723   Test Accuracy: 0.9089
[2026-05-26 05:42:41,098] Epoch 5 - Training loss: 0.288150   Test Accuracy: 0.9184
[2026-05-26 05:44:15,113] Epoch 6 - Training loss: 0.255029   Test Accuracy: 0.9245
[2026-05-26 05:45:48,935] Epoch 7 - Training loss: 0.231910   Test Accuracy: 0.9358
[2026-05-26 05:47:24,858] Epoch 8 - Training loss: 0.210291   Test Accuracy: 0.9391
[2026-05-26 05:48:57,946] Epoch 9 - Training loss: 0.195078   Test Accuracy: 0.9417
[2026-05-26 05:50:27,560] Epoch 10 - Training loss: 0.185007   Test Accuracy: 0.9410
[2026-05-26 05:52:01,883] Epoch 11 - Training loss: 0.174152   Test Accuracy: 0.9470
[2026-05-26 05:53:36,539] Epoch 12 - Training loss: 0.162488   Test Accuracy: 0.9514
[2026-05-26 05:55:10,238] Epoch 13 - Training loss: 0.152267   Test Accuracy: 0.9554
[2026-05-26 05:56:44,056] Epoch 14 - Training loss: 0.143028   Test Accuracy: 0.9589
[2026-05-26 05:58:18,444] Epoch 15 - Training loss: 0.134330   Test Accuracy: 0.9607
[2026-05-26 05:59:52,040] Epoch 16 - Training loss: 0.129365   Test Accuracy: 0.9602
[2026-05-26 06:01:25,844] Epoch 17 - Training loss: 0.121752   Test Accuracy: 0.9638
[2026-05-26 06:03:00,566] Epoch 18 - Training loss: 0.115810   Test Accuracy: 0.9636
[2026-05-26 06:04:35,876] Epoch 19 - Training loss: 0.111449   Test Accuracy: 0.9645
[2026-05-26 06:06:12,213] Epoch 20 - Training loss: 0.109622   Test Accuracy: 0.9669
[2026-05-26 06:07:46,552] Epoch 21 - Training loss: 0.106951   Test Accuracy: 0.9671
[2026-05-26 06:09:21,694] Epoch 22 - Training loss: 0.106648   Test Accuracy: 0.9678
[2026-05-26 06:10:56,486] Epoch 23 - Training loss: 0.104518   Test Accuracy: 0.9688
[2026-05-26 06:12:31,794] Epoch 24 - Training loss: 0.102121   Test Accuracy: 0.9685
[2026-05-26 06:13:51,805] Epoch 25 - Training loss: 0.102177   Test Accuracy: 0.9671
[2026-05-26 06:15:16,868] Epoch 26 - Training loss: 0.099348   Test Accuracy: 0.9670
[2026-05-26 06:16:52,784] Epoch 27 - Training loss: 0.098090   Test Accuracy: 0.9686
[2026-05-26 06:18:24,500] Epoch 28 - Training loss: 0.096891   Test Accuracy: 0.9689
[2026-05-26 06:20:01,155] Epoch 29 - Training loss: 0.094220   Test Accuracy: 0.9697
[2026-05-26 06:21:39,690] Epoch 30 - Training loss: 0.090731   Test Accuracy: 0.9701
aihwkit path:  /home/bong/analog_stress_test/aihwkit-fork/src/aihwkit/__init__.py
NeurIPS-2025/S2-mnist-CNN.py --CUDA 0 --SETTING TT-v2 --RPU Pow --tau 0.7 --res-gamma 0.5 --res-state 140
Using Device:  cuda:0
Logging to file: runs/MNIST-CNN/Pow-gamma=0.5-state=140/TT-v2-tau=0.7/events.out.tfevents.1779741311.user.741429.0

Training Time (s) = 2786.40044093132
