# CMD: CUDA_VISIBLE_DEVICES=0 PYTHONPATH=/home/bong/analog_stress_test/analog-training SEED=2 INP_RES=0.007936507936507936 OUT_RES=0.00196078431372549 INP_NOISE=0.0 OUT_NOISE=0.06 python NeurIPS-2025/S2-mnist-CNN.py --CUDA 0 --SETTING TT-v2 --RPU Pow --tau 0.7 --res-gamma 0.5 --res-state 140
[2026-05-26 04:54:09,031] Epoch 0 - Training loss: --------   Test Accuracy: 0.1501
[2026-05-26 04:55:43,536] Epoch 1 - Training loss: 1.516114   Test Accuracy: 0.7473
[2026-05-26 04:57:17,965] Epoch 2 - Training loss: 0.625110   Test Accuracy: 0.8482
[2026-05-26 04:58:50,164] Epoch 3 - Training loss: 0.455956   Test Accuracy: 0.8778
[2026-05-26 05:00:22,667] Epoch 4 - Training loss: 0.375118   Test Accuracy: 0.8949
[2026-05-26 05:01:55,199] Epoch 5 - Training loss: 0.328672   Test Accuracy: 0.9085
[2026-05-26 05:03:30,780] Epoch 6 - Training loss: 0.294998   Test Accuracy: 0.9207
[2026-05-26 05:05:06,398] Epoch 7 - Training loss: 0.265073   Test Accuracy: 0.9283
[2026-05-26 05:06:41,699] Epoch 8 - Training loss: 0.237835   Test Accuracy: 0.9273
[2026-05-26 05:08:15,731] Epoch 9 - Training loss: 0.218053   Test Accuracy: 0.9384
[2026-05-26 05:09:50,952] Epoch 10 - Training loss: 0.204107   Test Accuracy: 0.9383
[2026-05-26 05:11:26,808] Epoch 11 - Training loss: 0.195503   Test Accuracy: 0.9458
[2026-05-26 05:13:03,963] Epoch 12 - Training loss: 0.181868   Test Accuracy: 0.9487
[2026-05-26 05:14:37,743] Epoch 13 - Training loss: 0.171388   Test Accuracy: 0.9490
[2026-05-26 05:16:09,688] Epoch 14 - Training loss: 0.158806   Test Accuracy: 0.9528
[2026-05-26 05:17:45,001] Epoch 15 - Training loss: 0.148777   Test Accuracy: 0.9526
[2026-05-26 05:19:20,503] Epoch 16 - Training loss: 0.140691   Test Accuracy: 0.9575
[2026-05-26 05:20:55,959] Epoch 17 - Training loss: 0.132776   Test Accuracy: 0.9590
[2026-05-26 05:22:32,936] Epoch 18 - Training loss: 0.127860   Test Accuracy: 0.9644
[2026-05-26 05:24:09,262] Epoch 19 - Training loss: 0.122735   Test Accuracy: 0.9606
[2026-05-26 05:25:44,943] Epoch 20 - Training loss: 0.117910   Test Accuracy: 0.9655
[2026-05-26 05:27:20,991] Epoch 21 - Training loss: 0.115274   Test Accuracy: 0.9613
[2026-05-26 05:28:58,034] Epoch 22 - Training loss: 0.113824   Test Accuracy: 0.9607
[2026-05-26 05:30:30,402] Epoch 23 - Training loss: 0.116336   Test Accuracy: 0.9623
[2026-05-26 05:32:05,849] Epoch 24 - Training loss: 0.115635   Test Accuracy: 0.9617
[2026-05-26 05:33:43,929] Epoch 25 - Training loss: 0.116239   Test Accuracy: 0.9651
[2026-05-26 05:35:15,578] Epoch 26 - Training loss: 0.113507   Test Accuracy: 0.9627
[2026-05-26 05:36:50,900] Epoch 27 - Training loss: 0.107143   Test Accuracy: 0.9676
[2026-05-26 05:38:25,741] Epoch 28 - Training loss: 0.103890   Test Accuracy: 0.9693
[2026-05-26 05:40:01,385] Epoch 29 - Training loss: 0.101135   Test Accuracy: 0.9665
[2026-05-26 05:41:36,759] Epoch 30 - Training loss: 0.097017   Test Accuracy: 0.9709
aihwkit path:  /home/bong/analog_stress_test/aihwkit-fork/src/aihwkit/__init__.py
NeurIPS-2025/S2-mnist-CNN.py --CUDA 0 --SETTING TT-v2 --RPU Pow --tau 0.7 --res-gamma 0.5 --res-state 140
Using Device:  cuda:0
Logging to file: runs/MNIST-CNN/Pow-gamma=0.5-state=140/TT-v2-tau=0.7/events.out.tfevents.1779738842.user.737715.0

Training Time (s) = 2852.0511972904205
