# CMD: CUDA_VISIBLE_DEVICES=2 PYTHONPATH=/home/bong/analog_stress_test/analog-training SEED=3 python NeurIPS-2025/S2-mnist-CNN.py --CUDA 0 --SETTING TT-v1 --RPU Pow --tau 0.7 --res-gamma 0.5 --res-state 28
[2026-05-20 03:27:17,333] Epoch 0 - Training loss: --------   Test Accuracy: 0.1304
[2026-05-20 03:28:28,009] Epoch 1 - Training loss: 1.544476   Test Accuracy: 0.7593
[2026-05-20 03:29:38,881] Epoch 2 - Training loss: 0.733822   Test Accuracy: 0.7480
[2026-05-20 03:30:52,439] Epoch 3 - Training loss: 0.787902   Test Accuracy: 0.7549
[2026-05-20 03:32:02,016] Epoch 4 - Training loss: 0.831975   Test Accuracy: 0.7774
[2026-05-20 03:33:20,253] Epoch 5 - Training loss: 0.981437   Test Accuracy: 0.7817
[2026-05-20 03:34:38,240] Epoch 6 - Training loss: 1.735313   Test Accuracy: 0.4312
[2026-05-20 03:35:54,042] Epoch 7 - Training loss: 1.339660   Test Accuracy: 0.6545
[2026-05-20 03:37:10,840] Epoch 8 - Training loss: 1.261667   Test Accuracy: 0.1135
[2026-05-20 03:38:23,099] Epoch 9 - Training loss: 1.568912   Test Accuracy: 0.6510
[2026-05-20 03:39:33,290] Epoch 10 - Training loss: 1.152170   Test Accuracy: 0.6375
[2026-05-20 03:40:35,435] Epoch 11 - Training loss: 1.034445   Test Accuracy: 0.7287
[2026-05-20 03:41:46,176] Epoch 12 - Training loss: 1.010979   Test Accuracy: 0.7393
[2026-05-20 03:43:00,961] Epoch 13 - Training loss: 1.361491   Test Accuracy: 0.6312
[2026-05-20 03:44:14,374] Epoch 14 - Training loss: 1.372174   Test Accuracy: 0.5636
[2026-05-20 03:45:26,504] Epoch 15 - Training loss: 1.300110   Test Accuracy: 0.5941
[2026-05-20 03:46:44,576] Epoch 16 - Training loss: 1.207197   Test Accuracy: 0.5990
[2026-05-20 03:48:01,191] Epoch 17 - Training loss: 1.319127   Test Accuracy: 0.6075
[2026-05-20 03:49:09,907] Epoch 18 - Training loss: 1.173034   Test Accuracy: 0.6267
[2026-05-20 03:50:13,928] Epoch 19 - Training loss: 1.581208   Test Accuracy: 0.4829
[2026-05-20 03:51:27,317] Epoch 20 - Training loss: 1.740226   Test Accuracy: 0.3037
[2026-05-20 03:52:34,357] Epoch 21 - Training loss: 1.687843   Test Accuracy: 0.4600
[2026-05-20 03:53:50,020] Epoch 22 - Training loss: 1.393061   Test Accuracy: 0.5842
[2026-05-20 03:55:05,272] Epoch 23 - Training loss: 2.114509   Test Accuracy: 0.2019
[2026-05-20 03:56:20,041] Epoch 24 - Training loss: 2.167688   Test Accuracy: 0.2175
[2026-05-20 03:57:34,252] Epoch 25 - Training loss: 2.023610   Test Accuracy: 0.3746
[2026-05-20 03:58:50,362] Epoch 26 - Training loss: 1.800032   Test Accuracy: 0.3675
[2026-05-20 04:00:06,081] Epoch 27 - Training loss: 1.755683   Test Accuracy: 0.3770
[2026-05-20 04:01:23,040] Epoch 28 - Training loss: 1.855859   Test Accuracy: 0.3446
[2026-05-20 04:02:40,116] Epoch 29 - Training loss: 1.899299   Test Accuracy: 0.3147
[2026-05-20 04:03:55,575] Epoch 30 - Training loss: 2.062227   Test Accuracy: 0.3157
aihwkit path:  /home/bong/analog_stress_test/aihwkit-fork/src/aihwkit/__init__.py
NeurIPS-2025/S2-mnist-CNN.py --CUDA 0 --SETTING TT-v1 --RPU Pow --tau 0.7 --res-gamma 0.5 --res-state 28
Using Device:  cuda:0
Logging to file: runs/MNIST-CNN/Pow-gamma=0.5-state=28/TT-v1-tau=0.7/events.out.tfevents.1779215230.user.2240512.0

Training Time (s) = 2202.580188035965
