# CMD: CUDA_VISIBLE_DEVICES=2 PYTHONPATH=/home/bong/analog_stress_test/analog-training SEED=2 python NeurIPS-2025/S2-mnist-CNN.py --CUDA 0 --SETTING TT-v1 --RPU Pow --tau 0.7 --res-gamma 0.5 --res-state 14
[2026-05-20 04:04:05,109] Epoch 0 - Training loss: --------   Test Accuracy: 0.1310
[2026-05-20 04:05:15,050] Epoch 1 - Training loss: 1.678529   Test Accuracy: 0.5977
[2026-05-20 04:06:28,327] Epoch 2 - Training loss: 1.062635   Test Accuracy: 0.7276
[2026-05-20 04:07:44,972] Epoch 3 - Training loss: 1.029986   Test Accuracy: 0.6746
[2026-05-20 04:09:01,128] Epoch 4 - Training loss: 1.110913   Test Accuracy: 0.3773
[2026-05-20 04:10:14,329] Epoch 5 - Training loss: 1.573400   Test Accuracy: 0.4949
[2026-05-20 04:11:31,289] Epoch 6 - Training loss: 2.008896   Test Accuracy: 0.1962
[2026-05-20 04:12:43,290] Epoch 7 - Training loss: 2.206401   Test Accuracy: 0.2144
[2026-05-20 04:13:57,613] Epoch 8 - Training loss: 1.860324   Test Accuracy: 0.4651
[2026-05-20 04:15:10,514] Epoch 9 - Training loss: 1.578546   Test Accuracy: 0.3091
[2026-05-20 04:16:27,133] Epoch 10 - Training loss: 1.530069   Test Accuracy: 0.4356
[2026-05-20 04:17:38,170] Epoch 11 - Training loss: 1.789013   Test Accuracy: 0.1188
[2026-05-20 04:18:52,469] Epoch 12 - Training loss: 2.189356   Test Accuracy: 0.2763
[2026-05-20 04:20:06,844] Epoch 13 - Training loss: 2.274664   Test Accuracy: 0.1064
[2026-05-20 04:21:23,704] Epoch 14 - Training loss: 2.359750   Test Accuracy: 0.1132
[2026-05-20 04:22:42,273] Epoch 15 - Training loss: 2.479374   Test Accuracy: 0.0999
[2026-05-20 04:23:57,745] Epoch 16 - Training loss: 2.444021   Test Accuracy: 0.1064
[2026-05-20 04:25:12,459] Epoch 17 - Training loss: 2.358279   Test Accuracy: 0.1032
[2026-05-20 04:26:30,657] Epoch 18 - Training loss: 2.316688   Test Accuracy: 0.1135
[2026-05-20 04:27:47,858] Epoch 19 - Training loss: 2.310013   Test Accuracy: 0.1135
[2026-05-20 04:28:54,142] Epoch 20 - Training loss: 2.306479   Test Accuracy: 0.1069
[2026-05-20 04:30:04,439] Epoch 21 - Training loss: 2.307019   Test Accuracy: 0.1135
[2026-05-20 04:31:11,733] Epoch 22 - Training loss: 2.307408   Test Accuracy: 0.0815
[2026-05-20 04:32:28,280] Epoch 23 - Training loss: 2.307938   Test Accuracy: 0.0951
[2026-05-20 04:33:47,756] Epoch 24 - Training loss: 2.307935   Test Accuracy: 0.1135
[2026-05-20 04:35:07,678] Epoch 25 - Training loss: 2.308404   Test Accuracy: 0.0582
[2026-05-20 04:36:17,379] Epoch 26 - Training loss: 2.308777   Test Accuracy: 0.0916
[2026-05-20 04:37:31,291] Epoch 27 - Training loss: 2.309750   Test Accuracy: 0.1011
[2026-05-20 04:38:45,701] Epoch 28 - Training loss: 2.308596   Test Accuracy: 0.1028
[2026-05-20 04:40:00,253] Epoch 29 - Training loss: 2.309677   Test Accuracy: 0.0958
[2026-05-20 04:41:17,122] Epoch 30 - Training loss: 2.314376   Test Accuracy: 0.0823
aihwkit path:  /home/bong/analog_stress_test/aihwkit-fork/src/aihwkit/__init__.py
NeurIPS-2025/S2-mnist-CNN.py --CUDA 0 --SETTING TT-v1 --RPU Pow --tau 0.7 --res-gamma 0.5 --res-state 14
Using Device:  cuda:0
Logging to file: runs/MNIST-CNN/Pow-gamma=0.5-state=14/TT-v1-tau=0.7/events.out.tfevents.1779217439.user.2243639.0

Training Time (s) = 2235.88902425766
