# CMD: CUDA_VISIBLE_DEVICES=2 PYTHONPATH=/home/bong/analog_stress_test/analog-training SEED=2 python NeurIPS-2025/S2-mnist-CNN.py --CUDA 0 --SETTING TT-v1 --RPU Pow --tau 0.7 --res-gamma 0.5 --res-state 28
[2026-05-20 02:53:22,589] Epoch 0 - Training loss: --------   Test Accuracy: 0.1301
[2026-05-20 02:54:29,445] Epoch 1 - Training loss: 1.677648   Test Accuracy: 0.7127
[2026-05-20 02:55:43,196] Epoch 2 - Training loss: 0.802120   Test Accuracy: 0.7812
[2026-05-20 02:56:59,897] Epoch 3 - Training loss: 0.796036   Test Accuracy: 0.7640
[2026-05-20 02:58:11,480] Epoch 4 - Training loss: 1.710547   Test Accuracy: 0.2816
[2026-05-20 02:59:25,567] Epoch 5 - Training loss: 1.848712   Test Accuracy: 0.4531
[2026-05-20 03:00:40,222] Epoch 6 - Training loss: 1.483298   Test Accuracy: 0.6105
[2026-05-20 03:01:56,356] Epoch 7 - Training loss: 1.339687   Test Accuracy: 0.5417
[2026-05-20 03:03:13,168] Epoch 8 - Training loss: 1.489412   Test Accuracy: 0.5116
[2026-05-20 03:04:27,028] Epoch 9 - Training loss: 1.533769   Test Accuracy: 0.5589
[2026-05-20 03:05:43,990] Epoch 10 - Training loss: 1.693622   Test Accuracy: 0.0670
[2026-05-20 03:07:01,833] Epoch 11 - Training loss: 2.326211   Test Accuracy: 0.2323
[2026-05-20 03:08:18,268] Epoch 12 - Training loss: 2.285540   Test Accuracy: 0.1727
[2026-05-20 03:09:40,536] Epoch 13 - Training loss: 2.175082   Test Accuracy: 0.1441
[2026-05-20 03:10:56,040] Epoch 14 - Training loss: 2.163859   Test Accuracy: 0.2274
[2026-05-20 03:12:11,463] Epoch 15 - Training loss: 2.161412   Test Accuracy: 0.2787
[2026-05-20 03:13:26,694] Epoch 16 - Training loss: 2.046285   Test Accuracy: 0.3672
[2026-05-20 03:14:42,013] Epoch 17 - Training loss: 1.899586   Test Accuracy: 0.4109
[2026-05-20 03:16:01,381] Epoch 18 - Training loss: 1.845241   Test Accuracy: 0.2797
[2026-05-20 03:17:18,470] Epoch 19 - Training loss: 2.061969   Test Accuracy: 0.2811
[2026-05-20 03:18:34,506] Epoch 20 - Training loss: 1.926319   Test Accuracy: 0.3600
[2026-05-20 03:19:51,400] Epoch 21 - Training loss: 1.787524   Test Accuracy: 0.3779
[2026-05-20 03:21:14,577] Epoch 22 - Training loss: 1.725973   Test Accuracy: 0.3497
[2026-05-20 03:22:35,552] Epoch 23 - Training loss: 1.933844   Test Accuracy: 0.2852
[2026-05-20 03:23:52,587] Epoch 24 - Training loss: 2.018983   Test Accuracy: 0.3162
[2026-05-20 03:25:09,701] Epoch 25 - Training loss: 1.852105   Test Accuracy: 0.4284
[2026-05-20 03:26:30,188] Epoch 26 - Training loss: 1.987639   Test Accuracy: 0.3529
[2026-05-20 03:27:44,861] Epoch 27 - Training loss: 1.905852   Test Accuracy: 0.3009
[2026-05-20 03:29:04,990] Epoch 28 - Training loss: 1.839240   Test Accuracy: 0.4096
[2026-05-20 03:30:22,839] Epoch 29 - Training loss: 1.832057   Test Accuracy: 0.3274
[2026-05-20 03:31:39,575] Epoch 30 - Training loss: 1.712368   Test Accuracy: 0.4406
aihwkit path:  /home/bong/analog_stress_test/aihwkit-fork/src/aihwkit/__init__.py
NeurIPS-2025/S2-mnist-CNN.py --CUDA 0 --SETTING TT-v1 --RPU Pow --tau 0.7 --res-gamma 0.5 --res-state 28
Using Device:  cuda:0
Logging to file: runs/MNIST-CNN/Pow-gamma=0.5-state=28/TT-v1-tau=0.7/events.out.tfevents.1779213196.user.2237817.0

Training Time (s) = 2300.7397503852844
