# CMD: CUDA_VISIBLE_DEVICES=2 PYTHONPATH=/home/bong/analog_stress_test/analog-training SEED=3 python NeurIPS-2025/S2-mnist-CNN.py --CUDA 0 --SETTING TT-v1 --RPU Pow --tau 0.7 --res-gamma 0.5 --res-state 140
[2026-05-20 02:16:20,411] Epoch 0 - Training loss: --------   Test Accuracy: 0.1260
[2026-05-20 02:17:28,025] Epoch 1 - Training loss: 1.125823   Test Accuracy: 0.8660
[2026-05-20 02:18:33,001] Epoch 2 - Training loss: 0.421080   Test Accuracy: 0.8892
[2026-05-20 02:19:40,899] Epoch 3 - Training loss: 0.352944   Test Accuracy: 0.9064
[2026-05-20 02:20:51,735] Epoch 4 - Training loss: 0.325724   Test Accuracy: 0.9161
[2026-05-20 02:22:09,411] Epoch 5 - Training loss: 0.395623   Test Accuracy: 0.8050
[2026-05-20 02:23:22,520] Epoch 6 - Training loss: 0.402422   Test Accuracy: 0.8822
[2026-05-20 02:24:42,567] Epoch 7 - Training loss: 0.400629   Test Accuracy: 0.8929
[2026-05-20 02:25:59,931] Epoch 8 - Training loss: 0.375472   Test Accuracy: 0.9073
[2026-05-20 02:27:07,210] Epoch 9 - Training loss: 0.454827   Test Accuracy: 0.8937
[2026-05-20 02:28:23,763] Epoch 10 - Training loss: 0.415176   Test Accuracy: 0.8943
[2026-05-20 02:29:38,056] Epoch 11 - Training loss: 0.382608   Test Accuracy: 0.8493
[2026-05-20 02:30:54,006] Epoch 12 - Training loss: 0.369424   Test Accuracy: 0.7770
[2026-05-20 02:32:09,613] Epoch 13 - Training loss: 0.658838   Test Accuracy: 0.5292
[2026-05-20 02:33:22,030] Epoch 14 - Training loss: 0.951963   Test Accuracy: 0.4882
[2026-05-20 02:34:39,320] Epoch 15 - Training loss: 0.803486   Test Accuracy: 0.8284
[2026-05-20 02:35:55,200] Epoch 16 - Training loss: 0.673995   Test Accuracy: 0.8634
[2026-05-20 02:37:09,985] Epoch 17 - Training loss: 0.624168   Test Accuracy: 0.8584
[2026-05-20 02:38:25,197] Epoch 18 - Training loss: 1.468256   Test Accuracy: 0.1004
[2026-05-20 02:39:40,543] Epoch 19 - Training loss: 2.374156   Test Accuracy: 0.1135
[2026-05-20 02:40:54,184] Epoch 20 - Training loss: 2.310342   Test Accuracy: 0.1135
[2026-05-20 02:42:11,394] Epoch 21 - Training loss: 2.214334   Test Accuracy: 0.3643
[2026-05-20 02:43:28,588] Epoch 22 - Training loss: 1.548040   Test Accuracy: 0.5955
[2026-05-20 02:44:43,288] Epoch 23 - Training loss: 0.940473   Test Accuracy: 0.7110
[2026-05-20 02:45:57,711] Epoch 24 - Training loss: 1.679223   Test Accuracy: 0.5516
[2026-05-20 02:47:10,346] Epoch 25 - Training loss: 1.162448   Test Accuracy: 0.6356
[2026-05-20 02:48:25,827] Epoch 26 - Training loss: 1.167074   Test Accuracy: 0.6590
[2026-05-20 02:49:33,906] Epoch 27 - Training loss: 0.981846   Test Accuracy: 0.7002
[2026-05-20 02:50:44,664] Epoch 28 - Training loss: 0.994967   Test Accuracy: 0.6173
[2026-05-20 02:51:57,579] Epoch 29 - Training loss: 1.029040   Test Accuracy: 0.5200
[2026-05-20 02:53:12,316] Epoch 30 - Training loss: 1.081557   Test Accuracy: 0.6318
aihwkit path:  /home/bong/analog_stress_test/aihwkit-fork/src/aihwkit/__init__.py
NeurIPS-2025/S2-mnist-CNN.py --CUDA 0 --SETTING TT-v1 --RPU Pow --tau 0.7 --res-gamma 0.5 --res-state 140
Using Device:  cuda:0
Logging to file: runs/MNIST-CNN/Pow-gamma=0.5-state=140/TT-v1-tau=0.7/events.out.tfevents.1779210974.user.2234682.0

Training Time (s) = 2215.6539783477783
