# CMD: CUDA_VISIBLE_DEVICES=2 PYTHONPATH=/home/bong/analog_stress_test/analog-training SEED=1 python NeurIPS-2025/S2-mnist-CNN.py --CUDA 0 --SETTING TT-v1 --RPU Pow --tau 0.7 --res-gamma 0.5 --res-state 28
[2026-05-20 02:49:16,283] Epoch 0 - Training loss: --------   Test Accuracy: 0.1231
[2026-05-20 02:50:32,688] Epoch 1 - Training loss: 1.728955   Test Accuracy: 0.6921
[2026-05-20 02:51:41,934] Epoch 2 - Training loss: 0.889121   Test Accuracy: 0.7628
[2026-05-20 02:52:53,978] Epoch 3 - Training loss: 0.833997   Test Accuracy: 0.6007
[2026-05-20 02:53:56,927] Epoch 4 - Training loss: 0.995518   Test Accuracy: 0.6903
[2026-05-20 02:55:07,262] Epoch 5 - Training loss: 1.151364   Test Accuracy: 0.6254
[2026-05-20 02:56:23,475] Epoch 6 - Training loss: 1.100825   Test Accuracy: 0.6998
[2026-05-20 02:57:39,511] Epoch 7 - Training loss: 1.978528   Test Accuracy: 0.1516
[2026-05-20 02:58:48,555] Epoch 8 - Training loss: 2.101263   Test Accuracy: 0.3550
[2026-05-20 03:00:04,639] Epoch 9 - Training loss: 1.650024   Test Accuracy: 0.4604
[2026-05-20 03:01:20,350] Epoch 10 - Training loss: 1.466152   Test Accuracy: 0.4607
[2026-05-20 03:02:34,776] Epoch 11 - Training loss: 2.086408   Test Accuracy: 0.1237
[2026-05-20 03:03:51,000] Epoch 12 - Training loss: 2.102283   Test Accuracy: 0.3727
[2026-05-20 03:05:04,338] Epoch 13 - Training loss: 1.744368   Test Accuracy: 0.4712
[2026-05-20 03:06:18,012] Epoch 14 - Training loss: 2.085119   Test Accuracy: 0.2981
[2026-05-20 03:07:33,385] Epoch 15 - Training loss: 1.888881   Test Accuracy: 0.3889
[2026-05-20 03:08:56,011] Epoch 16 - Training loss: 1.592648   Test Accuracy: 0.5518
[2026-05-20 03:10:09,707] Epoch 17 - Training loss: 1.491085   Test Accuracy: 0.4923
[2026-05-20 03:11:24,271] Epoch 18 - Training loss: 1.283660   Test Accuracy: 0.6782
[2026-05-20 03:12:43,371] Epoch 19 - Training loss: 1.095645   Test Accuracy: 0.6734
[2026-05-20 03:14:06,383] Epoch 20 - Training loss: 1.066823   Test Accuracy: 0.6814
[2026-05-20 03:15:27,712] Epoch 21 - Training loss: 1.201412   Test Accuracy: 0.5941
[2026-05-20 03:16:44,682] Epoch 22 - Training loss: 1.118345   Test Accuracy: 0.6604
[2026-05-20 03:18:00,907] Epoch 23 - Training loss: 1.139526   Test Accuracy: 0.5971
[2026-05-20 03:19:18,757] Epoch 24 - Training loss: 1.588351   Test Accuracy: 0.4771
[2026-05-20 03:20:38,488] Epoch 25 - Training loss: 1.792415   Test Accuracy: 0.3315
[2026-05-20 03:21:52,299] Epoch 26 - Training loss: 2.160378   Test Accuracy: 0.0960
[2026-05-20 03:23:10,212] Epoch 27 - Training loss: 2.433510   Test Accuracy: 0.1008
[2026-05-20 03:24:24,829] Epoch 28 - Training loss: 2.353361   Test Accuracy: 0.1002
[2026-05-20 03:25:46,927] Epoch 29 - Training loss: 2.328227   Test Accuracy: 0.0958
[2026-05-20 03:27:07,408] Epoch 30 - Training loss: 2.362590   Test Accuracy: 0.1116
aihwkit path:  /home/bong/analog_stress_test/aihwkit-fork/src/aihwkit/__init__.py
NeurIPS-2025/S2-mnist-CNN.py --CUDA 0 --SETTING TT-v1 --RPU Pow --tau 0.7 --res-gamma 0.5 --res-state 28
Using Device:  cuda:0
Logging to file: runs/MNIST-CNN/Pow-gamma=0.5-state=28/TT-v1-tau=0.7/events.out.tfevents.1779212950.user.2237353.0

Training Time (s) = 2274.810928106308
