# CMD: CUDA_VISIBLE_DEVICES=2 PYTHONPATH=/home/bong/analog_stress_test/analog-training SEED=3 python NeurIPS-2025/S2-mnist-CNN.py --CUDA 0 --SETTING TT-v1 --RPU Pow --tau 0.7 --res-gamma 0.5 --res-state 14000
[2026-05-19 23:44:37,036] Epoch 0 - Training loss: --------   Test Accuracy: 0.1300
[2026-05-19 23:45:44,249] Epoch 1 - Training loss: 1.155152   Test Accuracy: 0.8968
[2026-05-19 23:46:53,759] Epoch 2 - Training loss: 0.273845   Test Accuracy: 0.9430
[2026-05-19 23:47:58,647] Epoch 3 - Training loss: 0.170665   Test Accuracy: 0.9610
[2026-05-19 23:49:02,607] Epoch 4 - Training loss: 0.123612   Test Accuracy: 0.9694
[2026-05-19 23:50:18,614] Epoch 5 - Training loss: 0.094850   Test Accuracy: 0.9753
[2026-05-19 23:51:28,133] Epoch 6 - Training loss: 0.078744   Test Accuracy: 0.9782
[2026-05-19 23:52:38,344] Epoch 7 - Training loss: 0.070154   Test Accuracy: 0.9810
[2026-05-19 23:53:46,720] Epoch 8 - Training loss: 0.062612   Test Accuracy: 0.9813
[2026-05-19 23:54:57,502] Epoch 9 - Training loss: 0.058483   Test Accuracy: 0.9799
[2026-05-19 23:56:05,169] Epoch 10 - Training loss: 0.053634   Test Accuracy: 0.9828
[2026-05-19 23:57:13,140] Epoch 11 - Training loss: 0.050395   Test Accuracy: 0.9840
[2026-05-19 23:58:30,658] Epoch 12 - Training loss: 0.047923   Test Accuracy: 0.9851
[2026-05-19 23:59:47,507] Epoch 13 - Training loss: 0.046497   Test Accuracy: 0.9847
[2026-05-20 00:00:57,452] Epoch 14 - Training loss: 0.044066   Test Accuracy: 0.9847
[2026-05-20 00:02:06,270] Epoch 15 - Training loss: 0.041884   Test Accuracy: 0.9845
[2026-05-20 00:03:15,698] Epoch 16 - Training loss: 0.040930   Test Accuracy: 0.9849
[2026-05-20 00:04:27,636] Epoch 17 - Training loss: 0.038879   Test Accuracy: 0.9845
[2026-05-20 00:05:41,590] Epoch 18 - Training loss: 0.037333   Test Accuracy: 0.9841
[2026-05-20 00:06:55,110] Epoch 19 - Training loss: 0.035746   Test Accuracy: 0.9858
[2026-05-20 00:08:10,843] Epoch 20 - Training loss: 0.036352   Test Accuracy: 0.9849
[2026-05-20 00:09:26,085] Epoch 21 - Training loss: 0.035057   Test Accuracy: 0.9854
[2026-05-20 00:10:33,070] Epoch 22 - Training loss: 0.033928   Test Accuracy: 0.9875
[2026-05-20 00:11:44,622] Epoch 23 - Training loss: 0.032193   Test Accuracy: 0.9864
[2026-05-20 00:12:55,202] Epoch 24 - Training loss: 0.031236   Test Accuracy: 0.9859
[2026-05-20 00:14:04,093] Epoch 25 - Training loss: 0.030352   Test Accuracy: 0.9874
[2026-05-20 00:15:16,551] Epoch 26 - Training loss: 0.030693   Test Accuracy: 0.9870
[2026-05-20 00:16:28,770] Epoch 27 - Training loss: 0.029332   Test Accuracy: 0.9874
[2026-05-20 00:17:44,442] Epoch 28 - Training loss: 0.028856   Test Accuracy: 0.9877
[2026-05-20 00:18:55,123] Epoch 29 - Training loss: 0.027843   Test Accuracy: 0.9879
[2026-05-20 00:20:06,163] Epoch 30 - Training loss: 0.026854   Test Accuracy: 0.9887
aihwkit path:  /home/bong/analog_stress_test/aihwkit-fork/src/aihwkit/__init__.py
NeurIPS-2025/S2-mnist-CNN.py --CUDA 0 --SETTING TT-v1 --RPU Pow --tau 0.7 --res-gamma 0.5 --res-state 14000
Using Device:  cuda:0
Logging to file: runs/MNIST-CNN/Pow-gamma=0.5-state=14000/TT-v1-tau=0.7/events.out.tfevents.1779201871.user.2221207.0

Training Time (s) = 2132.9671835899353
