# CMD: CUDA_VISIBLE_DEVICES=2 PYTHONPATH=/home/bong/analog_stress_test/analog-training SEED=3 python NeurIPS-2025/S2-mnist-CNN.py --CUDA 0 --SETTING TT-v1 --RPU Pow --tau 0.7 --res-gamma 0.5 --res-state 1400
[2026-05-20 00:24:31,511] Epoch 0 - Training loss: --------   Test Accuracy: 0.1286
[2026-05-20 00:25:33,810] Epoch 1 - Training loss: 1.030903   Test Accuracy: 0.8971
[2026-05-20 00:26:37,594] Epoch 2 - Training loss: 0.249979   Test Accuracy: 0.9451
[2026-05-20 00:27:42,614] Epoch 3 - Training loss: 0.165133   Test Accuracy: 0.9556
[2026-05-20 00:28:50,986] Epoch 4 - Training loss: 0.139093   Test Accuracy: 0.9533
[2026-05-20 00:29:59,469] Epoch 5 - Training loss: 0.127106   Test Accuracy: 0.9636
[2026-05-20 00:31:08,221] Epoch 6 - Training loss: 0.116605   Test Accuracy: 0.9643
[2026-05-20 00:32:19,403] Epoch 7 - Training loss: 0.111051   Test Accuracy: 0.9685
[2026-05-20 00:33:24,319] Epoch 8 - Training loss: 0.106767   Test Accuracy: 0.9687
[2026-05-20 00:34:34,794] Epoch 9 - Training loss: 0.102954   Test Accuracy: 0.9679
[2026-05-20 00:35:48,815] Epoch 10 - Training loss: 0.100488   Test Accuracy: 0.9689
[2026-05-20 00:37:03,484] Epoch 11 - Training loss: 0.096596   Test Accuracy: 0.9725
[2026-05-20 00:38:17,013] Epoch 12 - Training loss: 0.093426   Test Accuracy: 0.9741
[2026-05-20 00:39:29,065] Epoch 13 - Training loss: 0.103358   Test Accuracy: 0.9283
[2026-05-20 00:40:42,205] Epoch 14 - Training loss: 0.094094   Test Accuracy: 0.9771
[2026-05-20 00:41:57,153] Epoch 15 - Training loss: 0.098198   Test Accuracy: 0.9737
[2026-05-20 00:43:17,416] Epoch 16 - Training loss: 0.104777   Test Accuracy: 0.9668
[2026-05-20 00:44:36,635] Epoch 17 - Training loss: 0.090521   Test Accuracy: 0.9774
[2026-05-20 00:45:50,857] Epoch 18 - Training loss: 0.221165   Test Accuracy: 0.7906
[2026-05-20 00:47:05,116] Epoch 19 - Training loss: 0.349283   Test Accuracy: 0.9273
[2026-05-20 00:48:22,189] Epoch 20 - Training loss: 0.219914   Test Accuracy: 0.9209
[2026-05-20 00:49:41,111] Epoch 21 - Training loss: 0.249070   Test Accuracy: 0.8859
[2026-05-20 00:50:59,491] Epoch 22 - Training loss: 0.257314   Test Accuracy: 0.9533
[2026-05-20 00:52:15,353] Epoch 23 - Training loss: 0.226398   Test Accuracy: 0.8075
[2026-05-20 00:53:28,576] Epoch 24 - Training loss: 0.278620   Test Accuracy: 0.9079
[2026-05-20 00:54:46,238] Epoch 25 - Training loss: 0.350630   Test Accuracy: 0.8682
[2026-05-20 00:56:02,755] Epoch 26 - Training loss: 0.434031   Test Accuracy: 0.8645
[2026-05-20 00:57:16,100] Epoch 27 - Training loss: 0.422087   Test Accuracy: 0.9003
[2026-05-20 00:58:26,765] Epoch 28 - Training loss: 0.377155   Test Accuracy: 0.8759
[2026-05-20 00:59:40,006] Epoch 29 - Training loss: 0.328884   Test Accuracy: 0.8969
[2026-05-20 01:00:57,890] Epoch 30 - Training loss: 0.356300   Test Accuracy: 0.8852
aihwkit path:  /home/bong/analog_stress_test/aihwkit-fork/src/aihwkit/__init__.py
NeurIPS-2025/S2-mnist-CNN.py --CUDA 0 --SETTING TT-v1 --RPU Pow --tau 0.7 --res-gamma 0.5 --res-state 1400
Using Device:  cuda:0
Logging to file: runs/MNIST-CNN/Pow-gamma=0.5-state=1400/TT-v1-tau=0.7/events.out.tfevents.1779204265.user.2224770.0

Training Time (s) = 2190.208966732025
