# CMD: CUDA_VISIBLE_DEVICES=3 PYTHONPATH=/home/bong/analog_stress_test/analog-training SEED=1 python NeurIPS-2025/S2-mnist-FCN.py --CUDA 0 --SETTING TT-v1 --RPU Pow --tau 0.7 --res-gamma 0.5 --res-state 140
[2026-05-24 03:32:38,777] Epoch 0 - Training loss: --------   Test Accuracy: 0.1058
[2026-05-24 03:33:31,199] Epoch 1 - Training loss: 2.299392   Test Accuracy: 0.1775
[2026-05-24 03:34:22,997] Epoch 2 - Training loss: 0.909087   Test Accuracy: 0.9029
[2026-05-24 03:35:17,386] Epoch 3 - Training loss: 0.270910   Test Accuracy: 0.9321
[2026-05-24 03:36:08,367] Epoch 4 - Training loss: 0.187688   Test Accuracy: 0.9525
[2026-05-24 03:37:02,190] Epoch 5 - Training loss: 0.145914   Test Accuracy: 0.9573
[2026-05-24 03:37:58,056] Epoch 6 - Training loss: 0.116107   Test Accuracy: 0.9584
[2026-05-24 03:38:50,651] Epoch 7 - Training loss: 0.100161   Test Accuracy: 0.9649
[2026-05-24 03:39:42,729] Epoch 8 - Training loss: 0.089885   Test Accuracy: 0.9629
[2026-05-24 03:40:35,678] Epoch 9 - Training loss: 0.077726   Test Accuracy: 0.9637
[2026-05-24 03:41:31,615] Epoch 10 - Training loss: 0.070598   Test Accuracy: 0.9624
[2026-05-24 03:42:26,917] Epoch 11 - Training loss: 0.064682   Test Accuracy: 0.9693
[2026-05-24 03:43:19,922] Epoch 12 - Training loss: 0.056356   Test Accuracy: 0.9680
[2026-05-24 03:44:10,460] Epoch 13 - Training loss: 0.052401   Test Accuracy: 0.9693
[2026-05-24 03:45:04,138] Epoch 14 - Training loss: 0.047320   Test Accuracy: 0.9712
[2026-05-24 03:46:00,048] Epoch 15 - Training loss: 0.040198   Test Accuracy: 0.9692
[2026-05-24 03:46:53,993] Epoch 16 - Training loss: 0.038033   Test Accuracy: 0.9713
[2026-05-24 03:47:49,535] Epoch 17 - Training loss: 0.033485   Test Accuracy: 0.9743
[2026-05-24 03:48:45,015] Epoch 18 - Training loss: 0.030328   Test Accuracy: 0.9723
[2026-05-24 03:49:40,150] Epoch 19 - Training loss: 0.027131   Test Accuracy: 0.9683
[2026-05-24 03:50:38,467] Epoch 20 - Training loss: 0.026918   Test Accuracy: 0.9710
[2026-05-24 03:51:34,170] Epoch 21 - Training loss: 0.025409   Test Accuracy: 0.9698
[2026-05-24 03:52:30,223] Epoch 22 - Training loss: 0.024729   Test Accuracy: 0.9703
[2026-05-24 03:53:29,654] Epoch 23 - Training loss: 0.023748   Test Accuracy: 0.9699
[2026-05-24 03:54:26,492] Epoch 24 - Training loss: 0.023645   Test Accuracy: 0.9721
[2026-05-24 03:55:23,261] Epoch 25 - Training loss: 0.021261   Test Accuracy: 0.9695
[2026-05-24 03:56:20,391] Epoch 26 - Training loss: 0.020135   Test Accuracy: 0.9712
[2026-05-24 03:57:18,387] Epoch 27 - Training loss: 0.021138   Test Accuracy: 0.9694
[2026-05-24 03:58:15,091] Epoch 28 - Training loss: 0.020031   Test Accuracy: 0.9709
[2026-05-24 03:59:12,653] Epoch 29 - Training loss: 0.020331   Test Accuracy: 0.9717
[2026-05-24 04:00:04,722] Epoch 30 - Training loss: 0.019827   Test Accuracy: 0.9719
aihwkit path:  /home/bong/analog_stress_test/aihwkit-fork/src/aihwkit/__init__.py
NeurIPS-2025/S2-mnist-FCN.py --CUDA 0 --SETTING TT-v1 --RPU Pow --tau 0.7 --res-gamma 0.5 --res-state 140
Using Device:  cuda:0
Logging to file: runs/MNIST-FCN/Pow-gamma=0.5-state=140/TT-v1-tau=0.7/events.out.tfevents.1779561153.user.404090.0

Training Time (s) = 1649.1937410831451
