# CMD: CUDA_VISIBLE_DEVICES=3 PYTHONPATH=/home/bong/analog_stress_test/analog-training SEED=3 python NeurIPS-2025/S2-mnist-FCN.py --CUDA 0 --SETTING TT-v1 --RPU Pow --tau 0.7 --res-gamma 0.5 --res-state 280
[2026-05-24 03:32:36,174] Epoch 0 - Training loss: --------   Test Accuracy: 0.0954
[2026-05-24 03:33:27,632] Epoch 1 - Training loss: 2.301374   Test Accuracy: 0.1325
[2026-05-24 03:34:19,137] Epoch 2 - Training loss: 1.142103   Test Accuracy: 0.8970
[2026-05-24 03:35:11,644] Epoch 3 - Training loss: 0.280894   Test Accuracy: 0.9332
[2026-05-24 03:36:00,820] Epoch 4 - Training loss: 0.187912   Test Accuracy: 0.9488
[2026-05-24 03:36:54,154] Epoch 5 - Training loss: 0.140350   Test Accuracy: 0.9604
[2026-05-24 03:37:49,368] Epoch 6 - Training loss: 0.109296   Test Accuracy: 0.9618
[2026-05-24 03:38:37,186] Epoch 7 - Training loss: 0.090964   Test Accuracy: 0.9652
[2026-05-24 03:39:25,783] Epoch 8 - Training loss: 0.074602   Test Accuracy: 0.9671
[2026-05-24 03:40:17,292] Epoch 9 - Training loss: 0.065106   Test Accuracy: 0.9697
[2026-05-24 03:41:10,887] Epoch 10 - Training loss: 0.054407   Test Accuracy: 0.9675
[2026-05-24 03:42:04,169] Epoch 11 - Training loss: 0.050008   Test Accuracy: 0.9683
[2026-05-24 03:42:58,089] Epoch 12 - Training loss: 0.041950   Test Accuracy: 0.9683
[2026-05-24 03:43:51,484] Epoch 13 - Training loss: 0.042737   Test Accuracy: 0.9715
[2026-05-24 03:44:44,159] Epoch 14 - Training loss: 0.036217   Test Accuracy: 0.9692
[2026-05-24 03:45:38,253] Epoch 15 - Training loss: 0.031851   Test Accuracy: 0.9717
[2026-05-24 03:46:32,249] Epoch 16 - Training loss: 0.025740   Test Accuracy: 0.9710
[2026-05-24 03:47:26,181] Epoch 17 - Training loss: 0.023919   Test Accuracy: 0.9730
[2026-05-24 03:48:20,631] Epoch 18 - Training loss: 0.021587   Test Accuracy: 0.9734
[2026-05-24 03:49:14,529] Epoch 19 - Training loss: 0.017730   Test Accuracy: 0.9719
[2026-05-24 03:50:09,144] Epoch 20 - Training loss: 0.017227   Test Accuracy: 0.9705
[2026-05-24 03:51:04,140] Epoch 21 - Training loss: 0.016306   Test Accuracy: 0.9701
[2026-05-24 03:51:58,544] Epoch 22 - Training loss: 0.015977   Test Accuracy: 0.9711
[2026-05-24 03:52:54,693] Epoch 23 - Training loss: 0.016265   Test Accuracy: 0.9699
[2026-05-24 03:53:51,806] Epoch 24 - Training loss: 0.014433   Test Accuracy: 0.9709
[2026-05-24 03:54:40,938] Epoch 25 - Training loss: 0.013777   Test Accuracy: 0.9705
[2026-05-24 03:55:36,685] Epoch 26 - Training loss: 0.012933   Test Accuracy: 0.9710
[2026-05-24 03:56:32,614] Epoch 27 - Training loss: 0.011664   Test Accuracy: 0.9724
[2026-05-24 03:57:28,979] Epoch 28 - Training loss: 0.010751   Test Accuracy: 0.9731
[2026-05-24 03:58:25,313] Epoch 29 - Training loss: 0.010632   Test Accuracy: 0.9725
[2026-05-24 03:59:21,879] Epoch 30 - Training loss: 0.009783   Test Accuracy: 0.9719
aihwkit path:  /home/bong/analog_stress_test/aihwkit-fork/src/aihwkit/__init__.py
NeurIPS-2025/S2-mnist-FCN.py --CUDA 0 --SETTING TT-v1 --RPU Pow --tau 0.7 --res-gamma 0.5 --res-state 280
Using Device:  cuda:0
Logging to file: runs/MNIST-FCN/Pow-gamma=0.5-state=280/TT-v1-tau=0.7/events.out.tfevents.1779561151.user.404026.0

Training Time (s) = 1608.3221759796143
