# CMD: CUDA_VISIBLE_DEVICES=3 PYTHONPATH=/home/bong/analog_stress_test/analog-training SEED=2 python NeurIPS-2025/S2-mnist-FCN.py --CUDA 0 --SETTING TT-v1 --RPU Pow --tau 0.7 --res-gamma 0.5 --res-state 1400
[2026-05-24 02:37:38,433] Epoch 0 - Training loss: --------   Test Accuracy: 0.1011
[2026-05-24 02:38:31,643] Epoch 1 - Training loss: 2.281799   Test Accuracy: 0.4586
[2026-05-24 02:39:25,158] Epoch 2 - Training loss: 0.539699   Test Accuracy: 0.9141
[2026-05-24 02:40:17,424] Epoch 3 - Training loss: 0.239788   Test Accuracy: 0.9422
[2026-05-24 02:41:09,814] Epoch 4 - Training loss: 0.163985   Test Accuracy: 0.9546
[2026-05-24 02:42:07,878] Epoch 5 - Training loss: 0.117399   Test Accuracy: 0.9648
[2026-05-24 02:43:02,207] Epoch 6 - Training loss: 0.089714   Test Accuracy: 0.9693
[2026-05-24 02:43:57,303] Epoch 7 - Training loss: 0.070066   Test Accuracy: 0.9679
[2026-05-24 02:44:51,282] Epoch 8 - Training loss: 0.057126   Test Accuracy: 0.9690
[2026-05-24 02:45:43,945] Epoch 9 - Training loss: 0.048478   Test Accuracy: 0.9715
[2026-05-24 02:46:38,597] Epoch 10 - Training loss: 0.044697   Test Accuracy: 0.9725
[2026-05-24 02:47:31,370] Epoch 11 - Training loss: 0.036553   Test Accuracy: 0.9729
[2026-05-24 02:48:23,575] Epoch 12 - Training loss: 0.032554   Test Accuracy: 0.9725
[2026-05-24 02:49:18,185] Epoch 13 - Training loss: 0.028522   Test Accuracy: 0.9720
[2026-05-24 02:50:15,626] Epoch 14 - Training loss: 0.025317   Test Accuracy: 0.9745
[2026-05-24 02:51:10,313] Epoch 15 - Training loss: 0.023938   Test Accuracy: 0.9735
[2026-05-24 02:52:05,890] Epoch 16 - Training loss: 0.020420   Test Accuracy: 0.9734
[2026-05-24 02:52:59,140] Epoch 17 - Training loss: 0.015288   Test Accuracy: 0.9719
[2026-05-24 02:53:57,116] Epoch 18 - Training loss: 0.014102   Test Accuracy: 0.9737
[2026-05-24 02:54:52,751] Epoch 19 - Training loss: 0.013458   Test Accuracy: 0.9734
[2026-05-24 02:55:47,536] Epoch 20 - Training loss: 0.011102   Test Accuracy: 0.9715
[2026-05-24 02:56:40,416] Epoch 21 - Training loss: 0.010255   Test Accuracy: 0.9731
[2026-05-24 02:57:33,743] Epoch 22 - Training loss: 0.009119   Test Accuracy: 0.9730
[2026-05-24 02:58:30,363] Epoch 23 - Training loss: 0.008345   Test Accuracy: 0.9718
[2026-05-24 02:59:17,741] Epoch 24 - Training loss: 0.007870   Test Accuracy: 0.9742
[2026-05-24 03:00:10,002] Epoch 25 - Training loss: 0.007216   Test Accuracy: 0.9743
[2026-05-24 03:01:03,517] Epoch 26 - Training loss: 0.005863   Test Accuracy: 0.9732
[2026-05-24 03:01:58,126] Epoch 27 - Training loss: 0.005620   Test Accuracy: 0.9746
[2026-05-24 03:02:53,337] Epoch 28 - Training loss: 0.005664   Test Accuracy: 0.9742
[2026-05-24 03:03:52,086] Epoch 29 - Training loss: 0.005733   Test Accuracy: 0.9741
[2026-05-24 03:04:45,139] Epoch 30 - Training loss: 0.006033   Test Accuracy: 0.9758
aihwkit path:  /home/bong/analog_stress_test/aihwkit-fork/src/aihwkit/__init__.py
NeurIPS-2025/S2-mnist-FCN.py --CUDA 0 --SETTING TT-v1 --RPU Pow --tau 0.7 --res-gamma 0.5 --res-state 1400
Using Device:  cuda:0
Logging to file: runs/MNIST-FCN/Pow-gamma=0.5-state=1400/TT-v1-tau=0.7/events.out.tfevents.1779557854.user.399183.0

Training Time (s) = 1629.0284252166748
