# CMD: CUDA_VISIBLE_DEVICES=3 PYTHONPATH=/home/bong/analog_stress_test/analog-training SEED=3 python NeurIPS-2025/S2-mnist-FCN.py --CUDA 0 --SETTING TT-v1 --RPU Pow --tau 0.7 --res-gamma 0.5 --res-state 140
[2026-05-24 04:00:14,661] Epoch 0 - Training loss: --------   Test Accuracy: 0.0942
[2026-05-24 04:01:02,640] Epoch 1 - Training loss: 2.301393   Test Accuracy: 0.1350
[2026-05-24 04:01:56,432] Epoch 2 - Training loss: 1.136577   Test Accuracy: 0.8993
[2026-05-24 04:02:47,540] Epoch 3 - Training loss: 0.280406   Test Accuracy: 0.9298
[2026-05-24 04:03:38,248] Epoch 4 - Training loss: 0.192404   Test Accuracy: 0.9420
[2026-05-24 04:04:33,446] Epoch 5 - Training loss: 0.151169   Test Accuracy: 0.9568
[2026-05-24 04:05:23,088] Epoch 6 - Training loss: 0.124864   Test Accuracy: 0.9546
[2026-05-24 04:06:14,183] Epoch 7 - Training loss: 0.109455   Test Accuracy: 0.9596
[2026-05-24 04:07:09,211] Epoch 8 - Training loss: 0.096036   Test Accuracy: 0.9649
[2026-05-24 04:08:02,618] Epoch 9 - Training loss: 0.085687   Test Accuracy: 0.9657
[2026-05-24 04:08:55,888] Epoch 10 - Training loss: 0.075563   Test Accuracy: 0.9663
[2026-05-24 04:09:49,415] Epoch 11 - Training loss: 0.069614   Test Accuracy: 0.9684
[2026-05-24 04:10:45,055] Epoch 12 - Training loss: 0.060495   Test Accuracy: 0.9692
[2026-05-24 04:11:36,615] Epoch 13 - Training loss: 0.060223   Test Accuracy: 0.9707
[2026-05-24 04:12:33,272] Epoch 14 - Training loss: 0.053354   Test Accuracy: 0.9693
[2026-05-24 04:13:28,680] Epoch 15 - Training loss: 0.051550   Test Accuracy: 0.9711
[2026-05-24 04:14:22,240] Epoch 16 - Training loss: 0.044206   Test Accuracy: 0.9733
[2026-05-24 04:15:17,731] Epoch 17 - Training loss: 0.040286   Test Accuracy: 0.9706
[2026-05-24 04:16:15,475] Epoch 18 - Training loss: 0.037390   Test Accuracy: 0.9709
[2026-05-24 04:17:11,514] Epoch 19 - Training loss: 0.034466   Test Accuracy: 0.9730
[2026-05-24 04:18:08,242] Epoch 20 - Training loss: 0.032401   Test Accuracy: 0.9731
[2026-05-24 04:19:04,084] Epoch 21 - Training loss: 0.032112   Test Accuracy: 0.9691
[2026-05-24 04:20:02,134] Epoch 22 - Training loss: 0.031177   Test Accuracy: 0.9724
[2026-05-24 04:20:57,613] Epoch 23 - Training loss: 0.027559   Test Accuracy: 0.9735
[2026-05-24 04:21:53,167] Epoch 24 - Training loss: 0.026683   Test Accuracy: 0.9716
[2026-05-24 04:22:46,530] Epoch 25 - Training loss: 0.026235   Test Accuracy: 0.9725
[2026-05-24 04:23:42,119] Epoch 26 - Training loss: 0.025480   Test Accuracy: 0.9740
[2026-05-24 04:24:37,543] Epoch 27 - Training loss: 0.024096   Test Accuracy: 0.9715
[2026-05-24 04:25:33,704] Epoch 28 - Training loss: 0.022581   Test Accuracy: 0.9728
[2026-05-24 04:26:23,599] Epoch 29 - Training loss: 0.021402   Test Accuracy: 0.9732
[2026-05-24 04:27:11,650] Epoch 30 - Training loss: 0.020219   Test Accuracy: 0.9731
aihwkit path:  /home/bong/analog_stress_test/aihwkit-fork/src/aihwkit/__init__.py
NeurIPS-2025/S2-mnist-FCN.py --CUDA 0 --SETTING TT-v1 --RPU Pow --tau 0.7 --res-gamma 0.5 --res-state 140
Using Device:  cuda:0
Logging to file: runs/MNIST-FCN/Pow-gamma=0.5-state=140/TT-v1-tau=0.7/events.out.tfevents.1779562809.user.406554.0

Training Time (s) = 1620.2535231113434
