# CMD: CUDA_VISIBLE_DEVICES=3 PYTHONPATH=/home/bong/analog_stress_test/analog-training SEED=3 python NeurIPS-2025/S2-mnist-FCN.py --CUDA 0 --SETTING TT-v1 --RPU Pow --tau 0.7 --res-gamma 0.5 --res-state 14000
[2026-05-24 02:10:07,827] Epoch 0 - Training loss: --------   Test Accuracy: 0.0945
[2026-05-24 02:10:54,984] Epoch 1 - Training loss: 2.301584   Test Accuracy: 0.1271
[2026-05-24 02:11:48,523] Epoch 2 - Training loss: 1.159429   Test Accuracy: 0.8934
[2026-05-24 02:12:40,813] Epoch 3 - Training loss: 0.303828   Test Accuracy: 0.9285
[2026-05-24 02:13:33,905] Epoch 4 - Training loss: 0.214652   Test Accuracy: 0.9437
[2026-05-24 02:14:29,012] Epoch 5 - Training loss: 0.162366   Test Accuracy: 0.9524
[2026-05-24 02:15:20,638] Epoch 6 - Training loss: 0.129829   Test Accuracy: 0.9594
[2026-05-24 02:16:16,875] Epoch 7 - Training loss: 0.108190   Test Accuracy: 0.9645
[2026-05-24 02:17:12,243] Epoch 8 - Training loss: 0.092141   Test Accuracy: 0.9665
[2026-05-24 02:18:05,804] Epoch 9 - Training loss: 0.080532   Test Accuracy: 0.9682
[2026-05-24 02:19:00,937] Epoch 10 - Training loss: 0.068914   Test Accuracy: 0.9710
[2026-05-24 02:19:56,011] Epoch 11 - Training loss: 0.060749   Test Accuracy: 0.9704
[2026-05-24 02:20:50,504] Epoch 12 - Training loss: 0.054327   Test Accuracy: 0.9726
[2026-05-24 02:21:46,061] Epoch 13 - Training loss: 0.048203   Test Accuracy: 0.9735
[2026-05-24 02:22:42,435] Epoch 14 - Training loss: 0.043711   Test Accuracy: 0.9749
[2026-05-24 02:23:38,643] Epoch 15 - Training loss: 0.039995   Test Accuracy: 0.9735
[2026-05-24 02:24:39,050] Epoch 16 - Training loss: 0.036392   Test Accuracy: 0.9749
[2026-05-24 02:25:35,149] Epoch 17 - Training loss: 0.034316   Test Accuracy: 0.9754
[2026-05-24 02:26:30,969] Epoch 18 - Training loss: 0.032095   Test Accuracy: 0.9753
[2026-05-24 02:27:24,906] Epoch 19 - Training loss: 0.030126   Test Accuracy: 0.9748
[2026-05-24 02:28:18,191] Epoch 20 - Training loss: 0.028978   Test Accuracy: 0.9749
[2026-05-24 02:29:14,015] Epoch 21 - Training loss: 0.027297   Test Accuracy: 0.9735
[2026-05-24 02:30:03,678] Epoch 22 - Training loss: 0.026971   Test Accuracy: 0.9758
[2026-05-24 02:30:59,594] Epoch 23 - Training loss: 0.025239   Test Accuracy: 0.9743
[2026-05-24 02:31:55,196] Epoch 24 - Training loss: 0.023958   Test Accuracy: 0.9759
[2026-05-24 02:32:51,647] Epoch 25 - Training loss: 0.023192   Test Accuracy: 0.9755
[2026-05-24 02:33:48,663] Epoch 26 - Training loss: 0.021608   Test Accuracy: 0.9763
[2026-05-24 02:34:45,143] Epoch 27 - Training loss: 0.021170   Test Accuracy: 0.9745
[2026-05-24 02:35:42,886] Epoch 28 - Training loss: 0.021251   Test Accuracy: 0.9737
[2026-05-24 02:36:42,291] Epoch 29 - Training loss: 0.020284   Test Accuracy: 0.9741
[2026-05-24 02:37:34,800] Epoch 30 - Training loss: 0.019535   Test Accuracy: 0.9745
aihwkit path:  /home/bong/analog_stress_test/aihwkit-fork/src/aihwkit/__init__.py
NeurIPS-2025/S2-mnist-FCN.py --CUDA 0 --SETTING TT-v1 --RPU Pow --tau 0.7 --res-gamma 0.5 --res-state 14000
Using Device:  cuda:0
Logging to file: runs/MNIST-FCN/Pow-gamma=0.5-state=14000/TT-v1-tau=0.7/events.out.tfevents.1779556202.user.396664.0

Training Time (s) = 1650.0449256896973
