# CMD: CUDA_VISIBLE_DEVICES=3 PYTHONPATH=/home/bong/analog_stress_test/analog-training SEED=1 python NeurIPS-2025/S2-mnist-FCN.py --CUDA 0 --SETTING TT-v1 --RPU Pow --tau 0.7 --res-gamma 0.5 --res-state 14000
[2026-05-24 01:42:20,015] Epoch 0 - Training loss: --------   Test Accuracy: 0.1035
[2026-05-24 01:43:03,899] Epoch 1 - Training loss: 2.297275   Test Accuracy: 0.2242
[2026-05-24 01:43:58,767] Epoch 2 - Training loss: 0.801566   Test Accuracy: 0.9042
[2026-05-24 01:44:59,132] Epoch 3 - Training loss: 0.277260   Test Accuracy: 0.9304
[2026-05-24 01:45:47,759] Epoch 4 - Training loss: 0.204540   Test Accuracy: 0.9464
[2026-05-24 01:46:35,280] Epoch 5 - Training loss: 0.157480   Test Accuracy: 0.9532
[2026-05-24 01:47:28,033] Epoch 6 - Training loss: 0.128412   Test Accuracy: 0.9596
[2026-05-24 01:48:23,636] Epoch 7 - Training loss: 0.109126   Test Accuracy: 0.9637
[2026-05-24 01:49:18,867] Epoch 8 - Training loss: 0.091741   Test Accuracy: 0.9683
[2026-05-24 01:50:14,171] Epoch 9 - Training loss: 0.081894   Test Accuracy: 0.9687
[2026-05-24 01:51:10,650] Epoch 10 - Training loss: 0.074352   Test Accuracy: 0.9692
[2026-05-24 01:52:06,162] Epoch 11 - Training loss: 0.065664   Test Accuracy: 0.9689
[2026-05-24 01:53:01,277] Epoch 12 - Training loss: 0.060118   Test Accuracy: 0.9712
[2026-05-24 01:53:54,385] Epoch 13 - Training loss: 0.054698   Test Accuracy: 0.9727
[2026-05-24 01:54:53,226] Epoch 14 - Training loss: 0.051380   Test Accuracy: 0.9732
[2026-05-24 01:55:50,452] Epoch 15 - Training loss: 0.047886   Test Accuracy: 0.9719
[2026-05-24 01:56:50,212] Epoch 16 - Training loss: 0.044021   Test Accuracy: 0.9736
[2026-05-24 01:57:48,276] Epoch 17 - Training loss: 0.041060   Test Accuracy: 0.9735
[2026-05-24 01:58:40,752] Epoch 18 - Training loss: 0.039487   Test Accuracy: 0.9738
[2026-05-24 01:59:35,176] Epoch 19 - Training loss: 0.038523   Test Accuracy: 0.9734
[2026-05-24 02:00:32,543] Epoch 20 - Training loss: 0.036689   Test Accuracy: 0.9730
[2026-05-24 02:01:29,620] Epoch 21 - Training loss: 0.034977   Test Accuracy: 0.9729
[2026-05-24 02:02:26,634] Epoch 22 - Training loss: 0.033272   Test Accuracy: 0.9733
[2026-05-24 02:03:25,648] Epoch 23 - Training loss: 0.031791   Test Accuracy: 0.9719
[2026-05-24 02:04:24,441] Epoch 24 - Training loss: 0.030927   Test Accuracy: 0.9734
[2026-05-24 02:05:24,669] Epoch 25 - Training loss: 0.030130   Test Accuracy: 0.9734
[2026-05-24 02:06:22,429] Epoch 26 - Training loss: 0.028510   Test Accuracy: 0.9737
[2026-05-24 02:07:19,080] Epoch 27 - Training loss: 0.028298   Test Accuracy: 0.9728
[2026-05-24 02:08:16,950] Epoch 28 - Training loss: 0.027238   Test Accuracy: 0.9733
[2026-05-24 02:09:13,834] Epoch 29 - Training loss: 0.026708   Test Accuracy: 0.9732
[2026-05-24 02:10:07,744] Epoch 30 - Training loss: 0.026027   Test Accuracy: 0.9732
aihwkit path:  /home/bong/analog_stress_test/aihwkit-fork/src/aihwkit/__init__.py
NeurIPS-2025/S2-mnist-FCN.py --CUDA 0 --SETTING TT-v1 --RPU Pow --tau 0.7 --res-gamma 0.5 --res-state 14000
Using Device:  cuda:0
Logging to file: runs/MNIST-FCN/Pow-gamma=0.5-state=14000/TT-v1-tau=0.7/events.out.tfevents.1779554534.user.394623.0

Training Time (s) = 1670.8712401390076
