# CMD: CUDA_VISIBLE_DEVICES=3 PYTHONPATH=/home/bong/analog_stress_test/analog-training SEED=3 python NeurIPS-2025/S2-mnist-FCN.py --CUDA 0 --SETTING TT-v1 --RPU Pow --tau 0.7 --res-gamma 0.5 --res-state 1400
[2026-05-24 02:37:45,640] Epoch 0 - Training loss: --------   Test Accuracy: 0.0920
[2026-05-24 02:38:39,630] Epoch 1 - Training loss: 2.301434   Test Accuracy: 0.1358
[2026-05-24 02:39:32,969] Epoch 2 - Training loss: 1.093601   Test Accuracy: 0.9040
[2026-05-24 02:40:25,652] Epoch 3 - Training loss: 0.267195   Test Accuracy: 0.9375
[2026-05-24 02:41:20,103] Epoch 4 - Training loss: 0.171844   Test Accuracy: 0.9536
[2026-05-24 02:42:11,091] Epoch 5 - Training loss: 0.123528   Test Accuracy: 0.9637
[2026-05-24 02:43:07,265] Epoch 6 - Training loss: 0.095591   Test Accuracy: 0.9681
[2026-05-24 02:43:58,014] Epoch 7 - Training loss: 0.073549   Test Accuracy: 0.9689
[2026-05-24 02:44:54,771] Epoch 8 - Training loss: 0.060776   Test Accuracy: 0.9724
[2026-05-24 02:45:48,719] Epoch 9 - Training loss: 0.049382   Test Accuracy: 0.9698
[2026-05-24 02:46:39,772] Epoch 10 - Training loss: 0.041777   Test Accuracy: 0.9697
[2026-05-24 02:47:32,653] Epoch 11 - Training loss: 0.036709   Test Accuracy: 0.9719
[2026-05-24 02:48:24,513] Epoch 12 - Training loss: 0.031275   Test Accuracy: 0.9738
[2026-05-24 02:49:19,126] Epoch 13 - Training loss: 0.027006   Test Accuracy: 0.9715
[2026-05-24 02:50:12,298] Epoch 14 - Training loss: 0.024853   Test Accuracy: 0.9716
[2026-05-24 02:51:06,191] Epoch 15 - Training loss: 0.022114   Test Accuracy: 0.9717
[2026-05-24 02:52:02,097] Epoch 16 - Training loss: 0.019253   Test Accuracy: 0.9731
[2026-05-24 02:52:56,052] Epoch 17 - Training loss: 0.015766   Test Accuracy: 0.9749
[2026-05-24 02:53:49,319] Epoch 18 - Training loss: 0.014099   Test Accuracy: 0.9745
[2026-05-24 02:54:43,277] Epoch 19 - Training loss: 0.010855   Test Accuracy: 0.9760
[2026-05-24 02:55:40,583] Epoch 20 - Training loss: 0.010298   Test Accuracy: 0.9741
[2026-05-24 02:56:36,635] Epoch 21 - Training loss: 0.009330   Test Accuracy: 0.9762
[2026-05-24 02:57:34,589] Epoch 22 - Training loss: 0.008980   Test Accuracy: 0.9764
[2026-05-24 02:58:31,373] Epoch 23 - Training loss: 0.008219   Test Accuracy: 0.9746
[2026-05-24 02:59:27,564] Epoch 24 - Training loss: 0.006940   Test Accuracy: 0.9755
[2026-05-24 03:00:24,581] Epoch 25 - Training loss: 0.006565   Test Accuracy: 0.9746
[2026-05-24 03:01:22,538] Epoch 26 - Training loss: 0.006071   Test Accuracy: 0.9751
[2026-05-24 03:02:16,479] Epoch 27 - Training loss: 0.006352   Test Accuracy: 0.9749
[2026-05-24 03:03:10,973] Epoch 28 - Training loss: 0.006147   Test Accuracy: 0.9735
[2026-05-24 03:04:01,604] Epoch 29 - Training loss: 0.005328   Test Accuracy: 0.9747
[2026-05-24 03:04:52,490] Epoch 30 - Training loss: 0.005582   Test Accuracy: 0.9747
aihwkit path:  /home/bong/analog_stress_test/aihwkit-fork/src/aihwkit/__init__.py
NeurIPS-2025/S2-mnist-FCN.py --CUDA 0 --SETTING TT-v1 --RPU Pow --tau 0.7 --res-gamma 0.5 --res-state 1400
Using Device:  cuda:0
Logging to file: runs/MNIST-FCN/Pow-gamma=0.5-state=1400/TT-v1-tau=0.7/events.out.tfevents.1779557860.user.399408.0

Training Time (s) = 1630.1677105426788
