# CMD: CUDA_VISIBLE_DEVICES=3 PYTHONPATH=/home/bong/analog_stress_test/analog-training SEED=1 python NeurIPS-2025/S2-mnist-FCN.py --CUDA 0 --SETTING TT-v1 --RPU Pow --tau 0.7 --res-gamma 0.5 --res-state 1400
[2026-05-24 02:10:18,318] Epoch 0 - Training loss: --------   Test Accuracy: 0.1042
[2026-05-24 02:11:11,873] Epoch 1 - Training loss: 2.299108   Test Accuracy: 0.1994
[2026-05-24 02:12:09,708] Epoch 2 - Training loss: 0.842638   Test Accuracy: 0.9091
[2026-05-24 02:13:03,650] Epoch 3 - Training loss: 0.255290   Test Accuracy: 0.9386
[2026-05-24 02:13:59,914] Epoch 4 - Training loss: 0.168226   Test Accuracy: 0.9563
[2026-05-24 02:14:52,836] Epoch 5 - Training loss: 0.123760   Test Accuracy: 0.9634
[2026-05-24 02:15:46,737] Epoch 6 - Training loss: 0.092064   Test Accuracy: 0.9660
[2026-05-24 02:16:40,024] Epoch 7 - Training loss: 0.072462   Test Accuracy: 0.9700
[2026-05-24 02:17:33,911] Epoch 8 - Training loss: 0.061160   Test Accuracy: 0.9707
[2026-05-24 02:18:26,404] Epoch 9 - Training loss: 0.051976   Test Accuracy: 0.9685
[2026-05-24 02:19:20,824] Epoch 10 - Training loss: 0.041591   Test Accuracy: 0.9712
[2026-05-24 02:20:13,556] Epoch 11 - Training loss: 0.037153   Test Accuracy: 0.9719
[2026-05-24 02:21:05,680] Epoch 12 - Training loss: 0.033081   Test Accuracy: 0.9735
[2026-05-24 02:21:56,732] Epoch 13 - Training loss: 0.030399   Test Accuracy: 0.9714
[2026-05-24 02:22:51,679] Epoch 14 - Training loss: 0.026166   Test Accuracy: 0.9735
[2026-05-24 02:23:43,399] Epoch 15 - Training loss: 0.024594   Test Accuracy: 0.9732
[2026-05-24 02:24:36,431] Epoch 16 - Training loss: 0.021689   Test Accuracy: 0.9737
[2026-05-24 02:25:32,499] Epoch 17 - Training loss: 0.018353   Test Accuracy: 0.9729
[2026-05-24 02:26:27,673] Epoch 18 - Training loss: 0.015620   Test Accuracy: 0.9714
[2026-05-24 02:27:20,378] Epoch 19 - Training loss: 0.015559   Test Accuracy: 0.9744
[2026-05-24 02:28:15,790] Epoch 20 - Training loss: 0.013145   Test Accuracy: 0.9731
[2026-05-24 02:29:08,838] Epoch 21 - Training loss: 0.011142   Test Accuracy: 0.9744
[2026-05-24 02:30:02,537] Epoch 22 - Training loss: 0.010347   Test Accuracy: 0.9757
[2026-05-24 02:30:58,357] Epoch 23 - Training loss: 0.009101   Test Accuracy: 0.9736
[2026-05-24 02:31:55,628] Epoch 24 - Training loss: 0.007898   Test Accuracy: 0.9736
[2026-05-24 02:32:52,020] Epoch 25 - Training loss: 0.007914   Test Accuracy: 0.9725
[2026-05-24 02:33:45,905] Epoch 26 - Training loss: 0.006889   Test Accuracy: 0.9726
[2026-05-24 02:34:40,001] Epoch 27 - Training loss: 0.007092   Test Accuracy: 0.9743
[2026-05-24 02:35:35,094] Epoch 28 - Training loss: 0.007056   Test Accuracy: 0.9755
[2026-05-24 02:36:30,802] Epoch 29 - Training loss: 0.006329   Test Accuracy: 0.9741
[2026-05-24 02:37:30,329] Epoch 30 - Training loss: 0.006032   Test Accuracy: 0.9718
aihwkit path:  /home/bong/analog_stress_test/aihwkit-fork/src/aihwkit/__init__.py
NeurIPS-2025/S2-mnist-FCN.py --CUDA 0 --SETTING TT-v1 --RPU Pow --tau 0.7 --res-gamma 0.5 --res-state 1400
Using Device:  cuda:0
Logging to file: runs/MNIST-FCN/Pow-gamma=0.5-state=1400/TT-v1-tau=0.7/events.out.tfevents.1779556212.user.396891.0

Training Time (s) = 1635.3572618961334
