# CMD: CUDA_VISIBLE_DEVICES=1 PYTHONPATH=/home/bong/analog_stress_test/analog-training SEED=1 INP_RES=0.07142857142857142 OUT_RES=0.007936507936507936 INP_NOISE=0.1 OUT_NOISE=0.1 python NeurIPS-2025/S2-mnist-FCN.py --CUDA 0 --SETTING RL-v2 --RPU Pow --tau 0.7 --res-gamma 0.5 --res-state 140
[2026-05-26 00:32:11,935] Epoch 0 - Training loss: --------   Test Accuracy: 0.1046
[2026-05-26 00:33:15,707] Epoch 1 - Training loss: 2.148027   Test Accuracy: 0.6202
[2026-05-26 00:34:22,525] Epoch 2 - Training loss: 0.660382   Test Accuracy: 0.8697
[2026-05-26 00:35:29,303] Epoch 3 - Training loss: 0.390552   Test Accuracy: 0.9029
[2026-05-26 00:36:38,192] Epoch 4 - Training loss: 0.335647   Test Accuracy: 0.8973
[2026-05-26 00:37:43,148] Epoch 5 - Training loss: 0.348077   Test Accuracy: 0.8829
[2026-05-26 00:38:50,184] Epoch 6 - Training loss: 0.379365   Test Accuracy: 0.8859
[2026-05-26 00:39:58,193] Epoch 7 - Training loss: 0.402650   Test Accuracy: 0.8737
[2026-05-26 00:41:06,561] Epoch 8 - Training loss: 0.437394   Test Accuracy: 0.8655
[2026-05-26 00:42:16,601] Epoch 9 - Training loss: 0.443140   Test Accuracy: 0.8718
[2026-05-26 00:43:22,162] Epoch 10 - Training loss: 0.430094   Test Accuracy: 0.8779
[2026-05-26 00:44:31,179] Epoch 11 - Training loss: 0.421021   Test Accuracy: 0.8803
[2026-05-26 00:45:46,621] Epoch 12 - Training loss: 0.403133   Test Accuracy: 0.8830
[2026-05-26 00:47:03,460] Epoch 13 - Training loss: 0.387878   Test Accuracy: 0.8858
[2026-05-26 00:48:14,899] Epoch 14 - Training loss: 0.365315   Test Accuracy: 0.9047
[2026-05-26 00:49:24,257] Epoch 15 - Training loss: 0.354524   Test Accuracy: 0.9038
[2026-05-26 00:50:33,735] Epoch 16 - Training loss: 0.330255   Test Accuracy: 0.9097
[2026-05-26 00:51:46,902] Epoch 17 - Training loss: 0.312463   Test Accuracy: 0.9133
[2026-05-26 00:52:59,263] Epoch 18 - Training loss: 0.304356   Test Accuracy: 0.9189
[2026-05-26 00:54:07,972] Epoch 19 - Training loss: 0.292377   Test Accuracy: 0.9158
[2026-05-26 00:55:10,737] Epoch 20 - Training loss: 0.277821   Test Accuracy: 0.9214
[2026-05-26 00:56:19,106] Epoch 21 - Training loss: 0.267252   Test Accuracy: 0.9221
[2026-05-26 00:57:24,985] Epoch 22 - Training loss: 0.259141   Test Accuracy: 0.9272
[2026-05-26 00:58:34,369] Epoch 23 - Training loss: 0.256435   Test Accuracy: 0.9282
[2026-05-26 00:59:43,537] Epoch 24 - Training loss: 0.249545   Test Accuracy: 0.9245
[2026-05-26 01:00:52,791] Epoch 25 - Training loss: 0.241571   Test Accuracy: 0.9321
[2026-05-26 01:01:55,339] Epoch 26 - Training loss: 0.233727   Test Accuracy: 0.9318
[2026-05-26 01:03:02,750] Epoch 27 - Training loss: 0.233328   Test Accuracy: 0.9311
[2026-05-26 01:04:11,386] Epoch 28 - Training loss: 0.229631   Test Accuracy: 0.9339
[2026-05-26 01:05:17,071] Epoch 29 - Training loss: 0.225298   Test Accuracy: 0.9372
[2026-05-26 01:06:22,551] Epoch 30 - Training loss: 0.221083   Test Accuracy: 0.9356
aihwkit path:  /home/bong/analog_stress_test/aihwkit-fork/src/aihwkit/__init__.py
NeurIPS-2025/S2-mnist-FCN.py --CUDA 0 --SETTING RL-v2 --RPU Pow --tau 0.7 --res-gamma 0.5 --res-state 140
Using Device:  cuda:0
Logging to file: runs/MNIST-FCN/Pow-gamma=0.5-state=140/RL-v2-tau=0.7/events.out.tfevents.1779723125.user.706720.0

Training Time (s) = 2054.1646840572357
