# CMD: CUDA_VISIBLE_DEVICES=1 PYTHONPATH=/home/bong/analog_stress_test/analog-training SEED=1 INP_RES=0.016129032258064516 OUT_RES=0.003937007874015748 INP_NOISE=0.06 OUT_NOISE=0.06 python NeurIPS-2025/S2-mnist-FCN.py --CUDA 0 --SETTING RL-v2 --RPU Pow --tau 0.7 --res-gamma 0.5 --res-state 140
[2026-05-25 23:54:19,313] Epoch 0 - Training loss: --------   Test Accuracy: 0.1030
[2026-05-25 23:55:24,315] Epoch 1 - Training loss: 1.872705   Test Accuracy: 0.7522
[2026-05-25 23:56:29,363] Epoch 2 - Training loss: 0.381528   Test Accuracy: 0.9241
[2026-05-25 23:57:31,150] Epoch 3 - Training loss: 0.214293   Test Accuracy: 0.9485
[2026-05-25 23:58:38,597] Epoch 4 - Training loss: 0.167964   Test Accuracy: 0.9520
[2026-05-25 23:59:46,233] Epoch 5 - Training loss: 0.147899   Test Accuracy: 0.9487
[2026-05-26 00:00:51,012] Epoch 6 - Training loss: 0.139214   Test Accuracy: 0.9545
[2026-05-26 00:01:58,637] Epoch 7 - Training loss: 0.133758   Test Accuracy: 0.9532
[2026-05-26 00:03:07,393] Epoch 8 - Training loss: 0.139568   Test Accuracy: 0.9528
[2026-05-26 00:04:17,341] Epoch 9 - Training loss: 0.140294   Test Accuracy: 0.9482
[2026-05-26 00:05:27,527] Epoch 10 - Training loss: 0.142787   Test Accuracy: 0.9505
[2026-05-26 00:06:40,514] Epoch 11 - Training loss: 0.141621   Test Accuracy: 0.9510
[2026-05-26 00:07:52,768] Epoch 12 - Training loss: 0.142332   Test Accuracy: 0.9528
[2026-05-26 00:09:03,702] Epoch 13 - Training loss: 0.144030   Test Accuracy: 0.9508
[2026-05-26 00:10:15,669] Epoch 14 - Training loss: 0.139623   Test Accuracy: 0.9526
[2026-05-26 00:11:26,352] Epoch 15 - Training loss: 0.136263   Test Accuracy: 0.9506
[2026-05-26 00:12:35,946] Epoch 16 - Training loss: 0.131691   Test Accuracy: 0.9548
[2026-05-26 00:13:46,017] Epoch 17 - Training loss: 0.134769   Test Accuracy: 0.9508
[2026-05-26 00:14:57,834] Epoch 18 - Training loss: 0.137242   Test Accuracy: 0.9527
[2026-05-26 00:16:08,261] Epoch 19 - Training loss: 0.135829   Test Accuracy: 0.9494
[2026-05-26 00:17:19,445] Epoch 20 - Training loss: 0.133610   Test Accuracy: 0.9505
[2026-05-26 00:18:30,013] Epoch 21 - Training loss: 0.131675   Test Accuracy: 0.9526
[2026-05-26 00:19:41,256] Epoch 22 - Training loss: 0.127958   Test Accuracy: 0.9478
[2026-05-26 00:20:51,707] Epoch 23 - Training loss: 0.132576   Test Accuracy: 0.9484
[2026-05-26 00:22:05,657] Epoch 24 - Training loss: 0.129955   Test Accuracy: 0.9501
[2026-05-26 00:23:17,165] Epoch 25 - Training loss: 0.132661   Test Accuracy: 0.9524
[2026-05-26 00:24:27,600] Epoch 26 - Training loss: 0.126688   Test Accuracy: 0.9525
[2026-05-26 00:25:39,089] Epoch 27 - Training loss: 0.125365   Test Accuracy: 0.9525
[2026-05-26 00:26:50,122] Epoch 28 - Training loss: 0.127125   Test Accuracy: 0.9495
[2026-05-26 00:28:01,415] Epoch 29 - Training loss: 0.124148   Test Accuracy: 0.9520
[2026-05-26 00:29:12,656] Epoch 30 - Training loss: 0.123896   Test Accuracy: 0.9527
aihwkit path:  /home/bong/analog_stress_test/aihwkit-fork/src/aihwkit/__init__.py
NeurIPS-2025/S2-mnist-FCN.py --CUDA 0 --SETTING RL-v2 --RPU Pow --tau 0.7 --res-gamma 0.5 --res-state 140
Using Device:  cuda:0
Logging to file: runs/MNIST-FCN/Pow-gamma=0.5-state=140/RL-v2-tau=0.7/events.out.tfevents.1779720853.user.699810.0

Training Time (s) = 2096.7224550247192
