# CMD: CUDA_VISIBLE_DEVICES=1 PYTHONPATH=/home/bong/analog_stress_test/analog-training SEED=3 INP_RES=0.07142857142857142 OUT_RES=0.007936507936507936 INP_NOISE=0.1 OUT_NOISE=0.1 python NeurIPS-2025/S2-mnist-FCN.py --CUDA 0 --SETTING RL-v2 --RPU Pow --tau 0.7 --res-gamma 0.5 --res-state 140
[2026-05-26 01:06:34,111] Epoch 0 - Training loss: --------   Test Accuracy: 0.0927
[2026-05-26 01:07:39,531] Epoch 1 - Training loss: 2.246726   Test Accuracy: 0.6509
[2026-05-26 01:08:45,932] Epoch 2 - Training loss: 0.710140   Test Accuracy: 0.8560
[2026-05-26 01:09:51,197] Epoch 3 - Training loss: 0.382606   Test Accuracy: 0.9126
[2026-05-26 01:10:58,092] Epoch 4 - Training loss: 0.304398   Test Accuracy: 0.9084
[2026-05-26 01:12:06,122] Epoch 5 - Training loss: 0.273963   Test Accuracy: 0.9219
[2026-05-26 01:13:12,384] Epoch 6 - Training loss: 0.269958   Test Accuracy: 0.9235
[2026-05-26 01:14:24,915] Epoch 7 - Training loss: 0.263898   Test Accuracy: 0.9216
[2026-05-26 01:15:31,814] Epoch 8 - Training loss: 0.260269   Test Accuracy: 0.9205
[2026-05-26 01:16:42,309] Epoch 9 - Training loss: 0.256143   Test Accuracy: 0.9234
[2026-05-26 01:17:47,430] Epoch 10 - Training loss: 0.245676   Test Accuracy: 0.9225
[2026-05-26 01:18:57,635] Epoch 11 - Training loss: 0.243562   Test Accuracy: 0.9281
[2026-05-26 01:20:06,181] Epoch 12 - Training loss: 0.236059   Test Accuracy: 0.9314
[2026-05-26 01:21:14,142] Epoch 13 - Training loss: 0.230004   Test Accuracy: 0.9282
[2026-05-26 01:22:19,868] Epoch 14 - Training loss: 0.224573   Test Accuracy: 0.9359
[2026-05-26 01:23:28,406] Epoch 15 - Training loss: 0.217355   Test Accuracy: 0.9329
[2026-05-26 01:24:38,360] Epoch 16 - Training loss: 0.210634   Test Accuracy: 0.9387
[2026-05-26 01:25:49,882] Epoch 17 - Training loss: 0.203020   Test Accuracy: 0.9365
[2026-05-26 01:26:58,533] Epoch 18 - Training loss: 0.197490   Test Accuracy: 0.9358
[2026-05-26 01:28:08,241] Epoch 19 - Training loss: 0.197042   Test Accuracy: 0.9386
[2026-05-26 01:29:14,550] Epoch 20 - Training loss: 0.195633   Test Accuracy: 0.9382
[2026-05-26 01:30:23,632] Epoch 21 - Training loss: 0.193505   Test Accuracy: 0.9408
[2026-05-26 01:31:32,449] Epoch 22 - Training loss: 0.188768   Test Accuracy: 0.9395
[2026-05-26 01:32:42,617] Epoch 23 - Training loss: 0.190238   Test Accuracy: 0.9396
[2026-05-26 01:33:49,360] Epoch 24 - Training loss: 0.185106   Test Accuracy: 0.9398
[2026-05-26 01:34:57,240] Epoch 25 - Training loss: 0.187168   Test Accuracy: 0.9421
[2026-05-26 01:36:03,642] Epoch 26 - Training loss: 0.188842   Test Accuracy: 0.9416
[2026-05-26 01:37:12,681] Epoch 27 - Training loss: 0.182987   Test Accuracy: 0.9396
[2026-05-26 01:38:20,949] Epoch 28 - Training loss: 0.182171   Test Accuracy: 0.9423
[2026-05-26 01:39:30,744] Epoch 29 - Training loss: 0.181768   Test Accuracy: 0.9387
[2026-05-26 01:40:29,645] Epoch 30 - Training loss: 0.183705   Test Accuracy: 0.9412
aihwkit path:  /home/bong/analog_stress_test/aihwkit-fork/src/aihwkit/__init__.py
NeurIPS-2025/S2-mnist-FCN.py --CUDA 0 --SETTING RL-v2 --RPU Pow --tau 0.7 --res-gamma 0.5 --res-state 140
Using Device:  cuda:0
Logging to file: runs/MNIST-FCN/Pow-gamma=0.5-state=140/RL-v2-tau=0.7/events.out.tfevents.1779725187.user.710632.0

Training Time (s) = 2039.0877809524536
