# CMD: CUDA_VISIBLE_DEVICES=1 PYTHONPATH=/home/bong/analog_stress_test/analog-training SEED=1 INP_RES=0.007936507936507936 OUT_RES=0.00196078431372549 INP_NOISE=0.0 OUT_NOISE=0.06 python NeurIPS-2025/S2-mnist-FCN.py --CUDA 0 --SETTING RL-v2 --RPU Pow --tau 0.7 --res-gamma 0.5 --res-state 140
[2026-05-25 22:49:03,554] Epoch 0 - Training loss: --------   Test Accuracy: 0.1028
[2026-05-25 22:50:06,376] Epoch 1 - Training loss: 1.784981   Test Accuracy: 0.7819
[2026-05-25 22:51:10,364] Epoch 2 - Training loss: 0.342123   Test Accuracy: 0.9314
[2026-05-25 22:52:16,121] Epoch 3 - Training loss: 0.179132   Test Accuracy: 0.9560
[2026-05-25 22:53:15,878] Epoch 4 - Training loss: 0.113820   Test Accuracy: 0.9648
[2026-05-25 22:54:22,111] Epoch 5 - Training loss: 0.077707   Test Accuracy: 0.9671
[2026-05-25 22:55:29,914] Epoch 6 - Training loss: 0.054658   Test Accuracy: 0.9757
[2026-05-25 22:56:37,265] Epoch 7 - Training loss: 0.039666   Test Accuracy: 0.9741
[2026-05-25 22:57:45,111] Epoch 8 - Training loss: 0.030955   Test Accuracy: 0.9755
[2026-05-25 22:58:52,501] Epoch 9 - Training loss: 0.026978   Test Accuracy: 0.9751
[2026-05-25 23:00:00,069] Epoch 10 - Training loss: 0.022647   Test Accuracy: 0.9758
[2026-05-25 23:01:09,636] Epoch 11 - Training loss: 0.021466   Test Accuracy: 0.9771
[2026-05-25 23:02:14,738] Epoch 12 - Training loss: 0.019747   Test Accuracy: 0.9772
[2026-05-25 23:03:23,010] Epoch 13 - Training loss: 0.020273   Test Accuracy: 0.9767
[2026-05-25 23:04:30,248] Epoch 14 - Training loss: 0.018273   Test Accuracy: 0.9772
[2026-05-25 23:05:37,052] Epoch 15 - Training loss: 0.017269   Test Accuracy: 0.9764
[2026-05-25 23:06:46,168] Epoch 16 - Training loss: 0.015551   Test Accuracy: 0.9752
[2026-05-25 23:07:53,583] Epoch 17 - Training loss: 0.016694   Test Accuracy: 0.9755
[2026-05-25 23:09:02,777] Epoch 18 - Training loss: 0.016113   Test Accuracy: 0.9730
[2026-05-25 23:10:10,098] Epoch 19 - Training loss: 0.014992   Test Accuracy: 0.9721
[2026-05-25 23:11:18,843] Epoch 20 - Training loss: 0.014173   Test Accuracy: 0.9737
[2026-05-25 23:12:27,268] Epoch 21 - Training loss: 0.014321   Test Accuracy: 0.9751
[2026-05-25 23:13:33,818] Epoch 22 - Training loss: 0.012950   Test Accuracy: 0.9735
[2026-05-25 23:14:42,195] Epoch 23 - Training loss: 0.013130   Test Accuracy: 0.9726
[2026-05-25 23:15:50,485] Epoch 24 - Training loss: 0.012761   Test Accuracy: 0.9769
[2026-05-25 23:16:56,182] Epoch 25 - Training loss: 0.012801   Test Accuracy: 0.9772
[2026-05-25 23:18:04,555] Epoch 26 - Training loss: 0.012366   Test Accuracy: 0.9756
[2026-05-25 23:19:10,381] Epoch 27 - Training loss: 0.013349   Test Accuracy: 0.9760
[2026-05-25 23:20:16,127] Epoch 28 - Training loss: 0.013259   Test Accuracy: 0.9734
[2026-05-25 23:21:20,376] Epoch 29 - Training loss: 0.013445   Test Accuracy: 0.9737
[2026-05-25 23:22:28,350] Epoch 30 - Training loss: 0.012320   Test Accuracy: 0.9745
aihwkit path:  /home/bong/analog_stress_test/aihwkit-fork/src/aihwkit/__init__.py
NeurIPS-2025/S2-mnist-FCN.py --CUDA 0 --SETTING RL-v2 --RPU Pow --tau 0.7 --res-gamma 0.5 --res-state 140
Using Device:  cuda:0
Logging to file: runs/MNIST-FCN/Pow-gamma=0.5-state=140/RL-v2-tau=0.7/events.out.tfevents.1779716937.user.689278.0

Training Time (s) = 2008.3732798099518
