# CMD: CUDA_VISIBLE_DEVICES=1 PYTHONPATH=/home/bong/analog_stress_test/analog-training SEED=2 INP_RES=0.07142857142857142 OUT_RES=0.007936507936507936 INP_NOISE=0.1 OUT_NOISE=0.1 python NeurIPS-2025/S2-mnist-FCN.py --CUDA 0 --SETTING RL-v2 --RPU Pow --tau 0.7 --res-gamma 0.5 --res-state 140
[2026-05-26 01:05:22,306] Epoch 0 - Training loss: --------   Test Accuracy: 0.1009
[2026-05-26 01:06:26,449] Epoch 1 - Training loss: 1.869754   Test Accuracy: 0.8358
[2026-05-26 01:07:24,298] Epoch 2 - Training loss: 0.501062   Test Accuracy: 0.9026
[2026-05-26 01:08:31,024] Epoch 3 - Training loss: 0.319536   Test Accuracy: 0.9237
[2026-05-26 01:09:40,140] Epoch 4 - Training loss: 0.265177   Test Accuracy: 0.9286
[2026-05-26 01:10:48,101] Epoch 5 - Training loss: 0.245952   Test Accuracy: 0.9289
[2026-05-26 01:11:58,909] Epoch 6 - Training loss: 0.239074   Test Accuracy: 0.9296
[2026-05-26 01:13:08,846] Epoch 7 - Training loss: 0.237889   Test Accuracy: 0.9316
[2026-05-26 01:14:21,644] Epoch 8 - Training loss: 0.228412   Test Accuracy: 0.9332
[2026-05-26 01:15:30,845] Epoch 9 - Training loss: 0.223374   Test Accuracy: 0.9309
[2026-05-26 01:16:41,116] Epoch 10 - Training loss: 0.214971   Test Accuracy: 0.9339
[2026-05-26 01:17:52,631] Epoch 11 - Training loss: 0.210373   Test Accuracy: 0.9394
[2026-05-26 01:19:01,429] Epoch 12 - Training loss: 0.204744   Test Accuracy: 0.9373
[2026-05-26 01:20:12,815] Epoch 13 - Training loss: 0.198759   Test Accuracy: 0.9342
[2026-05-26 01:21:20,302] Epoch 14 - Training loss: 0.195979   Test Accuracy: 0.9382
[2026-05-26 01:22:28,854] Epoch 15 - Training loss: 0.188282   Test Accuracy: 0.9398
[2026-05-26 01:23:37,577] Epoch 16 - Training loss: 0.182504   Test Accuracy: 0.9385
[2026-05-26 01:24:47,913] Epoch 17 - Training loss: 0.181690   Test Accuracy: 0.9406
[2026-05-26 01:26:00,211] Epoch 18 - Training loss: 0.179072   Test Accuracy: 0.9386
[2026-05-26 01:27:07,601] Epoch 19 - Training loss: 0.178601   Test Accuracy: 0.9457
[2026-05-26 01:28:19,978] Epoch 20 - Training loss: 0.177461   Test Accuracy: 0.9418
[2026-05-26 01:29:27,945] Epoch 21 - Training loss: 0.174845   Test Accuracy: 0.9438
[2026-05-26 01:30:37,576] Epoch 22 - Training loss: 0.176511   Test Accuracy: 0.9433
[2026-05-26 01:31:45,813] Epoch 23 - Training loss: 0.171979   Test Accuracy: 0.9452
[2026-05-26 01:32:55,801] Epoch 24 - Training loss: 0.172688   Test Accuracy: 0.9437
[2026-05-26 01:34:06,829] Epoch 25 - Training loss: 0.172322   Test Accuracy: 0.9449
[2026-05-26 01:35:18,124] Epoch 26 - Training loss: 0.172723   Test Accuracy: 0.9444
[2026-05-26 01:36:28,871] Epoch 27 - Training loss: 0.171132   Test Accuracy: 0.9432
[2026-05-26 01:37:39,224] Epoch 28 - Training loss: 0.167205   Test Accuracy: 0.9422
[2026-05-26 01:38:48,271] Epoch 29 - Training loss: 0.167965   Test Accuracy: 0.9438
[2026-05-26 01:39:55,377] Epoch 30 - Training loss: 0.166478   Test Accuracy: 0.9456
aihwkit path:  /home/bong/analog_stress_test/aihwkit-fork/src/aihwkit/__init__.py
NeurIPS-2025/S2-mnist-FCN.py --CUDA 0 --SETTING RL-v2 --RPU Pow --tau 0.7 --res-gamma 0.5 --res-state 140
Using Device:  cuda:0
Logging to file: runs/MNIST-FCN/Pow-gamma=0.5-state=140/RL-v2-tau=0.7/events.out.tfevents.1779725115.user.710353.0

Training Time (s) = 2076.8782284259796
