# CMD: CUDA_VISIBLE_DEVICES=3 PYTHONPATH=/home/bong/analog_stress_test/analog-training SEED=2 python NeurIPS-2025/S2-mnist-FCN.py --CUDA 0 --SETTING TT-v1 --RPU Pow --tau 0.7 --res-gamma 0.5 --res-state 1400
[2026-05-19 21:25:41,968] Epoch 0 - Training loss: --------   Test Accuracy: 0.1008
[2026-05-19 21:26:36,612] Epoch 1 - Training loss: 2.302791   Test Accuracy: 0.1136
[2026-05-19 21:27:30,843] Epoch 2 - Training loss: 2.301865   Test Accuracy: 0.1061
[2026-05-19 21:28:25,180] Epoch 3 - Training loss: 2.295828   Test Accuracy: 0.1477
[2026-05-19 21:29:16,090] Epoch 4 - Training loss: 1.558143   Test Accuracy: 0.8155
[2026-05-19 21:30:09,165] Epoch 5 - Training loss: 0.482436   Test Accuracy: 0.8815
[2026-05-19 21:31:02,436] Epoch 6 - Training loss: 0.375525   Test Accuracy: 0.9020
[2026-05-19 21:31:57,352] Epoch 7 - Training loss: 0.318191   Test Accuracy: 0.9132
[2026-05-19 21:32:50,115] Epoch 8 - Training loss: 0.281460   Test Accuracy: 0.9241
[2026-05-19 21:33:39,397] Epoch 9 - Training loss: 0.256453   Test Accuracy: 0.9279
[2026-05-19 21:34:28,265] Epoch 10 - Training loss: 0.235309   Test Accuracy: 0.9325
[2026-05-19 21:35:23,683] Epoch 11 - Training loss: 0.219694   Test Accuracy: 0.9347
[2026-05-19 21:36:12,401] Epoch 12 - Training loss: 0.209183   Test Accuracy: 0.9385
[2026-05-19 21:37:01,835] Epoch 13 - Training loss: 0.197417   Test Accuracy: 0.9404
[2026-05-19 21:37:48,671] Epoch 14 - Training loss: 0.189508   Test Accuracy: 0.9403
[2026-05-19 21:38:41,080] Epoch 15 - Training loss: 0.181869   Test Accuracy: 0.9434
[2026-05-19 21:39:35,071] Epoch 16 - Training loss: 0.174031   Test Accuracy: 0.9459
[2026-05-19 21:40:31,174] Epoch 17 - Training loss: 0.169969   Test Accuracy: 0.9477
[2026-05-19 21:41:26,465] Epoch 18 - Training loss: 0.169385   Test Accuracy: 0.9454
[2026-05-19 21:42:15,210] Epoch 19 - Training loss: 0.165478   Test Accuracy: 0.9461
[2026-05-19 21:43:05,805] Epoch 20 - Training loss: 0.163658   Test Accuracy: 0.9487
[2026-05-19 21:43:58,364] Epoch 21 - Training loss: 0.160933   Test Accuracy: 0.9482
[2026-05-19 21:44:51,335] Epoch 22 - Training loss: 0.158590   Test Accuracy: 0.9502
[2026-05-19 21:45:45,925] Epoch 23 - Training loss: 0.154960   Test Accuracy: 0.9500
[2026-05-19 21:46:40,344] Epoch 24 - Training loss: 0.152632   Test Accuracy: 0.9510
[2026-05-19 21:47:32,962] Epoch 25 - Training loss: 0.149755   Test Accuracy: 0.9507
[2026-05-19 21:48:28,845] Epoch 26 - Training loss: 0.147994   Test Accuracy: 0.9529
[2026-05-19 21:49:19,014] Epoch 27 - Training loss: 0.144555   Test Accuracy: 0.9519
[2026-05-19 21:50:12,442] Epoch 28 - Training loss: 0.141941   Test Accuracy: 0.9527
[2026-05-19 21:51:07,605] Epoch 29 - Training loss: 0.140377   Test Accuracy: 0.9502
[2026-05-19 21:52:01,355] Epoch 30 - Training loss: 0.138920   Test Accuracy: 0.9515
aihwkit path:  /home/bong/analog_stress_test/aihwkit-fork/src/aihwkit/__init__.py
NeurIPS-2025/S2-mnist-FCN.py --CUDA 0 --SETTING TT-v1 --RPU Pow --tau 0.7 --res-gamma 0.5 --res-state 1400
Using Device:  cuda:0
Logging to file: runs/MNIST-FCN/Pow-gamma=0.5-state=1400/TT-v1-tau=0.7/events.out.tfevents.1779193536.user.2203500.0

Training Time (s) = 1583.0598890781403
