# CMD: CUDA_VISIBLE_DEVICES=3 PYTHONPATH=/home/bong/analog_stress_test/analog-training SEED=1 python NeurIPS-2025/S2-mnist-FCN.py --CUDA 0 --SETTING TT-v1 --RPU Pow --tau 0.7 --res-gamma 0.5 --res-state 28
[2026-05-19 23:15:10,679] Epoch 0 - Training loss: --------   Test Accuracy: 0.1044
[2026-05-19 23:16:09,924] Epoch 1 - Training loss: 2.303251   Test Accuracy: 0.0980
[2026-05-19 23:17:06,831] Epoch 2 - Training loss: 2.304257   Test Accuracy: 0.0982
[2026-05-19 23:17:59,645] Epoch 3 - Training loss: 2.306010   Test Accuracy: 0.1136
[2026-05-19 23:18:56,327] Epoch 4 - Training loss: 2.301062   Test Accuracy: 0.1376
[2026-05-19 23:19:51,021] Epoch 5 - Training loss: 1.830055   Test Accuracy: 0.6119
[2026-05-19 23:20:48,217] Epoch 6 - Training loss: 0.976104   Test Accuracy: 0.7483
[2026-05-19 23:21:43,183] Epoch 7 - Training loss: 0.733453   Test Accuracy: 0.7952
[2026-05-19 23:22:37,187] Epoch 8 - Training loss: 0.685346   Test Accuracy: 0.8048
[2026-05-19 23:23:31,517] Epoch 9 - Training loss: 0.646787   Test Accuracy: 0.8006
[2026-05-19 23:24:24,728] Epoch 10 - Training loss: 0.663033   Test Accuracy: 0.8148
[2026-05-19 23:25:16,698] Epoch 11 - Training loss: 0.670266   Test Accuracy: 0.8072
[2026-05-19 23:26:07,631] Epoch 12 - Training loss: 0.659642   Test Accuracy: 0.8010
[2026-05-19 23:26:59,654] Epoch 13 - Training loss: 0.723575   Test Accuracy: 0.7974
[2026-05-19 23:27:48,368] Epoch 14 - Training loss: 0.665140   Test Accuracy: 0.7999
[2026-05-19 23:28:37,092] Epoch 15 - Training loss: 0.634442   Test Accuracy: 0.8091
[2026-05-19 23:29:24,674] Epoch 16 - Training loss: 0.613978   Test Accuracy: 0.8129
[2026-05-19 23:30:15,418] Epoch 17 - Training loss: 0.611319   Test Accuracy: 0.8101
[2026-05-19 23:31:11,734] Epoch 18 - Training loss: 0.601180   Test Accuracy: 0.8112
[2026-05-19 23:32:04,394] Epoch 19 - Training loss: 0.606601   Test Accuracy: 0.8229
[2026-05-19 23:32:57,497] Epoch 20 - Training loss: 0.610032   Test Accuracy: 0.8157
[2026-05-19 23:33:53,943] Epoch 21 - Training loss: 0.602964   Test Accuracy: 0.8271
[2026-05-19 23:34:52,264] Epoch 22 - Training loss: 0.605509   Test Accuracy: 0.8200
[2026-05-19 23:35:48,189] Epoch 23 - Training loss: 0.608695   Test Accuracy: 0.8226
[2026-05-19 23:36:37,365] Epoch 24 - Training loss: 0.609003   Test Accuracy: 0.8157
[2026-05-19 23:37:28,353] Epoch 25 - Training loss: 0.617456   Test Accuracy: 0.8234
[2026-05-19 23:38:24,733] Epoch 26 - Training loss: 0.639843   Test Accuracy: 0.8181
[2026-05-19 23:39:24,418] Epoch 27 - Training loss: 0.640829   Test Accuracy: 0.8112
[2026-05-19 23:40:18,904] Epoch 28 - Training loss: 0.636133   Test Accuracy: 0.7942
[2026-05-19 23:41:13,070] Epoch 29 - Training loss: 0.618673   Test Accuracy: 0.8082
[2026-05-19 23:42:07,873] Epoch 30 - Training loss: 0.616633   Test Accuracy: 0.8197
aihwkit path:  /home/bong/analog_stress_test/aihwkit-fork/src/aihwkit/__init__.py
NeurIPS-2025/S2-mnist-FCN.py --CUDA 0 --SETTING TT-v1 --RPU Pow --tau 0.7 --res-gamma 0.5 --res-state 28
Using Device:  cuda:0
Logging to file: runs/MNIST-FCN/Pow-gamma=0.5-state=28/TT-v1-tau=0.7/events.out.tfevents.1779200104.user.2218747.0

Training Time (s) = 1620.8869349956512
