# CMD: CUDA_VISIBLE_DEVICES=3 PYTHONPATH=/home/bong/analog_stress_test/analog-training SEED=3 python NeurIPS-2025/S2-mnist-FCN.py --CUDA 0 --SETTING TT-v1 --RPU Pow --tau 0.7 --res-gamma 0.5 --res-state 280
[2026-05-19 22:19:38,819] Epoch 0 - Training loss: --------   Test Accuracy: 0.0916
[2026-05-19 22:20:37,122] Epoch 1 - Training loss: 2.302971   Test Accuracy: 0.1135
[2026-05-19 22:21:31,632] Epoch 2 - Training loss: 2.302526   Test Accuracy: 0.1135
[2026-05-19 22:22:26,178] Epoch 3 - Training loss: 2.302567   Test Accuracy: 0.1181
[2026-05-19 22:23:20,067] Epoch 4 - Training loss: 2.290276   Test Accuracy: 0.2920
[2026-05-19 22:24:15,457] Epoch 5 - Training loss: 1.176992   Test Accuracy: 0.8353
[2026-05-19 22:25:08,926] Epoch 6 - Training loss: 0.488520   Test Accuracy: 0.8717
[2026-05-19 22:26:06,726] Epoch 7 - Training loss: 0.417061   Test Accuracy: 0.8835
[2026-05-19 22:27:00,461] Epoch 8 - Training loss: 0.381866   Test Accuracy: 0.8980
[2026-05-19 22:27:56,722] Epoch 9 - Training loss: 0.351029   Test Accuracy: 0.8968
[2026-05-19 22:28:50,886] Epoch 10 - Training loss: 0.332733   Test Accuracy: 0.9020
[2026-05-19 22:29:45,379] Epoch 11 - Training loss: 0.323918   Test Accuracy: 0.9046
[2026-05-19 22:30:38,830] Epoch 12 - Training loss: 0.316326   Test Accuracy: 0.9085
[2026-05-19 22:31:31,688] Epoch 13 - Training loss: 0.303976   Test Accuracy: 0.9077
[2026-05-19 22:32:27,059] Epoch 14 - Training loss: 0.297887   Test Accuracy: 0.9083
[2026-05-19 22:33:23,683] Epoch 15 - Training loss: 0.295572   Test Accuracy: 0.9142
[2026-05-19 22:34:19,102] Epoch 16 - Training loss: 0.287941   Test Accuracy: 0.9072
[2026-05-19 22:35:15,852] Epoch 17 - Training loss: 0.288712   Test Accuracy: 0.9186
[2026-05-19 22:36:12,932] Epoch 18 - Training loss: 0.286131   Test Accuracy: 0.9186
[2026-05-19 22:37:09,518] Epoch 19 - Training loss: 0.286668   Test Accuracy: 0.9152
[2026-05-19 22:38:07,519] Epoch 20 - Training loss: 0.286304   Test Accuracy: 0.9209
[2026-05-19 22:39:04,793] Epoch 21 - Training loss: 0.281752   Test Accuracy: 0.9202
[2026-05-19 22:40:00,414] Epoch 22 - Training loss: 0.277741   Test Accuracy: 0.9202
[2026-05-19 22:40:53,980] Epoch 23 - Training loss: 0.277258   Test Accuracy: 0.9188
[2026-05-19 22:41:46,341] Epoch 24 - Training loss: 0.274336   Test Accuracy: 0.9192
[2026-05-19 22:42:38,380] Epoch 25 - Training loss: 0.275146   Test Accuracy: 0.9265
[2026-05-19 22:43:36,116] Epoch 26 - Training loss: 0.271486   Test Accuracy: 0.9217
[2026-05-19 22:44:32,787] Epoch 27 - Training loss: 0.267866   Test Accuracy: 0.9240
[2026-05-19 22:45:28,644] Epoch 28 - Training loss: 0.265631   Test Accuracy: 0.9282
[2026-05-19 22:46:22,447] Epoch 29 - Training loss: 0.261615   Test Accuracy: 0.9254
[2026-05-19 22:47:21,274] Epoch 30 - Training loss: 0.258273   Test Accuracy: 0.9280
aihwkit path:  /home/bong/analog_stress_test/aihwkit-fork/src/aihwkit/__init__.py
NeurIPS-2025/S2-mnist-FCN.py --CUDA 0 --SETTING TT-v1 --RPU Pow --tau 0.7 --res-gamma 0.5 --res-state 280
Using Device:  cuda:0
Logging to file: runs/MNIST-FCN/Pow-gamma=0.5-state=280/TT-v1-tau=0.7/events.out.tfevents.1779196773.user.2210974.0

Training Time (s) = 1665.7080035209656
