# CMD: CUDA_VISIBLE_DEVICES=3 PYTHONPATH=/home/bong/analog_stress_test/analog-training SEED=1 python NeurIPS-2025/S2-mnist-FCN.py --CUDA 0 --SETTING TT-v1 --RPU Pow --tau 0.7 --res-gamma 0.5 --res-state 280
[2026-05-19 21:52:11,157] Epoch 0 - Training loss: --------   Test Accuracy: 0.1027
[2026-05-19 21:53:06,087] Epoch 1 - Training loss: 2.302766   Test Accuracy: 0.0971
[2026-05-19 21:54:00,543] Epoch 2 - Training loss: 2.302709   Test Accuracy: 0.1135
[2026-05-19 21:54:53,730] Epoch 3 - Training loss: 2.302689   Test Accuracy: 0.1135
[2026-05-19 21:55:43,300] Epoch 4 - Training loss: 2.290420   Test Accuracy: 0.2447
[2026-05-19 21:56:36,270] Epoch 5 - Training loss: 1.283944   Test Accuracy: 0.8322
[2026-05-19 21:57:28,520] Epoch 6 - Training loss: 0.484989   Test Accuracy: 0.8691
[2026-05-19 21:58:20,376] Epoch 7 - Training loss: 0.418903   Test Accuracy: 0.8869
[2026-05-19 21:59:13,396] Epoch 8 - Training loss: 0.379233   Test Accuracy: 0.8941
[2026-05-19 22:00:06,886] Epoch 9 - Training loss: 0.357326   Test Accuracy: 0.8988
[2026-05-19 22:01:01,649] Epoch 10 - Training loss: 0.337021   Test Accuracy: 0.9042
[2026-05-19 22:01:56,949] Epoch 11 - Training loss: 0.323550   Test Accuracy: 0.9070
[2026-05-19 22:02:51,560] Epoch 12 - Training loss: 0.307824   Test Accuracy: 0.9107
[2026-05-19 22:03:48,983] Epoch 13 - Training loss: 0.296756   Test Accuracy: 0.9120
[2026-05-19 22:04:42,595] Epoch 14 - Training loss: 0.287294   Test Accuracy: 0.9167
[2026-05-19 22:05:37,002] Epoch 15 - Training loss: 0.285803   Test Accuracy: 0.9152
[2026-05-19 22:06:31,241] Epoch 16 - Training loss: 0.278168   Test Accuracy: 0.9166
[2026-05-19 22:07:25,542] Epoch 17 - Training loss: 0.275028   Test Accuracy: 0.9182
[2026-05-19 22:08:20,625] Epoch 18 - Training loss: 0.269789   Test Accuracy: 0.9201
[2026-05-19 22:09:16,421] Epoch 19 - Training loss: 0.266891   Test Accuracy: 0.9187
[2026-05-19 22:10:12,617] Epoch 20 - Training loss: 0.265284   Test Accuracy: 0.9167
[2026-05-19 22:11:08,233] Epoch 21 - Training loss: 0.263633   Test Accuracy: 0.9189
[2026-05-19 22:12:04,232] Epoch 22 - Training loss: 0.261670   Test Accuracy: 0.9166
[2026-05-19 22:13:01,573] Epoch 23 - Training loss: 0.261705   Test Accuracy: 0.9165
[2026-05-19 22:13:59,917] Epoch 24 - Training loss: 0.263596   Test Accuracy: 0.9195
[2026-05-19 22:14:54,861] Epoch 25 - Training loss: 0.266705   Test Accuracy: 0.9179
[2026-05-19 22:15:51,454] Epoch 26 - Training loss: 0.265929   Test Accuracy: 0.9163
[2026-05-19 22:16:46,521] Epoch 27 - Training loss: 0.263997   Test Accuracy: 0.9143
[2026-05-19 22:17:42,391] Epoch 28 - Training loss: 0.263860   Test Accuracy: 0.9162
[2026-05-19 22:18:35,007] Epoch 29 - Training loss: 0.262500   Test Accuracy: 0.9176
[2026-05-19 22:19:28,719] Epoch 30 - Training loss: 0.263700   Test Accuracy: 0.9184
aihwkit path:  /home/bong/analog_stress_test/aihwkit-fork/src/aihwkit/__init__.py
NeurIPS-2025/S2-mnist-FCN.py --CUDA 0 --SETTING TT-v1 --RPU Pow --tau 0.7 --res-gamma 0.5 --res-state 280
Using Device:  cuda:0
Logging to file: runs/MNIST-FCN/Pow-gamma=0.5-state=280/TT-v1-tau=0.7/events.out.tfevents.1779195125.user.2207686.0

Training Time (s) = 1640.8233420848846
