# CMD: CUDA_VISIBLE_DEVICES=3 PYTHONPATH=/home/bong/analog_stress_test/analog-training SEED=1 python NeurIPS-2025/S2-mnist-FCN.py --CUDA 0 --SETTING TT-v1 --RPU Pow --tau 0.7 --res-gamma 0.5 --res-state 14000
[2026-05-19 20:31:54,203] Epoch 0 - Training loss: --------   Test Accuracy: 0.1042
[2026-05-19 20:32:52,622] Epoch 1 - Training loss: 2.302845   Test Accuracy: 0.1025
[2026-05-19 20:33:47,494] Epoch 2 - Training loss: 2.302420   Test Accuracy: 0.1135
[2026-05-19 20:34:41,867] Epoch 3 - Training loss: 2.302021   Test Accuracy: 0.1135
[2026-05-19 20:35:28,583] Epoch 4 - Training loss: 2.300257   Test Accuracy: 0.1170
[2026-05-19 20:36:22,074] Epoch 5 - Training loss: 2.263568   Test Accuracy: 0.3486
[2026-05-19 20:37:13,683] Epoch 6 - Training loss: 1.019840   Test Accuracy: 0.8492
[2026-05-19 20:38:04,937] Epoch 7 - Training loss: 0.442661   Test Accuracy: 0.8933
[2026-05-19 20:38:55,149] Epoch 8 - Training loss: 0.353309   Test Accuracy: 0.9089
[2026-05-19 20:39:46,349] Epoch 9 - Training loss: 0.300107   Test Accuracy: 0.9204
[2026-05-19 20:40:38,293] Epoch 10 - Training loss: 0.265976   Test Accuracy: 0.9235
[2026-05-19 20:41:34,840] Epoch 11 - Training loss: 0.237443   Test Accuracy: 0.9299
[2026-05-19 20:42:29,207] Epoch 12 - Training loss: 0.217668   Test Accuracy: 0.9372
[2026-05-19 20:43:26,721] Epoch 13 - Training loss: 0.199038   Test Accuracy: 0.9407
[2026-05-19 20:44:21,074] Epoch 14 - Training loss: 0.182586   Test Accuracy: 0.9440
[2026-05-19 20:45:13,923] Epoch 15 - Training loss: 0.168861   Test Accuracy: 0.9475
[2026-05-19 20:46:07,101] Epoch 16 - Training loss: 0.159001   Test Accuracy: 0.9509
[2026-05-19 20:47:01,060] Epoch 17 - Training loss: 0.152802   Test Accuracy: 0.9502
[2026-05-19 20:47:52,632] Epoch 18 - Training loss: 0.145943   Test Accuracy: 0.9532
[2026-05-19 20:48:42,328] Epoch 19 - Training loss: 0.141334   Test Accuracy: 0.9521
[2026-05-19 20:49:36,354] Epoch 20 - Training loss: 0.136034   Test Accuracy: 0.9534
[2026-05-19 20:50:28,747] Epoch 21 - Training loss: 0.131361   Test Accuracy: 0.9550
[2026-05-19 20:51:21,137] Epoch 22 - Training loss: 0.129528   Test Accuracy: 0.9558
[2026-05-19 20:52:12,780] Epoch 23 - Training loss: 0.125643   Test Accuracy: 0.9570
[2026-05-19 20:53:06,983] Epoch 24 - Training loss: 0.122246   Test Accuracy: 0.9588
[2026-05-19 20:53:56,594] Epoch 25 - Training loss: 0.117578   Test Accuracy: 0.9575
[2026-05-19 20:54:51,319] Epoch 26 - Training loss: 0.115525   Test Accuracy: 0.9584
[2026-05-19 20:55:44,791] Epoch 27 - Training loss: 0.111836   Test Accuracy: 0.9610
[2026-05-19 20:56:43,024] Epoch 28 - Training loss: 0.109546   Test Accuracy: 0.9600
[2026-05-19 20:57:36,528] Epoch 29 - Training loss: 0.106014   Test Accuracy: 0.9604
[2026-05-19 20:58:29,932] Epoch 30 - Training loss: 0.104259   Test Accuracy: 0.9607
aihwkit path:  /home/bong/analog_stress_test/aihwkit-fork/src/aihwkit/__init__.py
NeurIPS-2025/S2-mnist-FCN.py --CUDA 0 --SETTING TT-v1 --RPU Pow --tau 0.7 --res-gamma 0.5 --res-state 14000
Using Device:  cuda:0
Logging to file: runs/MNIST-FCN/Pow-gamma=0.5-state=14000/TT-v1-tau=0.7/events.out.tfevents.1779190308.user.2194613.0

Training Time (s) = 1598.9357924461365
