# CMD: CUDA_VISIBLE_DEVICES=2 PYTHONPATH=/home/bong/analog_stress_test/analog-training SEED=1 python NeurIPS-2025/S2-mnist-CNN.py --CUDA 0 --SETTING TT-v1 --RPU Pow --tau 0.7 --res-gamma 8.0 --res-state 140
[2026-05-21 05:43:17,143] Epoch 0 - Training loss: --------   Test Accuracy: 0.1223
[2026-05-21 05:44:24,656] Epoch 1 - Training loss: 2.299854   Test Accuracy: 0.1439
[2026-05-21 05:45:38,729] Epoch 2 - Training loss: 2.246013   Test Accuracy: 0.2272
[2026-05-21 05:47:02,194] Epoch 3 - Training loss: 2.033336   Test Accuracy: 0.3359
[2026-05-21 05:48:32,493] Epoch 4 - Training loss: 1.869020   Test Accuracy: 0.3806
[2026-05-21 05:50:02,039] Epoch 5 - Training loss: 1.834871   Test Accuracy: 0.4647
[2026-05-21 05:51:30,788] Epoch 6 - Training loss: 1.927767   Test Accuracy: 0.3742
[2026-05-21 05:52:54,393] Epoch 7 - Training loss: 2.121174   Test Accuracy: 0.3688
[2026-05-21 05:54:18,756] Epoch 8 - Training loss: 2.159598   Test Accuracy: 0.1075
[2026-05-21 05:55:36,282] Epoch 9 - Training loss: 2.313561   Test Accuracy: 0.1083
[2026-05-21 05:56:48,696] Epoch 10 - Training loss: 2.303389   Test Accuracy: 0.1122
[2026-05-21 05:57:53,436] Epoch 11 - Training loss: 2.302621   Test Accuracy: 0.1037
[2026-05-21 05:58:51,928] Epoch 12 - Training loss: 2.302554   Test Accuracy: 0.1026
[2026-05-21 05:59:59,249] Epoch 13 - Training loss: 2.302562   Test Accuracy: 0.1010
[2026-05-21 06:01:16,580] Epoch 14 - Training loss: 2.302600   Test Accuracy: 0.1135
[2026-05-21 06:02:48,582] Epoch 15 - Training loss: 2.302675   Test Accuracy: 0.1135
[2026-05-21 06:04:18,565] Epoch 16 - Training loss: 2.302593   Test Accuracy: 0.1135
[2026-05-21 06:05:50,551] Epoch 17 - Training loss: 2.302670   Test Accuracy: 0.1135
[2026-05-21 06:07:18,640] Epoch 18 - Training loss: 2.302627   Test Accuracy: 0.1135
[2026-05-21 06:08:45,229] Epoch 19 - Training loss: 2.302547   Test Accuracy: 0.1008
[2026-05-21 06:10:07,620] Epoch 20 - Training loss: 2.302442   Test Accuracy: 0.1135
[2026-05-21 06:11:20,968] Epoch 21 - Training loss: 2.302796   Test Accuracy: 0.1135
[2026-05-21 06:12:43,081] Epoch 22 - Training loss: 2.302571   Test Accuracy: 0.0974
[2026-05-21 06:14:00,263] Epoch 23 - Training loss: 2.302598   Test Accuracy: 0.1135
[2026-05-21 06:15:15,961] Epoch 24 - Training loss: 2.302410   Test Accuracy: 0.1135
[2026-05-21 06:16:31,967] Epoch 25 - Training loss: 2.302736   Test Accuracy: 0.1135
[2026-05-21 06:17:40,953] Epoch 26 - Training loss: 2.302745   Test Accuracy: 0.1009
[2026-05-21 06:18:49,143] Epoch 27 - Training loss: 2.302601   Test Accuracy: 0.1135
[2026-05-21 06:19:58,998] Epoch 28 - Training loss: 2.302668   Test Accuracy: 0.1082
[2026-05-21 06:21:04,978] Epoch 29 - Training loss: 2.302726   Test Accuracy: 0.0958
[2026-05-21 06:22:10,275] Epoch 30 - Training loss: 2.302715   Test Accuracy: 0.1028
aihwkit path:  /home/bong/analog_stress_test/aihwkit-fork/src/aihwkit/__init__.py
NeurIPS-2025/S2-mnist-CNN.py --CUDA 0 --SETTING TT-v1 --RPU Pow --tau 0.7 --res-gamma 8.0 --res-state 140
Using Device:  cuda:0
Logging to file: runs/MNIST-CNN/Pow-gamma=8.0-state=140/TT-v1-tau=0.7/events.out.tfevents.1779309791.user.2407694.0

Training Time (s) = 2337.058232307434
