# CMD: CUDA_VISIBLE_DEVICES=2 PYTHONPATH=/home/bong/analog_stress_test/analog-training SEED=3 python NeurIPS-2025/S2-mnist-CNN.py --CUDA 0 --SETTING TT-v1 --RPU Pow --tau 0.7 --res-gamma 8.0 --res-state 140
[2026-05-21 06:22:21,258] Epoch 0 - Training loss: --------   Test Accuracy: 0.1345
[2026-05-21 06:23:35,451] Epoch 1 - Training loss: 2.181356   Test Accuracy: 0.3765
[2026-05-21 06:25:02,821] Epoch 2 - Training loss: 1.822042   Test Accuracy: 0.3969
[2026-05-21 06:26:34,898] Epoch 3 - Training loss: 1.908052   Test Accuracy: 0.2237
[2026-05-21 06:28:10,292] Epoch 4 - Training loss: 2.055494   Test Accuracy: 0.3769
[2026-05-21 06:29:36,254] Epoch 5 - Training loss: 2.225822   Test Accuracy: 0.1122
[2026-05-21 06:30:55,803] Epoch 6 - Training loss: 2.272982   Test Accuracy: 0.1653
[2026-05-21 06:32:19,192] Epoch 7 - Training loss: 2.232238   Test Accuracy: 0.1549
[2026-05-21 06:33:40,930] Epoch 8 - Training loss: 2.203724   Test Accuracy: 0.2089
[2026-05-21 06:35:03,990] Epoch 9 - Training loss: 2.246155   Test Accuracy: 0.1508
[2026-05-21 06:36:23,803] Epoch 10 - Training loss: 2.266628   Test Accuracy: 0.1702
[2026-05-21 06:37:40,271] Epoch 11 - Training loss: 2.289611   Test Accuracy: 0.1076
[2026-05-21 06:38:55,134] Epoch 12 - Training loss: 2.262650   Test Accuracy: 0.1992
[2026-05-21 06:40:18,988] Epoch 13 - Training loss: 2.266067   Test Accuracy: 0.1853
[2026-05-21 06:41:37,789] Epoch 14 - Training loss: 2.299259   Test Accuracy: 0.1169
[2026-05-21 06:42:54,849] Epoch 15 - Training loss: 2.303725   Test Accuracy: 0.1159
[2026-05-21 06:44:09,589] Epoch 16 - Training loss: 2.301244   Test Accuracy: 0.1206
[2026-05-21 06:45:27,845] Epoch 17 - Training loss: 2.299220   Test Accuracy: 0.1149
[2026-05-21 06:46:45,261] Epoch 18 - Training loss: 2.299725   Test Accuracy: 0.1117
[2026-05-21 06:48:01,602] Epoch 19 - Training loss: 2.297492   Test Accuracy: 0.1315
[2026-05-21 06:49:19,821] Epoch 20 - Training loss: 2.299591   Test Accuracy: 0.1097
[2026-05-21 06:50:32,313] Epoch 21 - Training loss: 2.303224   Test Accuracy: 0.1113
[2026-05-21 06:51:43,278] Epoch 22 - Training loss: 2.302423   Test Accuracy: 0.1123
[2026-05-21 06:52:55,324] Epoch 23 - Training loss: 2.302851   Test Accuracy: 0.0974
[2026-05-21 06:54:07,930] Epoch 24 - Training loss: 2.302731   Test Accuracy: 0.1131
[2026-05-21 06:55:16,130] Epoch 25 - Training loss: 2.302728   Test Accuracy: 0.0960
[2026-05-21 06:56:15,237] Epoch 26 - Training loss: 2.302737   Test Accuracy: 0.1135
[2026-05-21 06:57:21,890] Epoch 27 - Training loss: 2.302483   Test Accuracy: 0.1029
[2026-05-21 06:58:33,950] Epoch 28 - Training loss: 2.302728   Test Accuracy: 0.1028
[2026-05-21 06:59:47,151] Epoch 29 - Training loss: 2.302632   Test Accuracy: 0.1135
[2026-05-21 07:00:57,709] Epoch 30 - Training loss: 2.302523   Test Accuracy: 0.1135
aihwkit path:  /home/bong/analog_stress_test/aihwkit-fork/src/aihwkit/__init__.py
NeurIPS-2025/S2-mnist-CNN.py --CUDA 0 --SETTING TT-v1 --RPU Pow --tau 0.7 --res-gamma 8.0 --res-state 140
Using Device:  cuda:0
Logging to file: runs/MNIST-CNN/Pow-gamma=8.0-state=140/TT-v1-tau=0.7/events.out.tfevents.1779312135.user.2409131.0

Training Time (s) = 2320.1015107631683
