# CMD: CUDA_VISIBLE_DEVICES=2 PYTHONPATH=/home/bong/analog_stress_test/analog-training SEED=2 python NeurIPS-2025/S2-mnist-CNN.py --CUDA 0 --SETTING TT-v1 --RPU Pow --tau 0.7 --res-gamma 2.0 --res-state 140
[2026-05-21 04:11:25,175] Epoch 0 - Training loss: --------   Test Accuracy: 0.1273
[2026-05-21 04:12:36,624] Epoch 1 - Training loss: 1.289741   Test Accuracy: 0.8480
[2026-05-21 04:13:44,388] Epoch 2 - Training loss: 0.432543   Test Accuracy: 0.8872
[2026-05-21 04:14:51,864] Epoch 3 - Training loss: 0.356825   Test Accuracy: 0.9136
[2026-05-21 04:15:59,096] Epoch 4 - Training loss: 0.296505   Test Accuracy: 0.9157
[2026-05-21 04:17:10,907] Epoch 5 - Training loss: 0.264171   Test Accuracy: 0.9249
[2026-05-21 04:18:24,143] Epoch 6 - Training loss: 0.241657   Test Accuracy: 0.9244
[2026-05-21 04:19:37,357] Epoch 7 - Training loss: 0.228287   Test Accuracy: 0.9327
[2026-05-21 04:20:47,324] Epoch 8 - Training loss: 0.221424   Test Accuracy: 0.9380
[2026-05-21 04:21:55,517] Epoch 9 - Training loss: 0.231085   Test Accuracy: 0.9392
[2026-05-21 04:23:07,110] Epoch 10 - Training loss: 0.212272   Test Accuracy: 0.9381
[2026-05-21 04:24:21,355] Epoch 11 - Training loss: 0.216541   Test Accuracy: 0.9480
[2026-05-21 04:25:31,290] Epoch 12 - Training loss: 0.198687   Test Accuracy: 0.9418
[2026-05-21 04:26:44,629] Epoch 13 - Training loss: 0.203163   Test Accuracy: 0.9420
[2026-05-21 04:27:56,430] Epoch 14 - Training loss: 0.204615   Test Accuracy: 0.9413
[2026-05-21 04:29:06,292] Epoch 15 - Training loss: 0.191185   Test Accuracy: 0.9461
[2026-05-21 04:30:15,898] Epoch 16 - Training loss: 0.186584   Test Accuracy: 0.9468
[2026-05-21 04:31:18,486] Epoch 17 - Training loss: 0.196365   Test Accuracy: 0.9376
[2026-05-21 04:32:30,332] Epoch 18 - Training loss: 0.191196   Test Accuracy: 0.9481
[2026-05-21 04:33:37,863] Epoch 19 - Training loss: 0.191198   Test Accuracy: 0.9442
[2026-05-21 04:34:53,125] Epoch 20 - Training loss: 0.199302   Test Accuracy: 0.9437
[2026-05-21 04:36:01,198] Epoch 21 - Training loss: 0.194321   Test Accuracy: 0.9391
[2026-05-21 04:37:11,904] Epoch 22 - Training loss: 0.206954   Test Accuracy: 0.9438
[2026-05-21 04:38:22,620] Epoch 23 - Training loss: 0.198965   Test Accuracy: 0.9435
[2026-05-21 04:39:33,302] Epoch 24 - Training loss: 0.190872   Test Accuracy: 0.9416
[2026-05-21 04:40:47,010] Epoch 25 - Training loss: 0.187026   Test Accuracy: 0.9452
[2026-05-21 04:41:58,765] Epoch 26 - Training loss: 0.201439   Test Accuracy: 0.9477
[2026-05-21 04:43:09,386] Epoch 27 - Training loss: 0.194994   Test Accuracy: 0.9444
[2026-05-21 04:44:24,022] Epoch 28 - Training loss: 0.188088   Test Accuracy: 0.9409
[2026-05-21 04:45:34,159] Epoch 29 - Training loss: 0.193899   Test Accuracy: 0.9472
[2026-05-21 04:46:47,113] Epoch 30 - Training loss: 0.195028   Test Accuracy: 0.9476
aihwkit path:  /home/bong/analog_stress_test/aihwkit-fork/src/aihwkit/__init__.py
NeurIPS-2025/S2-mnist-CNN.py --CUDA 0 --SETTING TT-v1 --RPU Pow --tau 0.7 --res-gamma 2.0 --res-state 140
Using Device:  cuda:0
Logging to file: runs/MNIST-CNN/Pow-gamma=2.0-state=140/TT-v1-tau=0.7/events.out.tfevents.1779304279.user.2404998.0

Training Time (s) = 2125.779792070389
