# CMD: CUDA_VISIBLE_DEVICES=3 PYTHONPATH=/home/bong/analog_stress_test/analog-training SEED=1 python NeurIPS-2025/S2-mnist-FCN.py --CUDA 0 --SETTING TT-v2 --RPU Pow --tau 0.7 --res-gamma 0.5 --res-state 140
[2026-05-20 19:23:09,153] Epoch 0 - Training loss: --------   Test Accuracy: 0.1028
[2026-05-20 19:24:11,657] Epoch 1 - Training loss: 2.292529   Test Accuracy: 0.3936
[2026-05-20 19:25:11,613] Epoch 2 - Training loss: 0.612273   Test Accuracy: 0.9217
[2026-05-20 19:26:14,245] Epoch 3 - Training loss: 0.223578   Test Accuracy: 0.9445
[2026-05-20 19:27:18,255] Epoch 4 - Training loss: 0.153109   Test Accuracy: 0.9584
[2026-05-20 19:28:23,700] Epoch 5 - Training loss: 0.116861   Test Accuracy: 0.9636
[2026-05-20 19:29:26,777] Epoch 6 - Training loss: 0.095250   Test Accuracy: 0.9651
[2026-05-20 19:30:26,872] Epoch 7 - Training loss: 0.080288   Test Accuracy: 0.9658
[2026-05-20 19:31:26,058] Epoch 8 - Training loss: 0.070899   Test Accuracy: 0.9677
[2026-05-20 19:32:30,681] Epoch 9 - Training loss: 0.057405   Test Accuracy: 0.9728
[2026-05-20 19:33:36,735] Epoch 10 - Training loss: 0.055256   Test Accuracy: 0.9670
[2026-05-20 19:34:43,452] Epoch 11 - Training loss: 0.049035   Test Accuracy: 0.9722
[2026-05-20 19:35:49,316] Epoch 12 - Training loss: 0.045304   Test Accuracy: 0.9718
[2026-05-20 19:36:55,122] Epoch 13 - Training loss: 0.040735   Test Accuracy: 0.9680
[2026-05-20 19:38:01,973] Epoch 14 - Training loss: 0.042280   Test Accuracy: 0.9718
[2026-05-20 19:39:08,398] Epoch 15 - Training loss: 0.038403   Test Accuracy: 0.9724
[2026-05-20 19:40:14,551] Epoch 16 - Training loss: 0.034908   Test Accuracy: 0.9712
[2026-05-20 19:41:21,983] Epoch 17 - Training loss: 0.030328   Test Accuracy: 0.9729
[2026-05-20 19:42:28,194] Epoch 18 - Training loss: 0.030422   Test Accuracy: 0.9722
[2026-05-20 19:43:33,879] Epoch 19 - Training loss: 0.029188   Test Accuracy: 0.9749
[2026-05-20 19:44:43,240] Epoch 20 - Training loss: 0.026920   Test Accuracy: 0.9708
[2026-05-20 19:45:49,166] Epoch 21 - Training loss: 0.027177   Test Accuracy: 0.9721
[2026-05-20 19:46:56,328] Epoch 22 - Training loss: 0.026433   Test Accuracy: 0.9676
[2026-05-20 19:48:01,949] Epoch 23 - Training loss: 0.025322   Test Accuracy: 0.9698
[2026-05-20 19:49:09,260] Epoch 24 - Training loss: 0.025598   Test Accuracy: 0.9701
[2026-05-20 19:50:15,295] Epoch 25 - Training loss: 0.024504   Test Accuracy: 0.9717
[2026-05-20 19:51:21,301] Epoch 26 - Training loss: 0.022380   Test Accuracy: 0.9727
[2026-05-20 19:52:27,037] Epoch 27 - Training loss: 0.023118   Test Accuracy: 0.9745
[2026-05-20 19:53:32,569] Epoch 28 - Training loss: 0.021474   Test Accuracy: 0.9705
[2026-05-20 19:54:35,035] Epoch 29 - Training loss: 0.025398   Test Accuracy: 0.9714
[2026-05-20 19:55:40,194] Epoch 30 - Training loss: 0.022839   Test Accuracy: 0.9727
aihwkit path:  /home/bong/analog_stress_test/aihwkit-fork/src/aihwkit/__init__.py
NeurIPS-2025/S2-mnist-FCN.py --CUDA 0 --SETTING TT-v2 --RPU Pow --tau 0.7 --res-gamma 0.5 --res-state 140
Using Device:  cuda:0
Logging to file: runs/MNIST-FCN/Pow-gamma=0.5-state=140/TT-v2-tau=0.7/events.out.tfevents.1779272583.user.2344565.0

Training Time (s) = 1954.2845821380615
