# CMD: CUDA_VISIBLE_DEVICES=3 PYTHONPATH=/home/bong/analog_stress_test/analog-training SEED=2 python NeurIPS-2025/S2-mnist-FCN.py --CUDA 0 --SETTING TT-v2 --RPU Pow --tau 0.7 --res-gamma 2.0 --res-state 140
[2026-05-20 21:30:47,220] Epoch 0 - Training loss: --------   Test Accuracy: 0.1009
[2026-05-20 21:31:47,022] Epoch 1 - Training loss: 2.300546   Test Accuracy: 0.1135
[2026-05-20 21:32:43,916] Epoch 2 - Training loss: 1.553872   Test Accuracy: 0.8549
[2026-05-20 21:33:46,459] Epoch 3 - Training loss: 0.388485   Test Accuracy: 0.9095
[2026-05-20 21:34:47,191] Epoch 4 - Training loss: 0.288337   Test Accuracy: 0.9223
[2026-05-20 21:35:50,522] Epoch 5 - Training loss: 0.242307   Test Accuracy: 0.9349
[2026-05-20 21:36:50,497] Epoch 6 - Training loss: 0.213225   Test Accuracy: 0.9385
[2026-05-20 21:37:50,717] Epoch 7 - Training loss: 0.190760   Test Accuracy: 0.9442
[2026-05-20 21:38:50,676] Epoch 8 - Training loss: 0.173256   Test Accuracy: 0.9486
[2026-05-20 21:39:43,293] Epoch 9 - Training loss: 0.158146   Test Accuracy: 0.9506
[2026-05-20 21:40:41,896] Epoch 10 - Training loss: 0.145614   Test Accuracy: 0.9537
[2026-05-20 21:41:43,400] Epoch 11 - Training loss: 0.135100   Test Accuracy: 0.9567
[2026-05-20 21:42:43,800] Epoch 12 - Training loss: 0.125501   Test Accuracy: 0.9577
[2026-05-20 21:43:43,427] Epoch 13 - Training loss: 0.120436   Test Accuracy: 0.9603
[2026-05-20 21:44:47,147] Epoch 14 - Training loss: 0.119620   Test Accuracy: 0.9596
[2026-05-20 21:45:49,226] Epoch 15 - Training loss: 0.119120   Test Accuracy: 0.9580
[2026-05-20 21:46:49,832] Epoch 16 - Training loss: 0.114352   Test Accuracy: 0.9630
[2026-05-20 21:47:51,286] Epoch 17 - Training loss: 0.109313   Test Accuracy: 0.9592
[2026-05-20 21:48:54,975] Epoch 18 - Training loss: 0.107452   Test Accuracy: 0.9600
[2026-05-20 21:49:57,264] Epoch 19 - Training loss: 0.104419   Test Accuracy: 0.9640
[2026-05-20 21:50:58,393] Epoch 20 - Training loss: 0.100336   Test Accuracy: 0.9645
[2026-05-20 21:51:59,737] Epoch 21 - Training loss: 0.097422   Test Accuracy: 0.9630
[2026-05-20 21:53:01,710] Epoch 22 - Training loss: 0.095446   Test Accuracy: 0.9644
[2026-05-20 21:54:01,324] Epoch 23 - Training loss: 0.094535   Test Accuracy: 0.9659
[2026-05-20 21:55:02,747] Epoch 24 - Training loss: 0.091399   Test Accuracy: 0.9634
[2026-05-20 21:56:05,911] Epoch 25 - Training loss: 0.089040   Test Accuracy: 0.9652
[2026-05-20 21:57:07,404] Epoch 26 - Training loss: 0.089059   Test Accuracy: 0.9647
[2026-05-20 21:58:10,271] Epoch 27 - Training loss: 0.086901   Test Accuracy: 0.9645
[2026-05-20 21:59:12,340] Epoch 28 - Training loss: 0.086916   Test Accuracy: 0.9639
[2026-05-20 22:00:15,145] Epoch 29 - Training loss: 0.081515   Test Accuracy: 0.9627
[2026-05-20 22:01:16,233] Epoch 30 - Training loss: 0.082067   Test Accuracy: 0.9643
aihwkit path:  /home/bong/analog_stress_test/aihwkit-fork/src/aihwkit/__init__.py
NeurIPS-2025/S2-mnist-FCN.py --CUDA 0 --SETTING TT-v2 --RPU Pow --tau 0.7 --res-gamma 2.0 --res-state 140
Using Device:  cuda:0
Logging to file: runs/MNIST-FCN/Pow-gamma=2.0-state=140/TT-v2-tau=0.7/events.out.tfevents.1779280241.user.2367593.0

Training Time (s) = 1832.5495147705078
