# CMD: CUDA_VISIBLE_DEVICES=3 PYTHONPATH=/home/bong/analog_stress_test/analog-training SEED=1 python NeurIPS-2025/S2-mnist-FCN.py --CUDA 0 --SETTING TT-v2 --RPU Pow --tau 0.7 --res-gamma 8.0 --res-state 140
[2026-05-20 22:32:28,728] Epoch 0 - Training loss: --------   Test Accuracy: 0.1028
[2026-05-20 22:33:29,830] Epoch 1 - Training loss: 2.302556   Test Accuracy: 0.0980
[2026-05-20 22:34:30,556] Epoch 2 - Training loss: 2.302307   Test Accuracy: 0.1135
[2026-05-20 22:35:32,156] Epoch 3 - Training loss: 2.302035   Test Accuracy: 0.1135
[2026-05-20 22:36:34,060] Epoch 4 - Training loss: 2.301508   Test Accuracy: 0.1135
[2026-05-20 22:37:37,680] Epoch 5 - Training loss: 2.299850   Test Accuracy: 0.1246
[2026-05-20 22:38:38,714] Epoch 6 - Training loss: 2.293555   Test Accuracy: 0.1800
[2026-05-20 22:39:39,806] Epoch 7 - Training loss: 2.252424   Test Accuracy: 0.2813
[2026-05-20 22:40:42,332] Epoch 8 - Training loss: 2.021206   Test Accuracy: 0.4302
[2026-05-20 22:41:42,941] Epoch 9 - Training loss: 1.640487   Test Accuracy: 0.5329
[2026-05-20 22:42:43,195] Epoch 10 - Training loss: 1.391421   Test Accuracy: 0.5999
[2026-05-20 22:43:44,675] Epoch 11 - Training loss: 1.227204   Test Accuracy: 0.6399
[2026-05-20 22:44:47,618] Epoch 12 - Training loss: 1.115232   Test Accuracy: 0.6781
[2026-05-20 22:45:48,790] Epoch 13 - Training loss: 1.030953   Test Accuracy: 0.7021
[2026-05-20 22:46:48,957] Epoch 14 - Training loss: 0.966792   Test Accuracy: 0.7195
[2026-05-20 22:47:50,144] Epoch 15 - Training loss: 0.914435   Test Accuracy: 0.7300
[2026-05-20 22:48:51,524] Epoch 16 - Training loss: 0.878270   Test Accuracy: 0.7410
[2026-05-20 22:49:53,258] Epoch 17 - Training loss: 0.852568   Test Accuracy: 0.7485
[2026-05-20 22:50:48,550] Epoch 18 - Training loss: 0.831350   Test Accuracy: 0.7525
[2026-05-20 22:51:49,962] Epoch 19 - Training loss: 0.809399   Test Accuracy: 0.7607
[2026-05-20 22:52:51,804] Epoch 20 - Training loss: 0.791634   Test Accuracy: 0.7658
[2026-05-20 22:53:51,721] Epoch 21 - Training loss: 0.776952   Test Accuracy: 0.7726
[2026-05-20 22:54:53,462] Epoch 22 - Training loss: 0.760247   Test Accuracy: 0.7753
[2026-05-20 22:55:53,919] Epoch 23 - Training loss: 0.747485   Test Accuracy: 0.7816
[2026-05-20 22:56:54,207] Epoch 24 - Training loss: 0.733632   Test Accuracy: 0.7862
[2026-05-20 22:57:56,245] Epoch 25 - Training loss: 0.721558   Test Accuracy: 0.7896
[2026-05-20 22:58:56,022] Epoch 26 - Training loss: 0.712111   Test Accuracy: 0.7938
[2026-05-20 22:59:57,155] Epoch 27 - Training loss: 0.698589   Test Accuracy: 0.7945
[2026-05-20 23:00:59,266] Epoch 28 - Training loss: 0.687847   Test Accuracy: 0.7952
[2026-05-20 23:01:59,452] Epoch 29 - Training loss: 0.678921   Test Accuracy: 0.7971
[2026-05-20 23:02:59,351] Epoch 30 - Training loss: 0.673489   Test Accuracy: 0.7999
aihwkit path:  /home/bong/analog_stress_test/aihwkit-fork/src/aihwkit/__init__.py
NeurIPS-2025/S2-mnist-FCN.py --CUDA 0 --SETTING TT-v2 --RPU Pow --tau 0.7 --res-gamma 8.0 --res-state 140
Using Device:  cuda:0
Logging to file: runs/MNIST-FCN/Pow-gamma=8.0-state=140/TT-v2-tau=0.7/events.out.tfevents.1779283943.user.2393595.0

Training Time (s) = 1834.0716290473938
