# CMD: CUDA_VISIBLE_DEVICES=3 PYTHONPATH=/home/bong/analog_stress_test/analog-training SEED=3 python NeurIPS-2025/S2-mnist-FCN.py --CUDA 0 --SETTING TT-v2 --RPU Pow --tau 0.7 --res-gamma 1.0 --res-state 140
[2026-05-20 20:58:51,390] Epoch 0 - Training loss: --------   Test Accuracy: 0.0924
[2026-05-20 20:59:51,820] Epoch 1 - Training loss: 2.301685   Test Accuracy: 0.1197
[2026-05-20 21:00:49,821] Epoch 2 - Training loss: 1.437176   Test Accuracy: 0.8947
[2026-05-20 21:01:45,386] Epoch 3 - Training loss: 0.299240   Test Accuracy: 0.9269
[2026-05-20 21:02:45,445] Epoch 4 - Training loss: 0.212954   Test Accuracy: 0.9436
[2026-05-20 21:03:47,207] Epoch 5 - Training loss: 0.161220   Test Accuracy: 0.9540
[2026-05-20 21:04:46,235] Epoch 6 - Training loss: 0.128645   Test Accuracy: 0.9611
[2026-05-20 21:05:48,177] Epoch 7 - Training loss: 0.104574   Test Accuracy: 0.9626
[2026-05-20 21:06:48,477] Epoch 8 - Training loss: 0.089305   Test Accuracy: 0.9652
[2026-05-20 21:07:50,412] Epoch 9 - Training loss: 0.078366   Test Accuracy: 0.9673
[2026-05-20 21:08:52,329] Epoch 10 - Training loss: 0.072843   Test Accuracy: 0.9685
[2026-05-20 21:09:52,889] Epoch 11 - Training loss: 0.065780   Test Accuracy: 0.9663
[2026-05-20 21:10:59,603] Epoch 12 - Training loss: 0.060111   Test Accuracy: 0.9678
[2026-05-20 21:12:07,714] Epoch 13 - Training loss: 0.055434   Test Accuracy: 0.9690
[2026-05-20 21:13:13,764] Epoch 14 - Training loss: 0.051818   Test Accuracy: 0.9684
[2026-05-20 21:14:15,703] Epoch 15 - Training loss: 0.048455   Test Accuracy: 0.9726
[2026-05-20 21:15:19,213] Epoch 16 - Training loss: 0.037968   Test Accuracy: 0.9709
[2026-05-20 21:16:25,725] Epoch 17 - Training loss: 0.038484   Test Accuracy: 0.9717
[2026-05-20 21:17:32,424] Epoch 18 - Training loss: 0.033494   Test Accuracy: 0.9737
[2026-05-20 21:18:37,140] Epoch 19 - Training loss: 0.031909   Test Accuracy: 0.9702
[2026-05-20 21:19:39,360] Epoch 20 - Training loss: 0.029812   Test Accuracy: 0.9728
[2026-05-20 21:20:40,213] Epoch 21 - Training loss: 0.028696   Test Accuracy: 0.9719
[2026-05-20 21:21:43,846] Epoch 22 - Training loss: 0.026887   Test Accuracy: 0.9721
[2026-05-20 21:22:50,101] Epoch 23 - Training loss: 0.023465   Test Accuracy: 0.9746
[2026-05-20 21:23:54,098] Epoch 24 - Training loss: 0.025456   Test Accuracy: 0.9726
[2026-05-20 21:25:03,679] Epoch 25 - Training loss: 0.022571   Test Accuracy: 0.9743
[2026-05-20 21:26:10,818] Epoch 26 - Training loss: 0.023045   Test Accuracy: 0.9741
[2026-05-20 21:27:18,664] Epoch 27 - Training loss: 0.021587   Test Accuracy: 0.9745
[2026-05-20 21:28:25,231] Epoch 28 - Training loss: 0.019992   Test Accuracy: 0.9757
[2026-05-20 21:29:30,191] Epoch 29 - Training loss: 0.020338   Test Accuracy: 0.9718
[2026-05-20 21:30:36,006] Epoch 30 - Training loss: 0.021802   Test Accuracy: 0.9770
aihwkit path:  /home/bong/analog_stress_test/aihwkit-fork/src/aihwkit/__init__.py
NeurIPS-2025/S2-mnist-FCN.py --CUDA 0 --SETTING TT-v2 --RPU Pow --tau 0.7 --res-gamma 1.0 --res-state 140
Using Device:  cuda:0
Logging to file: runs/MNIST-FCN/Pow-gamma=1.0-state=140/TT-v2-tau=0.7/events.out.tfevents.1779278325.user.2351965.0

Training Time (s) = 1908.1429462432861
