# CMD: CUDA_VISIBLE_DEVICES=3 PYTHONPATH=/home/bong/analog_stress_test/analog-training SEED=1 python NeurIPS-2025/S2-mnist-FCN.py --CUDA 0 --SETTING TT-v2 --RPU Pow --tau 0.7 --res-gamma 2.0 --res-state 140
[2026-05-20 21:00:43,597] Epoch 0 - Training loss: --------   Test Accuracy: 0.1028
[2026-05-20 21:01:44,587] Epoch 1 - Training loss: 2.301497   Test Accuracy: 0.1391
[2026-05-20 21:02:44,556] Epoch 2 - Training loss: 1.942031   Test Accuracy: 0.8091
[2026-05-20 21:03:46,642] Epoch 3 - Training loss: 0.453403   Test Accuracy: 0.9017
[2026-05-20 21:04:46,088] Epoch 4 - Training loss: 0.304751   Test Accuracy: 0.9227
[2026-05-20 21:05:47,915] Epoch 5 - Training loss: 0.251564   Test Accuracy: 0.9308
[2026-05-20 21:06:48,144] Epoch 6 - Training loss: 0.219948   Test Accuracy: 0.9363
[2026-05-20 21:07:51,614] Epoch 7 - Training loss: 0.199946   Test Accuracy: 0.9418
[2026-05-20 21:08:54,986] Epoch 8 - Training loss: 0.182301   Test Accuracy: 0.9470
[2026-05-20 21:09:56,991] Epoch 9 - Training loss: 0.164665   Test Accuracy: 0.9480
[2026-05-20 21:10:56,564] Epoch 10 - Training loss: 0.154845   Test Accuracy: 0.9518
[2026-05-20 21:11:58,411] Epoch 11 - Training loss: 0.147897   Test Accuracy: 0.9548
[2026-05-20 21:13:00,579] Epoch 12 - Training loss: 0.138075   Test Accuracy: 0.9547
[2026-05-20 21:14:01,977] Epoch 13 - Training loss: 0.130249   Test Accuracy: 0.9563
[2026-05-20 21:15:05,103] Epoch 14 - Training loss: 0.125776   Test Accuracy: 0.9562
[2026-05-20 21:16:01,010] Epoch 15 - Training loss: 0.119376   Test Accuracy: 0.9562
[2026-05-20 21:16:58,049] Epoch 16 - Training loss: 0.120045   Test Accuracy: 0.9544
[2026-05-20 21:17:59,041] Epoch 17 - Training loss: 0.131611   Test Accuracy: 0.9482
[2026-05-20 21:18:57,191] Epoch 18 - Training loss: 0.147763   Test Accuracy: 0.9393
[2026-05-20 21:19:59,707] Epoch 19 - Training loss: 1.440469   Test Accuracy: 0.1947
[2026-05-20 21:21:01,640] Epoch 20 - Training loss: 2.486060   Test Accuracy: 0.1206
[2026-05-20 21:22:07,724] Epoch 21 - Training loss: 2.428919   Test Accuracy: 0.1218
[2026-05-20 21:23:12,914] Epoch 22 - Training loss: 2.332376   Test Accuracy: 0.1297
[2026-05-20 21:24:13,931] Epoch 23 - Training loss: 2.278335   Test Accuracy: 0.1453
[2026-05-20 21:25:11,641] Epoch 24 - Training loss: 2.255409   Test Accuracy: 0.1603
[2026-05-20 21:26:15,895] Epoch 25 - Training loss: 2.243914   Test Accuracy: 0.1679
[2026-05-20 21:27:14,705] Epoch 26 - Training loss: 2.232349   Test Accuracy: 0.1729
[2026-05-20 21:28:19,266] Epoch 27 - Training loss: 2.226561   Test Accuracy: 0.1733
[2026-05-20 21:29:23,691] Epoch 28 - Training loss: 2.224983   Test Accuracy: 0.1841
[2026-05-20 21:30:28,546] Epoch 29 - Training loss: 2.201489   Test Accuracy: 0.1733
[2026-05-20 21:31:27,483] Epoch 30 - Training loss: 2.221602   Test Accuracy: 0.1906
aihwkit path:  /home/bong/analog_stress_test/aihwkit-fork/src/aihwkit/__init__.py
NeurIPS-2025/S2-mnist-FCN.py --CUDA 0 --SETTING TT-v2 --RPU Pow --tau 0.7 --res-gamma 2.0 --res-state 140
Using Device:  cuda:0
Logging to file: runs/MNIST-FCN/Pow-gamma=2.0-state=140/TT-v2-tau=0.7/events.out.tfevents.1779278437.user.2352291.0

Training Time (s) = 1847.4074189662933
