# CMD: CUDA_VISIBLE_DEVICES=3 PYTHONPATH=/home/bong/analog_stress_test/analog-training SEED=2 python NeurIPS-2025/S2-mnist-FCN.py --CUDA 0 --SETTING TT-v2 --RPU Pow --tau 0.7 --res-gamma 0.5 --res-state 140
[2026-05-20 19:54:01,075] Epoch 0 - Training loss: --------   Test Accuracy: 0.1009
[2026-05-20 19:55:02,763] Epoch 1 - Training loss: 2.244129   Test Accuracy: 0.6871
[2026-05-20 19:55:56,958] Epoch 2 - Training loss: 0.423343   Test Accuracy: 0.9241
[2026-05-20 19:57:03,690] Epoch 3 - Training loss: 0.213523   Test Accuracy: 0.9465
[2026-05-20 19:58:08,042] Epoch 4 - Training loss: 0.151771   Test Accuracy: 0.9556
[2026-05-20 19:59:12,637] Epoch 5 - Training loss: 0.118827   Test Accuracy: 0.9625
[2026-05-20 20:00:19,172] Epoch 6 - Training loss: 0.095617   Test Accuracy: 0.9652
[2026-05-20 20:01:24,633] Epoch 7 - Training loss: 0.079209   Test Accuracy: 0.9647
[2026-05-20 20:02:28,877] Epoch 8 - Training loss: 0.069605   Test Accuracy: 0.9704
[2026-05-20 20:03:33,931] Epoch 9 - Training loss: 0.058125   Test Accuracy: 0.9679
[2026-05-20 20:04:39,277] Epoch 10 - Training loss: 0.054593   Test Accuracy: 0.9712
[2026-05-20 20:05:46,055] Epoch 11 - Training loss: 0.050993   Test Accuracy: 0.9670
[2026-05-20 20:06:51,607] Epoch 12 - Training loss: 0.045573   Test Accuracy: 0.9716
[2026-05-20 20:07:50,781] Epoch 13 - Training loss: 0.043557   Test Accuracy: 0.9694
[2026-05-20 20:08:55,639] Epoch 14 - Training loss: 0.040891   Test Accuracy: 0.9721
[2026-05-20 20:10:02,355] Epoch 15 - Training loss: 0.036159   Test Accuracy: 0.9713
[2026-05-20 20:11:08,664] Epoch 16 - Training loss: 0.030520   Test Accuracy: 0.9711
[2026-05-20 20:12:18,283] Epoch 17 - Training loss: 0.032544   Test Accuracy: 0.9697
[2026-05-20 20:13:28,566] Epoch 18 - Training loss: 0.031940   Test Accuracy: 0.9696
[2026-05-20 20:14:40,693] Epoch 19 - Training loss: 0.035164   Test Accuracy: 0.9718
[2026-05-20 20:15:51,928] Epoch 20 - Training loss: 0.030743   Test Accuracy: 0.9711
[2026-05-20 20:16:58,291] Epoch 21 - Training loss: 0.028429   Test Accuracy: 0.9733
[2026-05-20 20:18:09,632] Epoch 22 - Training loss: 0.027822   Test Accuracy: 0.9714
[2026-05-20 20:19:12,553] Epoch 23 - Training loss: 0.023885   Test Accuracy: 0.9756
[2026-05-20 20:20:19,226] Epoch 24 - Training loss: 0.023275   Test Accuracy: 0.9740
[2026-05-20 20:21:22,356] Epoch 25 - Training loss: 0.025834   Test Accuracy: 0.9693
[2026-05-20 20:22:28,573] Epoch 26 - Training loss: 0.023621   Test Accuracy: 0.9723
[2026-05-20 20:23:35,475] Epoch 27 - Training loss: 0.023058   Test Accuracy: 0.9704
[2026-05-20 20:24:43,230] Epoch 28 - Training loss: 0.021954   Test Accuracy: 0.9733
[2026-05-20 20:25:48,859] Epoch 29 - Training loss: 0.023285   Test Accuracy: 0.9709
[2026-05-20 20:26:54,974] Epoch 30 - Training loss: 0.025026   Test Accuracy: 0.9669
aihwkit path:  /home/bong/analog_stress_test/aihwkit-fork/src/aihwkit/__init__.py
NeurIPS-2025/S2-mnist-FCN.py --CUDA 0 --SETTING TT-v2 --RPU Pow --tau 0.7 --res-gamma 0.5 --res-state 140
Using Device:  cuda:0
Logging to file: runs/MNIST-FCN/Pow-gamma=0.5-state=140/TT-v2-tau=0.7/events.out.tfevents.1779274435.user.2347088.0

Training Time (s) = 1977.296581029892
