# CMD: CUDA_VISIBLE_DEVICES=3 PYTHONPATH=/home/bong/analog_stress_test/analog-training SEED=2 python NeurIPS-2025/S2-mnist-FCN.py --CUDA 0 --SETTING TT-v2 --RPU Pow --tau 0.7 --res-gamma 1.0 --res-state 140
[2026-05-20 20:28:44,190] Epoch 0 - Training loss: --------   Test Accuracy: 0.1009
[2026-05-20 20:29:52,358] Epoch 1 - Training loss: 2.284261   Test Accuracy: 0.4602
[2026-05-20 20:30:52,584] Epoch 2 - Training loss: 0.606296   Test Accuracy: 0.9156
[2026-05-20 20:31:52,684] Epoch 3 - Training loss: 0.248681   Test Accuracy: 0.9363
[2026-05-20 20:32:52,687] Epoch 4 - Training loss: 0.186195   Test Accuracy: 0.9498
[2026-05-20 20:33:55,411] Epoch 5 - Training loss: 0.145451   Test Accuracy: 0.9579
[2026-05-20 20:34:56,364] Epoch 6 - Training loss: 0.117368   Test Accuracy: 0.9610
[2026-05-20 20:35:58,825] Epoch 7 - Training loss: 0.100332   Test Accuracy: 0.9664
[2026-05-20 20:37:01,708] Epoch 8 - Training loss: 0.089062   Test Accuracy: 0.9652
[2026-05-20 20:38:04,555] Epoch 9 - Training loss: 0.082091   Test Accuracy: 0.9666
[2026-05-20 20:39:08,030] Epoch 10 - Training loss: 0.072908   Test Accuracy: 0.9702
[2026-05-20 20:40:11,762] Epoch 11 - Training loss: 0.064658   Test Accuracy: 0.9711
[2026-05-20 20:41:15,975] Epoch 12 - Training loss: 0.058579   Test Accuracy: 0.9714
[2026-05-20 20:42:19,353] Epoch 13 - Training loss: 0.055269   Test Accuracy: 0.9666
[2026-05-20 20:43:22,305] Epoch 14 - Training loss: 0.051038   Test Accuracy: 0.9715
[2026-05-20 20:44:27,576] Epoch 15 - Training loss: 0.048384   Test Accuracy: 0.9708
[2026-05-20 20:45:31,612] Epoch 16 - Training loss: 0.039305   Test Accuracy: 0.9733
[2026-05-20 20:46:36,552] Epoch 17 - Training loss: 0.035538   Test Accuracy: 0.9739
[2026-05-20 20:47:40,073] Epoch 18 - Training loss: 0.034786   Test Accuracy: 0.9744
[2026-05-20 20:48:44,461] Epoch 19 - Training loss: 0.032052   Test Accuracy: 0.9735
[2026-05-20 20:49:50,114] Epoch 20 - Training loss: 0.030540   Test Accuracy: 0.9729
[2026-05-20 20:50:54,250] Epoch 21 - Training loss: 0.029797   Test Accuracy: 0.9729
[2026-05-20 20:52:00,119] Epoch 22 - Training loss: 0.029778   Test Accuracy: 0.9714
[2026-05-20 20:53:04,928] Epoch 23 - Training loss: 0.028878   Test Accuracy: 0.9716
[2026-05-20 20:54:12,239] Epoch 24 - Training loss: 0.024511   Test Accuracy: 0.9743
[2026-05-20 20:55:15,806] Epoch 25 - Training loss: 0.026076   Test Accuracy: 0.9749
[2026-05-20 20:56:20,687] Epoch 26 - Training loss: 0.023877   Test Accuracy: 0.9729
[2026-05-20 20:57:23,566] Epoch 27 - Training loss: 0.021858   Test Accuracy: 0.9725
[2026-05-20 20:58:26,118] Epoch 28 - Training loss: 0.024191   Test Accuracy: 0.9707
[2026-05-20 20:59:27,158] Epoch 29 - Training loss: 0.022191   Test Accuracy: 0.9734
[2026-05-20 21:00:33,364] Epoch 30 - Training loss: 0.021393   Test Accuracy: 0.9744
aihwkit path:  /home/bong/analog_stress_test/aihwkit-fork/src/aihwkit/__init__.py
NeurIPS-2025/S2-mnist-FCN.py --CUDA 0 --SETTING TT-v2 --RPU Pow --tau 0.7 --res-gamma 1.0 --res-state 140
Using Device:  cuda:0
Logging to file: runs/MNIST-FCN/Pow-gamma=1.0-state=140/TT-v2-tau=0.7/events.out.tfevents.1779276517.user.2350088.0

Training Time (s) = 1913.1190106868744
