# CMD: CUDA_VISIBLE_DEVICES=3 PYTHONPATH=/home/bong/analog_stress_test/analog-training SEED=1 python NeurIPS-2025/S2-mnist-FCN.py --CUDA 0 --SETTING TT-v2 --RPU Pow --tau 0.7 --res-gamma 0.1 --res-state 140
[2026-05-20 18:47:49,772] Epoch 0 - Training loss: --------   Test Accuracy: 0.1028
[2026-05-20 18:48:52,977] Epoch 1 - Training loss: 2.268549   Test Accuracy: 0.6455
[2026-05-20 18:49:54,423] Epoch 2 - Training loss: 0.462640   Test Accuracy: 0.9183
[2026-05-20 18:50:51,998] Epoch 3 - Training loss: 0.231418   Test Accuracy: 0.9403
[2026-05-20 18:51:55,929] Epoch 4 - Training loss: 0.166540   Test Accuracy: 0.9530
[2026-05-20 18:52:59,803] Epoch 5 - Training loss: 0.137443   Test Accuracy: 0.9562
[2026-05-20 18:54:04,556] Epoch 6 - Training loss: 0.117349   Test Accuracy: 0.9598
[2026-05-20 18:55:10,133] Epoch 7 - Training loss: 0.107784   Test Accuracy: 0.9598
[2026-05-20 18:56:16,839] Epoch 8 - Training loss: 0.094012   Test Accuracy: 0.9637
[2026-05-20 18:57:24,054] Epoch 9 - Training loss: 0.086800   Test Accuracy: 0.9656
[2026-05-20 18:58:30,261] Epoch 10 - Training loss: 0.080928   Test Accuracy: 0.9660
[2026-05-20 18:59:36,798] Epoch 11 - Training loss: 0.074300   Test Accuracy: 0.9647
[2026-05-20 19:00:42,744] Epoch 12 - Training loss: 0.068100   Test Accuracy: 0.9645
[2026-05-20 19:01:49,809] Epoch 13 - Training loss: 0.062821   Test Accuracy: 0.9647
[2026-05-20 19:02:56,008] Epoch 14 - Training loss: 0.059939   Test Accuracy: 0.9661
[2026-05-20 19:04:03,005] Epoch 15 - Training loss: 0.051866   Test Accuracy: 0.9695
[2026-05-20 19:05:10,245] Epoch 16 - Training loss: 0.047005   Test Accuracy: 0.9683
[2026-05-20 19:06:17,623] Epoch 17 - Training loss: 0.049712   Test Accuracy: 0.9691
[2026-05-20 19:07:23,930] Epoch 18 - Training loss: 0.051000   Test Accuracy: 0.9672
[2026-05-20 19:08:30,471] Epoch 19 - Training loss: 0.046233   Test Accuracy: 0.9644
[2026-05-20 19:09:39,523] Epoch 20 - Training loss: 0.041274   Test Accuracy: 0.9674
[2026-05-20 19:10:48,604] Epoch 21 - Training loss: 0.039474   Test Accuracy: 0.9660
[2026-05-20 19:11:57,903] Epoch 22 - Training loss: 0.041394   Test Accuracy: 0.9670
[2026-05-20 19:13:04,590] Epoch 23 - Training loss: 0.044349   Test Accuracy: 0.9648
[2026-05-20 19:14:11,059] Epoch 24 - Training loss: 0.043540   Test Accuracy: 0.9651
[2026-05-20 19:15:17,486] Epoch 25 - Training loss: 0.043684   Test Accuracy: 0.9676
[2026-05-20 19:16:24,418] Epoch 26 - Training loss: 0.037595   Test Accuracy: 0.9702
[2026-05-20 19:17:31,950] Epoch 27 - Training loss: 0.036602   Test Accuracy: 0.9696
[2026-05-20 19:18:38,692] Epoch 28 - Training loss: 0.032340   Test Accuracy: 0.9721
[2026-05-20 19:19:45,068] Epoch 29 - Training loss: 0.031317   Test Accuracy: 0.9706
[2026-05-20 19:20:53,697] Epoch 30 - Training loss: 0.033468   Test Accuracy: 0.9726
aihwkit path:  /home/bong/analog_stress_test/aihwkit-fork/src/aihwkit/__init__.py
NeurIPS-2025/S2-mnist-FCN.py --CUDA 0 --SETTING TT-v2 --RPU Pow --tau 0.7 --res-gamma 0.1 --res-state 140
Using Device:  cuda:0
Logging to file: runs/MNIST-FCN/Pow-gamma=0.1-state=140/TT-v2-tau=0.7/events.out.tfevents.1779270463.user.2341911.0

Training Time (s) = 1987.776564359665
