# CMD: CUDA_VISIBLE_DEVICES=3 PYTHONPATH=/home/bong/analog_stress_test/analog-training SEED=3 python NeurIPS-2025/S2-mnist-FCN.py --CUDA 0 --SETTING TT-v2 --RPU Pow --tau 0.7 --res-gamma 2.0 --res-state 140
[2026-05-20 21:31:37,648] Epoch 0 - Training loss: --------   Test Accuracy: 0.0968
[2026-05-20 21:32:37,463] Epoch 1 - Training loss: 2.302388   Test Accuracy: 0.1135
[2026-05-20 21:33:41,159] Epoch 2 - Training loss: 2.264424   Test Accuracy: 0.5627
[2026-05-20 21:34:42,756] Epoch 3 - Training loss: 0.715893   Test Accuracy: 0.8911
[2026-05-20 21:35:43,628] Epoch 4 - Training loss: 0.333595   Test Accuracy: 0.9166
[2026-05-20 21:36:43,979] Epoch 5 - Training loss: 0.266568   Test Accuracy: 0.9294
[2026-05-20 21:37:43,712] Epoch 6 - Training loss: 0.228081   Test Accuracy: 0.9354
[2026-05-20 21:38:43,899] Epoch 7 - Training loss: 0.198290   Test Accuracy: 0.9443
[2026-05-20 21:39:45,436] Epoch 8 - Training loss: 0.176717   Test Accuracy: 0.9477
[2026-05-20 21:40:47,874] Epoch 9 - Training loss: 0.158045   Test Accuracy: 0.9532
[2026-05-20 21:41:49,721] Epoch 10 - Training loss: 0.144060   Test Accuracy: 0.9520
[2026-05-20 21:42:49,341] Epoch 11 - Training loss: 0.133170   Test Accuracy: 0.9570
[2026-05-20 21:43:48,880] Epoch 12 - Training loss: 0.123782   Test Accuracy: 0.9585
[2026-05-20 21:44:52,759] Epoch 13 - Training loss: 0.117747   Test Accuracy: 0.9596
[2026-05-20 21:45:56,649] Epoch 14 - Training loss: 0.116836   Test Accuracy: 0.9592
[2026-05-20 21:46:56,279] Epoch 15 - Training loss: 0.114114   Test Accuracy: 0.9593
[2026-05-20 21:47:56,270] Epoch 16 - Training loss: 0.109974   Test Accuracy: 0.9607
[2026-05-20 21:48:55,599] Epoch 17 - Training loss: 0.107728   Test Accuracy: 0.9601
[2026-05-20 21:49:51,654] Epoch 18 - Training loss: 0.104624   Test Accuracy: 0.9608
[2026-05-20 21:50:53,774] Epoch 19 - Training loss: 0.102310   Test Accuracy: 0.9623
[2026-05-20 21:51:54,560] Epoch 20 - Training loss: 0.099652   Test Accuracy: 0.9604
[2026-05-20 21:52:52,969] Epoch 21 - Training loss: 0.097999   Test Accuracy: 0.9632
[2026-05-20 21:53:53,657] Epoch 22 - Training loss: 0.097085   Test Accuracy: 0.9631
[2026-05-20 21:54:57,624] Epoch 23 - Training loss: 0.092914   Test Accuracy: 0.9600
[2026-05-20 21:55:59,378] Epoch 24 - Training loss: 0.091720   Test Accuracy: 0.9637
[2026-05-20 21:57:00,189] Epoch 25 - Training loss: 0.091358   Test Accuracy: 0.9646
[2026-05-20 21:57:58,438] Epoch 26 - Training loss: 0.086998   Test Accuracy: 0.9663
[2026-05-20 21:58:56,220] Epoch 27 - Training loss: 0.084791   Test Accuracy: 0.9646
[2026-05-20 21:59:54,010] Epoch 28 - Training loss: 0.085042   Test Accuracy: 0.9647
[2026-05-20 22:00:56,236] Epoch 29 - Training loss: 0.083093   Test Accuracy: 0.9630
[2026-05-20 22:01:54,453] Epoch 30 - Training loss: 0.081054   Test Accuracy: 0.9667
aihwkit path:  /home/bong/analog_stress_test/aihwkit-fork/src/aihwkit/__init__.py
NeurIPS-2025/S2-mnist-FCN.py --CUDA 0 --SETTING TT-v2 --RPU Pow --tau 0.7 --res-gamma 2.0 --res-state 140
Using Device:  cuda:0
Logging to file: runs/MNIST-FCN/Pow-gamma=2.0-state=140/TT-v2-tau=0.7/events.out.tfevents.1779280291.user.2368538.0

Training Time (s) = 1820.6851580142975
