# CMD: CUDA_VISIBLE_DEVICES=3 PYTHONPATH=/home/bong/analog_stress_test/analog-training SEED=1 INP_RES=0.007936507936507936 OUT_RES=0.00196078431372549 INP_NOISE=0.0 OUT_NOISE=0.06 python NeurIPS-2025/S2-mnist-CNN.py --CUDA 0 --SETTING RL-v2 --RPU Pow --tau 0.7 --res-gamma 0.5 --res-state 140
[2026-05-26 04:25:18,381] Epoch 0 - Training loss: --------   Test Accuracy: 0.1422
[2026-05-26 04:26:52,801] Epoch 1 - Training loss: 0.469416   Test Accuracy: 0.9399
[2026-05-26 04:28:32,380] Epoch 2 - Training loss: 0.167571   Test Accuracy: 0.9644
[2026-05-26 04:30:12,952] Epoch 3 - Training loss: 0.098053   Test Accuracy: 0.9811
[2026-05-26 04:31:54,202] Epoch 4 - Training loss: 0.068667   Test Accuracy: 0.9817
[2026-05-26 04:33:33,890] Epoch 5 - Training loss: 0.053357   Test Accuracy: 0.9868
[2026-05-26 04:35:16,193] Epoch 6 - Training loss: 0.041748   Test Accuracy: 0.9837
[2026-05-26 04:37:00,091] Epoch 7 - Training loss: 0.035341   Test Accuracy: 0.9874
[2026-05-26 04:38:43,674] Epoch 8 - Training loss: 0.029643   Test Accuracy: 0.9830
[2026-05-26 04:40:25,559] Epoch 9 - Training loss: 0.025075   Test Accuracy: 0.9851
[2026-05-26 04:42:05,455] Epoch 10 - Training loss: 0.023586   Test Accuracy: 0.9839
[2026-05-26 04:43:47,672] Epoch 11 - Training loss: 0.021504   Test Accuracy: 0.9876
[2026-05-26 04:45:30,142] Epoch 12 - Training loss: 0.020158   Test Accuracy: 0.9850
[2026-05-26 04:47:12,314] Epoch 13 - Training loss: 0.017894   Test Accuracy: 0.9860
[2026-05-26 04:48:54,950] Epoch 14 - Training loss: 0.016939   Test Accuracy: 0.9889
[2026-05-26 04:50:35,214] Epoch 15 - Training loss: 0.016129   Test Accuracy: 0.9868
[2026-05-26 04:52:15,720] Epoch 16 - Training loss: 0.015569   Test Accuracy: 0.9850
[2026-05-26 04:53:58,256] Epoch 17 - Training loss: 0.014598   Test Accuracy: 0.9858
[2026-05-26 04:55:41,661] Epoch 18 - Training loss: 0.015389   Test Accuracy: 0.9872
[2026-05-26 04:57:23,529] Epoch 19 - Training loss: 0.015052   Test Accuracy: 0.9858
[2026-05-26 04:59:06,194] Epoch 20 - Training loss: 0.015574   Test Accuracy: 0.9868
[2026-05-26 05:00:48,870] Epoch 21 - Training loss: 0.014026   Test Accuracy: 0.9863
[2026-05-26 05:02:28,362] Epoch 22 - Training loss: 0.015211   Test Accuracy: 0.9865
[2026-05-26 05:04:05,740] Epoch 23 - Training loss: 0.013278   Test Accuracy: 0.9873
[2026-05-26 05:05:48,422] Epoch 24 - Training loss: 0.012953   Test Accuracy: 0.9859
[2026-05-26 05:07:31,893] Epoch 25 - Training loss: 0.014046   Test Accuracy: 0.9869
[2026-05-26 05:09:17,015] Epoch 26 - Training loss: 0.014262   Test Accuracy: 0.9858
[2026-05-26 05:11:00,821] Epoch 27 - Training loss: 0.011043   Test Accuracy: 0.9862
[2026-05-26 05:12:44,827] Epoch 28 - Training loss: 0.013061   Test Accuracy: 0.9859
[2026-05-26 05:14:16,144] Epoch 29 - Training loss: 0.013375   Test Accuracy: 0.9873
[2026-05-26 05:15:51,755] Epoch 30 - Training loss: 0.012107   Test Accuracy: 0.9879
aihwkit path:  /home/bong/analog_stress_test/aihwkit-fork/src/aihwkit/__init__.py
NeurIPS-2025/S2-mnist-CNN.py --CUDA 0 --SETTING RL-v2 --RPU Pow --tau 0.7 --res-gamma 0.5 --res-state 140
Using Device:  cuda:0
Logging to file: runs/MNIST-CNN/Pow-gamma=0.5-state=140/RL-v2-tau=0.7/events.out.tfevents.1779737111.user.734529.0

Training Time (s) = 3037.549041748047
