# CMD: CUDA_VISIBLE_DEVICES=3 PYTHONPATH=/home/bong/analog_stress_test/analog-training SEED=2 INP_RES=0.07142857142857142 OUT_RES=0.007936507936507936 INP_NOISE=0.1 OUT_NOISE=0.1 python NeurIPS-2025/S2-mnist-CNN.py --CUDA 0 --SETTING RL-v2 --RPU Pow --tau 0.7 --res-gamma 0.5 --res-state 140
[2026-05-26 07:44:02,574] Epoch 0 - Training loss: --------   Test Accuracy: 0.1226
[2026-05-26 07:45:24,401] Epoch 1 - Training loss: 0.548522   Test Accuracy: 0.9151
[2026-05-26 07:46:47,206] Epoch 2 - Training loss: 0.217392   Test Accuracy: 0.9606
[2026-05-26 07:48:17,995] Epoch 3 - Training loss: 0.132904   Test Accuracy: 0.9706
[2026-05-26 07:49:54,196] Epoch 4 - Training loss: 0.094782   Test Accuracy: 0.9768
[2026-05-26 07:51:27,264] Epoch 5 - Training loss: 0.079491   Test Accuracy: 0.9771
[2026-05-26 07:52:59,233] Epoch 6 - Training loss: 0.065858   Test Accuracy: 0.9825
[2026-05-26 07:54:33,080] Epoch 7 - Training loss: 0.060063   Test Accuracy: 0.9791
[2026-05-26 07:56:06,149] Epoch 8 - Training loss: 0.053861   Test Accuracy: 0.9812
[2026-05-26 07:57:39,271] Epoch 9 - Training loss: 0.049896   Test Accuracy: 0.9812
[2026-05-26 07:59:16,417] Epoch 10 - Training loss: 0.048499   Test Accuracy: 0.9810
[2026-05-26 08:00:51,212] Epoch 11 - Training loss: 0.045494   Test Accuracy: 0.9818
[2026-05-26 08:02:30,643] Epoch 12 - Training loss: 0.042732   Test Accuracy: 0.9835
[2026-05-26 08:04:06,294] Epoch 13 - Training loss: 0.042878   Test Accuracy: 0.9834
[2026-05-26 08:05:45,570] Epoch 14 - Training loss: 0.041431   Test Accuracy: 0.9790
[2026-05-26 08:07:20,087] Epoch 15 - Training loss: 0.039921   Test Accuracy: 0.9803
[2026-05-26 08:08:59,419] Epoch 16 - Training loss: 0.041507   Test Accuracy: 0.9806
[2026-05-26 08:10:34,525] Epoch 17 - Training loss: 0.039020   Test Accuracy: 0.9846
[2026-05-26 08:12:11,413] Epoch 18 - Training loss: 0.038170   Test Accuracy: 0.9829
[2026-05-26 08:13:45,895] Epoch 19 - Training loss: 0.038492   Test Accuracy: 0.9806
[2026-05-26 08:15:25,698] Epoch 20 - Training loss: 0.038035   Test Accuracy: 0.9840
[2026-05-26 08:17:02,959] Epoch 21 - Training loss: 0.038244   Test Accuracy: 0.9843
[2026-05-26 08:18:40,307] Epoch 22 - Training loss: 0.036847   Test Accuracy: 0.9847
[2026-05-26 08:20:19,486] Epoch 23 - Training loss: 0.038208   Test Accuracy: 0.9829
[2026-05-26 08:21:52,245] Epoch 24 - Training loss: 0.037868   Test Accuracy: 0.9809
[2026-05-26 08:23:31,428] Epoch 25 - Training loss: 0.038149   Test Accuracy: 0.9831
[2026-05-26 08:25:09,276] Epoch 26 - Training loss: 0.036264   Test Accuracy: 0.9854
[2026-05-26 08:26:48,061] Epoch 27 - Training loss: 0.038144   Test Accuracy: 0.9834
[2026-05-26 08:28:20,177] Epoch 28 - Training loss: 0.039045   Test Accuracy: 0.9833
[2026-05-26 08:29:52,747] Epoch 29 - Training loss: 0.037888   Test Accuracy: 0.9816
[2026-05-26 08:31:24,208] Epoch 30 - Training loss: 0.037726   Test Accuracy: 0.9833
aihwkit path:  /home/bong/analog_stress_test/aihwkit-fork/src/aihwkit/__init__.py
NeurIPS-2025/S2-mnist-CNN.py --CUDA 0 --SETTING RL-v2 --RPU Pow --tau 0.7 --res-gamma 0.5 --res-state 140
Using Device:  cuda:0
Logging to file: runs/MNIST-CNN/Pow-gamma=0.5-state=140/RL-v2-tau=0.7/events.out.tfevents.1779749036.user.754712.0

Training Time (s) = 2845.7692244052887
