# CMD: CUDA_VISIBLE_DEVICES=3 PYTHONPATH=/home/bong/analog_stress_test/analog-training SEED=2 INP_RES=0.016129032258064516 OUT_RES=0.003937007874015748 INP_NOISE=0.06 OUT_NOISE=0.06 python NeurIPS-2025/S2-mnist-CNN.py --CUDA 0 --SETTING RL-v2 --RPU Pow --tau 0.7 --res-gamma 0.5 --res-state 140
[2026-05-26 06:05:26,731] Epoch 0 - Training loss: --------   Test Accuracy: 0.1399
[2026-05-26 06:07:03,691] Epoch 1 - Training loss: 0.478061   Test Accuracy: 0.9265
[2026-05-26 06:08:45,190] Epoch 2 - Training loss: 0.177881   Test Accuracy: 0.9674
[2026-05-26 06:10:26,693] Epoch 3 - Training loss: 0.102978   Test Accuracy: 0.9784
[2026-05-26 06:12:09,209] Epoch 4 - Training loss: 0.074924   Test Accuracy: 0.9814
[2026-05-26 06:13:51,591] Epoch 5 - Training loss: 0.060384   Test Accuracy: 0.9783
[2026-05-26 06:15:32,587] Epoch 6 - Training loss: 0.050598   Test Accuracy: 0.9826
[2026-05-26 06:17:14,354] Epoch 7 - Training loss: 0.045834   Test Accuracy: 0.9809
[2026-05-26 06:18:45,748] Epoch 8 - Training loss: 0.040177   Test Accuracy: 0.9848
[2026-05-26 06:20:15,651] Epoch 9 - Training loss: 0.037240   Test Accuracy: 0.9830
[2026-05-26 06:21:52,908] Epoch 10 - Training loss: 0.034213   Test Accuracy: 0.9825
[2026-05-26 06:23:40,204] Epoch 11 - Training loss: 0.031742   Test Accuracy: 0.9854
[2026-05-26 06:25:22,538] Epoch 12 - Training loss: 0.032266   Test Accuracy: 0.9853
[2026-05-26 06:27:06,682] Epoch 13 - Training loss: 0.029947   Test Accuracy: 0.9835
[2026-05-26 06:28:50,044] Epoch 14 - Training loss: 0.029199   Test Accuracy: 0.9840
[2026-05-26 06:30:30,185] Epoch 15 - Training loss: 0.029666   Test Accuracy: 0.9856
[2026-05-26 06:32:12,398] Epoch 16 - Training loss: 0.026459   Test Accuracy: 0.9842
[2026-05-26 06:33:54,559] Epoch 17 - Training loss: 0.028073   Test Accuracy: 0.9853
[2026-05-26 06:35:38,683] Epoch 18 - Training loss: 0.026430   Test Accuracy: 0.9848
[2026-05-26 06:37:21,087] Epoch 19 - Training loss: 0.026924   Test Accuracy: 0.9836
[2026-05-26 06:39:04,400] Epoch 20 - Training loss: 0.026275   Test Accuracy: 0.9845
[2026-05-26 06:40:48,512] Epoch 21 - Training loss: 0.027907   Test Accuracy: 0.9847
[2026-05-26 06:42:32,456] Epoch 22 - Training loss: 0.028636   Test Accuracy: 0.9843
[2026-05-26 06:44:14,530] Epoch 23 - Training loss: 0.027571   Test Accuracy: 0.9843
[2026-05-26 06:45:55,427] Epoch 24 - Training loss: 0.027896   Test Accuracy: 0.9837
[2026-05-26 06:47:36,704] Epoch 25 - Training loss: 0.028187   Test Accuracy: 0.9851
[2026-05-26 06:49:18,950] Epoch 26 - Training loss: 0.027885   Test Accuracy: 0.9847
[2026-05-26 06:51:02,269] Epoch 27 - Training loss: 0.029314   Test Accuracy: 0.9865
[2026-05-26 06:52:44,881] Epoch 28 - Training loss: 0.028863   Test Accuracy: 0.9846
[2026-05-26 06:54:28,192] Epoch 29 - Training loss: 0.027788   Test Accuracy: 0.9854
[2026-05-26 06:56:04,100] Epoch 30 - Training loss: 0.030115   Test Accuracy: 0.9840
aihwkit path:  /home/bong/analog_stress_test/aihwkit-fork/src/aihwkit/__init__.py
NeurIPS-2025/S2-mnist-CNN.py --CUDA 0 --SETTING RL-v2 --RPU Pow --tau 0.7 --res-gamma 0.5 --res-state 140
Using Device:  cuda:0
Logging to file: runs/MNIST-CNN/Pow-gamma=0.5-state=140/RL-v2-tau=0.7/events.out.tfevents.1779743120.user.744901.0

Training Time (s) = 3041.7179708480835
