# CMD: CUDA_VISIBLE_DEVICES=3 PYTHONPATH=/home/bong/analog_stress_test/analog-training SEED=1 INP_RES=0.016129032258064516 OUT_RES=0.003937007874015748 INP_NOISE=0.06 OUT_NOISE=0.06 python NeurIPS-2025/S2-mnist-CNN.py --CUDA 0 --SETTING RL-v2 --RPU Pow --tau 0.7 --res-gamma 0.5 --res-state 140
[2026-05-26 06:05:14,032] Epoch 0 - Training loss: --------   Test Accuracy: 0.1337
[2026-05-26 06:06:45,658] Epoch 1 - Training loss: 0.489741   Test Accuracy: 0.9325
[2026-05-26 06:08:26,046] Epoch 2 - Training loss: 0.177333   Test Accuracy: 0.9520
[2026-05-26 06:10:03,202] Epoch 3 - Training loss: 0.105279   Test Accuracy: 0.9759
[2026-05-26 06:11:46,915] Epoch 4 - Training loss: 0.075417   Test Accuracy: 0.9809
[2026-05-26 06:13:29,681] Epoch 5 - Training loss: 0.060876   Test Accuracy: 0.9861
[2026-05-26 06:15:07,447] Epoch 6 - Training loss: 0.052265   Test Accuracy: 0.9827
[2026-05-26 06:16:51,387] Epoch 7 - Training loss: 0.047104   Test Accuracy: 0.9862
[2026-05-26 06:18:32,919] Epoch 8 - Training loss: 0.043055   Test Accuracy: 0.9859
[2026-05-26 06:20:14,850] Epoch 9 - Training loss: 0.037245   Test Accuracy: 0.9860
[2026-05-26 06:21:57,949] Epoch 10 - Training loss: 0.034012   Test Accuracy: 0.9849
[2026-05-26 06:23:38,747] Epoch 11 - Training loss: 0.032729   Test Accuracy: 0.9857
[2026-05-26 06:25:21,476] Epoch 12 - Training loss: 0.030678   Test Accuracy: 0.9836
[2026-05-26 06:27:05,612] Epoch 13 - Training loss: 0.031451   Test Accuracy: 0.9826
[2026-05-26 06:28:48,907] Epoch 14 - Training loss: 0.031920   Test Accuracy: 0.9847
[2026-05-26 06:30:24,271] Epoch 15 - Training loss: 0.029833   Test Accuracy: 0.9836
[2026-05-26 06:31:56,625] Epoch 16 - Training loss: 0.030683   Test Accuracy: 0.9835
[2026-05-26 06:33:36,328] Epoch 17 - Training loss: 0.029029   Test Accuracy: 0.9850
[2026-05-26 06:35:18,319] Epoch 18 - Training loss: 0.029523   Test Accuracy: 0.9836
[2026-05-26 06:36:52,895] Epoch 19 - Training loss: 0.027954   Test Accuracy: 0.9858
[2026-05-26 06:38:32,443] Epoch 20 - Training loss: 0.027270   Test Accuracy: 0.9815
[2026-05-26 06:40:15,965] Epoch 21 - Training loss: 0.029669   Test Accuracy: 0.9849
[2026-05-26 06:41:56,183] Epoch 22 - Training loss: 0.028798   Test Accuracy: 0.9846
[2026-05-26 06:43:38,364] Epoch 23 - Training loss: 0.029132   Test Accuracy: 0.9869
[2026-05-26 06:45:20,254] Epoch 24 - Training loss: 0.029975   Test Accuracy: 0.9852
[2026-05-26 06:47:02,033] Epoch 25 - Training loss: 0.030229   Test Accuracy: 0.9846
[2026-05-26 06:48:44,732] Epoch 26 - Training loss: 0.028920   Test Accuracy: 0.9850
[2026-05-26 06:50:26,884] Epoch 27 - Training loss: 0.030157   Test Accuracy: 0.9840
[2026-05-26 06:52:11,307] Epoch 28 - Training loss: 0.029762   Test Accuracy: 0.9861
[2026-05-26 06:53:54,374] Epoch 29 - Training loss: 0.030409   Test Accuracy: 0.9848
[2026-05-26 06:55:38,259] Epoch 30 - Training loss: 0.030933   Test Accuracy: 0.9861
aihwkit path:  /home/bong/analog_stress_test/aihwkit-fork/src/aihwkit/__init__.py
NeurIPS-2025/S2-mnist-CNN.py --CUDA 0 --SETTING RL-v2 --RPU Pow --tau 0.7 --res-gamma 0.5 --res-state 140
Using Device:  cuda:0
Logging to file: runs/MNIST-CNN/Pow-gamma=0.5-state=140/RL-v2-tau=0.7/events.out.tfevents.1779743108.user.744665.0

Training Time (s) = 3028.127083301544
