# CMD: CUDA_VISIBLE_DEVICES=3 PYTHONPATH=/home/bong/analog_stress_test/analog-training SEED=1 INP_RES=0.07142857142857142 OUT_RES=0.007936507936507936 INP_NOISE=0.1 OUT_NOISE=0.1 python NeurIPS-2025/S2-mnist-CNN.py --CUDA 0 --SETTING RL-v2 --RPU Pow --tau 0.7 --res-gamma 0.5 --res-state 140
[2026-05-26 06:56:16,555] Epoch 0 - Training loss: --------   Test Accuracy: 0.1187
[2026-05-26 06:57:53,100] Epoch 1 - Training loss: 0.568264   Test Accuracy: 0.9197
[2026-05-26 06:59:28,707] Epoch 2 - Training loss: 0.217166   Test Accuracy: 0.9530
[2026-05-26 07:01:05,155] Epoch 3 - Training loss: 0.132661   Test Accuracy: 0.9701
[2026-05-26 07:02:41,200] Epoch 4 - Training loss: 0.096939   Test Accuracy: 0.9715
[2026-05-26 07:04:21,017] Epoch 5 - Training loss: 0.077675   Test Accuracy: 0.9808
[2026-05-26 07:06:01,189] Epoch 6 - Training loss: 0.066832   Test Accuracy: 0.9801
[2026-05-26 07:07:39,012] Epoch 7 - Training loss: 0.060760   Test Accuracy: 0.9834
[2026-05-26 07:09:14,032] Epoch 8 - Training loss: 0.055429   Test Accuracy: 0.9796
[2026-05-26 07:10:55,824] Epoch 9 - Training loss: 0.051434   Test Accuracy: 0.9831
[2026-05-26 07:12:32,294] Epoch 10 - Training loss: 0.049803   Test Accuracy: 0.9820
[2026-05-26 07:14:09,572] Epoch 11 - Training loss: 0.047772   Test Accuracy: 0.9831
[2026-05-26 07:15:48,685] Epoch 12 - Training loss: 0.045767   Test Accuracy: 0.9806
[2026-05-26 07:17:28,484] Epoch 13 - Training loss: 0.045911   Test Accuracy: 0.9782
[2026-05-26 07:19:02,559] Epoch 14 - Training loss: 0.045124   Test Accuracy: 0.9822
[2026-05-26 07:20:39,166] Epoch 15 - Training loss: 0.043710   Test Accuracy: 0.9804
[2026-05-26 07:22:15,307] Epoch 16 - Training loss: 0.041554   Test Accuracy: 0.9795
[2026-05-26 07:23:50,343] Epoch 17 - Training loss: 0.041852   Test Accuracy: 0.9843
[2026-05-26 07:25:26,233] Epoch 18 - Training loss: 0.040415   Test Accuracy: 0.9839
[2026-05-26 07:27:00,431] Epoch 19 - Training loss: 0.040021   Test Accuracy: 0.9843
[2026-05-26 07:28:33,669] Epoch 20 - Training loss: 0.040141   Test Accuracy: 0.9824
[2026-05-26 07:30:02,721] Epoch 21 - Training loss: 0.039534   Test Accuracy: 0.9827
[2026-05-26 07:31:34,295] Epoch 22 - Training loss: 0.040155   Test Accuracy: 0.9826
[2026-05-26 07:33:10,321] Epoch 23 - Training loss: 0.038513   Test Accuracy: 0.9837
[2026-05-26 07:34:46,646] Epoch 24 - Training loss: 0.039105   Test Accuracy: 0.9844
[2026-05-26 07:36:20,278] Epoch 25 - Training loss: 0.037004   Test Accuracy: 0.9833
[2026-05-26 07:37:55,378] Epoch 26 - Training loss: 0.038171   Test Accuracy: 0.9838
[2026-05-26 07:39:20,011] Epoch 27 - Training loss: 0.037619   Test Accuracy: 0.9812
[2026-05-26 07:40:53,398] Epoch 28 - Training loss: 0.038823   Test Accuracy: 0.9842
[2026-05-26 07:42:20,265] Epoch 29 - Training loss: 0.038206   Test Accuracy: 0.9836
[2026-05-26 07:43:51,303] Epoch 30 - Training loss: 0.037402   Test Accuracy: 0.9831
aihwkit path:  /home/bong/analog_stress_test/aihwkit-fork/src/aihwkit/__init__.py
NeurIPS-2025/S2-mnist-CNN.py --CUDA 0 --SETTING RL-v2 --RPU Pow --tau 0.7 --res-gamma 0.5 --res-state 140
Using Device:  cuda:0
Logging to file: runs/MNIST-CNN/Pow-gamma=0.5-state=140/RL-v2-tau=0.7/events.out.tfevents.1779746169.user.750117.0

Training Time (s) = 2859.5882272720337
