# CMD: CUDA_VISIBLE_DEVICES=1 PYTHONPATH=/home/bong/analog_stress_test/analog-training SEED=3 python NeurIPS-2025/S2-mnist-FCN.py --CUDA 0 --SETTING RL-v2 --RPU EcRamMO
[2026-05-25 19:36:21,235] Epoch 0 - Training loss: --------   Test Accuracy: 0.0931
[2026-05-25 19:37:17,352] Epoch 1 - Training loss: 2.302930   Test Accuracy: 0.1135
[2026-05-25 19:38:23,348] Epoch 2 - Training loss: 2.297237   Test Accuracy: 0.1321
[2026-05-25 19:39:30,050] Epoch 3 - Training loss: 2.282635   Test Accuracy: 0.1601
[2026-05-25 19:40:35,782] Epoch 4 - Training loss: 2.259505   Test Accuracy: 0.1700
[2026-05-25 19:41:43,538] Epoch 5 - Training loss: 2.244172   Test Accuracy: 0.1905
[2026-05-25 19:42:50,475] Epoch 6 - Training loss: 2.225126   Test Accuracy: 0.1909
[2026-05-25 19:43:57,321] Epoch 7 - Training loss: 2.199205   Test Accuracy: 0.2173
[2026-05-25 19:45:04,612] Epoch 8 - Training loss: 2.170394   Test Accuracy: 0.2332
[2026-05-25 19:46:11,743] Epoch 9 - Training loss: 2.175268   Test Accuracy: 0.2216
[2026-05-25 19:47:19,707] Epoch 10 - Training loss: 2.157651   Test Accuracy: 0.2377
[2026-05-25 19:48:25,411] Epoch 11 - Training loss: 2.129416   Test Accuracy: 0.2410
[2026-05-25 19:49:33,925] Epoch 12 - Training loss: 2.129018   Test Accuracy: 0.2365
[2026-05-25 19:50:41,794] Epoch 13 - Training loss: 2.120676   Test Accuracy: 0.2516
[2026-05-25 19:51:51,328] Epoch 14 - Training loss: 2.104490   Test Accuracy: 0.2560
[2026-05-25 19:52:59,687] Epoch 15 - Training loss: 2.106970   Test Accuracy: 0.2624
[2026-05-25 19:54:06,776] Epoch 16 - Training loss: 2.095006   Test Accuracy: 0.2658
[2026-05-25 19:55:14,552] Epoch 17 - Training loss: 2.072635   Test Accuracy: 0.2721
[2026-05-25 19:56:21,915] Epoch 18 - Training loss: 2.069168   Test Accuracy: 0.2715
[2026-05-25 19:57:29,302] Epoch 19 - Training loss: 2.058345   Test Accuracy: 0.2682
[2026-05-25 19:58:36,285] Epoch 20 - Training loss: 2.058644   Test Accuracy: 0.2835
[2026-05-25 19:59:44,535] Epoch 21 - Training loss: 2.053508   Test Accuracy: 0.2767
[2026-05-25 20:00:49,321] Epoch 22 - Training loss: 2.053889   Test Accuracy: 0.2732
[2026-05-25 20:01:57,522] Epoch 23 - Training loss: 2.049857   Test Accuracy: 0.2845
[2026-05-25 20:03:05,161] Epoch 24 - Training loss: 2.051898   Test Accuracy: 0.2823
[2026-05-25 20:04:09,414] Epoch 25 - Training loss: 2.038332   Test Accuracy: 0.2773
[2026-05-25 20:05:13,417] Epoch 26 - Training loss: 2.037200   Test Accuracy: 0.2846
[2026-05-25 20:06:20,910] Epoch 27 - Training loss: 2.037434   Test Accuracy: 0.2878
[2026-05-25 20:07:28,488] Epoch 28 - Training loss: 2.035290   Test Accuracy: 0.2921
[2026-05-25 20:08:36,050] Epoch 29 - Training loss: 2.033993   Test Accuracy: 0.3026
[2026-05-25 20:09:43,765] Epoch 30 - Training loss: 2.027482   Test Accuracy: 0.2905
aihwkit path:  /home/bong/analog_stress_test/aihwkit-fork/src/aihwkit/__init__.py
NeurIPS-2025/S2-mnist-FCN.py --CUDA 0 --SETTING RL-v2 --RPU EcRamMO
Using Device:  cuda:0
Logging to file: runs/MNIST-FCN/EcRamMO/RL-v2-tau=1/events.out.tfevents.1779705375.user.657885.0

Training Time (s) = 2005.9291760921478
