# CMD: CUDA_VISIBLE_DEVICES=1 PYTHONPATH=/home/bong/analog_stress_test/analog-training SEED=2 python NeurIPS-2025/S2-mnist-FCN.py --CUDA 0 --SETTING RL-v2 --RPU HfO2
[2026-05-25 17:17:59,452] Epoch 0 - Training loss: --------   Test Accuracy: 0.1009
[2026-05-25 17:19:06,205] Epoch 1 - Training loss: 2.121215   Test Accuracy: 0.5561
[2026-05-25 17:20:16,756] Epoch 2 - Training loss: 1.742403   Test Accuracy: 0.2521
[2026-05-25 17:21:28,551] Epoch 3 - Training loss: 1.836931   Test Accuracy: 0.4797
[2026-05-25 17:22:38,649] Epoch 4 - Training loss: 1.697947   Test Accuracy: 0.4990
[2026-05-25 17:23:47,315] Epoch 5 - Training loss: 1.464510   Test Accuracy: 0.5136
[2026-05-25 17:24:56,541] Epoch 6 - Training loss: 1.278777   Test Accuracy: 0.6952
[2026-05-25 17:26:04,999] Epoch 7 - Training loss: 1.007559   Test Accuracy: 0.6636
[2026-05-25 17:27:13,744] Epoch 8 - Training loss: 0.844530   Test Accuracy: 0.7603
[2026-05-25 17:28:26,777] Epoch 9 - Training loss: 0.707569   Test Accuracy: 0.8376
[2026-05-25 17:29:38,773] Epoch 10 - Training loss: 0.609429   Test Accuracy: 0.8118
[2026-05-25 17:30:53,510] Epoch 11 - Training loss: 0.544852   Test Accuracy: 0.8833
[2026-05-25 17:32:04,227] Epoch 12 - Training loss: 0.500019   Test Accuracy: 0.8501
[2026-05-25 17:33:14,493] Epoch 13 - Training loss: 0.442771   Test Accuracy: 0.8748
[2026-05-25 17:34:26,683] Epoch 14 - Training loss: 0.426467   Test Accuracy: 0.8421
[2026-05-25 17:35:36,491] Epoch 15 - Training loss: 0.395397   Test Accuracy: 0.8774
[2026-05-25 17:36:45,543] Epoch 16 - Training loss: 0.341328   Test Accuracy: 0.9069
[2026-05-25 17:37:54,906] Epoch 17 - Training loss: 0.327035   Test Accuracy: 0.9037
[2026-05-25 17:39:04,466] Epoch 18 - Training loss: 0.312673   Test Accuracy: 0.9153
[2026-05-25 17:40:18,590] Epoch 19 - Training loss: 0.298588   Test Accuracy: 0.9154
[2026-05-25 17:41:33,048] Epoch 20 - Training loss: 0.298485   Test Accuracy: 0.9183
[2026-05-25 17:42:42,618] Epoch 21 - Training loss: 0.290720   Test Accuracy: 0.9183
[2026-05-25 17:43:52,885] Epoch 22 - Training loss: 0.287908   Test Accuracy: 0.9041
[2026-05-25 17:45:00,568] Epoch 23 - Training loss: 0.277219   Test Accuracy: 0.9169
[2026-05-25 17:46:10,395] Epoch 24 - Training loss: 0.275911   Test Accuracy: 0.9163
[2026-05-25 17:47:19,665] Epoch 25 - Training loss: 0.272169   Test Accuracy: 0.9150
[2026-05-25 17:48:27,653] Epoch 26 - Training loss: 0.269376   Test Accuracy: 0.9229
[2026-05-25 17:49:36,153] Epoch 27 - Training loss: 0.263929   Test Accuracy: 0.9195
[2026-05-25 17:50:46,366] Epoch 28 - Training loss: 0.259276   Test Accuracy: 0.9257
[2026-05-25 17:51:56,615] Epoch 29 - Training loss: 0.258845   Test Accuracy: 0.9300
[2026-05-25 17:52:58,283] Epoch 30 - Training loss: 0.258398   Test Accuracy: 0.9235
aihwkit path:  /home/bong/analog_stress_test/aihwkit-fork/src/aihwkit/__init__.py
NeurIPS-2025/S2-mnist-FCN.py --CUDA 0 --SETTING RL-v2 --RPU HfO2
Using Device:  cuda:0
Logging to file: runs/MNIST-FCN/HfO2/RL-v2-tau=1/events.out.tfevents.1779697073.user.631937.0

Training Time (s) = 2102.4204087257385
