# CMD: CUDA_VISIBLE_DEVICES=3 PYTHONPATH=/home/bong/analog_stress_test/analog-training SEED=3 INP_RES=0.016129032258064516 OUT_RES=0.003937007874015748 INP_NOISE=0.06 OUT_NOISE=0.06 python NeurIPS-2025/S2-mnist-FCN.py --CUDA 0 --SETTING TT-v2 --RPU Pow --tau 0.7 --res-gamma 0.5 --res-state 140
[2026-05-22 19:46:24,154] Epoch 0 - Training loss: --------   Test Accuracy: 0.0943
[2026-05-22 19:47:44,265] Epoch 1 - Training loss: 2.302941   Test Accuracy: 0.1135
[2026-05-22 19:49:04,109] Epoch 2 - Training loss: 2.302024   Test Accuracy: 0.1136
[2026-05-22 19:50:19,071] Epoch 3 - Training loss: 2.235640   Test Accuracy: 0.5732
[2026-05-22 19:51:39,411] Epoch 4 - Training loss: 0.871664   Test Accuracy: 0.8255
[2026-05-22 19:52:57,759] Epoch 5 - Training loss: 0.499775   Test Accuracy: 0.8708
[2026-05-22 19:54:15,726] Epoch 6 - Training loss: 0.400879   Test Accuracy: 0.8933
[2026-05-22 19:55:34,686] Epoch 7 - Training loss: 0.346621   Test Accuracy: 0.9025
[2026-05-22 19:56:53,824] Epoch 8 - Training loss: 0.312168   Test Accuracy: 0.9115
[2026-05-22 19:58:11,750] Epoch 9 - Training loss: 0.284889   Test Accuracy: 0.9169
[2026-05-22 19:59:31,360] Epoch 10 - Training loss: 0.263576   Test Accuracy: 0.9245
[2026-05-22 20:00:50,370] Epoch 11 - Training loss: 0.244383   Test Accuracy: 0.9270
[2026-05-22 20:02:09,614] Epoch 12 - Training loss: 0.228474   Test Accuracy: 0.9288
[2026-05-22 20:03:32,810] Epoch 13 - Training loss: 0.223001   Test Accuracy: 0.9332
[2026-05-22 20:04:55,249] Epoch 14 - Training loss: 0.217520   Test Accuracy: 0.9301
[2026-05-22 20:06:22,475] Epoch 15 - Training loss: 0.220789   Test Accuracy: 0.9287
[2026-05-22 20:07:51,457] Epoch 16 - Training loss: 0.227719   Test Accuracy: 0.9262
[2026-05-22 20:09:19,864] Epoch 17 - Training loss: 0.229222   Test Accuracy: 0.9285
[2026-05-22 20:10:44,875] Epoch 18 - Training loss: 0.220791   Test Accuracy: 0.9323
[2026-05-22 20:12:07,280] Epoch 19 - Training loss: 0.214216   Test Accuracy: 0.9331
[2026-05-22 20:13:33,119] Epoch 20 - Training loss: 0.206794   Test Accuracy: 0.9345
[2026-05-22 20:14:55,790] Epoch 21 - Training loss: 0.200272   Test Accuracy: 0.9355
[2026-05-22 20:16:19,495] Epoch 22 - Training loss: 0.197284   Test Accuracy: 0.9355
[2026-05-22 20:17:42,874] Epoch 23 - Training loss: 0.194654   Test Accuracy: 0.9355
[2026-05-22 20:19:04,160] Epoch 24 - Training loss: 0.191081   Test Accuracy: 0.9352
[2026-05-22 20:20:25,900] Epoch 25 - Training loss: 0.188823   Test Accuracy: 0.9372
[2026-05-22 20:21:45,314] Epoch 26 - Training loss: 0.186016   Test Accuracy: 0.9378
[2026-05-22 20:23:07,753] Epoch 27 - Training loss: 0.185266   Test Accuracy: 0.9411
[2026-05-22 20:24:30,042] Epoch 28 - Training loss: 0.182951   Test Accuracy: 0.9403
[2026-05-22 20:25:50,027] Epoch 29 - Training loss: 0.178742   Test Accuracy: 0.9408
[2026-05-22 20:27:12,443] Epoch 30 - Training loss: 0.177538   Test Accuracy: 0.9394
aihwkit path:  /home/bong/analog_stress_test/aihwkit-fork/src/aihwkit/__init__.py
NeurIPS-2025/S2-mnist-FCN.py --CUDA 0 --SETTING TT-v2 --RPU Pow --tau 0.7 --res-gamma 0.5 --res-state 140
Using Device:  cuda:0
Logging to file: runs/MNIST-FCN/Pow-gamma=0.5-state=140/TT-v2-tau=0.7/events.out.tfevents.1779446777.user.223011.0

Training Time (s) = 2452.9124863147736
