# CMD: CUDA_VISIBLE_DEVICES=3 PYTHONPATH=/home/bong/analog_stress_test/analog-training SEED=2 INP_RES=0.003937007874015748 OUT_RES=0.00196078431372549 INP_NOISE=0.06 OUT_NOISE=0.06 python NeurIPS-2025/S2-mnist-FCN.py --CUDA 0 --SETTING TT-v2 --RPU Pow --tau 0.7 --res-gamma 0.5 --res-state 140
[2026-05-22 18:32:50,420] Epoch 0 - Training loss: --------   Test Accuracy: 0.1009
[2026-05-22 18:33:51,315] Epoch 1 - Training loss: 2.301979   Test Accuracy: 0.1140
[2026-05-22 18:34:52,857] Epoch 2 - Training loss: 1.956127   Test Accuracy: 0.7830
[2026-05-22 18:35:54,325] Epoch 3 - Training loss: 0.441901   Test Accuracy: 0.9038
[2026-05-22 18:36:55,737] Epoch 4 - Training loss: 0.280832   Test Accuracy: 0.9271
[2026-05-22 18:37:57,419] Epoch 5 - Training loss: 0.231000   Test Accuracy: 0.9300
[2026-05-22 18:38:58,571] Epoch 6 - Training loss: 0.201715   Test Accuracy: 0.9418
[2026-05-22 18:40:01,289] Epoch 7 - Training loss: 0.169497   Test Accuracy: 0.9466
[2026-05-22 18:41:04,250] Epoch 8 - Training loss: 0.151283   Test Accuracy: 0.9476
[2026-05-22 18:42:07,566] Epoch 9 - Training loss: 0.177081   Test Accuracy: 0.9369
[2026-05-22 18:43:10,794] Epoch 10 - Training loss: 0.176334   Test Accuracy: 0.9472
[2026-05-22 18:44:15,757] Epoch 11 - Training loss: 0.144313   Test Accuracy: 0.9542
[2026-05-22 18:45:19,107] Epoch 12 - Training loss: 0.133678   Test Accuracy: 0.9546
[2026-05-22 18:46:19,013] Epoch 13 - Training loss: 0.120662   Test Accuracy: 0.9557
[2026-05-22 18:47:21,255] Epoch 14 - Training loss: 0.110864   Test Accuracy: 0.9570
[2026-05-22 18:48:25,295] Epoch 15 - Training loss: 0.108231   Test Accuracy: 0.9573
[2026-05-22 18:49:28,305] Epoch 16 - Training loss: 0.095285   Test Accuracy: 0.9597
[2026-05-22 18:50:33,129] Epoch 17 - Training loss: 0.096813   Test Accuracy: 0.9573
[2026-05-22 18:51:38,373] Epoch 18 - Training loss: 0.106230   Test Accuracy: 0.9540
[2026-05-22 18:52:42,763] Epoch 19 - Training loss: 0.127044   Test Accuracy: 0.9491
[2026-05-22 18:53:46,286] Epoch 20 - Training loss: 0.144987   Test Accuracy: 0.9459
[2026-05-22 18:54:48,040] Epoch 21 - Training loss: 0.191723   Test Accuracy: 0.9249
[2026-05-22 18:55:47,458] Epoch 22 - Training loss: 0.233988   Test Accuracy: 0.9240
[2026-05-22 18:56:50,077] Epoch 23 - Training loss: 0.239093   Test Accuracy: 0.9228
[2026-05-22 18:57:54,714] Epoch 24 - Training loss: 0.234645   Test Accuracy: 0.9267
[2026-05-22 18:58:57,366] Epoch 25 - Training loss: 0.224125   Test Accuracy: 0.9273
[2026-05-22 19:00:02,583] Epoch 26 - Training loss: 0.209650   Test Accuracy: 0.9259
[2026-05-22 19:01:06,651] Epoch 27 - Training loss: 0.188406   Test Accuracy: 0.9372
[2026-05-22 19:02:11,945] Epoch 28 - Training loss: 0.173364   Test Accuracy: 0.9398
[2026-05-22 19:03:14,689] Epoch 29 - Training loss: 0.164413   Test Accuracy: 0.9401
[2026-05-22 19:04:19,882] Epoch 30 - Training loss: 0.156873   Test Accuracy: 0.9437
aihwkit path:  /home/bong/analog_stress_test/aihwkit-fork/src/aihwkit/__init__.py
NeurIPS-2025/S2-mnist-FCN.py --CUDA 0 --SETTING TT-v2 --RPU Pow --tau 0.7 --res-gamma 0.5 --res-state 140
Using Device:  cuda:0
Logging to file: runs/MNIST-FCN/Pow-gamma=0.5-state=140/TT-v2-tau=0.7/events.out.tfevents.1779442364.user.212238.0

Training Time (s) = 1893.033334493637
