# CMD: CUDA_VISIBLE_DEVICES=3 PYTHONPATH=/home/bong/analog_stress_test/analog-training SEED=1 INP_RES=0.016129032258064516 OUT_RES=0.003937007874015748 INP_NOISE=0.06 OUT_NOISE=0.06 python NeurIPS-2025/S2-mnist-FCN.py --CUDA 0 --SETTING TT-v2 --RPU Pow --tau 0.7 --res-gamma 0.5 --res-state 140
[2026-05-22 19:04:30,453] Epoch 0 - Training loss: --------   Test Accuracy: 0.1028
[2026-05-22 19:05:31,558] Epoch 1 - Training loss: 2.302313   Test Accuracy: 0.1107
[2026-05-22 19:06:48,028] Epoch 2 - Training loss: 2.233437   Test Accuracy: 0.6451
[2026-05-22 19:08:07,287] Epoch 3 - Training loss: 0.585755   Test Accuracy: 0.8953
[2026-05-22 19:09:27,241] Epoch 4 - Training loss: 0.304046   Test Accuracy: 0.9236
[2026-05-22 19:10:46,469] Epoch 5 - Training loss: 0.233025   Test Accuracy: 0.9357
[2026-05-22 19:12:07,612] Epoch 6 - Training loss: 0.209957   Test Accuracy: 0.9383
[2026-05-22 19:13:29,438] Epoch 7 - Training loss: 0.178284   Test Accuracy: 0.9457
[2026-05-22 19:14:50,671] Epoch 8 - Training loss: 0.151703   Test Accuracy: 0.9520
[2026-05-22 19:16:12,956] Epoch 9 - Training loss: 0.136087   Test Accuracy: 0.9505
[2026-05-22 19:17:35,681] Epoch 10 - Training loss: 0.155273   Test Accuracy: 0.9452
[2026-05-22 19:19:01,158] Epoch 11 - Training loss: 0.150451   Test Accuracy: 0.9502
[2026-05-22 19:20:25,282] Epoch 12 - Training loss: 0.139106   Test Accuracy: 0.9519
[2026-05-22 19:21:50,353] Epoch 13 - Training loss: 0.126171   Test Accuracy: 0.9525
[2026-05-22 19:23:15,021] Epoch 14 - Training loss: 0.116954   Test Accuracy: 0.9567
[2026-05-22 19:24:40,980] Epoch 15 - Training loss: 0.108685   Test Accuracy: 0.9568
[2026-05-22 19:26:06,302] Epoch 16 - Training loss: 0.099671   Test Accuracy: 0.9591
[2026-05-22 19:27:32,464] Epoch 17 - Training loss: 0.093710   Test Accuracy: 0.9597
[2026-05-22 19:28:58,817] Epoch 18 - Training loss: 0.089728   Test Accuracy: 0.9596
[2026-05-22 19:30:24,989] Epoch 19 - Training loss: 0.088117   Test Accuracy: 0.9601
[2026-05-22 19:31:51,563] Epoch 20 - Training loss: 0.086472   Test Accuracy: 0.9611
[2026-05-22 19:33:17,982] Epoch 21 - Training loss: 0.083959   Test Accuracy: 0.9625
[2026-05-22 19:34:44,320] Epoch 22 - Training loss: 0.084039   Test Accuracy: 0.9618
[2026-05-22 19:36:12,034] Epoch 23 - Training loss: 0.089670   Test Accuracy: 0.9581
[2026-05-22 19:37:40,202] Epoch 24 - Training loss: 0.093725   Test Accuracy: 0.9557
[2026-05-22 19:39:05,369] Epoch 25 - Training loss: 0.096759   Test Accuracy: 0.9579
[2026-05-22 19:40:27,266] Epoch 26 - Training loss: 0.105422   Test Accuracy: 0.9507
[2026-05-22 19:41:52,711] Epoch 27 - Training loss: 0.108583   Test Accuracy: 0.9521
[2026-05-22 19:43:17,941] Epoch 28 - Training loss: 0.115874   Test Accuracy: 0.9522
[2026-05-22 19:44:45,008] Epoch 29 - Training loss: 0.119438   Test Accuracy: 0.9474
[2026-05-22 19:46:12,945] Epoch 30 - Training loss: 0.123105   Test Accuracy: 0.9529
aihwkit path:  /home/bong/analog_stress_test/aihwkit-fork/src/aihwkit/__init__.py
NeurIPS-2025/S2-mnist-FCN.py --CUDA 0 --SETTING TT-v2 --RPU Pow --tau 0.7 --res-gamma 0.5 --res-state 140
Using Device:  cuda:0
Logging to file: runs/MNIST-FCN/Pow-gamma=0.5-state=140/TT-v2-tau=0.7/events.out.tfevents.1779444264.user.214923.0

Training Time (s) = 2506.0461542606354
