# CMD: CUDA_VISIBLE_DEVICES=3 PYTHONPATH=/home/bong/analog_stress_test/analog-training SEED=3 INP_RES=0.07142857142857142 OUT_RES=0.007936507936507936 INP_NOISE=0.1 OUT_NOISE=0.1 python NeurIPS-2025/S2-mnist-FCN.py --CUDA 0 --SETTING TT-v2 --RPU Pow --tau 0.7 --res-gamma 0.5 --res-state 140
[2026-05-22 21:00:08,489] Epoch 0 - Training loss: --------   Test Accuracy: 0.0950
[2026-05-22 21:01:30,720] Epoch 1 - Training loss: 2.303144   Test Accuracy: 0.1135
[2026-05-22 21:02:52,030] Epoch 2 - Training loss: 2.302452   Test Accuracy: 0.1135
[2026-05-22 21:04:14,769] Epoch 3 - Training loss: 2.291915   Test Accuracy: 0.2132
[2026-05-22 21:05:37,162] Epoch 4 - Training loss: 1.597655   Test Accuracy: 0.6812
[2026-05-22 21:06:59,722] Epoch 5 - Training loss: 0.779993   Test Accuracy: 0.7969
[2026-05-22 21:08:22,797] Epoch 6 - Training loss: 0.590681   Test Accuracy: 0.8278
[2026-05-22 21:09:42,976] Epoch 7 - Training loss: 0.560244   Test Accuracy: 0.8361
[2026-05-22 21:11:04,830] Epoch 8 - Training loss: 0.501333   Test Accuracy: 0.8558
[2026-05-22 21:12:28,067] Epoch 9 - Training loss: 0.454040   Test Accuracy: 0.8691
[2026-05-22 21:13:51,534] Epoch 10 - Training loss: 0.430782   Test Accuracy: 0.8732
[2026-05-22 21:15:16,349] Epoch 11 - Training loss: 0.406549   Test Accuracy: 0.8827
[2026-05-22 21:16:41,154] Epoch 12 - Training loss: 0.398693   Test Accuracy: 0.8810
[2026-05-22 21:18:05,335] Epoch 13 - Training loss: 0.387731   Test Accuracy: 0.8853
[2026-05-22 21:19:26,944] Epoch 14 - Training loss: 0.381728   Test Accuracy: 0.8875
[2026-05-22 21:20:50,541] Epoch 15 - Training loss: 0.370934   Test Accuracy: 0.8884
[2026-05-22 21:22:15,377] Epoch 16 - Training loss: 0.364450   Test Accuracy: 0.8907
[2026-05-22 21:23:40,511] Epoch 17 - Training loss: 0.353019   Test Accuracy: 0.8910
[2026-05-22 21:25:05,333] Epoch 18 - Training loss: 0.346380   Test Accuracy: 0.8971
[2026-05-22 21:26:29,705] Epoch 19 - Training loss: 0.341561   Test Accuracy: 0.9006
[2026-05-22 21:27:53,928] Epoch 20 - Training loss: 0.333595   Test Accuracy: 0.9007
[2026-05-22 21:29:16,577] Epoch 21 - Training loss: 0.329739   Test Accuracy: 0.9021
[2026-05-22 21:30:41,258] Epoch 22 - Training loss: 0.322627   Test Accuracy: 0.9053
[2026-05-22 21:32:04,227] Epoch 23 - Training loss: 0.314870   Test Accuracy: 0.9036
[2026-05-22 21:33:27,053] Epoch 24 - Training loss: 0.314475   Test Accuracy: 0.9064
[2026-05-22 21:34:47,052] Epoch 25 - Training loss: 0.310344   Test Accuracy: 0.9106
[2026-05-22 21:36:10,540] Epoch 26 - Training loss: 0.305827   Test Accuracy: 0.9084
[2026-05-22 21:37:35,292] Epoch 27 - Training loss: 0.302576   Test Accuracy: 0.9070
[2026-05-22 21:38:58,846] Epoch 28 - Training loss: 0.301247   Test Accuracy: 0.9134
[2026-05-22 21:40:23,515] Epoch 29 - Training loss: 0.296907   Test Accuracy: 0.9115
[2026-05-22 21:41:47,323] Epoch 30 - Training loss: 0.293835   Test Accuracy: 0.9088
aihwkit path:  /home/bong/analog_stress_test/aihwkit-fork/src/aihwkit/__init__.py
NeurIPS-2025/S2-mnist-FCN.py --CUDA 0 --SETTING TT-v2 --RPU Pow --tau 0.7 --res-gamma 0.5 --res-state 140
Using Device:  cuda:0
Logging to file: runs/MNIST-FCN/Pow-gamma=0.5-state=140/TT-v2-tau=0.7/events.out.tfevents.1779451201.user.229761.0

Training Time (s) = 2503.2397096157074
