# CMD: CUDA_VISIBLE_DEVICES=3 PYTHONPATH=/home/bong/analog_stress_test/analog-training SEED=3 INP_RES=0.003937007874015748 OUT_RES=0.00196078431372549 INP_NOISE=0.06 OUT_NOISE=0.06 python NeurIPS-2025/S2-mnist-FCN.py --CUDA 0 --SETTING TT-v2 --RPU Pow --tau 0.7 --res-gamma 0.5 --res-state 140
[2026-05-22 18:58:46,144] Epoch 0 - Training loss: --------   Test Accuracy: 0.0926
[2026-05-22 18:59:49,773] Epoch 1 - Training loss: 2.302777   Test Accuracy: 0.1135
[2026-05-22 19:00:51,921] Epoch 2 - Training loss: 2.299500   Test Accuracy: 0.1634
[2026-05-22 19:01:54,072] Epoch 3 - Training loss: 1.323238   Test Accuracy: 0.8690
[2026-05-22 19:02:57,672] Epoch 4 - Training loss: 0.352537   Test Accuracy: 0.9110
[2026-05-22 19:04:01,303] Epoch 5 - Training loss: 0.258146   Test Accuracy: 0.9294
[2026-05-22 19:04:59,440] Epoch 6 - Training loss: 0.204352   Test Accuracy: 0.9363
[2026-05-22 19:06:10,233] Epoch 7 - Training loss: 0.185020   Test Accuracy: 0.9431
[2026-05-22 19:07:30,709] Epoch 8 - Training loss: 0.157083   Test Accuracy: 0.9501
[2026-05-22 19:08:50,872] Epoch 9 - Training loss: 0.135916   Test Accuracy: 0.9539
[2026-05-22 19:10:11,966] Epoch 10 - Training loss: 0.121574   Test Accuracy: 0.9563
[2026-05-22 19:11:33,083] Epoch 11 - Training loss: 0.170169   Test Accuracy: 0.9341
[2026-05-22 19:12:57,254] Epoch 12 - Training loss: 0.176093   Test Accuracy: 0.9489
[2026-05-22 19:14:19,749] Epoch 13 - Training loss: 0.131279   Test Accuracy: 0.9520
[2026-05-22 19:15:42,756] Epoch 14 - Training loss: 0.119170   Test Accuracy: 0.9572
[2026-05-22 19:17:07,372] Epoch 15 - Training loss: 0.110447   Test Accuracy: 0.9560
[2026-05-22 19:18:26,953] Epoch 16 - Training loss: 0.101794   Test Accuracy: 0.9595
[2026-05-22 19:19:51,647] Epoch 17 - Training loss: 0.097088   Test Accuracy: 0.9589
[2026-05-22 19:21:15,535] Epoch 18 - Training loss: 0.090238   Test Accuracy: 0.9602
[2026-05-22 19:22:40,880] Epoch 19 - Training loss: 0.087432   Test Accuracy: 0.9605
[2026-05-22 19:24:06,337] Epoch 20 - Training loss: 0.083298   Test Accuracy: 0.9612
[2026-05-22 19:25:30,600] Epoch 21 - Training loss: 0.080273   Test Accuracy: 0.9626
[2026-05-22 19:26:58,519] Epoch 22 - Training loss: 0.078385   Test Accuracy: 0.9608
[2026-05-22 19:28:24,149] Epoch 23 - Training loss: 0.076346   Test Accuracy: 0.9639
[2026-05-22 19:29:49,866] Epoch 24 - Training loss: 0.077528   Test Accuracy: 0.9619
[2026-05-22 19:31:17,838] Epoch 25 - Training loss: 0.073907   Test Accuracy: 0.9631
[2026-05-22 19:32:43,114] Epoch 26 - Training loss: 0.074755   Test Accuracy: 0.9619
[2026-05-22 19:34:09,397] Epoch 27 - Training loss: 0.080368   Test Accuracy: 0.9606
[2026-05-22 19:35:37,309] Epoch 28 - Training loss: 0.091623   Test Accuracy: 0.9562
[2026-05-22 19:37:06,999] Epoch 29 - Training loss: 0.124828   Test Accuracy: 0.9413
[2026-05-22 19:38:31,956] Epoch 30 - Training loss: 0.202944   Test Accuracy: 0.9237
aihwkit path:  /home/bong/analog_stress_test/aihwkit-fork/src/aihwkit/__init__.py
NeurIPS-2025/S2-mnist-FCN.py --CUDA 0 --SETTING TT-v2 --RPU Pow --tau 0.7 --res-gamma 0.5 --res-state 140
Using Device:  cuda:0
Logging to file: runs/MNIST-FCN/Pow-gamma=0.5-state=140/TT-v2-tau=0.7/events.out.tfevents.1779443920.user.214315.0

Training Time (s) = 2389.319963693619
