# CMD: CUDA_VISIBLE_DEVICES=2 PYTHONPATH=/home/bong/analog_stress_test/analog-training SEED=2 python NeurIPS-2025/S2-mnist-CNN.py --CUDA 0 --SETTING RL-v2 --RPU EcRam
[2026-05-22 21:24:53,684] Epoch 0 - Training loss: --------   Test Accuracy: 0.1536
[2026-05-22 21:26:29,106] Epoch 1 - Training loss: 0.238471   Test Accuracy: 0.9478
[2026-05-22 21:28:02,918] Epoch 2 - Training loss: 0.107659   Test Accuracy: 0.9756
[2026-05-22 21:29:35,401] Epoch 3 - Training loss: 0.078199   Test Accuracy: 0.9808
[2026-05-22 21:31:11,877] Epoch 4 - Training loss: 0.061937   Test Accuracy: 0.9824
[2026-05-22 21:32:49,819] Epoch 5 - Training loss: 0.049553   Test Accuracy: 0.9840
[2026-05-22 21:34:29,909] Epoch 6 - Training loss: 0.041848   Test Accuracy: 0.9862
[2026-05-22 21:36:07,289] Epoch 7 - Training loss: 0.036287   Test Accuracy: 0.9839
[2026-05-22 21:37:49,148] Epoch 8 - Training loss: 0.032132   Test Accuracy: 0.9889
[2026-05-22 21:39:27,956] Epoch 9 - Training loss: 0.026002   Test Accuracy: 0.9855
[2026-05-22 21:41:09,896] Epoch 10 - Training loss: 0.021746   Test Accuracy: 0.9849
[2026-05-22 21:42:47,549] Epoch 11 - Training loss: 0.018829   Test Accuracy: 0.9861
[2026-05-22 21:44:16,256] Epoch 12 - Training loss: 0.016308   Test Accuracy: 0.9888
[2026-05-22 21:45:54,190] Epoch 13 - Training loss: 0.013913   Test Accuracy: 0.9877
[2026-05-22 21:47:35,956] Epoch 14 - Training loss: 0.012111   Test Accuracy: 0.9890
[2026-05-22 21:49:17,758] Epoch 15 - Training loss: 0.011810   Test Accuracy: 0.9876
[2026-05-22 21:51:01,925] Epoch 16 - Training loss: 0.009741   Test Accuracy: 0.9885
[2026-05-22 21:52:43,926] Epoch 17 - Training loss: 0.009809   Test Accuracy: 0.9896
[2026-05-22 21:54:23,592] Epoch 18 - Training loss: 0.007670   Test Accuracy: 0.9875
[2026-05-22 21:56:07,002] Epoch 19 - Training loss: 0.007844   Test Accuracy: 0.9883
[2026-05-22 21:57:47,418] Epoch 20 - Training loss: 0.008170   Test Accuracy: 0.9876
[2026-05-22 21:59:29,174] Epoch 21 - Training loss: 0.007533   Test Accuracy: 0.9885
[2026-05-22 22:01:10,747] Epoch 22 - Training loss: 0.007166   Test Accuracy: 0.9890
[2026-05-22 22:02:51,867] Epoch 23 - Training loss: 0.006130   Test Accuracy: 0.9890
[2026-05-22 22:04:34,761] Epoch 24 - Training loss: 0.005684   Test Accuracy: 0.9886
[2026-05-22 22:06:16,754] Epoch 25 - Training loss: 0.006015   Test Accuracy: 0.9891
[2026-05-22 22:07:59,567] Epoch 26 - Training loss: 0.005440   Test Accuracy: 0.9896
[2026-05-22 22:09:38,563] Epoch 27 - Training loss: 0.005262   Test Accuracy: 0.9890
[2026-05-22 22:11:20,869] Epoch 28 - Training loss: 0.005588   Test Accuracy: 0.9866
[2026-05-22 22:13:01,421] Epoch 29 - Training loss: 0.005551   Test Accuracy: 0.9884
[2026-05-22 22:14:40,178] Epoch 30 - Training loss: 0.004646   Test Accuracy: 0.9898
aihwkit path:  /home/bong/analog_stress_test/aihwkit-fork/src/aihwkit/__init__.py
NeurIPS-2025/S2-mnist-CNN.py --CUDA 0 --SETTING RL-v2 --RPU EcRam
Using Device:  cuda:0
Logging to file: runs/MNIST-CNN/EcRam/RL-v2-tau=1/events.out.tfevents.1779452687.user.232280.0

Training Time (s) = 2990.6850457191467
