# CMD: CUDA_VISIBLE_DEVICES=2 PYTHONPATH=/home/bong/analog_stress_test/analog-training SEED=1 python NeurIPS-2025/S2-mnist-CNN.py --CUDA 0 --SETTING RL-v2 --RPU OM
[2026-05-22 23:07:26,026] Epoch 0 - Training loss: --------   Test Accuracy: 0.1002
[2026-05-22 23:09:04,572] Epoch 1 - Training loss: 0.586273   Test Accuracy: 0.9048
[2026-05-22 23:10:43,370] Epoch 2 - Training loss: 0.297874   Test Accuracy: 0.9306
[2026-05-22 23:12:22,818] Epoch 3 - Training loss: 0.258537   Test Accuracy: 0.9347
[2026-05-22 23:14:03,315] Epoch 4 - Training loss: 0.267228   Test Accuracy: 0.9319
[2026-05-22 23:15:45,081] Epoch 5 - Training loss: 0.246571   Test Accuracy: 0.9313
[2026-05-22 23:17:19,452] Epoch 6 - Training loss: 0.246874   Test Accuracy: 0.9253
[2026-05-22 23:19:01,699] Epoch 7 - Training loss: 0.251902   Test Accuracy: 0.9361
[2026-05-22 23:20:48,810] Epoch 8 - Training loss: 0.248304   Test Accuracy: 0.9265
[2026-05-22 23:22:31,491] Epoch 9 - Training loss: 0.239194   Test Accuracy: 0.9403
[2026-05-22 23:24:09,665] Epoch 10 - Training loss: 0.255766   Test Accuracy: 0.9405
[2026-05-22 23:25:54,583] Epoch 11 - Training loss: 0.237556   Test Accuracy: 0.9030
[2026-05-22 23:27:37,523] Epoch 12 - Training loss: 0.247280   Test Accuracy: 0.9066
[2026-05-22 23:29:15,999] Epoch 13 - Training loss: 0.231016   Test Accuracy: 0.9356
[2026-05-22 23:30:55,444] Epoch 14 - Training loss: 0.230584   Test Accuracy: 0.9298
[2026-05-22 23:32:39,456] Epoch 15 - Training loss: 0.257777   Test Accuracy: 0.9399
[2026-05-22 23:34:22,743] Epoch 16 - Training loss: 0.246303   Test Accuracy: 0.9224
[2026-05-22 23:36:07,752] Epoch 17 - Training loss: 0.245393   Test Accuracy: 0.9253
[2026-05-22 23:37:50,561] Epoch 18 - Training loss: 0.248592   Test Accuracy: 0.9408
[2026-05-22 23:39:32,101] Epoch 19 - Training loss: 0.232423   Test Accuracy: 0.9308
[2026-05-22 23:41:12,255] Epoch 20 - Training loss: 0.247445   Test Accuracy: 0.9329
[2026-05-22 23:42:56,039] Epoch 21 - Training loss: 0.249573   Test Accuracy: 0.9198
[2026-05-22 23:44:37,342] Epoch 22 - Training loss: 0.246524   Test Accuracy: 0.9263
[2026-05-22 23:46:16,089] Epoch 23 - Training loss: 0.241540   Test Accuracy: 0.9395
[2026-05-22 23:47:57,416] Epoch 24 - Training loss: 0.241163   Test Accuracy: 0.9256
[2026-05-22 23:49:37,213] Epoch 25 - Training loss: 0.260288   Test Accuracy: 0.9027
[2026-05-22 23:51:14,420] Epoch 26 - Training loss: 0.254644   Test Accuracy: 0.9158
[2026-05-22 23:52:53,788] Epoch 27 - Training loss: 0.236054   Test Accuracy: 0.9313
[2026-05-22 23:54:25,152] Epoch 28 - Training loss: 0.271410   Test Accuracy: 0.9274
[2026-05-22 23:56:10,997] Epoch 29 - Training loss: 0.254120   Test Accuracy: 0.9240
[2026-05-22 23:57:53,191] Epoch 30 - Training loss: 0.276794   Test Accuracy: 0.9329
aihwkit path:  /home/bong/analog_stress_test/aihwkit-fork/src/aihwkit/__init__.py
NeurIPS-2025/S2-mnist-CNN.py --CUDA 0 --SETTING RL-v2 --RPU OM
Using Device:  cuda:0
Logging to file: runs/MNIST-CNN/OM/RL-v2-tau=1/events.out.tfevents.1779458839.user.250932.0

Training Time (s) = 3031.4330430030823
