# CMD: CUDA_VISIBLE_DEVICES=3 PYTHONPATH=/home/bong/analog_stress_test/analog-training SEED=3 python NeurIPS-2025/S2-mnist-FCN.py --CUDA 0 --SETTING TT-v1 --RPU EcRamMO
[2026-05-21 18:19:52,059] Epoch 0 - Training loss: --------   Test Accuracy: 0.0931
[2026-05-21 18:20:44,638] Epoch 1 - Training loss: 2.302875   Test Accuracy: 0.1137
[2026-05-21 18:21:38,879] Epoch 2 - Training loss: 2.301681   Test Accuracy: 0.1161
[2026-05-21 18:22:31,495] Epoch 3 - Training loss: 2.281057   Test Accuracy: 0.2801
[2026-05-21 18:23:24,367] Epoch 4 - Training loss: 0.971009   Test Accuracy: 0.8504
[2026-05-21 18:24:18,040] Epoch 5 - Training loss: 0.438320   Test Accuracy: 0.8896
[2026-05-21 18:25:09,738] Epoch 6 - Training loss: 0.356375   Test Accuracy: 0.9018
[2026-05-21 18:26:00,523] Epoch 7 - Training loss: 0.320813   Test Accuracy: 0.9098
[2026-05-21 18:26:53,309] Epoch 8 - Training loss: 0.284843   Test Accuracy: 0.9187
[2026-05-21 18:27:46,573] Epoch 9 - Training loss: 0.260358   Test Accuracy: 0.9264
[2026-05-21 18:28:42,253] Epoch 10 - Training loss: 0.237968   Test Accuracy: 0.9321
[2026-05-21 18:29:36,581] Epoch 11 - Training loss: 0.224851   Test Accuracy: 0.9331
[2026-05-21 18:30:31,197] Epoch 12 - Training loss: 0.214553   Test Accuracy: 0.9353
[2026-05-21 18:31:24,722] Epoch 13 - Training loss: 0.205226   Test Accuracy: 0.9367
[2026-05-21 18:32:18,699] Epoch 14 - Training loss: 0.199578   Test Accuracy: 0.9379
[2026-05-21 18:33:11,934] Epoch 15 - Training loss: 0.193763   Test Accuracy: 0.9391
[2026-05-21 18:34:05,019] Epoch 16 - Training loss: 0.188651   Test Accuracy: 0.9410
[2026-05-21 18:34:58,016] Epoch 17 - Training loss: 0.186877   Test Accuracy: 0.9407
[2026-05-21 18:35:52,011] Epoch 18 - Training loss: 0.183409   Test Accuracy: 0.9412
[2026-05-21 18:36:47,557] Epoch 19 - Training loss: 0.181806   Test Accuracy: 0.9424
[2026-05-21 18:37:40,513] Epoch 20 - Training loss: 0.179559   Test Accuracy: 0.9423
[2026-05-21 18:38:33,563] Epoch 21 - Training loss: 0.179115   Test Accuracy: 0.9436
[2026-05-21 18:39:25,470] Epoch 22 - Training loss: 0.176334   Test Accuracy: 0.9441
[2026-05-21 18:40:17,308] Epoch 23 - Training loss: 0.175484   Test Accuracy: 0.9447
[2026-05-21 18:41:11,137] Epoch 24 - Training loss: 0.172939   Test Accuracy: 0.9470
[2026-05-21 18:42:06,463] Epoch 25 - Training loss: 0.169893   Test Accuracy: 0.9468
[2026-05-21 18:43:01,765] Epoch 26 - Training loss: 0.168468   Test Accuracy: 0.9463
[2026-05-21 18:43:55,516] Epoch 27 - Training loss: 0.165646   Test Accuracy: 0.9462
[2026-05-21 18:44:49,705] Epoch 28 - Training loss: 0.164099   Test Accuracy: 0.9464
[2026-05-21 18:45:45,387] Epoch 29 - Training loss: 0.163680   Test Accuracy: 0.9470
[2026-05-21 18:46:40,632] Epoch 30 - Training loss: 0.162550   Test Accuracy: 0.9452
aihwkit path:  /home/bong/analog_stress_test/aihwkit-fork/src/aihwkit/__init__.py
NeurIPS-2025/S2-mnist-FCN.py --CUDA 0 --SETTING TT-v1 --RPU EcRamMO
Using Device:  cuda:0
Logging to file: runs/MNIST-FCN/EcRamMO/TT-v1-tau=1/events.out.tfevents.1779355186.user.64512.0

Training Time (s) = 1611.9116878509521
