# CMD: CUDA_VISIBLE_DEVICES=3 PYTHONPATH=/home/bong/analog_stress_test/analog-training SEED=1 python NeurIPS-2025/S2-mnist-FCN.py --CUDA 0 --SETTING TT-v1 --RPU EcRam
[2026-05-21 16:57:54,795] Epoch 0 - Training loss: --------   Test Accuracy: 0.1023
[2026-05-21 16:58:47,857] Epoch 1 - Training loss: 2.302881   Test Accuracy: 0.0963
[2026-05-21 16:59:43,905] Epoch 2 - Training loss: 2.302568   Test Accuracy: 0.1135
[2026-05-21 17:00:37,518] Epoch 3 - Training loss: 2.302122   Test Accuracy: 0.1135
[2026-05-21 17:01:31,340] Epoch 4 - Training loss: 2.273834   Test Accuracy: 0.3469
[2026-05-21 17:02:24,331] Epoch 5 - Training loss: 1.035808   Test Accuracy: 0.8415
[2026-05-21 17:03:16,444] Epoch 6 - Training loss: 0.447001   Test Accuracy: 0.8832
[2026-05-21 17:04:08,069] Epoch 7 - Training loss: 0.391126   Test Accuracy: 0.8941
[2026-05-21 17:05:00,992] Epoch 8 - Training loss: 0.355201   Test Accuracy: 0.9024
[2026-05-21 17:05:54,150] Epoch 9 - Training loss: 0.322697   Test Accuracy: 0.9124
[2026-05-21 17:06:49,233] Epoch 10 - Training loss: 0.301580   Test Accuracy: 0.9152
[2026-05-21 17:07:40,015] Epoch 11 - Training loss: 0.286687   Test Accuracy: 0.9162
[2026-05-21 17:08:33,286] Epoch 12 - Training loss: 0.278443   Test Accuracy: 0.9203
[2026-05-21 17:09:27,394] Epoch 13 - Training loss: 0.269097   Test Accuracy: 0.9223
[2026-05-21 17:10:22,827] Epoch 14 - Training loss: 0.274947   Test Accuracy: 0.9182
[2026-05-21 17:11:20,035] Epoch 15 - Training loss: 0.331941   Test Accuracy: 0.9085
[2026-05-21 17:12:17,961] Epoch 16 - Training loss: 0.301423   Test Accuracy: 0.9069
[2026-05-21 17:13:13,790] Epoch 17 - Training loss: 0.295453   Test Accuracy: 0.9104
[2026-05-21 17:14:11,593] Epoch 18 - Training loss: 0.296085   Test Accuracy: 0.9095
[2026-05-21 17:15:09,586] Epoch 19 - Training loss: 0.299908   Test Accuracy: 0.9087
[2026-05-21 17:16:06,021] Epoch 20 - Training loss: 0.305244   Test Accuracy: 0.9063
[2026-05-21 17:17:04,401] Epoch 21 - Training loss: 0.313076   Test Accuracy: 0.9025
[2026-05-21 17:18:03,114] Epoch 22 - Training loss: 0.317198   Test Accuracy: 0.8964
[2026-05-21 17:19:02,318] Epoch 23 - Training loss: 0.328219   Test Accuracy: 0.9009
[2026-05-21 17:20:01,891] Epoch 24 - Training loss: 0.329903   Test Accuracy: 0.9002
[2026-05-21 17:20:58,843] Epoch 25 - Training loss: 0.331643   Test Accuracy: 0.9007
[2026-05-21 17:21:57,502] Epoch 26 - Training loss: 0.332518   Test Accuracy: 0.9008
[2026-05-21 17:22:55,802] Epoch 27 - Training loss: 0.335294   Test Accuracy: 0.8938
[2026-05-21 17:23:55,327] Epoch 28 - Training loss: 0.342137   Test Accuracy: 0.8959
[2026-05-21 17:24:54,479] Epoch 29 - Training loss: 0.346375   Test Accuracy: 0.8983
[2026-05-21 17:25:52,504] Epoch 30 - Training loss: 0.348225   Test Accuracy: 0.8969
aihwkit path:  /home/bong/analog_stress_test/aihwkit-fork/src/aihwkit/__init__.py
NeurIPS-2025/S2-mnist-FCN.py --CUDA 0 --SETTING TT-v1 --RPU EcRam
Using Device:  cuda:0
Logging to file: runs/MNIST-FCN/EcRam/TT-v1-tau=1/events.out.tfevents.1779350269.user.30644.0

Training Time (s) = 1681.0289778709412
