# CMD: CUDA_VISIBLE_DEVICES=3 PYTHONPATH=/home/bong/analog_stress_test/analog-training SEED=3 python NeurIPS-2025/S2-mnist-FCN.py --CUDA 0 --SETTING TT-v1 --RPU EcRam
[2026-05-21 17:26:02,296] Epoch 0 - Training loss: --------   Test Accuracy: 0.0927
[2026-05-21 17:26:54,301] Epoch 1 - Training loss: 2.303116   Test Accuracy: 0.1135
[2026-05-21 17:27:49,255] Epoch 2 - Training loss: 2.302743   Test Accuracy: 0.1135
[2026-05-21 17:28:45,075] Epoch 3 - Training loss: 2.302765   Test Accuracy: 0.1135
[2026-05-21 17:29:39,198] Epoch 4 - Training loss: 2.302826   Test Accuracy: 0.1010
[2026-05-21 17:30:33,224] Epoch 5 - Training loss: 2.301695   Test Accuracy: 0.1552
[2026-05-21 17:31:29,965] Epoch 6 - Training loss: 1.792423   Test Accuracy: 0.7602
[2026-05-21 17:32:24,907] Epoch 7 - Training loss: 0.537147   Test Accuracy: 0.8683
[2026-05-21 17:33:20,053] Epoch 8 - Training loss: 0.412406   Test Accuracy: 0.8859
[2026-05-21 17:34:14,923] Epoch 9 - Training loss: 0.371172   Test Accuracy: 0.8932
[2026-05-21 17:35:10,548] Epoch 10 - Training loss: 0.345705   Test Accuracy: 0.9001
[2026-05-21 17:36:05,263] Epoch 11 - Training loss: 0.331818   Test Accuracy: 0.9041
[2026-05-21 17:37:02,506] Epoch 12 - Training loss: 0.309560   Test Accuracy: 0.9163
[2026-05-21 17:37:58,931] Epoch 13 - Training loss: 0.292737   Test Accuracy: 0.9180
[2026-05-21 17:38:56,019] Epoch 14 - Training loss: 0.287762   Test Accuracy: 0.8667
[2026-05-21 17:39:51,791] Epoch 15 - Training loss: 0.288663   Test Accuracy: 0.9237
[2026-05-21 17:40:49,524] Epoch 16 - Training loss: 0.267846   Test Accuracy: 0.9194
[2026-05-21 17:41:46,931] Epoch 17 - Training loss: 0.265584   Test Accuracy: 0.9219
[2026-05-21 17:42:44,052] Epoch 18 - Training loss: 0.261493   Test Accuracy: 0.9234
[2026-05-21 17:43:41,326] Epoch 19 - Training loss: 0.258356   Test Accuracy: 0.9206
[2026-05-21 17:44:38,867] Epoch 20 - Training loss: 0.258114   Test Accuracy: 0.9245
[2026-05-21 17:45:38,339] Epoch 21 - Training loss: 0.260884   Test Accuracy: 0.9261
[2026-05-21 17:46:35,428] Epoch 22 - Training loss: 0.263122   Test Accuracy: 0.9228
[2026-05-21 17:47:29,205] Epoch 23 - Training loss: 0.262196   Test Accuracy: 0.9219
[2026-05-21 17:48:21,490] Epoch 24 - Training loss: 0.256630   Test Accuracy: 0.9222
[2026-05-21 17:49:19,791] Epoch 25 - Training loss: 0.269469   Test Accuracy: 0.9273
[2026-05-21 17:50:16,438] Epoch 26 - Training loss: 0.266714   Test Accuracy: 0.9248
[2026-05-21 17:51:14,135] Epoch 27 - Training loss: 0.256961   Test Accuracy: 0.9271
[2026-05-21 17:52:11,362] Epoch 28 - Training loss: 0.252150   Test Accuracy: 0.9255
[2026-05-21 17:53:07,371] Epoch 29 - Training loss: 0.334370   Test Accuracy: 0.9283
[2026-05-21 17:54:02,582] Epoch 30 - Training loss: 0.241152   Test Accuracy: 0.9306
aihwkit path:  /home/bong/analog_stress_test/aihwkit-fork/src/aihwkit/__init__.py
NeurIPS-2025/S2-mnist-FCN.py --CUDA 0 --SETTING TT-v1 --RPU EcRam
Using Device:  cuda:0
Logging to file: runs/MNIST-FCN/EcRam/TT-v1-tau=1/events.out.tfevents.1779351957.user.43434.0

Training Time (s) = 1683.506224155426
