# CMD: CUDA_VISIBLE_DEVICES=3 PYTHONPATH=/home/bong/analog_stress_test/analog-training SEED=2 python NeurIPS-2025/S2-mnist-FCN.py --CUDA 0 --SETTING TT-v1 --RPU EcRamMO
[2026-05-21 17:54:12,089] Epoch 0 - Training loss: --------   Test Accuracy: 0.1008
[2026-05-21 17:55:02,580] Epoch 1 - Training loss: 2.302722   Test Accuracy: 0.1124
[2026-05-21 17:55:54,102] Epoch 2 - Training loss: 2.300188   Test Accuracy: 0.1311
[2026-05-21 17:56:47,193] Epoch 3 - Training loss: 1.767845   Test Accuracy: 0.7810
[2026-05-21 17:57:40,181] Epoch 4 - Training loss: 0.512786   Test Accuracy: 0.8802
[2026-05-21 17:58:35,764] Epoch 5 - Training loss: 0.383122   Test Accuracy: 0.9009
[2026-05-21 17:59:28,026] Epoch 6 - Training loss: 0.322378   Test Accuracy: 0.9095
[2026-05-21 18:00:20,897] Epoch 7 - Training loss: 0.279805   Test Accuracy: 0.9236
[2026-05-21 18:01:09,916] Epoch 8 - Training loss: 0.257977   Test Accuracy: 0.9268
[2026-05-21 18:02:01,041] Epoch 9 - Training loss: 0.237852   Test Accuracy: 0.9325
[2026-05-21 18:02:52,762] Epoch 10 - Training loss: 0.221835   Test Accuracy: 0.9347
[2026-05-21 18:03:43,882] Epoch 11 - Training loss: 0.208910   Test Accuracy: 0.9373
[2026-05-21 18:04:38,258] Epoch 12 - Training loss: 0.201226   Test Accuracy: 0.9387
[2026-05-21 18:05:31,729] Epoch 13 - Training loss: 0.196341   Test Accuracy: 0.9395
[2026-05-21 18:06:25,876] Epoch 14 - Training loss: 0.190029   Test Accuracy: 0.9440
[2026-05-21 18:07:20,986] Epoch 15 - Training loss: 0.182584   Test Accuracy: 0.9445
[2026-05-21 18:08:15,954] Epoch 16 - Training loss: 0.176047   Test Accuracy: 0.9445
[2026-05-21 18:09:06,672] Epoch 17 - Training loss: 0.173383   Test Accuracy: 0.9452
[2026-05-21 18:09:59,674] Epoch 18 - Training loss: 0.169871   Test Accuracy: 0.9465
[2026-05-21 18:10:52,762] Epoch 19 - Training loss: 0.167820   Test Accuracy: 0.9447
[2026-05-21 18:11:44,004] Epoch 20 - Training loss: 0.165462   Test Accuracy: 0.9473
[2026-05-21 18:12:32,347] Epoch 21 - Training loss: 0.163187   Test Accuracy: 0.9443
[2026-05-21 18:13:27,038] Epoch 22 - Training loss: 0.162035   Test Accuracy: 0.9486
[2026-05-21 18:14:21,211] Epoch 23 - Training loss: 0.161849   Test Accuracy: 0.9463
[2026-05-21 18:15:14,700] Epoch 24 - Training loss: 0.161384   Test Accuracy: 0.9455
[2026-05-21 18:16:10,860] Epoch 25 - Training loss: 0.160198   Test Accuracy: 0.9454
[2026-05-21 18:17:07,183] Epoch 26 - Training loss: 0.159347   Test Accuracy: 0.9468
[2026-05-21 18:18:03,005] Epoch 27 - Training loss: 0.159095   Test Accuracy: 0.9460
[2026-05-21 18:18:58,084] Epoch 28 - Training loss: 0.158647   Test Accuracy: 0.9471
[2026-05-21 18:19:46,380] Epoch 29 - Training loss: 0.159331   Test Accuracy: 0.9465
[2026-05-21 18:20:34,053] Epoch 30 - Training loss: 0.159224   Test Accuracy: 0.9461
aihwkit path:  /home/bong/analog_stress_test/aihwkit-fork/src/aihwkit/__init__.py
NeurIPS-2025/S2-mnist-FCN.py --CUDA 0 --SETTING TT-v1 --RPU EcRamMO
Using Device:  cuda:0
Logging to file: runs/MNIST-FCN/EcRamMO/TT-v1-tau=1/events.out.tfevents.1779353646.user.54613.0

Training Time (s) = 1585.2376630306244
