# CMD: CUDA_VISIBLE_DEVICES=3 PYTHONPATH=/home/bong/analog_stress_test/analog-training SEED=1 python NeurIPS-2025/S2-mnist-FCN.py --CUDA 0 --SETTING TT-v1 --RPU HfO2
[2026-05-21 16:29:26,420] Epoch 0 - Training loss: --------   Test Accuracy: 0.0983
[2026-05-21 16:30:22,393] Epoch 1 - Training loss: 2.293434   Test Accuracy: 0.1368
[2026-05-21 16:31:15,416] Epoch 2 - Training loss: 2.290990   Test Accuracy: 0.1936
[2026-05-21 16:32:11,038] Epoch 3 - Training loss: 2.266385   Test Accuracy: 0.2124
[2026-05-21 16:33:05,701] Epoch 4 - Training loss: 2.281225   Test Accuracy: 0.1368
[2026-05-21 16:34:00,790] Epoch 5 - Training loss: 2.184727   Test Accuracy: 0.2841
[2026-05-21 16:34:54,098] Epoch 6 - Training loss: 2.083876   Test Accuracy: 0.2794
[2026-05-21 16:35:50,992] Epoch 7 - Training loss: 2.051333   Test Accuracy: 0.2902
[2026-05-21 16:36:48,352] Epoch 8 - Training loss: 1.995376   Test Accuracy: 0.2811
[2026-05-21 16:37:45,244] Epoch 9 - Training loss: 2.018327   Test Accuracy: 0.3501
[2026-05-21 16:38:34,159] Epoch 10 - Training loss: 2.017563   Test Accuracy: 0.3394
[2026-05-21 16:39:29,785] Epoch 11 - Training loss: 1.947860   Test Accuracy: 0.2602
[2026-05-21 16:40:23,308] Epoch 12 - Training loss: 2.008697   Test Accuracy: 0.3384
[2026-05-21 16:41:19,466] Epoch 13 - Training loss: 2.031542   Test Accuracy: 0.3500
[2026-05-21 16:42:16,067] Epoch 14 - Training loss: 2.138283   Test Accuracy: 0.3090
[2026-05-21 16:43:12,572] Epoch 15 - Training loss: 2.159867   Test Accuracy: 0.2991
[2026-05-21 16:44:09,880] Epoch 16 - Training loss: 2.069122   Test Accuracy: 0.2517
[2026-05-21 16:45:08,716] Epoch 17 - Training loss: 2.019417   Test Accuracy: 0.3246
[2026-05-21 16:46:06,611] Epoch 18 - Training loss: 1.938132   Test Accuracy: 0.3811
[2026-05-21 16:47:04,037] Epoch 19 - Training loss: 1.850239   Test Accuracy: 0.3167
[2026-05-21 16:48:02,850] Epoch 20 - Training loss: 1.902353   Test Accuracy: 0.3666
[2026-05-21 16:49:03,585] Epoch 21 - Training loss: 1.929496   Test Accuracy: 0.3196
[2026-05-21 16:50:03,015] Epoch 22 - Training loss: 1.928914   Test Accuracy: 0.3143
[2026-05-21 16:51:01,201] Epoch 23 - Training loss: 1.978121   Test Accuracy: 0.3879
[2026-05-21 16:51:59,661] Epoch 24 - Training loss: 1.845377   Test Accuracy: 0.4202
[2026-05-21 16:52:56,983] Epoch 25 - Training loss: 1.802414   Test Accuracy: 0.3992
[2026-05-21 16:53:53,820] Epoch 26 - Training loss: 1.828437   Test Accuracy: 0.3533
[2026-05-21 16:54:51,829] Epoch 27 - Training loss: 1.868758   Test Accuracy: 0.3690
[2026-05-21 16:55:43,282] Epoch 28 - Training loss: 1.872002   Test Accuracy: 0.4173
[2026-05-21 16:56:39,982] Epoch 29 - Training loss: 1.827726   Test Accuracy: 0.3895
[2026-05-21 16:57:37,927] Epoch 30 - Training loss: 1.830957   Test Accuracy: 0.3489
aihwkit path:  /home/bong/analog_stress_test/aihwkit-fork/src/aihwkit/__init__.py
NeurIPS-2025/S2-mnist-FCN.py --CUDA 0 --SETTING TT-v1 --RPU HfO2
Using Device:  cuda:0
Logging to file: runs/MNIST-FCN/HfO2/TT-v1-tau=1/events.out.tfevents.1779348560.user.18171.0

Training Time (s) = 1694.577374458313
