# CMD: CUDA_VISIBLE_DEVICES=3 PYTHONPATH=/home/bong/analog_stress_test/analog-training SEED=2 python NeurIPS-2025/S2-mnist-FCN.py --CUDA 0 --SETTING TT-v1 --RPU OM
[2026-05-21 18:46:52,134] Epoch 0 - Training loss: --------   Test Accuracy: 0.1451
[2026-05-21 18:47:51,497] Epoch 1 - Training loss: 2.296684   Test Accuracy: 0.1326
[2026-05-21 18:48:42,421] Epoch 2 - Training loss: 2.309779   Test Accuracy: 0.1652
[2026-05-21 18:49:39,440] Epoch 3 - Training loss: 2.274761   Test Accuracy: 0.1587
[2026-05-21 18:50:30,905] Epoch 4 - Training loss: 2.167333   Test Accuracy: 0.2048
[2026-05-21 18:51:24,047] Epoch 5 - Training loss: 2.058069   Test Accuracy: 0.3526
[2026-05-21 18:52:16,234] Epoch 6 - Training loss: 1.776563   Test Accuracy: 0.4213
[2026-05-21 18:53:14,481] Epoch 7 - Training loss: 1.778053   Test Accuracy: 0.4245
[2026-05-21 18:54:07,152] Epoch 8 - Training loss: 1.710638   Test Accuracy: 0.4624
[2026-05-21 18:55:01,881] Epoch 9 - Training loss: 1.581004   Test Accuracy: 0.4037
[2026-05-21 18:55:56,633] Epoch 10 - Training loss: 1.599271   Test Accuracy: 0.4676
[2026-05-21 18:56:52,935] Epoch 11 - Training loss: 1.566775   Test Accuracy: 0.4671
[2026-05-21 18:57:49,834] Epoch 12 - Training loss: 1.551762   Test Accuracy: 0.5221
[2026-05-21 18:58:46,467] Epoch 13 - Training loss: 1.509790   Test Accuracy: 0.5003
[2026-05-21 18:59:39,903] Epoch 14 - Training loss: 1.468431   Test Accuracy: 0.5603
[2026-05-21 19:00:39,193] Epoch 15 - Training loss: 1.450587   Test Accuracy: 0.5595
[2026-05-21 19:01:36,936] Epoch 16 - Training loss: 1.315149   Test Accuracy: 0.6026
[2026-05-21 19:02:29,619] Epoch 17 - Training loss: 1.323121   Test Accuracy: 0.5464
[2026-05-21 19:03:25,042] Epoch 18 - Training loss: 1.378431   Test Accuracy: 0.5204
[2026-05-21 19:04:21,862] Epoch 19 - Training loss: 1.449885   Test Accuracy: 0.4549
[2026-05-21 19:05:20,121] Epoch 20 - Training loss: 1.424196   Test Accuracy: 0.5575
[2026-05-21 19:06:19,511] Epoch 21 - Training loss: 1.341406   Test Accuracy: 0.5391
[2026-05-21 19:07:20,021] Epoch 22 - Training loss: 1.386297   Test Accuracy: 0.5181
[2026-05-21 19:08:17,695] Epoch 23 - Training loss: 1.404853   Test Accuracy: 0.5087
[2026-05-21 19:09:16,385] Epoch 24 - Training loss: 1.509845   Test Accuracy: 0.5739
[2026-05-21 19:10:11,662] Epoch 25 - Training loss: 1.437168   Test Accuracy: 0.5227
[2026-05-21 19:11:07,358] Epoch 26 - Training loss: 1.491368   Test Accuracy: 0.5458
[2026-05-21 19:12:04,082] Epoch 27 - Training loss: 1.420000   Test Accuracy: 0.4503
[2026-05-21 19:13:02,404] Epoch 28 - Training loss: 1.487682   Test Accuracy: 0.5292
[2026-05-21 19:13:58,403] Epoch 29 - Training loss: 1.450966   Test Accuracy: 0.5386
[2026-05-21 19:14:56,030] Epoch 30 - Training loss: 1.424447   Test Accuracy: 0.5747
aihwkit path:  /home/bong/analog_stress_test/aihwkit-fork/src/aihwkit/__init__.py
NeurIPS-2025/S2-mnist-FCN.py --CUDA 0 --SETTING TT-v1 --RPU OM
Using Device:  cuda:0
Logging to file: runs/MNIST-FCN/OM/TT-v1-tau=1/events.out.tfevents.1779356806.user.74676.0

Training Time (s) = 1687.53187251091
