# CMD: CUDA_VISIBLE_DEVICES=3 PYTHONPATH=/home/bong/analog_stress_test/analog-training SEED=3 python NeurIPS-2025/S2-mnist-FCN.py --CUDA 0 --SETTING TT-v1 --RPU OM
[2026-05-21 18:48:05,495] Epoch 0 - Training loss: --------   Test Accuracy: 0.1020
[2026-05-21 18:49:00,492] Epoch 1 - Training loss: 2.304724   Test Accuracy: 0.1135
[2026-05-21 18:49:52,995] Epoch 2 - Training loss: 2.305499   Test Accuracy: 0.1135
[2026-05-21 18:50:44,575] Epoch 3 - Training loss: 2.307720   Test Accuracy: 0.1067
[2026-05-21 18:51:39,608] Epoch 4 - Training loss: 2.279860   Test Accuracy: 0.2360
[2026-05-21 18:52:32,269] Epoch 5 - Training loss: 2.015342   Test Accuracy: 0.2842
[2026-05-21 18:53:25,592] Epoch 6 - Training loss: 2.004694   Test Accuracy: 0.3083
[2026-05-21 18:54:21,085] Epoch 7 - Training loss: 1.870026   Test Accuracy: 0.4075
[2026-05-21 18:55:17,910] Epoch 8 - Training loss: 1.710110   Test Accuracy: 0.4399
[2026-05-21 18:56:09,594] Epoch 9 - Training loss: 1.697293   Test Accuracy: 0.3508
[2026-05-21 18:57:04,930] Epoch 10 - Training loss: 1.550132   Test Accuracy: 0.5376
[2026-05-21 18:58:00,709] Epoch 11 - Training loss: 1.523838   Test Accuracy: 0.4636
[2026-05-21 18:58:57,004] Epoch 12 - Training loss: 1.477920   Test Accuracy: 0.5231
[2026-05-21 18:59:50,111] Epoch 13 - Training loss: 1.420257   Test Accuracy: 0.5510
[2026-05-21 19:00:45,901] Epoch 14 - Training loss: 1.421251   Test Accuracy: 0.5306
[2026-05-21 19:01:40,505] Epoch 15 - Training loss: 1.520920   Test Accuracy: 0.5070
[2026-05-21 19:02:36,728] Epoch 16 - Training loss: 1.473145   Test Accuracy: 0.5201
[2026-05-21 19:03:33,095] Epoch 17 - Training loss: 1.412557   Test Accuracy: 0.5186
[2026-05-21 19:04:29,791] Epoch 18 - Training loss: 1.453567   Test Accuracy: 0.5358
[2026-05-21 19:05:27,196] Epoch 19 - Training loss: 1.440893   Test Accuracy: 0.5022
[2026-05-21 19:06:25,661] Epoch 20 - Training loss: 1.408786   Test Accuracy: 0.5469
[2026-05-21 19:07:22,721] Epoch 21 - Training loss: 1.397609   Test Accuracy: 0.4942
[2026-05-21 19:08:17,595] Epoch 22 - Training loss: 1.412916   Test Accuracy: 0.5510
[2026-05-21 19:09:13,598] Epoch 23 - Training loss: 1.389969   Test Accuracy: 0.5527
[2026-05-21 19:10:08,856] Epoch 24 - Training loss: 1.330764   Test Accuracy: 0.5736
[2026-05-21 19:11:07,143] Epoch 25 - Training loss: 1.334052   Test Accuracy: 0.4331
[2026-05-21 19:12:03,922] Epoch 26 - Training loss: 1.268174   Test Accuracy: 0.5857
[2026-05-21 19:13:00,392] Epoch 27 - Training loss: 1.334017   Test Accuracy: 0.5423
[2026-05-21 19:13:58,731] Epoch 28 - Training loss: 1.310852   Test Accuracy: 0.5580
[2026-05-21 19:14:55,654] Epoch 29 - Training loss: 1.353041   Test Accuracy: 0.5693
[2026-05-21 19:15:51,008] Epoch 30 - Training loss: 1.346430   Test Accuracy: 0.5892
aihwkit path:  /home/bong/analog_stress_test/aihwkit-fork/src/aihwkit/__init__.py
NeurIPS-2025/S2-mnist-FCN.py --CUDA 0 --SETTING TT-v1 --RPU OM
Using Device:  cuda:0
Logging to file: runs/MNIST-FCN/OM/TT-v1-tau=1/events.out.tfevents.1779356880.user.75349.0

Training Time (s) = 1668.8412489891052
