# CMD: CUDA_VISIBLE_DEVICES=1 PYTHONPATH=/home/bong/analog_stress_test/analog-training SEED=2 python NeurIPS-2025/S2-mnist-CNN.py --CUDA 0 --SETTING RL-v2 --RPU EcRam
[2026-05-26 06:28:44,809] Epoch 0 - Training loss: --------   Test Accuracy: 0.1512
[2026-05-26 06:30:18,340] Epoch 1 - Training loss: 0.266906   Test Accuracy: 0.9445
[2026-05-26 06:31:56,699] Epoch 2 - Training loss: 0.120718   Test Accuracy: 0.9740
[2026-05-26 06:33:34,551] Epoch 3 - Training loss: 0.084879   Test Accuracy: 0.9802
[2026-05-26 06:35:15,161] Epoch 4 - Training loss: 0.064337   Test Accuracy: 0.9824
[2026-05-26 06:36:54,683] Epoch 5 - Training loss: 0.050010   Test Accuracy: 0.9838
[2026-05-26 06:38:34,822] Epoch 6 - Training loss: 0.040331   Test Accuracy: 0.9866
[2026-05-26 06:40:13,075] Epoch 7 - Training loss: 0.033668   Test Accuracy: 0.9859
[2026-05-26 06:41:55,031] Epoch 8 - Training loss: 0.029078   Test Accuracy: 0.9880
[2026-05-26 06:43:37,089] Epoch 9 - Training loss: 0.022892   Test Accuracy: 0.9890
[2026-05-26 06:45:17,912] Epoch 10 - Training loss: 0.019506   Test Accuracy: 0.9895
[2026-05-26 06:46:58,963] Epoch 11 - Training loss: 0.015643   Test Accuracy: 0.9903
[2026-05-26 06:48:39,131] Epoch 12 - Training loss: 0.012629   Test Accuracy: 0.9870
[2026-05-26 06:50:17,276] Epoch 13 - Training loss: 0.009941   Test Accuracy: 0.9893
[2026-05-26 06:51:56,810] Epoch 14 - Training loss: 0.008028   Test Accuracy: 0.9885
[2026-05-26 06:53:33,605] Epoch 15 - Training loss: 0.006704   Test Accuracy: 0.9889
[2026-05-26 06:55:13,080] Epoch 16 - Training loss: 0.006129   Test Accuracy: 0.9886
[2026-05-26 06:56:51,272] Epoch 17 - Training loss: 0.005896   Test Accuracy: 0.9890
[2026-05-26 06:58:34,871] Epoch 18 - Training loss: 0.005339   Test Accuracy: 0.9885
[2026-05-26 07:00:16,085] Epoch 19 - Training loss: 0.005521   Test Accuracy: 0.9888
[2026-05-26 07:01:58,429] Epoch 20 - Training loss: 0.004044   Test Accuracy: 0.9894
[2026-05-26 07:03:38,345] Epoch 21 - Training loss: 0.003986   Test Accuracy: 0.9892
[2026-05-26 07:05:20,843] Epoch 22 - Training loss: 0.004021   Test Accuracy: 0.9878
[2026-05-26 07:07:03,080] Epoch 23 - Training loss: 0.004370   Test Accuracy: 0.9893
[2026-05-26 07:08:47,664] Epoch 24 - Training loss: 0.003238   Test Accuracy: 0.9891
[2026-05-26 07:10:31,908] Epoch 25 - Training loss: 0.003339   Test Accuracy: 0.9899
[2026-05-26 07:12:11,388] Epoch 26 - Training loss: 0.002758   Test Accuracy: 0.9901
[2026-05-26 07:13:48,350] Epoch 27 - Training loss: 0.003516   Test Accuracy: 0.9886
[2026-05-26 07:15:28,311] Epoch 28 - Training loss: 0.003365   Test Accuracy: 0.9895
[2026-05-26 07:17:09,401] Epoch 29 - Training loss: 0.002451   Test Accuracy: 0.9884
[2026-05-26 07:18:44,030] Epoch 30 - Training loss: 0.002704   Test Accuracy: 0.9874
aihwkit path:  /home/bong/analog_stress_test/aihwkit-fork/src/aihwkit/__init__.py
NeurIPS-2025/S2-mnist-CNN.py --CUDA 0 --SETTING RL-v2 --RPU EcRam
Using Device:  cuda:0
Logging to file: runs/MNIST-CNN/EcRam/RL-v2-tau=1/events.out.tfevents.1779744519.user.747166.0

Training Time (s) = 3002.173968076706
