# CMD: CUDA_VISIBLE_DEVICES=1 PYTHONPATH=/home/bong/analog_stress_test/analog-training SEED=1 python NeurIPS-2025/S2-mnist-CNN.py --CUDA 0 --SETTING RL-v2 --RPU EcRam
[2026-05-26 05:38:59,277] Epoch 0 - Training loss: --------   Test Accuracy: 0.1411
[2026-05-26 05:40:35,572] Epoch 1 - Training loss: 0.272662   Test Accuracy: 0.9576
[2026-05-26 05:42:09,900] Epoch 2 - Training loss: 0.125025   Test Accuracy: 0.9737
[2026-05-26 05:43:49,341] Epoch 3 - Training loss: 0.089534   Test Accuracy: 0.9787
[2026-05-26 05:45:33,643] Epoch 4 - Training loss: 0.068763   Test Accuracy: 0.9818
[2026-05-26 05:47:13,211] Epoch 5 - Training loss: 0.053534   Test Accuracy: 0.9861
[2026-05-26 05:49:01,335] Epoch 6 - Training loss: 0.044574   Test Accuracy: 0.9837
[2026-05-26 05:50:46,283] Epoch 7 - Training loss: 0.038410   Test Accuracy: 0.9871
[2026-05-26 05:52:34,543] Epoch 8 - Training loss: 0.032423   Test Accuracy: 0.9864
[2026-05-26 05:54:14,919] Epoch 9 - Training loss: 0.026636   Test Accuracy: 0.9882
[2026-05-26 05:55:52,029] Epoch 10 - Training loss: 0.021630   Test Accuracy: 0.9881
[2026-05-26 05:57:32,346] Epoch 11 - Training loss: 0.019026   Test Accuracy: 0.9891
[2026-05-26 05:59:15,268] Epoch 12 - Training loss: 0.014582   Test Accuracy: 0.9858
[2026-05-26 06:00:56,393] Epoch 13 - Training loss: 0.012373   Test Accuracy: 0.9870
[2026-05-26 06:02:36,671] Epoch 14 - Training loss: 0.011061   Test Accuracy: 0.9886
[2026-05-26 06:04:16,691] Epoch 15 - Training loss: 0.008947   Test Accuracy: 0.9885
[2026-05-26 06:05:55,385] Epoch 16 - Training loss: 0.006855   Test Accuracy: 0.9871
[2026-05-26 06:07:26,952] Epoch 17 - Training loss: 0.006726   Test Accuracy: 0.9868
[2026-05-26 06:08:56,262] Epoch 18 - Training loss: 0.005331   Test Accuracy: 0.9876
[2026-05-26 06:10:25,046] Epoch 19 - Training loss: 0.005294   Test Accuracy: 0.9875
[2026-05-26 06:11:54,344] Epoch 20 - Training loss: 0.004096   Test Accuracy: 0.9879
[2026-05-26 06:13:23,193] Epoch 21 - Training loss: 0.004069   Test Accuracy: 0.9878
[2026-05-26 06:14:56,644] Epoch 22 - Training loss: 0.004784   Test Accuracy: 0.9877
[2026-05-26 06:16:38,599] Epoch 23 - Training loss: 0.004360   Test Accuracy: 0.9879
[2026-05-26 06:18:20,002] Epoch 24 - Training loss: 0.004134   Test Accuracy: 0.9885
[2026-05-26 06:20:06,871] Epoch 25 - Training loss: 0.004140   Test Accuracy: 0.9871
[2026-05-26 06:21:57,965] Epoch 26 - Training loss: 0.003902   Test Accuracy: 0.9851
[2026-05-26 06:23:40,936] Epoch 27 - Training loss: 0.004228   Test Accuracy: 0.9875
[2026-05-26 06:25:22,635] Epoch 28 - Training loss: 0.003724   Test Accuracy: 0.9876
[2026-05-26 06:27:03,991] Epoch 29 - Training loss: 0.003469   Test Accuracy: 0.9875
[2026-05-26 06:28:40,480] Epoch 30 - Training loss: 0.003353   Test Accuracy: 0.9872
aihwkit path:  /home/bong/analog_stress_test/aihwkit-fork/src/aihwkit/__init__.py
NeurIPS-2025/S2-mnist-CNN.py --CUDA 0 --SETTING RL-v2 --RPU EcRam
Using Device:  cuda:0
Logging to file: runs/MNIST-CNN/EcRam/RL-v2-tau=1/events.out.tfevents.1779741532.user.742150.0

Training Time (s) = 2985.9966983795166
