# CMD: CUDA_VISIBLE_DEVICES=3 PYTHONPATH=/home/bong/analog_stress_test/analog-training SEED=2 python NeurIPS-2025/S2-mnist-CNN.py --CUDA 0 --SETTING RL-v2 --RPU EcRamMO
[2026-05-26 02:44:06,542] Epoch 0 - Training loss: --------   Test Accuracy: 0.1524
[2026-05-26 02:45:48,832] Epoch 1 - Training loss: 0.338336   Test Accuracy: 0.9311
[2026-05-26 02:47:26,813] Epoch 2 - Training loss: 0.194053   Test Accuracy: 0.9541
[2026-05-26 02:49:04,762] Epoch 3 - Training loss: 0.157305   Test Accuracy: 0.9615
[2026-05-26 02:50:42,784] Epoch 4 - Training loss: 0.135922   Test Accuracy: 0.9672
[2026-05-26 02:52:21,031] Epoch 5 - Training loss: 0.124120   Test Accuracy: 0.9719
[2026-05-26 02:53:59,957] Epoch 6 - Training loss: 0.115020   Test Accuracy: 0.9707
[2026-05-26 02:55:39,523] Epoch 7 - Training loss: 0.108144   Test Accuracy: 0.9707
[2026-05-26 02:57:20,480] Epoch 8 - Training loss: 0.102425   Test Accuracy: 0.9733
[2026-05-26 02:59:01,597] Epoch 9 - Training loss: 0.094537   Test Accuracy: 0.9715
[2026-05-26 03:00:42,380] Epoch 10 - Training loss: 0.092515   Test Accuracy: 0.9745
[2026-05-26 03:02:21,356] Epoch 11 - Training loss: 0.088323   Test Accuracy: 0.9779
[2026-05-26 03:04:01,708] Epoch 12 - Training loss: 0.085452   Test Accuracy: 0.9779
[2026-05-26 03:05:40,423] Epoch 13 - Training loss: 0.081006   Test Accuracy: 0.9766
[2026-05-26 03:07:18,718] Epoch 14 - Training loss: 0.079348   Test Accuracy: 0.9781
[2026-05-26 03:08:46,745] Epoch 15 - Training loss: 0.076067   Test Accuracy: 0.9792
[2026-05-26 03:10:17,499] Epoch 16 - Training loss: 0.072964   Test Accuracy: 0.9804
[2026-05-26 03:11:55,454] Epoch 17 - Training loss: 0.070433   Test Accuracy: 0.9798
[2026-05-26 03:13:36,020] Epoch 18 - Training loss: 0.068544   Test Accuracy: 0.9821
[2026-05-26 03:15:16,300] Epoch 19 - Training loss: 0.066674   Test Accuracy: 0.9783
[2026-05-26 03:16:59,850] Epoch 20 - Training loss: 0.065377   Test Accuracy: 0.9822
[2026-05-26 03:18:40,987] Epoch 21 - Training loss: 0.063249   Test Accuracy: 0.9806
[2026-05-26 03:20:21,913] Epoch 22 - Training loss: 0.062090   Test Accuracy: 0.9821
[2026-05-26 03:22:04,066] Epoch 23 - Training loss: 0.060865   Test Accuracy: 0.9797
[2026-05-26 03:23:51,620] Epoch 24 - Training loss: 0.059806   Test Accuracy: 0.9802
[2026-05-26 03:25:38,071] Epoch 25 - Training loss: 0.058051   Test Accuracy: 0.9822
[2026-05-26 03:27:20,217] Epoch 26 - Training loss: 0.056423   Test Accuracy: 0.9825
[2026-05-26 03:29:01,373] Epoch 27 - Training loss: 0.055291   Test Accuracy: 0.9826
[2026-05-26 03:30:43,075] Epoch 28 - Training loss: 0.054161   Test Accuracy: 0.9831
[2026-05-26 03:32:25,465] Epoch 29 - Training loss: 0.052477   Test Accuracy: 0.9814
[2026-05-26 03:34:01,648] Epoch 30 - Training loss: 0.051596   Test Accuracy: 0.9837
aihwkit path:  /home/bong/analog_stress_test/aihwkit-fork/src/aihwkit/__init__.py
NeurIPS-2025/S2-mnist-CNN.py --CUDA 0 --SETTING RL-v2 --RPU EcRamMO
Using Device:  cuda:0
Logging to file: runs/MNIST-CNN/EcRamMO/RL-v2-tau=1/events.out.tfevents.1779731040.user.721897.0

Training Time (s) = 2999.1391789913177
