# CMD: CUDA_VISIBLE_DEVICES=1 PYTHONPATH=/home/bong/analog_stress_test/analog-training SEED=2 python NeurIPS-2025/S2-mnist-CNN.py --CUDA 0 --SETTING RL-v2 --RPU HfO2
[2026-05-26 04:47:47,698] Epoch 0 - Training loss: --------   Test Accuracy: 0.0814
[2026-05-26 04:49:25,963] Epoch 1 - Training loss: 1.633323   Test Accuracy: 0.3961
[2026-05-26 04:51:02,171] Epoch 2 - Training loss: 1.651439   Test Accuracy: 0.4101
[2026-05-26 04:52:40,632] Epoch 3 - Training loss: 1.599189   Test Accuracy: 0.4926
[2026-05-26 04:54:20,598] Epoch 4 - Training loss: 1.442658   Test Accuracy: 0.4808
[2026-05-26 04:55:58,336] Epoch 5 - Training loss: 1.298423   Test Accuracy: 0.6037
[2026-05-26 04:57:38,275] Epoch 6 - Training loss: 1.155527   Test Accuracy: 0.6591
[2026-05-26 04:59:17,382] Epoch 7 - Training loss: 1.043393   Test Accuracy: 0.7349
[2026-05-26 05:00:58,311] Epoch 8 - Training loss: 0.897874   Test Accuracy: 0.7425
[2026-05-26 05:02:41,509] Epoch 9 - Training loss: 0.820398   Test Accuracy: 0.7454
[2026-05-26 05:04:23,271] Epoch 10 - Training loss: 0.729116   Test Accuracy: 0.8008
[2026-05-26 05:06:03,366] Epoch 11 - Training loss: 0.691407   Test Accuracy: 0.7969
[2026-05-26 05:07:45,145] Epoch 12 - Training loss: 0.633186   Test Accuracy: 0.8263
[2026-05-26 05:09:28,116] Epoch 13 - Training loss: 0.591131   Test Accuracy: 0.8352
[2026-05-26 05:11:09,991] Epoch 14 - Training loss: 0.545947   Test Accuracy: 0.8481
[2026-05-26 05:12:52,598] Epoch 15 - Training loss: 0.529925   Test Accuracy: 0.8600
[2026-05-26 05:14:37,515] Epoch 16 - Training loss: 0.499367   Test Accuracy: 0.8261
[2026-05-26 05:16:22,452] Epoch 17 - Training loss: 0.475437   Test Accuracy: 0.8662
[2026-05-26 05:18:06,684] Epoch 18 - Training loss: 0.457897   Test Accuracy: 0.8743
[2026-05-26 05:19:50,764] Epoch 19 - Training loss: 0.444035   Test Accuracy: 0.8792
[2026-05-26 05:21:37,314] Epoch 20 - Training loss: 0.432184   Test Accuracy: 0.8635
[2026-05-26 05:23:20,925] Epoch 21 - Training loss: 0.430212   Test Accuracy: 0.8816
[2026-05-26 05:25:02,271] Epoch 22 - Training loss: 0.433409   Test Accuracy: 0.8688
[2026-05-26 05:26:42,234] Epoch 23 - Training loss: 0.433436   Test Accuracy: 0.8122
[2026-05-26 05:28:27,367] Epoch 24 - Training loss: 0.405696   Test Accuracy: 0.8756
[2026-05-26 05:30:10,047] Epoch 25 - Training loss: 0.402140   Test Accuracy: 0.8661
[2026-05-26 05:31:54,525] Epoch 26 - Training loss: 0.406888   Test Accuracy: 0.8816
[2026-05-26 05:33:40,105] Epoch 27 - Training loss: 0.414261   Test Accuracy: 0.8704
[2026-05-26 05:35:25,168] Epoch 28 - Training loss: 0.387725   Test Accuracy: 0.8790
[2026-05-26 05:37:05,001] Epoch 29 - Training loss: 0.391332   Test Accuracy: 0.8664
[2026-05-26 05:38:47,603] Epoch 30 - Training loss: 0.425483   Test Accuracy: 0.9031
aihwkit path:  /home/bong/analog_stress_test/aihwkit-fork/src/aihwkit/__init__.py
NeurIPS-2025/S2-mnist-CNN.py --CUDA 0 --SETTING RL-v2 --RPU HfO2
Using Device:  cuda:0
Logging to file: runs/MNIST-CNN/HfO2/RL-v2-tau=1/events.out.tfevents.1779738461.user.736761.0

Training Time (s) = 3064.091998577118
