# CMD: CUDA_VISIBLE_DEVICES=3 PYTHONPATH=/home/bong/analog_stress_test/analog-training SEED=1 python NeurIPS-2025/S2-mnist-CNN.py --CUDA 0 --SETTING RL-v2 --RPU OM
[2026-05-26 03:33:17,473] Epoch 0 - Training loss: --------   Test Accuracy: 0.0901
[2026-05-26 03:34:46,191] Epoch 1 - Training loss: 1.239102   Test Accuracy: 0.6747
[2026-05-26 03:36:20,972] Epoch 2 - Training loss: 0.971945   Test Accuracy: 0.7528
[2026-05-26 03:38:00,030] Epoch 3 - Training loss: 0.608606   Test Accuracy: 0.8743
[2026-05-26 03:39:39,657] Epoch 4 - Training loss: 0.444706   Test Accuracy: 0.8859
[2026-05-26 03:41:20,602] Epoch 5 - Training loss: 0.361594   Test Accuracy: 0.8889
[2026-05-26 03:43:02,564] Epoch 6 - Training loss: 0.307962   Test Accuracy: 0.9068
[2026-05-26 03:44:37,287] Epoch 7 - Training loss: 0.271936   Test Accuracy: 0.9302
[2026-05-26 03:46:19,692] Epoch 8 - Training loss: 0.246257   Test Accuracy: 0.9275
[2026-05-26 03:48:01,780] Epoch 9 - Training loss: 0.228086   Test Accuracy: 0.9369
[2026-05-26 03:49:43,067] Epoch 10 - Training loss: 0.214398   Test Accuracy: 0.9488
[2026-05-26 03:51:22,977] Epoch 11 - Training loss: 0.209170   Test Accuracy: 0.9281
[2026-05-26 03:53:05,589] Epoch 12 - Training loss: 0.201592   Test Accuracy: 0.9449
[2026-05-26 03:54:48,087] Epoch 13 - Training loss: 0.190681   Test Accuracy: 0.9318
[2026-05-26 03:56:31,666] Epoch 14 - Training loss: 0.190378   Test Accuracy: 0.9507
[2026-05-26 03:58:11,842] Epoch 15 - Training loss: 0.182089   Test Accuracy: 0.9550
[2026-05-26 03:59:52,794] Epoch 16 - Training loss: 0.176844   Test Accuracy: 0.9459
[2026-05-26 04:01:35,083] Epoch 17 - Training loss: 0.171666   Test Accuracy: 0.9531
[2026-05-26 04:03:18,926] Epoch 18 - Training loss: 0.174490   Test Accuracy: 0.9567
[2026-05-26 04:05:02,483] Epoch 19 - Training loss: 0.173385   Test Accuracy: 0.9476
[2026-05-26 04:06:45,648] Epoch 20 - Training loss: 0.172569   Test Accuracy: 0.9468
[2026-05-26 04:08:30,118] Epoch 21 - Training loss: 0.169238   Test Accuracy: 0.9584
[2026-05-26 04:10:12,954] Epoch 22 - Training loss: 0.166111   Test Accuracy: 0.9541
[2026-05-26 04:11:56,036] Epoch 23 - Training loss: 0.167354   Test Accuracy: 0.9542
[2026-05-26 04:13:35,873] Epoch 24 - Training loss: 0.166675   Test Accuracy: 0.9582
[2026-05-26 04:15:17,467] Epoch 25 - Training loss: 0.162875   Test Accuracy: 0.9501
[2026-05-26 04:17:03,879] Epoch 26 - Training loss: 0.161410   Test Accuracy: 0.9519
[2026-05-26 04:18:48,391] Epoch 27 - Training loss: 0.160610   Test Accuracy: 0.9515
[2026-05-26 04:20:33,244] Epoch 28 - Training loss: 0.162191   Test Accuracy: 0.9566
[2026-05-26 04:22:15,081] Epoch 29 - Training loss: 0.161166   Test Accuracy: 0.9535
[2026-05-26 04:23:56,930] Epoch 30 - Training loss: 0.158890   Test Accuracy: 0.9575
aihwkit path:  /home/bong/analog_stress_test/aihwkit-fork/src/aihwkit/__init__.py
NeurIPS-2025/S2-mnist-CNN.py --CUDA 0 --SETTING RL-v2 --RPU OM
Using Device:  cuda:0
Logging to file: runs/MNIST-CNN/OM/RL-v2-tau=1/events.out.tfevents.1779733990.user.727774.0

Training Time (s) = 3043.7200589179993
