# CMD: CUDA_VISIBLE_DEVICES=3 PYTHONPATH=/home/bong/analog_stress_test/analog-training SEED=2 python NeurIPS-2025/S2-mnist-CNN.py --CUDA 0 --SETTING RL-v2 --RPU OM
[2026-05-26 03:34:13,080] Epoch 0 - Training loss: --------   Test Accuracy: 0.0927
[2026-05-26 03:35:42,080] Epoch 1 - Training loss: 1.191374   Test Accuracy: 0.4691
[2026-05-26 03:37:17,565] Epoch 2 - Training loss: 0.914655   Test Accuracy: 0.6610
[2026-05-26 03:38:56,509] Epoch 3 - Training loss: 0.549896   Test Accuracy: 0.8638
[2026-05-26 03:40:38,829] Epoch 4 - Training loss: 0.394058   Test Accuracy: 0.9027
[2026-05-26 03:42:17,447] Epoch 5 - Training loss: 0.325181   Test Accuracy: 0.8907
[2026-05-26 03:43:58,169] Epoch 6 - Training loss: 0.280902   Test Accuracy: 0.9244
[2026-05-26 03:45:40,457] Epoch 7 - Training loss: 0.252543   Test Accuracy: 0.9314
[2026-05-26 03:47:21,569] Epoch 8 - Training loss: 0.228053   Test Accuracy: 0.9426
[2026-05-26 03:49:04,336] Epoch 9 - Training loss: 0.208979   Test Accuracy: 0.9299
[2026-05-26 03:50:44,355] Epoch 10 - Training loss: 0.201608   Test Accuracy: 0.9414
[2026-05-26 03:52:25,804] Epoch 11 - Training loss: 0.194073   Test Accuracy: 0.9535
[2026-05-26 03:54:08,595] Epoch 12 - Training loss: 0.180810   Test Accuracy: 0.9552
[2026-05-26 03:55:51,957] Epoch 13 - Training loss: 0.178424   Test Accuracy: 0.9571
[2026-05-26 03:57:34,016] Epoch 14 - Training loss: 0.173365   Test Accuracy: 0.9513
[2026-05-26 03:59:16,237] Epoch 15 - Training loss: 0.168534   Test Accuracy: 0.9508
[2026-05-26 04:01:01,424] Epoch 16 - Training loss: 0.160114   Test Accuracy: 0.9521
[2026-05-26 04:02:45,782] Epoch 17 - Training loss: 0.158044   Test Accuracy: 0.9564
[2026-05-26 04:04:29,678] Epoch 18 - Training loss: 0.155656   Test Accuracy: 0.9541
[2026-05-26 04:06:07,515] Epoch 19 - Training loss: 0.150902   Test Accuracy: 0.9581
[2026-05-26 04:07:51,252] Epoch 20 - Training loss: 0.148893   Test Accuracy: 0.9448
[2026-05-26 04:09:36,664] Epoch 21 - Training loss: 0.152191   Test Accuracy: 0.9526
[2026-05-26 04:11:18,380] Epoch 22 - Training loss: 0.150643   Test Accuracy: 0.9511
[2026-05-26 04:13:01,208] Epoch 23 - Training loss: 0.148150   Test Accuracy: 0.9528
[2026-05-26 04:14:47,773] Epoch 24 - Training loss: 0.148502   Test Accuracy: 0.9599
[2026-05-26 04:16:33,615] Epoch 25 - Training loss: 0.148335   Test Accuracy: 0.9574
[2026-05-26 04:18:18,688] Epoch 26 - Training loss: 0.147177   Test Accuracy: 0.9591
[2026-05-26 04:20:04,117] Epoch 27 - Training loss: 0.148664   Test Accuracy: 0.9318
[2026-05-26 04:21:48,043] Epoch 28 - Training loss: 0.144869   Test Accuracy: 0.9594
[2026-05-26 04:23:35,068] Epoch 29 - Training loss: 0.145485   Test Accuracy: 0.9613
[2026-05-26 04:25:08,292] Epoch 30 - Training loss: 0.147067   Test Accuracy: 0.9571
aihwkit path:  /home/bong/analog_stress_test/aihwkit-fork/src/aihwkit/__init__.py
NeurIPS-2025/S2-mnist-CNN.py --CUDA 0 --SETTING RL-v2 --RPU OM
Using Device:  cuda:0
Logging to file: runs/MNIST-CNN/OM/RL-v2-tau=1/events.out.tfevents.1779734046.user.728305.0

Training Time (s) = 3059.4459824562073
