# CMD: CUDA_VISIBLE_DEVICES=2 PYTHONPATH=/home/bong/analog_stress_test/analog-training SEED=3 python NeurIPS-2025/S2-mnist-CNN.py --CUDA 0 --SETTING Analog SGD --RPU Pow --tau 0.7 --res-gamma 0.5 --res-state 1400
[2026-05-19 19:14:52,106] Epoch 0 - Training loss: --------   Test Accuracy: 0.1257
[2026-05-19 19:15:55,761] Epoch 1 - Training loss: 0.299331   Test Accuracy: 0.9531
[2026-05-19 19:17:05,652] Epoch 2 - Training loss: 0.221308   Test Accuracy: 0.7968
[2026-05-19 19:18:10,982] Epoch 3 - Training loss: 0.213118   Test Accuracy: 0.9590
[2026-05-19 19:19:16,814] Epoch 4 - Training loss: 0.207365   Test Accuracy: 0.8615
[2026-05-19 19:20:20,148] Epoch 5 - Training loss: 0.207387   Test Accuracy: 0.9323
[2026-05-19 19:21:24,472] Epoch 6 - Training loss: 0.206776   Test Accuracy: 0.9584
[2026-05-19 19:22:29,292] Epoch 7 - Training loss: 0.201506   Test Accuracy: 0.9488
[2026-05-19 19:23:34,340] Epoch 8 - Training loss: 0.206545   Test Accuracy: 0.9507
[2026-05-19 19:24:35,323] Epoch 9 - Training loss: 0.198940   Test Accuracy: 0.9392
[2026-05-19 19:25:43,780] Epoch 10 - Training loss: 0.198392   Test Accuracy: 0.9062
[2026-05-19 19:26:57,266] Epoch 11 - Training loss: 0.200715   Test Accuracy: 0.9235
[2026-05-19 19:28:00,866] Epoch 12 - Training loss: 0.196795   Test Accuracy: 0.9410
[2026-05-19 19:29:11,899] Epoch 13 - Training loss: 0.196914   Test Accuracy: 0.9605
[2026-05-19 19:30:23,656] Epoch 14 - Training loss: 0.195711   Test Accuracy: 0.9476
[2026-05-19 19:31:29,683] Epoch 15 - Training loss: 0.194886   Test Accuracy: 0.9440
[2026-05-19 19:32:36,343] Epoch 16 - Training loss: 0.196813   Test Accuracy: 0.9299
[2026-05-19 19:33:40,142] Epoch 17 - Training loss: 0.198805   Test Accuracy: 0.9120
[2026-05-19 19:34:56,840] Epoch 18 - Training loss: 0.200856   Test Accuracy: 0.9211
[2026-05-19 19:36:05,750] Epoch 19 - Training loss: 0.195639   Test Accuracy: 0.9428
[2026-05-19 19:37:22,724] Epoch 20 - Training loss: 0.196349   Test Accuracy: 0.9459
[2026-05-19 19:38:27,337] Epoch 21 - Training loss: 0.196162   Test Accuracy: 0.9349
[2026-05-19 19:39:29,620] Epoch 22 - Training loss: 0.199272   Test Accuracy: 0.9596
[2026-05-19 19:40:42,384] Epoch 23 - Training loss: 0.198647   Test Accuracy: 0.9395
[2026-05-19 19:41:49,165] Epoch 24 - Training loss: 0.197866   Test Accuracy: 0.9381
[2026-05-19 19:42:58,925] Epoch 25 - Training loss: 0.196860   Test Accuracy: 0.9605
[2026-05-19 19:44:05,467] Epoch 26 - Training loss: 0.198920   Test Accuracy: 0.9517
[2026-05-19 19:45:07,399] Epoch 27 - Training loss: 0.197341   Test Accuracy: 0.9347
[2026-05-19 19:46:11,025] Epoch 28 - Training loss: 0.193453   Test Accuracy: 0.9493
[2026-05-19 19:47:24,049] Epoch 29 - Training loss: 0.196194   Test Accuracy: 0.9435
[2026-05-19 19:48:42,855] Epoch 30 - Training loss: 0.199443   Test Accuracy: 0.9380
aihwkit path:  /home/bong/analog_stress_test/aihwkit-fork/src/aihwkit/__init__.py
NeurIPS-2025/S2-mnist-CNN.py --CUDA 0 --SETTING Analog SGD --RPU Pow --tau 0.7 --res-gamma 0.5 --res-state 1400
Using Device:  cuda:0
Logging to file: runs/MNIST-CNN/Pow-gamma=0.5-state=1400/Analog SGD-tau=0.7/events.out.tfevents.1779185686.user.2154870.0

Training Time (s) = 2034.5624525547028
