# CMD: CUDA_VISIBLE_DEVICES=2 PYTHONPATH=/home/bong/analog_stress_test/analog-training SEED=2 python NeurIPS-2025/S2-mnist-CNN.py --CUDA 0 --SETTING Analog SGD --RPU Pow --tau 0.7 --res-gamma 0.5 --res-state 1400
[2026-05-19 19:13:10,119] Epoch 0 - Training loss: --------   Test Accuracy: 0.1321
[2026-05-19 19:14:17,000] Epoch 1 - Training loss: 0.302374   Test Accuracy: 0.8989
[2026-05-19 19:15:14,564] Epoch 2 - Training loss: 0.225284   Test Accuracy: 0.9446
[2026-05-19 19:16:28,042] Epoch 3 - Training loss: 0.219083   Test Accuracy: 0.9399
[2026-05-19 19:17:39,671] Epoch 4 - Training loss: 0.212742   Test Accuracy: 0.9571
[2026-05-19 19:18:52,725] Epoch 5 - Training loss: 0.203967   Test Accuracy: 0.9567
[2026-05-19 19:20:01,416] Epoch 6 - Training loss: 0.211083   Test Accuracy: 0.9534
[2026-05-19 19:21:07,561] Epoch 7 - Training loss: 0.204969   Test Accuracy: 0.9553
[2026-05-19 19:22:23,702] Epoch 8 - Training loss: 0.200969   Test Accuracy: 0.9607
[2026-05-19 19:23:26,710] Epoch 9 - Training loss: 0.203008   Test Accuracy: 0.9463
[2026-05-19 19:24:29,411] Epoch 10 - Training loss: 0.200636   Test Accuracy: 0.9354
[2026-05-19 19:25:40,332] Epoch 11 - Training loss: 0.201122   Test Accuracy: 0.9488
[2026-05-19 19:26:54,728] Epoch 12 - Training loss: 0.198552   Test Accuracy: 0.9295
[2026-05-19 19:27:58,487] Epoch 13 - Training loss: 0.195733   Test Accuracy: 0.9592
[2026-05-19 19:29:09,223] Epoch 14 - Training loss: 0.200009   Test Accuracy: 0.9471
[2026-05-19 19:29:59,657] Epoch 15 - Training loss: 0.197684   Test Accuracy: 0.9241
[2026-05-19 19:30:50,114] Epoch 16 - Training loss: 0.198329   Test Accuracy: 0.9334
[2026-05-19 19:31:55,625] Epoch 17 - Training loss: 0.199722   Test Accuracy: 0.9583
[2026-05-19 19:33:06,331] Epoch 18 - Training loss: 0.197606   Test Accuracy: 0.9489
[2026-05-19 19:34:20,336] Epoch 19 - Training loss: 0.200024   Test Accuracy: 0.9559
[2026-05-19 19:35:26,309] Epoch 20 - Training loss: 0.200620   Test Accuracy: 0.9532
[2026-05-19 19:36:40,161] Epoch 21 - Training loss: 0.199170   Test Accuracy: 0.9493
[2026-05-19 19:38:00,728] Epoch 22 - Training loss: 0.196030   Test Accuracy: 0.9515
[2026-05-19 19:39:08,581] Epoch 23 - Training loss: 0.203825   Test Accuracy: 0.9553
[2026-05-19 19:40:11,327] Epoch 24 - Training loss: 0.196979   Test Accuracy: 0.9519
[2026-05-19 19:41:16,069] Epoch 25 - Training loss: 0.199239   Test Accuracy: 0.9534
[2026-05-19 19:42:32,291] Epoch 26 - Training loss: 0.204002   Test Accuracy: 0.9427
[2026-05-19 19:43:47,442] Epoch 27 - Training loss: 0.195239   Test Accuracy: 0.9385
[2026-05-19 19:44:53,487] Epoch 28 - Training loss: 0.201964   Test Accuracy: 0.8560
[2026-05-19 19:46:00,872] Epoch 29 - Training loss: 0.198782   Test Accuracy: 0.9498
[2026-05-19 19:47:10,500] Epoch 30 - Training loss: 0.195030   Test Accuracy: 0.9525
aihwkit path:  /home/bong/analog_stress_test/aihwkit-fork/src/aihwkit/__init__.py
NeurIPS-2025/S2-mnist-CNN.py --CUDA 0 --SETTING Analog SGD --RPU Pow --tau 0.7 --res-gamma 0.5 --res-state 1400
Using Device:  cuda:0
Logging to file: runs/MNIST-CNN/Pow-gamma=0.5-state=1400/Analog SGD-tau=0.7/events.out.tfevents.1779185584.user.2153852.0

Training Time (s) = 2044.267884016037
