# CMD: CUDA_VISIBLE_DEVICES=2 PYTHONPATH=/home/bong/analog_stress_test/analog-training SEED=2 python NeurIPS-2025/S2-mnist-CNN.py --CUDA 0 --SETTING Analog SGD --RPU Pow --tau 0.7 --res-gamma 0.5 --res-state 140
[2026-05-19 20:53:58,445] Epoch 0 - Training loss: --------   Test Accuracy: 0.1343
[2026-05-19 20:54:49,270] Epoch 1 - Training loss: 0.449874   Test Accuracy: 0.8697
[2026-05-19 20:55:58,660] Epoch 2 - Training loss: 0.363994   Test Accuracy: 0.8933
[2026-05-19 20:57:07,716] Epoch 3 - Training loss: 0.361008   Test Accuracy: 0.9168
[2026-05-19 20:58:18,082] Epoch 4 - Training loss: 0.352602   Test Accuracy: 0.9010
[2026-05-19 20:59:23,901] Epoch 5 - Training loss: 0.344524   Test Accuracy: 0.8832
[2026-05-19 21:00:29,563] Epoch 6 - Training loss: 0.352209   Test Accuracy: 0.8884
[2026-05-19 21:01:37,395] Epoch 7 - Training loss: 0.347566   Test Accuracy: 0.9206
[2026-05-19 21:02:39,897] Epoch 8 - Training loss: 0.348511   Test Accuracy: 0.9278
[2026-05-19 21:03:39,187] Epoch 9 - Training loss: 0.355572   Test Accuracy: 0.9184
[2026-05-19 21:04:53,531] Epoch 10 - Training loss: 0.342724   Test Accuracy: 0.8980
[2026-05-19 21:05:58,918] Epoch 11 - Training loss: 0.355936   Test Accuracy: 0.9332
[2026-05-19 21:07:09,064] Epoch 12 - Training loss: 0.356762   Test Accuracy: 0.8636
[2026-05-19 21:08:20,292] Epoch 13 - Training loss: 0.351997   Test Accuracy: 0.8784
[2026-05-19 21:09:24,707] Epoch 14 - Training loss: 0.355670   Test Accuracy: 0.9109
[2026-05-19 21:10:28,133] Epoch 15 - Training loss: 0.359056   Test Accuracy: 0.9080
[2026-05-19 21:11:35,784] Epoch 16 - Training loss: 0.355830   Test Accuracy: 0.9000
[2026-05-19 21:12:40,111] Epoch 17 - Training loss: 0.341509   Test Accuracy: 0.9186
[2026-05-19 21:13:49,394] Epoch 18 - Training loss: 0.350990   Test Accuracy: 0.9050
[2026-05-19 21:14:49,937] Epoch 19 - Training loss: 0.343477   Test Accuracy: 0.9159
[2026-05-19 21:15:58,523] Epoch 20 - Training loss: 0.345772   Test Accuracy: 0.9134
[2026-05-19 21:17:04,410] Epoch 21 - Training loss: 0.346870   Test Accuracy: 0.8571
[2026-05-19 21:18:12,984] Epoch 22 - Training loss: 0.346790   Test Accuracy: 0.9221
[2026-05-19 21:19:16,804] Epoch 23 - Training loss: 0.352469   Test Accuracy: 0.8997
[2026-05-19 21:20:21,867] Epoch 24 - Training loss: 0.348992   Test Accuracy: 0.8936
[2026-05-19 21:21:26,340] Epoch 25 - Training loss: 0.341957   Test Accuracy: 0.8923
[2026-05-19 21:22:33,449] Epoch 26 - Training loss: 0.357842   Test Accuracy: 0.8900
[2026-05-19 21:23:46,669] Epoch 27 - Training loss: 0.358235   Test Accuracy: 0.8981
[2026-05-19 21:24:58,662] Epoch 28 - Training loss: 0.353489   Test Accuracy: 0.8638
[2026-05-19 21:25:56,186] Epoch 29 - Training loss: 0.358385   Test Accuracy: 0.9096
[2026-05-19 21:26:59,159] Epoch 30 - Training loss: 0.360619   Test Accuracy: 0.8988
aihwkit path:  /home/bong/analog_stress_test/aihwkit-fork/src/aihwkit/__init__.py
NeurIPS-2025/S2-mnist-CNN.py --CUDA 0 --SETTING Analog SGD --RPU Pow --tau 0.7 --res-gamma 0.5 --res-state 140
Using Device:  cuda:0
Logging to file: runs/MNIST-CNN/Pow-gamma=0.5-state=140/Analog SGD-tau=0.7/events.out.tfevents.1779191632.user.2198660.0

Training Time (s) = 1984.558542728424
