# CMD: CUDA_VISIBLE_DEVICES=2 PYTHONPATH=/home/bong/analog_stress_test/analog-training SEED=1 python NeurIPS-2025/S2-mnist-CNN.py --CUDA 0 --SETTING Analog SGD --RPU Pow --tau 0.7 --res-gamma 0.5 --res-state 14000
[2026-05-19 17:55:31,756] Epoch 0 - Training loss: --------   Test Accuracy: 0.1148
[2026-05-19 17:56:57,227] Epoch 1 - Training loss: 0.260614   Test Accuracy: 0.9583
[2026-05-19 17:58:22,272] Epoch 2 - Training loss: 0.175128   Test Accuracy: 0.9515
[2026-05-19 17:59:46,788] Epoch 3 - Training loss: 0.164521   Test Accuracy: 0.9601
[2026-05-19 18:01:10,013] Epoch 4 - Training loss: 0.164409   Test Accuracy: 0.9585
[2026-05-19 18:02:31,620] Epoch 5 - Training loss: 0.158814   Test Accuracy: 0.9634
[2026-05-19 18:03:56,642] Epoch 6 - Training loss: 0.161387   Test Accuracy: 0.9454
[2026-05-19 18:05:19,111] Epoch 7 - Training loss: 0.154691   Test Accuracy: 0.9614
[2026-05-19 18:06:43,039] Epoch 8 - Training loss: 0.162654   Test Accuracy: 0.9601
[2026-05-19 18:08:07,050] Epoch 9 - Training loss: 0.157492   Test Accuracy: 0.9602
[2026-05-19 18:09:27,195] Epoch 10 - Training loss: 0.155320   Test Accuracy: 0.9675
[2026-05-19 18:10:46,563] Epoch 11 - Training loss: 0.156390   Test Accuracy: 0.9607
[2026-05-19 18:12:06,568] Epoch 12 - Training loss: 0.155230   Test Accuracy: 0.9678
[2026-05-19 18:13:27,405] Epoch 13 - Training loss: 0.154936   Test Accuracy: 0.9616
[2026-05-19 18:14:48,217] Epoch 14 - Training loss: 0.155977   Test Accuracy: 0.9470
[2026-05-19 18:16:10,614] Epoch 15 - Training loss: 0.154987   Test Accuracy: 0.9620
[2026-05-19 18:17:31,879] Epoch 16 - Training loss: 0.150180   Test Accuracy: 0.9528
[2026-05-19 18:18:52,730] Epoch 17 - Training loss: 0.156581   Test Accuracy: 0.9529
[2026-05-19 18:20:08,868] Epoch 18 - Training loss: 0.153841   Test Accuracy: 0.9454
[2026-05-19 18:21:28,268] Epoch 19 - Training loss: 0.153249   Test Accuracy: 0.9595
[2026-05-19 18:22:46,936] Epoch 20 - Training loss: 0.153729   Test Accuracy: 0.9468
[2026-05-19 18:24:07,323] Epoch 21 - Training loss: 0.157905   Test Accuracy: 0.9589
[2026-05-19 18:25:28,932] Epoch 22 - Training loss: 0.148133   Test Accuracy: 0.9605
[2026-05-19 18:26:49,672] Epoch 23 - Training loss: 0.154750   Test Accuracy: 0.9684
[2026-05-19 18:28:09,838] Epoch 24 - Training loss: 0.150338   Test Accuracy: 0.9555
[2026-05-19 18:29:18,073] Epoch 25 - Training loss: 0.155143   Test Accuracy: 0.9608
[2026-05-19 18:30:39,986] Epoch 26 - Training loss: 0.156089   Test Accuracy: 0.9502
[2026-05-19 18:32:02,890] Epoch 27 - Training loss: 0.156080   Test Accuracy: 0.9607
[2026-05-19 18:33:28,102] Epoch 28 - Training loss: 0.157337   Test Accuracy: 0.9434
[2026-05-19 18:34:49,842] Epoch 29 - Training loss: 0.154267   Test Accuracy: 0.9546
[2026-05-19 18:36:08,538] Epoch 30 - Training loss: 0.155697   Test Accuracy: 0.9510
aihwkit path:  /home/bong/analog_stress_test/aihwkit-fork/src/aihwkit/__init__.py
NeurIPS-2025/S2-mnist-CNN.py --CUDA 0 --SETTING Analog SGD --RPU Pow --tau 0.7 --res-gamma 0.5 --res-state 14000
Using Device:  cuda:0
Logging to file: runs/MNIST-CNN/Pow-gamma=0.5-state=14000/Analog SGD-tau=0.7/events.out.tfevents.1779180925.user.2111787.0

Training Time (s) = 2440.7126021385193
