# CMD: CUDA_VISIBLE_DEVICES=2 PYTHONPATH=/home/bong/analog_stress_test/analog-training SEED=3 python NeurIPS-2025/S2-mnist-CNN.py --CUDA 0 --SETTING Analog SGD --RPU Pow --tau 0.7 --res-gamma 0.5 --res-state 140
[2026-05-19 20:56:40,504] Epoch 0 - Training loss: --------   Test Accuracy: 0.1295
[2026-05-19 20:57:46,316] Epoch 1 - Training loss: 0.445720   Test Accuracy: 0.9193
[2026-05-19 20:58:54,646] Epoch 2 - Training loss: 0.369288   Test Accuracy: 0.8148
[2026-05-19 21:00:00,528] Epoch 3 - Training loss: 0.355202   Test Accuracy: 0.9083
[2026-05-19 21:01:08,759] Epoch 4 - Training loss: 0.356228   Test Accuracy: 0.8937
[2026-05-19 21:02:10,694] Epoch 5 - Training loss: 0.355117   Test Accuracy: 0.8593
[2026-05-19 21:03:15,552] Epoch 6 - Training loss: 0.356453   Test Accuracy: 0.9106
[2026-05-19 21:04:27,062] Epoch 7 - Training loss: 0.365589   Test Accuracy: 0.8681
[2026-05-19 21:05:40,774] Epoch 8 - Training loss: 0.363543   Test Accuracy: 0.8968
[2026-05-19 21:06:45,147] Epoch 9 - Training loss: 0.351126   Test Accuracy: 0.8957
[2026-05-19 21:07:49,630] Epoch 10 - Training loss: 0.341636   Test Accuracy: 0.8280
[2026-05-19 21:08:52,533] Epoch 11 - Training loss: 0.353128   Test Accuracy: 0.8993
[2026-05-19 21:10:05,547] Epoch 12 - Training loss: 0.362609   Test Accuracy: 0.8931
[2026-05-19 21:11:05,098] Epoch 13 - Training loss: 0.356981   Test Accuracy: 0.9154
[2026-05-19 21:12:18,657] Epoch 14 - Training loss: 0.364693   Test Accuracy: 0.9112
[2026-05-19 21:13:15,974] Epoch 15 - Training loss: 0.353749   Test Accuracy: 0.9178
[2026-05-19 21:14:07,836] Epoch 16 - Training loss: 0.346023   Test Accuracy: 0.9074
[2026-05-19 21:15:13,564] Epoch 17 - Training loss: 0.344148   Test Accuracy: 0.8584
[2026-05-19 21:16:14,558] Epoch 18 - Training loss: 0.352727   Test Accuracy: 0.9060
[2026-05-19 21:17:17,492] Epoch 19 - Training loss: 0.351584   Test Accuracy: 0.9110
[2026-05-19 21:18:21,219] Epoch 20 - Training loss: 0.354535   Test Accuracy: 0.8979
[2026-05-19 21:19:28,527] Epoch 21 - Training loss: 0.345702   Test Accuracy: 0.9048
[2026-05-19 21:20:29,524] Epoch 22 - Training loss: 0.355022   Test Accuracy: 0.9192
[2026-05-19 21:21:36,700] Epoch 23 - Training loss: 0.360720   Test Accuracy: 0.8865
[2026-05-19 21:22:45,080] Epoch 24 - Training loss: 0.356533   Test Accuracy: 0.8418
[2026-05-19 21:23:48,837] Epoch 25 - Training loss: 0.354649   Test Accuracy: 0.9258
[2026-05-19 21:24:55,744] Epoch 26 - Training loss: 0.355871   Test Accuracy: 0.9015
[2026-05-19 21:25:59,696] Epoch 27 - Training loss: 0.365073   Test Accuracy: 0.8624
[2026-05-19 21:27:00,513] Epoch 28 - Training loss: 0.357957   Test Accuracy: 0.8816
[2026-05-19 21:28:09,066] Epoch 29 - Training loss: 0.367246   Test Accuracy: 0.9077
[2026-05-19 21:29:11,867] Epoch 30 - Training loss: 0.361601   Test Accuracy: 0.9006
aihwkit path:  /home/bong/analog_stress_test/aihwkit-fork/src/aihwkit/__init__.py
NeurIPS-2025/S2-mnist-CNN.py --CUDA 0 --SETTING Analog SGD --RPU Pow --tau 0.7 --res-gamma 0.5 --res-state 140
Using Device:  cuda:0
Logging to file: runs/MNIST-CNN/Pow-gamma=0.5-state=140/Analog SGD-tau=0.7/events.out.tfevents.1779191794.user.2199400.0

Training Time (s) = 1955.0627236366272
