# CMD: CUDA_VISIBLE_DEVICES=3 PYTHONPATH=/home/bong/analog_stress_test/analog-training SEED=2 python NeurIPS-2025/S2-mnist-FCN.py --CUDA 0 --SETTING Analog SGD --RPU Pow --tau 0.7 --res-gamma 0.1 --res-state 140
[2026-05-24 15:37:07,054] Epoch 0 - Training loss: --------   Test Accuracy: 0.1007
[2026-05-24 15:37:55,689] Epoch 1 - Training loss: 1.681256   Test Accuracy: 0.9111
[2026-05-24 15:38:39,998] Epoch 2 - Training loss: 0.260230   Test Accuracy: 0.9370
[2026-05-24 15:39:24,662] Epoch 3 - Training loss: 0.186159   Test Accuracy: 0.9539
[2026-05-24 15:40:14,421] Epoch 4 - Training loss: 0.152396   Test Accuracy: 0.9516
[2026-05-24 15:41:02,826] Epoch 5 - Training loss: 0.136906   Test Accuracy: 0.9575
[2026-05-24 15:41:56,239] Epoch 6 - Training loss: 0.124869   Test Accuracy: 0.9422
[2026-05-24 15:42:45,133] Epoch 7 - Training loss: 0.113334   Test Accuracy: 0.9628
[2026-05-24 15:43:32,069] Epoch 8 - Training loss: 0.103716   Test Accuracy: 0.9628
[2026-05-24 15:44:23,365] Epoch 9 - Training loss: 0.096210   Test Accuracy: 0.9673
[2026-05-24 15:45:10,881] Epoch 10 - Training loss: 0.088405   Test Accuracy: 0.9561
[2026-05-24 15:45:57,514] Epoch 11 - Training loss: 0.086604   Test Accuracy: 0.9572
[2026-05-24 15:46:37,508] Epoch 12 - Training loss: 0.078975   Test Accuracy: 0.9644
[2026-05-24 15:47:19,833] Epoch 13 - Training loss: 0.074370   Test Accuracy: 0.9691
[2026-05-24 15:48:07,244] Epoch 14 - Training loss: 0.072232   Test Accuracy: 0.9703
[2026-05-24 15:48:49,877] Epoch 15 - Training loss: 0.069165   Test Accuracy: 0.9684
[2026-05-24 15:49:38,058] Epoch 16 - Training loss: 0.048205   Test Accuracy: 0.9743
[2026-05-24 15:50:24,884] Epoch 17 - Training loss: 0.047926   Test Accuracy: 0.9756
[2026-05-24 15:51:11,404] Epoch 18 - Training loss: 0.043910   Test Accuracy: 0.9748
[2026-05-24 15:51:58,163] Epoch 19 - Training loss: 0.042031   Test Accuracy: 0.9716
[2026-05-24 15:52:46,516] Epoch 20 - Training loss: 0.038841   Test Accuracy: 0.9719
[2026-05-24 15:53:35,701] Epoch 21 - Training loss: 0.038619   Test Accuracy: 0.9739
[2026-05-24 15:54:19,676] Epoch 22 - Training loss: 0.040410   Test Accuracy: 0.9731
[2026-05-24 15:55:09,143] Epoch 23 - Training loss: 0.038242   Test Accuracy: 0.9741
[2026-05-24 15:55:59,348] Epoch 24 - Training loss: 0.035449   Test Accuracy: 0.9748
[2026-05-24 15:56:47,891] Epoch 25 - Training loss: 0.034243   Test Accuracy: 0.9742
[2026-05-24 15:57:35,400] Epoch 26 - Training loss: 0.033549   Test Accuracy: 0.9727
[2026-05-24 15:58:20,807] Epoch 27 - Training loss: 0.032297   Test Accuracy: 0.9730
[2026-05-24 15:59:07,960] Epoch 28 - Training loss: 0.030692   Test Accuracy: 0.9735
[2026-05-24 15:59:53,274] Epoch 29 - Training loss: 0.032047   Test Accuracy: 0.9747
[2026-05-24 16:00:41,270] Epoch 30 - Training loss: 0.031615   Test Accuracy: 0.9751
aihwkit path:  /home/bong/analog_stress_test/aihwkit-fork/src/aihwkit/__init__.py
NeurIPS-2025/S2-mnist-FCN.py --CUDA 0 --SETTING Analog SGD --RPU Pow --tau 0.7 --res-gamma 0.1 --res-state 140
Using Device:  cuda:0
Logging to file: runs/MNIST-FCN/Pow-gamma=0.1-state=140/Analog SGD-tau=0.7/events.out.tfevents.1779604621.user.466929.0

Training Time (s) = 1417.4406898021698
