# CMD: CUDA_VISIBLE_DEVICES=3 PYTHONPATH=/home/bong/analog_stress_test/analog-training SEED=1 python NeurIPS-2025/S2-mnist-FCN.py --CUDA 0 --SETTING Analog SGD --RPU Pow --tau 0.7 --res-gamma 0.5 --res-state 140
[2026-05-24 16:00:50,510] Epoch 0 - Training loss: --------   Test Accuracy: 0.1032
[2026-05-24 16:01:39,335] Epoch 1 - Training loss: 2.303608   Test Accuracy: 0.0982
[2026-05-24 16:02:33,262] Epoch 2 - Training loss: 1.129230   Test Accuracy: 0.9156
[2026-05-24 16:03:26,282] Epoch 3 - Training loss: 0.243674   Test Accuracy: 0.9498
[2026-05-24 16:04:09,001] Epoch 4 - Training loss: 0.196008   Test Accuracy: 0.9463
[2026-05-24 16:04:52,927] Epoch 5 - Training loss: 0.175582   Test Accuracy: 0.9429
[2026-05-24 16:05:36,472] Epoch 6 - Training loss: 0.163187   Test Accuracy: 0.9569
[2026-05-24 16:06:19,517] Epoch 7 - Training loss: 0.159979   Test Accuracy: 0.9456
[2026-05-24 16:07:06,490] Epoch 8 - Training loss: 0.153929   Test Accuracy: 0.9571
[2026-05-24 16:07:47,770] Epoch 9 - Training loss: 0.146308   Test Accuracy: 0.9555
[2026-05-24 16:08:35,706] Epoch 10 - Training loss: 0.137895   Test Accuracy: 0.9616
[2026-05-24 16:09:20,286] Epoch 11 - Training loss: 0.132546   Test Accuracy: 0.9531
[2026-05-24 16:10:07,894] Epoch 12 - Training loss: 0.134184   Test Accuracy: 0.9607
[2026-05-24 16:10:56,211] Epoch 13 - Training loss: 0.131287   Test Accuracy: 0.9564
[2026-05-24 16:11:42,920] Epoch 14 - Training loss: 0.126273   Test Accuracy: 0.9639
[2026-05-24 16:12:29,724] Epoch 15 - Training loss: 0.124994   Test Accuracy: 0.9564
[2026-05-24 16:13:15,310] Epoch 16 - Training loss: 0.088432   Test Accuracy: 0.9687
[2026-05-24 16:13:55,536] Epoch 17 - Training loss: 0.091416   Test Accuracy: 0.9599
[2026-05-24 16:14:40,258] Epoch 18 - Training loss: 0.095156   Test Accuracy: 0.9632
[2026-05-24 16:15:23,562] Epoch 19 - Training loss: 0.097100   Test Accuracy: 0.9606
[2026-05-24 16:16:02,147] Epoch 20 - Training loss: 0.099574   Test Accuracy: 0.9649
[2026-05-24 16:16:47,442] Epoch 21 - Training loss: 0.096696   Test Accuracy: 0.9584
[2026-05-24 16:17:37,349] Epoch 22 - Training loss: 0.095351   Test Accuracy: 0.9626
[2026-05-24 16:18:23,969] Epoch 23 - Training loss: 0.094699   Test Accuracy: 0.9435
[2026-05-24 16:19:07,870] Epoch 24 - Training loss: 0.093402   Test Accuracy: 0.9632
[2026-05-24 16:19:49,572] Epoch 25 - Training loss: 0.096801   Test Accuracy: 0.9644
[2026-05-24 16:20:30,520] Epoch 26 - Training loss: 0.099514   Test Accuracy: 0.9628
[2026-05-24 16:21:15,959] Epoch 27 - Training loss: 0.097790   Test Accuracy: 0.9644
[2026-05-24 16:21:56,565] Epoch 28 - Training loss: 0.096326   Test Accuracy: 0.9645
[2026-05-24 16:22:37,389] Epoch 29 - Training loss: 0.096176   Test Accuracy: 0.9659
[2026-05-24 16:23:21,198] Epoch 30 - Training loss: 0.094298   Test Accuracy: 0.9683
aihwkit path:  /home/bong/analog_stress_test/aihwkit-fork/src/aihwkit/__init__.py
NeurIPS-2025/S2-mnist-FCN.py --CUDA 0 --SETTING Analog SGD --RPU Pow --tau 0.7 --res-gamma 0.5 --res-state 140
Using Device:  cuda:0
Logging to file: runs/MNIST-FCN/Pow-gamma=0.5-state=140/Analog SGD-tau=0.7/events.out.tfevents.1779606045.user.468875.0

Training Time (s) = 1353.8955750465393
