# CMD: CUDA_VISIBLE_DEVICES=3 PYTHONPATH=/home/bong/analog_stress_test/analog-training SEED=1 python NeurIPS-2025/S2-mnist-FCN.py --CUDA 0 --SETTING Analog SGD --RPU Pow --tau 0.7 --res-gamma 1.0 --res-state 140
[2026-05-24 16:45:35,353] Epoch 0 - Training loss: --------   Test Accuracy: 0.1031
[2026-05-24 16:46:20,245] Epoch 1 - Training loss: 2.303593   Test Accuracy: 0.0982
[2026-05-24 16:47:08,579] Epoch 2 - Training loss: 2.302672   Test Accuracy: 0.1135
[2026-05-24 16:47:58,196] Epoch 3 - Training loss: 2.302456   Test Accuracy: 0.1135
[2026-05-24 16:48:47,404] Epoch 4 - Training loss: 1.952959   Test Accuracy: 0.8558
[2026-05-24 16:49:38,626] Epoch 5 - Training loss: 0.336268   Test Accuracy: 0.8530
[2026-05-24 16:50:26,184] Epoch 6 - Training loss: 0.256632   Test Accuracy: 0.9384
[2026-05-24 16:51:12,165] Epoch 7 - Training loss: 0.225790   Test Accuracy: 0.9424
[2026-05-24 16:52:01,779] Epoch 8 - Training loss: 0.214439   Test Accuracy: 0.9434
[2026-05-24 16:52:50,938] Epoch 9 - Training loss: 0.215141   Test Accuracy: 0.9417
[2026-05-24 16:53:38,452] Epoch 10 - Training loss: 0.206864   Test Accuracy: 0.9492
[2026-05-24 16:54:19,191] Epoch 11 - Training loss: 0.206410   Test Accuracy: 0.9434
[2026-05-24 16:55:01,296] Epoch 12 - Training loss: 0.202139   Test Accuracy: 0.9378
[2026-05-24 16:55:51,745] Epoch 13 - Training loss: 0.196079   Test Accuracy: 0.9556
[2026-05-24 16:56:36,349] Epoch 14 - Training loss: 0.197327   Test Accuracy: 0.9424
[2026-05-24 16:57:25,688] Epoch 15 - Training loss: 0.191093   Test Accuracy: 0.9462
[2026-05-24 16:58:16,181] Epoch 16 - Training loss: 0.136373   Test Accuracy: 0.9562
[2026-05-24 16:59:02,847] Epoch 17 - Training loss: 0.139439   Test Accuracy: 0.9542
[2026-05-24 16:59:48,751] Epoch 18 - Training loss: 0.147207   Test Accuracy: 0.9560
[2026-05-24 17:00:36,030] Epoch 19 - Training loss: 0.151662   Test Accuracy: 0.9293
[2026-05-24 17:01:23,460] Epoch 20 - Training loss: 0.155045   Test Accuracy: 0.9467
[2026-05-24 17:02:08,483] Epoch 21 - Training loss: 0.158700   Test Accuracy: 0.9564
[2026-05-24 17:02:55,028] Epoch 22 - Training loss: 0.157206   Test Accuracy: 0.9391
[2026-05-24 17:03:38,450] Epoch 23 - Training loss: 0.157512   Test Accuracy: 0.9411
[2026-05-24 17:04:27,946] Epoch 24 - Training loss: 0.162921   Test Accuracy: 0.9482
[2026-05-24 17:05:16,291] Epoch 25 - Training loss: 0.158182   Test Accuracy: 0.9506
[2026-05-24 17:06:01,737] Epoch 26 - Training loss: 0.164847   Test Accuracy: 0.9570
[2026-05-24 17:06:46,436] Epoch 27 - Training loss: 0.163449   Test Accuracy: 0.9438
[2026-05-24 17:07:36,625] Epoch 28 - Training loss: 0.159922   Test Accuracy: 0.9521
[2026-05-24 17:08:22,883] Epoch 29 - Training loss: 0.163054   Test Accuracy: 0.9413
[2026-05-24 17:09:08,933] Epoch 30 - Training loss: 0.156632   Test Accuracy: 0.9534
aihwkit path:  /home/bong/analog_stress_test/aihwkit-fork/src/aihwkit/__init__.py
NeurIPS-2025/S2-mnist-FCN.py --CUDA 0 --SETTING Analog SGD --RPU Pow --tau 0.7 --res-gamma 1.0 --res-state 140
Using Device:  cuda:0
Logging to file: runs/MNIST-FCN/Pow-gamma=1.0-state=140/Analog SGD-tau=0.7/events.out.tfevents.1779608730.user.473041.0

Training Time (s) = 1416.6624369621277
