# CMD: CUDA_VISIBLE_DEVICES=3 PYTHONPATH=/home/bong/analog_stress_test/analog-training SEED=2 python NeurIPS-2025/S2-mnist-FCN.py --CUDA 0 --SETTING Analog SGD --RPU Pow --tau 0.7 --res-gamma 1.0 --res-state 140
[2026-05-24 16:45:35,356] Epoch 0 - Training loss: --------   Test Accuracy: 0.1008
[2026-05-24 16:46:22,689] Epoch 1 - Training loss: 2.303596   Test Accuracy: 0.1135
[2026-05-24 16:47:11,126] Epoch 2 - Training loss: 2.302763   Test Accuracy: 0.1135
[2026-05-24 16:47:57,796] Epoch 3 - Training loss: 2.302660   Test Accuracy: 0.1135
[2026-05-24 16:48:46,891] Epoch 4 - Training loss: 2.198395   Test Accuracy: 0.6774
[2026-05-24 16:49:31,557] Epoch 5 - Training loss: 0.386704   Test Accuracy: 0.9002
[2026-05-24 16:50:18,622] Epoch 6 - Training loss: 0.257293   Test Accuracy: 0.9294
[2026-05-24 16:51:07,831] Epoch 7 - Training loss: 0.221715   Test Accuracy: 0.9366
[2026-05-24 16:51:49,622] Epoch 8 - Training loss: 0.217970   Test Accuracy: 0.9507
[2026-05-24 16:52:32,401] Epoch 9 - Training loss: 0.213388   Test Accuracy: 0.9388
[2026-05-24 16:53:18,104] Epoch 10 - Training loss: 0.206215   Test Accuracy: 0.9220
[2026-05-24 16:54:04,920] Epoch 11 - Training loss: 0.204435   Test Accuracy: 0.9508
[2026-05-24 16:54:51,467] Epoch 12 - Training loss: 0.201251   Test Accuracy: 0.9317
[2026-05-24 16:55:37,060] Epoch 13 - Training loss: 0.202074   Test Accuracy: 0.9510
[2026-05-24 16:56:30,038] Epoch 14 - Training loss: 0.194706   Test Accuracy: 0.9437
[2026-05-24 16:57:17,787] Epoch 15 - Training loss: 0.191827   Test Accuracy: 0.9327
[2026-05-24 16:58:05,032] Epoch 16 - Training loss: 0.134159   Test Accuracy: 0.9626
[2026-05-24 16:58:53,532] Epoch 17 - Training loss: 0.142490   Test Accuracy: 0.9563
[2026-05-24 16:59:42,456] Epoch 18 - Training loss: 0.145136   Test Accuracy: 0.9601
[2026-05-24 17:00:28,989] Epoch 19 - Training loss: 0.153645   Test Accuracy: 0.9391
[2026-05-24 17:01:17,924] Epoch 20 - Training loss: 0.159781   Test Accuracy: 0.9480
[2026-05-24 17:01:56,868] Epoch 21 - Training loss: 0.161478   Test Accuracy: 0.9415
[2026-05-24 17:02:47,088] Epoch 22 - Training loss: 0.161776   Test Accuracy: 0.9548
[2026-05-24 17:03:39,659] Epoch 23 - Training loss: 0.161747   Test Accuracy: 0.9461
[2026-05-24 17:04:32,195] Epoch 24 - Training loss: 0.160149   Test Accuracy: 0.9619
[2026-05-24 17:05:20,891] Epoch 25 - Training loss: 0.158056   Test Accuracy: 0.9458
[2026-05-24 17:06:14,421] Epoch 26 - Training loss: 0.162020   Test Accuracy: 0.9528
[2026-05-24 17:06:59,845] Epoch 27 - Training loss: 0.161454   Test Accuracy: 0.9510
[2026-05-24 17:07:45,354] Epoch 28 - Training loss: 0.161421   Test Accuracy: 0.9372
[2026-05-24 17:08:29,856] Epoch 29 - Training loss: 0.165402   Test Accuracy: 0.9459
[2026-05-24 17:09:15,212] Epoch 30 - Training loss: 0.159981   Test Accuracy: 0.9470
aihwkit path:  /home/bong/analog_stress_test/aihwkit-fork/src/aihwkit/__init__.py
NeurIPS-2025/S2-mnist-FCN.py --CUDA 0 --SETTING Analog SGD --RPU Pow --tau 0.7 --res-gamma 1.0 --res-state 140
Using Device:  cuda:0
Logging to file: runs/MNIST-FCN/Pow-gamma=1.0-state=140/Analog SGD-tau=0.7/events.out.tfevents.1779608730.user.473042.0

Training Time (s) = 1422.9221420288086
