# CMD: CUDA_VISIBLE_DEVICES=3 PYTHONPATH=/home/bong/analog_stress_test/analog-training SEED=3 python NeurIPS-2025/S2-mnist-FCN.py --CUDA 0 --SETTING Analog SGD --RPU Pow --tau 0.7 --res-gamma 0.5 --res-state 140
[2026-05-24 16:23:30,071] Epoch 0 - Training loss: --------   Test Accuracy: 0.0950
[2026-05-24 16:24:15,928] Epoch 1 - Training loss: 2.303417   Test Accuracy: 0.1135
[2026-05-24 16:25:02,388] Epoch 2 - Training loss: 1.515868   Test Accuracy: 0.9126
[2026-05-24 16:25:45,083] Epoch 3 - Training loss: 0.267588   Test Accuracy: 0.9284
[2026-05-24 16:26:29,102] Epoch 4 - Training loss: 0.208018   Test Accuracy: 0.9440
[2026-05-24 16:27:14,580] Epoch 5 - Training loss: 0.180119   Test Accuracy: 0.9532
[2026-05-24 16:27:58,063] Epoch 6 - Training loss: 0.164428   Test Accuracy: 0.9390
[2026-05-24 16:28:42,063] Epoch 7 - Training loss: 0.160766   Test Accuracy: 0.9392
[2026-05-24 16:29:28,384] Epoch 8 - Training loss: 0.151550   Test Accuracy: 0.9457
[2026-05-24 16:30:12,004] Epoch 9 - Training loss: 0.146877   Test Accuracy: 0.9518
[2026-05-24 16:30:55,450] Epoch 10 - Training loss: 0.141732   Test Accuracy: 0.9524
[2026-05-24 16:31:38,917] Epoch 11 - Training loss: 0.134108   Test Accuracy: 0.9591
[2026-05-24 16:32:22,777] Epoch 12 - Training loss: 0.135552   Test Accuracy: 0.9552
[2026-05-24 16:33:09,194] Epoch 13 - Training loss: 0.133788   Test Accuracy: 0.9546
[2026-05-24 16:33:53,676] Epoch 14 - Training loss: 0.131343   Test Accuracy: 0.9543
[2026-05-24 16:34:41,915] Epoch 15 - Training loss: 0.126168   Test Accuracy: 0.9618
[2026-05-24 16:35:26,971] Epoch 16 - Training loss: 0.089320   Test Accuracy: 0.9681
[2026-05-24 16:36:05,890] Epoch 17 - Training loss: 0.092273   Test Accuracy: 0.9632
[2026-05-24 16:36:41,529] Epoch 18 - Training loss: 0.092004   Test Accuracy: 0.9645
[2026-05-24 16:37:17,071] Epoch 19 - Training loss: 0.091421   Test Accuracy: 0.9520
[2026-05-24 16:37:55,666] Epoch 20 - Training loss: 0.093314   Test Accuracy: 0.9664
[2026-05-24 16:38:38,178] Epoch 21 - Training loss: 0.094460   Test Accuracy: 0.9634
[2026-05-24 16:39:21,503] Epoch 22 - Training loss: 0.098097   Test Accuracy: 0.9648
[2026-05-24 16:40:08,337] Epoch 23 - Training loss: 0.099663   Test Accuracy: 0.9608
[2026-05-24 16:40:53,377] Epoch 24 - Training loss: 0.098202   Test Accuracy: 0.9688
[2026-05-24 16:41:39,020] Epoch 25 - Training loss: 0.097927   Test Accuracy: 0.9584
[2026-05-24 16:42:25,306] Epoch 26 - Training loss: 0.097956   Test Accuracy: 0.9666
[2026-05-24 16:43:09,026] Epoch 27 - Training loss: 0.101497   Test Accuracy: 0.9677
[2026-05-24 16:43:54,696] Epoch 28 - Training loss: 0.101346   Test Accuracy: 0.9411
[2026-05-24 16:44:42,346] Epoch 29 - Training loss: 0.101374   Test Accuracy: 0.9648
[2026-05-24 16:45:26,749] Epoch 30 - Training loss: 0.101765   Test Accuracy: 0.9575
aihwkit path:  /home/bong/analog_stress_test/aihwkit-fork/src/aihwkit/__init__.py
NeurIPS-2025/S2-mnist-FCN.py --CUDA 0 --SETTING Analog SGD --RPU Pow --tau 0.7 --res-gamma 0.5 --res-state 140
Using Device:  cuda:0
Logging to file: runs/MNIST-FCN/Pow-gamma=0.5-state=140/Analog SGD-tau=0.7/events.out.tfevents.1779607404.user.471206.0

Training Time (s) = 1319.9306011199951
