# CMD: CUDA_VISIBLE_DEVICES=3 PYTHONPATH=/home/bong/analog_stress_test/analog-training SEED=1 python NeurIPS-2025/S2-mnist-FCN.py --CUDA 0 --SETTING Analog SGD --RPU Pow --tau 0.7 --res-gamma 0.1 --res-state 140
[2026-05-24 15:34:49,126] Epoch 0 - Training loss: --------   Test Accuracy: 0.1036
[2026-05-24 15:35:40,718] Epoch 1 - Training loss: 1.584336   Test Accuracy: 0.9169
[2026-05-24 15:36:28,974] Epoch 2 - Training loss: 0.255501   Test Accuracy: 0.9376
[2026-05-24 15:37:14,358] Epoch 3 - Training loss: 0.186769   Test Accuracy: 0.9531
[2026-05-24 15:37:58,519] Epoch 4 - Training loss: 0.157361   Test Accuracy: 0.9469
[2026-05-24 15:38:45,241] Epoch 5 - Training loss: 0.133725   Test Accuracy: 0.9520
[2026-05-24 15:39:34,160] Epoch 6 - Training loss: 0.115911   Test Accuracy: 0.9572
[2026-05-24 15:40:11,340] Epoch 7 - Training loss: 0.106582   Test Accuracy: 0.9666
[2026-05-24 15:40:50,685] Epoch 8 - Training loss: 0.098282   Test Accuracy: 0.9650
[2026-05-24 15:41:38,071] Epoch 9 - Training loss: 0.093780   Test Accuracy: 0.9636
[2026-05-24 15:42:22,858] Epoch 10 - Training loss: 0.087441   Test Accuracy: 0.9625
[2026-05-24 15:43:09,131] Epoch 11 - Training loss: 0.082353   Test Accuracy: 0.9694
[2026-05-24 15:43:54,933] Epoch 12 - Training loss: 0.080063   Test Accuracy: 0.9681
[2026-05-24 15:44:38,424] Epoch 13 - Training loss: 0.073967   Test Accuracy: 0.9693
[2026-05-24 15:45:24,509] Epoch 14 - Training loss: 0.072531   Test Accuracy: 0.9686
[2026-05-24 15:46:11,235] Epoch 15 - Training loss: 0.069199   Test Accuracy: 0.9650
[2026-05-24 15:46:58,767] Epoch 16 - Training loss: 0.049404   Test Accuracy: 0.9743
[2026-05-24 15:47:46,112] Epoch 17 - Training loss: 0.047752   Test Accuracy: 0.9738
[2026-05-24 15:48:32,462] Epoch 18 - Training loss: 0.044949   Test Accuracy: 0.9733
[2026-05-24 15:49:18,901] Epoch 19 - Training loss: 0.041209   Test Accuracy: 0.9726
[2026-05-24 15:50:05,104] Epoch 20 - Training loss: 0.040466   Test Accuracy: 0.9738
[2026-05-24 15:50:52,603] Epoch 21 - Training loss: 0.039883   Test Accuracy: 0.9685
[2026-05-24 15:51:40,857] Epoch 22 - Training loss: 0.038404   Test Accuracy: 0.9735
[2026-05-24 15:52:29,371] Epoch 23 - Training loss: 0.035596   Test Accuracy: 0.9719
[2026-05-24 15:53:16,382] Epoch 24 - Training loss: 0.036751   Test Accuracy: 0.9743
[2026-05-24 15:54:02,614] Epoch 25 - Training loss: 0.035654   Test Accuracy: 0.9735
[2026-05-24 15:54:48,825] Epoch 26 - Training loss: 0.034020   Test Accuracy: 0.9732
[2026-05-24 15:55:33,674] Epoch 27 - Training loss: 0.034515   Test Accuracy: 0.9739
[2026-05-24 15:56:19,355] Epoch 28 - Training loss: 0.031995   Test Accuracy: 0.9738
[2026-05-24 15:57:04,630] Epoch 29 - Training loss: 0.031074   Test Accuracy: 0.9727
[2026-05-24 15:57:51,504] Epoch 30 - Training loss: 0.030349   Test Accuracy: 0.9744
aihwkit path:  /home/bong/analog_stress_test/aihwkit-fork/src/aihwkit/__init__.py
NeurIPS-2025/S2-mnist-FCN.py --CUDA 0 --SETTING Analog SGD --RPU Pow --tau 0.7 --res-gamma 0.1 --res-state 140
Using Device:  cuda:0
Logging to file: runs/MNIST-FCN/Pow-gamma=0.1-state=140/Analog SGD-tau=0.7/events.out.tfevents.1779604483.user.466579.0

Training Time (s) = 1385.7158651351929
