# CMD: CUDA_VISIBLE_DEVICES=3 PYTHONPATH=/home/bong/analog_stress_test/analog-training SEED=3 python NeurIPS-2025/S2-mnist-FCN.py --CUDA 0 --SETTING Analog SGD --RPU Pow --tau 0.7 --res-gamma 0.1 --res-state 140
[2026-05-24 15:58:00,843] Epoch 0 - Training loss: --------   Test Accuracy: 0.0956
[2026-05-24 15:58:49,882] Epoch 1 - Training loss: 1.722638   Test Accuracy: 0.9032
[2026-05-24 15:59:37,586] Epoch 2 - Training loss: 0.267245   Test Accuracy: 0.9374
[2026-05-24 16:00:25,056] Epoch 3 - Training loss: 0.188472   Test Accuracy: 0.9491
[2026-05-24 16:01:09,163] Epoch 4 - Training loss: 0.157883   Test Accuracy: 0.9519
[2026-05-24 16:01:54,722] Epoch 5 - Training loss: 0.136530   Test Accuracy: 0.9561
[2026-05-24 16:02:39,568] Epoch 6 - Training loss: 0.121021   Test Accuracy: 0.9608
[2026-05-24 16:03:26,563] Epoch 7 - Training loss: 0.115076   Test Accuracy: 0.9572
[2026-05-24 16:04:05,517] Epoch 8 - Training loss: 0.100490   Test Accuracy: 0.9650
[2026-05-24 16:04:53,657] Epoch 9 - Training loss: 0.096123   Test Accuracy: 0.9652
[2026-05-24 16:05:42,785] Epoch 10 - Training loss: 0.090962   Test Accuracy: 0.9642
[2026-05-24 16:06:28,342] Epoch 11 - Training loss: 0.089844   Test Accuracy: 0.9563
[2026-05-24 16:07:16,663] Epoch 12 - Training loss: 0.084355   Test Accuracy: 0.9715
[2026-05-24 16:08:03,244] Epoch 13 - Training loss: 0.076650   Test Accuracy: 0.9667
[2026-05-24 16:08:55,971] Epoch 14 - Training loss: 0.076914   Test Accuracy: 0.9664
[2026-05-24 16:09:41,476] Epoch 15 - Training loss: 0.069963   Test Accuracy: 0.9671
[2026-05-24 16:10:28,125] Epoch 16 - Training loss: 0.051919   Test Accuracy: 0.9750
[2026-05-24 16:11:16,547] Epoch 17 - Training loss: 0.047517   Test Accuracy: 0.9729
[2026-05-24 16:12:07,659] Epoch 18 - Training loss: 0.045012   Test Accuracy: 0.9748
[2026-05-24 16:12:55,113] Epoch 19 - Training loss: 0.042659   Test Accuracy: 0.9705
[2026-05-24 16:13:40,767] Epoch 20 - Training loss: 0.041503   Test Accuracy: 0.9725
[2026-05-24 16:14:25,327] Epoch 21 - Training loss: 0.042464   Test Accuracy: 0.9731
[2026-05-24 16:15:12,473] Epoch 22 - Training loss: 0.040867   Test Accuracy: 0.9684
[2026-05-24 16:15:54,443] Epoch 23 - Training loss: 0.042014   Test Accuracy: 0.9708
[2026-05-24 16:16:38,108] Epoch 24 - Training loss: 0.039471   Test Accuracy: 0.9715
[2026-05-24 16:17:26,404] Epoch 25 - Training loss: 0.037964   Test Accuracy: 0.9727
[2026-05-24 16:18:14,602] Epoch 26 - Training loss: 0.038010   Test Accuracy: 0.9713
[2026-05-24 16:19:04,782] Epoch 27 - Training loss: 0.036307   Test Accuracy: 0.9716
[2026-05-24 16:19:49,968] Epoch 28 - Training loss: 0.036114   Test Accuracy: 0.9664
[2026-05-24 16:20:36,739] Epoch 29 - Training loss: 0.033643   Test Accuracy: 0.9731
[2026-05-24 16:21:22,768] Epoch 30 - Training loss: 0.031366   Test Accuracy: 0.9741
aihwkit path:  /home/bong/analog_stress_test/aihwkit-fork/src/aihwkit/__init__.py
NeurIPS-2025/S2-mnist-FCN.py --CUDA 0 --SETTING Analog SGD --RPU Pow --tau 0.7 --res-gamma 0.1 --res-state 140
Using Device:  cuda:0
Logging to file: runs/MNIST-FCN/Pow-gamma=0.1-state=140/Analog SGD-tau=0.7/events.out.tfevents.1779605875.user.468487.0

Training Time (s) = 1405.4988021850586
