# CMD: CUDA_VISIBLE_DEVICES=3 PYTHONPATH=/home/bong/analog_stress_test/analog-training SEED=2 python NeurIPS-2025/S2-mnist-FCN.py --CUDA 0 --SETTING Analog SGD --RPU Pow --tau 0.7 --res-gamma 0.5 --res-state 140
[2026-05-24 16:21:31,840] Epoch 0 - Training loss: --------   Test Accuracy: 0.1003
[2026-05-24 16:22:18,491] Epoch 1 - Training loss: 2.304022   Test Accuracy: 0.1135
[2026-05-24 16:23:08,632] Epoch 2 - Training loss: 1.529089   Test Accuracy: 0.8824
[2026-05-24 16:23:50,541] Epoch 3 - Training loss: 0.265361   Test Accuracy: 0.9414
[2026-05-24 16:24:36,523] Epoch 4 - Training loss: 0.201016   Test Accuracy: 0.9440
[2026-05-24 16:25:17,915] Epoch 5 - Training loss: 0.179384   Test Accuracy: 0.9531
[2026-05-24 16:26:02,157] Epoch 6 - Training loss: 0.165493   Test Accuracy: 0.9349
[2026-05-24 16:26:48,288] Epoch 7 - Training loss: 0.156562   Test Accuracy: 0.9518
[2026-05-24 16:27:33,392] Epoch 8 - Training loss: 0.149453   Test Accuracy: 0.9594
[2026-05-24 16:28:16,804] Epoch 9 - Training loss: 0.142622   Test Accuracy: 0.9543
[2026-05-24 16:29:05,188] Epoch 10 - Training loss: 0.137547   Test Accuracy: 0.9512
[2026-05-24 16:29:54,884] Epoch 11 - Training loss: 0.135934   Test Accuracy: 0.9628
[2026-05-24 16:30:48,266] Epoch 12 - Training loss: 0.133253   Test Accuracy: 0.9642
[2026-05-24 16:31:38,562] Epoch 13 - Training loss: 0.131134   Test Accuracy: 0.9474
[2026-05-24 16:32:24,180] Epoch 14 - Training loss: 0.124475   Test Accuracy: 0.9551
[2026-05-24 16:33:13,207] Epoch 15 - Training loss: 0.123588   Test Accuracy: 0.9589
[2026-05-24 16:34:03,192] Epoch 16 - Training loss: 0.086754   Test Accuracy: 0.9709
[2026-05-24 16:34:51,302] Epoch 17 - Training loss: 0.088773   Test Accuracy: 0.9698
[2026-05-24 16:35:36,975] Epoch 18 - Training loss: 0.089133   Test Accuracy: 0.9677
[2026-05-24 16:36:32,175] Epoch 19 - Training loss: 0.088913   Test Accuracy: 0.9612
[2026-05-24 16:37:23,241] Epoch 20 - Training loss: 0.092427   Test Accuracy: 0.9641
[2026-05-24 16:38:13,695] Epoch 21 - Training loss: 0.088207   Test Accuracy: 0.9641
[2026-05-24 16:39:04,794] Epoch 22 - Training loss: 0.095609   Test Accuracy: 0.9679
[2026-05-24 16:39:53,189] Epoch 23 - Training loss: 0.093658   Test Accuracy: 0.9627
[2026-05-24 16:40:38,246] Epoch 24 - Training loss: 0.093911   Test Accuracy: 0.9660
[2026-05-24 16:41:23,304] Epoch 25 - Training loss: 0.096642   Test Accuracy: 0.9629
[2026-05-24 16:42:11,255] Epoch 26 - Training loss: 0.096011   Test Accuracy: 0.9662
[2026-05-24 16:43:02,105] Epoch 27 - Training loss: 0.096769   Test Accuracy: 0.9671
[2026-05-24 16:43:50,436] Epoch 28 - Training loss: 0.097900   Test Accuracy: 0.9608
[2026-05-24 16:44:37,966] Epoch 29 - Training loss: 0.100305   Test Accuracy: 0.9605
[2026-05-24 16:45:26,092] Epoch 30 - Training loss: 0.097543   Test Accuracy: 0.9649
aihwkit path:  /home/bong/analog_stress_test/aihwkit-fork/src/aihwkit/__init__.py
NeurIPS-2025/S2-mnist-FCN.py --CUDA 0 --SETTING Analog SGD --RPU Pow --tau 0.7 --res-gamma 0.5 --res-state 140
Using Device:  cuda:0
Logging to file: runs/MNIST-FCN/Pow-gamma=0.5-state=140/Analog SGD-tau=0.7/events.out.tfevents.1779607286.user.470889.0

Training Time (s) = 1437.5426561832428
