# CMD: CUDA_VISIBLE_DEVICES=3 PYTHONPATH=/home/bong/analog_stress_test/analog-training SEED=3 python NeurIPS-2025/S2-mnist-FCN.py --CUDA 0 --SETTING RL-v2 --RPU Pow --tau 0.7 --res-gamma 1.0 --res-state 140
[2026-05-25 06:03:23,841] Epoch 0 - Training loss: --------   Test Accuracy: 0.0933
[2026-05-25 06:04:27,302] Epoch 1 - Training loss: 1.973046   Test Accuracy: 0.8364
[2026-05-25 06:05:26,497] Epoch 2 - Training loss: 0.480680   Test Accuracy: 0.9090
[2026-05-25 06:06:29,835] Epoch 3 - Training loss: 0.253695   Test Accuracy: 0.9301
[2026-05-25 06:07:33,417] Epoch 4 - Training loss: 0.171077   Test Accuracy: 0.9570
[2026-05-25 06:08:41,613] Epoch 5 - Training loss: 0.123702   Test Accuracy: 0.9618
[2026-05-25 06:09:48,249] Epoch 6 - Training loss: 0.094017   Test Accuracy: 0.9672
[2026-05-25 06:10:52,929] Epoch 7 - Training loss: 0.072389   Test Accuracy: 0.9645
[2026-05-25 06:11:58,697] Epoch 8 - Training loss: 0.055809   Test Accuracy: 0.9696
[2026-05-25 06:13:03,131] Epoch 9 - Training loss: 0.042936   Test Accuracy: 0.9704
[2026-05-25 06:14:08,775] Epoch 10 - Training loss: 0.033337   Test Accuracy: 0.9773
[2026-05-25 06:15:16,273] Epoch 11 - Training loss: 0.025507   Test Accuracy: 0.9785
[2026-05-25 06:16:22,810] Epoch 12 - Training loss: 0.019062   Test Accuracy: 0.9770
[2026-05-25 06:17:29,287] Epoch 13 - Training loss: 0.014625   Test Accuracy: 0.9776
[2026-05-25 06:18:36,618] Epoch 14 - Training loss: 0.012687   Test Accuracy: 0.9776
[2026-05-25 06:19:44,177] Epoch 15 - Training loss: 0.010913   Test Accuracy: 0.9778
[2026-05-25 06:20:50,021] Epoch 16 - Training loss: 0.009370   Test Accuracy: 0.9803
[2026-05-25 06:21:55,972] Epoch 17 - Training loss: 0.007684   Test Accuracy: 0.9775
[2026-05-25 06:23:02,660] Epoch 18 - Training loss: 0.007679   Test Accuracy: 0.9785
[2026-05-25 06:24:08,894] Epoch 19 - Training loss: 0.007448   Test Accuracy: 0.9762
[2026-05-25 06:25:15,338] Epoch 20 - Training loss: 0.007293   Test Accuracy: 0.9779
[2026-05-25 06:26:24,155] Epoch 21 - Training loss: 0.007920   Test Accuracy: 0.9767
[2026-05-25 06:27:33,436] Epoch 22 - Training loss: 0.006815   Test Accuracy: 0.9774
[2026-05-25 06:28:41,579] Epoch 23 - Training loss: 0.006910   Test Accuracy: 0.9785
[2026-05-25 06:29:48,450] Epoch 24 - Training loss: 0.007348   Test Accuracy: 0.9781
[2026-05-25 06:30:56,031] Epoch 25 - Training loss: 0.007974   Test Accuracy: 0.9773
[2026-05-25 06:32:03,801] Epoch 26 - Training loss: 0.007907   Test Accuracy: 0.9763
[2026-05-25 06:33:10,086] Epoch 27 - Training loss: 0.007616   Test Accuracy: 0.9782
[2026-05-25 06:34:16,356] Epoch 28 - Training loss: 0.007238   Test Accuracy: 0.9787
[2026-05-25 06:35:23,072] Epoch 29 - Training loss: 0.006741   Test Accuracy: 0.9763
[2026-05-25 06:36:30,466] Epoch 30 - Training loss: 0.007208   Test Accuracy: 0.9765
aihwkit path:  /home/bong/analog_stress_test/aihwkit-fork/src/aihwkit/__init__.py
NeurIPS-2025/S2-mnist-FCN.py --CUDA 0 --SETTING RL-v2 --RPU Pow --tau 0.7 --res-gamma 1.0 --res-state 140
Using Device:  cuda:0
Logging to file: runs/MNIST-FCN/Pow-gamma=1.0-state=140/RL-v2-tau=0.7/events.out.tfevents.1779656597.user.550568.0

Training Time (s) = 1990.22754240036
