# CMD: CUDA_VISIBLE_DEVICES=3 PYTHONPATH=/home/bong/analog_stress_test/analog-training SEED=3 python NeurIPS-2025/S2-mnist-FCN.py --CUDA 0 --SETTING RL-v2 --RPU Pow --tau 0.7 --res-gamma 0.5 --res-state 140
[2026-05-25 04:57:15,883] Epoch 0 - Training loss: --------   Test Accuracy: 0.0916
[2026-05-25 04:58:20,352] Epoch 1 - Training loss: 1.923909   Test Accuracy: 0.8823
[2026-05-25 04:59:27,767] Epoch 2 - Training loss: 0.355263   Test Accuracy: 0.9363
[2026-05-25 05:00:38,356] Epoch 3 - Training loss: 0.175881   Test Accuracy: 0.9557
[2026-05-25 05:01:47,665] Epoch 4 - Training loss: 0.113660   Test Accuracy: 0.9667
[2026-05-25 05:02:59,610] Epoch 5 - Training loss: 0.077707   Test Accuracy: 0.9681
[2026-05-25 05:04:11,125] Epoch 6 - Training loss: 0.055928   Test Accuracy: 0.9710
[2026-05-25 05:05:18,703] Epoch 7 - Training loss: 0.041181   Test Accuracy: 0.9740
[2026-05-25 05:06:21,823] Epoch 8 - Training loss: 0.030778   Test Accuracy: 0.9736
[2026-05-25 05:07:29,814] Epoch 9 - Training loss: 0.024399   Test Accuracy: 0.9771
[2026-05-25 05:08:39,039] Epoch 10 - Training loss: 0.020608   Test Accuracy: 0.9753
[2026-05-25 05:09:46,501] Epoch 11 - Training loss: 0.018040   Test Accuracy: 0.9754
[2026-05-25 05:10:54,633] Epoch 12 - Training loss: 0.017701   Test Accuracy: 0.9760
[2026-05-25 05:12:03,359] Epoch 13 - Training loss: 0.016444   Test Accuracy: 0.9780
[2026-05-25 05:13:12,018] Epoch 14 - Training loss: 0.015612   Test Accuracy: 0.9750
[2026-05-25 05:14:22,122] Epoch 15 - Training loss: 0.014967   Test Accuracy: 0.9740
[2026-05-25 05:15:29,755] Epoch 16 - Training loss: 0.014375   Test Accuracy: 0.9750
[2026-05-25 05:16:41,057] Epoch 17 - Training loss: 0.015222   Test Accuracy: 0.9742
[2026-05-25 05:17:49,320] Epoch 18 - Training loss: 0.015902   Test Accuracy: 0.9749
[2026-05-25 05:18:56,508] Epoch 19 - Training loss: 0.014292   Test Accuracy: 0.9758
[2026-05-25 05:20:04,116] Epoch 20 - Training loss: 0.013762   Test Accuracy: 0.9741
[2026-05-25 05:21:11,188] Epoch 21 - Training loss: 0.012806   Test Accuracy: 0.9752
[2026-05-25 05:22:20,762] Epoch 22 - Training loss: 0.012603   Test Accuracy: 0.9756
[2026-05-25 05:23:28,444] Epoch 23 - Training loss: 0.012639   Test Accuracy: 0.9743
[2026-05-25 05:24:36,610] Epoch 24 - Training loss: 0.011872   Test Accuracy: 0.9730
[2026-05-25 05:25:46,409] Epoch 25 - Training loss: 0.011888   Test Accuracy: 0.9730
[2026-05-25 05:26:54,527] Epoch 26 - Training loss: 0.011589   Test Accuracy: 0.9747
[2026-05-25 05:28:03,073] Epoch 27 - Training loss: 0.011042   Test Accuracy: 0.9739
[2026-05-25 05:29:14,236] Epoch 28 - Training loss: 0.010392   Test Accuracy: 0.9737
[2026-05-25 05:30:16,430] Epoch 29 - Training loss: 0.010186   Test Accuracy: 0.9744
[2026-05-25 05:31:23,944] Epoch 30 - Training loss: 0.009101   Test Accuracy: 0.9761
aihwkit path:  /home/bong/analog_stress_test/aihwkit-fork/src/aihwkit/__init__.py
NeurIPS-2025/S2-mnist-FCN.py --CUDA 0 --SETTING RL-v2 --RPU Pow --tau 0.7 --res-gamma 0.5 --res-state 140
Using Device:  cuda:0
Logging to file: runs/MNIST-FCN/Pow-gamma=0.5-state=140/RL-v2-tau=0.7/events.out.tfevents.1779652629.user.544444.0

Training Time (s) = 2051.978914499283
