# CMD: CUDA_VISIBLE_DEVICES=3 PYTHONPATH=/home/bong/analog_stress_test/analog-training SEED=1 python NeurIPS-2025/S2-mnist-FCN.py --CUDA 0 --SETTING RL-v2 --RPU Pow --tau 0.7 --res-gamma 1.0 --res-state 140
[2026-05-25 05:29:27,742] Epoch 0 - Training loss: --------   Test Accuracy: 0.1028
[2026-05-25 05:30:34,813] Epoch 1 - Training loss: 1.808693   Test Accuracy: 0.7241
[2026-05-25 05:31:36,328] Epoch 2 - Training loss: 0.445239   Test Accuracy: 0.8994
[2026-05-25 05:32:41,084] Epoch 3 - Training loss: 0.252727   Test Accuracy: 0.9413
[2026-05-25 05:33:44,711] Epoch 4 - Training loss: 0.172133   Test Accuracy: 0.9535
[2026-05-25 05:34:50,163] Epoch 5 - Training loss: 0.125785   Test Accuracy: 0.9514
[2026-05-25 05:35:56,963] Epoch 6 - Training loss: 0.095495   Test Accuracy: 0.9709
[2026-05-25 05:37:03,197] Epoch 7 - Training loss: 0.073785   Test Accuracy: 0.9682
[2026-05-25 05:38:09,060] Epoch 8 - Training loss: 0.058332   Test Accuracy: 0.9761
[2026-05-25 05:39:16,826] Epoch 9 - Training loss: 0.047773   Test Accuracy: 0.9765
[2026-05-25 05:40:22,500] Epoch 10 - Training loss: 0.038301   Test Accuracy: 0.9764
[2026-05-25 05:41:29,802] Epoch 11 - Training loss: 0.031684   Test Accuracy: 0.9753
[2026-05-25 05:42:40,236] Epoch 12 - Training loss: 0.027808   Test Accuracy: 0.9762
[2026-05-25 05:43:48,188] Epoch 13 - Training loss: 0.024010   Test Accuracy: 0.9790
[2026-05-25 05:44:56,734] Epoch 14 - Training loss: 0.021140   Test Accuracy: 0.9761
[2026-05-25 05:46:06,276] Epoch 15 - Training loss: 0.019498   Test Accuracy: 0.9773
[2026-05-25 05:47:15,918] Epoch 16 - Training loss: 0.015774   Test Accuracy: 0.9786
[2026-05-25 05:48:24,487] Epoch 17 - Training loss: 0.015820   Test Accuracy: 0.9788
[2026-05-25 05:49:32,173] Epoch 18 - Training loss: 0.014973   Test Accuracy: 0.9770
[2026-05-25 05:50:41,872] Epoch 19 - Training loss: 0.013235   Test Accuracy: 0.9767
[2026-05-25 05:51:49,324] Epoch 20 - Training loss: 0.012755   Test Accuracy: 0.9772
[2026-05-25 05:52:56,006] Epoch 21 - Training loss: 0.012437   Test Accuracy: 0.9782
[2026-05-25 05:54:03,791] Epoch 22 - Training loss: 0.011812   Test Accuracy: 0.9773
[2026-05-25 05:55:14,751] Epoch 23 - Training loss: 0.012683   Test Accuracy: 0.9754
[2026-05-25 05:56:23,359] Epoch 24 - Training loss: 0.012035   Test Accuracy: 0.9775
[2026-05-25 05:57:30,803] Epoch 25 - Training loss: 0.011410   Test Accuracy: 0.9760
[2026-05-25 05:58:38,602] Epoch 26 - Training loss: 0.011692   Test Accuracy: 0.9781
[2026-05-25 05:59:46,512] Epoch 27 - Training loss: 0.011910   Test Accuracy: 0.9760
[2026-05-25 06:00:56,455] Epoch 28 - Training loss: 0.011615   Test Accuracy: 0.9750
[2026-05-25 06:02:07,049] Epoch 29 - Training loss: 0.011770   Test Accuracy: 0.9754
[2026-05-25 06:03:13,030] Epoch 30 - Training loss: 0.011676   Test Accuracy: 0.9771
aihwkit path:  /home/bong/analog_stress_test/aihwkit-fork/src/aihwkit/__init__.py
NeurIPS-2025/S2-mnist-FCN.py --CUDA 0 --SETTING RL-v2 --RPU Pow --tau 0.7 --res-gamma 1.0 --res-state 140
Using Device:  cuda:0
Logging to file: runs/MNIST-FCN/Pow-gamma=1.0-state=140/RL-v2-tau=0.7/events.out.tfevents.1779654561.user.547239.0

Training Time (s) = 2028.9619400501251
