# CMD: CUDA_VISIBLE_DEVICES=3 PYTHONPATH=/home/bong/analog_stress_test/analog-training SEED=1 python NeurIPS-2025/S2-mnist-FCN.py --CUDA 0 --SETTING RL-v2 --RPU Pow --tau 0.7 --res-gamma 0.5 --res-state 140
[2026-05-25 04:23:21,344] Epoch 0 - Training loss: --------   Test Accuracy: 0.1028
[2026-05-25 04:24:23,977] Epoch 1 - Training loss: 1.817134   Test Accuracy: 0.7788
[2026-05-25 04:25:32,058] Epoch 2 - Training loss: 0.348001   Test Accuracy: 0.9323
[2026-05-25 04:26:38,867] Epoch 3 - Training loss: 0.178357   Test Accuracy: 0.9564
[2026-05-25 04:27:43,276] Epoch 4 - Training loss: 0.113071   Test Accuracy: 0.9696
[2026-05-25 04:28:56,812] Epoch 5 - Training loss: 0.078259   Test Accuracy: 0.9703
[2026-05-25 04:30:01,577] Epoch 6 - Training loss: 0.053630   Test Accuracy: 0.9729
[2026-05-25 04:31:06,352] Epoch 7 - Training loss: 0.037953   Test Accuracy: 0.9762
[2026-05-25 04:32:10,665] Epoch 8 - Training loss: 0.027210   Test Accuracy: 0.9783
[2026-05-25 04:33:19,059] Epoch 9 - Training loss: 0.021120   Test Accuracy: 0.9771
[2026-05-25 04:34:27,219] Epoch 10 - Training loss: 0.016479   Test Accuracy: 0.9745
[2026-05-25 04:35:35,231] Epoch 11 - Training loss: 0.014506   Test Accuracy: 0.9761
[2026-05-25 04:36:45,787] Epoch 12 - Training loss: 0.011983   Test Accuracy: 0.9782
[2026-05-25 04:37:52,995] Epoch 13 - Training loss: 0.011429   Test Accuracy: 0.9741
[2026-05-25 04:39:00,690] Epoch 14 - Training loss: 0.011000   Test Accuracy: 0.9745
[2026-05-25 04:40:08,980] Epoch 15 - Training loss: 0.009847   Test Accuracy: 0.9760
[2026-05-25 04:41:16,056] Epoch 16 - Training loss: 0.009936   Test Accuracy: 0.9762
[2026-05-25 04:42:23,913] Epoch 17 - Training loss: 0.011342   Test Accuracy: 0.9766
[2026-05-25 04:43:32,156] Epoch 18 - Training loss: 0.011439   Test Accuracy: 0.9765
[2026-05-25 04:44:40,145] Epoch 19 - Training loss: 0.010780   Test Accuracy: 0.9740
[2026-05-25 04:45:48,418] Epoch 20 - Training loss: 0.009852   Test Accuracy: 0.9772
[2026-05-25 04:46:57,277] Epoch 21 - Training loss: 0.009745   Test Accuracy: 0.9753
[2026-05-25 04:48:04,544] Epoch 22 - Training loss: 0.010659   Test Accuracy: 0.9728
[2026-05-25 04:49:10,903] Epoch 23 - Training loss: 0.010321   Test Accuracy: 0.9749
[2026-05-25 04:50:18,695] Epoch 24 - Training loss: 0.010114   Test Accuracy: 0.9746
[2026-05-25 04:51:25,691] Epoch 25 - Training loss: 0.008858   Test Accuracy: 0.9744
[2026-05-25 04:52:33,806] Epoch 26 - Training loss: 0.008266   Test Accuracy: 0.9768
[2026-05-25 04:53:46,073] Epoch 27 - Training loss: 0.009321   Test Accuracy: 0.9759
[2026-05-25 04:54:53,551] Epoch 28 - Training loss: 0.008327   Test Accuracy: 0.9751
[2026-05-25 04:55:57,259] Epoch 29 - Training loss: 0.009079   Test Accuracy: 0.9754
[2026-05-25 04:57:04,433] Epoch 30 - Training loss: 0.008679   Test Accuracy: 0.9764
aihwkit path:  /home/bong/analog_stress_test/aihwkit-fork/src/aihwkit/__init__.py
NeurIPS-2025/S2-mnist-FCN.py --CUDA 0 --SETTING RL-v2 --RPU Pow --tau 0.7 --res-gamma 0.5 --res-state 140
Using Device:  cuda:0
Logging to file: runs/MNIST-FCN/Pow-gamma=0.5-state=140/RL-v2-tau=0.7/events.out.tfevents.1779650595.user.540849.0

Training Time (s) = 2026.6189708709717
