# CMD: CUDA_VISIBLE_DEVICES=3 PYTHONPATH=/home/bong/analog_stress_test/analog-training SEED=2 python NeurIPS-2025/S2-mnist-FCN.py --CUDA 0 --SETTING RL-v2 --RPU Pow --tau 0.7 --res-gamma 1.0 --res-state 140
[2026-05-25 05:31:33,430] Epoch 0 - Training loss: --------   Test Accuracy: 0.1009
[2026-05-25 05:32:37,355] Epoch 1 - Training loss: 1.689637   Test Accuracy: 0.8579
[2026-05-25 05:33:40,099] Epoch 2 - Training loss: 0.416420   Test Accuracy: 0.9194
[2026-05-25 05:34:44,453] Epoch 3 - Training loss: 0.234258   Test Accuracy: 0.9437
[2026-05-25 05:35:50,875] Epoch 4 - Training loss: 0.159163   Test Accuracy: 0.9571
[2026-05-25 05:36:56,503] Epoch 5 - Training loss: 0.116489   Test Accuracy: 0.9663
[2026-05-25 05:38:02,124] Epoch 6 - Training loss: 0.089256   Test Accuracy: 0.9716
[2026-05-25 05:39:06,186] Epoch 7 - Training loss: 0.069357   Test Accuracy: 0.9722
[2026-05-25 05:40:11,881] Epoch 8 - Training loss: 0.055197   Test Accuracy: 0.9753
[2026-05-25 05:41:18,960] Epoch 9 - Training loss: 0.046543   Test Accuracy: 0.9751
[2026-05-25 05:42:22,136] Epoch 10 - Training loss: 0.038998   Test Accuracy: 0.9758
[2026-05-25 05:43:30,242] Epoch 11 - Training loss: 0.035886   Test Accuracy: 0.9773
[2026-05-25 05:44:40,096] Epoch 12 - Training loss: 0.033134   Test Accuracy: 0.9744
[2026-05-25 05:45:49,669] Epoch 13 - Training loss: 0.029518   Test Accuracy: 0.9752
[2026-05-25 05:46:56,077] Epoch 14 - Training loss: 0.025457   Test Accuracy: 0.9795
[2026-05-25 05:48:04,583] Epoch 15 - Training loss: 0.024054   Test Accuracy: 0.9790
[2026-05-25 05:49:12,431] Epoch 16 - Training loss: 0.018649   Test Accuracy: 0.9793
[2026-05-25 05:50:23,505] Epoch 17 - Training loss: 0.018252   Test Accuracy: 0.9786
[2026-05-25 05:51:32,035] Epoch 18 - Training loss: 0.017237   Test Accuracy: 0.9773
[2026-05-25 05:52:38,744] Epoch 19 - Training loss: 0.015459   Test Accuracy: 0.9775
[2026-05-25 05:53:46,840] Epoch 20 - Training loss: 0.015173   Test Accuracy: 0.9779
[2026-05-25 05:54:57,886] Epoch 21 - Training loss: 0.014077   Test Accuracy: 0.9771
[2026-05-25 05:56:06,553] Epoch 22 - Training loss: 0.013759   Test Accuracy: 0.9775
[2026-05-25 05:57:14,077] Epoch 23 - Training loss: 0.012904   Test Accuracy: 0.9783
[2026-05-25 05:58:21,238] Epoch 24 - Training loss: 0.013064   Test Accuracy: 0.9796
[2026-05-25 05:59:29,457] Epoch 25 - Training loss: 0.012749   Test Accuracy: 0.9779
[2026-05-25 06:00:40,324] Epoch 26 - Training loss: 0.012529   Test Accuracy: 0.9785
[2026-05-25 06:01:52,545] Epoch 27 - Training loss: 0.011016   Test Accuracy: 0.9773
[2026-05-25 06:03:05,587] Epoch 28 - Training loss: 0.011332   Test Accuracy: 0.9788
[2026-05-25 06:04:07,149] Epoch 29 - Training loss: 0.011212   Test Accuracy: 0.9780
[2026-05-25 06:05:13,579] Epoch 30 - Training loss: 0.010753   Test Accuracy: 0.9776
aihwkit path:  /home/bong/analog_stress_test/aihwkit-fork/src/aihwkit/__init__.py
NeurIPS-2025/S2-mnist-FCN.py --CUDA 0 --SETTING RL-v2 --RPU Pow --tau 0.7 --res-gamma 1.0 --res-state 140
Using Device:  cuda:0
Logging to file: runs/MNIST-FCN/Pow-gamma=1.0-state=140/RL-v2-tau=0.7/events.out.tfevents.1779654687.user.547783.0

Training Time (s) = 2023.617681503296
