# CMD: CUDA_VISIBLE_DEVICES=3 PYTHONPATH=/home/bong/analog_stress_test/analog-training SEED=2 python NeurIPS-2025/S2-mnist-FCN.py --CUDA 0 --SETTING RL-v2 --RPU Pow --tau 0.7 --res-gamma 8.0 --res-state 140
[2026-05-25 08:15:26,054] Epoch 0 - Training loss: --------   Test Accuracy: 0.1009
[2026-05-25 08:16:34,030] Epoch 1 - Training loss: 2.235471   Test Accuracy: 0.4618
[2026-05-25 08:17:35,371] Epoch 2 - Training loss: 1.339748   Test Accuracy: 0.6722
[2026-05-25 08:18:39,375] Epoch 3 - Training loss: 0.995172   Test Accuracy: 0.7146
[2026-05-25 08:19:43,933] Epoch 4 - Training loss: 0.859535   Test Accuracy: 0.7371
[2026-05-25 08:20:52,809] Epoch 5 - Training loss: 0.781580   Test Accuracy: 0.7696
[2026-05-25 08:21:59,445] Epoch 6 - Training loss: 0.727521   Test Accuracy: 0.7722
[2026-05-25 08:23:01,505] Epoch 7 - Training loss: 0.686575   Test Accuracy: 0.7820
[2026-05-25 08:24:06,381] Epoch 8 - Training loss: 0.650890   Test Accuracy: 0.8065
[2026-05-25 08:25:10,893] Epoch 9 - Training loss: 0.626820   Test Accuracy: 0.7932
[2026-05-25 08:26:14,641] Epoch 10 - Training loss: 0.603991   Test Accuracy: 0.8097
[2026-05-25 08:27:19,008] Epoch 11 - Training loss: 0.584398   Test Accuracy: 0.8246
[2026-05-25 08:28:22,684] Epoch 12 - Training loss: 0.568836   Test Accuracy: 0.8309
[2026-05-25 08:29:24,697] Epoch 13 - Training loss: 0.553515   Test Accuracy: 0.8387
[2026-05-25 08:30:28,384] Epoch 14 - Training loss: 0.543419   Test Accuracy: 0.8213
[2026-05-25 08:31:37,087] Epoch 15 - Training loss: 0.532903   Test Accuracy: 0.8388
[2026-05-25 08:32:41,547] Epoch 16 - Training loss: 0.517086   Test Accuracy: 0.8277
[2026-05-25 08:33:46,403] Epoch 17 - Training loss: 0.511621   Test Accuracy: 0.8522
[2026-05-25 08:34:55,145] Epoch 18 - Training loss: 0.506225   Test Accuracy: 0.8481
[2026-05-25 08:36:03,744] Epoch 19 - Training loss: 0.501364   Test Accuracy: 0.8492
[2026-05-25 08:37:09,659] Epoch 20 - Training loss: 0.498586   Test Accuracy: 0.8430
[2026-05-25 08:38:17,692] Epoch 21 - Training loss: 0.493168   Test Accuracy: 0.8503
[2026-05-25 08:39:26,405] Epoch 22 - Training loss: 0.491557   Test Accuracy: 0.8533
[2026-05-25 08:40:31,812] Epoch 23 - Training loss: 0.488117   Test Accuracy: 0.8567
[2026-05-25 08:41:39,493] Epoch 24 - Training loss: 0.484242   Test Accuracy: 0.8476
[2026-05-25 08:42:48,334] Epoch 25 - Training loss: 0.483573   Test Accuracy: 0.8504
[2026-05-25 08:43:56,079] Epoch 26 - Training loss: 0.482582   Test Accuracy: 0.8556
[2026-05-25 08:44:59,584] Epoch 27 - Training loss: 0.477434   Test Accuracy: 0.8572
[2026-05-25 08:46:07,298] Epoch 28 - Training loss: 0.474224   Test Accuracy: 0.8526
[2026-05-25 08:47:13,242] Epoch 29 - Training loss: 0.472825   Test Accuracy: 0.8452
[2026-05-25 08:48:18,170] Epoch 30 - Training loss: 0.471412   Test Accuracy: 0.8621
aihwkit path:  /home/bong/analog_stress_test/aihwkit-fork/src/aihwkit/__init__.py
NeurIPS-2025/S2-mnist-FCN.py --CUDA 0 --SETTING RL-v2 --RPU Pow --tau 0.7 --res-gamma 8.0 --res-state 140
Using Device:  cuda:0
Logging to file: runs/MNIST-FCN/Pow-gamma=8.0-state=140/RL-v2-tau=0.7/events.out.tfevents.1779664519.user.564377.0

Training Time (s) = 1975.6495323181152
