# CMD: CUDA_VISIBLE_DEVICES=3 PYTHONPATH=/home/bong/analog_stress_test/analog-training SEED=3 python NeurIPS-2025/S2-mnist-FCN.py --CUDA 0 --SETTING RL-v2 --RPU Pow --tau 0.7 --res-gamma 2.0 --res-state 140
[2026-05-25 06:38:33,788] Epoch 0 - Training loss: --------   Test Accuracy: 0.0945
[2026-05-25 06:39:39,153] Epoch 1 - Training loss: 1.908416   Test Accuracy: 0.7725
[2026-05-25 06:40:45,298] Epoch 2 - Training loss: 0.631664   Test Accuracy: 0.8574
[2026-05-25 06:41:54,567] Epoch 3 - Training loss: 0.371848   Test Accuracy: 0.8993
[2026-05-25 06:43:01,256] Epoch 4 - Training loss: 0.279392   Test Accuracy: 0.9331
[2026-05-25 06:44:06,831] Epoch 5 - Training loss: 0.225373   Test Accuracy: 0.9373
[2026-05-25 06:45:09,777] Epoch 6 - Training loss: 0.187280   Test Accuracy: 0.9458
[2026-05-25 06:46:14,827] Epoch 7 - Training loss: 0.160648   Test Accuracy: 0.9420
[2026-05-25 06:47:19,544] Epoch 8 - Training loss: 0.137958   Test Accuracy: 0.9445
[2026-05-25 06:48:23,442] Epoch 9 - Training loss: 0.123189   Test Accuracy: 0.9571
[2026-05-25 06:49:27,449] Epoch 10 - Training loss: 0.106459   Test Accuracy: 0.9631
[2026-05-25 06:50:31,295] Epoch 11 - Training loss: 0.094967   Test Accuracy: 0.9652
[2026-05-25 06:51:35,273] Epoch 12 - Training loss: 0.086126   Test Accuracy: 0.9687
[2026-05-25 06:52:38,779] Epoch 13 - Training loss: 0.076764   Test Accuracy: 0.9719
[2026-05-25 06:53:43,331] Epoch 14 - Training loss: 0.071201   Test Accuracy: 0.9695
[2026-05-25 06:54:49,528] Epoch 15 - Training loss: 0.063745   Test Accuracy: 0.9729
[2026-05-25 06:55:52,962] Epoch 16 - Training loss: 0.053040   Test Accuracy: 0.9744
[2026-05-25 06:56:54,066] Epoch 17 - Training loss: 0.045348   Test Accuracy: 0.9765
[2026-05-25 06:57:57,926] Epoch 18 - Training loss: 0.039488   Test Accuracy: 0.9759
[2026-05-25 06:59:04,748] Epoch 19 - Training loss: 0.036254   Test Accuracy: 0.9729
[2026-05-25 07:00:11,751] Epoch 20 - Training loss: 0.031481   Test Accuracy: 0.9734
[2026-05-25 07:01:17,085] Epoch 21 - Training loss: 0.029182   Test Accuracy: 0.9778
[2026-05-25 07:02:22,497] Epoch 22 - Training loss: 0.025420   Test Accuracy: 0.9769
[2026-05-25 07:03:27,257] Epoch 23 - Training loss: 0.022271   Test Accuracy: 0.9788
[2026-05-25 07:04:32,828] Epoch 24 - Training loss: 0.021327   Test Accuracy: 0.9766
[2026-05-25 07:05:37,392] Epoch 25 - Training loss: 0.018541   Test Accuracy: 0.9774
[2026-05-25 07:06:41,866] Epoch 26 - Training loss: 0.017215   Test Accuracy: 0.9783
[2026-05-25 07:07:46,384] Epoch 27 - Training loss: 0.015645   Test Accuracy: 0.9783
[2026-05-25 07:08:51,026] Epoch 28 - Training loss: 0.014771   Test Accuracy: 0.9771
[2026-05-25 07:09:50,188] Epoch 29 - Training loss: 0.013629   Test Accuracy: 0.9778
[2026-05-25 07:10:57,084] Epoch 30 - Training loss: 0.012728   Test Accuracy: 0.9768
aihwkit path:  /home/bong/analog_stress_test/aihwkit-fork/src/aihwkit/__init__.py
NeurIPS-2025/S2-mnist-FCN.py --CUDA 0 --SETTING RL-v2 --RPU Pow --tau 0.7 --res-gamma 2.0 --res-state 140
Using Device:  cuda:0
Logging to file: runs/MNIST-FCN/Pow-gamma=2.0-state=140/RL-v2-tau=0.7/events.out.tfevents.1779658707.user.554304.0

Training Time (s) = 1946.842579126358
