# CMD: CUDA_VISIBLE_DEVICES=3 PYTHONPATH=/home/bong/analog_stress_test/analog-training SEED=2 python NeurIPS-2025/S2-mnist-FCN.py --CUDA 0 --SETTING RL-v2 --RPU Pow --tau 0.7 --res-gamma 0.1 --res-state 140
[2026-05-25 03:48:33,637] Epoch 0 - Training loss: --------   Test Accuracy: 0.1009
[2026-05-25 03:49:38,252] Epoch 1 - Training loss: 1.664557   Test Accuracy: 0.9159
[2026-05-25 03:50:44,852] Epoch 2 - Training loss: 0.211252   Test Accuracy: 0.9565
[2026-05-25 03:51:51,940] Epoch 3 - Training loss: 0.113503   Test Accuracy: 0.9697
[2026-05-25 03:52:59,104] Epoch 4 - Training loss: 0.073296   Test Accuracy: 0.9713
[2026-05-25 03:54:06,654] Epoch 5 - Training loss: 0.050210   Test Accuracy: 0.9743
[2026-05-25 03:55:14,169] Epoch 6 - Training loss: 0.034331   Test Accuracy: 0.9744
[2026-05-25 03:56:25,666] Epoch 7 - Training loss: 0.023866   Test Accuracy: 0.9768
[2026-05-25 03:57:37,383] Epoch 8 - Training loss: 0.018279   Test Accuracy: 0.9745
[2026-05-25 03:58:48,495] Epoch 9 - Training loss: 0.013939   Test Accuracy: 0.9760
[2026-05-25 03:59:59,937] Epoch 10 - Training loss: 0.012729   Test Accuracy: 0.9734
[2026-05-25 04:01:11,132] Epoch 11 - Training loss: 0.010600   Test Accuracy: 0.9719
[2026-05-25 04:02:22,179] Epoch 12 - Training loss: 0.009872   Test Accuracy: 0.9711
[2026-05-25 04:03:31,737] Epoch 13 - Training loss: 0.010495   Test Accuracy: 0.9733
[2026-05-25 04:04:43,430] Epoch 14 - Training loss: 0.008785   Test Accuracy: 0.9750
[2026-05-25 04:05:53,258] Epoch 15 - Training loss: 0.009960   Test Accuracy: 0.9736
[2026-05-25 04:07:05,361] Epoch 16 - Training loss: 0.007991   Test Accuracy: 0.9722
[2026-05-25 04:08:14,411] Epoch 17 - Training loss: 0.007473   Test Accuracy: 0.9740
[2026-05-25 04:09:27,589] Epoch 18 - Training loss: 0.007352   Test Accuracy: 0.9723
[2026-05-25 04:10:36,446] Epoch 19 - Training loss: 0.008015   Test Accuracy: 0.9731
[2026-05-25 04:11:44,788] Epoch 20 - Training loss: 0.006770   Test Accuracy: 0.9738
[2026-05-25 04:12:53,180] Epoch 21 - Training loss: 0.007832   Test Accuracy: 0.9733
[2026-05-25 04:14:00,946] Epoch 22 - Training loss: 0.006061   Test Accuracy: 0.9753
[2026-05-25 04:15:11,693] Epoch 23 - Training loss: 0.006007   Test Accuracy: 0.9741
[2026-05-25 04:16:22,766] Epoch 24 - Training loss: 0.005995   Test Accuracy: 0.9756
[2026-05-25 04:17:31,467] Epoch 25 - Training loss: 0.005347   Test Accuracy: 0.9752
[2026-05-25 04:18:42,737] Epoch 26 - Training loss: 0.005999   Test Accuracy: 0.9735
[2026-05-25 04:19:50,510] Epoch 27 - Training loss: 0.006285   Test Accuracy: 0.9762
[2026-05-25 04:20:55,412] Epoch 28 - Training loss: 0.005714   Test Accuracy: 0.9738
[2026-05-25 04:22:01,818] Epoch 29 - Training loss: 0.005657   Test Accuracy: 0.9741
[2026-05-25 04:23:10,431] Epoch 30 - Training loss: 0.005357   Test Accuracy: 0.9731
aihwkit path:  /home/bong/analog_stress_test/aihwkit-fork/src/aihwkit/__init__.py
NeurIPS-2025/S2-mnist-FCN.py --CUDA 0 --SETTING RL-v2 --RPU Pow --tau 0.7 --res-gamma 0.1 --res-state 140
Using Device:  cuda:0
Logging to file: runs/MNIST-FCN/Pow-gamma=0.1-state=140/RL-v2-tau=0.7/events.out.tfevents.1779648507.user.537464.0

Training Time (s) = 2080.4080135822296
