# CMD: CUDA_VISIBLE_DEVICES=2 PYTHONPATH=/home/bong/analog_stress_test/analog-training SEED=2 python NeurIPS-2025/S2-mnist-CNN.py --CUDA 0 --SETTING TT-v1 --RPU EcRam
[2026-05-22 11:49:15,305] Epoch 0 - Training loss: --------   Test Accuracy: 0.1270
[2026-05-22 11:50:25,109] Epoch 1 - Training loss: 1.154955   Test Accuracy: 0.8799
[2026-05-22 11:51:32,690] Epoch 2 - Training loss: 0.371981   Test Accuracy: 0.9159
[2026-05-22 11:52:41,633] Epoch 3 - Training loss: 0.288396   Test Accuracy: 0.9312
[2026-05-22 11:53:54,798] Epoch 4 - Training loss: 0.238002   Test Accuracy: 0.9436
[2026-05-22 11:55:09,502] Epoch 5 - Training loss: 0.251001   Test Accuracy: 0.9472
[2026-05-22 11:56:30,841] Epoch 6 - Training loss: 0.204612   Test Accuracy: 0.9235
[2026-05-22 11:57:48,330] Epoch 7 - Training loss: 0.201167   Test Accuracy: 0.9455
[2026-05-22 11:59:06,814] Epoch 8 - Training loss: 0.483887   Test Accuracy: 0.7992
[2026-05-22 12:00:23,597] Epoch 9 - Training loss: 0.482857   Test Accuracy: 0.8884
[2026-05-22 12:01:43,637] Epoch 10 - Training loss: 1.505604   Test Accuracy: 0.5775
[2026-05-22 12:03:05,222] Epoch 11 - Training loss: 0.856792   Test Accuracy: 0.8309
[2026-05-22 12:04:26,313] Epoch 12 - Training loss: 0.659520   Test Accuracy: 0.7988
[2026-05-22 12:05:45,572] Epoch 13 - Training loss: 0.572212   Test Accuracy: 0.8130
[2026-05-22 12:07:05,268] Epoch 14 - Training loss: 0.647183   Test Accuracy: 0.8639
[2026-05-22 12:08:24,820] Epoch 15 - Training loss: 0.603546   Test Accuracy: 0.8529
[2026-05-22 12:09:45,629] Epoch 16 - Training loss: 0.582791   Test Accuracy: 0.8528
[2026-05-22 12:11:07,088] Epoch 17 - Training loss: 0.544824   Test Accuracy: 0.8449
[2026-05-22 12:12:29,878] Epoch 18 - Training loss: 0.554744   Test Accuracy: 0.8431
[2026-05-22 12:13:52,455] Epoch 19 - Training loss: 0.651790   Test Accuracy: 0.7988
[2026-05-22 12:15:02,768] Epoch 20 - Training loss: 0.865640   Test Accuracy: 0.7678
[2026-05-22 12:16:26,684] Epoch 21 - Training loss: 1.357300   Test Accuracy: 0.0483
[2026-05-22 12:17:43,939] Epoch 22 - Training loss: 2.367685   Test Accuracy: 0.7009
[2026-05-22 12:18:50,927] Epoch 23 - Training loss: 1.428577   Test Accuracy: 0.7070
[2026-05-22 12:20:06,682] Epoch 24 - Training loss: 1.429440   Test Accuracy: 0.6185
[2026-05-22 12:21:27,403] Epoch 25 - Training loss: 1.425350   Test Accuracy: 0.5875
[2026-05-22 12:22:49,392] Epoch 26 - Training loss: 1.428754   Test Accuracy: 0.6246
[2026-05-22 12:24:10,877] Epoch 27 - Training loss: 1.291278   Test Accuracy: 0.6249
[2026-05-22 12:25:33,749] Epoch 28 - Training loss: 1.213576   Test Accuracy: 0.6425
[2026-05-22 12:26:54,480] Epoch 29 - Training loss: 1.193947   Test Accuracy: 0.6195
[2026-05-22 12:28:15,247] Epoch 30 - Training loss: 1.264231   Test Accuracy: 0.6082
aihwkit path:  /home/bong/analog_stress_test/aihwkit-fork/src/aihwkit/__init__.py
NeurIPS-2025/S2-mnist-CNN.py --CUDA 0 --SETTING TT-v1 --RPU EcRam
Using Device:  cuda:0
Logging to file: runs/MNIST-CNN/EcRam/TT-v1-tau=1/events.out.tfevents.1779418149.user.183178.0

Training Time (s) = 2343.64546918869
