# CMD: CUDA_VISIBLE_DEVICES=2 PYTHONPATH=/home/bong/analog_stress_test/analog-training SEED=1 python NeurIPS-2025/S2-mnist-CNN.py --CUDA 0 --SETTING TT-v1 --RPU EcRamMO
[2026-05-22 12:28:26,064] Epoch 0 - Training loss: --------   Test Accuracy: 0.1216
[2026-05-22 12:29:36,261] Epoch 1 - Training loss: 1.311214   Test Accuracy: 0.8772
[2026-05-22 12:30:45,598] Epoch 2 - Training loss: 0.324138   Test Accuracy: 0.9282
[2026-05-22 12:31:51,606] Epoch 3 - Training loss: 0.211920   Test Accuracy: 0.9428
[2026-05-22 12:33:00,959] Epoch 4 - Training loss: 0.173432   Test Accuracy: 0.9521
[2026-05-22 12:34:10,040] Epoch 5 - Training loss: 0.151196   Test Accuracy: 0.9583
[2026-05-22 12:35:17,942] Epoch 6 - Training loss: 0.140350   Test Accuracy: 0.9604
[2026-05-22 12:36:24,421] Epoch 7 - Training loss: 0.130578   Test Accuracy: 0.9652
[2026-05-22 12:37:35,567] Epoch 8 - Training loss: 0.126335   Test Accuracy: 0.9561
[2026-05-22 12:38:51,966] Epoch 9 - Training loss: 0.143043   Test Accuracy: 0.9641
[2026-05-22 12:40:10,677] Epoch 10 - Training loss: 0.177053   Test Accuracy: 0.9586
[2026-05-22 12:41:25,595] Epoch 11 - Training loss: 0.209018   Test Accuracy: 0.9429
[2026-05-22 12:42:43,597] Epoch 12 - Training loss: 0.193119   Test Accuracy: 0.9517
[2026-05-22 12:44:02,220] Epoch 13 - Training loss: 0.141132   Test Accuracy: 0.9271
[2026-05-22 12:45:16,802] Epoch 14 - Training loss: 0.201230   Test Accuracy: 0.9472
[2026-05-22 12:46:30,125] Epoch 15 - Training loss: 0.175631   Test Accuracy: 0.9075
[2026-05-22 12:47:44,297] Epoch 16 - Training loss: 0.216429   Test Accuracy: 0.9001
[2026-05-22 12:49:01,238] Epoch 17 - Training loss: 0.278392   Test Accuracy: 0.8828
[2026-05-22 12:50:19,751] Epoch 18 - Training loss: 0.337145   Test Accuracy: 0.9124
[2026-05-22 12:51:35,078] Epoch 19 - Training loss: 0.300543   Test Accuracy: 0.8967
[2026-05-22 12:52:51,402] Epoch 20 - Training loss: 0.315268   Test Accuracy: 0.9064
[2026-05-22 12:54:12,271] Epoch 21 - Training loss: 0.285471   Test Accuracy: 0.9309
[2026-05-22 12:55:33,258] Epoch 22 - Training loss: 0.340442   Test Accuracy: 0.8888
[2026-05-22 12:56:50,195] Epoch 23 - Training loss: 0.442220   Test Accuracy: 0.8734
[2026-05-22 12:58:05,297] Epoch 24 - Training loss: 0.466476   Test Accuracy: 0.8299
[2026-05-22 12:59:23,360] Epoch 25 - Training loss: 0.594459   Test Accuracy: 0.8193
[2026-05-22 13:00:39,631] Epoch 26 - Training loss: 0.529516   Test Accuracy: 0.8203
[2026-05-22 13:01:58,216] Epoch 27 - Training loss: 0.601952   Test Accuracy: 0.7918
[2026-05-22 13:03:16,454] Epoch 28 - Training loss: 0.510861   Test Accuracy: 0.8356
[2026-05-22 13:04:33,533] Epoch 29 - Training loss: 0.527882   Test Accuracy: 0.8246
[2026-05-22 13:05:52,031] Epoch 30 - Training loss: 0.554247   Test Accuracy: 0.8109
aihwkit path:  /home/bong/analog_stress_test/aihwkit-fork/src/aihwkit/__init__.py
NeurIPS-2025/S2-mnist-CNN.py --CUDA 0 --SETTING TT-v1 --RPU EcRamMO
Using Device:  cuda:0
Logging to file: runs/MNIST-CNN/EcRamMO/TT-v1-tau=1/events.out.tfevents.1779420499.user.183730.0

Training Time (s) = 2250.3106772899628
