# CMD: CUDA_VISIBLE_DEVICES=2 PYTHONPATH=/home/bong/analog_stress_test/analog-training SEED=3 python NeurIPS-2025/S2-mnist-CNN.py --CUDA 0 --SETTING TT-v1 --RPU HfO2
[2026-05-22 11:08:43,338] Epoch 0 - Training loss: --------   Test Accuracy: 0.1157
[2026-05-22 11:09:57,246] Epoch 1 - Training loss: 2.158014   Test Accuracy: 0.3643
[2026-05-22 11:11:18,326] Epoch 2 - Training loss: 2.096778   Test Accuracy: 0.0786
[2026-05-22 11:12:33,253] Epoch 3 - Training loss: 2.247643   Test Accuracy: 0.0980
[2026-05-22 11:13:51,642] Epoch 4 - Training loss: 2.256515   Test Accuracy: 0.1020
[2026-05-22 11:15:12,564] Epoch 5 - Training loss: 2.230735   Test Accuracy: 0.1047
[2026-05-22 11:16:30,927] Epoch 6 - Training loss: 2.340734   Test Accuracy: 0.1662
[2026-05-22 11:17:47,108] Epoch 7 - Training loss: 2.375349   Test Accuracy: 0.1037
[2026-05-22 11:19:03,549] Epoch 8 - Training loss: 2.346046   Test Accuracy: 0.0733
[2026-05-22 11:20:21,438] Epoch 9 - Training loss: 2.330092   Test Accuracy: 0.1259
[2026-05-22 11:21:40,858] Epoch 10 - Training loss: 2.337699   Test Accuracy: 0.1135
[2026-05-22 11:23:01,730] Epoch 11 - Training loss: 2.812113   Test Accuracy: 0.0967
[2026-05-22 11:24:22,165] Epoch 12 - Training loss: 2.635463   Test Accuracy: 0.1135
[2026-05-22 11:25:44,515] Epoch 13 - Training loss: 2.488951   Test Accuracy: 0.0704
[2026-05-22 11:27:04,776] Epoch 14 - Training loss: 3.357013   Test Accuracy: 0.0905
[2026-05-22 11:28:28,742] Epoch 15 - Training loss: 2.617989   Test Accuracy: 0.0996
[2026-05-22 11:29:54,246] Epoch 16 - Training loss: 2.414948   Test Accuracy: 0.1490
[2026-05-22 11:31:19,909] Epoch 17 - Training loss: 2.396564   Test Accuracy: 0.1010
[2026-05-22 11:32:44,746] Epoch 18 - Training loss: 2.387765   Test Accuracy: 0.1010
[2026-05-22 11:34:07,663] Epoch 19 - Training loss: 2.351287   Test Accuracy: 0.0996
[2026-05-22 11:35:30,558] Epoch 20 - Training loss: 2.487030   Test Accuracy: 0.1202
[2026-05-22 11:36:53,928] Epoch 21 - Training loss: 2.343740   Test Accuracy: 0.1027
[2026-05-22 11:38:14,796] Epoch 22 - Training loss: 2.353767   Test Accuracy: 0.0961
[2026-05-22 11:39:34,535] Epoch 23 - Training loss: 3.394554   Test Accuracy: 0.0980
[2026-05-22 11:40:57,083] Epoch 24 - Training loss: 2.357209   Test Accuracy: 0.1049
[2026-05-22 11:42:16,172] Epoch 25 - Training loss: 2.610409   Test Accuracy: 0.1300
[2026-05-22 11:43:38,744] Epoch 26 - Training loss: 2.445172   Test Accuracy: 0.0945
[2026-05-22 11:45:01,110] Epoch 27 - Training loss: 2.436831   Test Accuracy: 0.1046
[2026-05-22 11:46:21,195] Epoch 28 - Training loss: 2.500911   Test Accuracy: 0.1086
[2026-05-22 11:47:42,269] Epoch 29 - Training loss: 2.445270   Test Accuracy: 0.1135
[2026-05-22 11:49:04,714] Epoch 30 - Training loss: 2.556951   Test Accuracy: 0.0775
aihwkit path:  /home/bong/analog_stress_test/aihwkit-fork/src/aihwkit/__init__.py
NeurIPS-2025/S2-mnist-CNN.py --CUDA 0 --SETTING TT-v1 --RPU HfO2
Using Device:  cuda:0
Logging to file: runs/MNIST-CNN/HfO2/TT-v1-tau=1/events.out.tfevents.1779415716.user.182631.0

Training Time (s) = 2425.953756570816
