# CMD: CUDA_VISIBLE_DEVICES=2 PYTHONPATH=/home/bong/analog_stress_test/analog-training SEED=1 python NeurIPS-2025/S2-mnist-CNN.py --CUDA 0 --SETTING TT-v1 --RPU OM
[2026-05-22 13:34:43,700] Epoch 0 - Training loss: --------   Test Accuracy: 0.0937
[2026-05-22 13:36:01,313] Epoch 1 - Training loss: 2.146169   Test Accuracy: 0.2980
[2026-05-22 13:37:17,670] Epoch 2 - Training loss: 1.848148   Test Accuracy: 0.4524
[2026-05-22 13:38:32,166] Epoch 3 - Training loss: 1.826439   Test Accuracy: 0.3757
[2026-05-22 13:39:53,407] Epoch 4 - Training loss: 2.031570   Test Accuracy: 0.3144
[2026-05-22 13:41:12,719] Epoch 5 - Training loss: 2.035681   Test Accuracy: 0.2019
[2026-05-22 13:42:30,270] Epoch 6 - Training loss: 2.197134   Test Accuracy: 0.2651
[2026-05-22 13:43:39,298] Epoch 7 - Training loss: 2.156638   Test Accuracy: 0.3195
[2026-05-22 13:44:58,509] Epoch 8 - Training loss: 2.144871   Test Accuracy: 0.2339
[2026-05-22 13:46:13,142] Epoch 9 - Training loss: 2.316244   Test Accuracy: 0.1219
[2026-05-22 13:47:31,682] Epoch 10 - Training loss: 2.240582   Test Accuracy: 0.3433
[2026-05-22 13:48:57,191] Epoch 11 - Training loss: 2.354795   Test Accuracy: 0.2177
[2026-05-22 13:50:16,769] Epoch 12 - Training loss: 2.341719   Test Accuracy: 0.1275
[2026-05-22 13:51:24,903] Epoch 13 - Training loss: 2.328582   Test Accuracy: 0.1009
[2026-05-22 13:52:35,949] Epoch 14 - Training loss: 2.318723   Test Accuracy: 0.1195
[2026-05-22 13:53:55,051] Epoch 15 - Training loss: 2.320733   Test Accuracy: 0.0998
[2026-05-22 13:55:17,197] Epoch 16 - Training loss: 2.316226   Test Accuracy: 0.1140
[2026-05-22 13:56:38,870] Epoch 17 - Training loss: 2.320436   Test Accuracy: 0.1135
[2026-05-22 13:57:51,817] Epoch 18 - Training loss: 2.353914   Test Accuracy: 0.0749
[2026-05-22 13:59:01,668] Epoch 19 - Training loss: 3.161138   Test Accuracy: 0.1270
[2026-05-22 14:00:13,086] Epoch 20 - Training loss: 2.710202   Test Accuracy: 0.0989
[2026-05-22 14:01:35,180] Epoch 21 - Training loss: 2.556961   Test Accuracy: 0.1223
[2026-05-22 14:02:57,510] Epoch 22 - Training loss: 2.416396   Test Accuracy: 0.1010
[2026-05-22 14:04:20,915] Epoch 23 - Training loss: 2.518054   Test Accuracy: 0.1265
[2026-05-22 14:05:43,914] Epoch 24 - Training loss: 2.490223   Test Accuracy: 0.1130
[2026-05-22 14:07:06,134] Epoch 25 - Training loss: 2.422417   Test Accuracy: 0.1171
[2026-05-22 14:08:28,418] Epoch 26 - Training loss: 2.336580   Test Accuracy: 0.0691
[2026-05-22 14:09:53,782] Epoch 27 - Training loss: 2.481293   Test Accuracy: 0.1014
[2026-05-22 14:11:15,096] Epoch 28 - Training loss: 2.423459   Test Accuracy: 0.1028
[2026-05-22 14:12:36,891] Epoch 29 - Training loss: 2.322509   Test Accuracy: 0.0998
[2026-05-22 14:14:00,286] Epoch 30 - Training loss: 2.337591   Test Accuracy: 0.1131
aihwkit path:  /home/bong/analog_stress_test/aihwkit-fork/src/aihwkit/__init__.py
NeurIPS-2025/S2-mnist-CNN.py --CUDA 0 --SETTING TT-v1 --RPU OM
Using Device:  cuda:0
Logging to file: runs/MNIST-CNN/OM/TT-v1-tau=1/events.out.tfevents.1779424477.user.184757.0

Training Time (s) = 2360.4148008823395
