# CMD: CUDA_VISIBLE_DEVICES=3 PYTHONPATH=/home/bong/analog_stress_test/analog-training SEED=3 python NeurIPS-2025/S2-mnist-FCN.py --CUDA 0 --SETTING RL-v2 --RPU Pow --tau 0.7 --res-gamma 4.0 --res-state 140
[2026-05-21 03:29:43,863] Epoch 0 - Training loss: --------   Test Accuracy: 0.0926
[2026-05-21 03:30:47,244] Epoch 1 - Training loss: 2.121789   Test Accuracy: 0.5144
[2026-05-21 03:31:54,152] Epoch 2 - Training loss: 0.960998   Test Accuracy: 0.8036
[2026-05-21 03:33:00,743] Epoch 3 - Training loss: 0.618241   Test Accuracy: 0.8517
[2026-05-21 03:34:06,089] Epoch 4 - Training loss: 0.496180   Test Accuracy: 0.8566
[2026-05-21 03:35:11,547] Epoch 5 - Training loss: 0.434096   Test Accuracy: 0.8771
[2026-05-21 03:36:16,308] Epoch 6 - Training loss: 0.394490   Test Accuracy: 0.8911
[2026-05-21 03:37:21,284] Epoch 7 - Training loss: 0.366820   Test Accuracy: 0.9063
[2026-05-21 03:38:25,508] Epoch 8 - Training loss: 0.343381   Test Accuracy: 0.9052
[2026-05-21 03:39:29,610] Epoch 9 - Training loss: 0.327561   Test Accuracy: 0.8902
[2026-05-21 03:40:35,913] Epoch 10 - Training loss: 0.313215   Test Accuracy: 0.9039
[2026-05-21 03:41:43,026] Epoch 11 - Training loss: 0.301783   Test Accuracy: 0.9121
[2026-05-21 03:42:45,907] Epoch 12 - Training loss: 0.291548   Test Accuracy: 0.9134
[2026-05-21 03:43:52,384] Epoch 13 - Training loss: 0.282379   Test Accuracy: 0.9194
[2026-05-21 03:45:00,170] Epoch 14 - Training loss: 0.276280   Test Accuracy: 0.9211
[2026-05-21 03:46:07,998] Epoch 15 - Training loss: 0.270340   Test Accuracy: 0.9250
[2026-05-21 03:47:15,912] Epoch 16 - Training loss: 0.256452   Test Accuracy: 0.9278
[2026-05-21 03:48:22,667] Epoch 17 - Training loss: 0.249629   Test Accuracy: 0.9261
[2026-05-21 03:49:29,935] Epoch 18 - Training loss: 0.241545   Test Accuracy: 0.9216
[2026-05-21 03:50:35,471] Epoch 19 - Training loss: 0.234407   Test Accuracy: 0.9191
[2026-05-21 03:51:39,766] Epoch 20 - Training loss: 0.231626   Test Accuracy: 0.9337
[2026-05-21 03:52:41,840] Epoch 21 - Training loss: 0.229144   Test Accuracy: 0.9337
[2026-05-21 03:53:43,576] Epoch 22 - Training loss: 0.225788   Test Accuracy: 0.9349
[2026-05-21 03:54:48,233] Epoch 23 - Training loss: 0.222550   Test Accuracy: 0.9381
[2026-05-21 03:55:53,575] Epoch 24 - Training loss: 0.220943   Test Accuracy: 0.9390
[2026-05-21 03:56:59,997] Epoch 25 - Training loss: 0.220107   Test Accuracy: 0.9330
[2026-05-21 03:58:04,973] Epoch 26 - Training loss: 0.217738   Test Accuracy: 0.9390
[2026-05-21 03:59:11,695] Epoch 27 - Training loss: 0.217168   Test Accuracy: 0.9400
[2026-05-21 04:00:15,261] Epoch 28 - Training loss: 0.215049   Test Accuracy: 0.9364
[2026-05-21 04:01:22,207] Epoch 29 - Training loss: 0.213274   Test Accuracy: 0.9401
[2026-05-21 04:02:29,814] Epoch 30 - Training loss: 0.211163   Test Accuracy: 0.9361
aihwkit path:  /home/bong/analog_stress_test/aihwkit-fork/src/aihwkit/__init__.py
NeurIPS-2025/S2-mnist-FCN.py --CUDA 0 --SETTING RL-v2 --RPU Pow --tau 0.7 --res-gamma 4.0 --res-state 140
Using Device:  cuda:0
Logging to file: runs/MNIST-FCN/Pow-gamma=4.0-state=140/RL-v2-tau=0.7/events.out.tfevents.1779301777.user.2402805.0

Training Time (s) = 1969.499367237091
