# CMD: CUDA_VISIBLE_DEVICES=3 PYTHONPATH=/home/bong/analog_stress_test/analog-training SEED=2 python NeurIPS-2025/S2-mnist-FCN.py --CUDA 0 --SETTING RL-v2 --RPU Pow --tau 0.7 --res-gamma 0.5 --res-state 140
[2026-05-21 00:41:13,323] Epoch 0 - Training loss: --------   Test Accuracy: 0.1009
[2026-05-21 00:42:11,858] Epoch 1 - Training loss: 1.362764   Test Accuracy: 0.9070
[2026-05-21 00:43:11,178] Epoch 2 - Training loss: 0.253262   Test Accuracy: 0.9463
[2026-05-21 00:44:18,522] Epoch 3 - Training loss: 0.141409   Test Accuracy: 0.9623
[2026-05-21 00:45:31,911] Epoch 4 - Training loss: 0.093037   Test Accuracy: 0.9676
[2026-05-21 00:46:40,205] Epoch 5 - Training loss: 0.068481   Test Accuracy: 0.9704
[2026-05-21 00:47:50,355] Epoch 6 - Training loss: 0.058863   Test Accuracy: 0.9709
[2026-05-21 00:49:00,626] Epoch 7 - Training loss: 0.050647   Test Accuracy: 0.9732
[2026-05-21 00:50:08,773] Epoch 8 - Training loss: 0.045592   Test Accuracy: 0.9732
[2026-05-21 00:51:20,273] Epoch 9 - Training loss: 0.040752   Test Accuracy: 0.9744
[2026-05-21 00:52:31,782] Epoch 10 - Training loss: 0.039296   Test Accuracy: 0.9720
[2026-05-21 00:53:41,860] Epoch 11 - Training loss: 0.037668   Test Accuracy: 0.9696
[2026-05-21 00:54:51,061] Epoch 12 - Training loss: 0.035831   Test Accuracy: 0.9728
[2026-05-21 00:55:58,721] Epoch 13 - Training loss: 0.033494   Test Accuracy: 0.9742
[2026-05-21 00:57:06,502] Epoch 14 - Training loss: 0.031391   Test Accuracy: 0.9771
[2026-05-21 00:58:14,314] Epoch 15 - Training loss: 0.031713   Test Accuracy: 0.9756
[2026-05-21 00:59:22,433] Epoch 16 - Training loss: 0.028063   Test Accuracy: 0.9747
[2026-05-21 01:00:30,547] Epoch 17 - Training loss: 0.028238   Test Accuracy: 0.9744
[2026-05-21 01:01:39,241] Epoch 18 - Training loss: 0.027664   Test Accuracy: 0.9742
[2026-05-21 01:02:46,447] Epoch 19 - Training loss: 0.027949   Test Accuracy: 0.9752
[2026-05-21 01:03:53,989] Epoch 20 - Training loss: 0.025846   Test Accuracy: 0.9727
[2026-05-21 01:05:02,145] Epoch 21 - Training loss: 0.024217   Test Accuracy: 0.9742
[2026-05-21 01:06:09,873] Epoch 22 - Training loss: 0.022262   Test Accuracy: 0.9735
[2026-05-21 01:07:17,831] Epoch 23 - Training loss: 0.022022   Test Accuracy: 0.9714
[2026-05-21 01:08:27,677] Epoch 24 - Training loss: 0.023792   Test Accuracy: 0.9738
[2026-05-21 01:09:35,048] Epoch 25 - Training loss: 0.021736   Test Accuracy: 0.9728
[2026-05-21 01:10:42,462] Epoch 26 - Training loss: 0.021911   Test Accuracy: 0.9743
[2026-05-21 01:11:49,655] Epoch 27 - Training loss: 0.021409   Test Accuracy: 0.9744
[2026-05-21 01:12:56,940] Epoch 28 - Training loss: 0.021615   Test Accuracy: 0.9750
[2026-05-21 01:14:03,725] Epoch 29 - Training loss: 0.021189   Test Accuracy: 0.9735
[2026-05-21 01:15:17,470] Epoch 30 - Training loss: 0.020265   Test Accuracy: 0.9740
aihwkit path:  /home/bong/analog_stress_test/aihwkit-fork/src/aihwkit/__init__.py
NeurIPS-2025/S2-mnist-FCN.py --CUDA 0 --SETTING RL-v2 --RPU Pow --tau 0.7 --res-gamma 0.5 --res-state 140
Using Device:  cuda:0
Logging to file: runs/MNIST-FCN/Pow-gamma=0.5-state=140/RL-v2-tau=0.7/events.out.tfevents.1779291667.user.2398082.0

Training Time (s) = 2047.5616471767426
