# CMD: CUDA_VISIBLE_DEVICES=3 PYTHONPATH=/home/bong/analog_stress_test/analog-training SEED=2 python NeurIPS-2025/S2-mnist-FCN.py --CUDA 0 --SETTING RL-v2 --RPU Pow --tau 0.7 --res-gamma 4.0 --res-state 140
[2026-05-21 02:56:50,095] Epoch 0 - Training loss: --------   Test Accuracy: 0.1009
[2026-05-21 02:57:56,975] Epoch 1 - Training loss: 1.961049   Test Accuracy: 0.6205
[2026-05-21 02:59:04,722] Epoch 2 - Training loss: 0.879355   Test Accuracy: 0.7449
[2026-05-21 03:00:09,713] Epoch 3 - Training loss: 0.606998   Test Accuracy: 0.8258
[2026-05-21 03:01:15,495] Epoch 4 - Training loss: 0.491007   Test Accuracy: 0.8740
[2026-05-21 03:02:22,210] Epoch 5 - Training loss: 0.432238   Test Accuracy: 0.8786
[2026-05-21 03:03:30,832] Epoch 6 - Training loss: 0.388479   Test Accuracy: 0.8793
[2026-05-21 03:04:39,708] Epoch 7 - Training loss: 0.360260   Test Accuracy: 0.8875
[2026-05-21 03:05:47,587] Epoch 8 - Training loss: 0.334826   Test Accuracy: 0.9095
[2026-05-21 03:06:56,843] Epoch 9 - Training loss: 0.319036   Test Accuracy: 0.9022
[2026-05-21 03:08:01,483] Epoch 10 - Training loss: 0.306618   Test Accuracy: 0.9139
[2026-05-21 03:09:07,697] Epoch 11 - Training loss: 0.295448   Test Accuracy: 0.9172
[2026-05-21 03:10:15,658] Epoch 12 - Training loss: 0.288179   Test Accuracy: 0.9211
[2026-05-21 03:11:21,229] Epoch 13 - Training loss: 0.278802   Test Accuracy: 0.9210
[2026-05-21 03:12:29,128] Epoch 14 - Training loss: 0.272713   Test Accuracy: 0.9203
[2026-05-21 03:13:37,973] Epoch 15 - Training loss: 0.268209   Test Accuracy: 0.9206
[2026-05-21 03:14:46,430] Epoch 16 - Training loss: 0.256293   Test Accuracy: 0.9247
[2026-05-21 03:15:52,177] Epoch 17 - Training loss: 0.249939   Test Accuracy: 0.9294
[2026-05-21 03:16:57,265] Epoch 18 - Training loss: 0.246272   Test Accuracy: 0.9323
[2026-05-21 03:18:00,701] Epoch 19 - Training loss: 0.241626   Test Accuracy: 0.9266
[2026-05-21 03:19:09,337] Epoch 20 - Training loss: 0.238078   Test Accuracy: 0.9325
[2026-05-21 03:20:14,732] Epoch 21 - Training loss: 0.234402   Test Accuracy: 0.9343
[2026-05-21 03:21:21,464] Epoch 22 - Training loss: 0.231863   Test Accuracy: 0.9352
[2026-05-21 03:22:29,496] Epoch 23 - Training loss: 0.228175   Test Accuracy: 0.9322
[2026-05-21 03:23:35,902] Epoch 24 - Training loss: 0.225485   Test Accuracy: 0.9412
[2026-05-21 03:24:41,814] Epoch 25 - Training loss: 0.221558   Test Accuracy: 0.9310
[2026-05-21 03:25:47,001] Epoch 26 - Training loss: 0.219834   Test Accuracy: 0.9359
[2026-05-21 03:26:55,825] Epoch 27 - Training loss: 0.215399   Test Accuracy: 0.9384
[2026-05-21 03:28:01,270] Epoch 28 - Training loss: 0.209907   Test Accuracy: 0.9358
[2026-05-21 03:29:07,243] Epoch 29 - Training loss: 0.207784   Test Accuracy: 0.9423
[2026-05-21 03:30:12,149] Epoch 30 - Training loss: 0.204008   Test Accuracy: 0.9428
aihwkit path:  /home/bong/analog_stress_test/aihwkit-fork/src/aihwkit/__init__.py
NeurIPS-2025/S2-mnist-FCN.py --CUDA 0 --SETTING RL-v2 --RPU Pow --tau 0.7 --res-gamma 4.0 --res-state 140
Using Device:  cuda:0
Logging to file: runs/MNIST-FCN/Pow-gamma=4.0-state=140/RL-v2-tau=0.7/events.out.tfevents.1779299804.user.2401837.0

Training Time (s) = 2005.5948419570923
