# CMD: CUDA_VISIBLE_DEVICES=3 PYTHONPATH=/home/bong/analog_stress_test/analog-training SEED=1 python NeurIPS-2025/S2-mnist-FCN.py --CUDA 0 --SETTING RL-v2 --RPU Pow --tau 0.7 --res-gamma 0.5 --res-state 140
[2026-05-21 00:08:43,469] Epoch 0 - Training loss: --------   Test Accuracy: 0.1028
[2026-05-21 00:09:46,323] Epoch 1 - Training loss: 1.304664   Test Accuracy: 0.8963
[2026-05-21 00:10:51,264] Epoch 2 - Training loss: 0.241946   Test Accuracy: 0.9446
[2026-05-21 00:11:57,238] Epoch 3 - Training loss: 0.136327   Test Accuracy: 0.9627
[2026-05-21 00:13:04,222] Epoch 4 - Training loss: 0.088517   Test Accuracy: 0.9734
[2026-05-21 00:14:11,767] Epoch 5 - Training loss: 0.061674   Test Accuracy: 0.9704
[2026-05-21 00:15:18,990] Epoch 6 - Training loss: 0.044825   Test Accuracy: 0.9768
[2026-05-21 00:16:27,121] Epoch 7 - Training loss: 0.032753   Test Accuracy: 0.9739
[2026-05-21 00:17:35,071] Epoch 8 - Training loss: 0.028079   Test Accuracy: 0.9761
[2026-05-21 00:18:42,499] Epoch 9 - Training loss: 0.023185   Test Accuracy: 0.9749
[2026-05-21 00:19:49,383] Epoch 10 - Training loss: 0.022818   Test Accuracy: 0.9757
[2026-05-21 00:20:57,116] Epoch 11 - Training loss: 0.022256   Test Accuracy: 0.9750
[2026-05-21 00:22:04,934] Epoch 12 - Training loss: 0.020540   Test Accuracy: 0.9743
[2026-05-21 00:23:14,909] Epoch 13 - Training loss: 0.020547   Test Accuracy: 0.9740
[2026-05-21 00:24:22,571] Epoch 14 - Training loss: 0.019384   Test Accuracy: 0.9762
[2026-05-21 00:25:29,869] Epoch 15 - Training loss: 0.018743   Test Accuracy: 0.9752
[2026-05-21 00:26:37,436] Epoch 16 - Training loss: 0.016437   Test Accuracy: 0.9773
[2026-05-21 00:27:46,518] Epoch 17 - Training loss: 0.018794   Test Accuracy: 0.9748
[2026-05-21 00:28:54,856] Epoch 18 - Training loss: 0.019645   Test Accuracy: 0.9770
[2026-05-21 00:30:03,105] Epoch 19 - Training loss: 0.018131   Test Accuracy: 0.9741
[2026-05-21 00:31:10,296] Epoch 20 - Training loss: 0.016653   Test Accuracy: 0.9761
[2026-05-21 00:32:18,137] Epoch 21 - Training loss: 0.016429   Test Accuracy: 0.9771
[2026-05-21 00:33:27,865] Epoch 22 - Training loss: 0.015893   Test Accuracy: 0.9757
[2026-05-21 00:34:35,597] Epoch 23 - Training loss: 0.016390   Test Accuracy: 0.9700
[2026-05-21 00:35:42,696] Epoch 24 - Training loss: 0.016993   Test Accuracy: 0.9752
[2026-05-21 00:36:50,215] Epoch 25 - Training loss: 0.016228   Test Accuracy: 0.9736
[2026-05-21 00:37:58,027] Epoch 26 - Training loss: 0.015328   Test Accuracy: 0.9745
[2026-05-21 00:39:05,200] Epoch 27 - Training loss: 0.016587   Test Accuracy: 0.9750
[2026-05-21 00:40:13,240] Epoch 28 - Training loss: 0.015177   Test Accuracy: 0.9738
[2026-05-21 00:41:17,859] Epoch 29 - Training loss: 0.014499   Test Accuracy: 0.9738
[2026-05-21 00:42:28,992] Epoch 30 - Training loss: 0.015955   Test Accuracy: 0.9750
aihwkit path:  /home/bong/analog_stress_test/aihwkit-fork/src/aihwkit/__init__.py
NeurIPS-2025/S2-mnist-FCN.py --CUDA 0 --SETTING RL-v2 --RPU Pow --tau 0.7 --res-gamma 0.5 --res-state 140
Using Device:  cuda:0
Logging to file: runs/MNIST-FCN/Pow-gamma=0.5-state=140/RL-v2-tau=0.7/events.out.tfevents.1779289717.user.2397097.0

Training Time (s) = 2029.076709985733
