# CMD: CUDA_VISIBLE_DEVICES=3 PYTHONPATH=/home/bong/analog_stress_test/analog-training SEED=1 python NeurIPS-2025/S2-mnist-FCN.py --CUDA 0 --SETTING RL-v2 --RPU Pow --tau 0.7 --res-gamma 2.0 --res-state 140
[2026-05-21 01:50:45,564] Epoch 0 - Training loss: --------   Test Accuracy: 0.1028
[2026-05-21 01:51:52,530] Epoch 1 - Training loss: 1.760994   Test Accuracy: 0.6559
[2026-05-21 01:52:54,323] Epoch 2 - Training loss: 0.547560   Test Accuracy: 0.8767
[2026-05-21 01:53:58,404] Epoch 3 - Training loss: 0.343699   Test Accuracy: 0.9177
[2026-05-21 01:55:02,142] Epoch 4 - Training loss: 0.261092   Test Accuracy: 0.9243
[2026-05-21 01:56:06,236] Epoch 5 - Training loss: 0.214199   Test Accuracy: 0.9302
[2026-05-21 01:57:10,844] Epoch 6 - Training loss: 0.179178   Test Accuracy: 0.9490
[2026-05-21 01:58:14,346] Epoch 7 - Training loss: 0.151119   Test Accuracy: 0.9553
[2026-05-21 01:59:18,999] Epoch 8 - Training loss: 0.133966   Test Accuracy: 0.9619
[2026-05-21 02:00:23,953] Epoch 9 - Training loss: 0.119282   Test Accuracy: 0.9643
[2026-05-21 02:01:28,189] Epoch 10 - Training loss: 0.108108   Test Accuracy: 0.9635
[2026-05-21 02:02:32,565] Epoch 11 - Training loss: 0.097684   Test Accuracy: 0.9635
[2026-05-21 02:03:36,300] Epoch 12 - Training loss: 0.091780   Test Accuracy: 0.9665
[2026-05-21 02:04:40,402] Epoch 13 - Training loss: 0.086257   Test Accuracy: 0.9641
[2026-05-21 02:05:44,554] Epoch 14 - Training loss: 0.080443   Test Accuracy: 0.9688
[2026-05-21 02:06:48,249] Epoch 15 - Training loss: 0.077148   Test Accuracy: 0.9689
[2026-05-21 02:07:54,713] Epoch 16 - Training loss: 0.066257   Test Accuracy: 0.9729
[2026-05-21 02:09:00,213] Epoch 17 - Training loss: 0.060525   Test Accuracy: 0.9746
[2026-05-21 02:10:04,674] Epoch 18 - Training loss: 0.056324   Test Accuracy: 0.9721
[2026-05-21 02:11:09,969] Epoch 19 - Training loss: 0.050940   Test Accuracy: 0.9707
[2026-05-21 02:12:15,431] Epoch 20 - Training loss: 0.049007   Test Accuracy: 0.9749
[2026-05-21 02:13:20,271] Epoch 21 - Training loss: 0.046427   Test Accuracy: 0.9658
[2026-05-21 02:14:23,552] Epoch 22 - Training loss: 0.044229   Test Accuracy: 0.9696
[2026-05-21 02:15:28,719] Epoch 23 - Training loss: 0.041567   Test Accuracy: 0.9613
[2026-05-21 02:16:35,131] Epoch 24 - Training loss: 0.040551   Test Accuracy: 0.9765
[2026-05-21 02:17:41,202] Epoch 25 - Training loss: 0.039738   Test Accuracy: 0.9735
[2026-05-21 02:18:45,282] Epoch 26 - Training loss: 0.037637   Test Accuracy: 0.9740
[2026-05-21 02:19:54,217] Epoch 27 - Training loss: 0.037240   Test Accuracy: 0.9766
[2026-05-21 02:21:04,371] Epoch 28 - Training loss: 0.035144   Test Accuracy: 0.9728
[2026-05-21 02:22:11,251] Epoch 29 - Training loss: 0.033801   Test Accuracy: 0.9760
[2026-05-21 02:23:13,113] Epoch 30 - Training loss: 0.032508   Test Accuracy: 0.9776
aihwkit path:  /home/bong/analog_stress_test/aihwkit-fork/src/aihwkit/__init__.py
NeurIPS-2025/S2-mnist-FCN.py --CUDA 0 --SETTING RL-v2 --RPU Pow --tau 0.7 --res-gamma 2.0 --res-state 140
Using Device:  cuda:0
Logging to file: runs/MNIST-FCN/Pow-gamma=2.0-state=140/RL-v2-tau=0.7/events.out.tfevents.1779295839.user.2400275.0

Training Time (s) = 1951.0849905014038
