# CMD: CUDA_VISIBLE_DEVICES=3 PYTHONPATH=/home/bong/analog_stress_test/analog-training SEED=2 python NeurIPS-2025/S2-mnist-FCN.py --CUDA 0 --SETTING RL-v2 --RPU Pow --tau 0.7 --res-gamma 2.0 --res-state 140
[2026-05-21 02:23:03,618] Epoch 0 - Training loss: --------   Test Accuracy: 0.1009
[2026-05-21 02:24:06,757] Epoch 1 - Training loss: 1.712382   Test Accuracy: 0.8236
[2026-05-21 02:25:12,089] Epoch 2 - Training loss: 0.531226   Test Accuracy: 0.8709
[2026-05-21 02:26:14,864] Epoch 3 - Training loss: 0.337072   Test Accuracy: 0.9212
[2026-05-21 02:27:20,543] Epoch 4 - Training loss: 0.254209   Test Accuracy: 0.9361
[2026-05-21 02:28:28,303] Epoch 5 - Training loss: 0.205939   Test Accuracy: 0.9371
[2026-05-21 02:29:36,613] Epoch 6 - Training loss: 0.170225   Test Accuracy: 0.9476
[2026-05-21 02:30:41,448] Epoch 7 - Training loss: 0.144382   Test Accuracy: 0.9592
[2026-05-21 02:31:49,172] Epoch 8 - Training loss: 0.124964   Test Accuracy: 0.9653
[2026-05-21 02:32:56,083] Epoch 9 - Training loss: 0.107704   Test Accuracy: 0.9620
[2026-05-21 02:34:01,530] Epoch 10 - Training loss: 0.095572   Test Accuracy: 0.9685
[2026-05-21 02:35:07,199] Epoch 11 - Training loss: 0.084505   Test Accuracy: 0.9712
[2026-05-21 02:36:13,649] Epoch 12 - Training loss: 0.077984   Test Accuracy: 0.9719
[2026-05-21 02:37:23,129] Epoch 13 - Training loss: 0.069354   Test Accuracy: 0.9738
[2026-05-21 02:38:28,163] Epoch 14 - Training loss: 0.065454   Test Accuracy: 0.9736
[2026-05-21 02:39:35,085] Epoch 15 - Training loss: 0.059157   Test Accuracy: 0.9712
[2026-05-21 02:40:42,447] Epoch 16 - Training loss: 0.048760   Test Accuracy: 0.9766
[2026-05-21 02:41:52,937] Epoch 17 - Training loss: 0.041866   Test Accuracy: 0.9766
[2026-05-21 02:43:02,796] Epoch 18 - Training loss: 0.037228   Test Accuracy: 0.9736
[2026-05-21 02:44:11,775] Epoch 19 - Training loss: 0.033702   Test Accuracy: 0.9723
[2026-05-21 02:45:19,560] Epoch 20 - Training loss: 0.029656   Test Accuracy: 0.9743
[2026-05-21 02:46:29,406] Epoch 21 - Training loss: 0.027023   Test Accuracy: 0.9763
[2026-05-21 02:47:39,643] Epoch 22 - Training loss: 0.023640   Test Accuracy: 0.9767
[2026-05-21 02:48:43,789] Epoch 23 - Training loss: 0.023295   Test Accuracy: 0.9763
[2026-05-21 02:49:52,070] Epoch 24 - Training loss: 0.020318   Test Accuracy: 0.9778
[2026-05-21 02:50:53,034] Epoch 25 - Training loss: 0.019529   Test Accuracy: 0.9753
[2026-05-21 02:52:01,953] Epoch 26 - Training loss: 0.017715   Test Accuracy: 0.9719
[2026-05-21 02:53:12,311] Epoch 27 - Training loss: 0.016804   Test Accuracy: 0.9786
[2026-05-21 02:54:22,510] Epoch 28 - Training loss: 0.015251   Test Accuracy: 0.9756
[2026-05-21 02:55:27,693] Epoch 29 - Training loss: 0.014925   Test Accuracy: 0.9781
[2026-05-21 02:56:38,180] Epoch 30 - Training loss: 0.014551   Test Accuracy: 0.9778
aihwkit path:  /home/bong/analog_stress_test/aihwkit-fork/src/aihwkit/__init__.py
NeurIPS-2025/S2-mnist-FCN.py --CUDA 0 --SETTING RL-v2 --RPU Pow --tau 0.7 --res-gamma 2.0 --res-state 140
Using Device:  cuda:0
Logging to file: runs/MNIST-FCN/Pow-gamma=2.0-state=140/RL-v2-tau=0.7/events.out.tfevents.1779297777.user.2401021.0

Training Time (s) = 2018.1065182685852
