# CMD: CUDA_VISIBLE_DEVICES=3 PYTHONPATH=/home/bong/analog_stress_test/analog-training SEED=2 python NeurIPS-2025/S2-mnist-FCN.py --CUDA 0 --SETTING RL-v2 --RPU Pow --tau 0.7 --res-gamma 1.0 --res-state 140
[2026-05-21 01:16:23,707] Epoch 0 - Training loss: --------   Test Accuracy: 0.1009
[2026-05-21 01:17:22,034] Epoch 1 - Training loss: 1.512962   Test Accuracy: 0.8912
[2026-05-21 01:18:28,876] Epoch 2 - Training loss: 0.345378   Test Accuracy: 0.9321
[2026-05-21 01:19:37,435] Epoch 3 - Training loss: 0.198056   Test Accuracy: 0.9514
[2026-05-21 01:20:49,315] Epoch 4 - Training loss: 0.133897   Test Accuracy: 0.9605
[2026-05-21 01:21:57,042] Epoch 5 - Training loss: 0.097810   Test Accuracy: 0.9669
[2026-05-21 01:23:05,283] Epoch 6 - Training loss: 0.075128   Test Accuracy: 0.9728
[2026-05-21 01:24:12,998] Epoch 7 - Training loss: 0.055327   Test Accuracy: 0.9751
[2026-05-21 01:25:22,269] Epoch 8 - Training loss: 0.042669   Test Accuracy: 0.9764
[2026-05-21 01:26:35,220] Epoch 9 - Training loss: 0.033585   Test Accuracy: 0.9766
[2026-05-21 01:27:45,877] Epoch 10 - Training loss: 0.025830   Test Accuracy: 0.9762
[2026-05-21 01:28:55,726] Epoch 11 - Training loss: 0.022037   Test Accuracy: 0.9786
[2026-05-21 01:30:11,016] Epoch 12 - Training loss: 0.019357   Test Accuracy: 0.9767
[2026-05-21 01:31:22,494] Epoch 13 - Training loss: 0.016030   Test Accuracy: 0.9781
[2026-05-21 01:32:33,542] Epoch 14 - Training loss: 0.014331   Test Accuracy: 0.9778
[2026-05-21 01:33:45,258] Epoch 15 - Training loss: 0.012730   Test Accuracy: 0.9802
[2026-05-21 01:34:56,752] Epoch 16 - Training loss: 0.011916   Test Accuracy: 0.9774
[2026-05-21 01:35:59,064] Epoch 17 - Training loss: 0.010803   Test Accuracy: 0.9781
[2026-05-21 01:37:05,830] Epoch 18 - Training loss: 0.011178   Test Accuracy: 0.9774
[2026-05-21 01:38:13,316] Epoch 19 - Training loss: 0.011050   Test Accuracy: 0.9774
[2026-05-21 01:39:20,867] Epoch 20 - Training loss: 0.008980   Test Accuracy: 0.9794
[2026-05-21 01:40:29,427] Epoch 21 - Training loss: 0.010604   Test Accuracy: 0.9775
[2026-05-21 01:41:36,859] Epoch 22 - Training loss: 0.010680   Test Accuracy: 0.9770
[2026-05-21 01:42:45,020] Epoch 23 - Training loss: 0.010260   Test Accuracy: 0.9771
[2026-05-21 01:43:52,249] Epoch 24 - Training loss: 0.009494   Test Accuracy: 0.9770
[2026-05-21 01:44:58,067] Epoch 25 - Training loss: 0.010907   Test Accuracy: 0.9774
[2026-05-21 01:46:05,357] Epoch 26 - Training loss: 0.011210   Test Accuracy: 0.9771
[2026-05-21 01:47:16,745] Epoch 27 - Training loss: 0.010229   Test Accuracy: 0.9781
[2026-05-21 01:48:26,429] Epoch 28 - Training loss: 0.009789   Test Accuracy: 0.9759
[2026-05-21 01:49:33,337] Epoch 29 - Training loss: 0.009612   Test Accuracy: 0.9744
[2026-05-21 01:50:35,614] Epoch 30 - Training loss: 0.011458   Test Accuracy: 0.9760
aihwkit path:  /home/bong/analog_stress_test/aihwkit-fork/src/aihwkit/__init__.py
NeurIPS-2025/S2-mnist-FCN.py --CUDA 0 --SETTING RL-v2 --RPU Pow --tau 0.7 --res-gamma 1.0 --res-state 140
Using Device:  cuda:0
Logging to file: runs/MNIST-FCN/Pow-gamma=1.0-state=140/RL-v2-tau=0.7/events.out.tfevents.1779293777.user.2399296.0

Training Time (s) = 2055.4269564151764
