# CMD: CUDA_VISIBLE_DEVICES=3 PYTHONPATH=/home/bong/analog_stress_test/analog-training SEED=2 python NeurIPS-2025/S2-mnist-FCN.py --CUDA 0 --SETTING RL-v2 --RPU Pow --tau 0.7 --res-gamma 0.1 --res-state 140
[2026-05-20 23:33:51,534] Epoch 0 - Training loss: --------   Test Accuracy: 0.1009
[2026-05-20 23:34:56,142] Epoch 1 - Training loss: 1.311832   Test Accuracy: 0.9350
[2026-05-20 23:36:03,627] Epoch 2 - Training loss: 0.177565   Test Accuracy: 0.9605
[2026-05-20 23:37:11,707] Epoch 3 - Training loss: 0.101876   Test Accuracy: 0.9684
[2026-05-20 23:38:21,366] Epoch 4 - Training loss: 0.067543   Test Accuracy: 0.9735
[2026-05-20 23:39:36,724] Epoch 5 - Training loss: 0.048797   Test Accuracy: 0.9729
[2026-05-20 23:40:45,930] Epoch 6 - Training loss: 0.037948   Test Accuracy: 0.9723
[2026-05-20 23:41:56,102] Epoch 7 - Training loss: 0.027382   Test Accuracy: 0.9739
[2026-05-20 23:43:05,317] Epoch 8 - Training loss: 0.021383   Test Accuracy: 0.9731
[2026-05-20 23:44:14,164] Epoch 9 - Training loss: 0.016880   Test Accuracy: 0.9743
[2026-05-20 23:45:21,641] Epoch 10 - Training loss: 0.017024   Test Accuracy: 0.9687
[2026-05-20 23:46:29,446] Epoch 11 - Training loss: 0.013362   Test Accuracy: 0.9735
[2026-05-20 23:47:38,863] Epoch 12 - Training loss: 0.012726   Test Accuracy: 0.9718
[2026-05-20 23:48:47,132] Epoch 13 - Training loss: 0.012272   Test Accuracy: 0.9742
[2026-05-20 23:49:54,863] Epoch 14 - Training loss: 0.013212   Test Accuracy: 0.9728
[2026-05-20 23:51:03,085] Epoch 15 - Training loss: 0.013318   Test Accuracy: 0.9717
[2026-05-20 23:52:11,649] Epoch 16 - Training loss: 0.009879   Test Accuracy: 0.9749
[2026-05-20 23:53:22,633] Epoch 17 - Training loss: 0.010108   Test Accuracy: 0.9720
[2026-05-20 23:54:33,541] Epoch 18 - Training loss: 0.010708   Test Accuracy: 0.9745
[2026-05-20 23:55:41,752] Epoch 19 - Training loss: 0.010621   Test Accuracy: 0.9752
[2026-05-20 23:56:56,415] Epoch 20 - Training loss: 0.010117   Test Accuracy: 0.9746
[2026-05-20 23:58:07,698] Epoch 21 - Training loss: 0.009525   Test Accuracy: 0.9756
[2026-05-20 23:59:15,347] Epoch 22 - Training loss: 0.009455   Test Accuracy: 0.9760
[2026-05-21 00:00:22,726] Epoch 23 - Training loss: 0.008927   Test Accuracy: 0.9744
[2026-05-21 00:01:33,230] Epoch 24 - Training loss: 0.008880   Test Accuracy: 0.9764
[2026-05-21 00:02:48,060] Epoch 25 - Training loss: 0.009312   Test Accuracy: 0.9763
[2026-05-21 00:04:00,924] Epoch 26 - Training loss: 0.007843   Test Accuracy: 0.9771
[2026-05-21 00:05:09,778] Epoch 27 - Training loss: 0.007528   Test Accuracy: 0.9756
[2026-05-21 00:06:17,872] Epoch 28 - Training loss: 0.007259   Test Accuracy: 0.9767
[2026-05-21 00:07:22,668] Epoch 29 - Training loss: 0.007710   Test Accuracy: 0.9734
[2026-05-21 00:08:33,309] Epoch 30 - Training loss: 0.007437   Test Accuracy: 0.9726
aihwkit path:  /home/bong/analog_stress_test/aihwkit-fork/src/aihwkit/__init__.py
NeurIPS-2025/S2-mnist-FCN.py --CUDA 0 --SETTING RL-v2 --RPU Pow --tau 0.7 --res-gamma 0.1 --res-state 140
Using Device:  cuda:0
Logging to file: runs/MNIST-FCN/Pow-gamma=0.1-state=140/RL-v2-tau=0.7/events.out.tfevents.1779287625.user.2395993.0

Training Time (s) = 2085.399754524231
