# CMD: CUDA_VISIBLE_DEVICES=3 PYTHONPATH=/home/bong/analog_stress_test/analog-training SEED=2 INP_RES=0.07142857142857142 OUT_RES=0.007936507936507936 INP_NOISE=0.1 OUT_NOISE=0.1 python NeurIPS-2025/S2-mnist-FCN.py --CUDA 0 --SETTING TT-v1 --RPU Pow --tau 0.7 --res-gamma 0.5 --res-state 140
[2026-05-22 17:51:42,591] Epoch 0 - Training loss: --------   Test Accuracy: 0.1018
[2026-05-22 17:52:47,973] Epoch 1 - Training loss: 2.301398   Test Accuracy: 0.1270
[2026-05-22 17:53:54,101] Epoch 2 - Training loss: 1.652897   Test Accuracy: 0.7723
[2026-05-22 17:55:00,112] Epoch 3 - Training loss: 0.506540   Test Accuracy: 0.8794
[2026-05-22 17:56:09,557] Epoch 4 - Training loss: 0.401201   Test Accuracy: 0.8844
[2026-05-22 17:57:19,347] Epoch 5 - Training loss: 0.342084   Test Accuracy: 0.9085
[2026-05-22 17:58:25,733] Epoch 6 - Training loss: 0.290852   Test Accuracy: 0.9201
[2026-05-22 17:59:33,165] Epoch 7 - Training loss: 0.259323   Test Accuracy: 0.9270
[2026-05-22 18:00:39,879] Epoch 8 - Training loss: 0.233490   Test Accuracy: 0.9317
[2026-05-22 18:01:46,979] Epoch 9 - Training loss: 0.217159   Test Accuracy: 0.9406
[2026-05-22 18:02:54,979] Epoch 10 - Training loss: 0.202532   Test Accuracy: 0.9360
[2026-05-22 18:04:02,348] Epoch 11 - Training loss: 0.197711   Test Accuracy: 0.9396
[2026-05-22 18:05:10,793] Epoch 12 - Training loss: 0.186355   Test Accuracy: 0.9463
[2026-05-22 18:06:21,480] Epoch 13 - Training loss: 0.180815   Test Accuracy: 0.9439
[2026-05-22 18:07:29,775] Epoch 14 - Training loss: 0.174290   Test Accuracy: 0.9442
[2026-05-22 18:08:39,017] Epoch 15 - Training loss: 0.169767   Test Accuracy: 0.9436
[2026-05-22 18:09:50,151] Epoch 16 - Training loss: 0.162698   Test Accuracy: 0.9446
[2026-05-22 18:11:01,692] Epoch 17 - Training loss: 0.160566   Test Accuracy: 0.9456
[2026-05-22 18:12:13,172] Epoch 18 - Training loss: 0.158188   Test Accuracy: 0.9455
[2026-05-22 18:13:18,417] Epoch 19 - Training loss: 0.154099   Test Accuracy: 0.9483
[2026-05-22 18:14:27,623] Epoch 20 - Training loss: 0.153737   Test Accuracy: 0.9462
[2026-05-22 18:15:35,698] Epoch 21 - Training loss: 0.154902   Test Accuracy: 0.9467
[2026-05-22 18:16:46,585] Epoch 22 - Training loss: 0.153434   Test Accuracy: 0.9477
[2026-05-22 18:17:58,388] Epoch 23 - Training loss: 0.155980   Test Accuracy: 0.9474
[2026-05-22 18:19:10,429] Epoch 24 - Training loss: 0.156879   Test Accuracy: 0.9488
[2026-05-22 18:20:22,570] Epoch 25 - Training loss: 0.156160   Test Accuracy: 0.9454
[2026-05-22 18:21:28,137] Epoch 26 - Training loss: 0.154799   Test Accuracy: 0.9446
[2026-05-22 18:22:38,871] Epoch 27 - Training loss: 0.156880   Test Accuracy: 0.9466
[2026-05-22 18:23:52,292] Epoch 28 - Training loss: 0.160710   Test Accuracy: 0.9459
[2026-05-22 18:25:07,883] Epoch 29 - Training loss: 0.156419   Test Accuracy: 0.9472
[2026-05-22 18:26:20,428] Epoch 30 - Training loss: 0.156478   Test Accuracy: 0.9442
aihwkit path:  /home/bong/analog_stress_test/aihwkit-fork/src/aihwkit/__init__.py
NeurIPS-2025/S2-mnist-FCN.py --CUDA 0 --SETTING TT-v1 --RPU Pow --tau 0.7 --res-gamma 0.5 --res-state 140
Using Device:  cuda:0
Logging to file: runs/MNIST-FCN/Pow-gamma=0.5-state=140/TT-v1-tau=0.7/events.out.tfevents.1779439896.user.207826.0

Training Time (s) = 2082.013348340988
