# CMD: CUDA_VISIBLE_DEVICES=3 PYTHONPATH=/home/bong/analog_stress_test/analog-training SEED=3 INP_RES=0.07142857142857142 OUT_RES=0.007936507936507936 INP_NOISE=0.1 OUT_NOISE=0.1 python NeurIPS-2025/S2-mnist-FCN.py --CUDA 0 --SETTING TT-v1 --RPU Pow --tau 0.7 --res-gamma 0.5 --res-state 140
[2026-05-22 17:58:09,447] Epoch 0 - Training loss: --------   Test Accuracy: 0.0973
[2026-05-22 17:59:19,117] Epoch 1 - Training loss: 2.302787   Test Accuracy: 0.1127
[2026-05-22 18:00:26,685] Epoch 2 - Training loss: 2.296414   Test Accuracy: 0.1624
[2026-05-22 18:01:33,485] Epoch 3 - Training loss: 1.218651   Test Accuracy: 0.8136
[2026-05-22 18:02:40,823] Epoch 4 - Training loss: 0.466326   Test Accuracy: 0.8795
[2026-05-22 18:03:48,769] Epoch 5 - Training loss: 0.380187   Test Accuracy: 0.8967
[2026-05-22 18:04:57,222] Epoch 6 - Training loss: 0.331256   Test Accuracy: 0.9109
[2026-05-22 18:06:05,320] Epoch 7 - Training loss: 0.288347   Test Accuracy: 0.9179
[2026-05-22 18:07:11,736] Epoch 8 - Training loss: 0.256513   Test Accuracy: 0.9255
[2026-05-22 18:08:20,614] Epoch 9 - Training loss: 0.231153   Test Accuracy: 0.9319
[2026-05-22 18:09:30,691] Epoch 10 - Training loss: 0.218120   Test Accuracy: 0.9362
[2026-05-22 18:10:40,041] Epoch 11 - Training loss: 0.206349   Test Accuracy: 0.9399
[2026-05-22 18:11:49,694] Epoch 12 - Training loss: 0.197919   Test Accuracy: 0.9412
[2026-05-22 18:13:00,914] Epoch 13 - Training loss: 0.192373   Test Accuracy: 0.9426
[2026-05-22 18:14:11,182] Epoch 14 - Training loss: 0.180681   Test Accuracy: 0.9420
[2026-05-22 18:15:21,855] Epoch 15 - Training loss: 0.177684   Test Accuracy: 0.9417
[2026-05-22 18:16:33,121] Epoch 16 - Training loss: 0.172425   Test Accuracy: 0.9437
[2026-05-22 18:17:44,356] Epoch 17 - Training loss: 0.171227   Test Accuracy: 0.9412
[2026-05-22 18:18:56,079] Epoch 18 - Training loss: 0.170723   Test Accuracy: 0.9414
[2026-05-22 18:20:07,905] Epoch 19 - Training loss: 0.170199   Test Accuracy: 0.9409
[2026-05-22 18:21:20,432] Epoch 20 - Training loss: 0.168117   Test Accuracy: 0.9419
[2026-05-22 18:22:32,687] Epoch 21 - Training loss: 0.169678   Test Accuracy: 0.9436
[2026-05-22 18:23:45,161] Epoch 22 - Training loss: 0.171056   Test Accuracy: 0.9460
[2026-05-22 18:24:57,806] Epoch 23 - Training loss: 0.168890   Test Accuracy: 0.9396
[2026-05-22 18:26:09,890] Epoch 24 - Training loss: 0.168829   Test Accuracy: 0.9427
[2026-05-22 18:27:18,263] Epoch 25 - Training loss: 0.173023   Test Accuracy: 0.9422
[2026-05-22 18:28:33,257] Epoch 26 - Training loss: 0.173713   Test Accuracy: 0.9430
[2026-05-22 18:29:46,659] Epoch 27 - Training loss: 0.170479   Test Accuracy: 0.9386
[2026-05-22 18:30:43,754] Epoch 28 - Training loss: 0.173251   Test Accuracy: 0.9398
[2026-05-22 18:31:43,037] Epoch 29 - Training loss: 0.175114   Test Accuracy: 0.9368
[2026-05-22 18:32:41,324] Epoch 30 - Training loss: 0.174561   Test Accuracy: 0.9360
aihwkit path:  /home/bong/analog_stress_test/aihwkit-fork/src/aihwkit/__init__.py
NeurIPS-2025/S2-mnist-FCN.py --CUDA 0 --SETTING TT-v1 --RPU Pow --tau 0.7 --res-gamma 0.5 --res-state 140
Using Device:  cuda:0
Logging to file: runs/MNIST-FCN/Pow-gamma=0.5-state=140/TT-v1-tau=0.7/events.out.tfevents.1779440282.user.208865.0

Training Time (s) = 2076.271994113922
