# CMD: CUDA_VISIBLE_DEVICES=3 PYTHONPATH=/home/bong/analog_stress_test/analog-training SEED=1 INP_RES=0.07142857142857142 OUT_RES=0.007936507936507936 INP_NOISE=0.1 OUT_NOISE=0.1 python NeurIPS-2025/S2-mnist-FCN.py --CUDA 0 --SETTING TT-v1 --RPU Pow --tau 0.7 --res-gamma 0.5 --res-state 140
[2026-05-22 17:23:15,191] Epoch 0 - Training loss: --------   Test Accuracy: 0.1034
[2026-05-22 17:24:22,885] Epoch 1 - Training loss: 2.301954   Test Accuracy: 0.1161
[2026-05-22 17:25:29,350] Epoch 2 - Training loss: 1.957436   Test Accuracy: 0.7191
[2026-05-22 17:26:34,474] Epoch 3 - Training loss: 0.572132   Test Accuracy: 0.8694
[2026-05-22 17:27:41,790] Epoch 4 - Training loss: 0.376827   Test Accuracy: 0.9063
[2026-05-22 17:28:51,197] Epoch 5 - Training loss: 0.318026   Test Accuracy: 0.8996
[2026-05-22 17:29:59,587] Epoch 6 - Training loss: 0.309575   Test Accuracy: 0.9190
[2026-05-22 17:31:07,837] Epoch 7 - Training loss: 0.271834   Test Accuracy: 0.9220
[2026-05-22 17:32:15,705] Epoch 8 - Training loss: 0.243627   Test Accuracy: 0.9292
[2026-05-22 17:33:24,470] Epoch 9 - Training loss: 0.224606   Test Accuracy: 0.9364
[2026-05-22 17:34:33,176] Epoch 10 - Training loss: 0.211973   Test Accuracy: 0.9382
[2026-05-22 17:35:41,484] Epoch 11 - Training loss: 0.202588   Test Accuracy: 0.9369
[2026-05-22 17:36:49,712] Epoch 12 - Training loss: 0.192417   Test Accuracy: 0.9403
[2026-05-22 17:38:00,127] Epoch 13 - Training loss: 0.190890   Test Accuracy: 0.9382
[2026-05-22 17:39:09,792] Epoch 14 - Training loss: 0.180155   Test Accuracy: 0.9454
[2026-05-22 17:40:19,139] Epoch 15 - Training loss: 0.175024   Test Accuracy: 0.9414
[2026-05-22 17:41:30,017] Epoch 16 - Training loss: 0.172369   Test Accuracy: 0.9430
[2026-05-22 17:42:36,820] Epoch 17 - Training loss: 0.171648   Test Accuracy: 0.9463
[2026-05-22 17:43:48,182] Epoch 18 - Training loss: 0.164148   Test Accuracy: 0.9475
[2026-05-22 17:44:58,228] Epoch 19 - Training loss: 0.164429   Test Accuracy: 0.9466
[2026-05-22 17:46:10,396] Epoch 20 - Training loss: 0.164251   Test Accuracy: 0.9445
[2026-05-22 17:47:23,268] Epoch 21 - Training loss: 0.162419   Test Accuracy: 0.9421
[2026-05-22 17:48:33,930] Epoch 22 - Training loss: 0.164004   Test Accuracy: 0.9459
[2026-05-22 17:49:45,461] Epoch 23 - Training loss: 0.164016   Test Accuracy: 0.9437
[2026-05-22 17:50:56,969] Epoch 24 - Training loss: 0.165022   Test Accuracy: 0.9421
[2026-05-22 17:52:06,284] Epoch 25 - Training loss: 0.163875   Test Accuracy: 0.9473
[2026-05-22 17:53:18,463] Epoch 26 - Training loss: 0.166459   Test Accuracy: 0.9425
[2026-05-22 17:54:28,738] Epoch 27 - Training loss: 0.170964   Test Accuracy: 0.9434
[2026-05-22 17:55:38,132] Epoch 28 - Training loss: 0.169476   Test Accuracy: 0.9449
[2026-05-22 17:56:47,515] Epoch 29 - Training loss: 0.170136   Test Accuracy: 0.9405
[2026-05-22 17:57:57,761] Epoch 30 - Training loss: 0.174408   Test Accuracy: 0.9438
aihwkit path:  /home/bong/analog_stress_test/aihwkit-fork/src/aihwkit/__init__.py
NeurIPS-2025/S2-mnist-FCN.py --CUDA 0 --SETTING TT-v1 --RPU Pow --tau 0.7 --res-gamma 0.5 --res-state 140
Using Device:  cuda:0
Logging to file: runs/MNIST-FCN/Pow-gamma=0.5-state=140/TT-v1-tau=0.7/events.out.tfevents.1779438188.user.205266.0

Training Time (s) = 2086.685786962509
