# CMD: CUDA_VISIBLE_DEVICES=3 PYTHONPATH=/home/bong/analog_stress_test/analog-training SEED=1 INP_RES=0.003937007874015748 OUT_RES=0.00196078431372549 INP_NOISE=0.06 OUT_NOISE=0.06 python NeurIPS-2025/S2-mnist-FCN.py --CUDA 0 --SETTING TT-v1 --RPU Pow --tau 0.7 --res-gamma 0.5 --res-state 140
[2026-05-22 15:51:54,254] Epoch 0 - Training loss: --------   Test Accuracy: 0.1011
[2026-05-22 15:52:48,366] Epoch 1 - Training loss: 2.302867   Test Accuracy: 0.0958
[2026-05-22 15:53:39,884] Epoch 2 - Training loss: 2.302871   Test Accuracy: 0.1135
[2026-05-22 15:54:29,876] Epoch 3 - Training loss: 2.302620   Test Accuracy: 0.1137
[2026-05-22 15:55:21,377] Epoch 4 - Training loss: 2.274925   Test Accuracy: 0.2990
[2026-05-22 15:56:13,874] Epoch 5 - Training loss: 1.273831   Test Accuracy: 0.7859
[2026-05-22 15:57:06,194] Epoch 6 - Training loss: 0.580169   Test Accuracy: 0.8376
[2026-05-22 15:58:01,197] Epoch 7 - Training loss: 0.502573   Test Accuracy: 0.8526
[2026-05-22 15:58:53,320] Epoch 8 - Training loss: 0.476081   Test Accuracy: 0.8592
[2026-05-22 15:59:50,784] Epoch 9 - Training loss: 0.464452   Test Accuracy: 0.8604
[2026-05-22 16:00:43,054] Epoch 10 - Training loss: 0.469240   Test Accuracy: 0.8581
[2026-05-22 16:01:35,572] Epoch 11 - Training loss: 0.445419   Test Accuracy: 0.8743
[2026-05-22 16:02:28,004] Epoch 12 - Training loss: 0.426333   Test Accuracy: 0.8749
[2026-05-22 16:03:21,206] Epoch 13 - Training loss: 0.412998   Test Accuracy: 0.8774
[2026-05-22 16:04:13,252] Epoch 14 - Training loss: 0.399550   Test Accuracy: 0.8830
[2026-05-22 16:05:06,998] Epoch 15 - Training loss: 0.394036   Test Accuracy: 0.8820
[2026-05-22 16:05:58,021] Epoch 16 - Training loss: 0.391245   Test Accuracy: 0.8834
[2026-05-22 16:06:41,227] Epoch 17 - Training loss: 0.393311   Test Accuracy: 0.8823
[2026-05-22 16:07:32,478] Epoch 18 - Training loss: 0.395290   Test Accuracy: 0.8842
[2026-05-22 16:08:25,472] Epoch 19 - Training loss: 0.393138   Test Accuracy: 0.8826
[2026-05-22 16:09:21,264] Epoch 20 - Training loss: 0.390461   Test Accuracy: 0.8799
[2026-05-22 16:10:14,356] Epoch 21 - Training loss: 0.394560   Test Accuracy: 0.8799
[2026-05-22 16:11:09,786] Epoch 22 - Training loss: 0.395646   Test Accuracy: 0.8826
[2026-05-22 16:12:09,380] Epoch 23 - Training loss: 0.395013   Test Accuracy: 0.8809
[2026-05-22 16:13:02,034] Epoch 24 - Training loss: 0.400401   Test Accuracy: 0.8851
[2026-05-22 16:13:55,470] Epoch 25 - Training loss: 0.405479   Test Accuracy: 0.8803
[2026-05-22 16:14:49,371] Epoch 26 - Training loss: 0.410244   Test Accuracy: 0.8750
[2026-05-22 16:15:43,432] Epoch 27 - Training loss: 0.415509   Test Accuracy: 0.8718
[2026-05-22 16:16:42,862] Epoch 28 - Training loss: 0.434075   Test Accuracy: 0.8747
[2026-05-22 16:17:37,747] Epoch 29 - Training loss: 0.441951   Test Accuracy: 0.8661
[2026-05-22 16:18:33,295] Epoch 30 - Training loss: 0.448818   Test Accuracy: 0.8633
aihwkit path:  /home/bong/analog_stress_test/aihwkit-fork/src/aihwkit/__init__.py
NeurIPS-2025/S2-mnist-FCN.py --CUDA 0 --SETTING TT-v1 --RPU Pow --tau 0.7 --res-gamma 0.5 --res-state 140
Using Device:  cuda:0
Logging to file: runs/MNIST-FCN/Pow-gamma=0.5-state=140/TT-v1-tau=0.7/events.out.tfevents.1779432709.user.194577.0

Training Time (s) = 1602.3110814094543
