# CMD: CUDA_VISIBLE_DEVICES=3 PYTHONPATH=/home/bong/analog_stress_test/analog-training SEED=1 INP_RES=0.016129032258064516 OUT_RES=0.003937007874015748 INP_NOISE=0.06 OUT_NOISE=0.06 python NeurIPS-2025/S2-mnist-FCN.py --CUDA 0 --SETTING TT-v1 --RPU Pow --tau 0.7 --res-gamma 0.5 --res-state 140
[2026-05-22 16:41:55,561] Epoch 0 - Training loss: --------   Test Accuracy: 0.1013
[2026-05-22 16:42:48,493] Epoch 1 - Training loss: 2.302998   Test Accuracy: 0.0985
[2026-05-22 16:43:51,650] Epoch 2 - Training loss: 2.303996   Test Accuracy: 0.1135
[2026-05-22 16:44:58,233] Epoch 3 - Training loss: 2.306327   Test Accuracy: 0.1077
[2026-05-22 16:46:05,325] Epoch 4 - Training loss: 2.305243   Test Accuracy: 0.1172
[2026-05-22 16:47:10,184] Epoch 5 - Training loss: 2.023842   Test Accuracy: 0.6025
[2026-05-22 16:48:16,287] Epoch 6 - Training loss: 0.759063   Test Accuracy: 0.8216
[2026-05-22 16:49:19,606] Epoch 7 - Training loss: 0.532221   Test Accuracy: 0.8521
[2026-05-22 16:50:25,794] Epoch 8 - Training loss: 0.486921   Test Accuracy: 0.8583
[2026-05-22 16:51:33,167] Epoch 9 - Training loss: 0.459936   Test Accuracy: 0.8719
[2026-05-22 16:52:36,163] Epoch 10 - Training loss: 0.442201   Test Accuracy: 0.8734
[2026-05-22 16:53:43,764] Epoch 11 - Training loss: 0.454497   Test Accuracy: 0.8685
[2026-05-22 16:54:52,282] Epoch 12 - Training loss: 0.438695   Test Accuracy: 0.8743
[2026-05-22 16:56:00,937] Epoch 13 - Training loss: 0.420211   Test Accuracy: 0.8774
[2026-05-22 16:57:09,729] Epoch 14 - Training loss: 0.404448   Test Accuracy: 0.8807
[2026-05-22 16:58:19,780] Epoch 15 - Training loss: 0.397540   Test Accuracy: 0.8837
[2026-05-22 16:59:28,820] Epoch 16 - Training loss: 0.388317   Test Accuracy: 0.8863
[2026-05-22 17:00:36,504] Epoch 17 - Training loss: 0.384925   Test Accuracy: 0.8857
[2026-05-22 17:01:46,194] Epoch 18 - Training loss: 0.383700   Test Accuracy: 0.8839
[2026-05-22 17:02:56,322] Epoch 19 - Training loss: 0.381576   Test Accuracy: 0.8831
[2026-05-22 17:04:05,951] Epoch 20 - Training loss: 0.385136   Test Accuracy: 0.8864
[2026-05-22 17:05:16,971] Epoch 21 - Training loss: 0.386208   Test Accuracy: 0.8870
[2026-05-22 17:06:28,132] Epoch 22 - Training loss: 0.387281   Test Accuracy: 0.8800
[2026-05-22 17:07:39,821] Epoch 23 - Training loss: 0.390185   Test Accuracy: 0.8822
[2026-05-22 17:08:52,430] Epoch 24 - Training loss: 0.398758   Test Accuracy: 0.8812
[2026-05-22 17:10:04,407] Epoch 25 - Training loss: 0.403994   Test Accuracy: 0.8791
[2026-05-22 17:11:17,425] Epoch 26 - Training loss: 0.404738   Test Accuracy: 0.8803
[2026-05-22 17:12:30,529] Epoch 27 - Training loss: 0.410608   Test Accuracy: 0.8715
[2026-05-22 17:13:44,158] Epoch 28 - Training loss: 0.413987   Test Accuracy: 0.8753
[2026-05-22 17:14:58,045] Epoch 29 - Training loss: 0.424270   Test Accuracy: 0.8746
[2026-05-22 17:16:12,438] Epoch 30 - Training loss: 0.419858   Test Accuracy: 0.8738
aihwkit path:  /home/bong/analog_stress_test/aihwkit-fork/src/aihwkit/__init__.py
NeurIPS-2025/S2-mnist-FCN.py --CUDA 0 --SETTING TT-v1 --RPU Pow --tau 0.7 --res-gamma 0.5 --res-state 140
Using Device:  cuda:0
Logging to file: runs/MNIST-FCN/Pow-gamma=0.5-state=140/TT-v1-tau=0.7/events.out.tfevents.1779435710.user.198973.0

Training Time (s) = 2060.1872704029083
