# CMD: CUDA_VISIBLE_DEVICES=3 PYTHONPATH=/home/bong/analog_stress_test/analog-training SEED=1 python NeurIPS-2025/S2-mnist-FCN.py --CUDA 0 --SETTING Analog SGD --RPU Pow --tau 0.7 --res-gamma 0.5 --res-state 14000
[2026-05-19 16:46:44,437] Epoch 0 - Training loss: --------   Test Accuracy: 0.1047
[2026-05-19 16:47:21,594] Epoch 1 - Training loss: 2.302941   Test Accuracy: 0.1010
[2026-05-19 16:47:59,077] Epoch 2 - Training loss: 2.010006   Test Accuracy: 0.8819
[2026-05-19 16:48:37,198] Epoch 3 - Training loss: 0.244305   Test Accuracy: 0.9541
[2026-05-19 16:49:16,775] Epoch 4 - Training loss: 0.133769   Test Accuracy: 0.9639
[2026-05-19 16:49:50,033] Epoch 5 - Training loss: 0.101712   Test Accuracy: 0.9609
[2026-05-19 16:50:28,702] Epoch 6 - Training loss: 0.083718   Test Accuracy: 0.9743
[2026-05-19 16:51:05,500] Epoch 7 - Training loss: 0.073662   Test Accuracy: 0.9719
[2026-05-19 16:51:41,254] Epoch 8 - Training loss: 0.064832   Test Accuracy: 0.9755
[2026-05-19 16:52:18,218] Epoch 9 - Training loss: 0.060556   Test Accuracy: 0.9732
[2026-05-19 16:52:57,243] Epoch 10 - Training loss: 0.056169   Test Accuracy: 0.9765
[2026-05-19 16:53:32,020] Epoch 11 - Training loss: 0.049245   Test Accuracy: 0.9762
[2026-05-19 16:54:09,349] Epoch 12 - Training loss: 0.048444   Test Accuracy: 0.9783
[2026-05-19 16:54:48,390] Epoch 13 - Training loss: 0.044697   Test Accuracy: 0.9733
[2026-05-19 16:55:28,580] Epoch 14 - Training loss: 0.043792   Test Accuracy: 0.9746
[2026-05-19 16:56:01,632] Epoch 15 - Training loss: 0.039243   Test Accuracy: 0.9784
[2026-05-19 16:56:39,250] Epoch 16 - Training loss: 0.027729   Test Accuracy: 0.9808
[2026-05-19 16:57:20,884] Epoch 17 - Training loss: 0.024418   Test Accuracy: 0.9793
[2026-05-19 16:58:00,424] Epoch 18 - Training loss: 0.021732   Test Accuracy: 0.9795
[2026-05-19 16:58:39,149] Epoch 19 - Training loss: 0.019328   Test Accuracy: 0.9770
[2026-05-19 16:59:17,695] Epoch 20 - Training loss: 0.018170   Test Accuracy: 0.9794
[2026-05-19 16:59:54,114] Epoch 21 - Training loss: 0.018958   Test Accuracy: 0.9793
[2026-05-19 17:00:33,146] Epoch 22 - Training loss: 0.017278   Test Accuracy: 0.9759
[2026-05-19 17:01:10,859] Epoch 23 - Training loss: 0.016001   Test Accuracy: 0.9666
[2026-05-19 17:01:48,027] Epoch 24 - Training loss: 0.014171   Test Accuracy: 0.9803
[2026-05-19 17:02:29,398] Epoch 25 - Training loss: 0.014908   Test Accuracy: 0.9796
[2026-05-19 17:03:07,058] Epoch 26 - Training loss: 0.013565   Test Accuracy: 0.9815
[2026-05-19 17:03:38,072] Epoch 27 - Training loss: 0.014248   Test Accuracy: 0.9793
[2026-05-19 17:04:07,742] Epoch 28 - Training loss: 0.014962   Test Accuracy: 0.9799
[2026-05-19 17:04:47,211] Epoch 29 - Training loss: 0.013983   Test Accuracy: 0.9763
[2026-05-19 17:05:25,771] Epoch 30 - Training loss: 0.012336   Test Accuracy: 0.9786
aihwkit path:  /home/bong/analog_stress_test/aihwkit-fork/src/aihwkit/__init__.py
NeurIPS-2025/S2-mnist-FCN.py --CUDA 0 --SETTING Analog SGD --RPU Pow --tau 0.7 --res-gamma 0.5 --res-state 14000
Using Device:  cuda:0
Logging to file: runs/MNIST-FCN/Pow-gamma=0.5-state=14000/Analog SGD-tau=0.7/events.out.tfevents.1779176799.user.2075592.0

Training Time (s) = 1123.8055937290192
