# CMD: CUDA_VISIBLE_DEVICES=3 PYTHONPATH=/home/bong/analog_stress_test/analog-training SEED=3 python NeurIPS-2025/S2-mnist-FCN.py --CUDA 0 --SETTING Analog SGD --RPU Pow --tau 0.7 --res-gamma 0.5 --res-state 14000
[2026-05-19 17:17:38,332] Epoch 0 - Training loss: --------   Test Accuracy: 0.0924
[2026-05-19 17:18:25,752] Epoch 1 - Training loss: 2.302913   Test Accuracy: 0.1135
[2026-05-19 17:19:13,480] Epoch 2 - Training loss: 2.302389   Test Accuracy: 0.1135
[2026-05-19 17:19:58,594] Epoch 3 - Training loss: 2.075804   Test Accuracy: 0.5176
[2026-05-19 17:20:51,684] Epoch 4 - Training loss: 1.311015   Test Accuracy: 0.5278
[2026-05-19 17:21:39,528] Epoch 5 - Training loss: 1.288754   Test Accuracy: 0.5612
[2026-05-19 17:22:29,291] Epoch 6 - Training loss: 1.280796   Test Accuracy: 0.5001
[2026-05-19 17:23:16,100] Epoch 7 - Training loss: 1.101298   Test Accuracy: 0.7369
[2026-05-19 17:24:04,831] Epoch 8 - Training loss: 0.598996   Test Accuracy: 0.8669
[2026-05-19 17:24:56,320] Epoch 9 - Training loss: 0.378595   Test Accuracy: 0.8346
[2026-05-19 17:25:43,535] Epoch 10 - Training loss: 0.266164   Test Accuracy: 0.9322
[2026-05-19 17:26:32,878] Epoch 11 - Training loss: 0.179618   Test Accuracy: 0.9522
[2026-05-19 17:27:23,807] Epoch 12 - Training loss: 0.146450   Test Accuracy: 0.9523
[2026-05-19 17:28:11,917] Epoch 13 - Training loss: 0.138496   Test Accuracy: 0.9562
[2026-05-19 17:29:02,606] Epoch 14 - Training loss: 0.118065   Test Accuracy: 0.9603
[2026-05-19 17:29:54,615] Epoch 15 - Training loss: 0.106055   Test Accuracy: 0.9661
[2026-05-19 17:30:45,608] Epoch 16 - Training loss: 0.074919   Test Accuracy: 0.9710
[2026-05-19 17:31:35,927] Epoch 17 - Training loss: 0.058204   Test Accuracy: 0.9759
[2026-05-19 17:32:26,430] Epoch 18 - Training loss: 0.053109   Test Accuracy: 0.9723
[2026-05-19 17:33:15,025] Epoch 19 - Training loss: 0.044887   Test Accuracy: 0.9595
[2026-05-19 17:34:01,503] Epoch 20 - Training loss: 0.042894   Test Accuracy: 0.9784
[2026-05-19 17:34:50,462] Epoch 21 - Training loss: 0.040398   Test Accuracy: 0.9803
[2026-05-19 17:35:34,948] Epoch 22 - Training loss: 0.035892   Test Accuracy: 0.9755
[2026-05-19 17:36:24,863] Epoch 23 - Training loss: 0.032875   Test Accuracy: 0.9766
[2026-05-19 17:37:16,172] Epoch 24 - Training loss: 0.034239   Test Accuracy: 0.9765
[2026-05-19 17:38:03,470] Epoch 25 - Training loss: 0.028502   Test Accuracy: 0.9796
[2026-05-19 17:38:52,707] Epoch 26 - Training loss: 0.029454   Test Accuracy: 0.9782
[2026-05-19 17:39:40,777] Epoch 27 - Training loss: 0.026310   Test Accuracy: 0.9790
[2026-05-19 17:40:30,973] Epoch 28 - Training loss: 0.025108   Test Accuracy: 0.9737
[2026-05-19 17:41:18,887] Epoch 29 - Training loss: 0.023796   Test Accuracy: 0.9764
[2026-05-19 17:41:58,980] Epoch 30 - Training loss: 0.021448   Test Accuracy: 0.9759
aihwkit path:  /home/bong/analog_stress_test/aihwkit-fork/src/aihwkit/__init__.py
NeurIPS-2025/S2-mnist-FCN.py --CUDA 0 --SETTING Analog SGD --RPU Pow --tau 0.7 --res-gamma 0.5 --res-state 14000
Using Device:  cuda:0
Logging to file: runs/MNIST-FCN/Pow-gamma=0.5-state=14000/Analog SGD-tau=0.7/events.out.tfevents.1779178653.user.2091172.0

Training Time (s) = 1463.9072692394257
