# CMD: CUDA_VISIBLE_DEVICES=3 PYTHONPATH=/home/bong/analog_stress_test/analog-training SEED=3 python NeurIPS-2025/S2-mnist-FCN.py --CUDA 0 --SETTING Analog SGD --RPU Pow --tau 0.7 --res-gamma 0.5 --res-state 1400
[2026-05-19 18:04:30,736] Epoch 0 - Training loss: --------   Test Accuracy: 0.0928
[2026-05-19 18:05:23,127] Epoch 1 - Training loss: 2.303082   Test Accuracy: 0.1135
[2026-05-19 18:06:06,040] Epoch 2 - Training loss: 2.302536   Test Accuracy: 0.1135
[2026-05-19 18:06:51,436] Epoch 3 - Training loss: 2.209316   Test Accuracy: 0.7318
[2026-05-19 18:07:36,920] Epoch 4 - Training loss: 0.301520   Test Accuracy: 0.9421
[2026-05-19 18:08:22,463] Epoch 5 - Training loss: 0.164890   Test Accuracy: 0.9515
[2026-05-19 18:09:06,130] Epoch 6 - Training loss: 0.132902   Test Accuracy: 0.9568
[2026-05-19 18:09:50,778] Epoch 7 - Training loss: 0.118834   Test Accuracy: 0.9522
[2026-05-19 18:10:37,166] Epoch 8 - Training loss: 0.106705   Test Accuracy: 0.9634
[2026-05-19 18:11:23,398] Epoch 9 - Training loss: 0.100539   Test Accuracy: 0.9678
[2026-05-19 18:12:12,079] Epoch 10 - Training loss: 0.098369   Test Accuracy: 0.9700
[2026-05-19 18:12:55,403] Epoch 11 - Training loss: 0.090580   Test Accuracy: 0.9658
[2026-05-19 18:13:44,209] Epoch 12 - Training loss: 0.089391   Test Accuracy: 0.9705
[2026-05-19 18:14:30,406] Epoch 13 - Training loss: 0.088075   Test Accuracy: 0.9666
[2026-05-19 18:15:18,490] Epoch 14 - Training loss: 0.081327   Test Accuracy: 0.9693
[2026-05-19 18:16:06,273] Epoch 15 - Training loss: 0.080979   Test Accuracy: 0.9750
[2026-05-19 18:16:50,935] Epoch 16 - Training loss: 0.043646   Test Accuracy: 0.9777
[2026-05-19 18:17:36,876] Epoch 17 - Training loss: 0.035797   Test Accuracy: 0.9796
[2026-05-19 18:18:19,625] Epoch 18 - Training loss: 0.032172   Test Accuracy: 0.9773
[2026-05-19 18:19:04,495] Epoch 19 - Training loss: 0.029500   Test Accuracy: 0.9695
[2026-05-19 18:19:49,846] Epoch 20 - Training loss: 0.029853   Test Accuracy: 0.9780
[2026-05-19 18:20:39,365] Epoch 21 - Training loss: 0.030313   Test Accuracy: 0.9774
[2026-05-19 18:21:20,705] Epoch 22 - Training loss: 0.031532   Test Accuracy: 0.9791
[2026-05-19 18:22:07,488] Epoch 23 - Training loss: 0.031593   Test Accuracy: 0.9744
[2026-05-19 18:22:55,740] Epoch 24 - Training loss: 0.034746   Test Accuracy: 0.9786
[2026-05-19 18:23:40,008] Epoch 25 - Training loss: 0.030400   Test Accuracy: 0.9665
[2026-05-19 18:24:27,868] Epoch 26 - Training loss: 0.031475   Test Accuracy: 0.9781
[2026-05-19 18:25:11,064] Epoch 27 - Training loss: 0.032546   Test Accuracy: 0.9782
[2026-05-19 18:25:54,081] Epoch 28 - Training loss: 0.031127   Test Accuracy: 0.9710
[2026-05-19 18:26:37,743] Epoch 29 - Training loss: 0.031906   Test Accuracy: 0.9702
[2026-05-19 18:27:23,234] Epoch 30 - Training loss: 0.032782   Test Accuracy: 0.9697
aihwkit path:  /home/bong/analog_stress_test/aihwkit-fork/src/aihwkit/__init__.py
NeurIPS-2025/S2-mnist-FCN.py --CUDA 0 --SETTING Analog SGD --RPU Pow --tau 0.7 --res-gamma 0.5 --res-state 1400
Using Device:  cuda:0
Logging to file: runs/MNIST-FCN/Pow-gamma=0.5-state=1400/Analog SGD-tau=0.7/events.out.tfevents.1779181465.user.2116994.0

Training Time (s) = 1375.6830270290375
