# CMD: CUDA_VISIBLE_DEVICES=3 PYTHONPATH=/home/bong/analog_stress_test/analog-training SEED=2 python NeurIPS-2025/S2-mnist-FCN.py --CUDA 0 --SETTING Analog SGD --RPU Pow --tau 0.7 --res-gamma 0.5 --res-state 28
[2026-05-19 19:40:50,917] Epoch 0 - Training loss: --------   Test Accuracy: 0.1010
[2026-05-19 19:41:40,952] Epoch 1 - Training loss: 1.619221   Test Accuracy: 0.8273
[2026-05-19 19:42:24,697] Epoch 2 - Training loss: 0.452977   Test Accuracy: 0.8869
[2026-05-19 19:43:10,443] Epoch 3 - Training loss: 0.384122   Test Accuracy: 0.8977
[2026-05-19 19:44:01,118] Epoch 4 - Training loss: 0.353932   Test Accuracy: 0.8877
[2026-05-19 19:44:48,731] Epoch 5 - Training loss: 0.335702   Test Accuracy: 0.8934
[2026-05-19 19:45:38,934] Epoch 6 - Training loss: 0.311567   Test Accuracy: 0.9038
[2026-05-19 19:46:28,321] Epoch 7 - Training loss: 0.296904   Test Accuracy: 0.9191
[2026-05-19 19:47:13,606] Epoch 8 - Training loss: 0.305342   Test Accuracy: 0.9105
[2026-05-19 19:48:03,951] Epoch 9 - Training loss: 0.287801   Test Accuracy: 0.9050
[2026-05-19 19:48:51,743] Epoch 10 - Training loss: 0.289909   Test Accuracy: 0.9154
[2026-05-19 19:49:39,111] Epoch 11 - Training loss: 0.278472   Test Accuracy: 0.9303
[2026-05-19 19:50:32,103] Epoch 12 - Training loss: 0.273378   Test Accuracy: 0.9225
[2026-05-19 19:51:24,164] Epoch 13 - Training loss: 0.273187   Test Accuracy: 0.9142
[2026-05-19 19:52:17,177] Epoch 14 - Training loss: 0.280763   Test Accuracy: 0.9273
[2026-05-19 19:53:10,206] Epoch 15 - Training loss: 0.280112   Test Accuracy: 0.9142
[2026-05-19 19:54:01,179] Epoch 16 - Training loss: 0.232749   Test Accuracy: 0.9390
[2026-05-19 19:54:49,062] Epoch 17 - Training loss: 0.233684   Test Accuracy: 0.9295
[2026-05-19 19:55:38,362] Epoch 18 - Training loss: 0.239461   Test Accuracy: 0.9373
[2026-05-19 19:56:27,591] Epoch 19 - Training loss: 0.263425   Test Accuracy: 0.9016
[2026-05-19 19:57:15,608] Epoch 20 - Training loss: 0.248106   Test Accuracy: 0.9200
[2026-05-19 19:58:09,377] Epoch 21 - Training loss: 0.263581   Test Accuracy: 0.9199
[2026-05-19 19:59:04,012] Epoch 22 - Training loss: 0.263497   Test Accuracy: 0.9165
[2026-05-19 19:59:47,817] Epoch 23 - Training loss: 0.253162   Test Accuracy: 0.9221
[2026-05-19 20:00:26,620] Epoch 24 - Training loss: 0.254343   Test Accuracy: 0.9255
[2026-05-19 20:01:06,773] Epoch 25 - Training loss: 0.255927   Test Accuracy: 0.8990
[2026-05-19 20:01:53,956] Epoch 26 - Training loss: 0.258330   Test Accuracy: 0.9186
[2026-05-19 20:02:44,548] Epoch 27 - Training loss: 0.253894   Test Accuracy: 0.9294
[2026-05-19 20:03:33,774] Epoch 28 - Training loss: 0.264886   Test Accuracy: 0.9154
[2026-05-19 20:04:22,378] Epoch 29 - Training loss: 0.264695   Test Accuracy: 0.9185
[2026-05-19 20:05:09,503] Epoch 30 - Training loss: 0.257348   Test Accuracy: 0.9304
aihwkit path:  /home/bong/analog_stress_test/aihwkit-fork/src/aihwkit/__init__.py
NeurIPS-2025/S2-mnist-FCN.py --CUDA 0 --SETTING Analog SGD --RPU Pow --tau 0.7 --res-gamma 0.5 --res-state 28
Using Device:  cuda:0
Logging to file: runs/MNIST-FCN/Pow-gamma=0.5-state=28/Analog SGD-tau=0.7/events.out.tfevents.1779187245.user.2170368.0

Training Time (s) = 1461.804273366928
