# CMD: CUDA_VISIBLE_DEVICES=3 PYTHONPATH=/home/bong/analog_stress_test/analog-training SEED=2 python NeurIPS-2025/S2-mnist-FCN.py --CUDA 0 --SETTING Analog SGD --RPU Pow --tau 0.7 --res-gamma 0.5 --res-state 280
[2026-05-19 18:27:32,342] Epoch 0 - Training loss: --------   Test Accuracy: 0.1009
[2026-05-19 18:28:16,073] Epoch 1 - Training loss: 2.303442   Test Accuracy: 0.1135
[2026-05-19 18:29:01,508] Epoch 2 - Training loss: 1.686379   Test Accuracy: 0.8942
[2026-05-19 18:29:45,802] Epoch 3 - Training loss: 0.242231   Test Accuracy: 0.9496
[2026-05-19 18:30:32,624] Epoch 4 - Training loss: 0.175744   Test Accuracy: 0.9510
[2026-05-19 18:31:15,235] Epoch 5 - Training loss: 0.154310   Test Accuracy: 0.9501
[2026-05-19 18:32:01,134] Epoch 6 - Training loss: 0.140637   Test Accuracy: 0.9601
[2026-05-19 18:32:45,140] Epoch 7 - Training loss: 0.129694   Test Accuracy: 0.9540
[2026-05-19 18:33:29,473] Epoch 8 - Training loss: 0.129860   Test Accuracy: 0.9628
[2026-05-19 18:34:17,680] Epoch 9 - Training loss: 0.120039   Test Accuracy: 0.9643
[2026-05-19 18:35:03,002] Epoch 10 - Training loss: 0.113351   Test Accuracy: 0.9586
[2026-05-19 18:35:45,008] Epoch 11 - Training loss: 0.112338   Test Accuracy: 0.9640
[2026-05-19 18:36:29,094] Epoch 12 - Training loss: 0.107013   Test Accuracy: 0.9593
[2026-05-19 18:37:14,457] Epoch 13 - Training loss: 0.108898   Test Accuracy: 0.9535
[2026-05-19 18:38:01,525] Epoch 14 - Training loss: 0.104181   Test Accuracy: 0.9621
[2026-05-19 18:38:46,137] Epoch 15 - Training loss: 0.099259   Test Accuracy: 0.9639
[2026-05-19 18:39:29,640] Epoch 16 - Training loss: 0.065796   Test Accuracy: 0.9766
[2026-05-19 18:40:16,978] Epoch 17 - Training loss: 0.059850   Test Accuracy: 0.9706
[2026-05-19 18:41:07,837] Epoch 18 - Training loss: 0.060833   Test Accuracy: 0.9721
[2026-05-19 18:41:53,078] Epoch 19 - Training loss: 0.061234   Test Accuracy: 0.9684
[2026-05-19 18:42:42,163] Epoch 20 - Training loss: 0.062785   Test Accuracy: 0.9707
[2026-05-19 18:43:27,389] Epoch 21 - Training loss: 0.064126   Test Accuracy: 0.9708
[2026-05-19 18:44:15,468] Epoch 22 - Training loss: 0.065692   Test Accuracy: 0.9731
[2026-05-19 18:45:04,153] Epoch 23 - Training loss: 0.062102   Test Accuracy: 0.9722
[2026-05-19 18:45:49,147] Epoch 24 - Training loss: 0.063004   Test Accuracy: 0.9736
[2026-05-19 18:46:36,966] Epoch 25 - Training loss: 0.062640   Test Accuracy: 0.9721
[2026-05-19 18:47:24,584] Epoch 26 - Training loss: 0.063557   Test Accuracy: 0.9709
[2026-05-19 18:48:11,143] Epoch 27 - Training loss: 0.065001   Test Accuracy: 0.9731
[2026-05-19 18:49:00,355] Epoch 28 - Training loss: 0.061688   Test Accuracy: 0.9690
[2026-05-19 18:49:44,675] Epoch 29 - Training loss: 0.062639   Test Accuracy: 0.9757
[2026-05-19 18:50:32,892] Epoch 30 - Training loss: 0.061229   Test Accuracy: 0.9751
aihwkit path:  /home/bong/analog_stress_test/aihwkit-fork/src/aihwkit/__init__.py
NeurIPS-2025/S2-mnist-FCN.py --CUDA 0 --SETTING Analog SGD --RPU Pow --tau 0.7 --res-gamma 0.5 --res-state 280
Using Device:  cuda:0
Logging to file: runs/MNIST-FCN/Pow-gamma=0.5-state=280/Analog SGD-tau=0.7/events.out.tfevents.1779182847.user.2127051.0

Training Time (s) = 1383.785164117813
