# CMD: CUDA_VISIBLE_DEVICES=3 PYTHONPATH=/home/bong/analog_stress_test/analog-training SEED=1 python NeurIPS-2025/S2-mnist-FCN.py --CUDA 0 --SETTING Analog SGD --RPU Pow --tau 0.7 --res-gamma 0.5 --res-state 14
[2026-05-19 20:05:18,023] Epoch 0 - Training loss: --------   Test Accuracy: 0.1002
[2026-05-19 20:06:05,984] Epoch 1 - Training loss: 2.083727   Test Accuracy: 0.6678
[2026-05-19 20:06:51,358] Epoch 2 - Training loss: 0.708811   Test Accuracy: 0.8197
[2026-05-19 20:07:43,625] Epoch 3 - Training loss: 0.553595   Test Accuracy: 0.8627
[2026-05-19 20:08:33,638] Epoch 4 - Training loss: 0.500568   Test Accuracy: 0.8445
[2026-05-19 20:09:23,858] Epoch 5 - Training loss: 0.477137   Test Accuracy: 0.7229
[2026-05-19 20:10:12,282] Epoch 6 - Training loss: 0.467362   Test Accuracy: 0.8812
[2026-05-19 20:10:57,747] Epoch 7 - Training loss: 0.431877   Test Accuracy: 0.8653
[2026-05-19 20:11:47,102] Epoch 8 - Training loss: 0.464879   Test Accuracy: 0.8769
[2026-05-19 20:12:33,168] Epoch 9 - Training loss: 0.428929   Test Accuracy: 0.8966
[2026-05-19 20:13:24,160] Epoch 10 - Training loss: 0.426463   Test Accuracy: 0.8906
[2026-05-19 20:14:14,652] Epoch 11 - Training loss: 0.418358   Test Accuracy: 0.8732
[2026-05-19 20:15:00,839] Epoch 12 - Training loss: 0.417222   Test Accuracy: 0.8293
[2026-05-19 20:15:46,618] Epoch 13 - Training loss: 0.435686   Test Accuracy: 0.8746
[2026-05-19 20:16:31,971] Epoch 14 - Training loss: 0.427027   Test Accuracy: 0.8640
[2026-05-19 20:17:23,164] Epoch 15 - Training loss: 0.404870   Test Accuracy: 0.8928
[2026-05-19 20:18:10,759] Epoch 16 - Training loss: 0.379795   Test Accuracy: 0.9032
[2026-05-19 20:18:56,694] Epoch 17 - Training loss: 0.398508   Test Accuracy: 0.8823
[2026-05-19 20:19:39,803] Epoch 18 - Training loss: 0.390104   Test Accuracy: 0.8747
[2026-05-19 20:20:21,834] Epoch 19 - Training loss: 0.378081   Test Accuracy: 0.8762
[2026-05-19 20:20:59,456] Epoch 20 - Training loss: 0.378504   Test Accuracy: 0.8965
[2026-05-19 20:21:42,712] Epoch 21 - Training loss: 0.394976   Test Accuracy: 0.8961
[2026-05-19 20:22:24,798] Epoch 22 - Training loss: 0.370661   Test Accuracy: 0.9010
[2026-05-19 20:23:14,931] Epoch 23 - Training loss: 0.379772   Test Accuracy: 0.8813
[2026-05-19 20:24:02,887] Epoch 24 - Training loss: 0.401923   Test Accuracy: 0.8884
[2026-05-19 20:24:50,050] Epoch 25 - Training loss: 0.383074   Test Accuracy: 0.8984
[2026-05-19 20:25:39,059] Epoch 26 - Training loss: 0.397106   Test Accuracy: 0.9033
[2026-05-19 20:26:27,144] Epoch 27 - Training loss: 0.383459   Test Accuracy: 0.8885
[2026-05-19 20:27:11,831] Epoch 28 - Training loss: 0.375728   Test Accuracy: 0.8739
[2026-05-19 20:27:58,523] Epoch 29 - Training loss: 0.391588   Test Accuracy: 0.8895
[2026-05-19 20:28:44,379] Epoch 30 - Training loss: 0.393485   Test Accuracy: 0.8620
aihwkit path:  /home/bong/analog_stress_test/aihwkit-fork/src/aihwkit/__init__.py
NeurIPS-2025/S2-mnist-FCN.py --CUDA 0 --SETTING Analog SGD --RPU Pow --tau 0.7 --res-gamma 0.5 --res-state 14
Using Device:  cuda:0
Logging to file: runs/MNIST-FCN/Pow-gamma=0.5-state=14/Analog SGD-tau=0.7/events.out.tfevents.1779188713.user.2182603.0

Training Time (s) = 1409.3179795742035
