# CMD: CUDA_VISIBLE_DEVICES=3 PYTHONPATH=/home/bong/analog_stress_test/analog-training SEED=1 python NeurIPS-2025/S2-mnist-FCN.py --CUDA 0 --SETTING Analog SGD --RPU Pow --tau 0.7 --res-gamma 0.5 --res-state 140
[2026-05-19 18:50:42,175] Epoch 0 - Training loss: --------   Test Accuracy: 0.1035
[2026-05-19 18:51:37,036] Epoch 1 - Training loss: 2.303755   Test Accuracy: 0.1547
[2026-05-19 18:52:28,308] Epoch 2 - Training loss: 1.263282   Test Accuracy: 0.9263
[2026-05-19 18:53:18,142] Epoch 3 - Training loss: 0.247705   Test Accuracy: 0.9419
[2026-05-19 18:54:06,089] Epoch 4 - Training loss: 0.199410   Test Accuracy: 0.9391
[2026-05-19 18:54:56,465] Epoch 5 - Training loss: 0.176255   Test Accuracy: 0.9064
[2026-05-19 18:55:45,762] Epoch 6 - Training loss: 0.162428   Test Accuracy: 0.9497
[2026-05-19 18:56:37,627] Epoch 7 - Training loss: 0.152665   Test Accuracy: 0.9567
[2026-05-19 18:57:26,874] Epoch 8 - Training loss: 0.145930   Test Accuracy: 0.9542
[2026-05-19 18:58:11,245] Epoch 9 - Training loss: 0.143822   Test Accuracy: 0.9611
[2026-05-19 18:59:03,779] Epoch 10 - Training loss: 0.137496   Test Accuracy: 0.9563
[2026-05-19 18:59:53,161] Epoch 11 - Training loss: 0.137756   Test Accuracy: 0.9577
[2026-05-19 19:00:45,153] Epoch 12 - Training loss: 0.135841   Test Accuracy: 0.9571
[2026-05-19 19:01:39,560] Epoch 13 - Training loss: 0.134670   Test Accuracy: 0.9547
[2026-05-19 19:02:31,464] Epoch 14 - Training loss: 0.130750   Test Accuracy: 0.9607
[2026-05-19 19:03:23,308] Epoch 15 - Training loss: 0.129801   Test Accuracy: 0.9609
[2026-05-19 19:04:19,305] Epoch 16 - Training loss: 0.090059   Test Accuracy: 0.9696
[2026-05-19 19:05:11,706] Epoch 17 - Training loss: 0.091131   Test Accuracy: 0.9719
[2026-05-19 19:05:59,923] Epoch 18 - Training loss: 0.088107   Test Accuracy: 0.9642
[2026-05-19 19:06:48,491] Epoch 19 - Training loss: 0.094796   Test Accuracy: 0.9609
[2026-05-19 19:07:33,014] Epoch 20 - Training loss: 0.095790   Test Accuracy: 0.9668
[2026-05-19 19:08:24,119] Epoch 21 - Training loss: 0.095053   Test Accuracy: 0.9610
[2026-05-19 19:09:15,818] Epoch 22 - Training loss: 0.095382   Test Accuracy: 0.9618
[2026-05-19 19:10:02,579] Epoch 23 - Training loss: 0.093196   Test Accuracy: 0.9421
[2026-05-19 19:10:46,919] Epoch 24 - Training loss: 0.098197   Test Accuracy: 0.9591
[2026-05-19 19:11:34,498] Epoch 25 - Training loss: 0.096773   Test Accuracy: 0.9664
[2026-05-19 19:12:22,640] Epoch 26 - Training loss: 0.095833   Test Accuracy: 0.9668
[2026-05-19 19:13:11,212] Epoch 27 - Training loss: 0.091097   Test Accuracy: 0.9619
[2026-05-19 19:13:55,728] Epoch 28 - Training loss: 0.095233   Test Accuracy: 0.9552
[2026-05-19 19:14:39,959] Epoch 29 - Training loss: 0.095716   Test Accuracy: 0.9663
[2026-05-19 19:15:26,912] Epoch 30 - Training loss: 0.096103   Test Accuracy: 0.9659
aihwkit path:  /home/bong/analog_stress_test/aihwkit-fork/src/aihwkit/__init__.py
NeurIPS-2025/S2-mnist-FCN.py --CUDA 0 --SETTING Analog SGD --RPU Pow --tau 0.7 --res-gamma 0.5 --res-state 140
Using Device:  cuda:0
Logging to file: runs/MNIST-FCN/Pow-gamma=0.5-state=140/Analog SGD-tau=0.7/events.out.tfevents.1779184236.user.2137678.0

Training Time (s) = 1488.013542175293
