# CMD: CUDA_VISIBLE_DEVICES=3 PYTHONPATH=/home/bong/analog_stress_test/analog-training SEED=3 python NeurIPS-2025/S2-mnist-FCN.py --CUDA 0 --SETTING Analog SGD --RPU Pow --tau 0.7 --res-gamma 0.5 --res-state 28
[2026-05-19 19:44:11,416] Epoch 0 - Training loss: --------   Test Accuracy: 0.0916
[2026-05-19 19:45:03,186] Epoch 1 - Training loss: 1.635706   Test Accuracy: 0.8432
[2026-05-19 19:45:48,973] Epoch 2 - Training loss: 0.482685   Test Accuracy: 0.9023
[2026-05-19 19:46:36,513] Epoch 3 - Training loss: 0.391035   Test Accuracy: 0.8909
[2026-05-19 19:47:21,936] Epoch 4 - Training loss: 0.345459   Test Accuracy: 0.8979
[2026-05-19 19:48:09,656] Epoch 5 - Training loss: 0.334567   Test Accuracy: 0.9083
[2026-05-19 19:48:58,249] Epoch 6 - Training loss: 0.315416   Test Accuracy: 0.9070
[2026-05-19 19:49:46,330] Epoch 7 - Training loss: 0.308259   Test Accuracy: 0.9175
[2026-05-19 19:50:29,947] Epoch 8 - Training loss: 0.290873   Test Accuracy: 0.8776
[2026-05-19 19:51:15,217] Epoch 9 - Training loss: 0.284364   Test Accuracy: 0.9105
[2026-05-19 19:52:07,148] Epoch 10 - Training loss: 0.288949   Test Accuracy: 0.8989
[2026-05-19 19:52:51,346] Epoch 11 - Training loss: 0.293515   Test Accuracy: 0.8901
[2026-05-19 19:53:36,584] Epoch 12 - Training loss: 0.283387   Test Accuracy: 0.9301
[2026-05-19 19:54:23,956] Epoch 13 - Training loss: 0.282588   Test Accuracy: 0.9203
[2026-05-19 19:55:11,464] Epoch 14 - Training loss: 0.281869   Test Accuracy: 0.9167
[2026-05-19 19:55:59,896] Epoch 15 - Training loss: 0.276953   Test Accuracy: 0.9279
[2026-05-19 19:56:43,377] Epoch 16 - Training loss: 0.243518   Test Accuracy: 0.9208
[2026-05-19 19:57:30,721] Epoch 17 - Training loss: 0.243605   Test Accuracy: 0.9250
[2026-05-19 19:58:17,531] Epoch 18 - Training loss: 0.246516   Test Accuracy: 0.9007
[2026-05-19 19:59:01,270] Epoch 19 - Training loss: 0.252443   Test Accuracy: 0.9237
[2026-05-19 19:59:49,717] Epoch 20 - Training loss: 0.254283   Test Accuracy: 0.9108
[2026-05-19 20:00:36,850] Epoch 21 - Training loss: 0.251179   Test Accuracy: 0.9302
[2026-05-19 20:01:21,859] Epoch 22 - Training loss: 0.257750   Test Accuracy: 0.9127
[2026-05-19 20:02:13,086] Epoch 23 - Training loss: 0.258690   Test Accuracy: 0.9293
[2026-05-19 20:03:00,760] Epoch 24 - Training loss: 0.245078   Test Accuracy: 0.9236
[2026-05-19 20:03:48,439] Epoch 25 - Training loss: 0.239978   Test Accuracy: 0.9034
[2026-05-19 20:04:36,317] Epoch 26 - Training loss: 0.253160   Test Accuracy: 0.9292
[2026-05-19 20:05:18,683] Epoch 27 - Training loss: 0.252310   Test Accuracy: 0.9189
[2026-05-19 20:06:05,533] Epoch 28 - Training loss: 0.258106   Test Accuracy: 0.9218
[2026-05-19 20:06:54,681] Epoch 29 - Training loss: 0.252326   Test Accuracy: 0.9268
[2026-05-19 20:07:40,171] Epoch 30 - Training loss: 0.250868   Test Accuracy: 0.9235
aihwkit path:  /home/bong/analog_stress_test/aihwkit-fork/src/aihwkit/__init__.py
NeurIPS-2025/S2-mnist-FCN.py --CUDA 0 --SETTING Analog SGD --RPU Pow --tau 0.7 --res-gamma 0.5 --res-state 28
Using Device:  cuda:0
Logging to file: runs/MNIST-FCN/Pow-gamma=0.5-state=28/Analog SGD-tau=0.7/events.out.tfevents.1779187445.user.2172843.0

Training Time (s) = 1411.9756803512573
