# CMD: CUDA_VISIBLE_DEVICES=3 PYTHONPATH=/home/bong/analog_stress_test/analog-training SEED=3 python NeurIPS-2025/S2-mnist-FCN.py --CUDA 0 --SETTING Analog SGD --RPU Pow --tau 0.7 --res-gamma 0.5 --res-state 14
[2026-05-19 20:28:53,650] Epoch 0 - Training loss: --------   Test Accuracy: 0.0924
[2026-05-19 20:29:39,609] Epoch 1 - Training loss: 1.671961   Test Accuracy: 0.7990
[2026-05-19 20:30:29,081] Epoch 2 - Training loss: 0.662706   Test Accuracy: 0.7839
[2026-05-19 20:31:16,233] Epoch 3 - Training loss: 0.566127   Test Accuracy: 0.8274
[2026-05-19 20:32:01,762] Epoch 4 - Training loss: 0.499694   Test Accuracy: 0.8670
[2026-05-19 20:32:51,709] Epoch 5 - Training loss: 0.479563   Test Accuracy: 0.7867
[2026-05-19 20:33:40,429] Epoch 6 - Training loss: 0.453419   Test Accuracy: 0.8347
[2026-05-19 20:34:30,339] Epoch 7 - Training loss: 0.433807   Test Accuracy: 0.8892
[2026-05-19 20:35:23,268] Epoch 8 - Training loss: 0.433296   Test Accuracy: 0.8396
[2026-05-19 20:36:13,211] Epoch 9 - Training loss: 0.442626   Test Accuracy: 0.8028
[2026-05-19 20:37:01,524] Epoch 10 - Training loss: 0.421735   Test Accuracy: 0.8790
[2026-05-19 20:37:47,193] Epoch 11 - Training loss: 0.425241   Test Accuracy: 0.8583
[2026-05-19 20:38:39,060] Epoch 12 - Training loss: 0.433097   Test Accuracy: 0.8796
[2026-05-19 20:39:28,585] Epoch 13 - Training loss: 0.433021   Test Accuracy: 0.8960
[2026-05-19 20:40:16,525] Epoch 14 - Training loss: 0.396375   Test Accuracy: 0.8933
[2026-05-19 20:41:05,850] Epoch 15 - Training loss: 0.394605   Test Accuracy: 0.9021
[2026-05-19 20:41:47,818] Epoch 16 - Training loss: 0.353980   Test Accuracy: 0.8688
[2026-05-19 20:42:37,382] Epoch 17 - Training loss: 0.359546   Test Accuracy: 0.8762
[2026-05-19 20:43:23,828] Epoch 18 - Training loss: 0.383714   Test Accuracy: 0.8847
[2026-05-19 20:44:16,206] Epoch 19 - Training loss: 0.368937   Test Accuracy: 0.8757
[2026-05-19 20:45:10,691] Epoch 20 - Training loss: 0.380525   Test Accuracy: 0.8985
[2026-05-19 20:46:02,280] Epoch 21 - Training loss: 0.380211   Test Accuracy: 0.8713
[2026-05-19 20:46:53,586] Epoch 22 - Training loss: 0.386724   Test Accuracy: 0.8996
[2026-05-19 20:47:47,241] Epoch 23 - Training loss: 0.389510   Test Accuracy: 0.8973
[2026-05-19 20:48:38,109] Epoch 24 - Training loss: 0.390521   Test Accuracy: 0.8936
[2026-05-19 20:49:25,708] Epoch 25 - Training loss: 0.387370   Test Accuracy: 0.8785
[2026-05-19 20:50:08,723] Epoch 26 - Training loss: 0.403783   Test Accuracy: 0.8905
[2026-05-19 20:51:00,620] Epoch 27 - Training loss: 0.402820   Test Accuracy: 0.8386
[2026-05-19 20:51:52,957] Epoch 28 - Training loss: 0.396646   Test Accuracy: 0.8949
[2026-05-19 20:52:42,339] Epoch 29 - Training loss: 0.414738   Test Accuracy: 0.8939
[2026-05-19 20:53:32,274] Epoch 30 - Training loss: 0.396351   Test Accuracy: 0.8680
aihwkit path:  /home/bong/analog_stress_test/aihwkit-fork/src/aihwkit/__init__.py
NeurIPS-2025/S2-mnist-FCN.py --CUDA 0 --SETTING Analog SGD --RPU Pow --tau 0.7 --res-gamma 0.5 --res-state 14
Using Device:  cuda:0
Logging to file: runs/MNIST-FCN/Pow-gamma=0.5-state=14/Analog SGD-tau=0.7/events.out.tfevents.1779190128.user.2193762.0

Training Time (s) = 1481.8241810798645
