# CMD: CUDA_VISIBLE_DEVICES=3 PYTHONPATH=/home/bong/analog_stress_test/analog-training SEED=3 python NeurIPS-2025/S2-mnist-FCN.py --CUDA 0 --SETTING Analog SGD --RPU Pow --tau 0.7 --res-gamma 0.5 --res-state 280
[2026-05-19 18:30:56,906] Epoch 0 - Training loss: --------   Test Accuracy: 0.0929
[2026-05-19 18:31:43,078] Epoch 1 - Training loss: 2.303385   Test Accuracy: 0.1135
[2026-05-19 18:32:34,056] Epoch 2 - Training loss: 1.870899   Test Accuracy: 0.8978
[2026-05-19 18:33:22,806] Epoch 3 - Training loss: 0.260930   Test Accuracy: 0.9369
[2026-05-19 18:34:15,068] Epoch 4 - Training loss: 0.176450   Test Accuracy: 0.9493
[2026-05-19 18:35:04,173] Epoch 5 - Training loss: 0.156755   Test Accuracy: 0.9469
[2026-05-19 18:35:57,892] Epoch 6 - Training loss: 0.144097   Test Accuracy: 0.9463
[2026-05-19 18:36:48,730] Epoch 7 - Training loss: 0.130232   Test Accuracy: 0.9581
[2026-05-19 18:37:40,461] Epoch 8 - Training loss: 0.125040   Test Accuracy: 0.9414
[2026-05-19 18:38:33,503] Epoch 9 - Training loss: 0.117459   Test Accuracy: 0.9631
[2026-05-19 18:39:24,762] Epoch 10 - Training loss: 0.113898   Test Accuracy: 0.9637
[2026-05-19 18:40:18,392] Epoch 11 - Training loss: 0.108153   Test Accuracy: 0.9648
[2026-05-19 18:41:10,048] Epoch 12 - Training loss: 0.108783   Test Accuracy: 0.9635
[2026-05-19 18:41:56,552] Epoch 13 - Training loss: 0.109165   Test Accuracy: 0.9649
[2026-05-19 18:42:35,595] Epoch 14 - Training loss: 0.103734   Test Accuracy: 0.9629
[2026-05-19 18:43:20,749] Epoch 15 - Training loss: 0.099537   Test Accuracy: 0.9638
[2026-05-19 18:44:06,561] Epoch 16 - Training loss: 0.065875   Test Accuracy: 0.9712
[2026-05-19 18:45:00,947] Epoch 17 - Training loss: 0.064400   Test Accuracy: 0.9730
[2026-05-19 18:45:50,792] Epoch 18 - Training loss: 0.063478   Test Accuracy: 0.9739
[2026-05-19 18:46:45,325] Epoch 19 - Training loss: 0.061323   Test Accuracy: 0.9500
[2026-05-19 18:47:38,287] Epoch 20 - Training loss: 0.061620   Test Accuracy: 0.9686
[2026-05-19 18:48:23,645] Epoch 21 - Training loss: 0.066258   Test Accuracy: 0.9707
[2026-05-19 18:49:11,141] Epoch 22 - Training loss: 0.064904   Test Accuracy: 0.9721
[2026-05-19 18:50:01,710] Epoch 23 - Training loss: 0.068499   Test Accuracy: 0.9709
[2026-05-19 18:50:47,052] Epoch 24 - Training loss: 0.068356   Test Accuracy: 0.9723
[2026-05-19 18:51:30,331] Epoch 25 - Training loss: 0.065664   Test Accuracy: 0.9739
[2026-05-19 18:52:18,778] Epoch 26 - Training loss: 0.064694   Test Accuracy: 0.9695
[2026-05-19 18:53:05,227] Epoch 27 - Training loss: 0.063968   Test Accuracy: 0.9669
[2026-05-19 18:53:55,171] Epoch 28 - Training loss: 0.064559   Test Accuracy: 0.9632
[2026-05-19 18:54:47,783] Epoch 29 - Training loss: 0.066907   Test Accuracy: 0.9741
[2026-05-19 18:55:40,088] Epoch 30 - Training loss: 0.067846   Test Accuracy: 0.9702
aihwkit path:  /home/bong/analog_stress_test/aihwkit-fork/src/aihwkit/__init__.py
NeurIPS-2025/S2-mnist-FCN.py --CUDA 0 --SETTING Analog SGD --RPU Pow --tau 0.7 --res-gamma 0.5 --res-state 280
Using Device:  cuda:0
Logging to file: runs/MNIST-FCN/Pow-gamma=0.5-state=280/Analog SGD-tau=0.7/events.out.tfevents.1779183051.user.2128676.0

Training Time (s) = 1486.7714931964874
