# CMD: CUDA_VISIBLE_DEVICES=2 PYTHONPATH=/home/bong/analog_stress_test/analog-training SEED=1 INP_RES=0.016129032258064516 OUT_RES=0.003937007874015748 INP_NOISE=0.06 OUT_NOISE=0.06 python NeurIPS-2025/S2-mnist-CNN.py --CUDA 0 --SETTING TT-v2 --RPU Pow --tau 0.7 --res-gamma 0.5 --res-state 140
[2026-05-23 06:58:53,371] Epoch 0 - Training loss: --------   Test Accuracy: 0.1301
[2026-05-23 07:00:25,817] Epoch 1 - Training loss: 1.153240   Test Accuracy: 0.8841
[2026-05-23 07:01:58,209] Epoch 2 - Training loss: 0.289452   Test Accuracy: 0.9340
[2026-05-23 07:03:34,698] Epoch 3 - Training loss: 0.201002   Test Accuracy: 0.9466
[2026-05-23 07:05:06,797] Epoch 4 - Training loss: 0.157699   Test Accuracy: 0.9607
[2026-05-23 07:06:40,655] Epoch 5 - Training loss: 0.127451   Test Accuracy: 0.9611
[2026-05-23 07:08:14,086] Epoch 6 - Training loss: 0.117707   Test Accuracy: 0.9632
[2026-05-23 07:09:48,766] Epoch 7 - Training loss: 0.109117   Test Accuracy: 0.9663
[2026-05-23 07:11:22,371] Epoch 8 - Training loss: 0.099269   Test Accuracy: 0.9689
[2026-05-23 07:12:57,202] Epoch 9 - Training loss: 0.092130   Test Accuracy: 0.9696
[2026-05-23 07:14:27,244] Epoch 10 - Training loss: 0.087443   Test Accuracy: 0.9715
[2026-05-23 07:16:04,739] Epoch 11 - Training loss: 0.080967   Test Accuracy: 0.9717
[2026-05-23 07:17:43,776] Epoch 12 - Training loss: 0.077153   Test Accuracy: 0.9740
[2026-05-23 07:19:22,845] Epoch 13 - Training loss: 0.072726   Test Accuracy: 0.9741
[2026-05-23 07:21:01,656] Epoch 14 - Training loss: 0.071121   Test Accuracy: 0.9736
[2026-05-23 07:22:37,484] Epoch 15 - Training loss: 0.069393   Test Accuracy: 0.9751
[2026-05-23 07:24:13,300] Epoch 16 - Training loss: 0.065179   Test Accuracy: 0.9757
[2026-05-23 07:25:49,859] Epoch 17 - Training loss: 0.062525   Test Accuracy: 0.9758
[2026-05-23 07:27:20,350] Epoch 18 - Training loss: 0.059437   Test Accuracy: 0.9793
[2026-05-23 07:28:55,381] Epoch 19 - Training loss: 0.057535   Test Accuracy: 0.9780
[2026-05-23 07:30:32,426] Epoch 20 - Training loss: 0.056460   Test Accuracy: 0.9781
[2026-05-23 07:32:08,292] Epoch 21 - Training loss: 0.053233   Test Accuracy: 0.9776
[2026-05-23 07:33:44,639] Epoch 22 - Training loss: 0.052852   Test Accuracy: 0.9790
[2026-05-23 07:35:20,583] Epoch 23 - Training loss: 0.052209   Test Accuracy: 0.9799
[2026-05-23 07:36:57,968] Epoch 24 - Training loss: 0.049869   Test Accuracy: 0.9794
[2026-05-23 07:38:29,361] Epoch 25 - Training loss: 0.046081   Test Accuracy: 0.9796
[2026-05-23 07:40:04,046] Epoch 26 - Training loss: 0.045705   Test Accuracy: 0.9780
[2026-05-23 07:41:40,526] Epoch 27 - Training loss: 0.046046   Test Accuracy: 0.9800
[2026-05-23 07:43:19,260] Epoch 28 - Training loss: 0.043678   Test Accuracy: 0.9791
[2026-05-23 07:44:56,380] Epoch 29 - Training loss: 0.043194   Test Accuracy: 0.9810
[2026-05-23 07:46:33,960] Epoch 30 - Training loss: 0.044074   Test Accuracy: 0.9842
aihwkit path:  /home/bong/analog_stress_test/aihwkit-fork/src/aihwkit/__init__.py
NeurIPS-2025/S2-mnist-CNN.py --CUDA 0 --SETTING TT-v2 --RPU Pow --tau 0.7 --res-gamma 0.5 --res-state 140
Using Device:  cuda:0
Logging to file: runs/MNIST-CNN/Pow-gamma=0.5-state=140/TT-v2-tau=0.7/events.out.tfevents.1779487126.user.293432.0

Training Time (s) = 2865.3807911872864
