# CMD: CUDA_VISIBLE_DEVICES=2 PYTHONPATH=/home/bong/analog_stress_test/analog-training SEED=1 INP_RES=0.07142857142857142 OUT_RES=0.007936507936507936 INP_NOISE=0.1 OUT_NOISE=0.1 python NeurIPS-2025/S2-mnist-CNN.py --CUDA 0 --SETTING TT-v2 --RPU Pow --tau 0.7 --res-gamma 0.5 --res-state 140
[2026-05-23 08:26:54,401] Epoch 0 - Training loss: --------   Test Accuracy: 0.1170
[2026-05-23 08:28:14,224] Epoch 1 - Training loss: 1.288216   Test Accuracy: 0.8408
[2026-05-23 08:29:43,538] Epoch 2 - Training loss: 0.402679   Test Accuracy: 0.9053
[2026-05-23 08:31:12,049] Epoch 3 - Training loss: 0.269411   Test Accuracy: 0.9280
[2026-05-23 08:32:32,542] Epoch 4 - Training loss: 0.202469   Test Accuracy: 0.9452
[2026-05-23 08:33:55,820] Epoch 5 - Training loss: 0.165915   Test Accuracy: 0.9557
[2026-05-23 08:35:19,375] Epoch 6 - Training loss: 0.138545   Test Accuracy: 0.9617
[2026-05-23 08:36:38,967] Epoch 7 - Training loss: 0.119495   Test Accuracy: 0.9640
[2026-05-23 08:38:08,381] Epoch 8 - Training loss: 0.106998   Test Accuracy: 0.9693
[2026-05-23 08:39:41,622] Epoch 9 - Training loss: 0.094679   Test Accuracy: 0.9709
[2026-05-23 08:41:19,711] Epoch 10 - Training loss: 0.085571   Test Accuracy: 0.9730
[2026-05-23 08:42:47,612] Epoch 11 - Training loss: 0.078385   Test Accuracy: 0.9748
[2026-05-23 08:44:15,019] Epoch 12 - Training loss: 0.072505   Test Accuracy: 0.9748
[2026-05-23 08:45:37,476] Epoch 13 - Training loss: 0.068179   Test Accuracy: 0.9770
[2026-05-23 08:47:08,342] Epoch 14 - Training loss: 0.062859   Test Accuracy: 0.9778
[2026-05-23 08:48:38,563] Epoch 15 - Training loss: 0.058058   Test Accuracy: 0.9782
[2026-05-23 08:50:09,726] Epoch 16 - Training loss: 0.055174   Test Accuracy: 0.9819
[2026-05-23 08:51:43,539] Epoch 17 - Training loss: 0.052519   Test Accuracy: 0.9815
[2026-05-23 08:53:13,854] Epoch 18 - Training loss: 0.047652   Test Accuracy: 0.9798
[2026-05-23 08:54:44,413] Epoch 19 - Training loss: 0.046476   Test Accuracy: 0.9789
[2026-05-23 08:56:02,631] Epoch 20 - Training loss: 0.043473   Test Accuracy: 0.9816
[2026-05-23 08:57:27,392] Epoch 21 - Training loss: 0.042360   Test Accuracy: 0.9793
[2026-05-23 08:58:52,331] Epoch 22 - Training loss: 0.040273   Test Accuracy: 0.9816
[2026-05-23 09:00:09,271] Epoch 23 - Training loss: 0.039817   Test Accuracy: 0.9823
[2026-05-23 09:01:30,857] Epoch 24 - Training loss: 0.037836   Test Accuracy: 0.9829
[2026-05-23 09:02:54,419] Epoch 25 - Training loss: 0.035203   Test Accuracy: 0.9823
[2026-05-23 09:04:28,286] Epoch 26 - Training loss: 0.034868   Test Accuracy: 0.9834
[2026-05-23 09:06:03,454] Epoch 27 - Training loss: 0.032175   Test Accuracy: 0.9823
[2026-05-23 09:07:36,347] Epoch 28 - Training loss: 0.030947   Test Accuracy: 0.9823
[2026-05-23 09:09:17,598] Epoch 29 - Training loss: 0.031780   Test Accuracy: 0.9814
[2026-05-23 09:11:03,243] Epoch 30 - Training loss: 0.030363   Test Accuracy: 0.9829
aihwkit path:  /home/bong/analog_stress_test/aihwkit-fork/src/aihwkit/__init__.py
NeurIPS-2025/S2-mnist-CNN.py --CUDA 0 --SETTING TT-v2 --RPU Pow --tau 0.7 --res-gamma 0.5 --res-state 140
Using Device:  cuda:0
Logging to file: runs/MNIST-CNN/Pow-gamma=0.5-state=140/TT-v2-tau=0.7/events.out.tfevents.1779492407.user.300455.0

Training Time (s) = 2653.1015360355377
