# CMD: CUDA_VISIBLE_DEVICES=2 PYTHONPATH=/home/bong/analog_stress_test/analog-training SEED=1 INP_RES=0.003937007874015748 OUT_RES=0.00196078431372549 INP_NOISE=0.06 OUT_NOISE=0.06 python NeurIPS-2025/S2-mnist-CNN.py --CUDA 0 --SETTING TT-v2 --RPU Pow --tau 0.7 --res-gamma 0.5 --res-state 140
[2026-05-23 06:01:58,738] Epoch 0 - Training loss: --------   Test Accuracy: 0.1308
[2026-05-23 06:03:24,605] Epoch 1 - Training loss: 1.135593   Test Accuracy: 0.8879
[2026-05-23 06:04:49,817] Epoch 2 - Training loss: 0.288074   Test Accuracy: 0.9341
[2026-05-23 06:06:19,824] Epoch 3 - Training loss: 0.209556   Test Accuracy: 0.9496
[2026-05-23 06:07:50,464] Epoch 4 - Training loss: 0.157769   Test Accuracy: 0.9556
[2026-05-23 06:09:23,031] Epoch 5 - Training loss: 0.150897   Test Accuracy: 0.9474
[2026-05-23 06:10:54,466] Epoch 6 - Training loss: 0.158624   Test Accuracy: 0.9567
[2026-05-23 06:12:30,349] Epoch 7 - Training loss: 0.136624   Test Accuracy: 0.9637
[2026-05-23 06:14:06,064] Epoch 8 - Training loss: 0.116579   Test Accuracy: 0.9642
[2026-05-23 06:15:45,480] Epoch 9 - Training loss: 0.111335   Test Accuracy: 0.9647
[2026-05-23 06:17:22,179] Epoch 10 - Training loss: 0.106938   Test Accuracy: 0.9656
[2026-05-23 06:18:58,902] Epoch 11 - Training loss: 0.112257   Test Accuracy: 0.9656
[2026-05-23 06:20:39,123] Epoch 12 - Training loss: 0.111700   Test Accuracy: 0.9638
[2026-05-23 06:22:19,209] Epoch 13 - Training loss: 0.111425   Test Accuracy: 0.9612
[2026-05-23 06:23:56,616] Epoch 14 - Training loss: 0.113752   Test Accuracy: 0.9663
[2026-05-23 06:25:37,576] Epoch 15 - Training loss: 0.111958   Test Accuracy: 0.9647
[2026-05-23 06:27:15,327] Epoch 16 - Training loss: 0.114474   Test Accuracy: 0.9626
[2026-05-23 06:28:53,547] Epoch 17 - Training loss: 0.111644   Test Accuracy: 0.9639
[2026-05-23 06:30:33,544] Epoch 18 - Training loss: 0.108007   Test Accuracy: 0.9659
[2026-05-23 06:32:12,362] Epoch 19 - Training loss: 0.103960   Test Accuracy: 0.9668
[2026-05-23 06:33:49,417] Epoch 20 - Training loss: 0.103229   Test Accuracy: 0.9697
[2026-05-23 06:35:27,244] Epoch 21 - Training loss: 0.095742   Test Accuracy: 0.9696
[2026-05-23 06:37:03,868] Epoch 22 - Training loss: 0.091992   Test Accuracy: 0.9697
[2026-05-23 06:38:41,122] Epoch 23 - Training loss: 0.097440   Test Accuracy: 0.9717
[2026-05-23 06:40:18,109] Epoch 24 - Training loss: 0.096037   Test Accuracy: 0.9693
[2026-05-23 06:41:55,483] Epoch 25 - Training loss: 0.095247   Test Accuracy: 0.9705
[2026-05-23 06:43:33,229] Epoch 26 - Training loss: 0.087347   Test Accuracy: 0.9730
[2026-05-23 06:45:10,639] Epoch 27 - Training loss: 0.088713   Test Accuracy: 0.9719
[2026-05-23 06:46:48,627] Epoch 28 - Training loss: 0.083498   Test Accuracy: 0.9730
[2026-05-23 06:48:27,223] Epoch 29 - Training loss: 0.085545   Test Accuracy: 0.9719
[2026-05-23 06:50:06,085] Epoch 30 - Training loss: 0.087778   Test Accuracy: 0.9737
aihwkit path:  /home/bong/analog_stress_test/aihwkit-fork/src/aihwkit/__init__.py
NeurIPS-2025/S2-mnist-CNN.py --CUDA 0 --SETTING TT-v2 --RPU Pow --tau 0.7 --res-gamma 0.5 --res-state 140
Using Device:  cuda:0
Logging to file: runs/MNIST-CNN/Pow-gamma=0.5-state=140/TT-v2-tau=0.7/events.out.tfevents.1779483712.user.288643.0

Training Time (s) = 2891.2214460372925
