# CMD: CUDA_VISIBLE_DEVICES=2 PYTHONPATH=/home/bong/analog_stress_test/analog-training SEED=2 INP_RES=0.07142857142857142 OUT_RES=0.007936507936507936 INP_NOISE=0.1 OUT_NOISE=0.1 python NeurIPS-2025/S2-mnist-CNN.py --CUDA 0 --SETTING TT-v2 --RPU Pow --tau 0.7 --res-gamma 0.5 --res-state 140
[2026-05-23 08:33:13,047] Epoch 0 - Training loss: --------   Test Accuracy: 0.1288
[2026-05-23 08:34:45,243] Epoch 1 - Training loss: 1.363566   Test Accuracy: 0.8416
[2026-05-23 08:36:16,587] Epoch 2 - Training loss: 0.398297   Test Accuracy: 0.9076
[2026-05-23 08:37:49,707] Epoch 3 - Training loss: 0.255709   Test Accuracy: 0.9385
[2026-05-23 08:39:17,685] Epoch 4 - Training loss: 0.187133   Test Accuracy: 0.9498
[2026-05-23 08:40:43,824] Epoch 5 - Training loss: 0.147354   Test Accuracy: 0.9597
[2026-05-23 08:42:11,999] Epoch 6 - Training loss: 0.122416   Test Accuracy: 0.9644
[2026-05-23 08:43:55,948] Epoch 7 - Training loss: 0.104141   Test Accuracy: 0.9676
[2026-05-23 08:45:24,862] Epoch 8 - Training loss: 0.093377   Test Accuracy: 0.9705
[2026-05-23 08:46:51,026] Epoch 9 - Training loss: 0.081499   Test Accuracy: 0.9732
[2026-05-23 08:48:17,336] Epoch 10 - Training loss: 0.075215   Test Accuracy: 0.9760
[2026-05-23 08:49:44,185] Epoch 11 - Training loss: 0.067383   Test Accuracy: 0.9785
[2026-05-23 08:51:14,812] Epoch 12 - Training loss: 0.063051   Test Accuracy: 0.9803
[2026-05-23 08:52:53,072] Epoch 13 - Training loss: 0.059372   Test Accuracy: 0.9801
[2026-05-23 08:54:19,552] Epoch 14 - Training loss: 0.053591   Test Accuracy: 0.9803
[2026-05-23 08:55:54,749] Epoch 15 - Training loss: 0.051463   Test Accuracy: 0.9810
[2026-05-23 08:57:28,003] Epoch 16 - Training loss: 0.048034   Test Accuracy: 0.9827
[2026-05-23 08:59:00,275] Epoch 17 - Training loss: 0.045992   Test Accuracy: 0.9820
[2026-05-23 09:00:31,548] Epoch 18 - Training loss: 0.041761   Test Accuracy: 0.9810
[2026-05-23 09:02:01,910] Epoch 19 - Training loss: 0.041332   Test Accuracy: 0.9815
[2026-05-23 09:03:32,742] Epoch 20 - Training loss: 0.038585   Test Accuracy: 0.9821
[2026-05-23 09:04:59,834] Epoch 21 - Training loss: 0.036910   Test Accuracy: 0.9840
[2026-05-23 09:06:28,379] Epoch 22 - Training loss: 0.036462   Test Accuracy: 0.9827
[2026-05-23 09:07:57,196] Epoch 23 - Training loss: 0.034697   Test Accuracy: 0.9834
[2026-05-23 09:09:24,371] Epoch 24 - Training loss: 0.034006   Test Accuracy: 0.9822
[2026-05-23 09:10:50,311] Epoch 25 - Training loss: 0.031264   Test Accuracy: 0.9847
[2026-05-23 09:12:19,465] Epoch 26 - Training loss: 0.030146   Test Accuracy: 0.9840
[2026-05-23 09:13:49,557] Epoch 27 - Training loss: 0.028864   Test Accuracy: 0.9847
[2026-05-23 09:15:22,831] Epoch 28 - Training loss: 0.028097   Test Accuracy: 0.9847
[2026-05-23 09:16:54,431] Epoch 29 - Training loss: 0.026936   Test Accuracy: 0.9847
[2026-05-23 09:18:26,847] Epoch 30 - Training loss: 0.026107   Test Accuracy: 0.9836
aihwkit path:  /home/bong/analog_stress_test/aihwkit-fork/src/aihwkit/__init__.py
NeurIPS-2025/S2-mnist-CNN.py --CUDA 0 --SETTING TT-v2 --RPU Pow --tau 0.7 --res-gamma 0.5 --res-state 140
Using Device:  cuda:0
Logging to file: runs/MNIST-CNN/Pow-gamma=0.5-state=140/TT-v2-tau=0.7/events.out.tfevents.1779492786.user.301109.0

Training Time (s) = 2718.4502849578857
