# CMD: CUDA_VISIBLE_DEVICES=2 PYTHONPATH=/home/bong/analog_stress_test/analog-training SEED=3 INP_RES=0.003937007874015748 OUT_RES=0.00196078431372549 INP_NOISE=0.06 OUT_NOISE=0.06 python NeurIPS-2025/S2-mnist-CNN.py --CUDA 0 --SETTING TT-v2 --RPU Pow --tau 0.7 --res-gamma 0.5 --res-state 140
[2026-05-23 06:50:16,412] Epoch 0 - Training loss: --------   Test Accuracy: 0.1331
[2026-05-23 06:51:47,761] Epoch 1 - Training loss: 0.942362   Test Accuracy: 0.9067
[2026-05-23 06:53:19,820] Epoch 2 - Training loss: 0.234709   Test Accuracy: 0.9386
[2026-05-23 06:54:50,991] Epoch 3 - Training loss: 0.174379   Test Accuracy: 0.9557
[2026-05-23 06:56:25,008] Epoch 4 - Training loss: 0.131094   Test Accuracy: 0.9575
[2026-05-23 06:57:59,499] Epoch 5 - Training loss: 0.154590   Test Accuracy: 0.9538
[2026-05-23 06:59:29,059] Epoch 6 - Training loss: 0.129834   Test Accuracy: 0.9639
[2026-05-23 07:00:58,044] Epoch 7 - Training loss: 0.106878   Test Accuracy: 0.9678
[2026-05-23 07:02:29,695] Epoch 8 - Training loss: 0.093749   Test Accuracy: 0.9693
[2026-05-23 07:04:04,828] Epoch 9 - Training loss: 0.085540   Test Accuracy: 0.9698
[2026-05-23 07:05:40,569] Epoch 10 - Training loss: 0.083545   Test Accuracy: 0.9714
[2026-05-23 07:07:16,157] Epoch 11 - Training loss: 0.078220   Test Accuracy: 0.9727
[2026-05-23 07:08:52,060] Epoch 12 - Training loss: 0.077917   Test Accuracy: 0.9713
[2026-05-23 07:10:28,812] Epoch 13 - Training loss: 0.081032   Test Accuracy: 0.9716
[2026-05-23 07:12:05,602] Epoch 14 - Training loss: 0.079196   Test Accuracy: 0.9710
[2026-05-23 07:13:43,975] Epoch 15 - Training loss: 0.084904   Test Accuracy: 0.9702
[2026-05-23 07:15:23,302] Epoch 16 - Training loss: 0.084668   Test Accuracy: 0.9728
[2026-05-23 07:17:03,622] Epoch 17 - Training loss: 0.088165   Test Accuracy: 0.9668
[2026-05-23 07:18:40,438] Epoch 18 - Training loss: 0.088960   Test Accuracy: 0.9718
[2026-05-23 07:20:20,816] Epoch 19 - Training loss: 0.090495   Test Accuracy: 0.9729
[2026-05-23 07:21:58,172] Epoch 20 - Training loss: 0.086201   Test Accuracy: 0.9729
[2026-05-23 07:23:35,177] Epoch 21 - Training loss: 0.082170   Test Accuracy: 0.9732
[2026-05-23 07:25:12,216] Epoch 22 - Training loss: 0.082100   Test Accuracy: 0.9698
[2026-05-23 07:26:49,908] Epoch 23 - Training loss: 0.080282   Test Accuracy: 0.9783
[2026-05-23 07:28:28,568] Epoch 24 - Training loss: 0.074338   Test Accuracy: 0.9711
[2026-05-23 07:30:03,774] Epoch 25 - Training loss: 0.079209   Test Accuracy: 0.9768
[2026-05-23 07:31:42,222] Epoch 26 - Training loss: 0.071152   Test Accuracy: 0.9758
[2026-05-23 07:33:19,228] Epoch 27 - Training loss: 0.070914   Test Accuracy: 0.9775
[2026-05-23 07:34:57,061] Epoch 28 - Training loss: 0.066009   Test Accuracy: 0.9760
[2026-05-23 07:36:35,357] Epoch 29 - Training loss: 0.073346   Test Accuracy: 0.9721
[2026-05-23 07:38:13,255] Epoch 30 - Training loss: 0.067521   Test Accuracy: 0.9774
aihwkit path:  /home/bong/analog_stress_test/aihwkit-fork/src/aihwkit/__init__.py
NeurIPS-2025/S2-mnist-CNN.py --CUDA 0 --SETTING TT-v2 --RPU Pow --tau 0.7 --res-gamma 0.5 --res-state 140
Using Device:  cuda:0
Logging to file: runs/MNIST-CNN/Pow-gamma=0.5-state=140/TT-v2-tau=0.7/events.out.tfevents.1779486610.user.292566.0

Training Time (s) = 2881.0978977680206
