# CMD: CUDA_VISIBLE_DEVICES=2 PYTHONPATH=/home/bong/analog_stress_test/analog-training SEED=2 INP_RES=0.003937007874015748 OUT_RES=0.00196078431372549 INP_NOISE=0.06 OUT_NOISE=0.06 python NeurIPS-2025/S2-mnist-CNN.py --CUDA 0 --SETTING TT-v2 --RPU Pow --tau 0.7 --res-gamma 0.5 --res-state 140
[2026-05-23 06:10:50,143] Epoch 0 - Training loss: --------   Test Accuracy: 0.1440
[2026-05-23 06:12:30,421] Epoch 1 - Training loss: 1.024380   Test Accuracy: 0.9001
[2026-05-23 06:14:07,154] Epoch 2 - Training loss: 0.265635   Test Accuracy: 0.9396
[2026-05-23 06:15:46,369] Epoch 3 - Training loss: 0.189717   Test Accuracy: 0.9468
[2026-05-23 06:17:16,981] Epoch 4 - Training loss: 0.151680   Test Accuracy: 0.9593
[2026-05-23 06:18:51,746] Epoch 5 - Training loss: 0.121293   Test Accuracy: 0.9651
[2026-05-23 06:20:23,008] Epoch 6 - Training loss: 0.118987   Test Accuracy: 0.9581
[2026-05-23 06:21:56,513] Epoch 7 - Training loss: 0.127331   Test Accuracy: 0.9581
[2026-05-23 06:23:28,792] Epoch 8 - Training loss: 0.116424   Test Accuracy: 0.9668
[2026-05-23 06:24:58,910] Epoch 9 - Training loss: 0.102640   Test Accuracy: 0.9693
[2026-05-23 06:26:31,309] Epoch 10 - Training loss: 0.086887   Test Accuracy: 0.9747
[2026-05-23 06:28:04,275] Epoch 11 - Training loss: 0.081492   Test Accuracy: 0.9721
[2026-05-23 06:29:38,519] Epoch 12 - Training loss: 0.076414   Test Accuracy: 0.9761
[2026-05-23 06:31:19,726] Epoch 13 - Training loss: 0.070991   Test Accuracy: 0.9736
[2026-05-23 06:32:54,483] Epoch 14 - Training loss: 0.067621   Test Accuracy: 0.9757
[2026-05-23 06:34:30,534] Epoch 15 - Training loss: 0.069706   Test Accuracy: 0.9769
[2026-05-23 06:36:06,572] Epoch 16 - Training loss: 0.066791   Test Accuracy: 0.9762
[2026-05-23 06:37:41,639] Epoch 17 - Training loss: 0.067301   Test Accuracy: 0.9759
[2026-05-23 06:39:17,209] Epoch 18 - Training loss: 0.076282   Test Accuracy: 0.9741
[2026-05-23 06:40:54,117] Epoch 19 - Training loss: 0.073916   Test Accuracy: 0.9748
[2026-05-23 06:42:30,593] Epoch 20 - Training loss: 0.073218   Test Accuracy: 0.9768
[2026-05-23 06:44:07,880] Epoch 21 - Training loss: 0.073331   Test Accuracy: 0.9752
[2026-05-23 06:45:45,311] Epoch 22 - Training loss: 0.070333   Test Accuracy: 0.9806
[2026-05-23 06:47:22,648] Epoch 23 - Training loss: 0.060904   Test Accuracy: 0.9774
[2026-05-23 06:49:01,754] Epoch 24 - Training loss: 0.072927   Test Accuracy: 0.9781
[2026-05-23 06:50:36,399] Epoch 25 - Training loss: 0.065660   Test Accuracy: 0.9792
[2026-05-23 06:52:11,584] Epoch 26 - Training loss: 0.065513   Test Accuracy: 0.9753
[2026-05-23 06:53:47,555] Epoch 27 - Training loss: 0.065591   Test Accuracy: 0.9772
[2026-05-23 06:55:27,867] Epoch 28 - Training loss: 0.074204   Test Accuracy: 0.9756
[2026-05-23 06:57:05,393] Epoch 29 - Training loss: 0.067583   Test Accuracy: 0.9786
[2026-05-23 06:58:42,736] Epoch 30 - Training loss: 0.068481   Test Accuracy: 0.9772
aihwkit path:  /home/bong/analog_stress_test/aihwkit-fork/src/aihwkit/__init__.py
NeurIPS-2025/S2-mnist-CNN.py --CUDA 0 --SETTING TT-v2 --RPU Pow --tau 0.7 --res-gamma 0.5 --res-state 140
Using Device:  cuda:0
Logging to file: runs/MNIST-CNN/Pow-gamma=0.5-state=140/TT-v2-tau=0.7/events.out.tfevents.1779484243.user.289502.0

Training Time (s) = 2877.226494073868
