# CMD: CUDA_VISIBLE_DEVICES=2 PYTHONPATH=/home/bong/analog_stress_test/analog-training SEED=3 INP_RES=0.07142857142857142 OUT_RES=0.007936507936507936 INP_NOISE=0.1 OUT_NOISE=0.1 python NeurIPS-2025/S2-mnist-CNN.py --CUDA 0 --SETTING TT-v2 --RPU Pow --tau 0.7 --res-gamma 0.5 --res-state 140
[2026-05-23 09:11:14,899] Epoch 0 - Training loss: --------   Test Accuracy: 0.1266
[2026-05-23 09:12:46,758] Epoch 1 - Training loss: 1.097216   Test Accuracy: 0.8888
[2026-05-23 09:14:22,100] Epoch 2 - Training loss: 0.321829   Test Accuracy: 0.9253
[2026-05-23 09:15:55,388] Epoch 3 - Training loss: 0.215277   Test Accuracy: 0.9461
[2026-05-23 09:17:26,830] Epoch 4 - Training loss: 0.163307   Test Accuracy: 0.9586
[2026-05-23 09:18:50,669] Epoch 5 - Training loss: 0.133735   Test Accuracy: 0.9630
[2026-05-23 09:20:17,981] Epoch 6 - Training loss: 0.114488   Test Accuracy: 0.9675
[2026-05-23 09:21:47,133] Epoch 7 - Training loss: 0.100320   Test Accuracy: 0.9685
[2026-05-23 09:23:13,136] Epoch 8 - Training loss: 0.087756   Test Accuracy: 0.9728
[2026-05-23 09:24:49,512] Epoch 9 - Training loss: 0.080820   Test Accuracy: 0.9739
[2026-05-23 09:26:22,113] Epoch 10 - Training loss: 0.074062   Test Accuracy: 0.9768
[2026-05-23 09:28:07,677] Epoch 11 - Training loss: 0.068088   Test Accuracy: 0.9763
[2026-05-23 09:29:46,254] Epoch 12 - Training loss: 0.062958   Test Accuracy: 0.9784
[2026-05-23 09:31:12,496] Epoch 13 - Training loss: 0.060051   Test Accuracy: 0.9778
[2026-05-23 09:32:40,779] Epoch 14 - Training loss: 0.057323   Test Accuracy: 0.9780
[2026-05-23 09:34:09,932] Epoch 15 - Training loss: 0.052826   Test Accuracy: 0.9793
[2026-05-23 09:35:37,042] Epoch 16 - Training loss: 0.052339   Test Accuracy: 0.9787
[2026-05-23 09:37:04,365] Epoch 17 - Training loss: 0.048886   Test Accuracy: 0.9790
[2026-05-23 09:38:31,949] Epoch 18 - Training loss: 0.046207   Test Accuracy: 0.9788
[2026-05-23 09:40:01,511] Epoch 19 - Training loss: 0.044494   Test Accuracy: 0.9805
[2026-05-23 09:41:29,660] Epoch 20 - Training loss: 0.042172   Test Accuracy: 0.9826
[2026-05-23 09:42:54,682] Epoch 21 - Training loss: 0.041129   Test Accuracy: 0.9832
[2026-05-23 09:44:22,200] Epoch 22 - Training loss: 0.038830   Test Accuracy: 0.9842
[2026-05-23 09:45:50,003] Epoch 23 - Training loss: 0.037038   Test Accuracy: 0.9831
[2026-05-23 09:47:19,539] Epoch 24 - Training loss: 0.037135   Test Accuracy: 0.9828
[2026-05-23 09:48:47,185] Epoch 25 - Training loss: 0.034620   Test Accuracy: 0.9846
[2026-05-23 09:50:14,825] Epoch 26 - Training loss: 0.034398   Test Accuracy: 0.9830
[2026-05-23 09:51:46,177] Epoch 27 - Training loss: 0.033266   Test Accuracy: 0.9851
[2026-05-23 09:53:14,158] Epoch 28 - Training loss: 0.031473   Test Accuracy: 0.9845
[2026-05-23 09:54:43,706] Epoch 29 - Training loss: 0.031002   Test Accuracy: 0.9828
[2026-05-23 09:56:13,258] Epoch 30 - Training loss: 0.030022   Test Accuracy: 0.9844
aihwkit path:  /home/bong/analog_stress_test/aihwkit-fork/src/aihwkit/__init__.py
NeurIPS-2025/S2-mnist-CNN.py --CUDA 0 --SETTING TT-v2 --RPU Pow --tau 0.7 --res-gamma 0.5 --res-state 140
Using Device:  cuda:0
Logging to file: runs/MNIST-CNN/Pow-gamma=0.5-state=140/TT-v2-tau=0.7/events.out.tfevents.1779495068.user.304024.0

Training Time (s) = 2702.48450255394
