# CMD: CUDA_VISIBLE_DEVICES=2 PYTHONPATH=/home/bong/analog_stress_test/analog-training SEED=2 INP_RES=0.016129032258064516 OUT_RES=0.003937007874015748 INP_NOISE=0.06 OUT_NOISE=0.06 python NeurIPS-2025/S2-mnist-CNN.py --CUDA 0 --SETTING TT-v2 --RPU Pow --tau 0.7 --res-gamma 0.5 --res-state 140
[2026-05-23 07:38:23,133] Epoch 0 - Training loss: --------   Test Accuracy: 0.1389
[2026-05-23 07:39:54,300] Epoch 1 - Training loss: 1.026159   Test Accuracy: 0.8962
[2026-05-23 07:41:30,649] Epoch 2 - Training loss: 0.270307   Test Accuracy: 0.9383
[2026-05-23 07:43:08,342] Epoch 3 - Training loss: 0.205493   Test Accuracy: 0.9470
[2026-05-23 07:44:44,813] Epoch 4 - Training loss: 0.160881   Test Accuracy: 0.9579
[2026-05-23 07:46:22,370] Epoch 5 - Training loss: 0.138446   Test Accuracy: 0.9539
[2026-05-23 07:47:56,003] Epoch 6 - Training loss: 0.137411   Test Accuracy: 0.9556
[2026-05-23 07:49:32,603] Epoch 7 - Training loss: 0.133007   Test Accuracy: 0.9600
[2026-05-23 07:51:07,262] Epoch 8 - Training loss: 0.121150   Test Accuracy: 0.9618
[2026-05-23 07:52:42,383] Epoch 9 - Training loss: 0.110430   Test Accuracy: 0.9666
[2026-05-23 07:54:17,524] Epoch 10 - Training loss: 0.099479   Test Accuracy: 0.9688
[2026-05-23 07:55:50,472] Epoch 11 - Training loss: 0.090347   Test Accuracy: 0.9716
[2026-05-23 07:57:27,052] Epoch 12 - Training loss: 0.086414   Test Accuracy: 0.9744
[2026-05-23 07:59:06,144] Epoch 13 - Training loss: 0.079452   Test Accuracy: 0.9757
[2026-05-23 08:00:47,322] Epoch 14 - Training loss: 0.072145   Test Accuracy: 0.9778
[2026-05-23 08:02:29,227] Epoch 15 - Training loss: 0.074587   Test Accuracy: 0.9765
[2026-05-23 08:04:08,604] Epoch 16 - Training loss: 0.067773   Test Accuracy: 0.9767
[2026-05-23 08:05:44,554] Epoch 17 - Training loss: 0.066772   Test Accuracy: 0.9767
[2026-05-23 08:07:18,777] Epoch 18 - Training loss: 0.063349   Test Accuracy: 0.9798
[2026-05-23 08:08:55,053] Epoch 19 - Training loss: 0.060525   Test Accuracy: 0.9784
[2026-05-23 08:10:30,591] Epoch 20 - Training loss: 0.059803   Test Accuracy: 0.9789
[2026-05-23 08:12:08,688] Epoch 21 - Training loss: 0.055929   Test Accuracy: 0.9801
[2026-05-23 08:13:56,590] Epoch 22 - Training loss: 0.055161   Test Accuracy: 0.9820
[2026-05-23 08:15:32,890] Epoch 23 - Training loss: 0.055708   Test Accuracy: 0.9822
[2026-05-23 08:17:15,249] Epoch 24 - Training loss: 0.053334   Test Accuracy: 0.9795
[2026-05-23 08:18:52,629] Epoch 25 - Training loss: 0.052420   Test Accuracy: 0.9804
[2026-05-23 08:20:27,279] Epoch 26 - Training loss: 0.052774   Test Accuracy: 0.9809
[2026-05-23 08:22:01,279] Epoch 27 - Training loss: 0.049537   Test Accuracy: 0.9807
[2026-05-23 08:23:36,465] Epoch 28 - Training loss: 0.048575   Test Accuracy: 0.9822
[2026-05-23 08:25:10,198] Epoch 29 - Training loss: 0.048578   Test Accuracy: 0.9843
[2026-05-23 08:26:44,458] Epoch 30 - Training loss: 0.045905   Test Accuracy: 0.9834
aihwkit path:  /home/bong/analog_stress_test/aihwkit-fork/src/aihwkit/__init__.py
NeurIPS-2025/S2-mnist-CNN.py --CUDA 0 --SETTING TT-v2 --RPU Pow --tau 0.7 --res-gamma 0.5 --res-state 140
Using Device:  cuda:0
Logging to file: runs/MNIST-CNN/Pow-gamma=0.5-state=140/TT-v2-tau=0.7/events.out.tfevents.1779489497.user.296583.0

Training Time (s) = 2905.5267581939697
