# CMD: CUDA_VISIBLE_DEVICES=2 PYTHONPATH=/home/bong/analog_stress_test/analog-training SEED=1 INP_RES=0.016129032258064516 OUT_RES=0.003937007874015748 INP_NOISE=0.06 OUT_NOISE=0.06 python NeurIPS-2025/S2-mnist-CNN.py --CUDA 0 --SETTING TT-v1 --RPU Pow --tau 0.7 --res-gamma 0.5 --res-state 140
[2026-05-26 02:39:49,390] Epoch 0 - Training loss: --------   Test Accuracy: 0.1093
[2026-05-26 02:40:59,146] Epoch 1 - Training loss: 0.730063   Test Accuracy: 0.9226
[2026-05-26 02:42:11,035] Epoch 2 - Training loss: 0.194391   Test Accuracy: 0.9523
[2026-05-26 02:43:24,188] Epoch 3 - Training loss: 0.128099   Test Accuracy: 0.9670
[2026-05-26 02:44:31,949] Epoch 4 - Training loss: 0.100855   Test Accuracy: 0.9723
[2026-05-26 02:45:48,039] Epoch 5 - Training loss: 0.085485   Test Accuracy: 0.9772
[2026-05-26 02:47:03,538] Epoch 6 - Training loss: 0.075777   Test Accuracy: 0.9777
[2026-05-26 02:48:16,664] Epoch 7 - Training loss: 0.070242   Test Accuracy: 0.9772
[2026-05-26 02:49:25,169] Epoch 8 - Training loss: 0.063876   Test Accuracy: 0.9800
[2026-05-26 02:50:36,942] Epoch 9 - Training loss: 0.059067   Test Accuracy: 0.9817
[2026-05-26 02:51:51,987] Epoch 10 - Training loss: 0.057174   Test Accuracy: 0.9804
[2026-05-26 02:53:03,180] Epoch 11 - Training loss: 0.053329   Test Accuracy: 0.9792
[2026-05-26 02:54:17,311] Epoch 12 - Training loss: 0.052934   Test Accuracy: 0.9802
[2026-05-26 02:55:26,154] Epoch 13 - Training loss: 0.048915   Test Accuracy: 0.9802
[2026-05-26 02:56:38,110] Epoch 14 - Training loss: 0.045405   Test Accuracy: 0.9821
[2026-05-26 02:57:44,521] Epoch 15 - Training loss: 0.045365   Test Accuracy: 0.9819
[2026-05-26 02:58:53,126] Epoch 16 - Training loss: 0.043502   Test Accuracy: 0.9826
[2026-05-26 03:00:04,166] Epoch 17 - Training loss: 0.043254   Test Accuracy: 0.9829
[2026-05-26 03:01:16,700] Epoch 18 - Training loss: 0.041761   Test Accuracy: 0.9841
[2026-05-26 03:02:24,965] Epoch 19 - Training loss: 0.043202   Test Accuracy: 0.9840
[2026-05-26 03:03:36,585] Epoch 20 - Training loss: 0.038835   Test Accuracy: 0.9817
[2026-05-26 03:04:52,569] Epoch 21 - Training loss: 0.039816   Test Accuracy: 0.9809
[2026-05-26 03:05:54,211] Epoch 22 - Training loss: 0.037981   Test Accuracy: 0.9828
[2026-05-26 03:07:05,870] Epoch 23 - Training loss: 0.036435   Test Accuracy: 0.9816
[2026-05-26 03:08:15,286] Epoch 24 - Training loss: 0.036080   Test Accuracy: 0.9834
[2026-05-26 03:09:28,072] Epoch 25 - Training loss: 0.036838   Test Accuracy: 0.9836
[2026-05-26 03:10:40,447] Epoch 26 - Training loss: 0.036431   Test Accuracy: 0.9839
[2026-05-26 03:11:49,213] Epoch 27 - Training loss: 0.033740   Test Accuracy: 0.9850
[2026-05-26 03:12:58,861] Epoch 28 - Training loss: 0.034981   Test Accuracy: 0.9831
[2026-05-26 03:14:15,515] Epoch 29 - Training loss: 0.032838   Test Accuracy: 0.9849
[2026-05-26 03:15:25,905] Epoch 30 - Training loss: 0.032598   Test Accuracy: 0.9836
aihwkit path:  /home/bong/analog_stress_test/aihwkit-fork/src/aihwkit/__init__.py
NeurIPS-2025/S2-mnist-CNN.py --CUDA 0 --SETTING TT-v1 --RPU Pow --tau 0.7 --res-gamma 0.5 --res-state 140
Using Device:  cuda:0
Logging to file: runs/MNIST-CNN/Pow-gamma=0.5-state=140/TT-v1-tau=0.7/events.out.tfevents.1779730783.user.720305.0

Training Time (s) = 2140.442550420761
