# CMD: CUDA_VISIBLE_DEVICES=2 PYTHONPATH=/home/bong/analog_stress_test/analog-training SEED=2 INP_RES=0.016129032258064516 OUT_RES=0.003937007874015748 INP_NOISE=0.06 OUT_NOISE=0.06 python NeurIPS-2025/S2-mnist-CNN.py --CUDA 0 --SETTING TT-v1 --RPU Pow --tau 0.7 --res-gamma 0.5 --res-state 140
[2026-05-26 02:57:45,992] Epoch 0 - Training loss: --------   Test Accuracy: 0.1229
[2026-05-26 02:58:53,072] Epoch 1 - Training loss: 0.700918   Test Accuracy: 0.9338
[2026-05-26 03:00:01,132] Epoch 2 - Training loss: 0.169493   Test Accuracy: 0.9601
[2026-05-26 03:01:13,249] Epoch 3 - Training loss: 0.112768   Test Accuracy: 0.9711
[2026-05-26 03:02:22,130] Epoch 4 - Training loss: 0.089586   Test Accuracy: 0.9767
[2026-05-26 03:03:33,843] Epoch 5 - Training loss: 0.073717   Test Accuracy: 0.9765
[2026-05-26 03:04:42,747] Epoch 6 - Training loss: 0.064709   Test Accuracy: 0.9799
[2026-05-26 03:05:56,541] Epoch 7 - Training loss: 0.057046   Test Accuracy: 0.9784
[2026-05-26 03:07:06,960] Epoch 8 - Training loss: 0.053277   Test Accuracy: 0.9814
[2026-05-26 03:08:17,350] Epoch 9 - Training loss: 0.049163   Test Accuracy: 0.9795
[2026-05-26 03:09:33,068] Epoch 10 - Training loss: 0.047439   Test Accuracy: 0.9792
[2026-05-26 03:10:44,342] Epoch 11 - Training loss: 0.046369   Test Accuracy: 0.9833
[2026-05-26 03:11:53,475] Epoch 12 - Training loss: 0.042634   Test Accuracy: 0.9821
[2026-05-26 03:13:03,106] Epoch 13 - Training loss: 0.039330   Test Accuracy: 0.9849
[2026-05-26 03:14:12,264] Epoch 14 - Training loss: 0.038746   Test Accuracy: 0.9833
[2026-05-26 03:15:25,280] Epoch 15 - Training loss: 0.035698   Test Accuracy: 0.9842
[2026-05-26 03:16:35,033] Epoch 16 - Training loss: 0.036645   Test Accuracy: 0.9828
[2026-05-26 03:17:45,505] Epoch 17 - Training loss: 0.036204   Test Accuracy: 0.9830
[2026-05-26 03:18:54,296] Epoch 18 - Training loss: 0.034102   Test Accuracy: 0.9853
[2026-05-26 03:20:00,455] Epoch 19 - Training loss: 0.033121   Test Accuracy: 0.9848
[2026-05-26 03:21:20,661] Epoch 20 - Training loss: 0.033092   Test Accuracy: 0.9847
[2026-05-26 03:22:37,135] Epoch 21 - Training loss: 0.035025   Test Accuracy: 0.9823
[2026-05-26 03:23:49,250] Epoch 22 - Training loss: 0.036289   Test Accuracy: 0.9826
[2026-05-26 03:24:50,105] Epoch 23 - Training loss: 0.035596   Test Accuracy: 0.9840
[2026-05-26 03:25:53,779] Epoch 24 - Training loss: 0.033468   Test Accuracy: 0.9841
[2026-05-26 03:26:55,572] Epoch 25 - Training loss: 0.034183   Test Accuracy: 0.9852
[2026-05-26 03:28:08,644] Epoch 26 - Training loss: 0.033575   Test Accuracy: 0.9845
[2026-05-26 03:29:21,261] Epoch 27 - Training loss: 0.032837   Test Accuracy: 0.9839
[2026-05-26 03:30:36,753] Epoch 28 - Training loss: 0.031246   Test Accuracy: 0.9848
[2026-05-26 03:31:49,550] Epoch 29 - Training loss: 0.031480   Test Accuracy: 0.9851
[2026-05-26 03:33:08,036] Epoch 30 - Training loss: 0.030641   Test Accuracy: 0.9860
aihwkit path:  /home/bong/analog_stress_test/aihwkit-fork/src/aihwkit/__init__.py
NeurIPS-2025/S2-mnist-CNN.py --CUDA 0 --SETTING TT-v1 --RPU Pow --tau 0.7 --res-gamma 0.5 --res-state 140
Using Device:  cuda:0
Logging to file: runs/MNIST-CNN/Pow-gamma=0.5-state=140/TT-v1-tau=0.7/events.out.tfevents.1779731860.user.723883.0

Training Time (s) = 2125.737699508667
