# CMD: CUDA_VISIBLE_DEVICES=2 PYTHONPATH=/home/bong/analog_stress_test/analog-training SEED=3 INP_RES=0.007936507936507936 OUT_RES=0.00196078431372549 INP_NOISE=0.0 OUT_NOISE=0.06 python NeurIPS-2025/S2-mnist-CNN.py --CUDA 0 --SETTING TT-v1 --RPU Pow --tau 0.7 --res-gamma 0.5 --res-state 140
[2026-05-26 02:22:36,393] Epoch 0 - Training loss: --------   Test Accuracy: 0.1284
[2026-05-26 02:23:45,356] Epoch 1 - Training loss: 0.602181   Test Accuracy: 0.9386
[2026-05-26 02:24:52,244] Epoch 2 - Training loss: 0.159036   Test Accuracy: 0.9624
[2026-05-26 02:25:52,927] Epoch 3 - Training loss: 0.109822   Test Accuracy: 0.9751
[2026-05-26 02:26:52,716] Epoch 4 - Training loss: 0.087548   Test Accuracy: 0.9767
[2026-05-26 02:27:53,264] Epoch 5 - Training loss: 0.070523   Test Accuracy: 0.9791
[2026-05-26 02:28:59,574] Epoch 6 - Training loss: 0.061227   Test Accuracy: 0.9817
[2026-05-26 02:30:09,178] Epoch 7 - Training loss: 0.055019   Test Accuracy: 0.9816
[2026-05-26 02:31:19,806] Epoch 8 - Training loss: 0.050559   Test Accuracy: 0.9824
[2026-05-26 02:32:22,678] Epoch 9 - Training loss: 0.043626   Test Accuracy: 0.9842
[2026-05-26 02:33:35,161] Epoch 10 - Training loss: 0.042000   Test Accuracy: 0.9840
[2026-05-26 02:34:45,086] Epoch 11 - Training loss: 0.040739   Test Accuracy: 0.9840
[2026-05-26 02:36:02,073] Epoch 12 - Training loss: 0.038874   Test Accuracy: 0.9840
[2026-05-26 02:37:14,696] Epoch 13 - Training loss: 0.036358   Test Accuracy: 0.9859
[2026-05-26 02:38:23,830] Epoch 14 - Training loss: 0.034094   Test Accuracy: 0.9831
[2026-05-26 02:39:34,712] Epoch 15 - Training loss: 0.033622   Test Accuracy: 0.9845
[2026-05-26 02:40:43,571] Epoch 16 - Training loss: 0.031737   Test Accuracy: 0.9876
[2026-05-26 02:41:54,054] Epoch 17 - Training loss: 0.029594   Test Accuracy: 0.9848
[2026-05-26 02:43:05,123] Epoch 18 - Training loss: 0.030143   Test Accuracy: 0.9843
[2026-05-26 02:44:16,364] Epoch 19 - Training loss: 0.028484   Test Accuracy: 0.9859
[2026-05-26 02:45:25,207] Epoch 20 - Training loss: 0.026754   Test Accuracy: 0.9853
[2026-05-26 02:46:39,465] Epoch 21 - Training loss: 0.027325   Test Accuracy: 0.9864
[2026-05-26 02:47:51,106] Epoch 22 - Training loss: 0.026875   Test Accuracy: 0.9850
[2026-05-26 02:49:03,807] Epoch 23 - Training loss: 0.027027   Test Accuracy: 0.9859
[2026-05-26 02:50:15,700] Epoch 24 - Training loss: 0.024377   Test Accuracy: 0.9854
[2026-05-26 02:51:28,305] Epoch 25 - Training loss: 0.026149   Test Accuracy: 0.9870
[2026-05-26 02:52:37,267] Epoch 26 - Training loss: 0.023940   Test Accuracy: 0.9851
[2026-05-26 02:53:53,466] Epoch 27 - Training loss: 0.023730   Test Accuracy: 0.9875
[2026-05-26 02:55:14,102] Epoch 28 - Training loss: 0.023527   Test Accuracy: 0.9860
[2026-05-26 02:56:28,644] Epoch 29 - Training loss: 0.021405   Test Accuracy: 0.9856
[2026-05-26 02:57:36,631] Epoch 30 - Training loss: 0.022388   Test Accuracy: 0.9855
aihwkit path:  /home/bong/analog_stress_test/aihwkit-fork/src/aihwkit/__init__.py
NeurIPS-2025/S2-mnist-CNN.py --CUDA 0 --SETTING TT-v1 --RPU Pow --tau 0.7 --res-gamma 0.5 --res-state 140
Using Device:  cuda:0
Logging to file: runs/MNIST-CNN/Pow-gamma=0.5-state=140/TT-v1-tau=0.7/events.out.tfevents.1779729750.user.717323.0

Training Time (s) = 2104.051646232605
