# CMD: CUDA_VISIBLE_DEVICES=2 PYTHONPATH=/home/bong/analog_stress_test/analog-training SEED=2 INP_RES=0.007936507936507936 OUT_RES=0.00196078431372549 INP_NOISE=0.0 OUT_NOISE=0.06 python NeurIPS-2025/S2-mnist-CNN.py --CUDA 0 --SETTING TT-v1 --RPU Pow --tau 0.7 --res-gamma 0.5 --res-state 140
[2026-05-26 02:04:59,131] Epoch 0 - Training loss: --------   Test Accuracy: 0.1284
[2026-05-26 02:06:08,426] Epoch 1 - Training loss: 0.665278   Test Accuracy: 0.9319
[2026-05-26 02:07:18,920] Epoch 2 - Training loss: 0.165602   Test Accuracy: 0.9622
[2026-05-26 02:08:24,109] Epoch 3 - Training loss: 0.107708   Test Accuracy: 0.9691
[2026-05-26 02:09:29,297] Epoch 4 - Training loss: 0.084664   Test Accuracy: 0.9745
[2026-05-26 02:10:34,270] Epoch 5 - Training loss: 0.072807   Test Accuracy: 0.9797
[2026-05-26 02:11:40,247] Epoch 6 - Training loss: 0.060187   Test Accuracy: 0.9798
[2026-05-26 02:12:49,852] Epoch 7 - Training loss: 0.053923   Test Accuracy: 0.9788
[2026-05-26 02:13:56,555] Epoch 8 - Training loss: 0.048974   Test Accuracy: 0.9836
[2026-05-26 02:15:03,851] Epoch 9 - Training loss: 0.044797   Test Accuracy: 0.9830
[2026-05-26 02:16:10,839] Epoch 10 - Training loss: 0.041977   Test Accuracy: 0.9824
[2026-05-26 02:17:17,476] Epoch 11 - Training loss: 0.039172   Test Accuracy: 0.9837
[2026-05-26 02:18:23,331] Epoch 12 - Training loss: 0.037668   Test Accuracy: 0.9847
[2026-05-26 02:19:33,030] Epoch 13 - Training loss: 0.035015   Test Accuracy: 0.9850
[2026-05-26 02:20:44,389] Epoch 14 - Training loss: 0.032772   Test Accuracy: 0.9823
[2026-05-26 02:21:52,038] Epoch 15 - Training loss: 0.031526   Test Accuracy: 0.9833
[2026-05-26 02:22:56,196] Epoch 16 - Training loss: 0.030926   Test Accuracy: 0.9845
[2026-05-26 02:24:06,297] Epoch 17 - Training loss: 0.030364   Test Accuracy: 0.9858
[2026-05-26 02:25:14,675] Epoch 18 - Training loss: 0.028391   Test Accuracy: 0.9862
[2026-05-26 02:26:27,371] Epoch 19 - Training loss: 0.026180   Test Accuracy: 0.9854
[2026-05-26 02:27:36,902] Epoch 20 - Training loss: 0.026431   Test Accuracy: 0.9871
[2026-05-26 02:28:45,399] Epoch 21 - Training loss: 0.026385   Test Accuracy: 0.9874
[2026-05-26 02:29:58,255] Epoch 22 - Training loss: 0.023736   Test Accuracy: 0.9857
[2026-05-26 02:31:09,357] Epoch 23 - Training loss: 0.024598   Test Accuracy: 0.9845
[2026-05-26 02:32:26,058] Epoch 24 - Training loss: 0.022986   Test Accuracy: 0.9838
[2026-05-26 02:33:39,120] Epoch 25 - Training loss: 0.022529   Test Accuracy: 0.9859
[2026-05-26 02:34:49,654] Epoch 26 - Training loss: 0.023089   Test Accuracy: 0.9845
[2026-05-26 02:36:03,579] Epoch 27 - Training loss: 0.021713   Test Accuracy: 0.9854
[2026-05-26 02:37:15,015] Epoch 28 - Training loss: 0.021335   Test Accuracy: 0.9861
[2026-05-26 02:38:24,671] Epoch 29 - Training loss: 0.020061   Test Accuracy: 0.9856
[2026-05-26 02:39:39,058] Epoch 30 - Training loss: 0.020070   Test Accuracy: 0.9846
aihwkit path:  /home/bong/analog_stress_test/aihwkit-fork/src/aihwkit/__init__.py
NeurIPS-2025/S2-mnist-CNN.py --CUDA 0 --SETTING TT-v1 --RPU Pow --tau 0.7 --res-gamma 0.5 --res-state 140
Using Device:  cuda:0
Logging to file: runs/MNIST-CNN/Pow-gamma=0.5-state=140/TT-v1-tau=0.7/events.out.tfevents.1779728693.user.716025.0

Training Time (s) = 2083.7621941566467
