# CMD: CUDA_VISIBLE_DEVICES=2 PYTHONPATH=/home/bong/analog_stress_test/analog-training SEED=3 INP_RES=0.07142857142857142 OUT_RES=0.007936507936507936 INP_NOISE=0.1 OUT_NOISE=0.1 python NeurIPS-2025/S2-mnist-CNN.py --CUDA 0 --SETTING TT-v1 --RPU Pow --tau 0.7 --res-gamma 0.5 --res-state 140
[2026-05-26 04:07:56,658] Epoch 0 - Training loss: --------   Test Accuracy: 0.1160
[2026-05-26 04:09:08,025] Epoch 1 - Training loss: 0.966197   Test Accuracy: 0.8772
[2026-05-26 04:10:18,626] Epoch 2 - Training loss: 0.334478   Test Accuracy: 0.9201
[2026-05-26 04:11:26,403] Epoch 3 - Training loss: 0.225745   Test Accuracy: 0.9415
[2026-05-26 04:12:38,446] Epoch 4 - Training loss: 0.171443   Test Accuracy: 0.9483
[2026-05-26 04:13:46,600] Epoch 5 - Training loss: 0.137979   Test Accuracy: 0.9640
[2026-05-26 04:14:54,464] Epoch 6 - Training loss: 0.112939   Test Accuracy: 0.9692
[2026-05-26 04:16:01,827] Epoch 7 - Training loss: 0.108087   Test Accuracy: 0.9681
[2026-05-26 04:17:11,348] Epoch 8 - Training loss: 0.103566   Test Accuracy: 0.9705
[2026-05-26 04:18:16,760] Epoch 9 - Training loss: 0.094529   Test Accuracy: 0.9733
[2026-05-26 04:19:25,384] Epoch 10 - Training loss: 0.087503   Test Accuracy: 0.9762
[2026-05-26 04:20:37,254] Epoch 11 - Training loss: 0.081661   Test Accuracy: 0.9752
[2026-05-26 04:21:46,611] Epoch 12 - Training loss: 0.078890   Test Accuracy: 0.9734
[2026-05-26 04:22:59,130] Epoch 13 - Training loss: 0.077556   Test Accuracy: 0.9765
[2026-05-26 04:24:10,753] Epoch 14 - Training loss: 0.077141   Test Accuracy: 0.9757
[2026-05-26 04:25:20,027] Epoch 15 - Training loss: 0.073003   Test Accuracy: 0.9770
[2026-05-26 04:26:25,102] Epoch 16 - Training loss: 0.072022   Test Accuracy: 0.9780
[2026-05-26 04:27:08,752] Epoch 17 - Training loss: 0.066732   Test Accuracy: 0.9772
[2026-05-26 04:28:06,963] Epoch 18 - Training loss: 0.067043   Test Accuracy: 0.9774
[2026-05-26 04:28:43,904] Epoch 19 - Training loss: 0.064208   Test Accuracy: 0.9776
[2026-05-26 04:29:55,929] Epoch 20 - Training loss: 0.062341   Test Accuracy: 0.9784
[2026-05-26 04:30:43,421] Epoch 21 - Training loss: 0.060570   Test Accuracy: 0.9791
[2026-05-26 04:31:30,323] Epoch 22 - Training loss: 0.058277   Test Accuracy: 0.9796
[2026-05-26 04:32:14,220] Epoch 23 - Training loss: 0.056902   Test Accuracy: 0.9800
[2026-05-26 04:33:01,946] Epoch 24 - Training loss: 0.058301   Test Accuracy: 0.9813
[2026-05-26 04:33:51,048] Epoch 25 - Training loss: 0.055260   Test Accuracy: 0.9798
[2026-05-26 04:34:38,412] Epoch 26 - Training loss: 0.056036   Test Accuracy: 0.9786
[2026-05-26 04:35:30,208] Epoch 27 - Training loss: 0.054604   Test Accuracy: 0.9800
[2026-05-26 04:36:20,839] Epoch 28 - Training loss: 0.051816   Test Accuracy: 0.9814
[2026-05-26 04:37:19,435] Epoch 29 - Training loss: 0.051983   Test Accuracy: 0.9824
[2026-05-26 04:37:58,173] Epoch 30 - Training loss: 0.050285   Test Accuracy: 0.9821
aihwkit path:  /home/bong/analog_stress_test/aihwkit-fork/src/aihwkit/__init__.py
NeurIPS-2025/S2-mnist-CNN.py --CUDA 0 --SETTING TT-v1 --RPU Pow --tau 0.7 --res-gamma 0.5 --res-state 140
Using Device:  cuda:0
Logging to file: runs/MNIST-CNN/Pow-gamma=0.5-state=140/TT-v1-tau=0.7/events.out.tfevents.1779736070.user.732609.0

Training Time (s) = 1805.2631151676178
