# CMD: CUDA_VISIBLE_DEVICES=2 PYTHONPATH=/home/bong/analog_stress_test/analog-training SEED=1 INP_RES=0.07142857142857142 OUT_RES=0.007936507936507936 INP_NOISE=0.1 OUT_NOISE=0.1 python NeurIPS-2025/S2-mnist-CNN.py --CUDA 0 --SETTING TT-v1 --RPU Pow --tau 0.7 --res-gamma 0.5 --res-state 140
[2026-05-26 03:33:18,736] Epoch 0 - Training loss: --------   Test Accuracy: 0.1029
[2026-05-26 03:34:29,059] Epoch 1 - Training loss: 1.083413   Test Accuracy: 0.8557
[2026-05-26 03:35:35,402] Epoch 2 - Training loss: 0.375551   Test Accuracy: 0.9094
[2026-05-26 03:36:44,743] Epoch 3 - Training loss: 0.243519   Test Accuracy: 0.9435
[2026-05-26 03:37:51,634] Epoch 4 - Training loss: 0.181570   Test Accuracy: 0.9521
[2026-05-26 03:38:54,673] Epoch 5 - Training loss: 0.141342   Test Accuracy: 0.9625
[2026-05-26 03:40:05,528] Epoch 6 - Training loss: 0.126269   Test Accuracy: 0.9605
[2026-05-26 03:41:14,569] Epoch 7 - Training loss: 0.116378   Test Accuracy: 0.9668
[2026-05-26 03:42:23,655] Epoch 8 - Training loss: 0.109860   Test Accuracy: 0.9620
[2026-05-26 03:43:31,573] Epoch 9 - Training loss: 0.100080   Test Accuracy: 0.9702
[2026-05-26 03:44:37,716] Epoch 10 - Training loss: 0.088562   Test Accuracy: 0.9714
[2026-05-26 03:45:49,653] Epoch 11 - Training loss: 0.083132   Test Accuracy: 0.9736
[2026-05-26 03:46:56,681] Epoch 12 - Training loss: 0.077931   Test Accuracy: 0.9751
[2026-05-26 03:48:07,817] Epoch 13 - Training loss: 0.074156   Test Accuracy: 0.9764
[2026-05-26 03:49:25,647] Epoch 14 - Training loss: 0.070985   Test Accuracy: 0.9774
[2026-05-26 03:50:43,359] Epoch 15 - Training loss: 0.067218   Test Accuracy: 0.9773
[2026-05-26 03:51:54,065] Epoch 16 - Training loss: 0.065097   Test Accuracy: 0.9784
[2026-05-26 03:53:06,071] Epoch 17 - Training loss: 0.061078   Test Accuracy: 0.9785
[2026-05-26 03:54:15,846] Epoch 18 - Training loss: 0.058522   Test Accuracy: 0.9807
[2026-05-26 03:55:29,901] Epoch 19 - Training loss: 0.057708   Test Accuracy: 0.9804
[2026-05-26 03:56:42,583] Epoch 20 - Training loss: 0.055437   Test Accuracy: 0.9788
[2026-05-26 03:57:50,669] Epoch 21 - Training loss: 0.054341   Test Accuracy: 0.9790
[2026-05-26 03:58:59,267] Epoch 22 - Training loss: 0.051712   Test Accuracy: 0.9807
[2026-05-26 04:00:08,409] Epoch 23 - Training loss: 0.049961   Test Accuracy: 0.9794
[2026-05-26 04:01:16,586] Epoch 24 - Training loss: 0.049395   Test Accuracy: 0.9801
[2026-05-26 04:02:28,593] Epoch 25 - Training loss: 0.047292   Test Accuracy: 0.9808
[2026-05-26 04:03:34,345] Epoch 26 - Training loss: 0.046783   Test Accuracy: 0.9802
[2026-05-26 04:04:37,899] Epoch 27 - Training loss: 0.045671   Test Accuracy: 0.9820
[2026-05-26 04:05:41,706] Epoch 28 - Training loss: 0.045196   Test Accuracy: 0.9820
[2026-05-26 04:06:46,728] Epoch 29 - Training loss: 0.043090   Test Accuracy: 0.9824
[2026-05-26 04:07:46,867] Epoch 30 - Training loss: 0.043880   Test Accuracy: 0.9826
aihwkit path:  /home/bong/analog_stress_test/aihwkit-fork/src/aihwkit/__init__.py
NeurIPS-2025/S2-mnist-CNN.py --CUDA 0 --SETTING TT-v1 --RPU Pow --tau 0.7 --res-gamma 0.5 --res-state 140
Using Device:  cuda:0
Logging to file: runs/MNIST-CNN/Pow-gamma=0.5-state=140/TT-v1-tau=0.7/events.out.tfevents.1779733992.user.727838.0

Training Time (s) = 2072.0877363681793
