# CMD: CUDA_VISIBLE_DEVICES=2 PYTHONPATH=/home/bong/analog_stress_test/analog-training SEED=1 INP_RES=0.007936507936507936 OUT_RES=0.00196078431372549 INP_NOISE=0.0 OUT_NOISE=0.06 python NeurIPS-2025/S2-mnist-CNN.py --CUDA 0 --SETTING TT-v1 --RPU Pow --tau 0.7 --res-gamma 0.5 --res-state 140
[2026-05-26 01:45:32,064] Epoch 0 - Training loss: --------   Test Accuracy: 0.1202
[2026-05-26 01:46:45,287] Epoch 1 - Training loss: 0.703514   Test Accuracy: 0.9336
[2026-05-26 01:47:58,581] Epoch 2 - Training loss: 0.173883   Test Accuracy: 0.9561
[2026-05-26 01:49:06,245] Epoch 3 - Training loss: 0.121018   Test Accuracy: 0.9686
[2026-05-26 01:50:14,509] Epoch 4 - Training loss: 0.094682   Test Accuracy: 0.9715
[2026-05-26 01:51:25,142] Epoch 5 - Training loss: 0.079486   Test Accuracy: 0.9755
[2026-05-26 01:52:38,099] Epoch 6 - Training loss: 0.073498   Test Accuracy: 0.9776
[2026-05-26 01:53:51,412] Epoch 7 - Training loss: 0.066327   Test Accuracy: 0.9778
[2026-05-26 01:55:02,545] Epoch 8 - Training loss: 0.061950   Test Accuracy: 0.9792
[2026-05-26 01:56:11,358] Epoch 9 - Training loss: 0.054629   Test Accuracy: 0.9803
[2026-05-26 01:57:25,408] Epoch 10 - Training loss: 0.053402   Test Accuracy: 0.9805
[2026-05-26 01:58:37,249] Epoch 11 - Training loss: 0.050294   Test Accuracy: 0.9821
[2026-05-26 01:59:51,324] Epoch 12 - Training loss: 0.047119   Test Accuracy: 0.9798
[2026-05-26 02:01:03,851] Epoch 13 - Training loss: 0.046469   Test Accuracy: 0.9816
[2026-05-26 02:02:18,451] Epoch 14 - Training loss: 0.044098   Test Accuracy: 0.9817
[2026-05-26 02:03:32,180] Epoch 15 - Training loss: 0.041959   Test Accuracy: 0.9844
[2026-05-26 02:04:47,332] Epoch 16 - Training loss: 0.041888   Test Accuracy: 0.9839
[2026-05-26 02:05:59,972] Epoch 17 - Training loss: 0.038243   Test Accuracy: 0.9831
[2026-05-26 02:07:13,939] Epoch 18 - Training loss: 0.037019   Test Accuracy: 0.9849
[2026-05-26 02:08:30,849] Epoch 19 - Training loss: 0.034997   Test Accuracy: 0.9833
[2026-05-26 02:09:44,894] Epoch 20 - Training loss: 0.032341   Test Accuracy: 0.9817
[2026-05-26 02:11:00,626] Epoch 21 - Training loss: 0.033922   Test Accuracy: 0.9841
[2026-05-26 02:12:14,984] Epoch 22 - Training loss: 0.032116   Test Accuracy: 0.9842
[2026-05-26 02:13:26,881] Epoch 23 - Training loss: 0.030935   Test Accuracy: 0.9840
[2026-05-26 02:14:43,459] Epoch 24 - Training loss: 0.029668   Test Accuracy: 0.9835
[2026-05-26 02:15:57,215] Epoch 25 - Training loss: 0.031438   Test Accuracy: 0.9838
[2026-05-26 02:17:13,165] Epoch 26 - Training loss: 0.030309   Test Accuracy: 0.9855
[2026-05-26 02:18:33,269] Epoch 27 - Training loss: 0.031321   Test Accuracy: 0.9835
[2026-05-26 02:19:47,174] Epoch 28 - Training loss: 0.029685   Test Accuracy: 0.9844
[2026-05-26 02:21:03,735] Epoch 29 - Training loss: 0.028948   Test Accuracy: 0.9849
[2026-05-26 02:22:24,877] Epoch 30 - Training loss: 0.028584   Test Accuracy: 0.9843
aihwkit path:  /home/bong/analog_stress_test/aihwkit-fork/src/aihwkit/__init__.py
NeurIPS-2025/S2-mnist-CNN.py --CUDA 0 --SETTING TT-v1 --RPU Pow --tau 0.7 --res-gamma 0.5 --res-state 140
Using Device:  cuda:0
Logging to file: runs/MNIST-CNN/Pow-gamma=0.5-state=140/TT-v1-tau=0.7/events.out.tfevents.1779727526.user.714639.0

Training Time (s) = 2216.9765527248383
