# CMD: CUDA_VISIBLE_DEVICES=2 PYTHONPATH=/home/bong/analog_stress_test/analog-training SEED=3 python NeurIPS-2025/S2-mnist-CNN.py --CUDA 0 --SETTING TT-v1 --RPU Pow --tau 0.7 --res-gamma 0.5 --res-state 140
[2026-05-25 06:05:15,902] Epoch 0 - Training loss: --------   Test Accuracy: 0.1304
[2026-05-25 06:06:23,394] Epoch 1 - Training loss: 0.613540   Test Accuracy: 0.9386
[2026-05-25 06:07:31,004] Epoch 2 - Training loss: 0.163784   Test Accuracy: 0.9647
[2026-05-25 06:08:26,211] Epoch 3 - Training loss: 0.114300   Test Accuracy: 0.9704
[2026-05-25 06:09:19,636] Epoch 4 - Training loss: 0.087724   Test Accuracy: 0.9744
[2026-05-25 06:10:16,659] Epoch 5 - Training loss: 0.073161   Test Accuracy: 0.9784
[2026-05-25 06:11:25,233] Epoch 6 - Training loss: 0.063227   Test Accuracy: 0.9807
[2026-05-25 06:12:34,943] Epoch 7 - Training loss: 0.055575   Test Accuracy: 0.9818
[2026-05-25 06:13:40,393] Epoch 8 - Training loss: 0.051484   Test Accuracy: 0.9814
[2026-05-25 06:14:54,026] Epoch 9 - Training loss: 0.047869   Test Accuracy: 0.9819
[2026-05-25 06:16:03,260] Epoch 10 - Training loss: 0.042179   Test Accuracy: 0.9805
[2026-05-25 06:17:15,106] Epoch 11 - Training loss: 0.040991   Test Accuracy: 0.9830
[2026-05-25 06:18:19,579] Epoch 12 - Training loss: 0.035948   Test Accuracy: 0.9835
[2026-05-25 06:19:30,300] Epoch 13 - Training loss: 0.035336   Test Accuracy: 0.9848
[2026-05-25 06:20:37,086] Epoch 14 - Training loss: 0.033668   Test Accuracy: 0.9848
[2026-05-25 06:21:44,174] Epoch 15 - Training loss: 0.031870   Test Accuracy: 0.9861
[2026-05-25 06:22:57,282] Epoch 16 - Training loss: 0.030668   Test Accuracy: 0.9868
[2026-05-25 06:24:12,004] Epoch 17 - Training loss: 0.027791   Test Accuracy: 0.9849
[2026-05-25 06:25:19,486] Epoch 18 - Training loss: 0.027996   Test Accuracy: 0.9853
[2026-05-25 06:26:33,361] Epoch 19 - Training loss: 0.025663   Test Accuracy: 0.9866
[2026-05-25 06:27:39,527] Epoch 20 - Training loss: 0.026027   Test Accuracy: 0.9837
[2026-05-25 06:28:45,500] Epoch 21 - Training loss: 0.024901   Test Accuracy: 0.9846
[2026-05-25 06:29:50,304] Epoch 22 - Training loss: 0.024955   Test Accuracy: 0.9865
[2026-05-25 06:30:58,138] Epoch 23 - Training loss: 0.022235   Test Accuracy: 0.9850
[2026-05-25 06:32:07,279] Epoch 24 - Training loss: 0.021862   Test Accuracy: 0.9852
[2026-05-25 06:33:07,603] Epoch 25 - Training loss: 0.020952   Test Accuracy: 0.9859
[2026-05-25 06:34:06,208] Epoch 26 - Training loss: 0.019322   Test Accuracy: 0.9860
[2026-05-25 06:35:13,559] Epoch 27 - Training loss: 0.020395   Test Accuracy: 0.9838
[2026-05-25 06:36:11,778] Epoch 28 - Training loss: 0.019726   Test Accuracy: 0.9855
[2026-05-25 06:37:15,797] Epoch 29 - Training loss: 0.019204   Test Accuracy: 0.9873
[2026-05-25 06:38:28,446] Epoch 30 - Training loss: 0.019322   Test Accuracy: 0.9851
aihwkit path:  /home/bong/analog_stress_test/aihwkit-fork/src/aihwkit/__init__.py
NeurIPS-2025/S2-mnist-CNN.py --CUDA 0 --SETTING TT-v1 --RPU Pow --tau 0.7 --res-gamma 0.5 --res-state 140
Using Device:  cuda:0
Logging to file: runs/MNIST-CNN/Pow-gamma=0.5-state=140/TT-v1-tau=0.7/events.out.tfevents.1779656710.user.551134.0

Training Time (s) = 1996.2376182079315
