# CMD: CUDA_VISIBLE_DEVICES=2 PYTHONPATH=/home/bong/analog_stress_test/analog-training SEED=2 python NeurIPS-2025/S2-mnist-CNN.py --CUDA 0 --SETTING TT-v1 --RPU Pow --tau 0.7 --res-gamma 2.0 --res-state 140
[2026-05-25 07:47:00,336] Epoch 0 - Training loss: --------   Test Accuracy: 0.1288
[2026-05-25 07:48:13,172] Epoch 1 - Training loss: 0.978880   Test Accuracy: 0.8668
[2026-05-25 07:49:25,957] Epoch 2 - Training loss: 0.396614   Test Accuracy: 0.8968
[2026-05-25 07:50:40,168] Epoch 3 - Training loss: 0.333152   Test Accuracy: 0.9059
[2026-05-25 07:52:03,187] Epoch 4 - Training loss: 0.303380   Test Accuracy: 0.9191
[2026-05-25 07:53:20,082] Epoch 5 - Training loss: 0.275040   Test Accuracy: 0.9176
[2026-05-25 07:54:34,207] Epoch 6 - Training loss: 0.271727   Test Accuracy: 0.9184
[2026-05-25 07:55:47,979] Epoch 7 - Training loss: 0.255864   Test Accuracy: 0.9254
[2026-05-25 07:57:01,571] Epoch 8 - Training loss: 0.243768   Test Accuracy: 0.9357
[2026-05-25 07:58:15,368] Epoch 9 - Training loss: 0.208101   Test Accuracy: 0.9374
[2026-05-25 07:59:31,330] Epoch 10 - Training loss: 0.201355   Test Accuracy: 0.9415
[2026-05-25 08:00:30,692] Epoch 11 - Training loss: 0.204140   Test Accuracy: 0.9379
[2026-05-25 08:01:34,666] Epoch 12 - Training loss: 0.211188   Test Accuracy: 0.9399
[2026-05-25 08:02:42,628] Epoch 13 - Training loss: 0.186339   Test Accuracy: 0.9419
[2026-05-25 08:03:58,978] Epoch 14 - Training loss: 0.185965   Test Accuracy: 0.9409
[2026-05-25 08:05:14,219] Epoch 15 - Training loss: 0.180100   Test Accuracy: 0.9503
[2026-05-25 08:06:23,560] Epoch 16 - Training loss: 0.169856   Test Accuracy: 0.9495
[2026-05-25 08:07:35,482] Epoch 17 - Training loss: 0.166982   Test Accuracy: 0.9514
[2026-05-25 08:08:35,933] Epoch 18 - Training loss: 0.166259   Test Accuracy: 0.9487
[2026-05-25 08:09:41,833] Epoch 19 - Training loss: 0.167908   Test Accuracy: 0.9497
[2026-05-25 08:10:48,541] Epoch 20 - Training loss: 0.157082   Test Accuracy: 0.9569
[2026-05-25 08:11:58,027] Epoch 21 - Training loss: 0.155028   Test Accuracy: 0.9540
[2026-05-25 08:13:09,921] Epoch 22 - Training loss: 0.156114   Test Accuracy: 0.9532
[2026-05-25 08:14:21,266] Epoch 23 - Training loss: 0.152583   Test Accuracy: 0.9554
[2026-05-25 08:15:32,674] Epoch 24 - Training loss: 0.144820   Test Accuracy: 0.9511
[2026-05-25 08:16:54,400] Epoch 25 - Training loss: 0.150515   Test Accuracy: 0.9510
[2026-05-25 08:18:10,012] Epoch 26 - Training loss: 0.157898   Test Accuracy: 0.9480
[2026-05-25 08:19:22,931] Epoch 27 - Training loss: 0.152773   Test Accuracy: 0.9527
[2026-05-25 08:20:35,820] Epoch 28 - Training loss: 0.150570   Test Accuracy: 0.9559
[2026-05-25 08:21:47,575] Epoch 29 - Training loss: 0.141996   Test Accuracy: 0.9562
[2026-05-25 08:23:02,086] Epoch 30 - Training loss: 0.137161   Test Accuracy: 0.9561
aihwkit path:  /home/bong/analog_stress_test/aihwkit-fork/src/aihwkit/__init__.py
NeurIPS-2025/S2-mnist-CNN.py --CUDA 0 --SETTING TT-v1 --RPU Pow --tau 0.7 --res-gamma 2.0 --res-state 140
Using Device:  cuda:0
Logging to file: runs/MNIST-CNN/Pow-gamma=2.0-state=140/TT-v1-tau=0.7/events.out.tfevents.1779662814.user.561739.0

Training Time (s) = 2165.319314479828
