# CMD: CUDA_VISIBLE_DEVICES=2 PYTHONPATH=/home/bong/analog_stress_test/analog-training SEED=1 python NeurIPS-2025/S2-mnist-CNN.py --CUDA 0 --SETTING TT-v1 --RPU Pow --tau 0.7 --res-gamma 4.0 --res-state 140
[2026-05-25 08:23:12,770] Epoch 0 - Training loss: --------   Test Accuracy: 0.1201
[2026-05-25 08:24:42,695] Epoch 1 - Training loss: 1.287667   Test Accuracy: 0.7811
[2026-05-25 08:26:16,505] Epoch 2 - Training loss: 0.662215   Test Accuracy: 0.7946
[2026-05-25 08:28:21,713] Epoch 3 - Training loss: 0.614862   Test Accuracy: 0.8127
[2026-05-25 08:30:29,770] Epoch 4 - Training loss: 0.585947   Test Accuracy: 0.8208
[2026-05-25 08:32:37,139] Epoch 5 - Training loss: 0.574387   Test Accuracy: 0.8107
[2026-05-25 08:34:35,210] Epoch 6 - Training loss: 0.590022   Test Accuracy: 0.7825
[2026-05-25 08:36:43,735] Epoch 7 - Training loss: 0.612476   Test Accuracy: 0.8151
[2026-05-25 08:38:53,498] Epoch 8 - Training loss: 0.577037   Test Accuracy: 0.8107
[2026-05-25 08:40:57,655] Epoch 9 - Training loss: 0.552358   Test Accuracy: 0.8279
[2026-05-25 08:43:07,223] Epoch 10 - Training loss: 0.573877   Test Accuracy: 0.8132
[2026-05-25 08:45:15,466] Epoch 11 - Training loss: 0.589350   Test Accuracy: 0.8163
[2026-05-25 08:47:22,634] Epoch 12 - Training loss: 0.535958   Test Accuracy: 0.8428
[2026-05-25 08:49:26,798] Epoch 13 - Training loss: 0.578200   Test Accuracy: 0.7975
[2026-05-25 08:51:36,875] Epoch 14 - Training loss: 0.585586   Test Accuracy: 0.8218
[2026-05-25 08:53:36,357] Epoch 15 - Training loss: 0.655721   Test Accuracy: 0.7913
[2026-05-25 08:55:43,817] Epoch 16 - Training loss: 0.628174   Test Accuracy: 0.8207
[2026-05-25 08:57:51,265] Epoch 17 - Training loss: 0.656929   Test Accuracy: 0.7586
[2026-05-25 09:00:02,014] Epoch 18 - Training loss: 0.699226   Test Accuracy: 0.7791
[2026-05-25 09:02:06,246] Epoch 19 - Training loss: 0.652807   Test Accuracy: 0.8039
[2026-05-25 09:04:14,583] Epoch 20 - Training loss: 0.628827   Test Accuracy: 0.7989
[2026-05-25 09:06:19,982] Epoch 21 - Training loss: 0.635585   Test Accuracy: 0.7866
[2026-05-25 09:08:27,451] Epoch 22 - Training loss: 0.664090   Test Accuracy: 0.8038
[2026-05-25 09:10:34,215] Epoch 23 - Training loss: 0.645227   Test Accuracy: 0.8040
[2026-05-25 09:12:44,998] Epoch 24 - Training loss: 0.611426   Test Accuracy: 0.8045
[2026-05-25 09:14:51,168] Epoch 25 - Training loss: 0.585674   Test Accuracy: 0.8126
[2026-05-25 09:16:56,446] Epoch 26 - Training loss: 0.566681   Test Accuracy: 0.8203
[2026-05-25 09:19:01,154] Epoch 27 - Training loss: 0.602137   Test Accuracy: 0.7792
[2026-05-25 09:21:07,246] Epoch 28 - Training loss: 0.641731   Test Accuracy: 0.7968
[2026-05-25 09:23:10,834] Epoch 29 - Training loss: 0.641488   Test Accuracy: 0.7787
[2026-05-25 09:25:16,656] Epoch 30 - Training loss: 0.658734   Test Accuracy: 0.7817
aihwkit path:  /home/bong/analog_stress_test/aihwkit-fork/src/aihwkit/__init__.py
NeurIPS-2025/S2-mnist-CNN.py --CUDA 0 --SETTING TT-v1 --RPU Pow --tau 0.7 --res-gamma 4.0 --res-state 140
Using Device:  cuda:0
Logging to file: runs/MNIST-CNN/Pow-gamma=4.0-state=140/TT-v1-tau=0.7/events.out.tfevents.1779664987.user.565214.0

Training Time (s) = 3727.721769094467
