# CMD: CUDA_VISIBLE_DEVICES=2 PYTHONPATH=/home/bong/analog_stress_test/analog-training SEED=2 python NeurIPS-2025/S2-mnist-CNN.py --CUDA 0 --SETTING TT-v1 --RPU Pow --tau 0.7 --res-gamma 0.1 --res-state 140
[2026-05-25 04:52:07,464] Epoch 0 - Training loss: --------   Test Accuracy: 0.1289
[2026-05-25 04:53:17,221] Epoch 1 - Training loss: 0.526384   Test Accuracy: 0.9625
[2026-05-25 04:54:22,334] Epoch 2 - Training loss: 0.106000   Test Accuracy: 0.9744
[2026-05-25 04:55:30,920] Epoch 3 - Training loss: 0.082253   Test Accuracy: 0.9767
[2026-05-25 04:56:38,895] Epoch 4 - Training loss: 0.068758   Test Accuracy: 0.9805
[2026-05-25 04:57:46,191] Epoch 5 - Training loss: 0.062350   Test Accuracy: 0.9794
[2026-05-25 04:58:55,693] Epoch 6 - Training loss: 0.059887   Test Accuracy: 0.9810
[2026-05-25 05:00:07,257] Epoch 7 - Training loss: 0.067441   Test Accuracy: 0.9824
[2026-05-25 05:01:22,622] Epoch 8 - Training loss: 0.062524   Test Accuracy: 0.9830
[2026-05-25 05:02:34,900] Epoch 9 - Training loss: 0.054273   Test Accuracy: 0.9825
[2026-05-25 05:03:49,043] Epoch 10 - Training loss: 0.057883   Test Accuracy: 0.9817
[2026-05-25 05:05:05,511] Epoch 11 - Training loss: 0.090698   Test Accuracy: 0.9168
[2026-05-25 05:06:20,120] Epoch 12 - Training loss: 0.196866   Test Accuracy: 0.9533
[2026-05-25 05:07:38,577] Epoch 13 - Training loss: 0.187295   Test Accuracy: 0.9169
[2026-05-25 05:08:51,163] Epoch 14 - Training loss: 0.217930   Test Accuracy: 0.9406
[2026-05-25 05:10:12,054] Epoch 15 - Training loss: 0.221112   Test Accuracy: 0.9400
[2026-05-25 05:11:32,493] Epoch 16 - Training loss: 0.230636   Test Accuracy: 0.9309
[2026-05-25 05:12:53,746] Epoch 17 - Training loss: 0.244910   Test Accuracy: 0.9269
[2026-05-25 05:14:12,390] Epoch 18 - Training loss: 0.229045   Test Accuracy: 0.9355
[2026-05-25 05:15:33,335] Epoch 19 - Training loss: 0.217461   Test Accuracy: 0.9398
[2026-05-25 05:16:54,681] Epoch 20 - Training loss: 0.206036   Test Accuracy: 0.9429
[2026-05-25 05:18:17,115] Epoch 21 - Training loss: 0.207537   Test Accuracy: 0.9370
[2026-05-25 05:19:37,474] Epoch 22 - Training loss: 0.213866   Test Accuracy: 0.9417
[2026-05-25 05:20:57,063] Epoch 23 - Training loss: 0.218133   Test Accuracy: 0.9368
[2026-05-25 05:22:16,749] Epoch 24 - Training loss: 0.203276   Test Accuracy: 0.9295
[2026-05-25 05:23:38,317] Epoch 25 - Training loss: 0.216523   Test Accuracy: 0.9376
[2026-05-25 05:24:59,148] Epoch 26 - Training loss: 0.214167   Test Accuracy: 0.9369
[2026-05-25 05:26:12,019] Epoch 27 - Training loss: 0.224786   Test Accuracy: 0.9360
[2026-05-25 05:27:28,250] Epoch 28 - Training loss: 0.202183   Test Accuracy: 0.9456
[2026-05-25 05:28:47,420] Epoch 29 - Training loss: 0.176591   Test Accuracy: 0.9466
[2026-05-25 05:30:06,898] Epoch 30 - Training loss: 0.207659   Test Accuracy: 0.9300
aihwkit path:  /home/bong/analog_stress_test/aihwkit-fork/src/aihwkit/__init__.py
NeurIPS-2025/S2-mnist-CNN.py --CUDA 0 --SETTING TT-v1 --RPU Pow --tau 0.7 --res-gamma 0.1 --res-state 140
Using Device:  cuda:0
Logging to file: runs/MNIST-CNN/Pow-gamma=0.1-state=140/TT-v1-tau=0.7/events.out.tfevents.1779652321.user.543439.0

Training Time (s) = 2283.1761560440063
