# CMD: CUDA_VISIBLE_DEVICES=2 PYTHONPATH=/home/bong/analog_stress_test/analog-training SEED=1 python NeurIPS-2025/S2-mnist-CNN.py --CUDA 0 --SETTING TT-v1 --RPU Pow --tau 0.7 --res-gamma 0.1 --res-state 140
[2026-05-25 04:46:29,339] Epoch 0 - Training loss: --------   Test Accuracy: 0.1201
[2026-05-25 04:47:40,142] Epoch 1 - Training loss: 0.582414   Test Accuracy: 0.9605
[2026-05-25 04:48:45,106] Epoch 2 - Training loss: 0.121849   Test Accuracy: 0.9672
[2026-05-25 04:49:57,021] Epoch 3 - Training loss: 0.093082   Test Accuracy: 0.9729
[2026-05-25 04:51:06,917] Epoch 4 - Training loss: 0.078012   Test Accuracy: 0.9793
[2026-05-25 04:52:20,252] Epoch 5 - Training loss: 0.072036   Test Accuracy: 0.9772
[2026-05-25 04:53:30,901] Epoch 6 - Training loss: 0.078619   Test Accuracy: 0.9400
[2026-05-25 04:54:39,421] Epoch 7 - Training loss: 0.107346   Test Accuracy: 0.9765
[2026-05-25 04:55:49,700] Epoch 8 - Training loss: 0.069016   Test Accuracy: 0.9782
[2026-05-25 04:57:04,939] Epoch 9 - Training loss: 0.064512   Test Accuracy: 0.9784
[2026-05-25 04:58:25,175] Epoch 10 - Training loss: 0.240373   Test Accuracy: 0.9287
[2026-05-25 04:59:41,209] Epoch 11 - Training loss: 0.228076   Test Accuracy: 0.9364
[2026-05-25 05:00:56,486] Epoch 12 - Training loss: 0.230372   Test Accuracy: 0.9289
[2026-05-25 05:02:14,097] Epoch 13 - Training loss: 0.225215   Test Accuracy: 0.9375
[2026-05-25 05:03:30,994] Epoch 14 - Training loss: 0.207536   Test Accuracy: 0.9359
[2026-05-25 05:04:48,711] Epoch 15 - Training loss: 0.189151   Test Accuracy: 0.9542
[2026-05-25 05:06:07,727] Epoch 16 - Training loss: 0.196730   Test Accuracy: 0.9372
[2026-05-25 05:07:27,112] Epoch 17 - Training loss: 0.219903   Test Accuracy: 0.9346
[2026-05-25 05:08:56,218] Epoch 18 - Training loss: 0.221679   Test Accuracy: 0.9298
[2026-05-25 05:10:17,237] Epoch 19 - Training loss: 0.230751   Test Accuracy: 0.9346
[2026-05-25 05:11:38,005] Epoch 20 - Training loss: 0.226350   Test Accuracy: 0.9275
[2026-05-25 05:12:59,067] Epoch 21 - Training loss: 0.240020   Test Accuracy: 0.9289
[2026-05-25 05:14:20,902] Epoch 22 - Training loss: 0.220228   Test Accuracy: 0.9367
[2026-05-25 05:15:47,405] Epoch 23 - Training loss: 0.227578   Test Accuracy: 0.9290
[2026-05-25 05:17:07,849] Epoch 24 - Training loss: 0.253341   Test Accuracy: 0.9305
[2026-05-25 05:18:30,152] Epoch 25 - Training loss: 0.261204   Test Accuracy: 0.9213
[2026-05-25 05:19:54,476] Epoch 26 - Training loss: 0.245702   Test Accuracy: 0.9303
[2026-05-25 05:21:18,360] Epoch 27 - Training loss: 0.256468   Test Accuracy: 0.9222
[2026-05-25 05:22:32,028] Epoch 28 - Training loss: 0.256694   Test Accuracy: 0.9234
[2026-05-25 05:23:53,889] Epoch 29 - Training loss: 0.257521   Test Accuracy: 0.9147
[2026-05-25 05:25:16,349] Epoch 30 - Training loss: 0.256897   Test Accuracy: 0.9289
aihwkit path:  /home/bong/analog_stress_test/aihwkit-fork/src/aihwkit/__init__.py
NeurIPS-2025/S2-mnist-CNN.py --CUDA 0 --SETTING TT-v1 --RPU Pow --tau 0.7 --res-gamma 0.1 --res-state 140
Using Device:  cuda:0
Logging to file: runs/MNIST-CNN/Pow-gamma=0.1-state=140/TT-v1-tau=0.7/events.out.tfevents.1779651983.user.542978.0

Training Time (s) = 2330.89688038826
