# CMD: CUDA_VISIBLE_DEVICES=2 PYTHONPATH=/home/bong/analog_stress_test/analog-training SEED=1 python NeurIPS-2025/S2-mnist-CNN.py --CUDA 0 --SETTING TT-v1 --RPU Pow --tau 0.7 --res-gamma 8.0 --res-state 140
[2026-05-25 09:29:54,481] Epoch 0 - Training loss: --------   Test Accuracy: 0.1176
[2026-05-25 09:32:46,733] Epoch 1 - Training loss: 1.860759   Test Accuracy: 0.4931
[2026-05-25 09:36:11,861] Epoch 2 - Training loss: 1.422269   Test Accuracy: 0.5244
[2026-05-25 09:39:36,774] Epoch 3 - Training loss: 1.472858   Test Accuracy: 0.4617
[2026-05-25 09:42:51,959] Epoch 4 - Training loss: 1.553245   Test Accuracy: 0.4507
[2026-05-25 09:46:09,176] Epoch 5 - Training loss: 1.524068   Test Accuracy: 0.5143
[2026-05-25 09:49:16,811] Epoch 6 - Training loss: 1.567964   Test Accuracy: 0.4836
[2026-05-25 09:52:11,245] Epoch 7 - Training loss: 1.789551   Test Accuracy: 0.4223
[2026-05-25 09:54:55,944] Epoch 8 - Training loss: 1.788829   Test Accuracy: 0.1004
[2026-05-25 09:57:18,335] Epoch 9 - Training loss: 2.376096   Test Accuracy: 0.1041
[2026-05-25 09:59:40,710] Epoch 10 - Training loss: 2.308130   Test Accuracy: 0.1201
[2026-05-25 10:01:58,354] Epoch 11 - Training loss: 2.297051   Test Accuracy: 0.1263
[2026-05-25 10:04:22,789] Epoch 12 - Training loss: 2.286409   Test Accuracy: 0.1262
[2026-05-25 10:06:48,765] Epoch 13 - Training loss: 2.286530   Test Accuracy: 0.1250
[2026-05-25 10:09:08,414] Epoch 14 - Training loss: 2.290148   Test Accuracy: 0.1044
[2026-05-25 10:11:23,757] Epoch 15 - Training loss: 2.302365   Test Accuracy: 0.1038
[2026-05-25 10:13:41,161] Epoch 16 - Training loss: 2.294544   Test Accuracy: 0.1406
[2026-05-25 10:15:57,114] Epoch 17 - Training loss: 2.295656   Test Accuracy: 0.1110
[2026-05-25 10:17:58,288] Epoch 18 - Training loss: 2.303667   Test Accuracy: 0.1103
[2026-05-25 10:19:55,536] Epoch 19 - Training loss: 2.302432   Test Accuracy: 0.1075
[2026-05-25 10:21:57,898] Epoch 20 - Training loss: 2.302397   Test Accuracy: 0.1135
[2026-05-25 10:23:52,415] Epoch 21 - Training loss: 2.302744   Test Accuracy: 0.1135
[2026-05-25 10:25:38,237] Epoch 22 - Training loss: 2.302554   Test Accuracy: 0.0978
[2026-05-25 10:27:34,209] Epoch 23 - Training loss: 2.302433   Test Accuracy: 0.1130
[2026-05-25 10:29:37,720] Epoch 24 - Training loss: 2.302079   Test Accuracy: 0.1136
[2026-05-25 10:31:29,753] Epoch 25 - Training loss: 2.302604   Test Accuracy: 0.1135
[2026-05-25 10:33:31,196] Epoch 26 - Training loss: 2.302621   Test Accuracy: 0.1085
[2026-05-25 10:35:24,089] Epoch 27 - Training loss: 2.302323   Test Accuracy: 0.1137
[2026-05-25 10:37:12,781] Epoch 28 - Training loss: 2.302735   Test Accuracy: 0.1036
[2026-05-25 10:39:54,335] Epoch 29 - Training loss: 2.302711   Test Accuracy: 0.0958
[2026-05-25 10:42:36,344] Epoch 30 - Training loss: 2.302704   Test Accuracy: 0.1028
aihwkit path:  /home/bong/analog_stress_test/aihwkit-fork/src/aihwkit/__init__.py
NeurIPS-2025/S2-mnist-CNN.py --CUDA 0 --SETTING TT-v1 --RPU Pow --tau 0.7 --res-gamma 8.0 --res-state 140
Using Device:  cuda:0
Logging to file: runs/MNIST-CNN/Pow-gamma=8.0-state=140/TT-v1-tau=0.7/events.out.tfevents.1779668987.user.572025.0

Training Time (s) = 4367.14074754715
