# CMD: CUDA_VISIBLE_DEVICES=2 PYTHONPATH=/home/bong/analog_stress_test/analog-training SEED=1 python NeurIPS-2025/S2-mnist-CNN.py --CUDA 0 --SETTING TT-v1 --RPU Pow --tau 0.7 --res-gamma 0.5 --res-state 140
[2026-05-25 05:30:17,675] Epoch 0 - Training loss: --------   Test Accuracy: 0.1186
[2026-05-25 05:31:24,537] Epoch 1 - Training loss: 0.693934   Test Accuracy: 0.9290
[2026-05-25 05:32:36,540] Epoch 2 - Training loss: 0.178493   Test Accuracy: 0.9595
[2026-05-25 05:33:42,200] Epoch 3 - Training loss: 0.120878   Test Accuracy: 0.9676
[2026-05-25 05:34:49,837] Epoch 4 - Training loss: 0.092907   Test Accuracy: 0.9748
[2026-05-25 05:35:58,677] Epoch 5 - Training loss: 0.075170   Test Accuracy: 0.9755
[2026-05-25 05:37:06,540] Epoch 6 - Training loss: 0.069290   Test Accuracy: 0.9741
[2026-05-25 05:38:14,385] Epoch 7 - Training loss: 0.062455   Test Accuracy: 0.9800
[2026-05-25 05:39:23,597] Epoch 8 - Training loss: 0.055129   Test Accuracy: 0.9813
[2026-05-25 05:40:28,066] Epoch 9 - Training loss: 0.051396   Test Accuracy: 0.9816
[2026-05-25 05:41:35,828] Epoch 10 - Training loss: 0.049380   Test Accuracy: 0.9830
[2026-05-25 05:42:45,761] Epoch 11 - Training loss: 0.043973   Test Accuracy: 0.9833
[2026-05-25 05:43:56,041] Epoch 12 - Training loss: 0.043402   Test Accuracy: 0.9805
[2026-05-25 05:45:06,559] Epoch 13 - Training loss: 0.038623   Test Accuracy: 0.9824
[2026-05-25 05:46:18,044] Epoch 14 - Training loss: 0.037644   Test Accuracy: 0.9844
[2026-05-25 05:47:35,728] Epoch 15 - Training loss: 0.037541   Test Accuracy: 0.9837
[2026-05-25 05:48:47,237] Epoch 16 - Training loss: 0.035605   Test Accuracy: 0.9837
[2026-05-25 05:49:58,006] Epoch 17 - Training loss: 0.033413   Test Accuracy: 0.9826
[2026-05-25 05:51:02,178] Epoch 18 - Training loss: 0.032285   Test Accuracy: 0.9852
[2026-05-25 05:52:06,464] Epoch 19 - Training loss: 0.031266   Test Accuracy: 0.9835
[2026-05-25 05:53:26,185] Epoch 20 - Training loss: 0.029312   Test Accuracy: 0.9849
[2026-05-25 05:54:40,068] Epoch 21 - Training loss: 0.028526   Test Accuracy: 0.9856
[2026-05-25 05:55:52,055] Epoch 22 - Training loss: 0.026547   Test Accuracy: 0.9841
[2026-05-25 05:57:04,308] Epoch 23 - Training loss: 0.028523   Test Accuracy: 0.9853
[2026-05-25 05:58:18,986] Epoch 24 - Training loss: 0.024469   Test Accuracy: 0.9834
[2026-05-25 05:59:33,840] Epoch 25 - Training loss: 0.024741   Test Accuracy: 0.9850
[2026-05-25 06:00:40,024] Epoch 26 - Training loss: 0.025480   Test Accuracy: 0.9858
[2026-05-25 06:01:42,906] Epoch 27 - Training loss: 0.025102   Test Accuracy: 0.9850
[2026-05-25 06:02:53,343] Epoch 28 - Training loss: 0.026372   Test Accuracy: 0.9866
[2026-05-25 06:04:05,403] Epoch 29 - Training loss: 0.025366   Test Accuracy: 0.9874
[2026-05-25 06:05:06,361] Epoch 30 - Training loss: 0.025557   Test Accuracy: 0.9851
aihwkit path:  /home/bong/analog_stress_test/aihwkit-fork/src/aihwkit/__init__.py
NeurIPS-2025/S2-mnist-CNN.py --CUDA 0 --SETTING TT-v1 --RPU Pow --tau 0.7 --res-gamma 0.5 --res-state 140
Using Device:  cuda:0
Logging to file: runs/MNIST-CNN/Pow-gamma=0.5-state=140/TT-v1-tau=0.7/events.out.tfevents.1779654612.user.547510.0

Training Time (s) = 2092.364599943161
