# CMD: CUDA_VISIBLE_DEVICES=2 PYTHONPATH=/home/bong/analog_stress_test/analog-training SEED=3 python NeurIPS-2025/S2-mnist-CNN.py --CUDA 0 --SETTING TT-v1 --RPU Pow --tau 0.7 --res-gamma 0.1 --res-state 140
[2026-05-25 05:25:26,030] Epoch 0 - Training loss: --------   Test Accuracy: 0.1314
[2026-05-25 05:26:37,008] Epoch 1 - Training loss: 0.515887   Test Accuracy: 0.9591
[2026-05-25 05:27:55,334] Epoch 2 - Training loss: 0.112256   Test Accuracy: 0.9643
[2026-05-25 05:29:08,551] Epoch 3 - Training loss: 0.083144   Test Accuracy: 0.9775
[2026-05-25 05:30:16,203] Epoch 4 - Training loss: 0.076427   Test Accuracy: 0.9765
[2026-05-25 05:31:35,390] Epoch 5 - Training loss: 0.073558   Test Accuracy: 0.9794
[2026-05-25 05:32:50,558] Epoch 6 - Training loss: 0.257095   Test Accuracy: 0.9034
[2026-05-25 05:34:04,432] Epoch 7 - Training loss: 0.241219   Test Accuracy: 0.9486
[2026-05-25 05:35:17,804] Epoch 8 - Training loss: 0.189832   Test Accuracy: 0.9460
[2026-05-25 05:36:25,434] Epoch 9 - Training loss: 0.194353   Test Accuracy: 0.9440
[2026-05-25 05:37:32,997] Epoch 10 - Training loss: 0.166170   Test Accuracy: 0.9596
[2026-05-25 05:38:39,984] Epoch 11 - Training loss: 0.169728   Test Accuracy: 0.9489
[2026-05-25 05:39:53,733] Epoch 12 - Training loss: 0.144087   Test Accuracy: 0.9647
[2026-05-25 05:41:08,113] Epoch 13 - Training loss: 0.164895   Test Accuracy: 0.9389
[2026-05-25 05:42:21,712] Epoch 14 - Training loss: 0.195140   Test Accuracy: 0.9342
[2026-05-25 05:43:35,366] Epoch 15 - Training loss: 0.210238   Test Accuracy: 0.9445
[2026-05-25 05:44:49,787] Epoch 16 - Training loss: 0.192794   Test Accuracy: 0.9410
[2026-05-25 05:46:06,481] Epoch 17 - Training loss: 0.195003   Test Accuracy: 0.9457
[2026-05-25 05:47:15,827] Epoch 18 - Training loss: 0.318113   Test Accuracy: 0.9031
[2026-05-25 05:48:25,373] Epoch 19 - Training loss: 0.266057   Test Accuracy: 0.7905
[2026-05-25 05:49:36,382] Epoch 20 - Training loss: 0.273918   Test Accuracy: 0.8813
[2026-05-25 05:50:53,554] Epoch 21 - Training loss: 0.332239   Test Accuracy: 0.9047
[2026-05-25 05:52:10,043] Epoch 22 - Training loss: 0.299585   Test Accuracy: 0.9178
[2026-05-25 05:53:19,860] Epoch 23 - Training loss: 0.294028   Test Accuracy: 0.9111
[2026-05-25 05:54:38,257] Epoch 24 - Training loss: 0.290090   Test Accuracy: 0.9121
[2026-05-25 05:55:47,578] Epoch 25 - Training loss: 0.272511   Test Accuracy: 0.9008
[2026-05-25 05:56:56,496] Epoch 26 - Training loss: 0.308913   Test Accuracy: 0.8842
[2026-05-25 05:58:06,906] Epoch 27 - Training loss: 0.344332   Test Accuracy: 0.9034
[2026-05-25 05:59:16,440] Epoch 28 - Training loss: 0.299579   Test Accuracy: 0.9063
[2026-05-25 06:00:24,686] Epoch 29 - Training loss: 0.266765   Test Accuracy: 0.9223
[2026-05-25 06:01:34,828] Epoch 30 - Training loss: 0.243396   Test Accuracy: 0.9304
aihwkit path:  /home/bong/analog_stress_test/aihwkit-fork/src/aihwkit/__init__.py
NeurIPS-2025/S2-mnist-CNN.py --CUDA 0 --SETTING TT-v1 --RPU Pow --tau 0.7 --res-gamma 0.1 --res-state 140
Using Device:  cuda:0
Logging to file: runs/MNIST-CNN/Pow-gamma=0.1-state=140/TT-v1-tau=0.7/events.out.tfevents.1779654319.user.546830.0

Training Time (s) = 2173.138294696808
