# CMD: CUDA_VISIBLE_DEVICES=2 PYTHONPATH=/home/bong/analog_stress_test/analog-training SEED=2 python NeurIPS-2025/S2-mnist-CNN.py --CUDA 0 --SETTING TT-v1 --RPU Pow --tau 0.7 --res-gamma 4.0 --res-state 140
[2026-05-25 08:26:00,380] Epoch 0 - Training loss: --------   Test Accuracy: 0.1367
[2026-05-25 08:28:01,945] Epoch 1 - Training loss: 1.322168   Test Accuracy: 0.7407
[2026-05-25 08:30:03,601] Epoch 2 - Training loss: 0.722122   Test Accuracy: 0.7990
[2026-05-25 08:32:09,330] Epoch 3 - Training loss: 0.667648   Test Accuracy: 0.7929
[2026-05-25 08:34:24,587] Epoch 4 - Training loss: 0.659562   Test Accuracy: 0.7945
[2026-05-25 08:36:38,227] Epoch 5 - Training loss: 0.640094   Test Accuracy: 0.7991
[2026-05-25 08:38:50,173] Epoch 6 - Training loss: 0.662850   Test Accuracy: 0.8089
[2026-05-25 08:40:54,504] Epoch 7 - Training loss: 0.594745   Test Accuracy: 0.8150
[2026-05-25 08:43:04,488] Epoch 8 - Training loss: 0.586984   Test Accuracy: 0.8355
[2026-05-25 08:45:15,231] Epoch 9 - Training loss: 0.561055   Test Accuracy: 0.8155
[2026-05-25 08:47:22,444] Epoch 10 - Training loss: 0.579197   Test Accuracy: 0.8310
[2026-05-25 08:49:27,162] Epoch 11 - Training loss: 0.521343   Test Accuracy: 0.8227
[2026-05-25 08:51:37,631] Epoch 12 - Training loss: 0.594571   Test Accuracy: 0.8002
[2026-05-25 08:53:54,850] Epoch 13 - Training loss: 0.618812   Test Accuracy: 0.8308
[2026-05-25 08:56:02,443] Epoch 14 - Training loss: 0.598994   Test Accuracy: 0.7929
[2026-05-25 08:58:11,103] Epoch 15 - Training loss: 0.632630   Test Accuracy: 0.7918
[2026-05-25 09:00:26,820] Epoch 16 - Training loss: 0.662428   Test Accuracy: 0.7998
[2026-05-25 09:02:38,307] Epoch 17 - Training loss: 0.686855   Test Accuracy: 0.7941
[2026-05-25 09:04:49,001] Epoch 18 - Training loss: 0.638369   Test Accuracy: 0.8239
[2026-05-25 09:06:55,561] Epoch 19 - Training loss: 0.646476   Test Accuracy: 0.7189
[2026-05-25 09:09:02,552] Epoch 20 - Training loss: 0.649373   Test Accuracy: 0.8084
[2026-05-25 09:11:12,500] Epoch 21 - Training loss: 0.694789   Test Accuracy: 0.7444
[2026-05-25 09:13:19,886] Epoch 22 - Training loss: 0.744944   Test Accuracy: 0.7541
[2026-05-25 09:15:25,684] Epoch 23 - Training loss: 0.694035   Test Accuracy: 0.7544
[2026-05-25 09:17:28,618] Epoch 24 - Training loss: 0.716596   Test Accuracy: 0.7797
[2026-05-25 09:19:31,512] Epoch 25 - Training loss: 0.707587   Test Accuracy: 0.7517
[2026-05-25 09:21:33,053] Epoch 26 - Training loss: 0.717816   Test Accuracy: 0.7748
[2026-05-25 09:23:37,702] Epoch 27 - Training loss: 0.653784   Test Accuracy: 0.7957
[2026-05-25 09:25:37,796] Epoch 28 - Training loss: 0.687975   Test Accuracy: 0.7652
[2026-05-25 09:27:40,158] Epoch 29 - Training loss: 0.724265   Test Accuracy: 0.7535
[2026-05-25 09:29:42,098] Epoch 30 - Training loss: 0.691718   Test Accuracy: 0.7905
aihwkit path:  /home/bong/analog_stress_test/aihwkit-fork/src/aihwkit/__init__.py
NeurIPS-2025/S2-mnist-CNN.py --CUDA 0 --SETTING TT-v1 --RPU Pow --tau 0.7 --res-gamma 4.0 --res-state 140
Using Device:  cuda:0
Logging to file: runs/MNIST-CNN/Pow-gamma=4.0-state=140/TT-v1-tau=0.7/events.out.tfevents.1779665153.user.565870.0

Training Time (s) = 3827.086450099945
