# CMD: CUDA_VISIBLE_DEVICES=3 PYTHONPATH=/home/bong/analog_stress_test/analog-training SEED=1 python NeurIPS-2025/S2-mnist-FCN.py --CUDA 0 --SETTING Analog SGD --RPU EcRam
[2026-05-21 05:01:36,727] Epoch 0 - Training loss: --------   Test Accuracy: 0.1023
[2026-05-21 05:02:29,796] Epoch 1 - Training loss: 2.115543   Test Accuracy: 0.8319
[2026-05-21 05:03:15,645] Epoch 2 - Training loss: 0.252528   Test Accuracy: 0.9483
[2026-05-21 05:04:01,112] Epoch 3 - Training loss: 0.146469   Test Accuracy: 0.9577
[2026-05-21 05:04:48,162] Epoch 4 - Training loss: 0.114854   Test Accuracy: 0.9638
[2026-05-21 05:05:40,267] Epoch 5 - Training loss: 0.099435   Test Accuracy: 0.9593
[2026-05-21 05:06:29,989] Epoch 6 - Training loss: 0.089781   Test Accuracy: 0.9677
[2026-05-21 05:07:16,444] Epoch 7 - Training loss: 0.080207   Test Accuracy: 0.9665
[2026-05-21 05:08:03,459] Epoch 8 - Training loss: 0.074348   Test Accuracy: 0.9726
[2026-05-21 05:08:52,680] Epoch 9 - Training loss: 0.070016   Test Accuracy: 0.9717
[2026-05-21 05:09:41,925] Epoch 10 - Training loss: 0.063450   Test Accuracy: 0.9690
[2026-05-21 05:10:31,122] Epoch 11 - Training loss: 0.060187   Test Accuracy: 0.9738
[2026-05-21 05:11:25,472] Epoch 12 - Training loss: 0.058681   Test Accuracy: 0.9753
[2026-05-21 05:12:08,897] Epoch 13 - Training loss: 0.053185   Test Accuracy: 0.9681
[2026-05-21 05:12:55,203] Epoch 14 - Training loss: 0.050017   Test Accuracy: 0.9729
[2026-05-21 05:13:39,389] Epoch 15 - Training loss: 0.046354   Test Accuracy: 0.9726
[2026-05-21 05:14:29,640] Epoch 16 - Training loss: 0.024380   Test Accuracy: 0.9788
[2026-05-21 05:15:15,622] Epoch 17 - Training loss: 0.017061   Test Accuracy: 0.9822
[2026-05-21 05:16:02,585] Epoch 18 - Training loss: 0.013211   Test Accuracy: 0.9796
[2026-05-21 05:16:50,793] Epoch 19 - Training loss: 0.012279   Test Accuracy: 0.9794
[2026-05-21 05:17:27,083] Epoch 20 - Training loss: 0.010012   Test Accuracy: 0.9811
[2026-05-21 05:18:12,917] Epoch 21 - Training loss: 0.011117   Test Accuracy: 0.9798
[2026-05-21 05:19:05,105] Epoch 22 - Training loss: 0.008575   Test Accuracy: 0.9813
[2026-05-21 05:19:53,151] Epoch 23 - Training loss: 0.007791   Test Accuracy: 0.9814
[2026-05-21 05:20:43,255] Epoch 24 - Training loss: 0.009610   Test Accuracy: 0.9805
[2026-05-21 05:21:33,165] Epoch 25 - Training loss: 0.008194   Test Accuracy: 0.9815
[2026-05-21 05:22:19,076] Epoch 26 - Training loss: 0.011032   Test Accuracy: 0.9814
[2026-05-21 05:23:03,483] Epoch 27 - Training loss: 0.010570   Test Accuracy: 0.9782
[2026-05-21 05:23:48,006] Epoch 28 - Training loss: 0.008444   Test Accuracy: 0.9772
[2026-05-21 05:24:36,324] Epoch 29 - Training loss: 0.007243   Test Accuracy: 0.9827
[2026-05-21 05:25:18,219] Epoch 30 - Training loss: 0.008180   Test Accuracy: 0.9794
aihwkit path:  /home/bong/analog_stress_test/aihwkit-fork/src/aihwkit/__init__.py
NeurIPS-2025/S2-mnist-FCN.py --CUDA 0 --SETTING Analog SGD --RPU EcRam
Using Device:  cuda:0
Logging to file: runs/MNIST-FCN/EcRam/Analog SGD-tau=1/events.out.tfevents.1779307291.user.2406468.0

Training Time (s) = 1424.7059786319733
