# CMD: CUDA_VISIBLE_DEVICES=3 PYTHONPATH=/home/bong/analog_stress_test/analog-training SEED=3 python NeurIPS-2025/S2-mnist-FCN.py --CUDA 0 --SETTING Analog SGD --RPU EcRam
[2026-05-21 05:25:28,206] Epoch 0 - Training loss: --------   Test Accuracy: 0.0911
[2026-05-21 05:26:19,599] Epoch 1 - Training loss: 2.302728   Test Accuracy: 0.1505
[2026-05-21 05:27:07,861] Epoch 2 - Training loss: 0.715084   Test Accuracy: 0.9420
[2026-05-21 05:27:55,615] Epoch 3 - Training loss: 0.163604   Test Accuracy: 0.9549
[2026-05-21 05:28:41,907] Epoch 4 - Training loss: 0.127756   Test Accuracy: 0.9594
[2026-05-21 05:29:29,275] Epoch 5 - Training loss: 0.107267   Test Accuracy: 0.9570
[2026-05-21 05:30:20,269] Epoch 6 - Training loss: 0.094709   Test Accuracy: 0.9581
[2026-05-21 05:31:08,532] Epoch 7 - Training loss: 0.083458   Test Accuracy: 0.9603
[2026-05-21 05:31:55,660] Epoch 8 - Training loss: 0.079508   Test Accuracy: 0.9600
[2026-05-21 05:32:47,873] Epoch 9 - Training loss: 0.068037   Test Accuracy: 0.9699
[2026-05-21 05:33:37,449] Epoch 10 - Training loss: 0.065956   Test Accuracy: 0.9710
[2026-05-21 05:34:26,229] Epoch 11 - Training loss: 0.060855   Test Accuracy: 0.9711
[2026-05-21 05:35:14,899] Epoch 12 - Training loss: 0.057339   Test Accuracy: 0.9750
[2026-05-21 05:36:02,788] Epoch 13 - Training loss: 0.057318   Test Accuracy: 0.9741
[2026-05-21 05:36:48,978] Epoch 14 - Training loss: 0.054669   Test Accuracy: 0.9731
[2026-05-21 05:37:36,388] Epoch 15 - Training loss: 0.052788   Test Accuracy: 0.9730
[2026-05-21 05:38:25,331] Epoch 16 - Training loss: 0.026045   Test Accuracy: 0.9820
[2026-05-21 05:39:16,681] Epoch 17 - Training loss: 0.018543   Test Accuracy: 0.9825
[2026-05-21 05:40:05,338] Epoch 18 - Training loss: 0.014952   Test Accuracy: 0.9798
[2026-05-21 05:40:52,195] Epoch 19 - Training loss: 0.013703   Test Accuracy: 0.9778
[2026-05-21 05:41:39,523] Epoch 20 - Training loss: 0.012827   Test Accuracy: 0.9802
[2026-05-21 05:42:24,288] Epoch 21 - Training loss: 0.013360   Test Accuracy: 0.9823
[2026-05-21 05:43:11,498] Epoch 22 - Training loss: 0.011682   Test Accuracy: 0.9806
[2026-05-21 05:43:59,370] Epoch 23 - Training loss: 0.010764   Test Accuracy: 0.9773
[2026-05-21 05:44:46,270] Epoch 24 - Training loss: 0.011106   Test Accuracy: 0.9807
[2026-05-21 05:45:35,966] Epoch 25 - Training loss: 0.010384   Test Accuracy: 0.9816
[2026-05-21 05:46:25,395] Epoch 26 - Training loss: 0.007998   Test Accuracy: 0.9821
[2026-05-21 05:47:14,277] Epoch 27 - Training loss: 0.009480   Test Accuracy: 0.9794
[2026-05-21 05:48:04,215] Epoch 28 - Training loss: 0.010306   Test Accuracy: 0.9753
[2026-05-21 05:48:49,556] Epoch 29 - Training loss: 0.011827   Test Accuracy: 0.9748
[2026-05-21 05:49:36,540] Epoch 30 - Training loss: 0.008089   Test Accuracy: 0.9804
aihwkit path:  /home/bong/analog_stress_test/aihwkit-fork/src/aihwkit/__init__.py
NeurIPS-2025/S2-mnist-FCN.py --CUDA 0 --SETTING Analog SGD --RPU EcRam
Using Device:  cuda:0
Logging to file: runs/MNIST-FCN/EcRam/Analog SGD-tau=1/events.out.tfevents.1779308723.user.2407433.0

Training Time (s) = 1451.5767796039581
