# CMD: CUDA_VISIBLE_DEVICES=3 PYTHONPATH=/home/bong/analog_stress_test/analog-training SEED=2 python NeurIPS-2025/S2-mnist-FCN.py --CUDA 0 --SETTING Analog SGD --RPU EcRamMO
[2026-05-21 05:49:46,035] Epoch 0 - Training loss: --------   Test Accuracy: 0.1009
[2026-05-21 05:50:34,994] Epoch 1 - Training loss: 2.286017   Test Accuracy: 0.5679
[2026-05-21 05:51:22,522] Epoch 2 - Training loss: 0.307256   Test Accuracy: 0.9498
[2026-05-21 05:52:09,809] Epoch 3 - Training loss: 0.148561   Test Accuracy: 0.9654
[2026-05-21 05:52:57,615] Epoch 4 - Training loss: 0.117415   Test Accuracy: 0.9617
[2026-05-21 05:53:47,658] Epoch 5 - Training loss: 0.102928   Test Accuracy: 0.9666
[2026-05-21 05:54:34,954] Epoch 6 - Training loss: 0.090238   Test Accuracy: 0.9586
[2026-05-21 05:55:13,856] Epoch 7 - Training loss: 0.082544   Test Accuracy: 0.9709
[2026-05-21 05:55:55,796] Epoch 8 - Training loss: 0.078996   Test Accuracy: 0.9685
[2026-05-21 05:56:44,063] Epoch 9 - Training loss: 0.073647   Test Accuracy: 0.9737
[2026-05-21 05:57:27,079] Epoch 10 - Training loss: 0.068948   Test Accuracy: 0.9718
[2026-05-21 05:58:14,900] Epoch 11 - Training loss: 0.065343   Test Accuracy: 0.9732
[2026-05-21 05:58:58,411] Epoch 12 - Training loss: 0.063926   Test Accuracy: 0.9692
[2026-05-21 05:59:51,382] Epoch 13 - Training loss: 0.060393   Test Accuracy: 0.9744
[2026-05-21 06:00:47,488] Epoch 14 - Training loss: 0.060435   Test Accuracy: 0.9612
[2026-05-21 06:01:44,137] Epoch 15 - Training loss: 0.056770   Test Accuracy: 0.9734
[2026-05-21 06:02:28,057] Epoch 16 - Training loss: 0.030260   Test Accuracy: 0.9805
[2026-05-21 06:03:14,078] Epoch 17 - Training loss: 0.021997   Test Accuracy: 0.9798
[2026-05-21 06:04:03,699] Epoch 18 - Training loss: 0.020583   Test Accuracy: 0.9801
[2026-05-21 06:04:55,477] Epoch 19 - Training loss: 0.017961   Test Accuracy: 0.9806
[2026-05-21 06:05:39,936] Epoch 20 - Training loss: 0.016840   Test Accuracy: 0.9783
[2026-05-21 06:06:27,148] Epoch 21 - Training loss: 0.017997   Test Accuracy: 0.9788
[2026-05-21 06:07:16,121] Epoch 22 - Training loss: 0.018060   Test Accuracy: 0.9796
[2026-05-21 06:08:01,137] Epoch 23 - Training loss: 0.020339   Test Accuracy: 0.9762
[2026-05-21 06:08:47,426] Epoch 24 - Training loss: 0.017179   Test Accuracy: 0.9804
[2026-05-21 06:09:30,681] Epoch 25 - Training loss: 0.017936   Test Accuracy: 0.9752
[2026-05-21 06:10:11,758] Epoch 26 - Training loss: 0.019530   Test Accuracy: 0.9769
[2026-05-21 06:10:50,452] Epoch 27 - Training loss: 0.021869   Test Accuracy: 0.9789
[2026-05-21 06:11:30,702] Epoch 28 - Training loss: 0.020533   Test Accuracy: 0.9773
[2026-05-21 06:12:18,976] Epoch 29 - Training loss: 0.019734   Test Accuracy: 0.9791
[2026-05-21 06:13:03,296] Epoch 30 - Training loss: 0.018461   Test Accuracy: 0.9760
aihwkit path:  /home/bong/analog_stress_test/aihwkit-fork/src/aihwkit/__init__.py
NeurIPS-2025/S2-mnist-FCN.py --CUDA 0 --SETTING Analog SGD --RPU EcRamMO
Using Device:  cuda:0
Logging to file: runs/MNIST-FCN/EcRamMO/Analog SGD-tau=1/events.out.tfevents.1779310180.user.2408164.0

Training Time (s) = 1400.5331473350525
