# CMD: CUDA_VISIBLE_DEVICES=3 PYTHONPATH=/home/bong/analog_stress_test/analog-training SEED=1 python NeurIPS-2025/S2-mnist-FCN.py --CUDA 0 --SETTING Analog SGD --RPU HfO2
[2026-05-21 04:35:29,821] Epoch 0 - Training loss: --------   Test Accuracy: 0.0914
[2026-05-21 04:36:15,098] Epoch 1 - Training loss: 2.245341   Test Accuracy: 0.2023
[2026-05-21 04:36:56,667] Epoch 2 - Training loss: 2.259768   Test Accuracy: 0.1533
[2026-05-21 04:37:46,188] Epoch 3 - Training loss: 2.232842   Test Accuracy: 0.0997
[2026-05-21 04:38:35,511] Epoch 4 - Training loss: 2.300237   Test Accuracy: 0.0958
[2026-05-21 04:39:25,550] Epoch 5 - Training loss: 2.329674   Test Accuracy: 0.2344
[2026-05-21 04:40:14,103] Epoch 6 - Training loss: 2.347955   Test Accuracy: 0.1192
[2026-05-21 04:41:02,935] Epoch 7 - Training loss: 2.338190   Test Accuracy: 0.1116
[2026-05-21 04:41:52,737] Epoch 8 - Training loss: 2.332609   Test Accuracy: 0.1135
[2026-05-21 04:42:42,122] Epoch 9 - Training loss: 2.331584   Test Accuracy: 0.1075
[2026-05-21 04:43:32,030] Epoch 10 - Training loss: 2.343588   Test Accuracy: 0.1032
[2026-05-21 04:44:23,272] Epoch 11 - Training loss: 2.345066   Test Accuracy: 0.0892
[2026-05-21 04:45:14,679] Epoch 12 - Training loss: 2.344988   Test Accuracy: 0.0882
[2026-05-21 04:46:07,066] Epoch 13 - Training loss: 2.345748   Test Accuracy: 0.0982
[2026-05-21 04:46:55,393] Epoch 14 - Training loss: 2.336954   Test Accuracy: 0.1009
[2026-05-21 04:47:46,126] Epoch 15 - Training loss: 2.337802   Test Accuracy: 0.1135
[2026-05-21 04:48:37,223] Epoch 16 - Training loss: 2.319319   Test Accuracy: 0.1144
[2026-05-21 04:49:25,790] Epoch 17 - Training loss: 2.320337   Test Accuracy: 0.1028
[2026-05-21 04:50:13,260] Epoch 18 - Training loss: 2.317222   Test Accuracy: 0.1135
[2026-05-21 04:51:04,819] Epoch 19 - Training loss: 2.314709   Test Accuracy: 0.1009
[2026-05-21 04:51:54,675] Epoch 20 - Training loss: 2.315469   Test Accuracy: 0.1135
[2026-05-21 04:52:49,080] Epoch 21 - Training loss: 2.313430   Test Accuracy: 0.0988
[2026-05-21 04:53:36,678] Epoch 22 - Training loss: 2.309258   Test Accuracy: 0.0975
[2026-05-21 04:54:27,531] Epoch 23 - Training loss: 2.314682   Test Accuracy: 0.1028
[2026-05-21 04:55:16,419] Epoch 24 - Training loss: 2.327873   Test Accuracy: 0.1032
[2026-05-21 04:56:08,181] Epoch 25 - Training loss: 2.312966   Test Accuracy: 0.0978
[2026-05-21 04:57:01,582] Epoch 26 - Training loss: 2.318331   Test Accuracy: 0.1135
[2026-05-21 04:57:57,659] Epoch 27 - Training loss: 2.321245   Test Accuracy: 0.1010
[2026-05-21 04:58:45,487] Epoch 28 - Training loss: 2.324348   Test Accuracy: 0.1010
[2026-05-21 04:59:36,441] Epoch 29 - Training loss: 2.325837   Test Accuracy: 0.0982
[2026-05-21 05:00:24,995] Epoch 30 - Training loss: 2.317094   Test Accuracy: 0.0892
aihwkit path:  /home/bong/analog_stress_test/aihwkit-fork/src/aihwkit/__init__.py
NeurIPS-2025/S2-mnist-FCN.py --CUDA 0 --SETTING Analog SGD --RPU HfO2
Using Device:  cuda:0
Logging to file: runs/MNIST-FCN/HfO2/Analog SGD-tau=1/events.out.tfevents.1779305724.user.2405506.0

Training Time (s) = 1498.9408872127533
