# CMD: CUDA_VISIBLE_DEVICES=0 PYTHONPATH=/home/bong/analog_stress_test/analog-training SEED=2 python NeurIPS-2025/S2-mnist-CNN.py --CUDA 0 --SETTING RL-v2 --RPU Pow --tau 0.7 --res-gamma 0.5 --res-state 140
[2026-05-25 21:34:06,776] Epoch 0 - Training loss: --------   Test Accuracy: 0.1523
[2026-05-25 21:35:38,415] Epoch 1 - Training loss: 0.455886   Test Accuracy: 0.9273
[2026-05-25 21:37:07,688] Epoch 2 - Training loss: 0.163692   Test Accuracy: 0.9697
[2026-05-25 21:38:48,779] Epoch 3 - Training loss: 0.092943   Test Accuracy: 0.9781
[2026-05-25 21:40:28,664] Epoch 4 - Training loss: 0.065336   Test Accuracy: 0.9826
[2026-05-25 21:42:09,919] Epoch 5 - Training loss: 0.050554   Test Accuracy: 0.9834
[2026-05-25 21:43:46,762] Epoch 6 - Training loss: 0.039979   Test Accuracy: 0.9853
[2026-05-25 21:45:24,944] Epoch 7 - Training loss: 0.032976   Test Accuracy: 0.9833
[2026-05-25 21:47:04,185] Epoch 8 - Training loss: 0.028898   Test Accuracy: 0.9856
[2026-05-25 21:48:46,468] Epoch 9 - Training loss: 0.024972   Test Accuracy: 0.9840
[2026-05-25 21:50:28,426] Epoch 10 - Training loss: 0.022241   Test Accuracy: 0.9819
[2026-05-25 21:52:09,886] Epoch 11 - Training loss: 0.020342   Test Accuracy: 0.9866
[2026-05-25 21:53:52,847] Epoch 12 - Training loss: 0.019080   Test Accuracy: 0.9848
[2026-05-25 21:55:34,588] Epoch 13 - Training loss: 0.018276   Test Accuracy: 0.9860
[2026-05-25 21:57:14,129] Epoch 14 - Training loss: 0.017211   Test Accuracy: 0.9848
[2026-05-25 21:58:54,891] Epoch 15 - Training loss: 0.016138   Test Accuracy: 0.9868
[2026-05-25 22:00:31,587] Epoch 16 - Training loss: 0.016486   Test Accuracy: 0.9846
[2026-05-25 22:02:13,351] Epoch 17 - Training loss: 0.016002   Test Accuracy: 0.9853
[2026-05-25 22:03:55,389] Epoch 18 - Training loss: 0.015221   Test Accuracy: 0.9857
[2026-05-25 22:05:34,928] Epoch 19 - Training loss: 0.016132   Test Accuracy: 0.9861
[2026-05-25 22:07:17,924] Epoch 20 - Training loss: 0.014340   Test Accuracy: 0.9866
[2026-05-25 22:09:00,851] Epoch 21 - Training loss: 0.013666   Test Accuracy: 0.9877
[2026-05-25 22:10:45,102] Epoch 22 - Training loss: 0.014073   Test Accuracy: 0.9860
[2026-05-25 22:12:25,894] Epoch 23 - Training loss: 0.014310   Test Accuracy: 0.9868
[2026-05-25 22:14:09,077] Epoch 24 - Training loss: 0.012994   Test Accuracy: 0.9846
[2026-05-25 22:15:48,779] Epoch 25 - Training loss: 0.011706   Test Accuracy: 0.9864
[2026-05-25 22:17:29,298] Epoch 26 - Training loss: 0.013922   Test Accuracy: 0.9877
[2026-05-25 22:19:11,630] Epoch 27 - Training loss: 0.012894   Test Accuracy: 0.9841
[2026-05-25 22:20:54,165] Epoch 28 - Training loss: 0.013096   Test Accuracy: 0.9868
[2026-05-25 22:22:29,172] Epoch 29 - Training loss: 0.012619   Test Accuracy: 0.9878
[2026-05-25 22:24:11,778] Epoch 30 - Training loss: 0.012548   Test Accuracy: 0.9853
aihwkit path:  /home/bong/analog_stress_test/aihwkit-fork/src/aihwkit/__init__.py
NeurIPS-2025/S2-mnist-CNN.py --CUDA 0 --SETTING RL-v2 --RPU Pow --tau 0.7 --res-gamma 0.5 --res-state 140
Using Device:  cuda:0
Logging to file: runs/MNIST-CNN/Pow-gamma=0.5-state=140/RL-v2-tau=0.7/events.out.tfevents.1779712440.user.677040.0

Training Time (s) = 3009.044797182083
