# CMD: CUDA_VISIBLE_DEVICES=1 PYTHONPATH=/home/bong/analog_stress_test/analog-training SEED=3 python NeurIPS-2025/S2-mnist-CNN.py --CUDA 0 --SETTING RL-v2 --RPU Pow --tau 0.7 --res-gamma 4.0 --res-state 140
[2026-05-26 02:44:04,589] Epoch 0 - Training loss: --------   Test Accuracy: 0.1341
[2026-05-26 02:46:08,853] Epoch 1 - Training loss: 0.989806   Test Accuracy: 0.8041
[2026-05-26 02:48:03,693] Epoch 2 - Training loss: 0.591924   Test Accuracy: 0.8403
[2026-05-26 02:50:05,034] Epoch 3 - Training loss: 0.442201   Test Accuracy: 0.8890
[2026-05-26 02:52:01,787] Epoch 4 - Training loss: 0.359878   Test Accuracy: 0.9073
[2026-05-26 02:53:59,563] Epoch 5 - Training loss: 0.308402   Test Accuracy: 0.9123
[2026-05-26 02:55:56,805] Epoch 6 - Training loss: 0.269156   Test Accuracy: 0.9160
[2026-05-26 02:57:52,843] Epoch 7 - Training loss: 0.246691   Test Accuracy: 0.9265
[2026-05-26 02:59:49,948] Epoch 8 - Training loss: 0.222767   Test Accuracy: 0.9471
[2026-05-26 03:01:47,271] Epoch 9 - Training loss: 0.207346   Test Accuracy: 0.9486
[2026-05-26 03:03:42,942] Epoch 10 - Training loss: 0.193494   Test Accuracy: 0.9438
[2026-05-26 03:05:35,656] Epoch 11 - Training loss: 0.180535   Test Accuracy: 0.9542
[2026-05-26 03:07:29,608] Epoch 12 - Training loss: 0.171047   Test Accuracy: 0.9601
[2026-05-26 03:09:26,162] Epoch 13 - Training loss: 0.163011   Test Accuracy: 0.9600
[2026-05-26 03:11:24,321] Epoch 14 - Training loss: 0.157109   Test Accuracy: 0.9582
[2026-05-26 03:13:20,271] Epoch 15 - Training loss: 0.146512   Test Accuracy: 0.9606
[2026-05-26 03:15:17,913] Epoch 16 - Training loss: 0.141442   Test Accuracy: 0.9399
[2026-05-26 03:17:17,128] Epoch 17 - Training loss: 0.137020   Test Accuracy: 0.9649
[2026-05-26 03:19:12,666] Epoch 18 - Training loss: 0.131099   Test Accuracy: 0.9570
[2026-05-26 03:21:10,217] Epoch 19 - Training loss: 0.126828   Test Accuracy: 0.9642
[2026-05-26 03:23:04,571] Epoch 20 - Training loss: 0.126864   Test Accuracy: 0.9676
[2026-05-26 03:24:58,955] Epoch 21 - Training loss: 0.122294   Test Accuracy: 0.9553
[2026-05-26 03:26:56,446] Epoch 22 - Training loss: 0.118631   Test Accuracy: 0.9716
[2026-05-26 03:28:53,233] Epoch 23 - Training loss: 0.117292   Test Accuracy: 0.9711
[2026-05-26 03:30:46,113] Epoch 24 - Training loss: 0.113518   Test Accuracy: 0.9691
[2026-05-26 03:32:42,446] Epoch 25 - Training loss: 0.112267   Test Accuracy: 0.9717
[2026-05-26 03:34:40,959] Epoch 26 - Training loss: 0.108693   Test Accuracy: 0.9554
[2026-05-26 03:36:37,793] Epoch 27 - Training loss: 0.108734   Test Accuracy: 0.9667
[2026-05-26 03:38:34,511] Epoch 28 - Training loss: 0.104630   Test Accuracy: 0.9690
[2026-05-26 03:40:28,697] Epoch 29 - Training loss: 0.103504   Test Accuracy: 0.9684
[2026-05-26 03:42:24,452] Epoch 30 - Training loss: 0.103821   Test Accuracy: 0.9712
aihwkit path:  /home/bong/analog_stress_test/aihwkit-fork/src/aihwkit/__init__.py
NeurIPS-2025/S2-mnist-CNN.py --CUDA 0 --SETTING RL-v2 --RPU Pow --tau 0.7 --res-gamma 4.0 --res-state 140
Using Device:  cuda:0
Logging to file: runs/MNIST-CNN/Pow-gamma=4.0-state=140/RL-v2-tau=0.7/events.out.tfevents.1779731037.user.721758.0

Training Time (s) = 3504.387493133545
