# CMD: CUDA_VISIBLE_DEVICES=3 PYTHONPATH=/home/bong/analog_stress_test/analog-training SEED=1 python NeurIPS-2025/S2-mnist-CNN.py --CUDA 0 --SETTING RL-v2 --RPU Pow --tau 0.7 --res-gamma 4.0 --res-state 140
[2026-05-26 00:53:58,104] Epoch 0 - Training loss: --------   Test Accuracy: 0.1408
[2026-05-26 00:55:47,642] Epoch 1 - Training loss: 1.131952   Test Accuracy: 0.7820
[2026-05-26 00:57:37,428] Epoch 2 - Training loss: 0.685906   Test Accuracy: 0.8398
[2026-05-26 00:59:24,534] Epoch 3 - Training loss: 0.513617   Test Accuracy: 0.8719
[2026-05-26 01:01:07,779] Epoch 4 - Training loss: 0.430163   Test Accuracy: 0.8880
[2026-05-26 01:02:47,236] Epoch 5 - Training loss: 0.368811   Test Accuracy: 0.8874
[2026-05-26 01:04:14,493] Epoch 6 - Training loss: 0.327611   Test Accuracy: 0.8687
[2026-05-26 01:05:49,425] Epoch 7 - Training loss: 0.296946   Test Accuracy: 0.9217
[2026-05-26 01:07:30,962] Epoch 8 - Training loss: 0.273519   Test Accuracy: 0.9328
[2026-05-26 01:09:11,694] Epoch 9 - Training loss: 0.248662   Test Accuracy: 0.9396
[2026-05-26 01:10:50,092] Epoch 10 - Training loss: 0.230954   Test Accuracy: 0.9345
[2026-05-26 01:12:24,101] Epoch 11 - Training loss: 0.215258   Test Accuracy: 0.9354
[2026-05-26 01:14:02,491] Epoch 12 - Training loss: 0.201670   Test Accuracy: 0.9451
[2026-05-26 01:15:39,980] Epoch 13 - Training loss: 0.193096   Test Accuracy: 0.9434
[2026-05-26 01:17:13,972] Epoch 14 - Training loss: 0.180958   Test Accuracy: 0.9530
[2026-05-26 01:18:53,057] Epoch 15 - Training loss: 0.170323   Test Accuracy: 0.9548
[2026-05-26 01:20:32,064] Epoch 16 - Training loss: 0.162563   Test Accuracy: 0.9430
[2026-05-26 01:22:08,190] Epoch 17 - Training loss: 0.157638   Test Accuracy: 0.9550
[2026-05-26 01:23:46,684] Epoch 18 - Training loss: 0.150026   Test Accuracy: 0.9523
[2026-05-26 01:25:24,542] Epoch 19 - Training loss: 0.146551   Test Accuracy: 0.9625
[2026-05-26 01:27:03,700] Epoch 20 - Training loss: 0.141186   Test Accuracy: 0.9666
[2026-05-26 01:28:42,875] Epoch 21 - Training loss: 0.138961   Test Accuracy: 0.9642
[2026-05-26 01:30:22,117] Epoch 22 - Training loss: 0.134432   Test Accuracy: 0.9537
[2026-05-26 01:32:00,982] Epoch 23 - Training loss: 0.130696   Test Accuracy: 0.9583
[2026-05-26 01:33:36,436] Epoch 24 - Training loss: 0.127618   Test Accuracy: 0.9647
[2026-05-26 01:35:11,830] Epoch 25 - Training loss: 0.126393   Test Accuracy: 0.9620
[2026-05-26 01:36:50,174] Epoch 26 - Training loss: 0.125083   Test Accuracy: 0.9688
[2026-05-26 01:38:28,010] Epoch 27 - Training loss: 0.122310   Test Accuracy: 0.9720
[2026-05-26 01:40:06,327] Epoch 28 - Training loss: 0.120017   Test Accuracy: 0.9664
[2026-05-26 01:41:44,268] Epoch 29 - Training loss: 0.117565   Test Accuracy: 0.9667
[2026-05-26 01:43:22,096] Epoch 30 - Training loss: 0.115419   Test Accuracy: 0.9708
aihwkit path:  /home/bong/analog_stress_test/aihwkit-fork/src/aihwkit/__init__.py
NeurIPS-2025/S2-mnist-CNN.py --CUDA 0 --SETTING RL-v2 --RPU Pow --tau 0.7 --res-gamma 4.0 --res-state 140
Using Device:  cuda:0
Logging to file: runs/MNIST-CNN/Pow-gamma=4.0-state=140/RL-v2-tau=0.7/events.out.tfevents.1779724431.user.708777.0

Training Time (s) = 2967.948769569397
