# CMD: CUDA_VISIBLE_DEVICES=0 PYTHONPATH=/home/bong/analog_stress_test/analog-training SEED=1 python NeurIPS-2025/S2-mnist-CNN.py --CUDA 0 --SETTING RL-v2 --RPU Pow --tau 0.7 --res-gamma 1.0 --res-state 140
[2026-05-25 22:24:22,698] Epoch 0 - Training loss: --------   Test Accuracy: 0.1408
[2026-05-25 22:25:54,970] Epoch 1 - Training loss: 0.655060   Test Accuracy: 0.9043
[2026-05-25 22:27:24,278] Epoch 2 - Training loss: 0.277685   Test Accuracy: 0.9415
[2026-05-25 22:28:58,719] Epoch 3 - Training loss: 0.163803   Test Accuracy: 0.9641
[2026-05-25 22:30:38,052] Epoch 4 - Training loss: 0.114420   Test Accuracy: 0.9712
[2026-05-25 22:32:18,226] Epoch 5 - Training loss: 0.087325   Test Accuracy: 0.9775
[2026-05-25 22:33:55,823] Epoch 6 - Training loss: 0.070058   Test Accuracy: 0.9731
[2026-05-25 22:35:32,885] Epoch 7 - Training loss: 0.057852   Test Accuracy: 0.9827
[2026-05-25 22:36:58,993] Epoch 8 - Training loss: 0.049637   Test Accuracy: 0.9791
[2026-05-25 22:38:35,668] Epoch 9 - Training loss: 0.043035   Test Accuracy: 0.9855
[2026-05-25 22:40:10,265] Epoch 10 - Training loss: 0.037096   Test Accuracy: 0.9857
[2026-05-25 22:41:50,963] Epoch 11 - Training loss: 0.033071   Test Accuracy: 0.9876
[2026-05-25 22:43:30,785] Epoch 12 - Training loss: 0.029837   Test Accuracy: 0.9853
[2026-05-25 22:45:08,923] Epoch 13 - Training loss: 0.027169   Test Accuracy: 0.9813
[2026-05-25 22:46:51,720] Epoch 14 - Training loss: 0.023696   Test Accuracy: 0.9881
[2026-05-25 22:48:31,534] Epoch 15 - Training loss: 0.020899   Test Accuracy: 0.9878
[2026-05-25 22:50:11,434] Epoch 16 - Training loss: 0.019020   Test Accuracy: 0.9871
[2026-05-25 22:51:51,841] Epoch 17 - Training loss: 0.016875   Test Accuracy: 0.9840
[2026-05-25 22:53:31,211] Epoch 18 - Training loss: 0.015636   Test Accuracy: 0.9871
[2026-05-25 22:55:14,090] Epoch 19 - Training loss: 0.014970   Test Accuracy: 0.9859
[2026-05-25 22:56:56,709] Epoch 20 - Training loss: 0.013891   Test Accuracy: 0.9870
[2026-05-25 22:58:31,039] Epoch 21 - Training loss: 0.011609   Test Accuracy: 0.9872
[2026-05-25 23:00:08,475] Epoch 22 - Training loss: 0.013136   Test Accuracy: 0.9862
[2026-05-25 23:01:47,628] Epoch 23 - Training loss: 0.012076   Test Accuracy: 0.9872
[2026-05-25 23:03:26,819] Epoch 24 - Training loss: 0.009995   Test Accuracy: 0.9867
[2026-05-25 23:05:07,044] Epoch 25 - Training loss: 0.011292   Test Accuracy: 0.9875
[2026-05-25 23:06:46,691] Epoch 26 - Training loss: 0.010359   Test Accuracy: 0.9862
[2026-05-25 23:08:15,457] Epoch 27 - Training loss: 0.010236   Test Accuracy: 0.9847
[2026-05-25 23:09:46,194] Epoch 28 - Training loss: 0.008740   Test Accuracy: 0.9882
[2026-05-25 23:11:28,212] Epoch 29 - Training loss: 0.009803   Test Accuracy: 0.9886
[2026-05-25 23:13:09,003] Epoch 30 - Training loss: 0.010142   Test Accuracy: 0.9860
aihwkit path:  /home/bong/analog_stress_test/aihwkit-fork/src/aihwkit/__init__.py
NeurIPS-2025/S2-mnist-CNN.py --CUDA 0 --SETTING RL-v2 --RPU Pow --tau 0.7 --res-gamma 1.0 --res-state 140
Using Device:  cuda:0
Logging to file: runs/MNIST-CNN/Pow-gamma=1.0-state=140/RL-v2-tau=0.7/events.out.tfevents.1779715455.user.685279.0

Training Time (s) = 2931.112813949585
