# CMD: CUDA_VISIBLE_DEVICES=0 PYTHONPATH=/home/bong/analog_stress_test/analog-training SEED=2 python NeurIPS-2025/S2-mnist-CNN.py --CUDA 0 --SETTING RL-v2 --RPU Pow --tau 0.7 --res-gamma 1.0 --res-state 140
[2026-05-25 22:26:22,163] Epoch 0 - Training loss: --------   Test Accuracy: 0.1511
[2026-05-25 22:27:54,963] Epoch 1 - Training loss: 0.618242   Test Accuracy: 0.8811
[2026-05-25 22:29:23,969] Epoch 2 - Training loss: 0.266277   Test Accuracy: 0.9514
[2026-05-25 22:31:02,995] Epoch 3 - Training loss: 0.160663   Test Accuracy: 0.9655
[2026-05-25 22:32:41,850] Epoch 4 - Training loss: 0.110906   Test Accuracy: 0.9681
[2026-05-25 22:34:24,984] Epoch 5 - Training loss: 0.082335   Test Accuracy: 0.9696
[2026-05-25 22:36:01,616] Epoch 6 - Training loss: 0.066246   Test Accuracy: 0.9829
[2026-05-25 22:37:44,702] Epoch 7 - Training loss: 0.055531   Test Accuracy: 0.9798
[2026-05-25 22:39:30,570] Epoch 8 - Training loss: 0.047765   Test Accuracy: 0.9849
[2026-05-25 22:41:09,418] Epoch 9 - Training loss: 0.041305   Test Accuracy: 0.9848
[2026-05-25 22:42:47,557] Epoch 10 - Training loss: 0.035294   Test Accuracy: 0.9848
[2026-05-25 22:44:24,384] Epoch 11 - Training loss: 0.030424   Test Accuracy: 0.9877
[2026-05-25 22:46:06,953] Epoch 12 - Training loss: 0.028281   Test Accuracy: 0.9880
[2026-05-25 22:47:50,858] Epoch 13 - Training loss: 0.024015   Test Accuracy: 0.9827
[2026-05-25 22:49:33,047] Epoch 14 - Training loss: 0.022356   Test Accuracy: 0.9868
[2026-05-25 22:51:08,249] Epoch 15 - Training loss: 0.018955   Test Accuracy: 0.9856
[2026-05-25 22:52:40,888] Epoch 16 - Training loss: 0.018180   Test Accuracy: 0.9873
[2026-05-25 22:54:20,361] Epoch 17 - Training loss: 0.017335   Test Accuracy: 0.9845
[2026-05-25 22:56:00,634] Epoch 18 - Training loss: 0.015278   Test Accuracy: 0.9852
[2026-05-25 22:57:43,028] Epoch 19 - Training loss: 0.014281   Test Accuracy: 0.9815
[2026-05-25 22:59:17,287] Epoch 20 - Training loss: 0.013223   Test Accuracy: 0.9881
[2026-05-25 23:00:54,789] Epoch 21 - Training loss: 0.012352   Test Accuracy: 0.9840
[2026-05-25 23:02:35,036] Epoch 22 - Training loss: 0.010964   Test Accuracy: 0.9872
[2026-05-25 23:04:15,963] Epoch 23 - Training loss: 0.012035   Test Accuracy: 0.9874
[2026-05-25 23:05:55,939] Epoch 24 - Training loss: 0.010708   Test Accuracy: 0.9892
[2026-05-25 23:07:32,915] Epoch 25 - Training loss: 0.010744   Test Accuracy: 0.9891
[2026-05-25 23:09:10,175] Epoch 26 - Training loss: 0.010241   Test Accuracy: 0.9858
[2026-05-25 23:10:49,775] Epoch 27 - Training loss: 0.009665   Test Accuracy: 0.9858
[2026-05-25 23:12:25,929] Epoch 28 - Training loss: 0.010358   Test Accuracy: 0.9864
[2026-05-25 23:13:57,043] Epoch 29 - Training loss: 0.008440   Test Accuracy: 0.9868
[2026-05-25 23:15:32,026] Epoch 30 - Training loss: 0.008789   Test Accuracy: 0.9880
aihwkit path:  /home/bong/analog_stress_test/aihwkit-fork/src/aihwkit/__init__.py
NeurIPS-2025/S2-mnist-CNN.py --CUDA 0 --SETTING RL-v2 --RPU Pow --tau 0.7 --res-gamma 1.0 --res-state 140
Using Device:  cuda:0
Logging to file: runs/MNIST-CNN/Pow-gamma=1.0-state=140/RL-v2-tau=0.7/events.out.tfevents.1779715575.user.685604.0

Training Time (s) = 2954.1856167316437
