# CMD: CUDA_VISIBLE_DEVICES=0 PYTHONPATH=/home/bong/analog_stress_test/analog-training SEED=3 python NeurIPS-2025/S2-mnist-CNN.py --CUDA 0 --SETTING RL-v2 --RPU Pow --tau 0.7 --res-gamma 0.1 --res-state 140
[2026-05-25 20:44:33,876] Epoch 0 - Training loss: --------   Test Accuracy: 0.1349
[2026-05-25 20:46:05,075] Epoch 1 - Training loss: 0.202466   Test Accuracy: 0.9719
[2026-05-25 20:47:42,951] Epoch 2 - Training loss: 0.074279   Test Accuracy: 0.9822
[2026-05-25 20:49:21,475] Epoch 3 - Training loss: 0.056179   Test Accuracy: 0.9843
[2026-05-25 20:51:01,764] Epoch 4 - Training loss: 0.044677   Test Accuracy: 0.9830
[2026-05-25 20:52:41,221] Epoch 5 - Training loss: 0.038569   Test Accuracy: 0.9839
[2026-05-25 20:54:21,143] Epoch 6 - Training loss: 0.036904   Test Accuracy: 0.9831
[2026-05-25 20:56:02,413] Epoch 7 - Training loss: 0.034155   Test Accuracy: 0.9854
[2026-05-25 20:57:43,218] Epoch 8 - Training loss: 0.032642   Test Accuracy: 0.9846
[2026-05-25 20:59:25,538] Epoch 9 - Training loss: 0.031610   Test Accuracy: 0.9808
[2026-05-25 21:01:05,355] Epoch 10 - Training loss: 0.030115   Test Accuracy: 0.9854
[2026-05-25 21:02:46,716] Epoch 11 - Training loss: 0.030516   Test Accuracy: 0.9844
[2026-05-25 21:04:29,073] Epoch 12 - Training loss: 0.029117   Test Accuracy: 0.9840
[2026-05-25 21:06:10,411] Epoch 13 - Training loss: 0.030009   Test Accuracy: 0.9853
[2026-05-25 21:07:53,122] Epoch 14 - Training loss: 0.029777   Test Accuracy: 0.9866
[2026-05-25 21:09:27,600] Epoch 15 - Training loss: 0.029700   Test Accuracy: 0.9836
[2026-05-25 21:11:00,552] Epoch 16 - Training loss: 0.028988   Test Accuracy: 0.9859
[2026-05-25 21:12:31,117] Epoch 17 - Training loss: 0.030132   Test Accuracy: 0.9780
[2026-05-25 21:14:01,171] Epoch 18 - Training loss: 0.029873   Test Accuracy: 0.9853
[2026-05-25 21:15:40,310] Epoch 19 - Training loss: 0.030897   Test Accuracy: 0.9857
[2026-05-25 21:17:18,736] Epoch 20 - Training loss: 0.031295   Test Accuracy: 0.9862
[2026-05-25 21:18:54,764] Epoch 21 - Training loss: 0.030960   Test Accuracy: 0.9818
[2026-05-25 21:20:36,881] Epoch 22 - Training loss: 0.029995   Test Accuracy: 0.9851
[2026-05-25 21:22:18,243] Epoch 23 - Training loss: 0.029385   Test Accuracy: 0.9845
[2026-05-25 21:24:01,065] Epoch 24 - Training loss: 0.027296   Test Accuracy: 0.9842
[2026-05-25 21:25:41,043] Epoch 25 - Training loss: 0.028723   Test Accuracy: 0.9840
[2026-05-25 21:27:21,707] Epoch 26 - Training loss: 0.027957   Test Accuracy: 0.9832
[2026-05-25 21:28:58,025] Epoch 27 - Training loss: 0.027542   Test Accuracy: 0.9862
[2026-05-25 21:30:30,845] Epoch 28 - Training loss: 0.027700   Test Accuracy: 0.9839
[2026-05-25 21:32:13,389] Epoch 29 - Training loss: 0.026310   Test Accuracy: 0.9853
[2026-05-25 21:33:55,432] Epoch 30 - Training loss: 0.026866   Test Accuracy: 0.9843
aihwkit path:  /home/bong/analog_stress_test/aihwkit-fork/src/aihwkit/__init__.py
NeurIPS-2025/S2-mnist-CNN.py --CUDA 0 --SETTING RL-v2 --RPU Pow --tau 0.7 --res-gamma 0.1 --res-state 140
Using Device:  cuda:0
Logging to file: runs/MNIST-CNN/Pow-gamma=0.1-state=140/RL-v2-tau=0.7/events.out.tfevents.1779709467.user.669070.0

Training Time (s) = 2965.8203468322754
