# CMD: CUDA_VISIBLE_DEVICES=0 PYTHONPATH=/home/bong/analog_stress_test/analog-training SEED=3 python NeurIPS-2025/S2-mnist-CNN.py --CUDA 0 --SETTING RL-v2 --RPU Pow --tau 0.7 --res-gamma 1.0 --res-state 140
[2026-05-25 23:13:18,949] Epoch 0 - Training loss: --------   Test Accuracy: 0.1326
[2026-05-25 23:14:51,224] Epoch 1 - Training loss: 0.580527   Test Accuracy: 0.9053
[2026-05-25 23:16:24,198] Epoch 2 - Training loss: 0.241949   Test Accuracy: 0.9164
[2026-05-25 23:18:03,417] Epoch 3 - Training loss: 0.144912   Test Accuracy: 0.9736
[2026-05-25 23:19:38,385] Epoch 4 - Training loss: 0.103808   Test Accuracy: 0.9759
[2026-05-25 23:21:16,354] Epoch 5 - Training loss: 0.077234   Test Accuracy: 0.9789
[2026-05-25 23:22:52,428] Epoch 6 - Training loss: 0.062603   Test Accuracy: 0.9811
[2026-05-25 23:24:30,853] Epoch 7 - Training loss: 0.051027   Test Accuracy: 0.9799
[2026-05-25 23:26:09,191] Epoch 8 - Training loss: 0.044485   Test Accuracy: 0.9804
[2026-05-25 23:27:49,430] Epoch 9 - Training loss: 0.037907   Test Accuracy: 0.9809
[2026-05-25 23:29:27,065] Epoch 10 - Training loss: 0.030957   Test Accuracy: 0.9835
[2026-05-25 23:31:06,162] Epoch 11 - Training loss: 0.026988   Test Accuracy: 0.9860
[2026-05-25 23:32:46,547] Epoch 12 - Training loss: 0.024629   Test Accuracy: 0.9840
[2026-05-25 23:34:24,479] Epoch 13 - Training loss: 0.021694   Test Accuracy: 0.9866
[2026-05-25 23:36:03,304] Epoch 14 - Training loss: 0.018864   Test Accuracy: 0.9850
[2026-05-25 23:37:43,029] Epoch 15 - Training loss: 0.018483   Test Accuracy: 0.9869
[2026-05-25 23:39:23,592] Epoch 16 - Training loss: 0.016036   Test Accuracy: 0.9839
[2026-05-25 23:41:00,785] Epoch 17 - Training loss: 0.015066   Test Accuracy: 0.9880
[2026-05-25 23:42:40,623] Epoch 18 - Training loss: 0.014088   Test Accuracy: 0.9843
[2026-05-25 23:44:17,696] Epoch 19 - Training loss: 0.012213   Test Accuracy: 0.9859
[2026-05-25 23:45:57,547] Epoch 20 - Training loss: 0.012840   Test Accuracy: 0.9866
[2026-05-25 23:47:37,983] Epoch 21 - Training loss: 0.011779   Test Accuracy: 0.9865
[2026-05-25 23:49:18,530] Epoch 22 - Training loss: 0.011587   Test Accuracy: 0.9855
[2026-05-25 23:50:57,173] Epoch 23 - Training loss: 0.011489   Test Accuracy: 0.9877
[2026-05-25 23:52:37,176] Epoch 24 - Training loss: 0.009631   Test Accuracy: 0.9871
[2026-05-25 23:54:16,857] Epoch 25 - Training loss: 0.011003   Test Accuracy: 0.9885
[2026-05-25 23:55:55,471] Epoch 26 - Training loss: 0.008332   Test Accuracy: 0.9887
[2026-05-25 23:57:34,026] Epoch 27 - Training loss: 0.010314   Test Accuracy: 0.9867
[2026-05-25 23:59:12,614] Epoch 28 - Training loss: 0.009685   Test Accuracy: 0.9859
[2026-05-26 00:00:51,578] Epoch 29 - Training loss: 0.009389   Test Accuracy: 0.9838
[2026-05-26 00:02:33,645] Epoch 30 - Training loss: 0.007846   Test Accuracy: 0.9873
aihwkit path:  /home/bong/analog_stress_test/aihwkit-fork/src/aihwkit/__init__.py
NeurIPS-2025/S2-mnist-CNN.py --CUDA 0 --SETTING RL-v2 --RPU Pow --tau 0.7 --res-gamma 1.0 --res-state 140
Using Device:  cuda:0
Logging to file: runs/MNIST-CNN/Pow-gamma=1.0-state=140/RL-v2-tau=0.7/events.out.tfevents.1779718392.user.692802.0

Training Time (s) = 2958.9339048862457
