# CMD: CUDA_VISIBLE_DEVICES=0 PYTHONPATH=/home/bong/analog_stress_test/analog-training SEED=3 python NeurIPS-2025/S2-mnist-CNN.py --CUDA 0 --SETTING RL-v2 --RPU Pow --tau 0.7 --res-gamma 0.5 --res-state 140
[2026-05-25 21:35:56,946] Epoch 0 - Training loss: --------   Test Accuracy: 0.1350
[2026-05-25 21:37:27,953] Epoch 1 - Training loss: 0.426032   Test Accuracy: 0.9420
[2026-05-25 21:39:03,551] Epoch 2 - Training loss: 0.153213   Test Accuracy: 0.9436
[2026-05-25 21:40:40,930] Epoch 3 - Training loss: 0.086504   Test Accuracy: 0.9759
[2026-05-25 21:42:22,880] Epoch 4 - Training loss: 0.061749   Test Accuracy: 0.9873
[2026-05-25 21:44:08,016] Epoch 5 - Training loss: 0.047271   Test Accuracy: 0.9829
[2026-05-25 21:45:51,450] Epoch 6 - Training loss: 0.039175   Test Accuracy: 0.9839
[2026-05-25 21:47:31,340] Epoch 7 - Training loss: 0.032691   Test Accuracy: 0.9865
[2026-05-25 21:49:13,132] Epoch 8 - Training loss: 0.028396   Test Accuracy: 0.9851
[2026-05-25 21:50:54,105] Epoch 9 - Training loss: 0.023642   Test Accuracy: 0.9828
[2026-05-25 21:52:35,113] Epoch 10 - Training loss: 0.022837   Test Accuracy: 0.9870
[2026-05-25 21:54:18,133] Epoch 11 - Training loss: 0.021748   Test Accuracy: 0.9883
[2026-05-25 21:55:59,632] Epoch 12 - Training loss: 0.020288   Test Accuracy: 0.9846
[2026-05-25 21:57:42,237] Epoch 13 - Training loss: 0.018365   Test Accuracy: 0.9868
[2026-05-25 21:59:23,595] Epoch 14 - Training loss: 0.018370   Test Accuracy: 0.9883
[2026-05-25 22:01:05,014] Epoch 15 - Training loss: 0.016955   Test Accuracy: 0.9869
[2026-05-25 22:02:46,173] Epoch 16 - Training loss: 0.015189   Test Accuracy: 0.9876
[2026-05-25 22:04:28,807] Epoch 17 - Training loss: 0.015593   Test Accuracy: 0.9870
[2026-05-25 22:06:11,656] Epoch 18 - Training loss: 0.015566   Test Accuracy: 0.9878
[2026-05-25 22:07:45,267] Epoch 19 - Training loss: 0.016013   Test Accuracy: 0.9879
[2026-05-25 22:09:28,728] Epoch 20 - Training loss: 0.014321   Test Accuracy: 0.9841
[2026-05-25 22:11:12,467] Epoch 21 - Training loss: 0.014888   Test Accuracy: 0.9869
[2026-05-25 22:12:49,660] Epoch 22 - Training loss: 0.013944   Test Accuracy: 0.9859
[2026-05-25 22:14:27,636] Epoch 23 - Training loss: 0.013926   Test Accuracy: 0.9882
[2026-05-25 22:16:08,342] Epoch 24 - Training loss: 0.013913   Test Accuracy: 0.9863
[2026-05-25 22:17:47,908] Epoch 25 - Training loss: 0.012396   Test Accuracy: 0.9873
[2026-05-25 22:19:30,258] Epoch 26 - Training loss: 0.012122   Test Accuracy: 0.9877
[2026-05-25 22:21:13,435] Epoch 27 - Training loss: 0.012036   Test Accuracy: 0.9872
[2026-05-25 22:22:54,168] Epoch 28 - Training loss: 0.012214   Test Accuracy: 0.9881
[2026-05-25 22:24:31,533] Epoch 29 - Training loss: 0.012612   Test Accuracy: 0.9863
[2026-05-25 22:26:10,280] Epoch 30 - Training loss: 0.011316   Test Accuracy: 0.9861
aihwkit path:  /home/bong/analog_stress_test/aihwkit-fork/src/aihwkit/__init__.py
NeurIPS-2025/S2-mnist-CNN.py --CUDA 0 --SETTING RL-v2 --RPU Pow --tau 0.7 --res-gamma 0.5 --res-state 140
Using Device:  cuda:0
Logging to file: runs/MNIST-CNN/Pow-gamma=0.5-state=140/RL-v2-tau=0.7/events.out.tfevents.1779712550.user.677345.0

Training Time (s) = 3017.543063402176
