# CMD: CUDA_VISIBLE_DEVICES=0 PYTHONPATH=/home/bong/analog_stress_test/analog-training SEED=1 python NeurIPS-2025/S2-mnist-CNN.py --CUDA 0 --SETTING RL-v2 --RPU Pow --tau 0.7 --res-gamma 0.1 --res-state 140
[2026-05-25 19:53:29,609] Epoch 0 - Training loss: --------   Test Accuracy: 0.1431
[2026-05-25 19:55:09,865] Epoch 1 - Training loss: 0.213837   Test Accuracy: 0.9747
[2026-05-25 19:56:47,973] Epoch 2 - Training loss: 0.078187   Test Accuracy: 0.9838
[2026-05-25 19:58:31,330] Epoch 3 - Training loss: 0.060921   Test Accuracy: 0.9828
[2026-05-25 20:00:14,815] Epoch 4 - Training loss: 0.053232   Test Accuracy: 0.9807
[2026-05-25 20:01:57,366] Epoch 5 - Training loss: 0.047189   Test Accuracy: 0.9837
[2026-05-25 20:03:41,683] Epoch 6 - Training loss: 0.043421   Test Accuracy: 0.9833
[2026-05-25 20:05:22,739] Epoch 7 - Training loss: 0.041525   Test Accuracy: 0.9837
[2026-05-25 20:07:04,463] Epoch 8 - Training loss: 0.040025   Test Accuracy: 0.9839
[2026-05-25 20:08:49,143] Epoch 9 - Training loss: 0.040909   Test Accuracy: 0.9847
[2026-05-25 20:10:33,351] Epoch 10 - Training loss: 0.039426   Test Accuracy: 0.9836
[2026-05-25 20:12:14,977] Epoch 11 - Training loss: 0.041068   Test Accuracy: 0.9835
[2026-05-25 20:13:51,386] Epoch 12 - Training loss: 0.036881   Test Accuracy: 0.9817
[2026-05-25 20:15:33,508] Epoch 13 - Training loss: 0.035029   Test Accuracy: 0.9814
[2026-05-25 20:17:16,983] Epoch 14 - Training loss: 0.035593   Test Accuracy: 0.9836
[2026-05-25 20:18:56,390] Epoch 15 - Training loss: 0.032210   Test Accuracy: 0.9828
[2026-05-25 20:20:35,999] Epoch 16 - Training loss: 0.031625   Test Accuracy: 0.9836
[2026-05-25 20:22:12,817] Epoch 17 - Training loss: 0.031377   Test Accuracy: 0.9833
[2026-05-25 20:23:51,241] Epoch 18 - Training loss: 0.029800   Test Accuracy: 0.9849
[2026-05-25 20:25:36,947] Epoch 19 - Training loss: 0.029080   Test Accuracy: 0.9840
[2026-05-25 20:27:20,181] Epoch 20 - Training loss: 0.029731   Test Accuracy: 0.9824
[2026-05-25 20:29:01,322] Epoch 21 - Training loss: 0.030346   Test Accuracy: 0.9834
[2026-05-25 20:30:42,751] Epoch 22 - Training loss: 0.031788   Test Accuracy: 0.9845
[2026-05-25 20:32:23,003] Epoch 23 - Training loss: 0.030471   Test Accuracy: 0.9839
[2026-05-25 20:34:06,317] Epoch 24 - Training loss: 0.030827   Test Accuracy: 0.9829
[2026-05-25 20:35:50,191] Epoch 25 - Training loss: 0.032831   Test Accuracy: 0.9826
[2026-05-25 20:37:33,387] Epoch 26 - Training loss: 0.034429   Test Accuracy: 0.9842
[2026-05-25 20:39:16,986] Epoch 27 - Training loss: 0.031773   Test Accuracy: 0.9840
[2026-05-25 20:40:58,406] Epoch 28 - Training loss: 0.031373   Test Accuracy: 0.9816
[2026-05-25 20:42:40,542] Epoch 29 - Training loss: 0.032427   Test Accuracy: 0.9839
[2026-05-25 20:44:24,013] Epoch 30 - Training loss: 0.031580   Test Accuracy: 0.9821
aihwkit path:  /home/bong/analog_stress_test/aihwkit-fork/src/aihwkit/__init__.py
NeurIPS-2025/S2-mnist-CNN.py --CUDA 0 --SETTING RL-v2 --RPU Pow --tau 0.7 --res-gamma 0.1 --res-state 140
Using Device:  cuda:0
Logging to file: runs/MNIST-CNN/Pow-gamma=0.1-state=140/RL-v2-tau=0.7/events.out.tfevents.1779706402.user.661418.0

Training Time (s) = 3059.501116991043
