# CMD: CUDA_VISIBLE_DEVICES=2 PYTHONPATH=/home/bong/analog_stress_test/analog-training SEED=3 python NeurIPS-2025/S2-mnist-CNN.py --CUDA 0 --SETTING TT-v2 --RPU Pow --tau 0.7 --res-gamma 0.5 --res-state 14
[2026-05-24 15:29:40,233] Epoch 0 - Training loss: --------   Test Accuracy: 0.1355
[2026-05-24 15:31:05,104] Epoch 1 - Training loss: 1.716900   Test Accuracy: 0.6368
[2026-05-24 15:32:29,669] Epoch 2 - Training loss: 0.990921   Test Accuracy: 0.7078
[2026-05-24 15:34:01,796] Epoch 3 - Training loss: 0.864119   Test Accuracy: 0.7645
[2026-05-24 15:35:33,310] Epoch 4 - Training loss: 0.667815   Test Accuracy: 0.7979
[2026-05-24 15:36:58,902] Epoch 5 - Training loss: 0.575272   Test Accuracy: 0.8422
[2026-05-24 15:38:22,793] Epoch 6 - Training loss: 0.488571   Test Accuracy: 0.8568
[2026-05-24 15:39:53,965] Epoch 7 - Training loss: 0.433483   Test Accuracy: 0.8738
[2026-05-24 15:41:26,660] Epoch 8 - Training loss: 0.432373   Test Accuracy: 0.8592
[2026-05-24 15:43:01,663] Epoch 9 - Training loss: 0.438991   Test Accuracy: 0.8674
[2026-05-24 15:44:35,594] Epoch 10 - Training loss: 0.406449   Test Accuracy: 0.8822
[2026-05-24 15:46:10,326] Epoch 11 - Training loss: 0.372518   Test Accuracy: 0.8903
[2026-05-24 15:47:41,535] Epoch 12 - Training loss: 0.347903   Test Accuracy: 0.9008
[2026-05-24 15:49:15,431] Epoch 13 - Training loss: 0.324887   Test Accuracy: 0.9000
[2026-05-24 15:50:50,565] Epoch 14 - Training loss: 0.304854   Test Accuracy: 0.9072
[2026-05-24 15:52:23,045] Epoch 15 - Training loss: 0.287661   Test Accuracy: 0.9147
[2026-05-24 15:53:59,533] Epoch 16 - Training loss: 0.275347   Test Accuracy: 0.9203
[2026-05-24 15:55:36,877] Epoch 17 - Training loss: 0.258921   Test Accuracy: 0.9222
[2026-05-24 15:57:11,008] Epoch 18 - Training loss: 0.241597   Test Accuracy: 0.9254
[2026-05-24 15:58:42,209] Epoch 19 - Training loss: 0.230740   Test Accuracy: 0.9337
[2026-05-24 16:00:16,709] Epoch 20 - Training loss: 0.218819   Test Accuracy: 0.9353
[2026-05-24 16:01:52,856] Epoch 21 - Training loss: 0.208152   Test Accuracy: 0.9381
[2026-05-24 16:03:29,558] Epoch 22 - Training loss: 0.196589   Test Accuracy: 0.9412
[2026-05-24 16:05:06,630] Epoch 23 - Training loss: 0.189714   Test Accuracy: 0.9466
[2026-05-24 16:06:41,436] Epoch 24 - Training loss: 0.179130   Test Accuracy: 0.9462
[2026-05-24 16:08:17,713] Epoch 25 - Training loss: 0.171721   Test Accuracy: 0.9468
[2026-05-24 16:09:52,970] Epoch 26 - Training loss: 0.160640   Test Accuracy: 0.9504
[2026-05-24 16:11:28,920] Epoch 27 - Training loss: 0.152907   Test Accuracy: 0.9542
[2026-05-24 16:13:05,565] Epoch 28 - Training loss: 0.148336   Test Accuracy: 0.9554
[2026-05-24 16:14:46,313] Epoch 29 - Training loss: 0.141688   Test Accuracy: 0.9559
[2026-05-24 16:16:24,974] Epoch 30 - Training loss: 0.137943   Test Accuracy: 0.9599
aihwkit path:  /home/bong/analog_stress_test/aihwkit-fork/src/aihwkit/__init__.py
NeurIPS-2025/S2-mnist-CNN.py --CUDA 0 --SETTING TT-v2 --RPU Pow --tau 0.7 --res-gamma 0.5 --res-state 14
Using Device:  cuda:0
Logging to file: runs/MNIST-CNN/Pow-gamma=0.5-state=14/TT-v2-tau=0.7/events.out.tfevents.1779604173.user.465935.0

Training Time (s) = 2808.948020219803
