# CMD: CUDA_VISIBLE_DEVICES=2 PYTHONPATH=/home/bong/analog_stress_test/analog-training SEED=1 python NeurIPS-2025/S2-mnist-CNN.py --CUDA 0 --SETTING TT-v2 --RPU Pow --tau 0.7 --res-gamma 0.5 --res-state 14
[2026-05-24 14:42:21,174] Epoch 0 - Training loss: --------   Test Accuracy: 0.1418
[2026-05-24 14:43:51,529] Epoch 1 - Training loss: 2.035300   Test Accuracy: 0.5448
[2026-05-24 14:45:20,706] Epoch 2 - Training loss: 1.243388   Test Accuracy: 0.6544
[2026-05-24 14:46:47,461] Epoch 3 - Training loss: 0.928762   Test Accuracy: 0.7585
[2026-05-24 14:48:16,137] Epoch 4 - Training loss: 0.693166   Test Accuracy: 0.8118
[2026-05-24 14:49:47,380] Epoch 5 - Training loss: 0.562148   Test Accuracy: 0.8353
[2026-05-24 14:51:20,535] Epoch 6 - Training loss: 0.503721   Test Accuracy: 0.8366
[2026-05-24 14:52:57,050] Epoch 7 - Training loss: 0.490547   Test Accuracy: 0.8609
[2026-05-24 14:54:27,315] Epoch 8 - Training loss: 0.440774   Test Accuracy: 0.8727
[2026-05-24 14:55:58,740] Epoch 9 - Training loss: 0.424057   Test Accuracy: 0.8716
[2026-05-24 14:57:33,097] Epoch 10 - Training loss: 0.398049   Test Accuracy: 0.8847
[2026-05-24 14:59:08,112] Epoch 11 - Training loss: 0.419718   Test Accuracy: 0.8635
[2026-05-24 15:00:43,363] Epoch 12 - Training loss: 0.426214   Test Accuracy: 0.8706
[2026-05-24 15:02:23,555] Epoch 13 - Training loss: 0.402435   Test Accuracy: 0.8793
[2026-05-24 15:03:55,461] Epoch 14 - Training loss: 0.390455   Test Accuracy: 0.8829
[2026-05-24 15:05:28,912] Epoch 15 - Training loss: 0.385847   Test Accuracy: 0.8814
[2026-05-24 15:07:03,145] Epoch 16 - Training loss: 0.369417   Test Accuracy: 0.8934
[2026-05-24 15:08:38,048] Epoch 17 - Training loss: 0.347980   Test Accuracy: 0.8940
[2026-05-24 15:10:12,774] Epoch 18 - Training loss: 0.333725   Test Accuracy: 0.9011
[2026-05-24 15:11:53,906] Epoch 19 - Training loss: 0.320756   Test Accuracy: 0.9021
[2026-05-24 15:13:34,835] Epoch 20 - Training loss: 0.308265   Test Accuracy: 0.9089
[2026-05-24 15:15:07,441] Epoch 21 - Training loss: 0.293349   Test Accuracy: 0.9136
[2026-05-24 15:16:43,180] Epoch 22 - Training loss: 0.283562   Test Accuracy: 0.9135
[2026-05-24 15:18:17,844] Epoch 23 - Training loss: 0.271509   Test Accuracy: 0.9189
[2026-05-24 15:19:52,512] Epoch 24 - Training loss: 0.263773   Test Accuracy: 0.9196
[2026-05-24 15:21:27,849] Epoch 25 - Training loss: 0.253615   Test Accuracy: 0.9218
[2026-05-24 15:23:03,916] Epoch 26 - Training loss: 0.244287   Test Accuracy: 0.9258
[2026-05-24 15:24:40,379] Epoch 27 - Training loss: 0.238773   Test Accuracy: 0.9267
[2026-05-24 15:26:15,398] Epoch 28 - Training loss: 0.231791   Test Accuracy: 0.9333
[2026-05-24 15:27:51,872] Epoch 29 - Training loss: 0.227483   Test Accuracy: 0.9324
[2026-05-24 15:29:29,753] Epoch 30 - Training loss: 0.222356   Test Accuracy: 0.9350
aihwkit path:  /home/bong/analog_stress_test/aihwkit-fork/src/aihwkit/__init__.py
NeurIPS-2025/S2-mnist-CNN.py --CUDA 0 --SETTING TT-v2 --RPU Pow --tau 0.7 --res-gamma 0.5 --res-state 14
Using Device:  cuda:0
Logging to file: runs/MNIST-CNN/Pow-gamma=0.5-state=14/TT-v2-tau=0.7/events.out.tfevents.1779601335.user.461842.0

Training Time (s) = 2832.7733433246613
