# CMD: CUDA_VISIBLE_DEVICES=2 PYTHONPATH=/home/bong/analog_stress_test/analog-training SEED=3 python NeurIPS-2025/S2-mnist-CNN.py --CUDA 0 --SETTING TT-v2 --RPU Pow --tau 0.7 --res-gamma 0.5 --res-state 1400
[2026-05-24 10:46:59,513] Epoch 0 - Training loss: --------   Test Accuracy: 0.1349
[2026-05-24 10:48:41,456] Epoch 1 - Training loss: 1.396186   Test Accuracy: 0.7481
[2026-05-24 10:50:21,743] Epoch 2 - Training loss: 0.642297   Test Accuracy: 0.8319
[2026-05-24 10:51:58,878] Epoch 3 - Training loss: 0.485516   Test Accuracy: 0.8725
[2026-05-24 10:53:40,415] Epoch 4 - Training loss: 0.406132   Test Accuracy: 0.8887
[2026-05-24 10:55:17,266] Epoch 5 - Training loss: 0.358702   Test Accuracy: 0.8945
[2026-05-24 10:56:52,977] Epoch 6 - Training loss: 0.323299   Test Accuracy: 0.9051
[2026-05-24 10:58:29,839] Epoch 7 - Training loss: 0.297437   Test Accuracy: 0.9185
[2026-05-24 11:00:04,702] Epoch 8 - Training loss: 0.275853   Test Accuracy: 0.9212
[2026-05-24 11:01:40,273] Epoch 9 - Training loss: 0.259800   Test Accuracy: 0.9283
[2026-05-24 11:03:19,429] Epoch 10 - Training loss: 0.245104   Test Accuracy: 0.9300
[2026-05-24 11:04:54,968] Epoch 11 - Training loss: 0.231736   Test Accuracy: 0.9373
[2026-05-24 11:06:30,561] Epoch 12 - Training loss: 0.219666   Test Accuracy: 0.9362
[2026-05-24 11:08:06,075] Epoch 13 - Training loss: 0.208244   Test Accuracy: 0.9429
[2026-05-24 11:09:42,148] Epoch 14 - Training loss: 0.196855   Test Accuracy: 0.9460
[2026-05-24 11:11:18,506] Epoch 15 - Training loss: 0.184749   Test Accuracy: 0.9526
[2026-05-24 11:12:53,710] Epoch 16 - Training loss: 0.174282   Test Accuracy: 0.9538
[2026-05-24 11:14:29,360] Epoch 17 - Training loss: 0.164816   Test Accuracy: 0.9537
[2026-05-24 11:16:05,979] Epoch 18 - Training loss: 0.157812   Test Accuracy: 0.9554
[2026-05-24 11:17:42,778] Epoch 19 - Training loss: 0.150684   Test Accuracy: 0.9574
[2026-05-24 11:19:20,312] Epoch 20 - Training loss: 0.144211   Test Accuracy: 0.9610
[2026-05-24 11:20:56,582] Epoch 21 - Training loss: 0.137087   Test Accuracy: 0.9628
[2026-05-24 11:22:31,562] Epoch 22 - Training loss: 0.132975   Test Accuracy: 0.9621
[2026-05-24 11:24:06,657] Epoch 23 - Training loss: 0.127323   Test Accuracy: 0.9640
[2026-05-24 11:25:41,764] Epoch 24 - Training loss: 0.124029   Test Accuracy: 0.9654
[2026-05-24 11:27:17,133] Epoch 25 - Training loss: 0.118851   Test Accuracy: 0.9671
[2026-05-24 11:28:53,055] Epoch 26 - Training loss: 0.115652   Test Accuracy: 0.9671
[2026-05-24 11:30:24,235] Epoch 27 - Training loss: 0.113201   Test Accuracy: 0.9674
[2026-05-24 11:32:02,537] Epoch 28 - Training loss: 0.195630   Test Accuracy: 0.9597
[2026-05-24 11:33:37,993] Epoch 29 - Training loss: 0.156608   Test Accuracy: 0.9581
[2026-05-24 11:35:13,185] Epoch 30 - Training loss: 0.152858   Test Accuracy: 0.9535
aihwkit path:  /home/bong/analog_stress_test/aihwkit-fork/src/aihwkit/__init__.py
NeurIPS-2025/S2-mnist-CNN.py --CUDA 0 --SETTING TT-v2 --RPU Pow --tau 0.7 --res-gamma 0.5 --res-state 1400
Using Device:  cuda:0
Logging to file: runs/MNIST-CNN/Pow-gamma=0.5-state=1400/TT-v2-tau=0.7/events.out.tfevents.1779587212.user.441713.0

Training Time (s) = 2898.7050976753235
