# CMD: CUDA_VISIBLE_DEVICES=2 PYTHONPATH=/home/bong/analog_stress_test/analog-training SEED=2 python NeurIPS-2025/S2-mnist-CNN.py --CUDA 0 --SETTING TT-v2 --RPU Pow --tau 0.7 --res-gamma 0.5 --res-state 28
[2026-05-24 13:56:06,094] Epoch 0 - Training loss: --------   Test Accuracy: 0.1490
[2026-05-24 13:57:40,172] Epoch 1 - Training loss: 1.774622   Test Accuracy: 0.5801
[2026-05-24 13:59:10,566] Epoch 2 - Training loss: 0.972932   Test Accuracy: 0.7624
[2026-05-24 14:00:45,073] Epoch 3 - Training loss: 0.657420   Test Accuracy: 0.8117
[2026-05-24 14:02:18,384] Epoch 4 - Training loss: 0.545192   Test Accuracy: 0.8409
[2026-05-24 14:03:50,347] Epoch 5 - Training loss: 0.465679   Test Accuracy: 0.8731
[2026-05-24 14:05:22,520] Epoch 6 - Training loss: 0.447971   Test Accuracy: 0.8694
[2026-05-24 14:06:55,250] Epoch 7 - Training loss: 0.403129   Test Accuracy: 0.8876
[2026-05-24 14:08:23,946] Epoch 8 - Training loss: 0.358313   Test Accuracy: 0.8973
[2026-05-24 14:09:46,709] Epoch 9 - Training loss: 0.321668   Test Accuracy: 0.9041
[2026-05-24 14:11:10,013] Epoch 10 - Training loss: 0.295813   Test Accuracy: 0.9127
[2026-05-24 14:12:40,182] Epoch 11 - Training loss: 0.303327   Test Accuracy: 0.9034
[2026-05-24 14:14:14,604] Epoch 12 - Training loss: 0.304624   Test Accuracy: 0.9080
[2026-05-24 14:15:49,436] Epoch 13 - Training loss: 0.279679   Test Accuracy: 0.9200
[2026-05-24 14:17:26,884] Epoch 14 - Training loss: 0.259638   Test Accuracy: 0.9249
[2026-05-24 14:18:57,835] Epoch 15 - Training loss: 0.247859   Test Accuracy: 0.9241
[2026-05-24 14:20:29,419] Epoch 16 - Training loss: 0.233246   Test Accuracy: 0.9272
[2026-05-24 14:21:56,674] Epoch 17 - Training loss: 0.217141   Test Accuracy: 0.9352
[2026-05-24 14:23:25,783] Epoch 18 - Training loss: 0.205987   Test Accuracy: 0.9383
[2026-05-24 14:24:54,559] Epoch 19 - Training loss: 0.197272   Test Accuracy: 0.9419
[2026-05-24 14:26:19,968] Epoch 20 - Training loss: 0.185238   Test Accuracy: 0.9447
[2026-05-24 14:27:54,995] Epoch 21 - Training loss: 0.176565   Test Accuracy: 0.9441
[2026-05-24 14:29:32,232] Epoch 22 - Training loss: 0.166968   Test Accuracy: 0.9506
[2026-05-24 14:31:08,040] Epoch 23 - Training loss: 0.158649   Test Accuracy: 0.9509
[2026-05-24 14:32:44,533] Epoch 24 - Training loss: 0.160652   Test Accuracy: 0.9504
[2026-05-24 14:34:22,166] Epoch 25 - Training loss: 0.161302   Test Accuracy: 0.9492
[2026-05-24 14:35:58,867] Epoch 26 - Training loss: 0.155395   Test Accuracy: 0.9500
[2026-05-24 14:37:35,550] Epoch 27 - Training loss: 0.149819   Test Accuracy: 0.9538
[2026-05-24 14:39:06,250] Epoch 28 - Training loss: 0.145033   Test Accuracy: 0.9547
[2026-05-24 14:40:36,316] Epoch 29 - Training loss: 0.139926   Test Accuracy: 0.9577
[2026-05-24 14:42:09,545] Epoch 30 - Training loss: 0.134271   Test Accuracy: 0.9563
aihwkit path:  /home/bong/analog_stress_test/aihwkit-fork/src/aihwkit/__init__.py
NeurIPS-2025/S2-mnist-CNN.py --CUDA 0 --SETTING TT-v2 --RPU Pow --tau 0.7 --res-gamma 0.5 --res-state 28
Using Device:  cuda:0
Logging to file: runs/MNIST-CNN/Pow-gamma=0.5-state=28/TT-v2-tau=0.7/events.out.tfevents.1779598560.user.458109.0

Training Time (s) = 2767.6085579395294
