# CMD: CUDA_VISIBLE_DEVICES=2 PYTHONPATH=/home/bong/analog_stress_test/analog-training SEED=3 python NeurIPS-2025/S2-mnist-CNN.py --CUDA 0 --SETTING TT-v2 --RPU Pow --tau 0.7 --res-gamma 0.5 --res-state 14000
[2026-05-24 09:47:41,403] Epoch 0 - Training loss: --------   Test Accuracy: 0.1366
[2026-05-24 09:49:34,422] Epoch 1 - Training loss: 1.666567   Test Accuracy: 0.6612
[2026-05-24 09:51:26,598] Epoch 2 - Training loss: 0.959614   Test Accuracy: 0.7318
[2026-05-24 09:53:14,066] Epoch 3 - Training loss: 0.818467   Test Accuracy: 0.7643
[2026-05-24 09:55:08,485] Epoch 4 - Training loss: 0.757303   Test Accuracy: 0.7822
[2026-05-24 09:56:59,384] Epoch 5 - Training loss: 0.720717   Test Accuracy: 0.7850
[2026-05-24 09:58:44,632] Epoch 6 - Training loss: 0.694400   Test Accuracy: 0.7772
[2026-05-24 10:00:33,911] Epoch 7 - Training loss: 0.674761   Test Accuracy: 0.7973
[2026-05-24 10:02:22,957] Epoch 8 - Training loss: 0.654821   Test Accuracy: 0.8018
[2026-05-24 10:04:11,972] Epoch 9 - Training loss: 0.638459   Test Accuracy: 0.8102
[2026-05-24 10:06:00,284] Epoch 10 - Training loss: 0.618454   Test Accuracy: 0.8113
[2026-05-24 10:07:48,109] Epoch 11 - Training loss: 0.607105   Test Accuracy: 0.8243
[2026-05-24 10:09:30,658] Epoch 12 - Training loss: 0.590979   Test Accuracy: 0.8192
[2026-05-24 10:11:16,240] Epoch 13 - Training loss: 0.578797   Test Accuracy: 0.8259
[2026-05-24 10:13:00,476] Epoch 14 - Training loss: 0.563823   Test Accuracy: 0.8247
[2026-05-24 10:14:45,499] Epoch 15 - Training loss: 0.548708   Test Accuracy: 0.8352
[2026-05-24 10:16:27,057] Epoch 16 - Training loss: 0.532706   Test Accuracy: 0.8266
[2026-05-24 10:18:12,765] Epoch 17 - Training loss: 0.517391   Test Accuracy: 0.8263
[2026-05-24 10:19:58,304] Epoch 18 - Training loss: 0.506160   Test Accuracy: 0.8412
[2026-05-24 10:21:44,238] Epoch 19 - Training loss: 0.495572   Test Accuracy: 0.8430
[2026-05-24 10:23:26,618] Epoch 20 - Training loss: 0.486322   Test Accuracy: 0.8561
[2026-05-24 10:25:13,279] Epoch 21 - Training loss: 0.473948   Test Accuracy: 0.8451
[2026-05-24 10:26:57,923] Epoch 22 - Training loss: 0.462195   Test Accuracy: 0.8635
[2026-05-24 10:28:42,677] Epoch 23 - Training loss: 0.457070   Test Accuracy: 0.8650
[2026-05-24 10:30:27,731] Epoch 24 - Training loss: 0.447391   Test Accuracy: 0.8666
[2026-05-24 10:32:06,652] Epoch 25 - Training loss: 0.439794   Test Accuracy: 0.8623
[2026-05-24 10:33:47,942] Epoch 26 - Training loss: 0.433512   Test Accuracy: 0.8651
[2026-05-24 10:35:32,677] Epoch 27 - Training loss: 0.424278   Test Accuracy: 0.8629
[2026-05-24 10:37:14,020] Epoch 28 - Training loss: 0.419027   Test Accuracy: 0.8788
[2026-05-24 10:39:02,207] Epoch 29 - Training loss: 0.410936   Test Accuracy: 0.8693
[2026-05-24 10:40:40,511] Epoch 30 - Training loss: 0.405740   Test Accuracy: 0.8581
aihwkit path:  /home/bong/analog_stress_test/aihwkit-fork/src/aihwkit/__init__.py
NeurIPS-2025/S2-mnist-CNN.py --CUDA 0 --SETTING TT-v2 --RPU Pow --tau 0.7 --res-gamma 0.5 --res-state 14000
Using Device:  cuda:0
Logging to file: runs/MNIST-CNN/Pow-gamma=0.5-state=14000/TT-v2-tau=0.7/events.out.tfevents.1779583654.user.436504.0

Training Time (s) = 3183.902462244034
