# CMD: CUDA_VISIBLE_DEVICES=2 PYTHONPATH=/home/bong/analog_stress_test/analog-training SEED=3 python NeurIPS-2025/S2-mnist-CNN.py --CUDA 0 --SETTING TT-v2 --RPU Pow --tau 0.7 --res-gamma 0.5 --res-state 28
[2026-05-24 14:39:09,249] Epoch 0 - Training loss: --------   Test Accuracy: 0.1382
[2026-05-24 14:40:38,966] Epoch 1 - Training loss: 1.722466   Test Accuracy: 0.6390
[2026-05-24 14:42:07,706] Epoch 2 - Training loss: 0.836254   Test Accuracy: 0.8012
[2026-05-24 14:43:36,399] Epoch 3 - Training loss: 0.558591   Test Accuracy: 0.8481
[2026-05-24 14:45:05,243] Epoch 4 - Training loss: 0.457404   Test Accuracy: 0.8697
[2026-05-24 14:46:41,651] Epoch 5 - Training loss: 0.396221   Test Accuracy: 0.8779
[2026-05-24 14:48:15,319] Epoch 6 - Training loss: 0.377516   Test Accuracy: 0.8927
[2026-05-24 14:49:50,636] Epoch 7 - Training loss: 0.336852   Test Accuracy: 0.9003
[2026-05-24 14:51:22,119] Epoch 8 - Training loss: 0.304322   Test Accuracy: 0.9108
[2026-05-24 14:52:49,153] Epoch 9 - Training loss: 0.275638   Test Accuracy: 0.9193
[2026-05-24 14:54:24,403] Epoch 10 - Training loss: 0.262498   Test Accuracy: 0.9136
[2026-05-24 14:56:01,364] Epoch 11 - Training loss: 0.274706   Test Accuracy: 0.9193
[2026-05-24 14:57:37,271] Epoch 12 - Training loss: 0.256709   Test Accuracy: 0.9242
[2026-05-24 14:59:00,449] Epoch 13 - Training loss: 0.236516   Test Accuracy: 0.9338
[2026-05-24 15:00:34,952] Epoch 14 - Training loss: 0.216982   Test Accuracy: 0.9373
[2026-05-24 15:02:09,858] Epoch 15 - Training loss: 0.202241   Test Accuracy: 0.9393
[2026-05-24 15:03:46,083] Epoch 16 - Training loss: 0.189412   Test Accuracy: 0.9418
[2026-05-24 15:05:23,574] Epoch 17 - Training loss: 0.180104   Test Accuracy: 0.9418
[2026-05-24 15:06:59,474] Epoch 18 - Training loss: 0.168557   Test Accuracy: 0.9515
[2026-05-24 15:08:35,268] Epoch 19 - Training loss: 0.157815   Test Accuracy: 0.9525
[2026-05-24 15:10:08,785] Epoch 20 - Training loss: 0.150369   Test Accuracy: 0.9545
[2026-05-24 15:11:42,908] Epoch 21 - Training loss: 0.143809   Test Accuracy: 0.9570
[2026-05-24 15:13:17,792] Epoch 22 - Training loss: 0.135963   Test Accuracy: 0.9596
[2026-05-24 15:14:55,440] Epoch 23 - Training loss: 0.132411   Test Accuracy: 0.9605
[2026-05-24 15:16:31,283] Epoch 24 - Training loss: 0.123417   Test Accuracy: 0.9641
[2026-05-24 15:18:08,806] Epoch 25 - Training loss: 0.123382   Test Accuracy: 0.9622
[2026-05-24 15:19:44,964] Epoch 26 - Training loss: 0.117100   Test Accuracy: 0.9594
[2026-05-24 15:21:21,981] Epoch 27 - Training loss: 0.113156   Test Accuracy: 0.9624
[2026-05-24 15:22:57,965] Epoch 28 - Training loss: 0.110095   Test Accuracy: 0.9654
[2026-05-24 15:24:33,204] Epoch 29 - Training loss: 0.106410   Test Accuracy: 0.9659
[2026-05-24 15:26:11,406] Epoch 30 - Training loss: 0.104988   Test Accuracy: 0.9694
aihwkit path:  /home/bong/analog_stress_test/aihwkit-fork/src/aihwkit/__init__.py
NeurIPS-2025/S2-mnist-CNN.py --CUDA 0 --SETTING TT-v2 --RPU Pow --tau 0.7 --res-gamma 0.5 --res-state 28
Using Device:  cuda:0
Logging to file: runs/MNIST-CNN/Pow-gamma=0.5-state=28/TT-v2-tau=0.7/events.out.tfevents.1779601142.user.461470.0

Training Time (s) = 2826.3929510116577
