# CMD: CUDA_VISIBLE_DEVICES=2 PYTHONPATH=/home/bong/analog_stress_test/analog-training SEED=3 python NeurIPS-2025/S2-mnist-CNN.py --CUDA 0 --SETTING TT-v2 --RPU Pow --tau 0.7 --res-gamma 0.5 --res-state 280
[2026-05-24 12:17:30,305] Epoch 0 - Training loss: --------   Test Accuracy: 0.1344
[2026-05-24 12:19:04,219] Epoch 1 - Training loss: 1.373787   Test Accuracy: 0.7865
[2026-05-24 12:20:36,834] Epoch 2 - Training loss: 0.534900   Test Accuracy: 0.8658
[2026-05-24 12:22:05,834] Epoch 3 - Training loss: 0.398259   Test Accuracy: 0.8937
[2026-05-24 12:23:35,213] Epoch 4 - Training loss: 0.337693   Test Accuracy: 0.9052
[2026-05-24 12:25:07,792] Epoch 5 - Training loss: 0.298386   Test Accuracy: 0.9133
[2026-05-24 12:26:39,813] Epoch 6 - Training loss: 0.270613   Test Accuracy: 0.9217
[2026-05-24 12:28:09,668] Epoch 7 - Training loss: 0.250125   Test Accuracy: 0.9285
[2026-05-24 12:29:29,952] Epoch 8 - Training loss: 0.230448   Test Accuracy: 0.9349
[2026-05-24 12:31:02,409] Epoch 9 - Training loss: 0.211736   Test Accuracy: 0.9404
[2026-05-24 12:32:34,492] Epoch 10 - Training loss: 0.193602   Test Accuracy: 0.9356
[2026-05-24 12:34:08,969] Epoch 11 - Training loss: 0.179183   Test Accuracy: 0.9448
[2026-05-24 12:35:43,307] Epoch 12 - Training loss: 0.165397   Test Accuracy: 0.9492
[2026-05-24 12:37:21,855] Epoch 13 - Training loss: 0.153400   Test Accuracy: 0.9589
[2026-05-24 12:38:59,412] Epoch 14 - Training loss: 0.143577   Test Accuracy: 0.9592
[2026-05-24 12:40:37,411] Epoch 15 - Training loss: 0.134140   Test Accuracy: 0.9622
[2026-05-24 12:42:09,204] Epoch 16 - Training loss: 0.127449   Test Accuracy: 0.9610
[2026-05-24 12:43:41,289] Epoch 17 - Training loss: 0.120858   Test Accuracy: 0.9630
[2026-05-24 12:45:14,726] Epoch 18 - Training loss: 0.115283   Test Accuracy: 0.9634
[2026-05-24 12:46:50,277] Epoch 19 - Training loss: 0.110613   Test Accuracy: 0.9660
[2026-05-24 12:48:21,261] Epoch 20 - Training loss: 0.105806   Test Accuracy: 0.9695
[2026-05-24 12:49:56,064] Epoch 21 - Training loss: 0.103805   Test Accuracy: 0.9701
[2026-05-24 12:51:31,658] Epoch 22 - Training loss: 0.099165   Test Accuracy: 0.9701
[2026-05-24 12:53:06,351] Epoch 23 - Training loss: 0.095508   Test Accuracy: 0.9699
[2026-05-24 12:54:40,893] Epoch 24 - Training loss: 0.094503   Test Accuracy: 0.9699
[2026-05-24 12:56:15,877] Epoch 25 - Training loss: 0.091484   Test Accuracy: 0.9726
[2026-05-24 12:57:49,937] Epoch 26 - Training loss: 0.088389   Test Accuracy: 0.9678
[2026-05-24 12:59:22,359] Epoch 27 - Training loss: 0.087176   Test Accuracy: 0.9699
[2026-05-24 13:00:57,589] Epoch 28 - Training loss: 0.083619   Test Accuracy: 0.9726
[2026-05-24 13:02:34,047] Epoch 29 - Training loss: 0.081112   Test Accuracy: 0.9706
[2026-05-24 13:04:09,954] Epoch 30 - Training loss: 0.078904   Test Accuracy: 0.9756
aihwkit path:  /home/bong/analog_stress_test/aihwkit-fork/src/aihwkit/__init__.py
NeurIPS-2025/S2-mnist-CNN.py --CUDA 0 --SETTING TT-v2 --RPU Pow --tau 0.7 --res-gamma 0.5 --res-state 280
Using Device:  cuda:0
Logging to file: runs/MNIST-CNN/Pow-gamma=0.5-state=280/TT-v2-tau=0.7/events.out.tfevents.1779592644.user.449347.0

Training Time (s) = 2803.830155849457
