# CMD: CUDA_VISIBLE_DEVICES=3 PYTHONPATH=/home/bong/analog_stress_test/analog-training SEED=1 python NeurIPS-2025/S2-mnist-FCN.py --CUDA 0 --SETTING Analog SGD --RPU Pow --tau 0.7 --res-gamma 1.0 --res-state 140
[2026-05-20 12:26:12,846] Epoch 0 - Training loss: --------   Test Accuracy: 0.1001
[2026-05-20 12:27:00,228] Epoch 1 - Training loss: 2.303392   Test Accuracy: 0.1008
[2026-05-20 12:27:47,915] Epoch 2 - Training loss: 2.302623   Test Accuracy: 0.1135
[2026-05-20 12:28:29,667] Epoch 3 - Training loss: 2.302506   Test Accuracy: 0.1135
[2026-05-20 12:29:13,866] Epoch 4 - Training loss: 2.301817   Test Accuracy: 0.1187
[2026-05-20 12:29:59,490] Epoch 5 - Training loss: 1.254697   Test Accuracy: 0.8540
[2026-05-20 12:30:50,675] Epoch 6 - Training loss: 0.289798   Test Accuracy: 0.9349
[2026-05-20 12:31:35,497] Epoch 7 - Training loss: 0.242881   Test Accuracy: 0.9427
[2026-05-20 12:32:22,408] Epoch 8 - Training loss: 0.223606   Test Accuracy: 0.9461
[2026-05-20 12:33:03,496] Epoch 9 - Training loss: 0.217440   Test Accuracy: 0.9480
[2026-05-20 12:33:48,169] Epoch 10 - Training loss: 0.209814   Test Accuracy: 0.9373
[2026-05-20 12:34:31,733] Epoch 11 - Training loss: 0.200030   Test Accuracy: 0.9440
[2026-05-20 12:35:15,568] Epoch 12 - Training loss: 0.204567   Test Accuracy: 0.9173
[2026-05-20 12:35:59,935] Epoch 13 - Training loss: 0.196909   Test Accuracy: 0.9478
[2026-05-20 12:36:45,465] Epoch 14 - Training loss: 0.197989   Test Accuracy: 0.9329
[2026-05-20 12:37:29,930] Epoch 15 - Training loss: 0.199546   Test Accuracy: 0.9426
[2026-05-20 12:38:14,607] Epoch 16 - Training loss: 0.137046   Test Accuracy: 0.9551
[2026-05-20 12:38:59,468] Epoch 17 - Training loss: 0.141174   Test Accuracy: 0.9571
[2026-05-20 12:39:44,476] Epoch 18 - Training loss: 0.153281   Test Accuracy: 0.9520
[2026-05-20 12:40:28,279] Epoch 19 - Training loss: 0.152663   Test Accuracy: 0.9454
[2026-05-20 12:41:12,761] Epoch 20 - Training loss: 0.156486   Test Accuracy: 0.9574
[2026-05-20 12:41:56,503] Epoch 21 - Training loss: 0.160658   Test Accuracy: 0.9598
[2026-05-20 12:42:40,887] Epoch 22 - Training loss: 0.161113   Test Accuracy: 0.9539
[2026-05-20 12:43:17,919] Epoch 23 - Training loss: 0.161676   Test Accuracy: 0.9378
[2026-05-20 12:44:02,281] Epoch 24 - Training loss: 0.161538   Test Accuracy: 0.9490
[2026-05-20 12:44:47,585] Epoch 25 - Training loss: 0.154910   Test Accuracy: 0.9503
[2026-05-20 12:45:33,563] Epoch 26 - Training loss: 0.166852   Test Accuracy: 0.9562
[2026-05-20 12:46:19,515] Epoch 27 - Training loss: 0.161515   Test Accuracy: 0.9464
[2026-05-20 12:47:06,813] Epoch 28 - Training loss: 0.160666   Test Accuracy: 0.9413
[2026-05-20 12:47:53,093] Epoch 29 - Training loss: 0.159766   Test Accuracy: 0.9445
[2026-05-20 12:48:40,081] Epoch 30 - Training loss: 0.158153   Test Accuracy: 0.9534
aihwkit path:  /home/bong/analog_stress_test/aihwkit-fork/src/aihwkit/__init__.py
NeurIPS-2025/S2-mnist-FCN.py --CUDA 0 --SETTING Analog SGD --RPU Pow --tau 0.7 --res-gamma 1.0 --res-state 140
Using Device:  cuda:0
Logging to file: runs/MNIST-FCN/Pow-gamma=1.0-state=140/Analog SGD-tau=0.7/events.out.tfevents.1779247567.user.2303068.0

Training Time (s) = 1350.422453403473
