# CMD: CUDA_VISIBLE_DEVICES=3 PYTHONPATH=/home/bong/analog_stress_test/analog-training SEED=3 python NeurIPS-2025/S2-mnist-FCN.py --CUDA 0 --SETTING Analog SGD --RPU Pow --tau 0.7 --res-gamma 0.5 --res-state 140
[2026-05-20 12:04:25,880] Epoch 0 - Training loss: --------   Test Accuracy: 0.0943
[2026-05-20 12:05:10,908] Epoch 1 - Training loss: 2.303505   Test Accuracy: 0.1316
[2026-05-20 12:05:54,921] Epoch 2 - Training loss: 1.049574   Test Accuracy: 0.9279
[2026-05-20 12:06:43,019] Epoch 3 - Training loss: 0.243926   Test Accuracy: 0.9330
[2026-05-20 12:07:28,079] Epoch 4 - Training loss: 0.198813   Test Accuracy: 0.9325
[2026-05-20 12:08:13,350] Epoch 5 - Training loss: 0.178623   Test Accuracy: 0.9342
[2026-05-20 12:09:00,259] Epoch 6 - Training loss: 0.161243   Test Accuracy: 0.9450
[2026-05-20 12:09:46,865] Epoch 7 - Training loss: 0.154930   Test Accuracy: 0.9513
[2026-05-20 12:10:37,502] Epoch 8 - Training loss: 0.149667   Test Accuracy: 0.9112
[2026-05-20 12:11:23,245] Epoch 9 - Training loss: 0.145164   Test Accuracy: 0.9525
[2026-05-20 12:12:10,126] Epoch 10 - Training loss: 0.138091   Test Accuracy: 0.9571
[2026-05-20 12:12:56,511] Epoch 11 - Training loss: 0.133677   Test Accuracy: 0.9453
[2026-05-20 12:13:46,875] Epoch 12 - Training loss: 0.134717   Test Accuracy: 0.9616
[2026-05-20 12:14:33,683] Epoch 13 - Training loss: 0.130429   Test Accuracy: 0.9591
[2026-05-20 12:15:23,820] Epoch 14 - Training loss: 0.129166   Test Accuracy: 0.9571
[2026-05-20 12:16:08,757] Epoch 15 - Training loss: 0.124424   Test Accuracy: 0.9605
[2026-05-20 12:16:55,176] Epoch 16 - Training loss: 0.090896   Test Accuracy: 0.9677
[2026-05-20 12:17:41,229] Epoch 17 - Training loss: 0.091507   Test Accuracy: 0.9694
[2026-05-20 12:18:31,826] Epoch 18 - Training loss: 0.093333   Test Accuracy: 0.9677
[2026-05-20 12:19:21,519] Epoch 19 - Training loss: 0.095077   Test Accuracy: 0.9607
[2026-05-20 12:20:11,996] Epoch 20 - Training loss: 0.091170   Test Accuracy: 0.9624
[2026-05-20 12:20:58,430] Epoch 21 - Training loss: 0.093723   Test Accuracy: 0.9637
[2026-05-20 12:21:39,780] Epoch 22 - Training loss: 0.093267   Test Accuracy: 0.9666
[2026-05-20 12:22:26,776] Epoch 23 - Training loss: 0.093837   Test Accuracy: 0.9608
[2026-05-20 12:23:12,672] Epoch 24 - Training loss: 0.096932   Test Accuracy: 0.9632
[2026-05-20 12:23:58,377] Epoch 25 - Training loss: 0.092277   Test Accuracy: 0.9653
[2026-05-20 12:24:45,230] Epoch 26 - Training loss: 0.097825   Test Accuracy: 0.9567
[2026-05-20 12:25:31,646] Epoch 27 - Training loss: 0.094667   Test Accuracy: 0.9643
[2026-05-20 12:26:13,493] Epoch 28 - Training loss: 0.091352   Test Accuracy: 0.9555
[2026-05-20 12:27:04,827] Epoch 29 - Training loss: 0.093648   Test Accuracy: 0.9659
[2026-05-20 12:27:50,976] Epoch 30 - Training loss: 0.093875   Test Accuracy: 0.9628
aihwkit path:  /home/bong/analog_stress_test/aihwkit-fork/src/aihwkit/__init__.py
NeurIPS-2025/S2-mnist-FCN.py --CUDA 0 --SETTING Analog SGD --RPU Pow --tau 0.7 --res-gamma 0.5 --res-state 140
Using Device:  cuda:0
Logging to file: runs/MNIST-FCN/Pow-gamma=0.5-state=140/Analog SGD-tau=0.7/events.out.tfevents.1779246260.user.2301057.0

Training Time (s) = 1408.3573927879333
