# CMD: CUDA_VISIBLE_DEVICES=3 PYTHONPATH=/home/bong/analog_stress_test/analog-training SEED=3 python NeurIPS-2025/S2-mnist-FCN.py --CUDA 0 --SETTING Analog SGD --RPU Pow --tau 0.7 --res-gamma 0.1 --res-state 140
[2026-05-20 11:39:58,187] Epoch 0 - Training loss: --------   Test Accuracy: 0.0919
[2026-05-20 11:40:39,511] Epoch 1 - Training loss: 1.901515   Test Accuracy: 0.9007
[2026-05-20 11:41:23,375] Epoch 2 - Training loss: 0.276081   Test Accuracy: 0.9394
[2026-05-20 11:42:09,605] Epoch 3 - Training loss: 0.189938   Test Accuracy: 0.9499
[2026-05-20 11:42:57,583] Epoch 4 - Training loss: 0.154672   Test Accuracy: 0.9508
[2026-05-20 11:43:43,182] Epoch 5 - Training loss: 0.138628   Test Accuracy: 0.9566
[2026-05-20 11:44:33,818] Epoch 6 - Training loss: 0.121458   Test Accuracy: 0.9613
[2026-05-20 11:45:17,244] Epoch 7 - Training loss: 0.115835   Test Accuracy: 0.9506
[2026-05-20 11:45:59,136] Epoch 8 - Training loss: 0.105472   Test Accuracy: 0.9577
[2026-05-20 11:46:43,095] Epoch 9 - Training loss: 0.099429   Test Accuracy: 0.9595
[2026-05-20 11:47:27,853] Epoch 10 - Training loss: 0.095942   Test Accuracy: 0.9671
[2026-05-20 11:48:12,126] Epoch 11 - Training loss: 0.085807   Test Accuracy: 0.9607
[2026-05-20 11:48:56,871] Epoch 12 - Training loss: 0.081649   Test Accuracy: 0.9704
[2026-05-20 11:49:41,906] Epoch 13 - Training loss: 0.075044   Test Accuracy: 0.9694
[2026-05-20 11:50:29,693] Epoch 14 - Training loss: 0.073173   Test Accuracy: 0.9685
[2026-05-20 11:51:14,917] Epoch 15 - Training loss: 0.069061   Test Accuracy: 0.9660
[2026-05-20 11:51:59,471] Epoch 16 - Training loss: 0.051981   Test Accuracy: 0.9734
[2026-05-20 11:52:45,780] Epoch 17 - Training loss: 0.049688   Test Accuracy: 0.9724
[2026-05-20 11:53:36,249] Epoch 18 - Training loss: 0.046539   Test Accuracy: 0.9714
[2026-05-20 11:54:23,896] Epoch 19 - Training loss: 0.045518   Test Accuracy: 0.9662
[2026-05-20 11:55:14,275] Epoch 20 - Training loss: 0.042012   Test Accuracy: 0.9730
[2026-05-20 11:56:02,603] Epoch 21 - Training loss: 0.043350   Test Accuracy: 0.9712
[2026-05-20 11:56:45,881] Epoch 22 - Training loss: 0.042262   Test Accuracy: 0.9756
[2026-05-20 11:57:39,766] Epoch 23 - Training loss: 0.040760   Test Accuracy: 0.9706
[2026-05-20 11:58:31,529] Epoch 24 - Training loss: 0.036963   Test Accuracy: 0.9723
[2026-05-20 11:59:22,810] Epoch 25 - Training loss: 0.037568   Test Accuracy: 0.9723
[2026-05-20 12:00:10,022] Epoch 26 - Training loss: 0.036019   Test Accuracy: 0.9746
[2026-05-20 12:01:04,008] Epoch 27 - Training loss: 0.035014   Test Accuracy: 0.9725
[2026-05-20 12:01:53,537] Epoch 28 - Training loss: 0.033919   Test Accuracy: 0.9721
[2026-05-20 12:02:40,201] Epoch 29 - Training loss: 0.031582   Test Accuracy: 0.9737
[2026-05-20 12:03:21,804] Epoch 30 - Training loss: 0.032467   Test Accuracy: 0.9734
aihwkit path:  /home/bong/analog_stress_test/aihwkit-fork/src/aihwkit/__init__.py
NeurIPS-2025/S2-mnist-FCN.py --CUDA 0 --SETTING Analog SGD --RPU Pow --tau 0.7 --res-gamma 0.1 --res-state 140
Using Device:  cuda:0
Logging to file: runs/MNIST-FCN/Pow-gamma=0.1-state=140/Analog SGD-tau=0.7/events.out.tfevents.1779244792.user.2298863.0

Training Time (s) = 1406.78178524971
