# CMD: CUDA_VISIBLE_DEVICES=2 PYTHONPATH=/home/bong/analog_stress_test/analog-training SEED=1 python NeurIPS-2025/S2-mnist-CNN.py --CUDA 0 --SETTING RL-v2 --RPU Pow --tau 0.7 --res-gamma 0.5 --res-state 28
[2026-05-20 17:09:42,266] Epoch 0 - Training loss: --------   Test Accuracy: 0.1416
[2026-05-20 17:11:22,526] Epoch 1 - Training loss: 0.304453   Test Accuracy: 0.9638
[2026-05-20 17:13:00,835] Epoch 2 - Training loss: 0.122660   Test Accuracy: 0.9706
[2026-05-20 17:14:39,804] Epoch 3 - Training loss: 0.114113   Test Accuracy: 0.9704
[2026-05-20 17:16:16,887] Epoch 4 - Training loss: 0.104960   Test Accuracy: 0.9574
[2026-05-20 17:17:55,746] Epoch 5 - Training loss: 0.112819   Test Accuracy: 0.9690
[2026-05-20 17:19:38,971] Epoch 6 - Training loss: 0.112307   Test Accuracy: 0.9613
[2026-05-20 17:21:21,822] Epoch 7 - Training loss: 0.125455   Test Accuracy: 0.9737
[2026-05-20 17:23:03,673] Epoch 8 - Training loss: 0.113042   Test Accuracy: 0.9587
[2026-05-20 17:24:46,142] Epoch 9 - Training loss: 0.107295   Test Accuracy: 0.9736
[2026-05-20 17:26:29,337] Epoch 10 - Training loss: 0.099074   Test Accuracy: 0.9726
[2026-05-20 17:28:11,804] Epoch 11 - Training loss: 0.098411   Test Accuracy: 0.9726
[2026-05-20 17:29:54,262] Epoch 12 - Training loss: 0.108144   Test Accuracy: 0.9739
[2026-05-20 17:31:33,301] Epoch 13 - Training loss: 0.100037   Test Accuracy: 0.9661
[2026-05-20 17:33:14,508] Epoch 14 - Training loss: 0.100735   Test Accuracy: 0.9748
[2026-05-20 17:34:55,036] Epoch 15 - Training loss: 0.103497   Test Accuracy: 0.9696
[2026-05-20 17:36:40,400] Epoch 16 - Training loss: 0.108724   Test Accuracy: 0.9642
[2026-05-20 17:38:23,381] Epoch 17 - Training loss: 0.111956   Test Accuracy: 0.9618
[2026-05-20 17:40:05,665] Epoch 18 - Training loss: 0.106621   Test Accuracy: 0.9736
[2026-05-20 17:41:49,291] Epoch 19 - Training loss: 0.101263   Test Accuracy: 0.9711
[2026-05-20 17:43:31,597] Epoch 20 - Training loss: 0.106149   Test Accuracy: 0.9642
[2026-05-20 17:45:13,322] Epoch 21 - Training loss: 0.115831   Test Accuracy: 0.9598
[2026-05-20 17:46:54,172] Epoch 22 - Training loss: 0.111450   Test Accuracy: 0.9739
[2026-05-20 17:48:37,707] Epoch 23 - Training loss: 0.105905   Test Accuracy: 0.9689
[2026-05-20 17:50:18,397] Epoch 24 - Training loss: 0.103430   Test Accuracy: 0.9727
[2026-05-20 17:51:58,801] Epoch 25 - Training loss: 0.103193   Test Accuracy: 0.9662
[2026-05-20 17:53:42,352] Epoch 26 - Training loss: 0.103079   Test Accuracy: 0.9731
[2026-05-20 17:55:25,982] Epoch 27 - Training loss: 0.104195   Test Accuracy: 0.9747
[2026-05-20 17:57:09,664] Epoch 28 - Training loss: 0.110853   Test Accuracy: 0.9731
[2026-05-20 17:58:47,417] Epoch 29 - Training loss: 0.103179   Test Accuracy: 0.9762
[2026-05-20 18:00:24,547] Epoch 30 - Training loss: 0.101219   Test Accuracy: 0.9706
aihwkit path:  /home/bong/analog_stress_test/aihwkit-fork/src/aihwkit/__init__.py
NeurIPS-2025/S2-mnist-CNN.py --CUDA 0 --SETTING RL-v2 --RPU Pow --tau 0.7 --res-gamma 0.5 --res-state 28
Using Device:  cuda:0
Logging to file: runs/MNIST-CNN/Pow-gamma=0.5-state=28/RL-v2-tau=0.7/events.out.tfevents.1779264575.user.2335107.0

Training Time (s) = 3047.1326274871826
