# CMD: CUDA_VISIBLE_DEVICES=2 PYTHONPATH=/home/bong/analog_stress_test/analog-training SEED=3 python NeurIPS-2025/S2-mnist-CNN.py --CUDA 0 --SETTING RL-v2 --RPU Pow --tau 0.7 --res-gamma 0.5 --res-state 28
[2026-05-20 18:00:34,496] Epoch 0 - Training loss: --------   Test Accuracy: 0.1347
[2026-05-20 18:02:10,000] Epoch 1 - Training loss: 0.288691   Test Accuracy: 0.9619
[2026-05-20 18:03:47,372] Epoch 2 - Training loss: 0.131753   Test Accuracy: 0.9029
[2026-05-20 18:05:25,293] Epoch 3 - Training loss: 0.116790   Test Accuracy: 0.9715
[2026-05-20 18:07:00,082] Epoch 4 - Training loss: 0.104356   Test Accuracy: 0.9748
[2026-05-20 18:08:43,321] Epoch 5 - Training loss: 0.110479   Test Accuracy: 0.9600
[2026-05-20 18:10:25,644] Epoch 6 - Training loss: 0.108758   Test Accuracy: 0.9653
[2026-05-20 18:12:06,213] Epoch 7 - Training loss: 0.119501   Test Accuracy: 0.9450
[2026-05-20 18:13:45,757] Epoch 8 - Training loss: 0.107332   Test Accuracy: 0.9701
[2026-05-20 18:15:23,830] Epoch 9 - Training loss: 0.109721   Test Accuracy: 0.9666
[2026-05-20 18:17:04,114] Epoch 10 - Training loss: 0.104327   Test Accuracy: 0.9651
[2026-05-20 18:18:46,091] Epoch 11 - Training loss: 0.105695   Test Accuracy: 0.9746
[2026-05-20 18:20:28,275] Epoch 12 - Training loss: 0.101433   Test Accuracy: 0.9716
[2026-05-20 18:22:10,714] Epoch 13 - Training loss: 0.099872   Test Accuracy: 0.9743
[2026-05-20 18:23:53,307] Epoch 14 - Training loss: 0.099674   Test Accuracy: 0.9715
[2026-05-20 18:25:36,115] Epoch 15 - Training loss: 0.096814   Test Accuracy: 0.9725
[2026-05-20 18:27:18,415] Epoch 16 - Training loss: 0.098541   Test Accuracy: 0.9750
[2026-05-20 18:28:59,203] Epoch 17 - Training loss: 0.102590   Test Accuracy: 0.9718
[2026-05-20 18:30:37,794] Epoch 18 - Training loss: 0.102546   Test Accuracy: 0.9547
[2026-05-20 18:32:23,749] Epoch 19 - Training loss: 0.095800   Test Accuracy: 0.9680
[2026-05-20 18:33:59,902] Epoch 20 - Training loss: 0.099379   Test Accuracy: 0.9718
[2026-05-20 18:35:38,518] Epoch 21 - Training loss: 0.103797   Test Accuracy: 0.9620
[2026-05-20 18:37:20,220] Epoch 22 - Training loss: 0.098229   Test Accuracy: 0.9745
[2026-05-20 18:39:03,686] Epoch 23 - Training loss: 0.099579   Test Accuracy: 0.9726
[2026-05-20 18:40:51,268] Epoch 24 - Training loss: 0.099023   Test Accuracy: 0.9757
[2026-05-20 18:42:34,678] Epoch 25 - Training loss: 0.099027   Test Accuracy: 0.9739
[2026-05-20 18:44:14,784] Epoch 26 - Training loss: 0.093935   Test Accuracy: 0.9719
[2026-05-20 18:45:52,850] Epoch 27 - Training loss: 0.103044   Test Accuracy: 0.9728
[2026-05-20 18:47:35,340] Epoch 28 - Training loss: 0.118182   Test Accuracy: 0.9695
[2026-05-20 18:49:11,135] Epoch 29 - Training loss: 0.107340   Test Accuracy: 0.9684
[2026-05-20 18:50:54,371] Epoch 30 - Training loss: 0.098009   Test Accuracy: 0.9718
aihwkit path:  /home/bong/analog_stress_test/aihwkit-fork/src/aihwkit/__init__.py
NeurIPS-2025/S2-mnist-CNN.py --CUDA 0 --SETTING RL-v2 --RPU Pow --tau 0.7 --res-gamma 0.5 --res-state 28
Using Device:  cuda:0
Logging to file: runs/MNIST-CNN/Pow-gamma=0.5-state=28/RL-v2-tau=0.7/events.out.tfevents.1779267628.user.2339046.0

Training Time (s) = 3024.0265216827393
