# CMD: CUDA_VISIBLE_DEVICES=2 PYTHONPATH=/home/bong/analog_stress_test/analog-training SEED=1 python NeurIPS-2025/S2-mnist-CNN.py --CUDA 0 --SETTING RL-v2 --RPU Pow --tau 0.7 --res-gamma 0.5 --res-state 14
[2026-05-20 18:48:39,981] Epoch 0 - Training loss: --------   Test Accuracy: 0.1400
[2026-05-20 18:50:13,844] Epoch 1 - Training loss: 0.357669   Test Accuracy: 0.9554
[2026-05-20 18:51:47,262] Epoch 2 - Training loss: 0.173125   Test Accuracy: 0.9504
[2026-05-20 18:53:21,935] Epoch 3 - Training loss: 0.174627   Test Accuracy: 0.9495
[2026-05-20 18:55:06,065] Epoch 4 - Training loss: 0.169004   Test Accuracy: 0.9493
[2026-05-20 18:56:46,855] Epoch 5 - Training loss: 0.166649   Test Accuracy: 0.9504
[2026-05-20 18:58:28,542] Epoch 6 - Training loss: 0.170679   Test Accuracy: 0.9252
[2026-05-20 19:00:10,599] Epoch 7 - Training loss: 0.176479   Test Accuracy: 0.9540
[2026-05-20 19:01:53,068] Epoch 8 - Training loss: 0.162872   Test Accuracy: 0.9513
[2026-05-20 19:03:36,333] Epoch 9 - Training loss: 0.161567   Test Accuracy: 0.9533
[2026-05-20 19:05:17,019] Epoch 10 - Training loss: 0.170073   Test Accuracy: 0.9563
[2026-05-20 19:07:00,330] Epoch 11 - Training loss: 0.175945   Test Accuracy: 0.9508
[2026-05-20 19:08:42,802] Epoch 12 - Training loss: 0.176815   Test Accuracy: 0.9576
[2026-05-20 19:10:27,212] Epoch 13 - Training loss: 0.162516   Test Accuracy: 0.9522
[2026-05-20 19:12:07,559] Epoch 14 - Training loss: 0.168267   Test Accuracy: 0.9502
[2026-05-20 19:13:48,371] Epoch 15 - Training loss: 0.165360   Test Accuracy: 0.9628
[2026-05-20 19:15:29,600] Epoch 16 - Training loss: 0.163211   Test Accuracy: 0.9443
[2026-05-20 19:17:11,524] Epoch 17 - Training loss: 0.166751   Test Accuracy: 0.9507
[2026-05-20 19:18:54,857] Epoch 18 - Training loss: 0.163271   Test Accuracy: 0.9441
[2026-05-20 19:20:37,166] Epoch 19 - Training loss: 0.170888   Test Accuracy: 0.9629
[2026-05-20 19:22:19,159] Epoch 20 - Training loss: 0.163625   Test Accuracy: 0.9556
[2026-05-20 19:24:01,917] Epoch 21 - Training loss: 0.168254   Test Accuracy: 0.9505
[2026-05-20 19:25:42,491] Epoch 22 - Training loss: 0.160097   Test Accuracy: 0.9582
[2026-05-20 19:27:25,296] Epoch 23 - Training loss: 0.171517   Test Accuracy: 0.9485
[2026-05-20 19:29:08,147] Epoch 24 - Training loss: 0.180329   Test Accuracy: 0.9447
[2026-05-20 19:30:51,311] Epoch 25 - Training loss: 0.163180   Test Accuracy: 0.9591
[2026-05-20 19:32:33,304] Epoch 26 - Training loss: 0.155033   Test Accuracy: 0.9508
[2026-05-20 19:34:11,280] Epoch 27 - Training loss: 0.167466   Test Accuracy: 0.9594
[2026-05-20 19:35:53,225] Epoch 28 - Training loss: 0.172535   Test Accuracy: 0.9471
[2026-05-20 19:37:35,935] Epoch 29 - Training loss: 0.174770   Test Accuracy: 0.9456
[2026-05-20 19:39:18,998] Epoch 30 - Training loss: 0.170905   Test Accuracy: 0.9501
aihwkit path:  /home/bong/analog_stress_test/aihwkit-fork/src/aihwkit/__init__.py
NeurIPS-2025/S2-mnist-CNN.py --CUDA 0 --SETTING RL-v2 --RPU Pow --tau 0.7 --res-gamma 0.5 --res-state 14
Using Device:  cuda:0
Logging to file: runs/MNIST-CNN/Pow-gamma=0.5-state=14/RL-v2-tau=0.7/events.out.tfevents.1779270513.user.2342165.0

Training Time (s) = 3043.2147767543793
