# CMD: CUDA_VISIBLE_DEVICES=2 PYTHONPATH=/home/bong/analog_stress_test/analog-training SEED=2 python NeurIPS-2025/S2-mnist-CNN.py --CUDA 0 --SETTING RL-v2 --RPU Pow --tau 0.7 --res-gamma 0.5 --res-state 14000
[2026-05-20 12:55:08,063] Epoch 0 - Training loss: --------   Test Accuracy: 0.1518
[2026-05-20 12:56:52,179] Epoch 1 - Training loss: 0.456263   Test Accuracy: 0.9185
[2026-05-20 12:58:42,405] Epoch 2 - Training loss: 0.281008   Test Accuracy: 0.9340
[2026-05-20 13:00:29,303] Epoch 3 - Training loss: 0.246507   Test Accuracy: 0.9372
[2026-05-20 13:02:12,272] Epoch 4 - Training loss: 0.224280   Test Accuracy: 0.9421
[2026-05-20 13:04:01,004] Epoch 5 - Training loss: 0.207691   Test Accuracy: 0.9480
[2026-05-20 13:05:49,237] Epoch 6 - Training loss: 0.194344   Test Accuracy: 0.9510
[2026-05-20 13:07:37,534] Epoch 7 - Training loss: 0.181269   Test Accuracy: 0.9532
[2026-05-20 13:09:22,917] Epoch 8 - Training loss: 0.174292   Test Accuracy: 0.9551
[2026-05-20 13:11:10,737] Epoch 9 - Training loss: 0.167349   Test Accuracy: 0.9549
[2026-05-20 13:12:55,206] Epoch 10 - Training loss: 0.160199   Test Accuracy: 0.9605
[2026-05-20 13:14:39,376] Epoch 11 - Training loss: 0.154660   Test Accuracy: 0.9604
[2026-05-20 13:16:27,021] Epoch 12 - Training loss: 0.152189   Test Accuracy: 0.9591
[2026-05-20 13:18:14,175] Epoch 13 - Training loss: 0.147612   Test Accuracy: 0.9600
[2026-05-20 13:20:00,465] Epoch 14 - Training loss: 0.146075   Test Accuracy: 0.9622
[2026-05-20 13:21:47,444] Epoch 15 - Training loss: 0.141975   Test Accuracy: 0.9645
[2026-05-20 13:23:34,299] Epoch 16 - Training loss: 0.138735   Test Accuracy: 0.9645
[2026-05-20 13:25:20,857] Epoch 17 - Training loss: 0.135966   Test Accuracy: 0.9597
[2026-05-20 13:27:07,315] Epoch 18 - Training loss: 0.133829   Test Accuracy: 0.9651
[2026-05-20 13:28:54,225] Epoch 19 - Training loss: 0.130723   Test Accuracy: 0.9664
[2026-05-20 13:30:41,015] Epoch 20 - Training loss: 0.129612   Test Accuracy: 0.9667
[2026-05-20 13:32:28,393] Epoch 21 - Training loss: 0.124765   Test Accuracy: 0.9683
[2026-05-20 13:34:15,767] Epoch 22 - Training loss: 0.124000   Test Accuracy: 0.9677
[2026-05-20 13:36:03,501] Epoch 23 - Training loss: 0.121638   Test Accuracy: 0.9676
[2026-05-20 13:37:46,950] Epoch 24 - Training loss: 0.119942   Test Accuracy: 0.9673
[2026-05-20 13:39:28,966] Epoch 25 - Training loss: 0.117580   Test Accuracy: 0.9654
[2026-05-20 13:41:11,015] Epoch 26 - Training loss: 0.116463   Test Accuracy: 0.9691
[2026-05-20 13:42:52,377] Epoch 27 - Training loss: 0.114739   Test Accuracy: 0.9681
[2026-05-20 13:44:33,371] Epoch 28 - Training loss: 0.112463   Test Accuracy: 0.9652
[2026-05-20 13:46:15,188] Epoch 29 - Training loss: 0.111024   Test Accuracy: 0.9690
[2026-05-20 13:47:55,489] Epoch 30 - Training loss: 0.111352   Test Accuracy: 0.9717
aihwkit path:  /home/bong/analog_stress_test/aihwkit-fork/src/aihwkit/__init__.py
NeurIPS-2025/S2-mnist-CNN.py --CUDA 0 --SETTING RL-v2 --RPU Pow --tau 0.7 --res-gamma 0.5 --res-state 14000
Using Device:  cuda:0
Logging to file: runs/MNIST-CNN/Pow-gamma=0.5-state=14000/RL-v2-tau=0.7/events.out.tfevents.1779249301.user.2305727.0

Training Time (s) = 3171.642245531082
