# CMD: CUDA_VISIBLE_DEVICES=2 PYTHONPATH=/home/bong/analog_stress_test/analog-training SEED=3 python NeurIPS-2025/S2-mnist-CNN.py --CUDA 0 --SETTING RL-v2 --RPU Pow --tau 0.7 --res-gamma 0.5 --res-state 1400
[2026-05-20 14:38:06,666] Epoch 0 - Training loss: --------   Test Accuracy: 0.1367
[2026-05-20 14:39:37,571] Epoch 1 - Training loss: 0.313002   Test Accuracy: 0.9450
[2026-05-20 14:41:15,179] Epoch 2 - Training loss: 0.169730   Test Accuracy: 0.8988
[2026-05-20 14:42:48,853] Epoch 3 - Training loss: 0.136202   Test Accuracy: 0.9609
[2026-05-20 14:44:23,733] Epoch 4 - Training loss: 0.116755   Test Accuracy: 0.9669
[2026-05-20 14:45:58,645] Epoch 5 - Training loss: 0.103068   Test Accuracy: 0.9705
[2026-05-20 14:47:35,199] Epoch 6 - Training loss: 0.091618   Test Accuracy: 0.9749
[2026-05-20 14:49:05,853] Epoch 7 - Training loss: 0.084769   Test Accuracy: 0.9761
[2026-05-20 14:50:44,609] Epoch 8 - Training loss: 0.077154   Test Accuracy: 0.9760
[2026-05-20 14:52:22,798] Epoch 9 - Training loss: 0.071784   Test Accuracy: 0.9766
[2026-05-20 14:53:57,076] Epoch 10 - Training loss: 0.067186   Test Accuracy: 0.9823
[2026-05-20 14:55:35,115] Epoch 11 - Training loss: 0.063149   Test Accuracy: 0.9835
[2026-05-20 14:57:05,307] Epoch 12 - Training loss: 0.059997   Test Accuracy: 0.9829
[2026-05-20 14:58:32,962] Epoch 13 - Training loss: 0.056972   Test Accuracy: 0.9823
[2026-05-20 14:59:57,154] Epoch 14 - Training loss: 0.053490   Test Accuracy: 0.9805
[2026-05-20 15:01:23,192] Epoch 15 - Training loss: 0.050845   Test Accuracy: 0.9847
[2026-05-20 15:03:03,018] Epoch 16 - Training loss: 0.048639   Test Accuracy: 0.9813
[2026-05-20 15:04:44,270] Epoch 17 - Training loss: 0.047693   Test Accuracy: 0.9867
[2026-05-20 15:06:24,712] Epoch 18 - Training loss: 0.045029   Test Accuracy: 0.9841
[2026-05-20 15:08:04,229] Epoch 19 - Training loss: 0.042316   Test Accuracy: 0.9851
[2026-05-20 15:09:47,136] Epoch 20 - Training loss: 0.042110   Test Accuracy: 0.9837
[2026-05-20 15:11:29,521] Epoch 21 - Training loss: 0.039902   Test Accuracy: 0.9845
[2026-05-20 15:13:11,775] Epoch 22 - Training loss: 0.038217   Test Accuracy: 0.9858
[2026-05-20 15:14:54,164] Epoch 23 - Training loss: 0.036870   Test Accuracy: 0.9859
[2026-05-20 15:16:37,408] Epoch 24 - Training loss: 0.034701   Test Accuracy: 0.9877
[2026-05-20 15:18:15,344] Epoch 25 - Training loss: 0.034066   Test Accuracy: 0.9861
[2026-05-20 15:19:51,715] Epoch 26 - Training loss: 0.032445   Test Accuracy: 0.9866
[2026-05-20 15:21:32,874] Epoch 27 - Training loss: 0.031424   Test Accuracy: 0.9869
[2026-05-20 15:23:14,686] Epoch 28 - Training loss: 0.030798   Test Accuracy: 0.9885
[2026-05-20 15:24:58,318] Epoch 29 - Training loss: 0.028834   Test Accuracy: 0.9853
[2026-05-20 15:26:40,185] Epoch 30 - Training loss: 0.028680   Test Accuracy: 0.9885
aihwkit path:  /home/bong/analog_stress_test/aihwkit-fork/src/aihwkit/__init__.py
NeurIPS-2025/S2-mnist-CNN.py --CUDA 0 --SETTING RL-v2 --RPU Pow --tau 0.7 --res-gamma 0.5 --res-state 1400
Using Device:  cuda:0
Logging to file: runs/MNIST-CNN/Pow-gamma=0.5-state=1400/RL-v2-tau=0.7/events.out.tfevents.1779255480.user.2317805.0

Training Time (s) = 2917.7693514823914
