# CMD: CUDA_VISIBLE_DEVICES=2 PYTHONPATH=/home/bong/analog_stress_test/analog-training SEED=2 python NeurIPS-2025/S2-mnist-CNN.py --CUDA 0 --SETTING RL-v2 --RPU Pow --tau 0.7 --res-gamma 0.5 --res-state 280
[2026-05-20 15:26:51,265] Epoch 0 - Training loss: --------   Test Accuracy: 0.1486
[2026-05-20 15:28:24,480] Epoch 1 - Training loss: 0.315093   Test Accuracy: 0.9529
[2026-05-20 15:29:54,270] Epoch 2 - Training loss: 0.121004   Test Accuracy: 0.9754
[2026-05-20 15:31:31,799] Epoch 3 - Training loss: 0.079189   Test Accuracy: 0.9827
[2026-05-20 15:33:11,834] Epoch 4 - Training loss: 0.059415   Test Accuracy: 0.9830
[2026-05-20 15:34:53,174] Epoch 5 - Training loss: 0.046940   Test Accuracy: 0.9858
[2026-05-20 15:36:34,486] Epoch 6 - Training loss: 0.039388   Test Accuracy: 0.9850
[2026-05-20 15:38:15,846] Epoch 7 - Training loss: 0.034132   Test Accuracy: 0.9829
[2026-05-20 15:39:57,449] Epoch 8 - Training loss: 0.030393   Test Accuracy: 0.9886
[2026-05-20 15:41:38,305] Epoch 9 - Training loss: 0.026519   Test Accuracy: 0.9871
[2026-05-20 15:43:20,782] Epoch 10 - Training loss: 0.023888   Test Accuracy: 0.9847
[2026-05-20 15:45:02,970] Epoch 11 - Training loss: 0.021051   Test Accuracy: 0.9868
[2026-05-20 15:46:45,035] Epoch 12 - Training loss: 0.020373   Test Accuracy: 0.9864
[2026-05-20 15:48:27,851] Epoch 13 - Training loss: 0.018441   Test Accuracy: 0.9864
[2026-05-20 15:50:11,013] Epoch 14 - Training loss: 0.016455   Test Accuracy: 0.9862
[2026-05-20 15:51:50,435] Epoch 15 - Training loss: 0.015548   Test Accuracy: 0.9865
[2026-05-20 15:53:32,262] Epoch 16 - Training loss: 0.014180   Test Accuracy: 0.9871
[2026-05-20 15:55:13,293] Epoch 17 - Training loss: 0.014071   Test Accuracy: 0.9845
[2026-05-20 15:56:53,783] Epoch 18 - Training loss: 0.013331   Test Accuracy: 0.9873
[2026-05-20 15:58:34,689] Epoch 19 - Training loss: 0.014073   Test Accuracy: 0.9883
[2026-05-20 16:00:15,709] Epoch 20 - Training loss: 0.014061   Test Accuracy: 0.9863
[2026-05-20 16:01:58,353] Epoch 21 - Training loss: 0.013172   Test Accuracy: 0.9881
[2026-05-20 16:03:38,939] Epoch 22 - Training loss: 0.012742   Test Accuracy: 0.9866
[2026-05-20 16:05:20,499] Epoch 23 - Training loss: 0.012167   Test Accuracy: 0.9875
[2026-05-20 16:07:02,460] Epoch 24 - Training loss: 0.011616   Test Accuracy: 0.9871
[2026-05-20 16:08:43,907] Epoch 25 - Training loss: 0.011497   Test Accuracy: 0.9865
[2026-05-20 16:10:25,563] Epoch 26 - Training loss: 0.011349   Test Accuracy: 0.9888
[2026-05-20 16:11:58,487] Epoch 27 - Training loss: 0.010443   Test Accuracy: 0.9887
[2026-05-20 16:13:38,102] Epoch 28 - Training loss: 0.010570   Test Accuracy: 0.9865
[2026-05-20 16:15:20,419] Epoch 29 - Training loss: 0.010969   Test Accuracy: 0.9863
[2026-05-20 16:16:59,397] Epoch 30 - Training loss: 0.010392   Test Accuracy: 0.9889
aihwkit path:  /home/bong/analog_stress_test/aihwkit-fork/src/aihwkit/__init__.py
NeurIPS-2025/S2-mnist-CNN.py --CUDA 0 --SETTING RL-v2 --RPU Pow --tau 0.7 --res-gamma 0.5 --res-state 280
Using Device:  cuda:0
Logging to file: runs/MNIST-CNN/Pow-gamma=0.5-state=280/RL-v2-tau=0.7/events.out.tfevents.1779258405.user.2322373.0

Training Time (s) = 3012.324330806732
