# CMD: CUDA_VISIBLE_DEVICES=2 PYTHONPATH=/home/bong/analog_stress_test/analog-training SEED=1 python NeurIPS-2025/S2-mnist-CNN.py --CUDA 0 --SETTING RL-v2 --RPU Pow --tau 0.7 --res-gamma 0.5 --res-state 140
[2026-05-20 16:17:10,607] Epoch 0 - Training loss: --------   Test Accuracy: 0.1395
[2026-05-20 16:18:48,289] Epoch 1 - Training loss: 0.312085   Test Accuracy: 0.9639
[2026-05-20 16:20:22,309] Epoch 2 - Training loss: 0.106694   Test Accuracy: 0.9776
[2026-05-20 16:22:02,493] Epoch 3 - Training loss: 0.072190   Test Accuracy: 0.9838
[2026-05-20 16:23:40,195] Epoch 4 - Training loss: 0.057863   Test Accuracy: 0.9848
[2026-05-20 16:25:22,104] Epoch 5 - Training loss: 0.049197   Test Accuracy: 0.9842
[2026-05-20 16:27:03,552] Epoch 6 - Training loss: 0.045029   Test Accuracy: 0.9851
[2026-05-20 16:28:45,710] Epoch 7 - Training loss: 0.043036   Test Accuracy: 0.9854
[2026-05-20 16:30:27,848] Epoch 8 - Training loss: 0.040106   Test Accuracy: 0.9842
[2026-05-20 16:32:07,005] Epoch 9 - Training loss: 0.037795   Test Accuracy: 0.9836
[2026-05-20 16:33:48,514] Epoch 10 - Training loss: 0.035475   Test Accuracy: 0.9856
[2026-05-20 16:35:31,021] Epoch 11 - Training loss: 0.032843   Test Accuracy: 0.9873
[2026-05-20 16:37:09,680] Epoch 12 - Training loss: 0.031010   Test Accuracy: 0.9841
[2026-05-20 16:38:51,594] Epoch 13 - Training loss: 0.030692   Test Accuracy: 0.9813
[2026-05-20 16:40:34,514] Epoch 14 - Training loss: 0.031368   Test Accuracy: 0.9850
[2026-05-20 16:42:15,636] Epoch 15 - Training loss: 0.030562   Test Accuracy: 0.9827
[2026-05-20 16:43:54,949] Epoch 16 - Training loss: 0.029495   Test Accuracy: 0.9854
[2026-05-20 16:45:36,888] Epoch 17 - Training loss: 0.028408   Test Accuracy: 0.9858
[2026-05-20 16:47:18,975] Epoch 18 - Training loss: 0.027215   Test Accuracy: 0.9877
[2026-05-20 16:49:01,658] Epoch 19 - Training loss: 0.028297   Test Accuracy: 0.9843
[2026-05-20 16:50:42,486] Epoch 20 - Training loss: 0.027204   Test Accuracy: 0.9864
[2026-05-20 16:52:25,739] Epoch 21 - Training loss: 0.027709   Test Accuracy: 0.9881
[2026-05-20 16:54:04,765] Epoch 22 - Training loss: 0.026745   Test Accuracy: 0.9859
[2026-05-20 16:55:46,622] Epoch 23 - Training loss: 0.024900   Test Accuracy: 0.9881
[2026-05-20 16:57:26,839] Epoch 24 - Training loss: 0.024395   Test Accuracy: 0.9865
[2026-05-20 16:59:06,477] Epoch 25 - Training loss: 0.026273   Test Accuracy: 0.9855
[2026-05-20 17:00:48,331] Epoch 26 - Training loss: 0.026050   Test Accuracy: 0.9858
[2026-05-20 17:02:29,937] Epoch 27 - Training loss: 0.025743   Test Accuracy: 0.9870
[2026-05-20 17:04:12,075] Epoch 28 - Training loss: 0.026201   Test Accuracy: 0.9857
[2026-05-20 17:05:52,223] Epoch 29 - Training loss: 0.025737   Test Accuracy: 0.9860
[2026-05-20 17:07:34,147] Epoch 30 - Training loss: 0.025688   Test Accuracy: 0.9857
aihwkit path:  /home/bong/analog_stress_test/aihwkit-fork/src/aihwkit/__init__.py
NeurIPS-2025/S2-mnist-CNN.py --CUDA 0 --SETTING RL-v2 --RPU Pow --tau 0.7 --res-gamma 0.5 --res-state 140
Using Device:  cuda:0
Logging to file: runs/MNIST-CNN/Pow-gamma=0.5-state=140/RL-v2-tau=0.7/events.out.tfevents.1779261424.user.2330307.0

Training Time (s) = 3027.731125831604
