# CMD: CUDA_VISIBLE_DEVICES=2 PYTHONPATH=/home/bong/analog_stress_test/analog-training SEED=3 python NeurIPS-2025/S2-mnist-CNN.py --CUDA 0 --SETTING RL-v2 --RPU Pow --tau 0.7 --res-gamma 0.5 --res-state 14000
[2026-05-20 12:55:58,555] Epoch 0 - Training loss: --------   Test Accuracy: 0.1359
[2026-05-20 12:57:42,433] Epoch 1 - Training loss: 0.450209   Test Accuracy: 0.9175
[2026-05-20 12:59:32,267] Epoch 2 - Training loss: 0.262178   Test Accuracy: 0.9136
[2026-05-20 13:01:16,860] Epoch 3 - Training loss: 0.220929   Test Accuracy: 0.9404
[2026-05-20 13:03:05,289] Epoch 4 - Training loss: 0.204408   Test Accuracy: 0.9521
[2026-05-20 13:04:53,724] Epoch 5 - Training loss: 0.192055   Test Accuracy: 0.9430
[2026-05-20 13:06:42,463] Epoch 6 - Training loss: 0.177361   Test Accuracy: 0.9502
[2026-05-20 13:08:28,881] Epoch 7 - Training loss: 0.171531   Test Accuracy: 0.9545
[2026-05-20 13:10:16,973] Epoch 8 - Training loss: 0.164330   Test Accuracy: 0.9611
[2026-05-20 13:12:04,589] Epoch 9 - Training loss: 0.158887   Test Accuracy: 0.9604
[2026-05-20 13:13:51,470] Epoch 10 - Training loss: 0.153492   Test Accuracy: 0.9567
[2026-05-20 13:15:38,620] Epoch 11 - Training loss: 0.149809   Test Accuracy: 0.9600
[2026-05-20 13:17:25,913] Epoch 12 - Training loss: 0.147999   Test Accuracy: 0.9601
[2026-05-20 13:19:13,722] Epoch 13 - Training loss: 0.144706   Test Accuracy: 0.9606
[2026-05-20 13:21:01,053] Epoch 14 - Training loss: 0.144555   Test Accuracy: 0.9610
[2026-05-20 13:22:48,181] Epoch 15 - Training loss: 0.139887   Test Accuracy: 0.9606
[2026-05-20 13:24:34,221] Epoch 16 - Training loss: 0.137964   Test Accuracy: 0.9620
[2026-05-20 13:26:20,706] Epoch 17 - Training loss: 0.135678   Test Accuracy: 0.9616
[2026-05-20 13:28:05,827] Epoch 18 - Training loss: 0.132626   Test Accuracy: 0.9596
[2026-05-20 13:29:52,336] Epoch 19 - Training loss: 0.131256   Test Accuracy: 0.9615
[2026-05-20 13:31:39,571] Epoch 20 - Training loss: 0.130674   Test Accuracy: 0.9621
[2026-05-20 13:33:26,634] Epoch 21 - Training loss: 0.127792   Test Accuracy: 0.9613
[2026-05-20 13:35:14,273] Epoch 22 - Training loss: 0.126873   Test Accuracy: 0.9679
[2026-05-20 13:37:00,958] Epoch 23 - Training loss: 0.125952   Test Accuracy: 0.9638
[2026-05-20 13:38:45,608] Epoch 24 - Training loss: 0.124823   Test Accuracy: 0.9665
[2026-05-20 13:40:24,642] Epoch 25 - Training loss: 0.121570   Test Accuracy: 0.9677
[2026-05-20 13:42:09,602] Epoch 26 - Training loss: 0.121842   Test Accuracy: 0.9682
[2026-05-20 13:43:54,557] Epoch 27 - Training loss: 0.119782   Test Accuracy: 0.9632
[2026-05-20 13:45:39,892] Epoch 28 - Training loss: 0.118431   Test Accuracy: 0.9668
[2026-05-20 13:47:21,905] Epoch 29 - Training loss: 0.117700   Test Accuracy: 0.9676
[2026-05-20 13:49:00,267] Epoch 30 - Training loss: 0.117219   Test Accuracy: 0.9675
aihwkit path:  /home/bong/analog_stress_test/aihwkit-fork/src/aihwkit/__init__.py
NeurIPS-2025/S2-mnist-CNN.py --CUDA 0 --SETTING RL-v2 --RPU Pow --tau 0.7 --res-gamma 0.5 --res-state 14000
Using Device:  cuda:0
Logging to file: runs/MNIST-CNN/Pow-gamma=0.5-state=14000/RL-v2-tau=0.7/events.out.tfevents.1779249351.user.2305998.0

Training Time (s) = 3186.278304576874
