# CMD: CUDA_VISIBLE_DEVICES=2 PYTHONPATH=/home/bong/analog_stress_test/analog-training SEED=2 python NeurIPS-2025/S2-mnist-CNN.py --CUDA 0 --SETTING RL-v2 --RPU Pow --tau 0.7 --res-gamma 0.5 --res-state 1400
[2026-05-20 13:49:11,837] Epoch 0 - Training loss: --------   Test Accuracy: 0.1479
[2026-05-20 13:50:50,874] Epoch 1 - Training loss: 0.328220   Test Accuracy: 0.9335
[2026-05-20 13:52:28,048] Epoch 2 - Training loss: 0.168230   Test Accuracy: 0.9647
[2026-05-20 13:54:05,974] Epoch 3 - Training loss: 0.135052   Test Accuracy: 0.9712
[2026-05-20 13:55:43,522] Epoch 4 - Training loss: 0.112541   Test Accuracy: 0.9720
[2026-05-20 13:57:21,769] Epoch 5 - Training loss: 0.099299   Test Accuracy: 0.9758
[2026-05-20 13:59:00,945] Epoch 6 - Training loss: 0.089693   Test Accuracy: 0.9766
[2026-05-20 14:00:40,316] Epoch 7 - Training loss: 0.082010   Test Accuracy: 0.9761
[2026-05-20 14:02:20,345] Epoch 8 - Training loss: 0.077638   Test Accuracy: 0.9785
[2026-05-20 14:03:59,089] Epoch 9 - Training loss: 0.071306   Test Accuracy: 0.9799
[2026-05-20 14:05:38,329] Epoch 10 - Training loss: 0.067260   Test Accuracy: 0.9813
[2026-05-20 14:07:16,611] Epoch 11 - Training loss: 0.064762   Test Accuracy: 0.9800
[2026-05-20 14:08:55,803] Epoch 12 - Training loss: 0.059797   Test Accuracy: 0.9816
[2026-05-20 14:10:35,874] Epoch 13 - Training loss: 0.057716   Test Accuracy: 0.9827
[2026-05-20 14:12:15,874] Epoch 14 - Training loss: 0.056003   Test Accuracy: 0.9836
[2026-05-20 14:13:54,919] Epoch 15 - Training loss: 0.053181   Test Accuracy: 0.9835
[2026-05-20 14:15:33,381] Epoch 16 - Training loss: 0.050777   Test Accuracy: 0.9844
[2026-05-20 14:17:14,498] Epoch 17 - Training loss: 0.048679   Test Accuracy: 0.9847
[2026-05-20 14:18:55,991] Epoch 18 - Training loss: 0.046079   Test Accuracy: 0.9856
[2026-05-20 14:20:37,011] Epoch 19 - Training loss: 0.045090   Test Accuracy: 0.9834
[2026-05-20 14:22:18,715] Epoch 20 - Training loss: 0.042365   Test Accuracy: 0.9846
[2026-05-20 14:23:56,053] Epoch 21 - Training loss: 0.041143   Test Accuracy: 0.9852
[2026-05-20 14:25:35,858] Epoch 22 - Training loss: 0.038852   Test Accuracy: 0.9847
[2026-05-20 14:27:15,407] Epoch 23 - Training loss: 0.038218   Test Accuracy: 0.9862
[2026-05-20 14:28:55,778] Epoch 24 - Training loss: 0.036104   Test Accuracy: 0.9867
[2026-05-20 14:30:33,299] Epoch 25 - Training loss: 0.035532   Test Accuracy: 0.9867
[2026-05-20 14:32:12,098] Epoch 26 - Training loss: 0.032970   Test Accuracy: 0.9839
[2026-05-20 14:33:50,907] Epoch 27 - Training loss: 0.031586   Test Accuracy: 0.9872
[2026-05-20 14:35:33,518] Epoch 28 - Training loss: 0.030482   Test Accuracy: 0.9849
[2026-05-20 14:37:15,906] Epoch 29 - Training loss: 0.029610   Test Accuracy: 0.9860
[2026-05-20 14:38:51,214] Epoch 30 - Training loss: 0.027965   Test Accuracy: 0.9873
aihwkit path:  /home/bong/analog_stress_test/aihwkit-fork/src/aihwkit/__init__.py
NeurIPS-2025/S2-mnist-CNN.py --CUDA 0 --SETTING RL-v2 --RPU Pow --tau 0.7 --res-gamma 0.5 --res-state 1400
Using Device:  cuda:0
Logging to file: runs/MNIST-CNN/Pow-gamma=0.5-state=1400/RL-v2-tau=0.7/events.out.tfevents.1779252545.user.2311685.0

Training Time (s) = 2983.861585378647
