# CMD: CUDA_VISIBLE_DEVICES=2 PYTHONPATH=/home/bong/analog_stress_test/analog-training SEED=2 python NeurIPS-2025/S2-mnist-CNN.py --CUDA 0 --SETTING RL-v2 --RPU Pow --tau 0.7 --res-gamma 0.5 --res-state 28
[2026-05-20 17:58:14,751] Epoch 0 - Training loss: --------   Test Accuracy: 0.1525
[2026-05-20 17:59:51,836] Epoch 1 - Training loss: 0.300307   Test Accuracy: 0.9649
[2026-05-20 18:01:26,454] Epoch 2 - Training loss: 0.114849   Test Accuracy: 0.9715
[2026-05-20 18:03:06,127] Epoch 3 - Training loss: 0.100419   Test Accuracy: 0.9707
[2026-05-20 18:04:48,597] Epoch 4 - Training loss: 0.104038   Test Accuracy: 0.9766
[2026-05-20 18:06:28,632] Epoch 5 - Training loss: 0.097665   Test Accuracy: 0.9751
[2026-05-20 18:08:11,815] Epoch 6 - Training loss: 0.098839   Test Accuracy: 0.9379
[2026-05-20 18:09:55,810] Epoch 7 - Training loss: 0.102970   Test Accuracy: 0.9694
[2026-05-20 18:11:38,558] Epoch 8 - Training loss: 0.105174   Test Accuracy: 0.9694
[2026-05-20 18:13:20,122] Epoch 9 - Training loss: 0.107371   Test Accuracy: 0.9729
[2026-05-20 18:15:01,065] Epoch 10 - Training loss: 0.097826   Test Accuracy: 0.9711
[2026-05-20 18:16:41,490] Epoch 11 - Training loss: 0.098928   Test Accuracy: 0.9709
[2026-05-20 18:18:22,893] Epoch 12 - Training loss: 0.104009   Test Accuracy: 0.9693
[2026-05-20 18:20:01,916] Epoch 13 - Training loss: 0.103859   Test Accuracy: 0.9711
[2026-05-20 18:21:35,864] Epoch 14 - Training loss: 0.101639   Test Accuracy: 0.9702
[2026-05-20 18:23:15,026] Epoch 15 - Training loss: 0.096864   Test Accuracy: 0.9750
[2026-05-20 18:24:56,118] Epoch 16 - Training loss: 0.092843   Test Accuracy: 0.9695
[2026-05-20 18:26:38,980] Epoch 17 - Training loss: 0.095579   Test Accuracy: 0.9669
[2026-05-20 18:28:19,985] Epoch 18 - Training loss: 0.097329   Test Accuracy: 0.9635
[2026-05-20 18:30:01,717] Epoch 19 - Training loss: 0.096302   Test Accuracy: 0.9708
[2026-05-20 18:31:41,075] Epoch 20 - Training loss: 0.096433   Test Accuracy: 0.9718
[2026-05-20 18:33:21,538] Epoch 21 - Training loss: 0.099954   Test Accuracy: 0.9712
[2026-05-20 18:35:02,734] Epoch 22 - Training loss: 0.120349   Test Accuracy: 0.9555
[2026-05-20 18:36:44,040] Epoch 23 - Training loss: 0.111475   Test Accuracy: 0.9724
[2026-05-20 18:38:26,788] Epoch 24 - Training loss: 0.103805   Test Accuracy: 0.9744
[2026-05-20 18:40:04,365] Epoch 25 - Training loss: 0.099598   Test Accuracy: 0.9703
[2026-05-20 18:41:43,721] Epoch 26 - Training loss: 0.099693   Test Accuracy: 0.9689
[2026-05-20 18:43:26,228] Epoch 27 - Training loss: 0.101680   Test Accuracy: 0.9738
[2026-05-20 18:45:06,021] Epoch 28 - Training loss: 0.098203   Test Accuracy: 0.9721
[2026-05-20 18:46:47,344] Epoch 29 - Training loss: 0.097769   Test Accuracy: 0.9716
[2026-05-20 18:48:28,641] Epoch 30 - Training loss: 0.094937   Test Accuracy: 0.9756
aihwkit path:  /home/bong/analog_stress_test/aihwkit-fork/src/aihwkit/__init__.py
NeurIPS-2025/S2-mnist-CNN.py --CUDA 0 --SETTING RL-v2 --RPU Pow --tau 0.7 --res-gamma 0.5 --res-state 28
Using Device:  cuda:0
Logging to file: runs/MNIST-CNN/Pow-gamma=0.5-state=28/RL-v2-tau=0.7/events.out.tfevents.1779267488.user.2338541.0

Training Time (s) = 3018.161071062088
