# CMD: CUDA_VISIBLE_DEVICES=2 PYTHONPATH=/home/bong/analog_stress_test/analog-training SEED=1 python NeurIPS-2025/S2-mnist-CNN.py --CUDA 0 --SETTING RL-v2 --RPU Pow --tau 0.7 --res-gamma 0.5 --res-state 280
[2026-05-20 14:39:02,505] Epoch 0 - Training loss: --------   Test Accuracy: 0.1421
[2026-05-20 14:40:41,030] Epoch 1 - Training loss: 0.337128   Test Accuracy: 0.9510
[2026-05-20 14:42:16,921] Epoch 2 - Training loss: 0.133472   Test Accuracy: 0.9721
[2026-05-20 14:43:52,996] Epoch 3 - Training loss: 0.087741   Test Accuracy: 0.9762
[2026-05-20 14:45:30,741] Epoch 4 - Training loss: 0.065183   Test Accuracy: 0.9812
[2026-05-20 14:47:05,738] Epoch 5 - Training loss: 0.051708   Test Accuracy: 0.9858
[2026-05-20 14:48:44,491] Epoch 6 - Training loss: 0.043717   Test Accuracy: 0.9830
[2026-05-20 14:50:23,210] Epoch 7 - Training loss: 0.037258   Test Accuracy: 0.9859
[2026-05-20 14:52:02,207] Epoch 8 - Training loss: 0.031431   Test Accuracy: 0.9867
[2026-05-20 14:53:41,444] Epoch 9 - Training loss: 0.029020   Test Accuracy: 0.9863
[2026-05-20 14:55:20,417] Epoch 10 - Training loss: 0.025498   Test Accuracy: 0.9883
[2026-05-20 14:57:01,288] Epoch 11 - Training loss: 0.022552   Test Accuracy: 0.9880
[2026-05-20 14:58:41,039] Epoch 12 - Training loss: 0.019290   Test Accuracy: 0.9853
[2026-05-20 15:00:22,152] Epoch 13 - Training loss: 0.018948   Test Accuracy: 0.9835
[2026-05-20 15:02:02,251] Epoch 14 - Training loss: 0.017157   Test Accuracy: 0.9879
[2026-05-20 15:03:43,482] Epoch 15 - Training loss: 0.016904   Test Accuracy: 0.9887
[2026-05-20 15:05:25,760] Epoch 16 - Training loss: 0.015281   Test Accuracy: 0.9882
[2026-05-20 15:07:06,178] Epoch 17 - Training loss: 0.013266   Test Accuracy: 0.9850
[2026-05-20 15:08:46,747] Epoch 18 - Training loss: 0.014022   Test Accuracy: 0.9868
[2026-05-20 15:10:30,328] Epoch 19 - Training loss: 0.013286   Test Accuracy: 0.9882
[2026-05-20 15:12:09,371] Epoch 20 - Training loss: 0.014150   Test Accuracy: 0.9865
[2026-05-20 15:13:52,466] Epoch 21 - Training loss: 0.012009   Test Accuracy: 0.9854
[2026-05-20 15:15:35,845] Epoch 22 - Training loss: 0.011947   Test Accuracy: 0.9863
[2026-05-20 15:17:16,694] Epoch 23 - Training loss: 0.011277   Test Accuracy: 0.9870
[2026-05-20 15:18:58,331] Epoch 24 - Training loss: 0.011128   Test Accuracy: 0.9870
[2026-05-20 15:20:41,761] Epoch 25 - Training loss: 0.010130   Test Accuracy: 0.9876
[2026-05-20 15:22:22,870] Epoch 26 - Training loss: 0.010964   Test Accuracy: 0.9876
[2026-05-20 15:24:07,321] Epoch 27 - Training loss: 0.010945   Test Accuracy: 0.9873
[2026-05-20 15:25:43,057] Epoch 28 - Training loss: 0.009938   Test Accuracy: 0.9834
[2026-05-20 15:27:18,179] Epoch 29 - Training loss: 0.010322   Test Accuracy: 0.9855
[2026-05-20 15:28:54,986] Epoch 30 - Training loss: 0.009565   Test Accuracy: 0.9846
aihwkit path:  /home/bong/analog_stress_test/aihwkit-fork/src/aihwkit/__init__.py
NeurIPS-2025/S2-mnist-CNN.py --CUDA 0 --SETTING RL-v2 --RPU Pow --tau 0.7 --res-gamma 0.5 --res-state 280
Using Device:  cuda:0
Logging to file: runs/MNIST-CNN/Pow-gamma=0.5-state=280/RL-v2-tau=0.7/events.out.tfevents.1779255536.user.2318087.0

Training Time (s) = 2996.861030101776
