# CMD: CUDA_VISIBLE_DEVICES=2 PYTHONPATH=/home/bong/analog_stress_test/analog-training SEED=2 INP_RES=0.007936507936507936 OUT_RES=0.00196078431372549 INP_NOISE=0.0 OUT_NOISE=0.06 python NeurIPS-2025/S2-mnist-CNN.py --CUDA 0 --SETTING Analog SGD --RPU Pow --tau 0.7 --res-gamma 0.5 --res-state 140
[2026-05-25 23:33:43,832] Epoch 0 - Training loss: --------   Test Accuracy: 0.1312
[2026-05-25 23:34:47,085] Epoch 1 - Training loss: 0.454750   Test Accuracy: 0.8628
[2026-05-25 23:36:02,233] Epoch 2 - Training loss: 0.358546   Test Accuracy: 0.8963
[2026-05-25 23:37:19,171] Epoch 3 - Training loss: 0.354568   Test Accuracy: 0.8968
[2026-05-25 23:38:26,332] Epoch 4 - Training loss: 0.357949   Test Accuracy: 0.9108
[2026-05-25 23:39:29,320] Epoch 5 - Training loss: 0.349333   Test Accuracy: 0.9044
[2026-05-25 23:40:29,456] Epoch 6 - Training loss: 0.347737   Test Accuracy: 0.8752
[2026-05-25 23:41:29,541] Epoch 7 - Training loss: 0.349910   Test Accuracy: 0.9150
[2026-05-25 23:42:30,608] Epoch 8 - Training loss: 0.348034   Test Accuracy: 0.8978
[2026-05-25 23:43:38,845] Epoch 9 - Training loss: 0.348361   Test Accuracy: 0.8925
[2026-05-25 23:44:43,964] Epoch 10 - Training loss: 0.349643   Test Accuracy: 0.9035
[2026-05-25 23:45:45,397] Epoch 11 - Training loss: 0.347790   Test Accuracy: 0.9293
[2026-05-25 23:46:46,031] Epoch 12 - Training loss: 0.346885   Test Accuracy: 0.8382
[2026-05-25 23:47:49,319] Epoch 13 - Training loss: 0.355057   Test Accuracy: 0.9152
[2026-05-25 23:48:53,050] Epoch 14 - Training loss: 0.353030   Test Accuracy: 0.9019
[2026-05-25 23:49:54,473] Epoch 15 - Training loss: 0.347204   Test Accuracy: 0.8849
[2026-05-25 23:50:56,413] Epoch 16 - Training loss: 0.345369   Test Accuracy: 0.9313
[2026-05-25 23:52:00,555] Epoch 17 - Training loss: 0.346979   Test Accuracy: 0.8433
[2026-05-25 23:53:00,590] Epoch 18 - Training loss: 0.351979   Test Accuracy: 0.9029
[2026-05-25 23:54:01,001] Epoch 19 - Training loss: 0.350280   Test Accuracy: 0.9115
[2026-05-25 23:55:06,662] Epoch 20 - Training loss: 0.352338   Test Accuracy: 0.9029
[2026-05-25 23:56:09,540] Epoch 21 - Training loss: 0.350334   Test Accuracy: 0.9075
[2026-05-25 23:57:12,046] Epoch 22 - Training loss: 0.351987   Test Accuracy: 0.9299
[2026-05-25 23:58:21,777] Epoch 23 - Training loss: 0.358376   Test Accuracy: 0.8429
[2026-05-25 23:59:20,930] Epoch 24 - Training loss: 0.344503   Test Accuracy: 0.9063
[2026-05-26 00:00:22,911] Epoch 25 - Training loss: 0.353601   Test Accuracy: 0.8841
[2026-05-26 00:01:26,804] Epoch 26 - Training loss: 0.347892   Test Accuracy: 0.8871
[2026-05-26 00:02:28,819] Epoch 27 - Training loss: 0.347155   Test Accuracy: 0.8811
[2026-05-26 00:03:29,078] Epoch 28 - Training loss: 0.348030   Test Accuracy: 0.8744
[2026-05-26 00:04:28,775] Epoch 29 - Training loss: 0.345416   Test Accuracy: 0.9198
[2026-05-26 00:05:32,789] Epoch 30 - Training loss: 0.338974   Test Accuracy: 0.9348
aihwkit path:  /home/bong/analog_stress_test/aihwkit-fork/src/aihwkit/__init__.py
NeurIPS-2025/S2-mnist-CNN.py --CUDA 0 --SETTING Analog SGD --RPU Pow --tau 0.7 --res-gamma 0.5 --res-state 140
Using Device:  cuda:0
Logging to file: runs/MNIST-CNN/Pow-gamma=0.5-state=140/Analog SGD-tau=0.7/events.out.tfevents.1779719617.user.696484.0

Training Time (s) = 1912.8686940670013
