# CMD: CUDA_VISIBLE_DEVICES=2 PYTHONPATH=/home/bong/analog_stress_test/analog-training SEED=3 INP_RES=0.07142857142857142 OUT_RES=0.007936507936507936 INP_NOISE=0.1 OUT_NOISE=0.1 python NeurIPS-2025/S2-mnist-CNN.py --CUDA 0 --SETTING Analog SGD --RPU Pow --tau 0.7 --res-gamma 0.5 --res-state 140
[2026-05-26 01:33:19,200] Epoch 0 - Training loss: --------   Test Accuracy: 0.1131
[2026-05-26 01:34:28,203] Epoch 1 - Training loss: 0.646793   Test Accuracy: 0.8484
[2026-05-26 01:35:39,539] Epoch 2 - Training loss: 0.563783   Test Accuracy: 0.7851
[2026-05-26 01:36:45,067] Epoch 3 - Training loss: 0.574933   Test Accuracy: 0.8432
[2026-05-26 01:38:02,003] Epoch 4 - Training loss: 0.559194   Test Accuracy: 0.8689
[2026-05-26 01:39:09,183] Epoch 5 - Training loss: 0.569957   Test Accuracy: 0.8397
[2026-05-26 01:40:18,143] Epoch 6 - Training loss: 0.557141   Test Accuracy: 0.7751
[2026-05-26 01:41:21,597] Epoch 7 - Training loss: 0.569535   Test Accuracy: 0.7643
[2026-05-26 01:42:31,335] Epoch 8 - Training loss: 0.568610   Test Accuracy: 0.7895
[2026-05-26 01:43:32,842] Epoch 9 - Training loss: 0.578022   Test Accuracy: 0.8251
[2026-05-26 01:44:36,486] Epoch 10 - Training loss: 0.550012   Test Accuracy: 0.8462
[2026-05-26 01:45:44,635] Epoch 11 - Training loss: 0.580799   Test Accuracy: 0.6227
[2026-05-26 01:46:49,735] Epoch 12 - Training loss: 0.563020   Test Accuracy: 0.7861
[2026-05-26 01:47:53,503] Epoch 13 - Training loss: 0.566633   Test Accuracy: 0.8370
[2026-05-26 01:49:01,536] Epoch 14 - Training loss: 0.580306   Test Accuracy: 0.8701
[2026-05-26 01:49:52,345] Epoch 15 - Training loss: 0.584685   Test Accuracy: 0.8713
[2026-05-26 01:50:44,442] Epoch 16 - Training loss: 0.573593   Test Accuracy: 0.8294
[2026-05-26 01:51:33,115] Epoch 17 - Training loss: 0.581719   Test Accuracy: 0.8453
[2026-05-26 01:52:22,673] Epoch 18 - Training loss: 0.594021   Test Accuracy: 0.8463
[2026-05-26 01:53:12,205] Epoch 19 - Training loss: 0.570245   Test Accuracy: 0.8540
[2026-05-26 01:54:04,052] Epoch 20 - Training loss: 0.574988   Test Accuracy: 0.8267
[2026-05-26 01:55:02,387] Epoch 21 - Training loss: 0.586660   Test Accuracy: 0.8004
[2026-05-26 01:56:11,859] Epoch 22 - Training loss: 0.576986   Test Accuracy: 0.8580
[2026-05-26 01:57:11,065] Epoch 23 - Training loss: 0.585427   Test Accuracy: 0.7886
[2026-05-26 01:58:11,944] Epoch 24 - Training loss: 0.577166   Test Accuracy: 0.7863
[2026-05-26 01:59:17,468] Epoch 25 - Training loss: 0.571382   Test Accuracy: 0.8592
[2026-05-26 02:00:21,664] Epoch 26 - Training loss: 0.584262   Test Accuracy: 0.8483
[2026-05-26 02:01:21,041] Epoch 27 - Training loss: 0.583645   Test Accuracy: 0.8121
[2026-05-26 02:02:30,803] Epoch 28 - Training loss: 0.583504   Test Accuracy: 0.8810
[2026-05-26 02:03:43,062] Epoch 29 - Training loss: 0.580137   Test Accuracy: 0.8397
[2026-05-26 02:04:49,069] Epoch 30 - Training loss: 0.580343   Test Accuracy: 0.8306
aihwkit path:  /home/bong/analog_stress_test/aihwkit-fork/src/aihwkit/__init__.py
NeurIPS-2025/S2-mnist-CNN.py --CUDA 0 --SETTING Analog SGD --RPU Pow --tau 0.7 --res-gamma 0.5 --res-state 140
Using Device:  cuda:0
Logging to file: runs/MNIST-CNN/Pow-gamma=0.5-state=140/Analog SGD-tau=0.7/events.out.tfevents.1779726793.user.712727.0

Training Time (s) = 1893.829654455185
