# CMD: CUDA_VISIBLE_DEVICES=2 PYTHONPATH=/home/bong/analog_stress_test/analog-training SEED=1 INP_RES=0.007936507936507936 OUT_RES=0.00196078431372549 INP_NOISE=0.0 OUT_NOISE=0.06 python NeurIPS-2025/S2-mnist-CNN.py --CUDA 0 --SETTING Analog SGD --RPU Pow --tau 0.7 --res-gamma 0.5 --res-state 140
[2026-05-25 23:22:55,100] Epoch 0 - Training loss: --------   Test Accuracy: 0.1236
[2026-05-25 23:23:56,444] Epoch 1 - Training loss: 0.466176   Test Accuracy: 0.9020
[2026-05-25 23:24:49,026] Epoch 2 - Training loss: 0.363017   Test Accuracy: 0.9057
[2026-05-25 23:26:00,461] Epoch 3 - Training loss: 0.360775   Test Accuracy: 0.9172
[2026-05-25 23:27:00,807] Epoch 4 - Training loss: 0.359428   Test Accuracy: 0.9120
[2026-05-25 23:28:00,646] Epoch 5 - Training loss: 0.360346   Test Accuracy: 0.8544
[2026-05-25 23:29:05,226] Epoch 6 - Training loss: 0.363431   Test Accuracy: 0.7475
[2026-05-25 23:30:04,103] Epoch 7 - Training loss: 0.358971   Test Accuracy: 0.9205
[2026-05-25 23:31:03,063] Epoch 8 - Training loss: 0.357697   Test Accuracy: 0.9198
[2026-05-25 23:32:05,295] Epoch 9 - Training loss: 0.358467   Test Accuracy: 0.9158
[2026-05-25 23:33:06,955] Epoch 10 - Training loss: 0.365675   Test Accuracy: 0.9231
[2026-05-25 23:34:05,578] Epoch 11 - Training loss: 0.361066   Test Accuracy: 0.9156
[2026-05-25 23:35:08,492] Epoch 12 - Training loss: 0.363979   Test Accuracy: 0.8802
[2026-05-25 23:36:08,438] Epoch 13 - Training loss: 0.362237   Test Accuracy: 0.8713
[2026-05-25 23:37:08,309] Epoch 14 - Training loss: 0.362805   Test Accuracy: 0.9204
[2026-05-25 23:38:08,637] Epoch 15 - Training loss: 0.363670   Test Accuracy: 0.8792
[2026-05-25 23:39:10,010] Epoch 16 - Training loss: 0.358069   Test Accuracy: 0.8664
[2026-05-25 23:40:13,225] Epoch 17 - Training loss: 0.361403   Test Accuracy: 0.9104
[2026-05-25 23:41:15,942] Epoch 18 - Training loss: 0.352581   Test Accuracy: 0.9007
[2026-05-25 23:42:18,940] Epoch 19 - Training loss: 0.350380   Test Accuracy: 0.9219
[2026-05-25 23:43:18,607] Epoch 20 - Training loss: 0.352984   Test Accuracy: 0.9218
[2026-05-25 23:44:15,812] Epoch 21 - Training loss: 0.352467   Test Accuracy: 0.9184
[2026-05-25 23:45:14,596] Epoch 22 - Training loss: 0.352441   Test Accuracy: 0.9158
[2026-05-25 23:46:19,427] Epoch 23 - Training loss: 0.350713   Test Accuracy: 0.9091
[2026-05-25 23:47:22,503] Epoch 24 - Training loss: 0.361344   Test Accuracy: 0.8730
[2026-05-25 23:48:33,621] Epoch 25 - Training loss: 0.362443   Test Accuracy: 0.9034
[2026-05-25 23:49:34,907] Epoch 26 - Training loss: 0.360909   Test Accuracy: 0.8622
[2026-05-25 23:50:38,711] Epoch 27 - Training loss: 0.362077   Test Accuracy: 0.9306
[2026-05-25 23:51:42,199] Epoch 28 - Training loss: 0.358154   Test Accuracy: 0.8221
[2026-05-25 23:52:50,097] Epoch 29 - Training loss: 0.357015   Test Accuracy: 0.9043
[2026-05-25 23:53:52,843] Epoch 30 - Training loss: 0.363294   Test Accuracy: 0.9078
aihwkit path:  /home/bong/analog_stress_test/aihwkit-fork/src/aihwkit/__init__.py
NeurIPS-2025/S2-mnist-CNN.py --CUDA 0 --SETTING Analog SGD --RPU Pow --tau 0.7 --res-gamma 0.5 --res-state 140
Using Device:  cuda:0
Logging to file: runs/MNIST-CNN/Pow-gamma=0.5-state=140/Analog SGD-tau=0.7/events.out.tfevents.1779718969.user.694953.0

Training Time (s) = 1861.4122972488403
