# CMD: CUDA_VISIBLE_DEVICES=2 PYTHONPATH=/home/bong/analog_stress_test/analog-training SEED=2 INP_RES=0.016129032258064516 OUT_RES=0.003937007874015748 INP_NOISE=0.06 OUT_NOISE=0.06 python NeurIPS-2025/S2-mnist-CNN.py --CUDA 0 --SETTING Analog SGD --RPU Pow --tau 0.7 --res-gamma 0.5 --res-state 140
[2026-05-26 00:28:05,212] Epoch 0 - Training loss: --------   Test Accuracy: 0.1251
[2026-05-26 00:29:14,856] Epoch 1 - Training loss: 0.470332   Test Accuracy: 0.8636
[2026-05-26 00:30:18,081] Epoch 2 - Training loss: 0.391562   Test Accuracy: 0.8989
[2026-05-26 00:31:19,908] Epoch 3 - Training loss: 0.399631   Test Accuracy: 0.8992
[2026-05-26 00:32:20,656] Epoch 4 - Training loss: 0.381402   Test Accuracy: 0.8876
[2026-05-26 00:33:28,075] Epoch 5 - Training loss: 0.380385   Test Accuracy: 0.9239
[2026-05-26 00:34:37,625] Epoch 6 - Training loss: 0.377974   Test Accuracy: 0.8932
[2026-05-26 00:35:57,710] Epoch 7 - Training loss: 0.378610   Test Accuracy: 0.8941
[2026-05-26 00:37:03,456] Epoch 8 - Training loss: 0.386569   Test Accuracy: 0.9123
[2026-05-26 00:38:05,249] Epoch 9 - Training loss: 0.391983   Test Accuracy: 0.8946
[2026-05-26 00:39:08,866] Epoch 10 - Training loss: 0.401648   Test Accuracy: 0.8719
[2026-05-26 00:40:13,494] Epoch 11 - Training loss: 0.391525   Test Accuracy: 0.9237
[2026-05-26 00:41:16,259] Epoch 12 - Training loss: 0.386495   Test Accuracy: 0.8807
[2026-05-26 00:42:19,117] Epoch 13 - Training loss: 0.388295   Test Accuracy: 0.9124
[2026-05-26 00:43:29,621] Epoch 14 - Training loss: 0.382946   Test Accuracy: 0.9048
[2026-05-26 00:44:42,393] Epoch 15 - Training loss: 0.384123   Test Accuracy: 0.9136
[2026-05-26 00:45:44,201] Epoch 16 - Training loss: 0.378421   Test Accuracy: 0.9042
[2026-05-26 00:46:47,110] Epoch 17 - Training loss: 0.385255   Test Accuracy: 0.9163
[2026-05-26 00:47:48,424] Epoch 18 - Training loss: 0.383550   Test Accuracy: 0.9013
[2026-05-26 00:48:55,354] Epoch 19 - Training loss: 0.378900   Test Accuracy: 0.9182
[2026-05-26 00:50:04,816] Epoch 20 - Training loss: 0.370286   Test Accuracy: 0.9071
[2026-05-26 00:51:07,872] Epoch 21 - Training loss: 0.367049   Test Accuracy: 0.8786
[2026-05-26 00:52:09,298] Epoch 22 - Training loss: 0.388234   Test Accuracy: 0.8856
[2026-05-26 00:53:12,194] Epoch 23 - Training loss: 0.376632   Test Accuracy: 0.8606
[2026-05-26 00:54:17,619] Epoch 24 - Training loss: 0.388071   Test Accuracy: 0.9146
[2026-05-26 00:55:19,341] Epoch 25 - Training loss: 0.376899   Test Accuracy: 0.9065
[2026-05-26 00:56:20,593] Epoch 26 - Training loss: 0.384394   Test Accuracy: 0.8836
[2026-05-26 00:57:23,621] Epoch 27 - Training loss: 0.382472   Test Accuracy: 0.8713
[2026-05-26 00:58:24,399] Epoch 28 - Training loss: 0.371885   Test Accuracy: 0.8244
[2026-05-26 00:59:26,098] Epoch 29 - Training loss: 0.380461   Test Accuracy: 0.8907
[2026-05-26 01:00:38,537] Epoch 30 - Training loss: 0.381808   Test Accuracy: 0.9222
aihwkit path:  /home/bong/analog_stress_test/aihwkit-fork/src/aihwkit/__init__.py
NeurIPS-2025/S2-mnist-CNN.py --CUDA 0 --SETTING Analog SGD --RPU Pow --tau 0.7 --res-gamma 0.5 --res-state 140
Using Device:  cuda:0
Logging to file: runs/MNIST-CNN/Pow-gamma=0.5-state=140/Analog SGD-tau=0.7/events.out.tfevents.1779722879.user.706017.0

Training Time (s) = 1957.2448363304138
