# CMD: CUDA_VISIBLE_DEVICES=2 PYTHONPATH=/home/bong/analog_stress_test/analog-training SEED=2 INP_RES=0.07142857142857142 OUT_RES=0.007936507936507936 INP_NOISE=0.1 OUT_NOISE=0.1 python NeurIPS-2025/S2-mnist-CNN.py --CUDA 0 --SETTING Analog SGD --RPU Pow --tau 0.7 --res-gamma 0.5 --res-state 140
[2026-05-26 01:12:55,707] Epoch 0 - Training loss: --------   Test Accuracy: 0.1032
[2026-05-26 01:13:57,784] Epoch 1 - Training loss: 0.649090   Test Accuracy: 0.7867
[2026-05-26 01:15:07,121] Epoch 2 - Training loss: 0.558288   Test Accuracy: 0.8541
[2026-05-26 01:16:14,551] Epoch 3 - Training loss: 0.580792   Test Accuracy: 0.8654
[2026-05-26 01:17:16,846] Epoch 4 - Training loss: 0.564084   Test Accuracy: 0.8646
[2026-05-26 01:18:21,895] Epoch 5 - Training loss: 0.546745   Test Accuracy: 0.8388
[2026-05-26 01:19:30,243] Epoch 6 - Training loss: 0.549243   Test Accuracy: 0.8475
[2026-05-26 01:20:25,722] Epoch 7 - Training loss: 0.550320   Test Accuracy: 0.8435
[2026-05-26 01:21:30,971] Epoch 8 - Training loss: 0.567001   Test Accuracy: 0.7927
[2026-05-26 01:22:36,467] Epoch 9 - Training loss: 0.569895   Test Accuracy: 0.8744
[2026-05-26 01:23:49,290] Epoch 10 - Training loss: 0.567431   Test Accuracy: 0.8155
[2026-05-26 01:25:05,369] Epoch 11 - Training loss: 0.567639   Test Accuracy: 0.8826
[2026-05-26 01:26:15,273] Epoch 12 - Training loss: 0.558540   Test Accuracy: 0.7968
[2026-05-26 01:27:19,198] Epoch 13 - Training loss: 0.567089   Test Accuracy: 0.8651
[2026-05-26 01:28:23,809] Epoch 14 - Training loss: 0.557638   Test Accuracy: 0.8204
[2026-05-26 01:29:26,163] Epoch 15 - Training loss: 0.566762   Test Accuracy: 0.8655
[2026-05-26 01:30:35,322] Epoch 16 - Training loss: 0.587204   Test Accuracy: 0.8772
[2026-05-26 01:31:42,275] Epoch 17 - Training loss: 0.574499   Test Accuracy: 0.8498
[2026-05-26 01:32:56,348] Epoch 18 - Training loss: 0.576698   Test Accuracy: 0.7611
[2026-05-26 01:33:56,713] Epoch 19 - Training loss: 0.577816   Test Accuracy: 0.8481
[2026-05-26 01:35:01,625] Epoch 20 - Training loss: 0.601019   Test Accuracy: 0.8260
[2026-05-26 01:36:07,551] Epoch 21 - Training loss: 0.595032   Test Accuracy: 0.7992
[2026-05-26 01:37:08,804] Epoch 22 - Training loss: 0.582187   Test Accuracy: 0.7676
[2026-05-26 01:38:15,221] Epoch 23 - Training loss: 0.580536   Test Accuracy: 0.8218
[2026-05-26 01:39:14,239] Epoch 24 - Training loss: 0.573938   Test Accuracy: 0.8700
[2026-05-26 01:40:11,127] Epoch 25 - Training loss: 0.589103   Test Accuracy: 0.8659
[2026-05-26 01:41:16,054] Epoch 26 - Training loss: 0.579197   Test Accuracy: 0.7931
[2026-05-26 01:42:14,229] Epoch 27 - Training loss: 0.587219   Test Accuracy: 0.8679
[2026-05-26 01:43:17,021] Epoch 28 - Training loss: 0.579071   Test Accuracy: 0.8520
[2026-05-26 01:44:19,703] Epoch 29 - Training loss: 0.563900   Test Accuracy: 0.8356
[2026-05-26 01:45:22,177] Epoch 30 - Training loss: 0.578844   Test Accuracy: 0.8804
aihwkit path:  /home/bong/analog_stress_test/aihwkit-fork/src/aihwkit/__init__.py
NeurIPS-2025/S2-mnist-CNN.py --CUDA 0 --SETTING Analog SGD --RPU Pow --tau 0.7 --res-gamma 0.5 --res-state 140
Using Device:  cuda:0
Logging to file: runs/MNIST-CNN/Pow-gamma=0.5-state=140/Analog SGD-tau=0.7/events.out.tfevents.1779725570.user.711240.0

Training Time (s) = 1950.2816030979156
