# CMD: CUDA_VISIBLE_DEVICES=2 PYTHONPATH=/home/bong/analog_stress_test/analog-training SEED=3 INP_RES=0.016129032258064516 OUT_RES=0.003937007874015748 INP_NOISE=0.06 OUT_NOISE=0.06 python NeurIPS-2025/S2-mnist-CNN.py --CUDA 0 --SETTING Analog SGD --RPU Pow --tau 0.7 --res-gamma 0.5 --res-state 140
[2026-05-26 00:38:36,165] Epoch 0 - Training loss: --------   Test Accuracy: 0.1241
[2026-05-26 00:39:50,837] Epoch 1 - Training loss: 0.462680   Test Accuracy: 0.8679
[2026-05-26 00:40:54,964] Epoch 2 - Training loss: 0.383049   Test Accuracy: 0.7987
[2026-05-26 00:41:59,417] Epoch 3 - Training loss: 0.385043   Test Accuracy: 0.9000
[2026-05-26 00:43:14,413] Epoch 4 - Training loss: 0.374444   Test Accuracy: 0.8715
[2026-05-26 00:44:15,920] Epoch 5 - Training loss: 0.386209   Test Accuracy: 0.8874
[2026-05-26 00:45:26,539] Epoch 6 - Training loss: 0.385310   Test Accuracy: 0.8798
[2026-05-26 00:46:32,515] Epoch 7 - Training loss: 0.378578   Test Accuracy: 0.8601
[2026-05-26 00:47:43,614] Epoch 8 - Training loss: 0.383126   Test Accuracy: 0.8889
[2026-05-26 00:48:50,826] Epoch 9 - Training loss: 0.389836   Test Accuracy: 0.7424
[2026-05-26 00:50:06,179] Epoch 10 - Training loss: 0.383990   Test Accuracy: 0.8680
[2026-05-26 00:51:13,913] Epoch 11 - Training loss: 0.391053   Test Accuracy: 0.9042
[2026-05-26 00:52:19,651] Epoch 12 - Training loss: 0.385422   Test Accuracy: 0.8738
[2026-05-26 00:53:32,993] Epoch 13 - Training loss: 0.380673   Test Accuracy: 0.8947
[2026-05-26 00:54:37,072] Epoch 14 - Training loss: 0.397059   Test Accuracy: 0.9055
[2026-05-26 00:55:43,941] Epoch 15 - Training loss: 0.390642   Test Accuracy: 0.9230
[2026-05-26 00:56:47,625] Epoch 16 - Training loss: 0.374329   Test Accuracy: 0.8994
[2026-05-26 00:57:58,578] Epoch 17 - Training loss: 0.380164   Test Accuracy: 0.8819
[2026-05-26 00:59:11,630] Epoch 18 - Training loss: 0.377507   Test Accuracy: 0.8788
[2026-05-26 01:00:20,895] Epoch 19 - Training loss: 0.367395   Test Accuracy: 0.8617
[2026-05-26 01:01:16,429] Epoch 20 - Training loss: 0.381394   Test Accuracy: 0.7959
[2026-05-26 01:02:26,760] Epoch 21 - Training loss: 0.391591   Test Accuracy: 0.8387
[2026-05-26 01:03:42,980] Epoch 22 - Training loss: 0.392454   Test Accuracy: 0.8968
[2026-05-26 01:04:58,329] Epoch 23 - Training loss: 0.384150   Test Accuracy: 0.9094
[2026-05-26 01:06:02,948] Epoch 24 - Training loss: 0.392923   Test Accuracy: 0.8626
[2026-05-26 01:07:08,045] Epoch 25 - Training loss: 0.393870   Test Accuracy: 0.8879
[2026-05-26 01:08:17,143] Epoch 26 - Training loss: 0.395023   Test Accuracy: 0.9140
[2026-05-26 01:09:25,120] Epoch 27 - Training loss: 0.374307   Test Accuracy: 0.8443
[2026-05-26 01:10:32,130] Epoch 28 - Training loss: 0.384013   Test Accuracy: 0.8400
[2026-05-26 01:11:37,306] Epoch 29 - Training loss: 0.389220   Test Accuracy: 0.8855
[2026-05-26 01:12:44,754] Epoch 30 - Training loss: 0.379497   Test Accuracy: 0.8858
aihwkit path:  /home/bong/analog_stress_test/aihwkit-fork/src/aihwkit/__init__.py
NeurIPS-2025/S2-mnist-CNN.py --CUDA 0 --SETTING Analog SGD --RPU Pow --tau 0.7 --res-gamma 0.5 --res-state 140
Using Device:  cuda:0
Logging to file: runs/MNIST-CNN/Pow-gamma=0.5-state=140/Analog SGD-tau=0.7/events.out.tfevents.1779723509.user.707334.0

Training Time (s) = 2052.813146352768
