# CMD: CUDA_VISIBLE_DEVICES=2 PYTHONPATH=/home/bong/analog_stress_test/analog-training SEED=1 INP_RES=0.016129032258064516 OUT_RES=0.003937007874015748 INP_NOISE=0.06 OUT_NOISE=0.06 python NeurIPS-2025/S2-mnist-CNN.py --CUDA 0 --SETTING Analog SGD --RPU Pow --tau 0.7 --res-gamma 0.5 --res-state 140
[2026-05-26 00:05:43,682] Epoch 0 - Training loss: --------   Test Accuracy: 0.1178
[2026-05-26 00:06:42,834] Epoch 1 - Training loss: 0.479283   Test Accuracy: 0.8997
[2026-05-26 00:07:45,425] Epoch 2 - Training loss: 0.372777   Test Accuracy: 0.9010
[2026-05-26 00:08:50,573] Epoch 3 - Training loss: 0.373844   Test Accuracy: 0.9200
[2026-05-26 00:09:58,721] Epoch 4 - Training loss: 0.381645   Test Accuracy: 0.8923
[2026-05-26 00:11:05,302] Epoch 5 - Training loss: 0.372273   Test Accuracy: 0.8906
[2026-05-26 00:12:11,130] Epoch 6 - Training loss: 0.374080   Test Accuracy: 0.7828
[2026-05-26 00:13:17,824] Epoch 7 - Training loss: 0.380322   Test Accuracy: 0.9206
[2026-05-26 00:14:17,657] Epoch 8 - Training loss: 0.378447   Test Accuracy: 0.9105
[2026-05-26 00:15:24,825] Epoch 9 - Training loss: 0.382217   Test Accuracy: 0.9159
[2026-05-26 00:16:30,916] Epoch 10 - Training loss: 0.376399   Test Accuracy: 0.9168
[2026-05-26 00:17:35,712] Epoch 11 - Training loss: 0.392997   Test Accuracy: 0.8997
[2026-05-26 00:18:38,360] Epoch 12 - Training loss: 0.393188   Test Accuracy: 0.9081
[2026-05-26 00:19:44,075] Epoch 13 - Training loss: 0.381269   Test Accuracy: 0.8810
[2026-05-26 00:20:59,432] Epoch 14 - Training loss: 0.374457   Test Accuracy: 0.8799
[2026-05-26 00:22:06,547] Epoch 15 - Training loss: 0.375760   Test Accuracy: 0.8541
[2026-05-26 00:23:11,012] Epoch 16 - Training loss: 0.384912   Test Accuracy: 0.8162
[2026-05-26 00:24:15,308] Epoch 17 - Training loss: 0.379919   Test Accuracy: 0.8938
[2026-05-26 00:25:22,422] Epoch 18 - Training loss: 0.380401   Test Accuracy: 0.8826
[2026-05-26 00:26:25,444] Epoch 19 - Training loss: 0.381672   Test Accuracy: 0.8969
[2026-05-26 00:27:37,092] Epoch 20 - Training loss: 0.378102   Test Accuracy: 0.9016
[2026-05-26 00:28:40,299] Epoch 21 - Training loss: 0.391608   Test Accuracy: 0.9087
[2026-05-26 00:29:40,609] Epoch 22 - Training loss: 0.371793   Test Accuracy: 0.9126
[2026-05-26 00:30:44,327] Epoch 23 - Training loss: 0.380470   Test Accuracy: 0.9017
[2026-05-26 00:31:50,215] Epoch 24 - Training loss: 0.383555   Test Accuracy: 0.8660
[2026-05-26 00:32:58,874] Epoch 25 - Training loss: 0.388050   Test Accuracy: 0.8322
[2026-05-26 00:34:00,430] Epoch 26 - Training loss: 0.382802   Test Accuracy: 0.8680
[2026-05-26 00:35:11,330] Epoch 27 - Training loss: 0.391846   Test Accuracy: 0.8474
[2026-05-26 00:36:18,233] Epoch 28 - Training loss: 0.380906   Test Accuracy: 0.8944
[2026-05-26 00:37:23,141] Epoch 29 - Training loss: 0.390341   Test Accuracy: 0.9157
[2026-05-26 00:38:26,089] Epoch 30 - Training loss: 0.395619   Test Accuracy: 0.8998
aihwkit path:  /home/bong/analog_stress_test/aihwkit-fork/src/aihwkit/__init__.py
NeurIPS-2025/S2-mnist-CNN.py --CUDA 0 --SETTING Analog SGD --RPU Pow --tau 0.7 --res-gamma 0.5 --res-state 140
Using Device:  cuda:0
Logging to file: runs/MNIST-CNN/Pow-gamma=0.5-state=140/Analog SGD-tau=0.7/events.out.tfevents.1779721537.user.703355.0

Training Time (s) = 1966.2188761234283
