# CMD: CUDA_VISIBLE_DEVICES=2 PYTHONPATH=/home/bong/analog_stress_test/analog-training SEED=3 INP_RES=0.007936507936507936 OUT_RES=0.00196078431372549 INP_NOISE=0.0 OUT_NOISE=0.06 python NeurIPS-2025/S2-mnist-CNN.py --CUDA 0 --SETTING Analog SGD --RPU Pow --tau 0.7 --res-gamma 0.5 --res-state 140
[2026-05-25 23:54:02,926] Epoch 0 - Training loss: --------   Test Accuracy: 0.1266
[2026-05-25 23:55:09,955] Epoch 1 - Training loss: 0.444635   Test Accuracy: 0.8771
[2026-05-25 23:56:10,771] Epoch 2 - Training loss: 0.361651   Test Accuracy: 0.7930
[2026-05-25 23:57:10,254] Epoch 3 - Training loss: 0.364778   Test Accuracy: 0.9207
[2026-05-25 23:58:20,264] Epoch 4 - Training loss: 0.361599   Test Accuracy: 0.9280
[2026-05-25 23:59:28,137] Epoch 5 - Training loss: 0.360843   Test Accuracy: 0.8689
[2026-05-26 00:00:30,002] Epoch 6 - Training loss: 0.357994   Test Accuracy: 0.8849
[2026-05-26 00:01:37,357] Epoch 7 - Training loss: 0.362952   Test Accuracy: 0.8800
[2026-05-26 00:02:48,658] Epoch 8 - Training loss: 0.357834   Test Accuracy: 0.9152
[2026-05-26 00:03:49,419] Epoch 9 - Training loss: 0.363724   Test Accuracy: 0.8849
[2026-05-26 00:04:57,904] Epoch 10 - Training loss: 0.363030   Test Accuracy: 0.8777
[2026-05-26 00:05:58,084] Epoch 11 - Training loss: 0.351054   Test Accuracy: 0.8910
[2026-05-26 00:07:10,256] Epoch 12 - Training loss: 0.362608   Test Accuracy: 0.9060
[2026-05-26 00:08:17,883] Epoch 13 - Training loss: 0.365061   Test Accuracy: 0.9297
[2026-05-26 00:09:24,994] Epoch 14 - Training loss: 0.358394   Test Accuracy: 0.8971
[2026-05-26 00:10:33,091] Epoch 15 - Training loss: 0.357800   Test Accuracy: 0.9261
[2026-05-26 00:11:44,732] Epoch 16 - Training loss: 0.354559   Test Accuracy: 0.9024
[2026-05-26 00:12:57,974] Epoch 17 - Training loss: 0.349744   Test Accuracy: 0.8213
[2026-05-26 00:14:08,633] Epoch 18 - Training loss: 0.359203   Test Accuracy: 0.8829
[2026-05-26 00:15:16,600] Epoch 19 - Training loss: 0.367977   Test Accuracy: 0.8856
[2026-05-26 00:16:22,400] Epoch 20 - Training loss: 0.366647   Test Accuracy: 0.9003
[2026-05-26 00:17:33,849] Epoch 21 - Training loss: 0.365235   Test Accuracy: 0.8663
[2026-05-26 00:18:36,915] Epoch 22 - Training loss: 0.354756   Test Accuracy: 0.9236
[2026-05-26 00:19:47,239] Epoch 23 - Training loss: 0.365559   Test Accuracy: 0.9233
[2026-05-26 00:20:51,103] Epoch 24 - Training loss: 0.357950   Test Accuracy: 0.9125
[2026-05-26 00:21:53,788] Epoch 25 - Training loss: 0.358733   Test Accuracy: 0.8757
[2026-05-26 00:23:05,865] Epoch 26 - Training loss: 0.354749   Test Accuracy: 0.9162
[2026-05-26 00:24:19,106] Epoch 27 - Training loss: 0.353248   Test Accuracy: 0.8702
[2026-05-26 00:25:30,890] Epoch 28 - Training loss: 0.342691   Test Accuracy: 0.9009
[2026-05-26 00:26:41,103] Epoch 29 - Training loss: 0.356619   Test Accuracy: 0.8849
[2026-05-26 00:27:55,112] Epoch 30 - Training loss: 0.361123   Test Accuracy: 0.8898
aihwkit path:  /home/bong/analog_stress_test/aihwkit-fork/src/aihwkit/__init__.py
NeurIPS-2025/S2-mnist-CNN.py --CUDA 0 --SETTING Analog SGD --RPU Pow --tau 0.7 --res-gamma 0.5 --res-state 140
Using Device:  cuda:0
Logging to file: runs/MNIST-CNN/Pow-gamma=0.5-state=140/Analog SGD-tau=0.7/events.out.tfevents.1779720837.user.699577.0

Training Time (s) = 2036.0217101573944
