# CMD: CUDA_VISIBLE_DEVICES=2 PYTHONPATH=/home/bong/analog_stress_test/analog-training SEED=1 INP_RES=0.07142857142857142 OUT_RES=0.007936507936507936 INP_NOISE=0.1 OUT_NOISE=0.1 python NeurIPS-2025/S2-mnist-CNN.py --CUDA 0 --SETTING Analog SGD --RPU Pow --tau 0.7 --res-gamma 0.5 --res-state 140
[2026-05-26 01:00:49,207] Epoch 0 - Training loss: --------   Test Accuracy: 0.1041
[2026-05-26 01:01:54,625] Epoch 1 - Training loss: 0.648062   Test Accuracy: 0.8621
[2026-05-26 01:03:06,375] Epoch 2 - Training loss: 0.558568   Test Accuracy: 0.8841
[2026-05-26 01:04:10,136] Epoch 3 - Training loss: 0.564923   Test Accuracy: 0.8676
[2026-05-26 01:05:11,809] Epoch 4 - Training loss: 0.561460   Test Accuracy: 0.8482
[2026-05-26 01:06:20,001] Epoch 5 - Training loss: 0.560642   Test Accuracy: 0.8016
[2026-05-26 01:07:24,986] Epoch 6 - Training loss: 0.569711   Test Accuracy: 0.6046
[2026-05-26 01:08:28,253] Epoch 7 - Training loss: 0.562785   Test Accuracy: 0.8112
[2026-05-26 01:09:29,457] Epoch 8 - Training loss: 0.564449   Test Accuracy: 0.8381
[2026-05-26 01:10:36,253] Epoch 9 - Training loss: 0.565281   Test Accuracy: 0.8553
[2026-05-26 01:11:41,407] Epoch 10 - Training loss: 0.571703   Test Accuracy: 0.8663
[2026-05-26 01:12:44,978] Epoch 11 - Training loss: 0.558532   Test Accuracy: 0.8557
[2026-05-26 01:13:57,870] Epoch 12 - Training loss: 0.557308   Test Accuracy: 0.8119
[2026-05-26 01:15:08,005] Epoch 13 - Training loss: 0.579325   Test Accuracy: 0.8605
[2026-05-26 01:16:11,861] Epoch 14 - Training loss: 0.583102   Test Accuracy: 0.8095
[2026-05-26 01:17:17,762] Epoch 15 - Training loss: 0.565787   Test Accuracy: 0.8184
[2026-05-26 01:18:22,899] Epoch 16 - Training loss: 0.580778   Test Accuracy: 0.8466
[2026-05-26 01:19:25,041] Epoch 17 - Training loss: 0.560975   Test Accuracy: 0.8179
[2026-05-26 01:20:31,042] Epoch 18 - Training loss: 0.581045   Test Accuracy: 0.8410
[2026-05-26 01:21:35,690] Epoch 19 - Training loss: 0.568899   Test Accuracy: 0.8512
[2026-05-26 01:22:37,730] Epoch 20 - Training loss: 0.571498   Test Accuracy: 0.8068
[2026-05-26 01:23:40,222] Epoch 21 - Training loss: 0.559061   Test Accuracy: 0.8912
[2026-05-26 01:24:41,702] Epoch 22 - Training loss: 0.572197   Test Accuracy: 0.8708
[2026-05-26 01:25:40,776] Epoch 23 - Training loss: 0.550056   Test Accuracy: 0.8535
[2026-05-26 01:26:43,054] Epoch 24 - Training loss: 0.561165   Test Accuracy: 0.7721
[2026-05-26 01:27:44,733] Epoch 25 - Training loss: 0.569445   Test Accuracy: 0.7369
[2026-05-26 01:28:50,127] Epoch 26 - Training loss: 0.572415   Test Accuracy: 0.8652
[2026-05-26 01:29:54,231] Epoch 27 - Training loss: 0.573489   Test Accuracy: 0.7866
[2026-05-26 01:31:01,736] Epoch 28 - Training loss: 0.577563   Test Accuracy: 0.7411
[2026-05-26 01:32:02,371] Epoch 29 - Training loss: 0.593508   Test Accuracy: 0.7979
[2026-05-26 01:33:09,062] Epoch 30 - Training loss: 0.591248   Test Accuracy: 0.8357
aihwkit path:  /home/bong/analog_stress_test/aihwkit-fork/src/aihwkit/__init__.py
NeurIPS-2025/S2-mnist-CNN.py --CUDA 0 --SETTING Analog SGD --RPU Pow --tau 0.7 --res-gamma 0.5 --res-state 140
Using Device:  cuda:0
Logging to file: runs/MNIST-CNN/Pow-gamma=0.5-state=140/Analog SGD-tau=0.7/events.out.tfevents.1779724843.user.709843.0

Training Time (s) = 1943.6954517364502
