# CMD: CUDA_VISIBLE_DEVICES=3 PYTHONPATH=/home/bong/analog_stress_test/analog-training SEED=1 python NeurIPS-2025/S2-mnist-FCN.py --CUDA 0 --SETTING TT-v2 --RPU Pow --tau 0.7 --res-gamma 0.5 --res-state 280
[2026-05-20 02:08:55,302] Epoch 0 - Training loss: --------   Test Accuracy: 0.1028
[2026-05-20 02:09:56,407] Epoch 1 - Training loss: 2.298143   Test Accuracy: 0.3093
[2026-05-20 02:10:58,954] Epoch 2 - Training loss: 0.901003   Test Accuracy: 0.9102
[2026-05-20 02:12:02,679] Epoch 3 - Training loss: 0.262151   Test Accuracy: 0.9385
[2026-05-20 02:13:02,612] Epoch 4 - Training loss: 0.181193   Test Accuracy: 0.9533
[2026-05-20 02:14:05,502] Epoch 5 - Training loss: 0.138673   Test Accuracy: 0.9548
[2026-05-20 02:15:08,701] Epoch 6 - Training loss: 0.118224   Test Accuracy: 0.9591
[2026-05-20 02:16:14,022] Epoch 7 - Training loss: 0.110148   Test Accuracy: 0.9614
[2026-05-20 02:17:17,456] Epoch 8 - Training loss: 0.109760   Test Accuracy: 0.9619
[2026-05-20 02:18:20,485] Epoch 9 - Training loss: 0.117560   Test Accuracy: 0.9568
[2026-05-20 02:19:24,488] Epoch 10 - Training loss: 0.112609   Test Accuracy: 0.9617
[2026-05-20 02:20:27,548] Epoch 11 - Training loss: 0.099667   Test Accuracy: 0.9639
[2026-05-20 02:21:32,487] Epoch 12 - Training loss: 0.094751   Test Accuracy: 0.9658
[2026-05-20 02:22:36,294] Epoch 13 - Training loss: 0.085338   Test Accuracy: 0.9662
[2026-05-20 02:23:39,262] Epoch 14 - Training loss: 0.079850   Test Accuracy: 0.9690
[2026-05-20 02:24:42,853] Epoch 15 - Training loss: 0.075866   Test Accuracy: 0.9696
[2026-05-20 02:25:45,986] Epoch 16 - Training loss: 0.069033   Test Accuracy: 0.9705
[2026-05-20 02:26:48,814] Epoch 17 - Training loss: 0.064898   Test Accuracy: 0.9691
[2026-05-20 02:27:52,317] Epoch 18 - Training loss: 0.061045   Test Accuracy: 0.9713
[2026-05-20 02:28:55,599] Epoch 19 - Training loss: 0.058928   Test Accuracy: 0.9707
[2026-05-20 02:29:59,877] Epoch 20 - Training loss: 0.056096   Test Accuracy: 0.9707
[2026-05-20 02:31:03,708] Epoch 21 - Training loss: 0.053708   Test Accuracy: 0.9706
[2026-05-20 02:32:12,015] Epoch 22 - Training loss: 0.052679   Test Accuracy: 0.9723
[2026-05-20 02:33:17,875] Epoch 23 - Training loss: 0.049162   Test Accuracy: 0.9725
[2026-05-20 02:34:20,170] Epoch 24 - Training loss: 0.048107   Test Accuracy: 0.9713
[2026-05-20 02:35:26,446] Epoch 25 - Training loss: 0.047051   Test Accuracy: 0.9719
[2026-05-20 02:36:33,195] Epoch 26 - Training loss: 0.044090   Test Accuracy: 0.9737
[2026-05-20 02:37:36,757] Epoch 27 - Training loss: 0.044409   Test Accuracy: 0.9726
[2026-05-20 02:38:39,970] Epoch 28 - Training loss: 0.042335   Test Accuracy: 0.9734
[2026-05-20 02:39:45,701] Epoch 29 - Training loss: 0.041105   Test Accuracy: 0.9730
[2026-05-20 02:40:48,393] Epoch 30 - Training loss: 0.039347   Test Accuracy: 0.9725
aihwkit path:  /home/bong/analog_stress_test/aihwkit-fork/src/aihwkit/__init__.py
NeurIPS-2025/S2-mnist-FCN.py --CUDA 0 --SETTING TT-v2 --RPU Pow --tau 0.7 --res-gamma 0.5 --res-state 280
Using Device:  cuda:0
Logging to file: runs/MNIST-FCN/Pow-gamma=0.5-state=280/TT-v2-tau=0.7/events.out.tfevents.1779210529.user.2233780.0

Training Time (s) = 1916.9825172424316
