# CMD: CUDA_VISIBLE_DEVICES=3 PYTHONPATH=/home/bong/analog_stress_test/analog-training SEED=3 python NeurIPS-2025/S2-mnist-FCN.py --CUDA 0 --SETTING TT-v2 --RPU Pow --tau 0.7 --res-gamma 0.5 --res-state 14
[2026-05-20 05:18:24,546] Epoch 0 - Training loss: --------   Test Accuracy: 0.0908
[2026-05-20 05:19:26,581] Epoch 1 - Training loss: 2.302012   Test Accuracy: 0.1135
[2026-05-20 05:20:30,802] Epoch 2 - Training loss: 0.992889   Test Accuracy: 0.9084
[2026-05-20 05:21:39,426] Epoch 3 - Training loss: 0.295919   Test Accuracy: 0.9194
[2026-05-20 05:22:43,652] Epoch 4 - Training loss: 0.247942   Test Accuracy: 0.9216
[2026-05-20 05:23:45,861] Epoch 5 - Training loss: 0.233539   Test Accuracy: 0.9353
[2026-05-20 05:24:50,422] Epoch 6 - Training loss: 0.221817   Test Accuracy: 0.9372
[2026-05-20 05:25:49,578] Epoch 7 - Training loss: 0.202902   Test Accuracy: 0.9413
[2026-05-20 05:26:52,706] Epoch 8 - Training loss: 0.195630   Test Accuracy: 0.9385
[2026-05-20 05:27:56,820] Epoch 9 - Training loss: 0.201920   Test Accuracy: 0.9441
[2026-05-20 05:29:02,957] Epoch 10 - Training loss: 0.185263   Test Accuracy: 0.9349
[2026-05-20 05:30:10,265] Epoch 11 - Training loss: 0.178314   Test Accuracy: 0.9425
[2026-05-20 05:31:15,812] Epoch 12 - Training loss: 0.173340   Test Accuracy: 0.9421
[2026-05-20 05:32:19,505] Epoch 13 - Training loss: 0.203489   Test Accuracy: 0.9485
[2026-05-20 05:33:23,530] Epoch 14 - Training loss: 0.203359   Test Accuracy: 0.9378
[2026-05-20 05:34:28,212] Epoch 15 - Training loss: 0.197637   Test Accuracy: 0.9425
[2026-05-20 05:35:35,661] Epoch 16 - Training loss: 0.158176   Test Accuracy: 0.9542
[2026-05-20 05:36:40,466] Epoch 17 - Training loss: 0.146935   Test Accuracy: 0.9436
[2026-05-20 05:37:44,947] Epoch 18 - Training loss: 0.145284   Test Accuracy: 0.9509
[2026-05-20 05:38:50,345] Epoch 19 - Training loss: 0.139457   Test Accuracy: 0.9548
[2026-05-20 05:39:54,726] Epoch 20 - Training loss: 0.131009   Test Accuracy: 0.9578
[2026-05-20 05:40:58,468] Epoch 21 - Training loss: 0.132895   Test Accuracy: 0.9462
[2026-05-20 05:42:01,882] Epoch 22 - Training loss: 0.148474   Test Accuracy: 0.9501
[2026-05-20 05:43:04,948] Epoch 23 - Training loss: 0.143839   Test Accuracy: 0.9516
[2026-05-20 05:44:10,547] Epoch 24 - Training loss: 0.136439   Test Accuracy: 0.9483
[2026-05-20 05:45:14,610] Epoch 25 - Training loss: 0.157413   Test Accuracy: 0.9516
[2026-05-20 05:46:27,994] Epoch 26 - Training loss: 0.141644   Test Accuracy: 0.9574
[2026-05-20 05:47:35,029] Epoch 27 - Training loss: 0.140545   Test Accuracy: 0.9586
[2026-05-20 05:48:41,198] Epoch 28 - Training loss: 0.137838   Test Accuracy: 0.9437
[2026-05-20 05:49:47,060] Epoch 29 - Training loss: 0.164265   Test Accuracy: 0.9553
[2026-05-20 05:50:50,187] Epoch 30 - Training loss: 0.138206   Test Accuracy: 0.9575
aihwkit path:  /home/bong/analog_stress_test/aihwkit-fork/src/aihwkit/__init__.py
NeurIPS-2025/S2-mnist-FCN.py --CUDA 0 --SETTING TT-v2 --RPU Pow --tau 0.7 --res-gamma 0.5 --res-state 14
Using Device:  cuda:0
Logging to file: runs/MNIST-FCN/Pow-gamma=0.5-state=14/TT-v2-tau=0.7/events.out.tfevents.1779221898.user.2249909.0

Training Time (s) = 1949.1149175167084
