# CMD: CUDA_VISIBLE_DEVICES=3 PYTHONPATH=/home/bong/analog_stress_test/analog-training SEED=3 python NeurIPS-2025/S2-mnist-FCN.py --CUDA 0 --SETTING TT-v2 --RPU Pow --tau 0.7 --res-gamma 0.5 --res-state 14000
[2026-05-20 01:07:01,598] Epoch 0 - Training loss: --------   Test Accuracy: 0.0925
[2026-05-20 01:08:04,319] Epoch 1 - Training loss: 2.302944   Test Accuracy: 0.1135
[2026-05-20 01:09:07,681] Epoch 2 - Training loss: 2.302720   Test Accuracy: 0.1135
[2026-05-20 01:10:08,935] Epoch 3 - Training loss: 2.302502   Test Accuracy: 0.1135
[2026-05-20 01:11:09,779] Epoch 4 - Training loss: 2.302164   Test Accuracy: 0.1010
[2026-05-20 01:12:14,947] Epoch 5 - Training loss: 2.302070   Test Accuracy: 0.1135
[2026-05-20 01:13:21,977] Epoch 6 - Training loss: 2.301701   Test Accuracy: 0.1245
[2026-05-20 01:14:22,446] Epoch 7 - Training loss: 2.299725   Test Accuracy: 0.1540
[2026-05-20 01:15:24,386] Epoch 8 - Training loss: 2.281385   Test Accuracy: 0.2543
[2026-05-20 01:16:28,219] Epoch 9 - Training loss: 2.016764   Test Accuracy: 0.4624
[2026-05-20 01:17:31,376] Epoch 10 - Training loss: 1.434070   Test Accuracy: 0.6132
[2026-05-20 01:18:34,245] Epoch 11 - Training loss: 1.108449   Test Accuracy: 0.6911
[2026-05-20 01:19:35,785] Epoch 12 - Training loss: 0.930448   Test Accuracy: 0.7316
[2026-05-20 01:20:38,985] Epoch 13 - Training loss: 0.825457   Test Accuracy: 0.7540
[2026-05-20 01:21:40,920] Epoch 14 - Training loss: 0.756154   Test Accuracy: 0.7783
[2026-05-20 01:22:40,450] Epoch 15 - Training loss: 0.707278   Test Accuracy: 0.7887
[2026-05-20 01:23:42,170] Epoch 16 - Training loss: 0.669633   Test Accuracy: 0.8008
[2026-05-20 01:24:44,733] Epoch 17 - Training loss: 0.640046   Test Accuracy: 0.8106
[2026-05-20 01:25:47,695] Epoch 18 - Training loss: 0.618131   Test Accuracy: 0.8164
[2026-05-20 01:26:48,407] Epoch 19 - Training loss: 0.597733   Test Accuracy: 0.8235
[2026-05-20 01:27:47,069] Epoch 20 - Training loss: 0.581163   Test Accuracy: 0.8265
[2026-05-20 01:28:48,198] Epoch 21 - Training loss: 0.561760   Test Accuracy: 0.8363
[2026-05-20 01:29:52,734] Epoch 22 - Training loss: 0.546732   Test Accuracy: 0.8417
[2026-05-20 01:30:53,585] Epoch 23 - Training loss: 0.535780   Test Accuracy: 0.8416
[2026-05-20 01:31:49,958] Epoch 24 - Training loss: 0.524700   Test Accuracy: 0.8477
[2026-05-20 01:32:50,423] Epoch 25 - Training loss: 0.512261   Test Accuracy: 0.8528
[2026-05-20 01:33:50,855] Epoch 26 - Training loss: 0.502728   Test Accuracy: 0.8516
[2026-05-20 01:34:51,294] Epoch 27 - Training loss: 0.491247   Test Accuracy: 0.8549
[2026-05-20 01:35:52,123] Epoch 28 - Training loss: 0.481765   Test Accuracy: 0.8593
[2026-05-20 01:36:52,696] Epoch 29 - Training loss: 0.476363   Test Accuracy: 0.8602
[2026-05-20 01:37:53,129] Epoch 30 - Training loss: 0.468050   Test Accuracy: 0.8627
aihwkit path:  /home/bong/analog_stress_test/aihwkit-fork/src/aihwkit/__init__.py
NeurIPS-2025/S2-mnist-FCN.py --CUDA 0 --SETTING TT-v2 --RPU Pow --tau 0.7 --res-gamma 0.5 --res-state 14000
Using Device:  cuda:0
Logging to file: runs/MNIST-FCN/Pow-gamma=0.5-state=14000/TT-v2-tau=0.7/events.out.tfevents.1779206815.user.2228699.0

Training Time (s) = 1855.4615724086761
