# CMD: CUDA_VISIBLE_DEVICES=3 PYTHONPATH=/home/bong/analog_stress_test/analog-training SEED=3 python NeurIPS-2025/S2-mnist-FCN.py --CUDA 0 --SETTING TT-v2 --RPU Pow --tau 0.7 --res-gamma 0.5 --res-state 28
[2026-05-20 04:19:00,972] Epoch 0 - Training loss: --------   Test Accuracy: 0.0923
[2026-05-20 04:20:04,214] Epoch 1 - Training loss: 2.301975   Test Accuracy: 0.1135
[2026-05-20 04:21:06,554] Epoch 2 - Training loss: 1.308979   Test Accuracy: 0.9094
[2026-05-20 04:22:11,602] Epoch 3 - Training loss: 0.271418   Test Accuracy: 0.9317
[2026-05-20 04:23:18,894] Epoch 4 - Training loss: 0.207997   Test Accuracy: 0.9435
[2026-05-20 04:24:25,954] Epoch 5 - Training loss: 0.190418   Test Accuracy: 0.9430
[2026-05-20 04:25:32,835] Epoch 6 - Training loss: 0.182254   Test Accuracy: 0.9459
[2026-05-20 04:26:39,296] Epoch 7 - Training loss: 0.161192   Test Accuracy: 0.9514
[2026-05-20 04:27:45,781] Epoch 8 - Training loss: 0.159861   Test Accuracy: 0.9499
[2026-05-20 04:28:52,203] Epoch 9 - Training loss: 0.154403   Test Accuracy: 0.9516
[2026-05-20 04:29:58,695] Epoch 10 - Training loss: 0.149650   Test Accuracy: 0.9522
[2026-05-20 04:31:02,038] Epoch 11 - Training loss: 0.139591   Test Accuracy: 0.9515
[2026-05-20 04:32:07,316] Epoch 12 - Training loss: 0.139788   Test Accuracy: 0.9520
[2026-05-20 04:33:12,031] Epoch 13 - Training loss: 0.132536   Test Accuracy: 0.9500
[2026-05-20 04:34:20,363] Epoch 14 - Training loss: 0.138624   Test Accuracy: 0.9546
[2026-05-20 04:35:28,614] Epoch 15 - Training loss: 0.134539   Test Accuracy: 0.9521
[2026-05-20 04:36:34,921] Epoch 16 - Training loss: 0.122333   Test Accuracy: 0.9558
[2026-05-20 04:37:41,473] Epoch 17 - Training loss: 0.111541   Test Accuracy: 0.9531
[2026-05-20 04:38:47,673] Epoch 18 - Training loss: 0.118113   Test Accuracy: 0.9644
[2026-05-20 04:39:54,215] Epoch 19 - Training loss: 0.111783   Test Accuracy: 0.9656
[2026-05-20 04:40:57,521] Epoch 20 - Training loss: 0.109449   Test Accuracy: 0.9585
[2026-05-20 04:42:00,266] Epoch 21 - Training loss: 0.098398   Test Accuracy: 0.9643
[2026-05-20 04:43:00,895] Epoch 22 - Training loss: 0.096169   Test Accuracy: 0.9596
[2026-05-20 04:44:07,005] Epoch 23 - Training loss: 0.094875   Test Accuracy: 0.9597
[2026-05-20 04:45:10,004] Epoch 24 - Training loss: 0.094610   Test Accuracy: 0.9631
[2026-05-20 04:46:13,869] Epoch 25 - Training loss: 0.097152   Test Accuracy: 0.9591
[2026-05-20 04:47:20,034] Epoch 26 - Training loss: 0.102193   Test Accuracy: 0.9605
[2026-05-20 04:48:26,147] Epoch 27 - Training loss: 0.099010   Test Accuracy: 0.9554
[2026-05-20 04:49:34,649] Epoch 28 - Training loss: 0.098370   Test Accuracy: 0.9657
[2026-05-20 04:50:40,872] Epoch 29 - Training loss: 0.097675   Test Accuracy: 0.9649
[2026-05-20 04:51:47,375] Epoch 30 - Training loss: 0.100758   Test Accuracy: 0.9673
aihwkit path:  /home/bong/analog_stress_test/aihwkit-fork/src/aihwkit/__init__.py
NeurIPS-2025/S2-mnist-FCN.py --CUDA 0 --SETTING TT-v2 --RPU Pow --tau 0.7 --res-gamma 0.5 --res-state 28
Using Device:  cuda:0
Logging to file: runs/MNIST-FCN/Pow-gamma=0.5-state=28/TT-v2-tau=0.7/events.out.tfevents.1779218335.user.2245172.0

Training Time (s) = 1969.9894115924835
