# CMD: CUDA_VISIBLE_DEVICES=3 PYTHONPATH=/home/bong/analog_stress_test/analog-training SEED=2 python NeurIPS-2025/S2-mnist-FCN.py --CUDA 0 --SETTING TT-v2 --RPU Pow --tau 0.7 --res-gamma 0.5 --res-state 280
[2026-05-20 02:33:42,621] Epoch 0 - Training loss: --------   Test Accuracy: 0.1009
[2026-05-20 02:34:39,919] Epoch 1 - Training loss: 2.292117   Test Accuracy: 0.3653
[2026-05-20 02:35:36,396] Epoch 2 - Training loss: 0.712564   Test Accuracy: 0.9150
[2026-05-20 02:36:31,598] Epoch 3 - Training loss: 0.247420   Test Accuracy: 0.9397
[2026-05-20 02:37:34,050] Epoch 4 - Training loss: 0.176370   Test Accuracy: 0.9534
[2026-05-20 02:38:36,701] Epoch 5 - Training loss: 0.134394   Test Accuracy: 0.9547
[2026-05-20 02:39:39,319] Epoch 6 - Training loss: 0.146064   Test Accuracy: 0.9265
[2026-05-20 02:40:41,040] Epoch 7 - Training loss: 0.397780   Test Accuracy: 0.8086
[2026-05-20 02:41:41,970] Epoch 8 - Training loss: 0.865466   Test Accuracy: 0.6329
[2026-05-20 02:42:47,028] Epoch 9 - Training loss: 1.216809   Test Accuracy: 0.5515
[2026-05-20 02:43:52,810] Epoch 10 - Training loss: 1.409432   Test Accuracy: 0.4915
[2026-05-20 02:44:58,326] Epoch 11 - Training loss: 1.540439   Test Accuracy: 0.4492
[2026-05-20 02:46:02,563] Epoch 12 - Training loss: 1.609916   Test Accuracy: 0.4289
[2026-05-20 02:47:07,895] Epoch 13 - Training loss: 1.635950   Test Accuracy: 0.4185
[2026-05-20 02:48:12,440] Epoch 14 - Training loss: 1.646844   Test Accuracy: 0.4162
[2026-05-20 02:49:19,355] Epoch 15 - Training loss: 1.658219   Test Accuracy: 0.4030
[2026-05-20 02:50:24,750] Epoch 16 - Training loss: 1.661536   Test Accuracy: 0.4126
[2026-05-20 02:51:30,841] Epoch 17 - Training loss: 1.668824   Test Accuracy: 0.3998
[2026-05-20 02:52:36,876] Epoch 18 - Training loss: 1.691844   Test Accuracy: 0.3988
[2026-05-20 02:53:41,602] Epoch 19 - Training loss: 1.700262   Test Accuracy: 0.3919
[2026-05-20 02:54:47,437] Epoch 20 - Training loss: 1.711319   Test Accuracy: 0.3835
[2026-05-20 02:55:53,010] Epoch 21 - Training loss: 1.727110   Test Accuracy: 0.3859
[2026-05-20 02:56:58,829] Epoch 22 - Training loss: 1.743964   Test Accuracy: 0.3851
[2026-05-20 02:58:04,417] Epoch 23 - Training loss: 1.746493   Test Accuracy: 0.3774
[2026-05-20 02:59:07,671] Epoch 24 - Training loss: 1.757625   Test Accuracy: 0.3782
[2026-05-20 03:00:12,492] Epoch 25 - Training loss: 1.759554   Test Accuracy: 0.3711
[2026-05-20 03:01:18,369] Epoch 26 - Training loss: 1.770008   Test Accuracy: 0.3753
[2026-05-20 03:02:24,938] Epoch 27 - Training loss: 1.777312   Test Accuracy: 0.3777
[2026-05-20 03:03:32,163] Epoch 28 - Training loss: 1.777520   Test Accuracy: 0.3725
[2026-05-20 03:04:38,817] Epoch 29 - Training loss: 1.788976   Test Accuracy: 0.3687
[2026-05-20 03:05:45,423] Epoch 30 - Training loss: 1.796387   Test Accuracy: 0.3634
aihwkit path:  /home/bong/analog_stress_test/aihwkit-fork/src/aihwkit/__init__.py
NeurIPS-2025/S2-mnist-FCN.py --CUDA 0 --SETTING TT-v2 --RPU Pow --tau 0.7 --res-gamma 0.5 --res-state 280
Using Device:  cuda:0
Logging to file: runs/MNIST-FCN/Pow-gamma=0.5-state=280/TT-v2-tau=0.7/events.out.tfevents.1779212016.user.2235982.0

Training Time (s) = 1926.3607139587402
