# CMD: CUDA_VISIBLE_DEVICES=2 PYTHONPATH=/home/bong/analog_stress_test/analog-training SEED=2 python NeurIPS-2025/S2-mnist-CNN.py --CUDA 0 --SETTING TT-v1 --RPU EcRamMO
[2026-05-25 21:36:04,985] Epoch 0 - Training loss: --------   Test Accuracy: 0.1279
[2026-05-25 21:37:26,105] Epoch 1 - Training loss: 0.618239   Test Accuracy: 0.9519
[2026-05-25 21:38:45,687] Epoch 2 - Training loss: 0.129492   Test Accuracy: 0.9708
[2026-05-25 21:40:02,430] Epoch 3 - Training loss: 0.083679   Test Accuracy: 0.9787
[2026-05-25 21:41:14,913] Epoch 4 - Training loss: 0.063015   Test Accuracy: 0.9821
[2026-05-25 21:42:25,803] Epoch 5 - Training loss: 0.047175   Test Accuracy: 0.9818
[2026-05-25 21:43:36,720] Epoch 6 - Training loss: 0.040713   Test Accuracy: 0.9835
[2026-05-25 21:44:43,987] Epoch 7 - Training loss: 0.034162   Test Accuracy: 0.9856
[2026-05-25 21:45:55,673] Epoch 8 - Training loss: 0.029773   Test Accuracy: 0.9856
[2026-05-25 21:47:07,365] Epoch 9 - Training loss: 0.027088   Test Accuracy: 0.9849
[2026-05-25 21:48:23,943] Epoch 10 - Training loss: 0.024284   Test Accuracy: 0.9861
[2026-05-25 21:49:37,088] Epoch 11 - Training loss: 0.026752   Test Accuracy: 0.9850
[2026-05-25 21:50:52,105] Epoch 12 - Training loss: 0.029227   Test Accuracy: 0.9857
[2026-05-25 21:52:10,265] Epoch 13 - Training loss: 0.024519   Test Accuracy: 0.9870
[2026-05-25 21:53:25,034] Epoch 14 - Training loss: 0.022741   Test Accuracy: 0.9873
[2026-05-25 21:54:30,049] Epoch 15 - Training loss: 0.023663   Test Accuracy: 0.9870
[2026-05-25 21:55:44,894] Epoch 16 - Training loss: 0.021119   Test Accuracy: 0.9868
[2026-05-25 21:56:52,099] Epoch 17 - Training loss: 0.020476   Test Accuracy: 0.9856
[2026-05-25 21:58:05,842] Epoch 18 - Training loss: 0.019489   Test Accuracy: 0.9876
[2026-05-25 21:59:21,378] Epoch 19 - Training loss: 0.017057   Test Accuracy: 0.9872
[2026-05-25 22:00:37,039] Epoch 20 - Training loss: 0.017255   Test Accuracy: 0.9873
[2026-05-25 22:01:53,970] Epoch 21 - Training loss: 0.017577   Test Accuracy: 0.9871
[2026-05-25 22:03:03,954] Epoch 22 - Training loss: 0.016520   Test Accuracy: 0.9873
[2026-05-25 22:04:16,154] Epoch 23 - Training loss: 0.014819   Test Accuracy: 0.9888
[2026-05-25 22:05:33,447] Epoch 24 - Training loss: 0.014900   Test Accuracy: 0.9879
[2026-05-25 22:06:38,401] Epoch 25 - Training loss: 0.014067   Test Accuracy: 0.9884
[2026-05-25 22:07:55,805] Epoch 26 - Training loss: 0.013453   Test Accuracy: 0.9881
[2026-05-25 22:09:15,982] Epoch 27 - Training loss: 0.012978   Test Accuracy: 0.9877
[2026-05-25 22:10:33,842] Epoch 28 - Training loss: 0.012533   Test Accuracy: 0.9884
[2026-05-25 22:11:52,573] Epoch 29 - Training loss: 0.011942   Test Accuracy: 0.9886
[2026-05-25 22:13:12,477] Epoch 30 - Training loss: 0.011275   Test Accuracy: 0.9900
aihwkit path:  /home/bong/analog_stress_test/aihwkit-fork/src/aihwkit/__init__.py
NeurIPS-2025/S2-mnist-CNN.py --CUDA 0 --SETTING TT-v1 --RPU EcRamMO
Using Device:  cuda:0
Logging to file: runs/MNIST-CNN/EcRamMO/TT-v1-tau=1/events.out.tfevents.1779712558.user.677583.0

Training Time (s) = 2231.4946942329407
