# CMD: CUDA_VISIBLE_DEVICES=2 PYTHONPATH=/home/bong/analog_stress_test/analog-training SEED=2 python NeurIPS-2025/S2-mnist-CNN.py --CUDA 0 --SETTING TT-v1 --RPU EcRam
[2026-05-25 20:54:50,468] Epoch 0 - Training loss: --------   Test Accuracy: 0.1282
[2026-05-25 20:56:01,031] Epoch 1 - Training loss: 0.544421   Test Accuracy: 0.9646
[2026-05-25 20:57:07,466] Epoch 2 - Training loss: 0.096998   Test Accuracy: 0.9784
[2026-05-25 20:58:15,612] Epoch 3 - Training loss: 0.064699   Test Accuracy: 0.9820
[2026-05-25 20:59:25,581] Epoch 4 - Training loss: 0.050172   Test Accuracy: 0.9855
[2026-05-25 21:00:31,450] Epoch 5 - Training loss: 0.039875   Test Accuracy: 0.9849
[2026-05-25 21:01:48,378] Epoch 6 - Training loss: 0.033173   Test Accuracy: 0.9854
[2026-05-25 21:03:00,511] Epoch 7 - Training loss: 0.027120   Test Accuracy: 0.9846
[2026-05-25 21:04:08,522] Epoch 8 - Training loss: 0.024212   Test Accuracy: 0.9863
[2026-05-25 21:05:15,088] Epoch 9 - Training loss: 0.019909   Test Accuracy: 0.9861
[2026-05-25 21:06:25,350] Epoch 10 - Training loss: 0.017392   Test Accuracy: 0.9855
[2026-05-25 21:07:34,417] Epoch 11 - Training loss: 0.015936   Test Accuracy: 0.9881
[2026-05-25 21:08:44,285] Epoch 12 - Training loss: 0.015750   Test Accuracy: 0.9872
[2026-05-25 21:09:53,283] Epoch 13 - Training loss: 0.012280   Test Accuracy: 0.9876
[2026-05-25 21:11:00,158] Epoch 14 - Training loss: 0.011640   Test Accuracy: 0.9867
[2026-05-25 21:12:10,462] Epoch 15 - Training loss: 0.011034   Test Accuracy: 0.9859
[2026-05-25 21:13:20,112] Epoch 16 - Training loss: 0.009305   Test Accuracy: 0.9859
[2026-05-25 21:14:31,461] Epoch 17 - Training loss: 0.010128   Test Accuracy: 0.9880
[2026-05-25 21:15:41,274] Epoch 18 - Training loss: 0.008907   Test Accuracy: 0.9868
[2026-05-25 21:16:49,897] Epoch 19 - Training loss: 0.008130   Test Accuracy: 0.9838
[2026-05-25 21:18:00,664] Epoch 20 - Training loss: 0.007858   Test Accuracy: 0.9870
[2026-05-25 21:19:07,860] Epoch 21 - Training loss: 0.007401   Test Accuracy: 0.9867
[2026-05-25 21:20:21,647] Epoch 22 - Training loss: 0.006730   Test Accuracy: 0.9865
[2026-05-25 21:21:39,306] Epoch 23 - Training loss: 0.007386   Test Accuracy: 0.9865
[2026-05-25 21:22:57,257] Epoch 24 - Training loss: 0.006965   Test Accuracy: 0.9879
[2026-05-25 21:24:12,991] Epoch 25 - Training loss: 0.006539   Test Accuracy: 0.9883
[2026-05-25 21:25:26,785] Epoch 26 - Training loss: 0.007537   Test Accuracy: 0.9876
[2026-05-25 21:26:40,046] Epoch 27 - Training loss: 0.006037   Test Accuracy: 0.9883
[2026-05-25 21:27:55,267] Epoch 28 - Training loss: 0.005978   Test Accuracy: 0.9876
[2026-05-25 21:29:08,147] Epoch 29 - Training loss: 0.007085   Test Accuracy: 0.9875
[2026-05-25 21:30:20,913] Epoch 30 - Training loss: 0.017958   Test Accuracy: 0.9837
aihwkit path:  /home/bong/analog_stress_test/aihwkit-fork/src/aihwkit/__init__.py
NeurIPS-2025/S2-mnist-CNN.py --CUDA 0 --SETTING TT-v1 --RPU EcRam
Using Device:  cuda:0
Logging to file: runs/MNIST-CNN/EcRam/TT-v1-tau=1/events.out.tfevents.1779710084.user.671021.0

Training Time (s) = 2134.765769004822
