# CMD: CUDA_VISIBLE_DEVICES=2 PYTHONPATH=/home/bong/analog_stress_test/analog-training SEED=1 python NeurIPS-2025/S2-mnist-CNN.py --CUDA 0 --SETTING TT-v1 --RPU EcRam
[2026-05-25 20:22:27,877] Epoch 0 - Training loss: --------   Test Accuracy: 0.1208
[2026-05-25 20:23:40,847] Epoch 1 - Training loss: 0.593635   Test Accuracy: 0.9546
[2026-05-25 20:24:55,815] Epoch 2 - Training loss: 0.106645   Test Accuracy: 0.9718
[2026-05-25 20:26:10,009] Epoch 3 - Training loss: 0.069891   Test Accuracy: 0.9776
[2026-05-25 20:27:21,764] Epoch 4 - Training loss: 0.053132   Test Accuracy: 0.9830
[2026-05-25 20:28:37,977] Epoch 5 - Training loss: 0.041209   Test Accuracy: 0.9842
[2026-05-25 20:29:52,731] Epoch 6 - Training loss: 0.033881   Test Accuracy: 0.9849
[2026-05-25 20:30:59,495] Epoch 7 - Training loss: 0.028530   Test Accuracy: 0.9848
[2026-05-25 20:32:09,785] Epoch 8 - Training loss: 0.025294   Test Accuracy: 0.9865
[2026-05-25 20:33:20,056] Epoch 9 - Training loss: 0.021617   Test Accuracy: 0.9874
[2026-05-25 20:34:26,867] Epoch 10 - Training loss: 0.018520   Test Accuracy: 0.9861
[2026-05-25 20:35:35,884] Epoch 11 - Training loss: 0.015661   Test Accuracy: 0.9866
[2026-05-25 20:36:52,803] Epoch 12 - Training loss: 0.013251   Test Accuracy: 0.9873
[2026-05-25 20:38:08,809] Epoch 13 - Training loss: 0.012056   Test Accuracy: 0.9854
[2026-05-25 20:39:22,324] Epoch 14 - Training loss: 0.011617   Test Accuracy: 0.9866
[2026-05-25 20:40:36,273] Epoch 15 - Training loss: 0.009588   Test Accuracy: 0.9834
[2026-05-25 20:41:52,709] Epoch 16 - Training loss: 0.008676   Test Accuracy: 0.9854
[2026-05-25 20:43:11,178] Epoch 17 - Training loss: 0.009374   Test Accuracy: 0.9866
[2026-05-25 20:44:23,894] Epoch 18 - Training loss: 0.009850   Test Accuracy: 0.9845
[2026-05-25 20:45:36,925] Epoch 19 - Training loss: 0.010355   Test Accuracy: 0.9849
[2026-05-25 20:46:52,986] Epoch 20 - Training loss: 0.007980   Test Accuracy: 0.9869
[2026-05-25 20:48:10,281] Epoch 21 - Training loss: 0.007582   Test Accuracy: 0.9869
[2026-05-25 20:49:28,329] Epoch 22 - Training loss: 0.006515   Test Accuracy: 0.9859
[2026-05-25 20:50:44,200] Epoch 23 - Training loss: 0.008280   Test Accuracy: 0.9858
[2026-05-25 20:51:59,990] Epoch 24 - Training loss: 0.006880   Test Accuracy: 0.9852
[2026-05-25 20:53:21,130] Epoch 25 - Training loss: 0.006226   Test Accuracy: 0.9838
[2026-05-25 20:54:34,616] Epoch 26 - Training loss: 0.005595   Test Accuracy: 0.9865
[2026-05-25 20:55:45,271] Epoch 27 - Training loss: 0.005695   Test Accuracy: 0.9861
[2026-05-25 20:57:00,989] Epoch 28 - Training loss: 0.006259   Test Accuracy: 0.9857
[2026-05-25 20:58:19,731] Epoch 29 - Training loss: 0.006409   Test Accuracy: 0.9866
[2026-05-25 20:59:34,397] Epoch 30 - Training loss: 0.006243   Test Accuracy: 0.9859
aihwkit path:  /home/bong/analog_stress_test/aihwkit-fork/src/aihwkit/__init__.py
NeurIPS-2025/S2-mnist-CNN.py --CUDA 0 --SETTING TT-v1 --RPU EcRam
Using Device:  cuda:0
Logging to file: runs/MNIST-CNN/EcRam/TT-v1-tau=1/events.out.tfevents.1779708142.user.666162.0

Training Time (s) = 2230.3402931690216
