# CMD: CUDA_VISIBLE_DEVICES=2 PYTHONPATH=/home/bong/analog_stress_test/analog-training SEED=3 python NeurIPS-2025/S2-mnist-CNN.py --CUDA 0 --SETTING TT-v1 --RPU HfO2
[2026-05-25 20:16:42,159] Epoch 0 - Training loss: --------   Test Accuracy: 0.1294
[2026-05-25 20:17:49,115] Epoch 1 - Training loss: 1.926488   Test Accuracy: 0.3783
[2026-05-25 20:19:04,266] Epoch 2 - Training loss: 1.817623   Test Accuracy: 0.3715
[2026-05-25 20:20:25,003] Epoch 3 - Training loss: 2.104197   Test Accuracy: 0.1356
[2026-05-25 20:21:47,583] Epoch 4 - Training loss: 2.087451   Test Accuracy: 0.3044
[2026-05-25 20:23:01,062] Epoch 5 - Training loss: 2.138274   Test Accuracy: 0.3820
[2026-05-25 20:24:18,698] Epoch 6 - Training loss: 2.269418   Test Accuracy: 0.0900
[2026-05-25 20:25:36,122] Epoch 7 - Training loss: 2.330260   Test Accuracy: 0.0980
[2026-05-25 20:26:41,766] Epoch 8 - Training loss: 2.346856   Test Accuracy: 0.1163
[2026-05-25 20:27:57,242] Epoch 9 - Training loss: 2.372684   Test Accuracy: 0.0996
[2026-05-25 20:29:15,551] Epoch 10 - Training loss: 2.350658   Test Accuracy: 0.1135
[2026-05-25 20:30:32,276] Epoch 11 - Training loss: 2.330375   Test Accuracy: 0.0964
[2026-05-25 20:31:52,904] Epoch 12 - Training loss: 2.360149   Test Accuracy: 0.1135
[2026-05-25 20:33:09,820] Epoch 13 - Training loss: 2.332623   Test Accuracy: 0.0982
[2026-05-25 20:34:27,871] Epoch 14 - Training loss: 2.334291   Test Accuracy: 0.1021
[2026-05-25 20:35:41,423] Epoch 15 - Training loss: 2.326712   Test Accuracy: 0.1135
[2026-05-25 20:36:53,238] Epoch 16 - Training loss: 2.359496   Test Accuracy: 0.0982
[2026-05-25 20:38:12,629] Epoch 17 - Training loss: 2.374417   Test Accuracy: 0.1010
[2026-05-25 20:39:25,854] Epoch 18 - Training loss: 2.328245   Test Accuracy: 0.1009
[2026-05-25 20:40:40,396] Epoch 19 - Training loss: 2.386444   Test Accuracy: 0.1201
[2026-05-25 20:41:46,452] Epoch 20 - Training loss: 2.340500   Test Accuracy: 0.0913
[2026-05-25 20:42:57,267] Epoch 21 - Training loss: 2.339753   Test Accuracy: 0.0982
[2026-05-25 20:44:09,716] Epoch 22 - Training loss: 2.308050   Test Accuracy: 0.1703
[2026-05-25 20:45:25,254] Epoch 23 - Training loss: 2.309235   Test Accuracy: 0.1675
[2026-05-25 20:46:46,266] Epoch 24 - Training loss: 2.333949   Test Accuracy: 0.1136
[2026-05-25 20:48:01,984] Epoch 25 - Training loss: 2.320566   Test Accuracy: 0.0750
[2026-05-25 20:49:22,594] Epoch 26 - Training loss: 2.330713   Test Accuracy: 0.0991
[2026-05-25 20:50:43,762] Epoch 27 - Training loss: 2.361238   Test Accuracy: 0.0739
[2026-05-25 20:52:01,541] Epoch 28 - Training loss: 2.350722   Test Accuracy: 0.0998
[2026-05-25 20:53:18,866] Epoch 29 - Training loss: 2.339488   Test Accuracy: 0.1135
[2026-05-25 20:54:40,009] Epoch 30 - Training loss: 2.352903   Test Accuracy: 0.1135
aihwkit path:  /home/bong/analog_stress_test/aihwkit-fork/src/aihwkit/__init__.py
NeurIPS-2025/S2-mnist-CNN.py --CUDA 0 --SETTING TT-v1 --RPU HfO2
Using Device:  cuda:0
Logging to file: runs/MNIST-CNN/HfO2/TT-v1-tau=1/events.out.tfevents.1779707795.user.664895.0

Training Time (s) = 2281.8623847961426
