# CMD: CUDA_VISIBLE_DEVICES=2 PYTHONPATH=/home/bong/analog_stress_test/analog-training SEED=3 python NeurIPS-2025/S2-mnist-CNN.py --CUDA 0 --SETTING TT-v1 --RPU OM
[2026-05-25 22:53:23,524] Epoch 0 - Training loss: --------   Test Accuracy: 0.0523
[2026-05-25 22:54:38,280] Epoch 1 - Training loss: 1.536773   Test Accuracy: 0.5672
[2026-05-25 22:55:51,351] Epoch 2 - Training loss: 1.307501   Test Accuracy: 0.6213
[2026-05-25 22:57:06,398] Epoch 3 - Training loss: 1.298213   Test Accuracy: 0.6288
[2026-05-25 22:58:18,598] Epoch 4 - Training loss: 1.177674   Test Accuracy: 0.6187
[2026-05-25 22:59:35,044] Epoch 5 - Training loss: 1.203652   Test Accuracy: 0.5754
[2026-05-25 23:00:54,206] Epoch 6 - Training loss: 1.293667   Test Accuracy: 0.6339
[2026-05-25 23:02:12,900] Epoch 7 - Training loss: 1.248420   Test Accuracy: 0.6148
[2026-05-25 23:03:29,034] Epoch 8 - Training loss: 1.266812   Test Accuracy: 0.5544
[2026-05-25 23:04:51,348] Epoch 9 - Training loss: 1.377261   Test Accuracy: 0.5972
[2026-05-25 23:06:11,250] Epoch 10 - Training loss: 1.454438   Test Accuracy: 0.5151
[2026-05-25 23:07:34,898] Epoch 11 - Training loss: 1.561584   Test Accuracy: 0.4586
[2026-05-25 23:08:58,654] Epoch 12 - Training loss: 1.647327   Test Accuracy: 0.4362
[2026-05-25 23:10:15,334] Epoch 13 - Training loss: 1.645878   Test Accuracy: 0.4665
[2026-05-25 23:11:37,601] Epoch 14 - Training loss: 1.611370   Test Accuracy: 0.3909
[2026-05-25 23:13:00,629] Epoch 15 - Training loss: 1.677596   Test Accuracy: 0.4238
[2026-05-25 23:14:22,754] Epoch 16 - Training loss: 1.712517   Test Accuracy: 0.4556
[2026-05-25 23:15:43,654] Epoch 17 - Training loss: 1.700497   Test Accuracy: 0.4229
[2026-05-25 23:17:01,841] Epoch 18 - Training loss: 1.654601   Test Accuracy: 0.4422
[2026-05-25 23:18:22,933] Epoch 19 - Training loss: 1.674603   Test Accuracy: 0.4784
[2026-05-25 23:19:44,639] Epoch 20 - Training loss: 1.535108   Test Accuracy: 0.4774
[2026-05-25 23:21:05,537] Epoch 21 - Training loss: 1.487427   Test Accuracy: 0.4820
[2026-05-25 23:22:29,114] Epoch 22 - Training loss: 1.495122   Test Accuracy: 0.5020
[2026-05-25 23:23:47,882] Epoch 23 - Training loss: 1.537644   Test Accuracy: 0.5102
[2026-05-25 23:25:12,077] Epoch 24 - Training loss: 1.527144   Test Accuracy: 0.4750
[2026-05-25 23:26:31,806] Epoch 25 - Training loss: 1.467678   Test Accuracy: 0.3823
[2026-05-25 23:27:54,594] Epoch 26 - Training loss: 1.444810   Test Accuracy: 0.4709
[2026-05-25 23:29:18,594] Epoch 27 - Training loss: 1.465443   Test Accuracy: 0.4942
[2026-05-25 23:30:44,395] Epoch 28 - Training loss: 1.460438   Test Accuracy: 0.5268
[2026-05-25 23:32:07,887] Epoch 29 - Training loss: 1.459644   Test Accuracy: 0.5446
[2026-05-25 23:33:32,958] Epoch 30 - Training loss: 1.459961   Test Accuracy: 0.4774
aihwkit path:  /home/bong/analog_stress_test/aihwkit-fork/src/aihwkit/__init__.py
NeurIPS-2025/S2-mnist-CNN.py --CUDA 0 --SETTING TT-v1 --RPU OM
Using Device:  cuda:0
Logging to file: runs/MNIST-CNN/OM/TT-v1-tau=1/events.out.tfevents.1779717197.user.690102.0

Training Time (s) = 2413.169355869293
