# CMD: CUDA_VISIBLE_DEVICES=2 PYTHONPATH=/home/bong/analog_stress_test/analog-training SEED=1 python NeurIPS-2025/S2-mnist-CNN.py --CUDA 0 --SETTING TT-v1 --RPU OM
[2026-05-25 22:13:22,737] Epoch 0 - Training loss: --------   Test Accuracy: 0.0942
[2026-05-25 22:14:37,387] Epoch 1 - Training loss: 1.552767   Test Accuracy: 0.6169
[2026-05-25 22:15:50,286] Epoch 2 - Training loss: 1.266413   Test Accuracy: 0.6552
[2026-05-25 22:17:05,029] Epoch 3 - Training loss: 1.276809   Test Accuracy: 0.6407
[2026-05-25 22:18:25,413] Epoch 4 - Training loss: 1.156530   Test Accuracy: 0.6368
[2026-05-25 22:19:45,289] Epoch 5 - Training loss: 1.144321   Test Accuracy: 0.6728
[2026-05-25 22:21:02,081] Epoch 6 - Training loss: 1.212052   Test Accuracy: 0.5606
[2026-05-25 22:22:23,610] Epoch 7 - Training loss: 1.248640   Test Accuracy: 0.6265
[2026-05-25 22:23:40,339] Epoch 8 - Training loss: 1.149927   Test Accuracy: 0.5549
[2026-05-25 22:24:55,343] Epoch 9 - Training loss: 1.144931   Test Accuracy: 0.6200
[2026-05-25 22:26:10,965] Epoch 10 - Training loss: 1.194464   Test Accuracy: 0.6039
[2026-05-25 22:27:33,862] Epoch 11 - Training loss: 1.303928   Test Accuracy: 0.5361
[2026-05-25 22:28:57,114] Epoch 12 - Training loss: 1.259882   Test Accuracy: 0.5921
[2026-05-25 22:30:22,548] Epoch 13 - Training loss: 1.220671   Test Accuracy: 0.5589
[2026-05-25 22:31:40,992] Epoch 14 - Training loss: 1.259237   Test Accuracy: 0.5532
[2026-05-25 22:32:59,675] Epoch 15 - Training loss: 1.372305   Test Accuracy: 0.5236
[2026-05-25 22:34:18,105] Epoch 16 - Training loss: 1.298135   Test Accuracy: 0.6044
[2026-05-25 22:35:41,015] Epoch 17 - Training loss: 1.204856   Test Accuracy: 0.5658
[2026-05-25 22:36:55,515] Epoch 18 - Training loss: 1.244969   Test Accuracy: 0.6204
[2026-05-25 22:38:10,347] Epoch 19 - Training loss: 1.112977   Test Accuracy: 0.6362
[2026-05-25 22:39:32,562] Epoch 20 - Training loss: 1.196155   Test Accuracy: 0.6277
[2026-05-25 22:40:53,513] Epoch 21 - Training loss: 1.300796   Test Accuracy: 0.5450
[2026-05-25 22:42:18,016] Epoch 22 - Training loss: 1.288980   Test Accuracy: 0.5791
[2026-05-25 22:43:31,803] Epoch 23 - Training loss: 1.235851   Test Accuracy: 0.5979
[2026-05-25 22:44:50,754] Epoch 24 - Training loss: 1.152781   Test Accuracy: 0.6125
[2026-05-25 22:46:15,696] Epoch 25 - Training loss: 1.124766   Test Accuracy: 0.6055
[2026-05-25 22:47:39,847] Epoch 26 - Training loss: 1.295314   Test Accuracy: 0.5192
[2026-05-25 22:49:02,677] Epoch 27 - Training loss: 1.319512   Test Accuracy: 0.5416
[2026-05-25 22:50:25,622] Epoch 28 - Training loss: 1.308015   Test Accuracy: 0.5445
[2026-05-25 22:51:50,033] Epoch 29 - Training loss: 1.240162   Test Accuracy: 0.5790
[2026-05-25 22:53:12,066] Epoch 30 - Training loss: 1.285489   Test Accuracy: 0.6105
aihwkit path:  /home/bong/analog_stress_test/aihwkit-fork/src/aihwkit/__init__.py
NeurIPS-2025/S2-mnist-CNN.py --CUDA 0 --SETTING TT-v1 --RPU OM
Using Device:  cuda:0
Logging to file: runs/MNIST-CNN/OM/TT-v1-tau=1/events.out.tfevents.1779714796.user.683317.0

Training Time (s) = 2393.109596014023
