# CMD: CUDA_VISIBLE_DEVICES=3 PYTHONPATH=/home/bong/analog_stress_test/analog-training SEED=2 python NeurIPS-2025/S2-mnist-FCN.py --CUDA 0 --SETTING TT-v2 --RPU Pow --tau 0.7 --res-gamma 0.1 --res-state 140
[2026-05-24 23:11:40,033] Epoch 0 - Training loss: --------   Test Accuracy: 0.1009
[2026-05-24 23:12:40,910] Epoch 1 - Training loss: 2.302337   Test Accuracy: 0.1135
[2026-05-24 23:13:41,505] Epoch 2 - Training loss: 2.093704   Test Accuracy: 0.7334
[2026-05-24 23:14:42,998] Epoch 3 - Training loss: 0.521694   Test Accuracy: 0.9020
[2026-05-24 23:15:44,573] Epoch 4 - Training loss: 0.293619   Test Accuracy: 0.9266
[2026-05-24 23:16:46,715] Epoch 5 - Training loss: 0.222346   Test Accuracy: 0.9417
[2026-05-24 23:17:49,641] Epoch 6 - Training loss: 0.179547   Test Accuracy: 0.9507
[2026-05-24 23:18:50,647] Epoch 7 - Training loss: 0.147591   Test Accuracy: 0.9582
[2026-05-24 23:19:50,993] Epoch 8 - Training loss: 0.122627   Test Accuracy: 0.9606
[2026-05-24 23:20:58,074] Epoch 9 - Training loss: 0.107653   Test Accuracy: 0.9620
[2026-05-24 23:22:01,670] Epoch 10 - Training loss: 0.097188   Test Accuracy: 0.9652
[2026-05-24 23:23:05,053] Epoch 11 - Training loss: 0.083148   Test Accuracy: 0.9672
[2026-05-24 23:24:08,419] Epoch 12 - Training loss: 0.071495   Test Accuracy: 0.9673
[2026-05-24 23:25:12,680] Epoch 13 - Training loss: 0.063267   Test Accuracy: 0.9690
[2026-05-24 23:26:16,254] Epoch 14 - Training loss: 0.058029   Test Accuracy: 0.9673
[2026-05-24 23:27:14,391] Epoch 15 - Training loss: 0.055172   Test Accuracy: 0.9663
[2026-05-24 23:28:18,855] Epoch 16 - Training loss: 0.050489   Test Accuracy: 0.9688
[2026-05-24 23:29:22,899] Epoch 17 - Training loss: 0.050753   Test Accuracy: 0.9662
[2026-05-24 23:30:25,108] Epoch 18 - Training loss: 0.051963   Test Accuracy: 0.9684
[2026-05-24 23:31:29,125] Epoch 19 - Training loss: 0.053770   Test Accuracy: 0.9682
[2026-05-24 23:32:34,358] Epoch 20 - Training loss: 0.054009   Test Accuracy: 0.9679
[2026-05-24 23:33:38,682] Epoch 21 - Training loss: 0.055275   Test Accuracy: 0.9674
[2026-05-24 23:34:42,474] Epoch 22 - Training loss: 0.054777   Test Accuracy: 0.9686
[2026-05-24 23:35:47,260] Epoch 23 - Training loss: 0.051121   Test Accuracy: 0.9701
[2026-05-24 23:36:51,186] Epoch 24 - Training loss: 0.050897   Test Accuracy: 0.9699
[2026-05-24 23:37:57,257] Epoch 25 - Training loss: 0.049377   Test Accuracy: 0.9695
[2026-05-24 23:39:02,488] Epoch 26 - Training loss: 0.048262   Test Accuracy: 0.9684
[2026-05-24 23:40:02,632] Epoch 27 - Training loss: 0.048021   Test Accuracy: 0.9700
[2026-05-24 23:41:07,256] Epoch 28 - Training loss: 0.045102   Test Accuracy: 0.9716
[2026-05-24 23:42:12,870] Epoch 29 - Training loss: 0.044031   Test Accuracy: 0.9705
[2026-05-24 23:43:19,936] Epoch 30 - Training loss: 0.043049   Test Accuracy: 0.9706
aihwkit path:  /home/bong/analog_stress_test/aihwkit-fork/src/aihwkit/__init__.py
NeurIPS-2025/S2-mnist-FCN.py --CUDA 0 --SETTING TT-v2 --RPU Pow --tau 0.7 --res-gamma 0.1 --res-state 140
Using Device:  cuda:0
Logging to file: runs/MNIST-FCN/Pow-gamma=0.1-state=140/TT-v2-tau=0.7/events.out.tfevents.1779631894.user.509794.0

Training Time (s) = 1903.4641652107239
