# CMD: CUDA_VISIBLE_DEVICES=3 PYTHONPATH=/home/bong/analog_stress_test/analog-training SEED=3 python NeurIPS-2025/S2-mnist-FCN.py --CUDA 0 --SETTING TT-v2 --RPU Pow --tau 0.7 --res-gamma 0.5 --res-state 140
[2026-05-25 00:14:18,184] Epoch 0 - Training loss: --------   Test Accuracy: 0.0947
[2026-05-25 00:15:18,282] Epoch 1 - Training loss: 2.302986   Test Accuracy: 0.1135
[2026-05-25 00:16:21,187] Epoch 2 - Training loss: 2.301885   Test Accuracy: 0.1135
[2026-05-25 00:17:24,490] Epoch 3 - Training loss: 2.150034   Test Accuracy: 0.6862
[2026-05-25 00:18:27,278] Epoch 4 - Training loss: 0.702156   Test Accuracy: 0.8564
[2026-05-25 00:19:31,737] Epoch 5 - Training loss: 0.429629   Test Accuracy: 0.8962
[2026-05-25 00:20:30,609] Epoch 6 - Training loss: 0.346431   Test Accuracy: 0.9067
[2026-05-25 00:21:31,323] Epoch 7 - Training loss: 0.301192   Test Accuracy: 0.9170
[2026-05-25 00:22:32,784] Epoch 8 - Training loss: 0.268753   Test Accuracy: 0.9232
[2026-05-25 00:23:33,388] Epoch 9 - Training loss: 0.244001   Test Accuracy: 0.9312
[2026-05-25 00:24:32,521] Epoch 10 - Training loss: 0.223088   Test Accuracy: 0.9334
[2026-05-25 00:25:33,762] Epoch 11 - Training loss: 0.204147   Test Accuracy: 0.9374
[2026-05-25 00:26:40,925] Epoch 12 - Training loss: 0.189223   Test Accuracy: 0.9422
[2026-05-25 00:27:43,831] Epoch 13 - Training loss: 0.175099   Test Accuracy: 0.9458
[2026-05-25 00:28:44,715] Epoch 14 - Training loss: 0.162976   Test Accuracy: 0.9492
[2026-05-25 00:29:46,564] Epoch 15 - Training loss: 0.153463   Test Accuracy: 0.9500
[2026-05-25 00:30:56,645] Epoch 16 - Training loss: 0.147124   Test Accuracy: 0.9490
[2026-05-25 00:31:59,676] Epoch 17 - Training loss: 0.142619   Test Accuracy: 0.9508
[2026-05-25 00:33:00,323] Epoch 18 - Training loss: 0.138302   Test Accuracy: 0.9533
[2026-05-25 00:34:05,505] Epoch 19 - Training loss: 0.133353   Test Accuracy: 0.9526
[2026-05-25 00:35:06,377] Epoch 20 - Training loss: 0.130205   Test Accuracy: 0.9532
[2026-05-25 00:36:05,986] Epoch 21 - Training loss: 0.125558   Test Accuracy: 0.9540
[2026-05-25 00:37:05,728] Epoch 22 - Training loss: 0.122580   Test Accuracy: 0.9542
[2026-05-25 00:38:11,092] Epoch 23 - Training loss: 0.119402   Test Accuracy: 0.9563
[2026-05-25 00:39:16,624] Epoch 24 - Training loss: 0.115744   Test Accuracy: 0.9551
[2026-05-25 00:40:19,682] Epoch 25 - Training loss: 0.112234   Test Accuracy: 0.9559
[2026-05-25 00:41:22,033] Epoch 26 - Training loss: 0.108545   Test Accuracy: 0.9557
[2026-05-25 00:42:20,392] Epoch 27 - Training loss: 0.104993   Test Accuracy: 0.9568
[2026-05-25 00:43:21,187] Epoch 28 - Training loss: 0.102165   Test Accuracy: 0.9574
[2026-05-25 00:44:22,621] Epoch 29 - Training loss: 0.099142   Test Accuracy: 0.9588
[2026-05-25 00:45:23,409] Epoch 30 - Training loss: 0.096317   Test Accuracy: 0.9592
aihwkit path:  /home/bong/analog_stress_test/aihwkit-fork/src/aihwkit/__init__.py
NeurIPS-2025/S2-mnist-FCN.py --CUDA 0 --SETTING TT-v2 --RPU Pow --tau 0.7 --res-gamma 0.5 --res-state 140
Using Device:  cuda:0
Logging to file: runs/MNIST-FCN/Pow-gamma=0.5-state=140/TT-v2-tau=0.7/events.out.tfevents.1779635652.user.515797.0

Training Time (s) = 1869.117778301239
