# CMD: CUDA_VISIBLE_DEVICES=3 PYTHONPATH=/home/bong/analog_stress_test/analog-training SEED=2 python NeurIPS-2025/S2-mnist-FCN.py --CUDA 0 --SETTING TT-v2 --RPU Pow --tau 0.7 --res-gamma 1.0 --res-state 140
[2026-05-25 00:45:33,440] Epoch 0 - Training loss: --------   Test Accuracy: 0.1009
[2026-05-25 00:46:35,830] Epoch 1 - Training loss: 2.302316   Test Accuracy: 0.1135
[2026-05-25 00:47:37,159] Epoch 2 - Training loss: 2.284901   Test Accuracy: 0.3728
[2026-05-25 00:48:37,212] Epoch 3 - Training loss: 1.285045   Test Accuracy: 0.7592
[2026-05-25 00:49:40,140] Epoch 4 - Training loss: 0.614906   Test Accuracy: 0.8426
[2026-05-25 00:50:42,643] Epoch 5 - Training loss: 0.467311   Test Accuracy: 0.8747
[2026-05-25 00:51:44,028] Epoch 6 - Training loss: 0.401801   Test Accuracy: 0.8886
[2026-05-25 00:52:45,901] Epoch 7 - Training loss: 0.360862   Test Accuracy: 0.9010
[2026-05-25 00:53:47,779] Epoch 8 - Training loss: 0.332821   Test Accuracy: 0.9076
[2026-05-25 00:54:47,904] Epoch 9 - Training loss: 0.310245   Test Accuracy: 0.9116
[2026-05-25 00:55:46,120] Epoch 10 - Training loss: 0.291493   Test Accuracy: 0.9164
[2026-05-25 00:56:45,073] Epoch 11 - Training loss: 0.275875   Test Accuracy: 0.9211
[2026-05-25 00:57:46,632] Epoch 12 - Training loss: 0.261838   Test Accuracy: 0.9228
[2026-05-25 00:58:48,140] Epoch 13 - Training loss: 0.249633   Test Accuracy: 0.9252
[2026-05-25 00:59:48,680] Epoch 14 - Training loss: 0.238003   Test Accuracy: 0.9306
[2026-05-25 01:00:50,795] Epoch 15 - Training loss: 0.228889   Test Accuracy: 0.9327
[2026-05-25 01:01:51,020] Epoch 16 - Training loss: 0.221467   Test Accuracy: 0.9356
[2026-05-25 01:02:47,022] Epoch 17 - Training loss: 0.217323   Test Accuracy: 0.9343
[2026-05-25 01:03:43,298] Epoch 18 - Training loss: 0.213580   Test Accuracy: 0.9331
[2026-05-25 01:04:45,178] Epoch 19 - Training loss: 0.210900   Test Accuracy: 0.9361
[2026-05-25 01:05:45,620] Epoch 20 - Training loss: 0.207171   Test Accuracy: 0.9373
[2026-05-25 01:06:49,119] Epoch 21 - Training loss: 0.203367   Test Accuracy: 0.9379
[2026-05-25 01:07:50,746] Epoch 22 - Training loss: 0.199205   Test Accuracy: 0.9391
[2026-05-25 01:08:50,901] Epoch 23 - Training loss: 0.196501   Test Accuracy: 0.9400
[2026-05-25 01:09:53,879] Epoch 24 - Training loss: 0.192922   Test Accuracy: 0.9419
[2026-05-25 01:10:56,127] Epoch 25 - Training loss: 0.189672   Test Accuracy: 0.9431
[2026-05-25 01:12:01,548] Epoch 26 - Training loss: 0.185113   Test Accuracy: 0.9430
[2026-05-25 01:13:10,185] Epoch 27 - Training loss: 0.183286   Test Accuracy: 0.9424
[2026-05-25 01:14:12,342] Epoch 28 - Training loss: 0.179932   Test Accuracy: 0.9448
[2026-05-25 01:15:15,123] Epoch 29 - Training loss: 0.176267   Test Accuracy: 0.9454
[2026-05-25 01:16:16,845] Epoch 30 - Training loss: 0.175217   Test Accuracy: 0.9450
aihwkit path:  /home/bong/analog_stress_test/aihwkit-fork/src/aihwkit/__init__.py
NeurIPS-2025/S2-mnist-FCN.py --CUDA 0 --SETTING TT-v2 --RPU Pow --tau 0.7 --res-gamma 1.0 --res-state 140
Using Device:  cuda:0
Logging to file: runs/MNIST-FCN/Pow-gamma=1.0-state=140/TT-v2-tau=0.7/events.out.tfevents.1779637527.user.518870.0

Training Time (s) = 1846.939356803894
