# CMD: CUDA_VISIBLE_DEVICES=3 PYTHONPATH=/home/bong/analog_stress_test/analog-training SEED=3 python NeurIPS-2025/S2-mnist-FCN.py --CUDA 0 --SETTING TT-v2 --RPU Pow --tau 0.7 --res-gamma 4.0 --res-state 140
[2026-05-25 02:44:02,857] Epoch 0 - Training loss: --------   Test Accuracy: 0.0911
[2026-05-25 02:45:03,728] Epoch 1 - Training loss: 2.302828   Test Accuracy: 0.1135
[2026-05-25 02:46:06,239] Epoch 2 - Training loss: 2.301909   Test Accuracy: 0.1135
[2026-05-25 02:47:07,733] Epoch 3 - Training loss: 2.295452   Test Accuracy: 0.1593
[2026-05-25 02:48:09,445] Epoch 4 - Training loss: 1.980329   Test Accuracy: 0.5818
[2026-05-25 02:49:09,019] Epoch 5 - Training loss: 1.129599   Test Accuracy: 0.7022
[2026-05-25 02:50:11,448] Epoch 6 - Training loss: 0.862291   Test Accuracy: 0.7594
[2026-05-25 02:51:12,097] Epoch 7 - Training loss: 0.735883   Test Accuracy: 0.7947
[2026-05-25 02:52:16,444] Epoch 8 - Training loss: 0.656050   Test Accuracy: 0.8108
[2026-05-25 02:53:19,530] Epoch 9 - Training loss: 0.598789   Test Accuracy: 0.8260
[2026-05-25 02:54:20,934] Epoch 10 - Training loss: 0.555910   Test Accuracy: 0.8391
[2026-05-25 02:55:19,949] Epoch 11 - Training loss: 0.526097   Test Accuracy: 0.8460
[2026-05-25 02:56:21,626] Epoch 12 - Training loss: 0.501499   Test Accuracy: 0.8518
[2026-05-25 02:57:19,828] Epoch 13 - Training loss: 0.481777   Test Accuracy: 0.8626
[2026-05-25 02:58:16,898] Epoch 14 - Training loss: 0.465051   Test Accuracy: 0.8659
[2026-05-25 02:59:20,135] Epoch 15 - Training loss: 0.450939   Test Accuracy: 0.8671
[2026-05-25 03:00:23,251] Epoch 16 - Training loss: 0.439701   Test Accuracy: 0.8737
[2026-05-25 03:01:25,536] Epoch 17 - Training loss: 0.433484   Test Accuracy: 0.8762
[2026-05-25 03:02:29,064] Epoch 18 - Training loss: 0.428510   Test Accuracy: 0.8775
[2026-05-25 03:03:32,384] Epoch 19 - Training loss: 0.422189   Test Accuracy: 0.8781
[2026-05-25 03:04:33,194] Epoch 20 - Training loss: 0.416098   Test Accuracy: 0.8778
[2026-05-25 03:05:30,761] Epoch 21 - Training loss: 0.411801   Test Accuracy: 0.8812
[2026-05-25 03:06:32,937] Epoch 22 - Training loss: 0.406933   Test Accuracy: 0.8799
[2026-05-25 03:07:31,418] Epoch 23 - Training loss: 0.403569   Test Accuracy: 0.8849
[2026-05-25 03:08:33,714] Epoch 24 - Training loss: 0.398877   Test Accuracy: 0.8851
[2026-05-25 03:09:35,393] Epoch 25 - Training loss: 0.393106   Test Accuracy: 0.8849
[2026-05-25 03:10:36,355] Epoch 26 - Training loss: 0.391097   Test Accuracy: 0.8874
[2026-05-25 03:11:38,411] Epoch 27 - Training loss: 0.387527   Test Accuracy: 0.8876
[2026-05-25 03:12:37,468] Epoch 28 - Training loss: 0.382530   Test Accuracy: 0.8880
[2026-05-25 03:13:36,505] Epoch 29 - Training loss: 0.381341   Test Accuracy: 0.8867
[2026-05-25 03:14:37,197] Epoch 30 - Training loss: 0.379447   Test Accuracy: 0.8909
aihwkit path:  /home/bong/analog_stress_test/aihwkit-fork/src/aihwkit/__init__.py
NeurIPS-2025/S2-mnist-FCN.py --CUDA 0 --SETTING TT-v2 --RPU Pow --tau 0.7 --res-gamma 4.0 --res-state 140
Using Device:  cuda:0
Logging to file: runs/MNIST-FCN/Pow-gamma=4.0-state=140/TT-v2-tau=0.7/events.out.tfevents.1779644637.user.530828.0

Training Time (s) = 1837.8389739990234
