# CMD: CUDA_VISIBLE_DEVICES=3 PYTHONPATH=/home/bong/analog_stress_test/analog-training SEED=3 python NeurIPS-2025/S2-mnist-FCN.py --CUDA 0 --SETTING TT-v2 --RPU Pow --tau 0.7 --res-gamma 1.0 --res-state 140
[2026-05-25 01:12:51,472] Epoch 0 - Training loss: --------   Test Accuracy: 0.0911
[2026-05-25 01:13:52,756] Epoch 1 - Training loss: 2.302985   Test Accuracy: 0.1135
[2026-05-25 01:14:53,265] Epoch 2 - Training loss: 2.302059   Test Accuracy: 0.1135
[2026-05-25 01:15:54,648] Epoch 3 - Training loss: 2.267622   Test Accuracy: 0.5103
[2026-05-25 01:16:48,500] Epoch 4 - Training loss: 1.076989   Test Accuracy: 0.7929
[2026-05-25 01:17:50,827] Epoch 5 - Training loss: 0.579414   Test Accuracy: 0.8540
[2026-05-25 01:18:53,440] Epoch 6 - Training loss: 0.454572   Test Accuracy: 0.8803
[2026-05-25 01:19:54,033] Epoch 7 - Training loss: 0.391636   Test Accuracy: 0.8962
[2026-05-25 01:20:54,984] Epoch 8 - Training loss: 0.352887   Test Accuracy: 0.9051
[2026-05-25 01:21:56,247] Epoch 9 - Training loss: 0.323473   Test Accuracy: 0.9069
[2026-05-25 01:22:56,583] Epoch 10 - Training loss: 0.302366   Test Accuracy: 0.9123
[2026-05-25 01:23:57,150] Epoch 11 - Training loss: 0.284568   Test Accuracy: 0.9184
[2026-05-25 01:24:58,676] Epoch 12 - Training loss: 0.270125   Test Accuracy: 0.9220
[2026-05-25 01:25:58,875] Epoch 13 - Training loss: 0.256963   Test Accuracy: 0.9237
[2026-05-25 01:26:58,826] Epoch 14 - Training loss: 0.245284   Test Accuracy: 0.9280
[2026-05-25 01:27:59,122] Epoch 15 - Training loss: 0.234964   Test Accuracy: 0.9298
[2026-05-25 01:28:58,761] Epoch 16 - Training loss: 0.226985   Test Accuracy: 0.9320
[2026-05-25 01:29:53,690] Epoch 17 - Training loss: 0.222761   Test Accuracy: 0.9331
[2026-05-25 01:30:47,552] Epoch 18 - Training loss: 0.217912   Test Accuracy: 0.9341
[2026-05-25 01:31:44,183] Epoch 19 - Training loss: 0.214398   Test Accuracy: 0.9358
[2026-05-25 01:32:43,596] Epoch 20 - Training loss: 0.210036   Test Accuracy: 0.9344
[2026-05-25 01:33:45,248] Epoch 21 - Training loss: 0.206432   Test Accuracy: 0.9371
[2026-05-25 01:34:46,820] Epoch 22 - Training loss: 0.202879   Test Accuracy: 0.9360
[2026-05-25 01:35:48,742] Epoch 23 - Training loss: 0.198169   Test Accuracy: 0.9397
[2026-05-25 01:36:49,424] Epoch 24 - Training loss: 0.194235   Test Accuracy: 0.9387
[2026-05-25 01:37:52,533] Epoch 25 - Training loss: 0.192016   Test Accuracy: 0.9397
[2026-05-25 01:38:54,044] Epoch 26 - Training loss: 0.189061   Test Accuracy: 0.9420
[2026-05-25 01:39:54,421] Epoch 27 - Training loss: 0.185147   Test Accuracy: 0.9428
[2026-05-25 01:40:56,167] Epoch 28 - Training loss: 0.182356   Test Accuracy: 0.9421
[2026-05-25 01:41:55,878] Epoch 29 - Training loss: 0.179103   Test Accuracy: 0.9435
[2026-05-25 01:42:56,808] Epoch 30 - Training loss: 0.176863   Test Accuracy: 0.9435
aihwkit path:  /home/bong/analog_stress_test/aihwkit-fork/src/aihwkit/__init__.py
NeurIPS-2025/S2-mnist-FCN.py --CUDA 0 --SETTING TT-v2 --RPU Pow --tau 0.7 --res-gamma 1.0 --res-state 140
Using Device:  cuda:0
Logging to file: runs/MNIST-FCN/Pow-gamma=1.0-state=140/TT-v2-tau=0.7/events.out.tfevents.1779639165.user.521302.0

Training Time (s) = 1808.6885015964508
