# CMD: CUDA_VISIBLE_DEVICES=3 PYTHONPATH=/home/bong/analog_stress_test/analog-training SEED=2 python NeurIPS-2025/S2-mnist-FCN.py --CUDA 0 --SETTING TT-v2 --RPU Pow --tau 0.7 --res-gamma 0.5 --res-state 140
[2026-05-25 00:10:53,462] Epoch 0 - Training loss: --------   Test Accuracy: 0.1009
[2026-05-25 00:11:54,537] Epoch 1 - Training loss: 2.302375   Test Accuracy: 0.1135
[2026-05-25 00:12:54,666] Epoch 2 - Training loss: 2.268334   Test Accuracy: 0.4774
[2026-05-25 00:13:55,992] Epoch 3 - Training loss: 0.949833   Test Accuracy: 0.8328
[2026-05-25 00:14:51,510] Epoch 4 - Training loss: 0.459385   Test Accuracy: 0.8837
[2026-05-25 00:15:54,550] Epoch 5 - Training loss: 0.360520   Test Accuracy: 0.9044
[2026-05-25 00:16:55,259] Epoch 6 - Training loss: 0.309968   Test Accuracy: 0.9136
[2026-05-25 00:17:56,704] Epoch 7 - Training loss: 0.275433   Test Accuracy: 0.9210
[2026-05-25 00:18:55,359] Epoch 8 - Training loss: 0.248456   Test Accuracy: 0.9297
[2026-05-25 00:19:55,957] Epoch 9 - Training loss: 0.227478   Test Accuracy: 0.9348
[2026-05-25 00:20:56,754] Epoch 10 - Training loss: 0.209165   Test Accuracy: 0.9394
[2026-05-25 00:21:58,639] Epoch 11 - Training loss: 0.193580   Test Accuracy: 0.9425
[2026-05-25 00:23:00,497] Epoch 12 - Training loss: 0.179569   Test Accuracy: 0.9464
[2026-05-25 00:24:01,576] Epoch 13 - Training loss: 0.168655   Test Accuracy: 0.9471
[2026-05-25 00:25:04,119] Epoch 14 - Training loss: 0.158407   Test Accuracy: 0.9488
[2026-05-25 00:26:01,086] Epoch 15 - Training loss: 0.148608   Test Accuracy: 0.9526
[2026-05-25 00:27:01,655] Epoch 16 - Training loss: 0.140291   Test Accuracy: 0.9531
[2026-05-25 00:28:03,967] Epoch 17 - Training loss: 0.135937   Test Accuracy: 0.9539
[2026-05-25 00:29:07,989] Epoch 18 - Training loss: 0.132366   Test Accuracy: 0.9557
[2026-05-25 00:30:12,565] Epoch 19 - Training loss: 0.129613   Test Accuracy: 0.9559
[2026-05-25 00:31:14,582] Epoch 20 - Training loss: 0.125228   Test Accuracy: 0.9549
[2026-05-25 00:32:16,414] Epoch 21 - Training loss: 0.121380   Test Accuracy: 0.9576
[2026-05-25 00:33:18,584] Epoch 22 - Training loss: 0.117386   Test Accuracy: 0.9587
[2026-05-25 00:34:21,590] Epoch 23 - Training loss: 0.113936   Test Accuracy: 0.9590
[2026-05-25 00:35:33,007] Epoch 24 - Training loss: 0.109981   Test Accuracy: 0.9612
[2026-05-25 00:36:43,158] Epoch 25 - Training loss: 0.105483   Test Accuracy: 0.9608
[2026-05-25 00:37:51,575] Epoch 26 - Training loss: 0.102413   Test Accuracy: 0.9607
[2026-05-25 00:38:52,490] Epoch 27 - Training loss: 0.099357   Test Accuracy: 0.9613
[2026-05-25 00:39:55,930] Epoch 28 - Training loss: 0.096353   Test Accuracy: 0.9618
[2026-05-25 00:41:02,506] Epoch 29 - Training loss: 0.093871   Test Accuracy: 0.9643
[2026-05-25 00:42:11,570] Epoch 30 - Training loss: 0.090312   Test Accuracy: 0.9646
aihwkit path:  /home/bong/analog_stress_test/aihwkit-fork/src/aihwkit/__init__.py
NeurIPS-2025/S2-mnist-FCN.py --CUDA 0 --SETTING TT-v2 --RPU Pow --tau 0.7 --res-gamma 0.5 --res-state 140
Using Device:  cuda:0
Logging to file: runs/MNIST-FCN/Pow-gamma=0.5-state=140/TT-v2-tau=0.7/events.out.tfevents.1779635447.user.515185.0

Training Time (s) = 1881.649665594101
