# CMD: CUDA_VISIBLE_DEVICES=3 PYTHONPATH=/home/bong/analog_stress_test/analog-training SEED=1 python NeurIPS-2025/S2-mnist-FCN.py --CUDA 0 --SETTING TT-v2 --RPU Pow --tau 0.7 --res-gamma 0.5 --res-state 140
[2026-05-24 23:43:29,690] Epoch 0 - Training loss: --------   Test Accuracy: 0.1028
[2026-05-24 23:44:31,067] Epoch 1 - Training loss: 2.302580   Test Accuracy: 0.0984
[2026-05-24 23:45:31,376] Epoch 2 - Training loss: 2.298370   Test Accuracy: 0.1150
[2026-05-24 23:46:33,091] Epoch 3 - Training loss: 1.473512   Test Accuracy: 0.8067
[2026-05-24 23:47:34,502] Epoch 4 - Training loss: 0.514650   Test Accuracy: 0.8810
[2026-05-24 23:48:35,526] Epoch 5 - Training loss: 0.378859   Test Accuracy: 0.9029
[2026-05-24 23:49:37,170] Epoch 6 - Training loss: 0.318025   Test Accuracy: 0.9151
[2026-05-24 23:50:38,528] Epoch 7 - Training loss: 0.280550   Test Accuracy: 0.9233
[2026-05-24 23:51:40,472] Epoch 8 - Training loss: 0.251721   Test Accuracy: 0.9294
[2026-05-24 23:52:41,088] Epoch 9 - Training loss: 0.228224   Test Accuracy: 0.9352
[2026-05-24 23:53:42,715] Epoch 10 - Training loss: 0.208661   Test Accuracy: 0.9370
[2026-05-24 23:54:45,232] Epoch 11 - Training loss: 0.192350   Test Accuracy: 0.9421
[2026-05-24 23:55:49,005] Epoch 12 - Training loss: 0.178243   Test Accuracy: 0.9460
[2026-05-24 23:56:50,239] Epoch 13 - Training loss: 0.164995   Test Accuracy: 0.9481
[2026-05-24 23:57:51,927] Epoch 14 - Training loss: 0.154447   Test Accuracy: 0.9506
[2026-05-24 23:58:54,068] Epoch 15 - Training loss: 0.146017   Test Accuracy: 0.9523
[2026-05-24 23:59:54,712] Epoch 16 - Training loss: 0.138696   Test Accuracy: 0.9544
[2026-05-25 00:00:53,392] Epoch 17 - Training loss: 0.134271   Test Accuracy: 0.9549
[2026-05-25 00:01:56,447] Epoch 18 - Training loss: 0.130387   Test Accuracy: 0.9548
[2026-05-25 00:02:58,377] Epoch 19 - Training loss: 0.125419   Test Accuracy: 0.9564
[2026-05-25 00:04:01,160] Epoch 20 - Training loss: 0.121812   Test Accuracy: 0.9563
[2026-05-25 00:05:02,834] Epoch 21 - Training loss: 0.118316   Test Accuracy: 0.9575
[2026-05-25 00:06:06,293] Epoch 22 - Training loss: 0.114642   Test Accuracy: 0.9569
[2026-05-25 00:07:08,870] Epoch 23 - Training loss: 0.111552   Test Accuracy: 0.9584
[2026-05-25 00:08:07,062] Epoch 24 - Training loss: 0.107869   Test Accuracy: 0.9589
[2026-05-25 00:09:09,274] Epoch 25 - Training loss: 0.104912   Test Accuracy: 0.9579
[2026-05-25 00:10:07,952] Epoch 26 - Training loss: 0.101818   Test Accuracy: 0.9585
[2026-05-25 00:11:01,252] Epoch 27 - Training loss: 0.098569   Test Accuracy: 0.9606
[2026-05-25 00:12:03,240] Epoch 28 - Training loss: 0.095265   Test Accuracy: 0.9608
[2026-05-25 00:13:03,560] Epoch 29 - Training loss: 0.092943   Test Accuracy: 0.9616
[2026-05-25 00:14:08,077] Epoch 30 - Training loss: 0.089774   Test Accuracy: 0.9618
aihwkit path:  /home/bong/analog_stress_test/aihwkit-fork/src/aihwkit/__init__.py
NeurIPS-2025/S2-mnist-FCN.py --CUDA 0 --SETTING TT-v2 --RPU Pow --tau 0.7 --res-gamma 0.5 --res-state 140
Using Device:  cuda:0
Logging to file: runs/MNIST-FCN/Pow-gamma=0.5-state=140/TT-v2-tau=0.7/events.out.tfevents.1779633804.user.512444.0

Training Time (s) = 1841.8347661495209
