# CMD: CUDA_VISIBLE_DEVICES=3 PYTHONPATH=/home/bong/analog_stress_test/analog-training SEED=1 INP_RES=0.016129032258064516 OUT_RES=0.003937007874015748 INP_NOISE=0.06 OUT_NOISE=0.06 python NeurIPS-2025/S2-mnist-FCN.py --CUDA 0 --SETTING TT-v1 --RPU Pow --tau 0.7 --res-gamma 0.5 --res-state 140
[2026-05-25 18:40:27,576] Epoch 0 - Training loss: --------   Test Accuracy: 0.1035
[2026-05-25 18:41:22,369] Epoch 1 - Training loss: 2.301464   Test Accuracy: 0.1222
[2026-05-25 18:42:16,489] Epoch 2 - Training loss: 1.278490   Test Accuracy: 0.8850
[2026-05-25 18:43:05,284] Epoch 3 - Training loss: 0.315635   Test Accuracy: 0.9214
[2026-05-25 18:43:56,126] Epoch 4 - Training loss: 0.227189   Test Accuracy: 0.9401
[2026-05-25 18:44:45,779] Epoch 5 - Training loss: 0.174479   Test Accuracy: 0.9488
[2026-05-25 18:45:37,510] Epoch 6 - Training loss: 0.142780   Test Accuracy: 0.9559
[2026-05-25 18:46:27,570] Epoch 7 - Training loss: 0.121875   Test Accuracy: 0.9609
[2026-05-25 18:47:17,960] Epoch 8 - Training loss: 0.112004   Test Accuracy: 0.9573
[2026-05-25 18:48:09,531] Epoch 9 - Training loss: 0.112085   Test Accuracy: 0.9592
[2026-05-25 18:49:04,423] Epoch 10 - Training loss: 0.104285   Test Accuracy: 0.9610
[2026-05-25 18:49:58,053] Epoch 11 - Training loss: 0.098378   Test Accuracy: 0.9622
[2026-05-25 18:50:54,074] Epoch 12 - Training loss: 0.090226   Test Accuracy: 0.9615
[2026-05-25 18:51:47,309] Epoch 13 - Training loss: 0.085933   Test Accuracy: 0.9615
[2026-05-25 18:52:45,605] Epoch 14 - Training loss: 0.081569   Test Accuracy: 0.9642
[2026-05-25 18:53:40,076] Epoch 15 - Training loss: 0.085720   Test Accuracy: 0.9625
[2026-05-25 18:54:36,846] Epoch 16 - Training loss: 0.087846   Test Accuracy: 0.9621
[2026-05-25 18:55:34,223] Epoch 17 - Training loss: 0.095038   Test Accuracy: 0.9596
[2026-05-25 18:56:31,322] Epoch 18 - Training loss: 0.100696   Test Accuracy: 0.9571
[2026-05-25 18:57:26,839] Epoch 19 - Training loss: 0.108312   Test Accuracy: 0.9541
[2026-05-25 18:58:23,022] Epoch 20 - Training loss: 0.113406   Test Accuracy: 0.9552
[2026-05-25 18:59:19,848] Epoch 21 - Training loss: 0.105569   Test Accuracy: 0.9588
[2026-05-25 19:00:15,514] Epoch 22 - Training loss: 0.102921   Test Accuracy: 0.9582
[2026-05-25 19:01:11,732] Epoch 23 - Training loss: 0.098036   Test Accuracy: 0.9601
[2026-05-25 19:02:08,379] Epoch 24 - Training loss: 0.097555   Test Accuracy: 0.9604
[2026-05-25 19:03:03,380] Epoch 25 - Training loss: 0.096851   Test Accuracy: 0.9605
[2026-05-25 19:03:59,454] Epoch 26 - Training loss: 0.094444   Test Accuracy: 0.9608
[2026-05-25 19:04:58,989] Epoch 27 - Training loss: 0.094382   Test Accuracy: 0.9599
[2026-05-25 19:05:53,524] Epoch 28 - Training loss: 0.095668   Test Accuracy: 0.9586
[2026-05-25 19:06:48,568] Epoch 29 - Training loss: 0.091854   Test Accuracy: 0.9596
[2026-05-25 19:07:43,433] Epoch 30 - Training loss: 0.092357   Test Accuracy: 0.9620
aihwkit path:  /home/bong/analog_stress_test/aihwkit-fork/src/aihwkit/__init__.py
NeurIPS-2025/S2-mnist-FCN.py --CUDA 0 --SETTING TT-v1 --RPU Pow --tau 0.7 --res-gamma 0.5 --res-state 140
Using Device:  cuda:0
Logging to file: runs/MNIST-FCN/Pow-gamma=0.5-state=140/TT-v1-tau=0.7/events.out.tfevents.1779702022.user.649364.0

Training Time (s) = 1639.2377107143402
