# CMD: CUDA_VISIBLE_DEVICES=3 PYTHONPATH=/home/bong/analog_stress_test/analog-training SEED=1 INP_RES=0.07142857142857142 OUT_RES=0.007936507936507936 INP_NOISE=0.1 OUT_NOISE=0.1 python NeurIPS-2025/S2-mnist-FCN.py --CUDA 0 --SETTING TT-v1 --RPU Pow --tau 0.7 --res-gamma 0.5 --res-state 140
[2026-05-25 19:11:13,533] Epoch 0 - Training loss: --------   Test Accuracy: 0.1009
[2026-05-25 19:12:06,637] Epoch 1 - Training loss: 2.302514   Test Accuracy: 0.1034
[2026-05-25 19:12:57,621] Epoch 2 - Training loss: 2.291804   Test Accuracy: 0.1776
[2026-05-25 19:13:49,347] Epoch 3 - Training loss: 1.206930   Test Accuracy: 0.8122
[2026-05-25 19:14:46,872] Epoch 4 - Training loss: 0.496242   Test Accuracy: 0.8750
[2026-05-25 19:15:41,437] Epoch 5 - Training loss: 0.387204   Test Accuracy: 0.8913
[2026-05-25 19:16:33,660] Epoch 6 - Training loss: 0.354334   Test Accuracy: 0.9018
[2026-05-25 19:17:26,903] Epoch 7 - Training loss: 0.310754   Test Accuracy: 0.9158
[2026-05-25 19:18:20,693] Epoch 8 - Training loss: 0.277524   Test Accuracy: 0.9237
[2026-05-25 19:19:14,917] Epoch 9 - Training loss: 0.255655   Test Accuracy: 0.9270
[2026-05-25 19:20:08,568] Epoch 10 - Training loss: 0.237252   Test Accuracy: 0.9320
[2026-05-25 19:21:02,302] Epoch 11 - Training loss: 0.222548   Test Accuracy: 0.9334
[2026-05-25 19:21:58,324] Epoch 12 - Training loss: 0.213531   Test Accuracy: 0.9365
[2026-05-25 19:22:49,282] Epoch 13 - Training loss: 0.203104   Test Accuracy: 0.9396
[2026-05-25 19:23:36,555] Epoch 14 - Training loss: 0.188474   Test Accuracy: 0.9393
[2026-05-25 19:24:31,918] Epoch 15 - Training loss: 0.184389   Test Accuracy: 0.9409
[2026-05-25 19:25:27,300] Epoch 16 - Training loss: 0.180615   Test Accuracy: 0.9459
[2026-05-25 19:26:22,208] Epoch 17 - Training loss: 0.174403   Test Accuracy: 0.9444
[2026-05-25 19:27:13,977] Epoch 18 - Training loss: 0.169455   Test Accuracy: 0.9462
[2026-05-25 19:28:00,160] Epoch 19 - Training loss: 0.165077   Test Accuracy: 0.9471
[2026-05-25 19:28:50,568] Epoch 20 - Training loss: 0.166315   Test Accuracy: 0.9452
[2026-05-25 19:29:41,848] Epoch 21 - Training loss: 0.162511   Test Accuracy: 0.9465
[2026-05-25 19:30:34,203] Epoch 22 - Training loss: 0.162719   Test Accuracy: 0.9492
[2026-05-25 19:31:26,669] Epoch 23 - Training loss: 0.160520   Test Accuracy: 0.9465
[2026-05-25 19:32:20,425] Epoch 24 - Training loss: 0.159567   Test Accuracy: 0.9483
[2026-05-25 19:33:13,905] Epoch 25 - Training loss: 0.158521   Test Accuracy: 0.9486
[2026-05-25 19:34:07,291] Epoch 26 - Training loss: 0.156358   Test Accuracy: 0.9466
[2026-05-25 19:34:55,808] Epoch 27 - Training loss: 0.156994   Test Accuracy: 0.9493
[2026-05-25 19:35:47,690] Epoch 28 - Training loss: 0.157923   Test Accuracy: 0.9476
[2026-05-25 19:36:39,471] Epoch 29 - Training loss: 0.159792   Test Accuracy: 0.9462
[2026-05-25 19:37:34,054] Epoch 30 - Training loss: 0.161820   Test Accuracy: 0.9448
aihwkit path:  /home/bong/analog_stress_test/aihwkit-fork/src/aihwkit/__init__.py
NeurIPS-2025/S2-mnist-FCN.py --CUDA 0 --SETTING TT-v1 --RPU Pow --tau 0.7 --res-gamma 0.5 --res-state 140
Using Device:  cuda:0
Logging to file: runs/MNIST-FCN/Pow-gamma=0.5-state=140/TT-v1-tau=0.7/events.out.tfevents.1779703867.user.654325.0

Training Time (s) = 1583.797840833664
