# CMD: CUDA_VISIBLE_DEVICES=3 PYTHONPATH=/home/bong/analog_stress_test/analog-training SEED=1 INP_RES=0.007936507936507936 OUT_RES=0.00196078431372549 INP_NOISE=0.0 OUT_NOISE=0.06 python NeurIPS-2025/S2-mnist-FCN.py --CUDA 0 --SETTING TT-v1 --RPU Pow --tau 0.7 --res-gamma 0.5 --res-state 140
[2026-05-25 17:50:34,346] Epoch 0 - Training loss: --------   Test Accuracy: 0.1023
[2026-05-25 17:51:26,960] Epoch 1 - Training loss: 2.299432   Test Accuracy: 0.1654
[2026-05-25 17:52:17,309] Epoch 2 - Training loss: 0.929006   Test Accuracy: 0.9026
[2026-05-25 17:53:05,811] Epoch 3 - Training loss: 0.265052   Test Accuracy: 0.9344
[2026-05-25 17:53:58,579] Epoch 4 - Training loss: 0.184310   Test Accuracy: 0.9471
[2026-05-25 17:54:44,815] Epoch 5 - Training loss: 0.142866   Test Accuracy: 0.9558
[2026-05-25 17:55:29,521] Epoch 6 - Training loss: 0.117604   Test Accuracy: 0.9620
[2026-05-25 17:56:12,225] Epoch 7 - Training loss: 0.096671   Test Accuracy: 0.9644
[2026-05-25 17:57:00,863] Epoch 8 - Training loss: 0.084826   Test Accuracy: 0.9662
[2026-05-25 17:57:50,731] Epoch 9 - Training loss: 0.075199   Test Accuracy: 0.9656
[2026-05-25 17:58:44,350] Epoch 10 - Training loss: 0.069681   Test Accuracy: 0.9668
[2026-05-25 17:59:36,304] Epoch 11 - Training loss: 0.062723   Test Accuracy: 0.9677
[2026-05-25 18:00:34,367] Epoch 12 - Training loss: 0.057591   Test Accuracy: 0.9698
[2026-05-25 18:01:32,256] Epoch 13 - Training loss: 0.051612   Test Accuracy: 0.9692
[2026-05-25 18:02:26,783] Epoch 14 - Training loss: 0.046682   Test Accuracy: 0.9688
[2026-05-25 18:03:20,555] Epoch 15 - Training loss: 0.039071   Test Accuracy: 0.9688
[2026-05-25 18:04:15,639] Epoch 16 - Training loss: 0.034311   Test Accuracy: 0.9700
[2026-05-25 18:05:12,579] Epoch 17 - Training loss: 0.033162   Test Accuracy: 0.9706
[2026-05-25 18:06:09,023] Epoch 18 - Training loss: 0.030914   Test Accuracy: 0.9708
[2026-05-25 18:07:03,699] Epoch 19 - Training loss: 0.027316   Test Accuracy: 0.9695
[2026-05-25 18:07:56,257] Epoch 20 - Training loss: 0.027317   Test Accuracy: 0.9719
[2026-05-25 18:08:49,805] Epoch 21 - Training loss: 0.027108   Test Accuracy: 0.9723
[2026-05-25 18:09:44,598] Epoch 22 - Training loss: 0.025217   Test Accuracy: 0.9702
[2026-05-25 18:10:41,362] Epoch 23 - Training loss: 0.025872   Test Accuracy: 0.9699
[2026-05-25 18:11:35,793] Epoch 24 - Training loss: 0.025025   Test Accuracy: 0.9709
[2026-05-25 18:12:31,455] Epoch 25 - Training loss: 0.022781   Test Accuracy: 0.9722
[2026-05-25 18:13:20,717] Epoch 26 - Training loss: 0.022721   Test Accuracy: 0.9731
[2026-05-25 18:14:17,086] Epoch 27 - Training loss: 0.021470   Test Accuracy: 0.9712
[2026-05-25 18:15:13,843] Epoch 28 - Training loss: 0.021842   Test Accuracy: 0.9714
[2026-05-25 18:16:09,215] Epoch 29 - Training loss: 0.021505   Test Accuracy: 0.9708
[2026-05-25 18:17:03,441] Epoch 30 - Training loss: 0.019799   Test Accuracy: 0.9718
aihwkit path:  /home/bong/analog_stress_test/aihwkit-fork/src/aihwkit/__init__.py
NeurIPS-2025/S2-mnist-FCN.py --CUDA 0 --SETTING TT-v1 --RPU Pow --tau 0.7 --res-gamma 0.5 --res-state 140
Using Device:  cuda:0
Logging to file: runs/MNIST-FCN/Pow-gamma=0.5-state=140/TT-v1-tau=0.7/events.out.tfevents.1779699028.user.640401.0

Training Time (s) = 1592.3587658405304
