# CMD: CUDA_VISIBLE_DEVICES=3 PYTHONPATH=/home/bong/analog_stress_test/analog-training SEED=2 INP_RES=0.07142857142857142 OUT_RES=0.007936507936507936 INP_NOISE=0.1 OUT_NOISE=0.1 python NeurIPS-2025/S2-mnist-FCN.py --CUDA 0 --SETTING TT-v1 --RPU Pow --tau 0.7 --res-gamma 0.5 --res-state 140
[2026-05-25 19:34:28,668] Epoch 0 - Training loss: --------   Test Accuracy: 0.0995
[2026-05-25 19:35:22,091] Epoch 1 - Training loss: 2.301252   Test Accuracy: 0.1362
[2026-05-25 19:36:12,408] Epoch 2 - Training loss: 1.669586   Test Accuracy: 0.7768
[2026-05-25 19:37:00,595] Epoch 3 - Training loss: 0.517639   Test Accuracy: 0.8761
[2026-05-25 19:37:52,611] Epoch 4 - Training loss: 0.365572   Test Accuracy: 0.8870
[2026-05-25 19:38:47,564] Epoch 5 - Training loss: 0.344035   Test Accuracy: 0.9074
[2026-05-25 19:39:42,525] Epoch 6 - Training loss: 0.294151   Test Accuracy: 0.9146
[2026-05-25 19:40:39,385] Epoch 7 - Training loss: 0.261159   Test Accuracy: 0.9232
[2026-05-25 19:41:32,931] Epoch 8 - Training loss: 0.241481   Test Accuracy: 0.9316
[2026-05-25 19:42:25,740] Epoch 9 - Training loss: 0.219350   Test Accuracy: 0.9327
[2026-05-25 19:43:15,446] Epoch 10 - Training loss: 0.209422   Test Accuracy: 0.9336
[2026-05-25 19:44:08,772] Epoch 11 - Training loss: 0.199158   Test Accuracy: 0.9398
[2026-05-25 19:45:00,000] Epoch 12 - Training loss: 0.192203   Test Accuracy: 0.9400
[2026-05-25 19:45:54,441] Epoch 13 - Training loss: 0.185274   Test Accuracy: 0.9398
[2026-05-25 19:46:51,819] Epoch 14 - Training loss: 0.179765   Test Accuracy: 0.9438
[2026-05-25 19:47:49,176] Epoch 15 - Training loss: 0.176857   Test Accuracy: 0.9429
[2026-05-25 19:48:43,072] Epoch 16 - Training loss: 0.174029   Test Accuracy: 0.9409
[2026-05-25 19:49:37,286] Epoch 17 - Training loss: 0.167355   Test Accuracy: 0.9456
[2026-05-25 19:50:31,483] Epoch 18 - Training loss: 0.165558   Test Accuracy: 0.9425
[2026-05-25 19:51:24,334] Epoch 19 - Training loss: 0.167029   Test Accuracy: 0.9450
[2026-05-25 19:52:18,772] Epoch 20 - Training loss: 0.162941   Test Accuracy: 0.9434
[2026-05-25 19:53:10,921] Epoch 21 - Training loss: 0.162379   Test Accuracy: 0.9450
[2026-05-25 19:54:07,150] Epoch 22 - Training loss: 0.163974   Test Accuracy: 0.9434
[2026-05-25 19:55:01,254] Epoch 23 - Training loss: 0.164832   Test Accuracy: 0.9439
[2026-05-25 19:55:57,033] Epoch 24 - Training loss: 0.163787   Test Accuracy: 0.9465
[2026-05-25 19:56:54,756] Epoch 25 - Training loss: 0.160556   Test Accuracy: 0.9422
[2026-05-25 19:57:49,666] Epoch 26 - Training loss: 0.165196   Test Accuracy: 0.9438
[2026-05-25 19:58:47,375] Epoch 27 - Training loss: 0.164315   Test Accuracy: 0.9427
[2026-05-25 19:59:46,145] Epoch 28 - Training loss: 0.166738   Test Accuracy: 0.9401
[2026-05-25 20:00:43,721] Epoch 29 - Training loss: 0.171629   Test Accuracy: 0.9430
[2026-05-25 20:01:41,231] Epoch 30 - Training loss: 0.169545   Test Accuracy: 0.9443
aihwkit path:  /home/bong/analog_stress_test/aihwkit-fork/src/aihwkit/__init__.py
NeurIPS-2025/S2-mnist-FCN.py --CUDA 0 --SETTING TT-v1 --RPU Pow --tau 0.7 --res-gamma 0.5 --res-state 140
Using Device:  cuda:0
Logging to file: runs/MNIST-FCN/Pow-gamma=0.5-state=140/TT-v1-tau=0.7/events.out.tfevents.1779705263.user.657562.0

Training Time (s) = 1635.862848997116
