# CMD: CUDA_VISIBLE_DEVICES=3 PYTHONPATH=/home/bong/analog_stress_test/analog-training SEED=3 INP_RES=0.016129032258064516 OUT_RES=0.003937007874015748 INP_NOISE=0.06 OUT_NOISE=0.06 python NeurIPS-2025/S2-mnist-FCN.py --CUDA 0 --SETTING TT-v1 --RPU Pow --tau 0.7 --res-gamma 0.5 --res-state 140
[2026-05-25 19:07:52,830] Epoch 0 - Training loss: --------   Test Accuracy: 0.0944
[2026-05-25 19:08:49,888] Epoch 1 - Training loss: 2.302245   Test Accuracy: 0.1159
[2026-05-25 19:09:43,113] Epoch 2 - Training loss: 1.559320   Test Accuracy: 0.8655
[2026-05-25 19:10:35,672] Epoch 3 - Training loss: 0.333857   Test Accuracy: 0.9236
[2026-05-25 19:11:24,219] Epoch 4 - Training loss: 0.225320   Test Accuracy: 0.9389
[2026-05-25 19:12:18,107] Epoch 5 - Training loss: 0.175188   Test Accuracy: 0.9500
[2026-05-25 19:13:08,508] Epoch 6 - Training loss: 0.146068   Test Accuracy: 0.9508
[2026-05-25 19:13:58,243] Epoch 7 - Training loss: 0.123665   Test Accuracy: 0.9566
[2026-05-25 19:14:51,860] Epoch 8 - Training loss: 0.109294   Test Accuracy: 0.9583
[2026-05-25 19:15:47,004] Epoch 9 - Training loss: 0.107430   Test Accuracy: 0.9540
[2026-05-25 19:16:36,383] Epoch 10 - Training loss: 0.110422   Test Accuracy: 0.9602
[2026-05-25 19:17:29,717] Epoch 11 - Training loss: 0.101094   Test Accuracy: 0.9595
[2026-05-25 19:18:19,679] Epoch 12 - Training loss: 0.094817   Test Accuracy: 0.9615
[2026-05-25 19:19:13,750] Epoch 13 - Training loss: 0.087378   Test Accuracy: 0.9638
[2026-05-25 19:20:08,266] Epoch 14 - Training loss: 0.082381   Test Accuracy: 0.9604
[2026-05-25 19:21:02,010] Epoch 15 - Training loss: 0.082912   Test Accuracy: 0.9605
[2026-05-25 19:21:57,079] Epoch 16 - Training loss: 0.094415   Test Accuracy: 0.9575
[2026-05-25 19:22:55,363] Epoch 17 - Training loss: 0.107163   Test Accuracy: 0.9513
[2026-05-25 19:23:50,206] Epoch 18 - Training loss: 0.112569   Test Accuracy: 0.9543
[2026-05-25 19:24:44,296] Epoch 19 - Training loss: 0.110645   Test Accuracy: 0.9525
[2026-05-25 19:25:37,817] Epoch 20 - Training loss: 0.109257   Test Accuracy: 0.9560
[2026-05-25 19:26:30,194] Epoch 21 - Training loss: 0.103662   Test Accuracy: 0.9576
[2026-05-25 19:27:21,677] Epoch 22 - Training loss: 0.099430   Test Accuracy: 0.9576
[2026-05-25 19:28:16,438] Epoch 23 - Training loss: 0.096879   Test Accuracy: 0.9614
[2026-05-25 19:29:08,735] Epoch 24 - Training loss: 0.094137   Test Accuracy: 0.9595
[2026-05-25 19:30:01,503] Epoch 25 - Training loss: 0.092825   Test Accuracy: 0.9624
[2026-05-25 19:30:55,629] Epoch 26 - Training loss: 0.088560   Test Accuracy: 0.9601
[2026-05-25 19:31:45,997] Epoch 27 - Training loss: 0.089364   Test Accuracy: 0.9596
[2026-05-25 19:32:37,026] Epoch 28 - Training loss: 0.087290   Test Accuracy: 0.9576
[2026-05-25 19:33:26,618] Epoch 29 - Training loss: 0.086032   Test Accuracy: 0.9598
[2026-05-25 19:34:19,095] Epoch 30 - Training loss: 0.086118   Test Accuracy: 0.9609
aihwkit path:  /home/bong/analog_stress_test/aihwkit-fork/src/aihwkit/__init__.py
NeurIPS-2025/S2-mnist-FCN.py --CUDA 0 --SETTING TT-v1 --RPU Pow --tau 0.7 --res-gamma 0.5 --res-state 140
Using Device:  cuda:0
Logging to file: runs/MNIST-FCN/Pow-gamma=0.5-state=140/TT-v1-tau=0.7/events.out.tfevents.1779703667.user.654044.0

Training Time (s) = 1589.4255876541138
