# CMD: CUDA_VISIBLE_DEVICES=3 PYTHONPATH=/home/bong/analog_stress_test/analog-training SEED=2 INP_RES=0.007936507936507936 OUT_RES=0.00196078431372549 INP_NOISE=0.0 OUT_NOISE=0.06 python NeurIPS-2025/S2-mnist-FCN.py --CUDA 0 --SETTING TT-v1 --RPU Pow --tau 0.7 --res-gamma 0.5 --res-state 140
[2026-05-25 18:13:05,598] Epoch 0 - Training loss: --------   Test Accuracy: 0.1006
[2026-05-25 18:13:57,194] Epoch 1 - Training loss: 2.291952   Test Accuracy: 0.3080
[2026-05-25 18:14:51,681] Epoch 2 - Training loss: 0.662438   Test Accuracy: 0.9105
[2026-05-25 18:15:43,942] Epoch 3 - Training loss: 0.248053   Test Accuracy: 0.9367
[2026-05-25 18:16:39,485] Epoch 4 - Training loss: 0.179113   Test Accuracy: 0.9484
[2026-05-25 18:17:26,457] Epoch 5 - Training loss: 0.138880   Test Accuracy: 0.9567
[2026-05-25 18:18:17,401] Epoch 6 - Training loss: 0.115400   Test Accuracy: 0.9604
[2026-05-25 18:19:10,043] Epoch 7 - Training loss: 0.098952   Test Accuracy: 0.9645
[2026-05-25 18:20:03,968] Epoch 8 - Training loss: 0.085267   Test Accuracy: 0.9624
[2026-05-25 18:20:57,259] Epoch 9 - Training loss: 0.077349   Test Accuracy: 0.9654
[2026-05-25 18:21:51,122] Epoch 10 - Training loss: 0.072350   Test Accuracy: 0.9651
[2026-05-25 18:22:44,037] Epoch 11 - Training loss: 0.063717   Test Accuracy: 0.9668
[2026-05-25 18:23:36,277] Epoch 12 - Training loss: 0.060131   Test Accuracy: 0.9702
[2026-05-25 18:24:35,172] Epoch 13 - Training loss: 0.054407   Test Accuracy: 0.9706
[2026-05-25 18:25:30,052] Epoch 14 - Training loss: 0.046097   Test Accuracy: 0.9677
[2026-05-25 18:26:24,032] Epoch 15 - Training loss: 0.046704   Test Accuracy: 0.9685
[2026-05-25 18:27:16,447] Epoch 16 - Training loss: 0.037355   Test Accuracy: 0.9711
[2026-05-25 18:28:13,550] Epoch 17 - Training loss: 0.033810   Test Accuracy: 0.9687
[2026-05-25 18:29:09,696] Epoch 18 - Training loss: 0.031741   Test Accuracy: 0.9708
[2026-05-25 18:30:07,039] Epoch 19 - Training loss: 0.031610   Test Accuracy: 0.9703
[2026-05-25 18:31:03,633] Epoch 20 - Training loss: 0.028280   Test Accuracy: 0.9696
[2026-05-25 18:31:59,452] Epoch 21 - Training loss: 0.028776   Test Accuracy: 0.9706
[2026-05-25 18:32:54,475] Epoch 22 - Training loss: 0.027264   Test Accuracy: 0.9709
[2026-05-25 18:33:51,584] Epoch 23 - Training loss: 0.024820   Test Accuracy: 0.9718
[2026-05-25 18:34:46,473] Epoch 24 - Training loss: 0.022538   Test Accuracy: 0.9732
[2026-05-25 18:35:41,912] Epoch 25 - Training loss: 0.023820   Test Accuracy: 0.9724
[2026-05-25 18:36:35,913] Epoch 26 - Training loss: 0.022406   Test Accuracy: 0.9728
[2026-05-25 18:37:31,878] Epoch 27 - Training loss: 0.020790   Test Accuracy: 0.9717
[2026-05-25 18:38:29,066] Epoch 28 - Training loss: 0.019289   Test Accuracy: 0.9712
[2026-05-25 18:39:24,824] Epoch 29 - Training loss: 0.018571   Test Accuracy: 0.9728
[2026-05-25 18:40:16,902] Epoch 30 - Training loss: 0.018196   Test Accuracy: 0.9719
aihwkit path:  /home/bong/analog_stress_test/aihwkit-fork/src/aihwkit/__init__.py
NeurIPS-2025/S2-mnist-FCN.py --CUDA 0 --SETTING TT-v1 --RPU Pow --tau 0.7 --res-gamma 0.5 --res-state 140
Using Device:  cuda:0
Logging to file: runs/MNIST-FCN/Pow-gamma=0.5-state=140/TT-v1-tau=0.7/events.out.tfevents.1779700380.user.645355.0

Training Time (s) = 1634.585744380951
