# CMD: CUDA_VISIBLE_DEVICES=3 PYTHONPATH=/home/bong/analog_stress_test/analog-training SEED=2 python NeurIPS-2025/S2-mnist-FCN.py --CUDA 0 --SETTING Analog SGD --RPU EcRamMO
[2026-05-25 09:59:35,423] Epoch 0 - Training loss: --------   Test Accuracy: 0.1010
[2026-05-25 10:00:26,928] Epoch 1 - Training loss: 2.300185   Test Accuracy: 0.2812
[2026-05-25 10:01:10,652] Epoch 2 - Training loss: 0.356557   Test Accuracy: 0.9511
[2026-05-25 10:01:57,664] Epoch 3 - Training loss: 0.150322   Test Accuracy: 0.9652
[2026-05-25 10:02:47,322] Epoch 4 - Training loss: 0.117273   Test Accuracy: 0.9646
[2026-05-25 10:03:35,191] Epoch 5 - Training loss: 0.101605   Test Accuracy: 0.9630
[2026-05-25 10:04:22,449] Epoch 6 - Training loss: 0.093197   Test Accuracy: 0.9682
[2026-05-25 10:05:08,600] Epoch 7 - Training loss: 0.082460   Test Accuracy: 0.9722
[2026-05-25 10:05:54,601] Epoch 8 - Training loss: 0.078125   Test Accuracy: 0.9713
[2026-05-25 10:06:39,117] Epoch 9 - Training loss: 0.072499   Test Accuracy: 0.9701
[2026-05-25 10:07:26,873] Epoch 10 - Training loss: 0.069063   Test Accuracy: 0.9668
[2026-05-25 10:08:15,138] Epoch 11 - Training loss: 0.068415   Test Accuracy: 0.9740
[2026-05-25 10:08:59,902] Epoch 12 - Training loss: 0.062510   Test Accuracy: 0.9742
[2026-05-25 10:09:42,812] Epoch 13 - Training loss: 0.059567   Test Accuracy: 0.9729
[2026-05-25 10:10:20,848] Epoch 14 - Training loss: 0.059551   Test Accuracy: 0.9776
[2026-05-25 10:11:02,326] Epoch 15 - Training loss: 0.056324   Test Accuracy: 0.9701
[2026-05-25 10:11:52,017] Epoch 16 - Training loss: 0.029964   Test Accuracy: 0.9801
[2026-05-25 10:12:40,288] Epoch 17 - Training loss: 0.021530   Test Accuracy: 0.9819
[2026-05-25 10:13:25,927] Epoch 18 - Training loss: 0.018381   Test Accuracy: 0.9807
[2026-05-25 10:14:16,318] Epoch 19 - Training loss: 0.017397   Test Accuracy: 0.9799
[2026-05-25 10:15:02,706] Epoch 20 - Training loss: 0.017755   Test Accuracy: 0.9810
[2026-05-25 10:15:48,480] Epoch 21 - Training loss: 0.016946   Test Accuracy: 0.9780
[2026-05-25 10:16:36,512] Epoch 22 - Training loss: 0.017894   Test Accuracy: 0.9809
[2026-05-25 10:17:23,595] Epoch 23 - Training loss: 0.016580   Test Accuracy: 0.9815
[2026-05-25 10:18:08,316] Epoch 24 - Training loss: 0.015800   Test Accuracy: 0.9806
[2026-05-25 10:18:52,034] Epoch 25 - Training loss: 0.016352   Test Accuracy: 0.9767
[2026-05-25 10:19:35,900] Epoch 26 - Training loss: 0.016587   Test Accuracy: 0.9800
[2026-05-25 10:20:19,746] Epoch 27 - Training loss: 0.014664   Test Accuracy: 0.9798
[2026-05-25 10:21:03,428] Epoch 28 - Training loss: 0.018744   Test Accuracy: 0.9779
[2026-05-25 10:21:44,662] Epoch 29 - Training loss: 0.020945   Test Accuracy: 0.9812
[2026-05-25 10:22:31,391] Epoch 30 - Training loss: 0.018943   Test Accuracy: 0.9767
aihwkit path:  /home/bong/analog_stress_test/aihwkit-fork/src/aihwkit/__init__.py
NeurIPS-2025/S2-mnist-FCN.py --CUDA 0 --SETTING Analog SGD --RPU EcRamMO
Using Device:  cuda:0
Logging to file: runs/MNIST-FCN/EcRamMO/Analog SGD-tau=1/events.out.tfevents.1779670770.user.575218.0

Training Time (s) = 1379.1964564323425
