# CMD: CUDA_VISIBLE_DEVICES=3 PYTHONPATH=/home/bong/analog_stress_test/analog-training SEED=3 python NeurIPS-2025/S2-mnist-FCN.py --CUDA 0 --SETTING Analog SGD --RPU EcRam
[2026-05-25 09:37:56,156] Epoch 0 - Training loss: --------   Test Accuracy: 0.0960
[2026-05-25 09:38:42,886] Epoch 1 - Training loss: 2.302024   Test Accuracy: 0.1235
[2026-05-25 09:39:30,513] Epoch 2 - Training loss: 0.435683   Test Accuracy: 0.9466
[2026-05-25 09:40:16,219] Epoch 3 - Training loss: 0.154553   Test Accuracy: 0.9491
[2026-05-25 09:41:00,080] Epoch 4 - Training loss: 0.119967   Test Accuracy: 0.9666
[2026-05-25 09:41:45,399] Epoch 5 - Training loss: 0.103361   Test Accuracy: 0.9656
[2026-05-25 09:42:29,300] Epoch 6 - Training loss: 0.089375   Test Accuracy: 0.9601
[2026-05-25 09:43:14,294] Epoch 7 - Training loss: 0.081268   Test Accuracy: 0.9675
[2026-05-25 09:43:50,319] Epoch 8 - Training loss: 0.074223   Test Accuracy: 0.9632
[2026-05-25 09:44:25,715] Epoch 9 - Training loss: 0.067665   Test Accuracy: 0.9690
[2026-05-25 09:45:03,363] Epoch 10 - Training loss: 0.061734   Test Accuracy: 0.9699
[2026-05-25 09:45:41,352] Epoch 11 - Training loss: 0.059970   Test Accuracy: 0.9652
[2026-05-25 09:46:18,946] Epoch 12 - Training loss: 0.056820   Test Accuracy: 0.9751
[2026-05-25 09:47:03,470] Epoch 13 - Training loss: 0.052419   Test Accuracy: 0.9736
[2026-05-25 09:47:45,663] Epoch 14 - Training loss: 0.048668   Test Accuracy: 0.9756
[2026-05-25 09:48:29,934] Epoch 15 - Training loss: 0.045376   Test Accuracy: 0.9716
[2026-05-25 09:49:14,037] Epoch 16 - Training loss: 0.023154   Test Accuracy: 0.9818
[2026-05-25 09:49:59,878] Epoch 17 - Training loss: 0.014326   Test Accuracy: 0.9809
[2026-05-25 09:50:44,202] Epoch 18 - Training loss: 0.012496   Test Accuracy: 0.9801
[2026-05-25 09:51:29,017] Epoch 19 - Training loss: 0.010769   Test Accuracy: 0.9799
[2026-05-25 09:52:15,953] Epoch 20 - Training loss: 0.009322   Test Accuracy: 0.9779
[2026-05-25 09:52:53,922] Epoch 21 - Training loss: 0.011548   Test Accuracy: 0.9810
[2026-05-25 09:53:31,378] Epoch 22 - Training loss: 0.008646   Test Accuracy: 0.9806
[2026-05-25 09:54:12,826] Epoch 23 - Training loss: 0.008082   Test Accuracy: 0.9750
[2026-05-25 09:54:57,527] Epoch 24 - Training loss: 0.009323   Test Accuracy: 0.9814
[2026-05-25 09:55:43,078] Epoch 25 - Training loss: 0.012507   Test Accuracy: 0.9821
[2026-05-25 09:56:29,121] Epoch 26 - Training loss: 0.009525   Test Accuracy: 0.9798
[2026-05-25 09:57:13,431] Epoch 27 - Training loss: 0.006858   Test Accuracy: 0.9803
[2026-05-25 09:57:59,043] Epoch 28 - Training loss: 0.007773   Test Accuracy: 0.9804
[2026-05-25 09:58:40,950] Epoch 29 - Training loss: 0.011231   Test Accuracy: 0.9788
[2026-05-25 09:59:25,202] Epoch 30 - Training loss: 0.010334   Test Accuracy: 0.9795
aihwkit path:  /home/bong/analog_stress_test/aihwkit-fork/src/aihwkit/__init__.py
NeurIPS-2025/S2-mnist-FCN.py --CUDA 0 --SETTING Analog SGD --RPU EcRam
Using Device:  cuda:0
Logging to file: runs/MNIST-FCN/EcRam/Analog SGD-tau=1/events.out.tfevents.1779669471.user.573156.0

Training Time (s) = 1292.1360654830933
