# CMD: CUDA_VISIBLE_DEVICES=3 PYTHONPATH=/home/bong/analog_stress_test/analog-training SEED=2 python NeurIPS-2025/S2-mnist-FCN.py --CUDA 0 --SETTING Analog SGD --RPU EcRam
[2026-05-25 09:37:16,234] Epoch 0 - Training loss: --------   Test Accuracy: 0.1010
[2026-05-25 09:37:58,082] Epoch 1 - Training loss: 2.302862   Test Accuracy: 0.1273
[2026-05-25 09:38:42,080] Epoch 2 - Training loss: 0.452939   Test Accuracy: 0.9491
[2026-05-25 09:39:25,952] Epoch 3 - Training loss: 0.156134   Test Accuracy: 0.9634
[2026-05-25 09:40:10,259] Epoch 4 - Training loss: 0.122993   Test Accuracy: 0.9647
[2026-05-25 09:40:52,137] Epoch 5 - Training loss: 0.104875   Test Accuracy: 0.9669
[2026-05-25 09:41:35,714] Epoch 6 - Training loss: 0.094615   Test Accuracy: 0.9657
[2026-05-25 09:42:19,616] Epoch 7 - Training loss: 0.081348   Test Accuracy: 0.9717
[2026-05-25 09:42:56,161] Epoch 8 - Training loss: 0.076898   Test Accuracy: 0.9651
[2026-05-25 09:43:40,117] Epoch 9 - Training loss: 0.071803   Test Accuracy: 0.9697
[2026-05-25 09:44:25,803] Epoch 10 - Training loss: 0.063210   Test Accuracy: 0.9751
[2026-05-25 09:45:04,190] Epoch 11 - Training loss: 0.061052   Test Accuracy: 0.9746
[2026-05-25 09:45:42,182] Epoch 12 - Training loss: 0.059079   Test Accuracy: 0.9698
[2026-05-25 09:46:27,144] Epoch 13 - Training loss: 0.054109   Test Accuracy: 0.9741
[2026-05-25 09:47:11,556] Epoch 14 - Training loss: 0.049373   Test Accuracy: 0.9751
[2026-05-25 09:47:58,931] Epoch 15 - Training loss: 0.053617   Test Accuracy: 0.9686
[2026-05-25 09:48:41,366] Epoch 16 - Training loss: 0.023392   Test Accuracy: 0.9789
[2026-05-25 09:49:19,005] Epoch 17 - Training loss: 0.017204   Test Accuracy: 0.9820
[2026-05-25 09:50:05,107] Epoch 18 - Training loss: 0.014947   Test Accuracy: 0.9797
[2026-05-25 09:50:49,948] Epoch 19 - Training loss: 0.013433   Test Accuracy: 0.9795
[2026-05-25 09:51:34,153] Epoch 20 - Training loss: 0.011507   Test Accuracy: 0.9816
[2026-05-25 09:52:12,329] Epoch 21 - Training loss: 0.009784   Test Accuracy: 0.9818
[2026-05-25 09:52:57,750] Epoch 22 - Training loss: 0.009769   Test Accuracy: 0.9775
[2026-05-25 09:53:37,526] Epoch 23 - Training loss: 0.008966   Test Accuracy: 0.9802
[2026-05-25 09:54:13,635] Epoch 24 - Training loss: 0.008922   Test Accuracy: 0.9798
[2026-05-25 09:54:58,350] Epoch 25 - Training loss: 0.008144   Test Accuracy: 0.9797
[2026-05-25 09:55:43,940] Epoch 26 - Training loss: 0.008816   Test Accuracy: 0.9807
[2026-05-25 09:56:19,861] Epoch 27 - Training loss: 0.006650   Test Accuracy: 0.9820
[2026-05-25 09:56:55,592] Epoch 28 - Training loss: 0.007070   Test Accuracy: 0.9801
[2026-05-25 09:57:37,366] Epoch 29 - Training loss: 0.009023   Test Accuracy: 0.9800
[2026-05-25 09:58:24,566] Epoch 30 - Training loss: 0.012606   Test Accuracy: 0.9798
aihwkit path:  /home/bong/analog_stress_test/aihwkit-fork/src/aihwkit/__init__.py
NeurIPS-2025/S2-mnist-FCN.py --CUDA 0 --SETTING Analog SGD --RPU EcRam
Using Device:  cuda:0
Logging to file: runs/MNIST-FCN/EcRam/Analog SGD-tau=1/events.out.tfevents.1779669430.user.572891.0

Training Time (s) = 1271.587409734726
