# CMD: CUDA_VISIBLE_DEVICES=3 PYTHONPATH=/home/bong/analog_stress_test/analog-training SEED=1 python NeurIPS-2025/S2-mnist-FCN.py --CUDA 0 --SETTING Analog SGD --RPU EcRam
[2026-05-25 09:14:28,877] Epoch 0 - Training loss: --------   Test Accuracy: 0.1036
[2026-05-25 09:15:18,044] Epoch 1 - Training loss: 2.302658   Test Accuracy: 0.1012
[2026-05-25 09:16:08,202] Epoch 2 - Training loss: 0.500979   Test Accuracy: 0.9427
[2026-05-25 09:16:54,883] Epoch 3 - Training loss: 0.155865   Test Accuracy: 0.9618
[2026-05-25 09:17:39,687] Epoch 4 - Training loss: 0.119346   Test Accuracy: 0.9689
[2026-05-25 09:18:23,864] Epoch 5 - Training loss: 0.104897   Test Accuracy: 0.9585
[2026-05-25 09:19:08,398] Epoch 6 - Training loss: 0.089050   Test Accuracy: 0.9707
[2026-05-25 09:19:57,286] Epoch 7 - Training loss: 0.078996   Test Accuracy: 0.9726
[2026-05-25 09:20:41,373] Epoch 8 - Training loss: 0.075538   Test Accuracy: 0.9744
[2026-05-25 09:21:27,178] Epoch 9 - Training loss: 0.068200   Test Accuracy: 0.9707
[2026-05-25 09:22:10,030] Epoch 10 - Training loss: 0.062523   Test Accuracy: 0.9753
[2026-05-25 09:22:54,435] Epoch 11 - Training loss: 0.059396   Test Accuracy: 0.9717
[2026-05-25 09:23:38,297] Epoch 12 - Training loss: 0.057201   Test Accuracy: 0.9783
[2026-05-25 09:24:15,510] Epoch 13 - Training loss: 0.052592   Test Accuracy: 0.9646
[2026-05-25 09:24:53,538] Epoch 14 - Training loss: 0.051700   Test Accuracy: 0.9739
[2026-05-25 09:25:40,044] Epoch 15 - Training loss: 0.048649   Test Accuracy: 0.9757
[2026-05-25 09:26:23,355] Epoch 16 - Training loss: 0.024041   Test Accuracy: 0.9827
[2026-05-25 09:27:10,196] Epoch 17 - Training loss: 0.016204   Test Accuracy: 0.9839
[2026-05-25 09:27:53,996] Epoch 18 - Training loss: 0.013908   Test Accuracy: 0.9814
[2026-05-25 09:28:40,570] Epoch 19 - Training loss: 0.012452   Test Accuracy: 0.9800
[2026-05-25 09:29:27,307] Epoch 20 - Training loss: 0.011263   Test Accuracy: 0.9824
[2026-05-25 09:30:14,300] Epoch 21 - Training loss: 0.010851   Test Accuracy: 0.9812
[2026-05-25 09:31:00,326] Epoch 22 - Training loss: 0.008983   Test Accuracy: 0.9801
[2026-05-25 09:31:45,038] Epoch 23 - Training loss: 0.008228   Test Accuracy: 0.9810
[2026-05-25 09:32:29,478] Epoch 24 - Training loss: 0.008797   Test Accuracy: 0.9815
[2026-05-25 09:33:15,290] Epoch 25 - Training loss: 0.009157   Test Accuracy: 0.9776
[2026-05-25 09:34:02,831] Epoch 26 - Training loss: 0.010075   Test Accuracy: 0.9763
[2026-05-25 09:34:49,390] Epoch 27 - Training loss: 0.008942   Test Accuracy: 0.9814
[2026-05-25 09:35:36,378] Epoch 28 - Training loss: 0.007556   Test Accuracy: 0.9817
[2026-05-25 09:36:21,750] Epoch 29 - Training loss: 0.008019   Test Accuracy: 0.9804
[2026-05-25 09:37:07,216] Epoch 30 - Training loss: 0.006884   Test Accuracy: 0.9804
aihwkit path:  /home/bong/analog_stress_test/aihwkit-fork/src/aihwkit/__init__.py
NeurIPS-2025/S2-mnist-FCN.py --CUDA 0 --SETTING Analog SGD --RPU EcRam
Using Device:  cuda:0
Logging to file: runs/MNIST-FCN/EcRam/Analog SGD-tau=1/events.out.tfevents.1779668063.user.570534.0

Training Time (s) = 1361.5702936649323
