# CMD: CUDA_VISIBLE_DEVICES=3 PYTHONPATH=/home/bong/analog_stress_test/analog-training SEED=3 python NeurIPS-2025/S2-mnist-FCN.py --CUDA 0 --SETTING Analog SGD --RPU EcRamMO
[2026-05-25 10:21:39,746] Epoch 0 - Training loss: --------   Test Accuracy: 0.0945
[2026-05-25 10:22:27,475] Epoch 1 - Training loss: 2.302793   Test Accuracy: 0.1135
[2026-05-25 10:23:08,811] Epoch 2 - Training loss: 1.547040   Test Accuracy: 0.9305
[2026-05-25 10:23:52,844] Epoch 3 - Training loss: 0.191585   Test Accuracy: 0.9517
[2026-05-25 10:24:38,026] Epoch 4 - Training loss: 0.128142   Test Accuracy: 0.9628
[2026-05-25 10:25:21,775] Epoch 5 - Training loss: 0.107635   Test Accuracy: 0.9644
[2026-05-25 10:26:05,269] Epoch 6 - Training loss: 0.093481   Test Accuracy: 0.9672
[2026-05-25 10:26:49,104] Epoch 7 - Training loss: 0.086065   Test Accuracy: 0.9667
[2026-05-25 10:27:32,882] Epoch 8 - Training loss: 0.080811   Test Accuracy: 0.9630
[2026-05-25 10:28:16,744] Epoch 9 - Training loss: 0.074787   Test Accuracy: 0.9691
[2026-05-25 10:29:03,563] Epoch 10 - Training loss: 0.070639   Test Accuracy: 0.9646
[2026-05-25 10:29:49,084] Epoch 11 - Training loss: 0.066610   Test Accuracy: 0.9695
[2026-05-25 10:30:32,737] Epoch 12 - Training loss: 0.064125   Test Accuracy: 0.9763
[2026-05-25 10:31:18,702] Epoch 13 - Training loss: 0.063479   Test Accuracy: 0.9738
[2026-05-25 10:32:09,895] Epoch 14 - Training loss: 0.058857   Test Accuracy: 0.9695
[2026-05-25 10:33:01,354] Epoch 15 - Training loss: 0.055861   Test Accuracy: 0.9747
[2026-05-25 10:33:45,387] Epoch 16 - Training loss: 0.029577   Test Accuracy: 0.9782
[2026-05-25 10:34:28,988] Epoch 17 - Training loss: 0.022922   Test Accuracy: 0.9796
[2026-05-25 10:35:13,140] Epoch 18 - Training loss: 0.021538   Test Accuracy: 0.9782
[2026-05-25 10:35:57,386] Epoch 19 - Training loss: 0.017709   Test Accuracy: 0.9793
[2026-05-25 10:36:41,693] Epoch 20 - Training loss: 0.019970   Test Accuracy: 0.9795
[2026-05-25 10:37:21,292] Epoch 21 - Training loss: 0.018460   Test Accuracy: 0.9814
[2026-05-25 10:37:59,307] Epoch 22 - Training loss: 0.018964   Test Accuracy: 0.9780
[2026-05-25 10:38:44,778] Epoch 23 - Training loss: 0.018089   Test Accuracy: 0.9776
[2026-05-25 10:39:29,018] Epoch 24 - Training loss: 0.019892   Test Accuracy: 0.9816
[2026-05-25 10:40:10,387] Epoch 25 - Training loss: 0.017525   Test Accuracy: 0.9796
[2026-05-25 10:40:49,390] Epoch 26 - Training loss: 0.017860   Test Accuracy: 0.9792
[2026-05-25 10:41:25,096] Epoch 27 - Training loss: 0.017567   Test Accuracy: 0.9783
[2026-05-25 10:42:00,933] Epoch 28 - Training loss: 0.020475   Test Accuracy: 0.9731
[2026-05-25 10:42:37,183] Epoch 29 - Training loss: 0.020561   Test Accuracy: 0.9780
[2026-05-25 10:43:24,940] Epoch 30 - Training loss: 0.019167   Test Accuracy: 0.9792
aihwkit path:  /home/bong/analog_stress_test/aihwkit-fork/src/aihwkit/__init__.py
NeurIPS-2025/S2-mnist-FCN.py --CUDA 0 --SETTING Analog SGD --RPU EcRamMO
Using Device:  cuda:0
Logging to file: runs/MNIST-FCN/EcRamMO/Analog SGD-tau=1/events.out.tfevents.1779672093.user.577081.0

Training Time (s) = 1308.8767669200897
