# CMD: CUDA_VISIBLE_DEVICES=3 PYTHONPATH=/home/bong/analog_stress_test/analog-training SEED=2 python NeurIPS-2025/S2-mnist-FCN.py --CUDA 0 --SETTING Analog SGD --RPU HfO2
[2026-05-25 08:50:17,300] Epoch 0 - Training loss: --------   Test Accuracy: 0.1211
[2026-05-25 08:51:02,871] Epoch 1 - Training loss: 2.233587   Test Accuracy: 0.1569
[2026-05-25 08:51:51,647] Epoch 2 - Training loss: 2.239693   Test Accuracy: 0.2121
[2026-05-25 08:52:39,061] Epoch 3 - Training loss: 2.274839   Test Accuracy: 0.1481
[2026-05-25 08:53:27,284] Epoch 4 - Training loss: 2.318420   Test Accuracy: 0.1340
[2026-05-25 08:54:15,942] Epoch 5 - Training loss: 2.312233   Test Accuracy: 0.1085
[2026-05-25 08:55:03,620] Epoch 6 - Training loss: 2.324912   Test Accuracy: 0.1025
[2026-05-25 08:55:52,156] Epoch 7 - Training loss: 2.348136   Test Accuracy: 0.1010
[2026-05-25 08:56:41,552] Epoch 8 - Training loss: 2.346183   Test Accuracy: 0.1135
[2026-05-25 08:57:30,058] Epoch 9 - Training loss: 2.337108   Test Accuracy: 0.1135
[2026-05-25 08:58:18,130] Epoch 10 - Training loss: 2.338170   Test Accuracy: 0.1135
[2026-05-25 08:59:06,347] Epoch 11 - Training loss: 2.334758   Test Accuracy: 0.1135
[2026-05-25 08:59:54,596] Epoch 12 - Training loss: 2.341257   Test Accuracy: 0.1005
[2026-05-25 09:00:42,166] Epoch 13 - Training loss: 2.330157   Test Accuracy: 0.1135
[2026-05-25 09:01:31,468] Epoch 14 - Training loss: 2.340945   Test Accuracy: 0.1135
[2026-05-25 09:02:18,329] Epoch 15 - Training loss: 2.339983   Test Accuracy: 0.1009
[2026-05-25 09:03:05,152] Epoch 16 - Training loss: 2.314209   Test Accuracy: 0.1028
[2026-05-25 09:03:53,282] Epoch 17 - Training loss: 2.317658   Test Accuracy: 0.0974
[2026-05-25 09:04:41,873] Epoch 18 - Training loss: 2.318873   Test Accuracy: 0.1135
[2026-05-25 09:05:31,206] Epoch 19 - Training loss: 2.323570   Test Accuracy: 0.1135
[2026-05-25 09:06:17,588] Epoch 20 - Training loss: 2.314009   Test Accuracy: 0.1135
[2026-05-25 09:07:07,219] Epoch 21 - Training loss: 2.322774   Test Accuracy: 0.1041
[2026-05-25 09:07:54,541] Epoch 22 - Training loss: 2.318971   Test Accuracy: 0.1028
[2026-05-25 09:08:43,345] Epoch 23 - Training loss: 2.319162   Test Accuracy: 0.0985
[2026-05-25 09:09:35,274] Epoch 24 - Training loss: 2.315084   Test Accuracy: 0.1135
[2026-05-25 09:10:24,480] Epoch 25 - Training loss: 2.315296   Test Accuracy: 0.0982
[2026-05-25 09:11:11,102] Epoch 26 - Training loss: 2.318819   Test Accuracy: 0.1135
[2026-05-25 09:11:57,218] Epoch 27 - Training loss: 2.312712   Test Accuracy: 0.1135
[2026-05-25 09:12:45,678] Epoch 28 - Training loss: 2.314491   Test Accuracy: 0.1135
[2026-05-25 09:13:34,091] Epoch 29 - Training loss: 2.305922   Test Accuracy: 0.1326
[2026-05-25 09:14:19,910] Epoch 30 - Training loss: 2.324278   Test Accuracy: 0.1135
aihwkit path:  /home/bong/analog_stress_test/aihwkit-fork/src/aihwkit/__init__.py
NeurIPS-2025/S2-mnist-FCN.py --CUDA 0 --SETTING Analog SGD --RPU HfO2
Using Device:  cuda:0
Logging to file: runs/MNIST-FCN/HfO2/Analog SGD-tau=1/events.out.tfevents.1779666611.user.568068.0

Training Time (s) = 1445.8180665969849
