# CMD: CUDA_VISIBLE_DEVICES=3 PYTHONPATH=/home/bong/analog_stress_test/analog-training SEED=1 python NeurIPS-2025/S2-mnist-FCN.py --CUDA 0 --SETTING Analog SGD --RPU HfO2
[2026-05-25 08:48:27,404] Epoch 0 - Training loss: --------   Test Accuracy: 0.1111
[2026-05-25 08:49:18,388] Epoch 1 - Training loss: 2.285411   Test Accuracy: 0.1725
[2026-05-25 08:50:11,027] Epoch 2 - Training loss: 2.319435   Test Accuracy: 0.1113
[2026-05-25 08:51:04,568] Epoch 3 - Training loss: 2.326935   Test Accuracy: 0.1873
[2026-05-25 08:51:54,122] Epoch 4 - Training loss: 2.246167   Test Accuracy: 0.0891
[2026-05-25 08:52:45,621] Epoch 5 - Training loss: 2.287081   Test Accuracy: 0.1290
[2026-05-25 08:53:34,494] Epoch 6 - Training loss: 2.273357   Test Accuracy: 0.1326
[2026-05-25 08:54:27,011] Epoch 7 - Training loss: 2.268355   Test Accuracy: 0.2863
[2026-05-25 08:55:15,637] Epoch 8 - Training loss: 2.313479   Test Accuracy: 0.2058
[2026-05-25 08:56:04,954] Epoch 9 - Training loss: 2.315263   Test Accuracy: 0.1009
[2026-05-25 08:56:53,896] Epoch 10 - Training loss: 2.327426   Test Accuracy: 0.1842
[2026-05-25 08:57:42,803] Epoch 11 - Training loss: 2.322343   Test Accuracy: 0.1019
[2026-05-25 08:58:31,845] Epoch 12 - Training loss: 2.335951   Test Accuracy: 0.1775
[2026-05-25 08:59:19,952] Epoch 13 - Training loss: 2.335024   Test Accuracy: 0.1027
[2026-05-25 09:00:09,693] Epoch 14 - Training loss: 2.322868   Test Accuracy: 0.0980
[2026-05-25 09:01:00,802] Epoch 15 - Training loss: 2.333720   Test Accuracy: 0.1135
[2026-05-25 09:01:55,414] Epoch 16 - Training loss: 2.310741   Test Accuracy: 0.1135
[2026-05-25 09:02:49,694] Epoch 17 - Training loss: 2.314082   Test Accuracy: 0.1010
[2026-05-25 09:03:38,192] Epoch 18 - Training loss: 2.310405   Test Accuracy: 0.1135
[2026-05-25 09:04:26,578] Epoch 19 - Training loss: 2.316770   Test Accuracy: 0.0973
[2026-05-25 09:05:15,824] Epoch 20 - Training loss: 2.307549   Test Accuracy: 0.1135
[2026-05-25 09:06:10,310] Epoch 21 - Training loss: 2.312344   Test Accuracy: 0.1135
[2026-05-25 09:06:59,802] Epoch 22 - Training loss: 2.309160   Test Accuracy: 0.1135
[2026-05-25 09:07:46,929] Epoch 23 - Training loss: 2.307290   Test Accuracy: 0.1501
[2026-05-25 09:08:35,318] Epoch 24 - Training loss: 2.308787   Test Accuracy: 0.1110
[2026-05-25 09:09:22,176] Epoch 25 - Training loss: 2.313394   Test Accuracy: 0.1135
[2026-05-25 09:10:12,185] Epoch 26 - Training loss: 2.308972   Test Accuracy: 0.1014
[2026-05-25 09:11:05,932] Epoch 27 - Training loss: 2.313518   Test Accuracy: 0.1013
[2026-05-25 09:12:02,720] Epoch 28 - Training loss: 2.310740   Test Accuracy: 0.0980
[2026-05-25 09:12:51,335] Epoch 29 - Training loss: 2.311901   Test Accuracy: 0.1160
[2026-05-25 09:13:39,595] Epoch 30 - Training loss: 2.313818   Test Accuracy: 0.0992
aihwkit path:  /home/bong/analog_stress_test/aihwkit-fork/src/aihwkit/__init__.py
NeurIPS-2025/S2-mnist-FCN.py --CUDA 0 --SETTING Analog SGD --RPU HfO2
Using Device:  cuda:0
Logging to file: runs/MNIST-FCN/HfO2/Analog SGD-tau=1/events.out.tfevents.1779666502.user.567750.0

Training Time (s) = 1515.6238067150116
