# CMD: CUDA_VISIBLE_DEVICES=3 PYTHONPATH=/home/bong/analog_stress_test/analog-training SEED=2 python NeurIPS-2025/S2-mnist-FCN.py --CUDA 0 --SETTING Analog SGD --RPU OM
[2026-05-25 10:43:34,169] Epoch 0 - Training loss: --------   Test Accuracy: 0.0958
[2026-05-25 10:44:21,860] Epoch 1 - Training loss: 2.136054   Test Accuracy: 0.3514
[2026-05-25 10:45:07,709] Epoch 2 - Training loss: 2.039063   Test Accuracy: 0.2390
[2026-05-25 10:45:51,481] Epoch 3 - Training loss: 2.034685   Test Accuracy: 0.2999
[2026-05-25 10:46:36,456] Epoch 4 - Training loss: 2.006838   Test Accuracy: 0.3181
[2026-05-25 10:47:22,703] Epoch 5 - Training loss: 2.040377   Test Accuracy: 0.1134
[2026-05-25 10:48:01,620] Epoch 6 - Training loss: 2.094822   Test Accuracy: 0.3433
[2026-05-25 10:48:47,155] Epoch 7 - Training loss: 2.073333   Test Accuracy: 0.2684
[2026-05-25 10:49:32,235] Epoch 8 - Training loss: 2.154403   Test Accuracy: 0.3613
[2026-05-25 10:50:18,059] Epoch 9 - Training loss: 2.125087   Test Accuracy: 0.0958
[2026-05-25 10:51:04,011] Epoch 10 - Training loss: 2.123577   Test Accuracy: 0.1871
[2026-05-25 10:51:50,948] Epoch 11 - Training loss: 2.130934   Test Accuracy: 0.1862
[2026-05-25 10:52:36,460] Epoch 12 - Training loss: 2.132805   Test Accuracy: 0.1842
[2026-05-25 10:53:24,469] Epoch 13 - Training loss: 2.164523   Test Accuracy: 0.2125
[2026-05-25 10:54:12,605] Epoch 14 - Training loss: 2.178983   Test Accuracy: 0.2376
[2026-05-25 10:54:59,272] Epoch 15 - Training loss: 2.170096   Test Accuracy: 0.2494
[2026-05-25 10:55:45,412] Epoch 16 - Training loss: 2.057202   Test Accuracy: 0.2971
[2026-05-25 10:56:30,935] Epoch 17 - Training loss: 2.098805   Test Accuracy: 0.1937
[2026-05-25 10:57:15,628] Epoch 18 - Training loss: 2.097637   Test Accuracy: 0.2796
[2026-05-25 10:58:01,636] Epoch 19 - Training loss: 2.106130   Test Accuracy: 0.2949
[2026-05-25 10:58:47,207] Epoch 20 - Training loss: 2.130982   Test Accuracy: 0.2101
[2026-05-25 10:59:34,034] Epoch 21 - Training loss: 2.141646   Test Accuracy: 0.1187
[2026-05-25 11:00:20,381] Epoch 22 - Training loss: 2.161864   Test Accuracy: 0.2940
[2026-05-25 11:01:07,418] Epoch 23 - Training loss: 2.134474   Test Accuracy: 0.2930
[2026-05-25 11:01:53,864] Epoch 24 - Training loss: 2.144049   Test Accuracy: 0.2070
[2026-05-25 11:02:40,555] Epoch 25 - Training loss: 2.137326   Test Accuracy: 0.3763
[2026-05-25 11:03:27,417] Epoch 26 - Training loss: 2.125659   Test Accuracy: 0.2935
[2026-05-25 11:04:15,229] Epoch 27 - Training loss: 2.129871   Test Accuracy: 0.2828
[2026-05-25 11:05:02,122] Epoch 28 - Training loss: 2.174058   Test Accuracy: 0.1547
[2026-05-25 11:05:49,067] Epoch 29 - Training loss: 2.123909   Test Accuracy: 0.1524
[2026-05-25 11:06:36,832] Epoch 30 - Training loss: 2.167092   Test Accuracy: 0.1724
aihwkit path:  /home/bong/analog_stress_test/aihwkit-fork/src/aihwkit/__init__.py
NeurIPS-2025/S2-mnist-FCN.py --CUDA 0 --SETTING Analog SGD --RPU OM
Using Device:  cuda:0
Logging to file: runs/MNIST-FCN/OM/Analog SGD-tau=1/events.out.tfevents.1779673409.user.579629.0

Training Time (s) = 1385.8665099143982
